<?xml version="1.0" encoding="UTF-8"?>
<testsuite name="lib.dank.markets.MarketDataIOTest" tests="1" skipped="0" failures="0" errors="0" timestamp="2021-12-26T09:05:31" hostname="DESKTOP-LSLE137" time="0.238">
  <properties/>
  <testcase name="read()" classname="lib.dank.markets.MarketDataIOTest" time="0.238"/>
  <system-out><![CDATA[org.ta4j.core.BaseBarSeries@521f16ad
]]></system-out>
  <system-err><![CDATA[SLF4J: Failed to load class "org.slf4j.impl.StaticLoggerBinder".
SLF4J: Defaulting to no-operation (NOP) logger implementation
SLF4J: See http://www.slf4j.org/codes.html#StaticLoggerBinder for further details.
]]></system-err>
</testsuite>
