<?xml version="1.0" encoding="UTF-8"?>
<testsuite name="PolygonTest" tests="1" skipped="0" failures="0" errors="0" timestamp="2021-12-22T23:07:06" hostname="DESKTOP-LSLE137" time="0.884">
  <properties/>
  <testcase name="TDank's Fun Zone()" classname="PolygonTest" time="0.884"/>
  <system-out><![CDATA[Intercepting application level
Intercepting network level
]]></system-out>
  <system-err><![CDATA[SLF4J: Failed to load class "org.slf4j.impl.StaticLoggerBinder".
SLF4J: Defaulting to no-operation (NOP) logger implementation
SLF4J: See http://www.slf4j.org/codes.html#StaticLoggerBinder for further details.
]]></system-err>
</testsuite>
