<?xml version="1.0" encoding="UTF-8"?>
<testsuite name="PolygonTest" tests="1" skipped="0" failures="0" errors="0" timestamp="2021-12-12T14:49:13" hostname="DESKTOP-LSLE137" time="0.897">
  <properties/>
  <testcase name="Test Polygon Client Impl()" classname="PolygonTest" time="0.897"/>
  <system-out><![CDATA[Intercepting application level
Intercepting network level
1m
1m
1m
1m
1m
1m
1m
1m
1m
1m
1m
1m
1m
1m
1m
1m
1m
1m
1m
1m
1m
1m
1m
1m
1m
1m
1m
1m
1m
1m
1m
1m
1m
1m
1m
1m
1m
1m
1m
1m
1m
1m
1m
1m
1m
1m
1m
1m
1m
1m
1m
1m
1m
1m
1m
1m
1m
1m
1m
1m
1m
1m
1m
1m
1m
1m
1m
1m
1m
1m
1m
1m
1m
1m
1m
1m
1m
1m
1m
1m
1m
1m
1m
1m
1m
1m
1m
1m
1m
1m
1m
1m
1m
1m
1m
1m
1m
1m
1m
1m
1m
1m
1m
1m
1m
1m
1m
1m
1m
1m
1m
1m
1m
1m
1m
1m
1m
1m
1m
1m
1m
1m
1m
1m
1m
1m
1m
1m
1m
1m
1m
1m
1m
1m
1m
1m
1m
1m
1m
1m
1m
1m
1m
1m
1m
1m
1m
1m
1m
1m
1m
1m
1m
1m
1m
1m
1m
1m
1m
1m
1m
1m
1m
1m
1m
1m
1m
1m
1m
1m
1m
1m
1m
1m
1m
1m
1m
1m
1m
1m
1m
1m
1m
1m
1m
1m
1m
1m
1m
1m
1m
1m
1m
1m
1m
1m
1m
1m
1m
1m
1m
1m
1m
1m
1m
1m
1m
1m
1m
1m
1m
1m
1m
1m
1m
1m
1m
1m
1m
1m
1m
1m
1m
1m
1m
1m
1m
1m
1m
1m
1m
1m
1m
1m
1m
1m
1m
1m
1m
1m
1m
1m
1m
1m
1m
1m
1m
1m
1m
1m
1m
1m
1m
1m
1m
1m
1m
1m
1m
1m
1m
1m
1m
1m
1m
1m
1m
1m
1m
1m
1m
1m
1m
1m
1m
1m
1m
1m
1m
1m
1m
1m
1m
1m
1m
1m
1m
1m
1m
1m
1m
1m
1m
1m
1m
1m
1m
1m
1m
1m
1m
1m
1m
1m
1m
1m
1m
1m
1m
1m
1m
1m
1m
1m
1m
1m
1m
1m
1m
1m
1m
1m
1m
1m
1m
1m
1m
1m
1m
1m
1m
1m
1m
1m
1m
1m
1m
1m
1m
1m
1m
1m
1m
1m
1m
1m
1m
1m
1m
1m
1m
1m
1m
1m
1m
1m
1m
1m
1m
1m
1m
1m
1m
1m
1m
1m
1m
1m
1m
1m
1m
1m
1m
1m
1m
1m
1m
1m
1m
1m
1m
1m
1m
1m
1m
1m
1m
1m
1m
1m
1m
1m
1m
1m
1m
1m
1m
1m
1m
1m
1m
1m
1m
1m
1m
1m
1m
1m
1m
1m
1m
1m
1m
1m
1m
1m
1m
1m
1m
1m
1m
1m
1m
1m
1m
1m
1m
1m
1m
1m
1m
1m
1m
1m
1m
1m
1m
1m
1m
1m
1m
1m
1m
1m
1m
1m
1m
1m
1m
1m
1m
1m
1m
1m
1m
1m
1m
1m
1m
1m
1m
1m
1m
1m
1m
1m
1m
1m
1m
1m
1m
1m
1m
1m
1m
1m
1m
1m
1m
1m
1m
1m
1m
1m
1m
1m
1m
1m
1m
1m
1m
1m
1m
1m
1m
1m
1m
1m
1m
1m
1m
1m
1m
1m
1m
1m
1m
1m
1m
1m
1m
1m
1m
1m
1m
1m
1m
1m
1m
1m
1m
1m
1m
1m
1m
1m
1m
1m
1m
1m
1m
1m
1m
1m
1m
1m
1m
1m
1m
1m
1m
1m
1m
1m
1m
1m
1m
1m
1m
1m
1m
1m
1m
1m
1m
1m
1m
1m
1m
1m
1m
1m
1m
1m
1m
1m
1m
1m
1m
1m
1m
1m
1m
1m
1m
1m
1m
1m
1m
1m
1m
1m
1m
1m
1m
1m
1m
1m
1m
1m
1m
1m
1m
1m
1m
1m
1m
1m
1m
1m
1m
1m
1m
1m
1m
1m
1m
1m
1m
1m
1m
1m
1m
1m
1m
1m
1m
1m
1m
1m
1m
1m
1m
1m
1m
1m
1m
1m
1m
1m
1m
1m
1m
1m
1m
1m
1m
1m
1m
1m
1m
1m
1m
1m
1m
1m
1m
1m
1m
1m
1m
1m
1m
1m
1m
1m
1m
1m
1m
1m
1m
1m
1m
1m
1m
1m
1m
1m
1m
1m
1m
1m
1m
1m
1m
1m
1m
1m
1m
1m
1m
1m
1m
1m
1m
1m
1m
1m
1m
1m
1m
1m
1m
1m
1m
1m
1m
1m
1m
1m
1m
1m
1m
1m
1m
1m
1m
1m
1m
1m
1m
1m
1m
1m
1m
1m
1m
1m
1m
1m
1m
1m
1m
1m
1m
1m
1m
1m
1m
1m
1m
1m
1m
1m
1m
1m
1m
1m
1m
1m
1m
1m
1m
1m
1m
1m
1m
1m
1m
1m
1m
1m
1m
1m
1m
1m
1m
1m
1m
1m
1m
1m
1m
1m
1m
1m
1m
1m
1m
1m
1m
1m
1m
1m
1m
1m
1m
1m
1m
1m
1m
1m
1m
1m
1m
1m
1m
1m
1m
1m
1m
1m
1m
1m
1m
1m
1m
1m
1m
1m
1m
1m
1m
1m
1m
1m
1m
1m
1m
1m
1m
1m
1m
1m
1m
1m
1m
1m
1m
1m
1m
1m
1m
1m
1m
1m
1m
1m
1m
1m
1m
1m
1m
1m
1m
1m
1m
1m
1m
1m
1m
1m
1m
1m
1m
1m
1m
1m
1m
1m
1m
1m
1m
1m
1m
1m
1m
1m
1m
1m
1m
1m
1m
1m
1m
1m
1m
1m
1m
1m
1m
1m
1m
1m
1m
1m
1m
1m
1m
1m
1m
1m
1m
1m
1m
1m
1m
1m
1m
1m
1m
1m
1m
1m
1m
1m
1m
1m
1m
1m
1m
1m
1m
1m
1m
1m
1m
1m
1m
1m
1m
1m
1m
1m
1m
1m
1m
1m
1m
1m
1m
1m
1m
1m
1m
1m
1m
1m
1m
1m
1m
1m
1m
1m
1m
1m
1m
1m
1m
1m
1m
1m
1m
1m
1m
1m
1m
1m
1m
1m
1m
1m
1m
1m
1m
1m
1m
1m
1m
1m
1m
1m
1m
1m
1m
1m
1m
1m
1m
1m
1m
1m
1m
1m
1m
1m
1m
1m
1m
1m
1m
1m
1m
1m
1m
1m
1m
1m
1m
1m
1m
1m
1m
1m
1m
1m
1m
1m
1m
1m
1m
1m
1m
1m
1m
1m
1m
1m
1m
1m
1m
1m
1m
1m
1m
1m
1m
1m
1m
1m
1m
1m
1m
1m
1m
1m
1m
1m
1m
1m
1m
1m
1m
1m
1m
1m
1m
1m
1m
1m
1m
1m
1m
1m
1m
1m
1m
1m
1m
1m
1m
1m
1m
1m
1m
1m
1m
1m
1m
1m
1m
1m
1m
1m
1m
1m
1m
1m
1m
1m
1m
1m
1m
1m
1m
1m
1m
1m
1m
1m
1m
1m
1m
1m
1m
1m
1m
1m
1m
1m
1m
1m
1m
1m
1m
1m
1m
1m
1m
1m
1m
1m
1m
1m
1m
1m
1m
1m
1m
1m
1m
1m
1m
1m
1m
1m
1m
1m
1m
1m
1m
1m
1m
1m
1m
1m
1m
1m
1m
1m
1m
1m
1m
1m
1m
1m
1m
1m
1m
1m
1m
1m
1m
1m
1m
1m
1m
1m
1m
1m
1m
1m
1m
1m
1m
1m
1m
1m
1m
1m
1m
1m
1m
1m
1m
1m
1m
1m
1m
1m
1m
1m
1m
1m
1m
1m
1m
1m
1m
1m
1m
1m
1m
1m
1m
1m
1m
1m
1m
1m
1m
1m
1m
1m
1m
1m
1m
1m
1m
1m
1m
1m
1m
1m
1m
1m
1m
1m
1m
1m
1m
1m
1m
1m
1m
1m
1m
1m
1m
1m
1m
1m
1m
1m
1m
1m
1m
1m
1m
1m
1m
1m
1m
1m
1m
1m
1m
1m
1m
1m
1m
1m
1m
1m
1m
1m
1m
1m
1m
1m
1m
1m
1m
1m
1m
1m
1m
1m
1m
1m
1m
1m
1m
1m
1m
1m
1m
1m
1m
1m
1m
1m
1m
1m
1m
1m
1m
1m
1m
1m
1m
1m
1m
1m
1m
1m
1m
1m
1m
1m
1m
1m
1m
1m
1m
1m
1m
1m
1m
1m
1m
1m
1m
1m
1m
1m
1m
1m
1m
1m
1m
1m
1m
1m
1m
1m
1m
1m
1m
1m
1m
1m
1m
1m
1m
1m
1m
1m
1m
1m
1m
1m
1m
1m
1m
1m
1m
1m
1m
1m
1m
1m
1m
1m
1m
1m
1m
1m
1m
1m
1m
1m
1m
1m
1m
1m
1m
1m
1m
1m
1m
1m
1m
1m
1m
1m
1m
1m
1m
1m
1m
1m
1m
1m
1m
1m
1m
1m
1m
1m
1m
1m
1m
1m
1m
1m
1m
1m
1m
1m
1m
1m
1m
1m
1m
1m
1m
1m
1m
1m
1m
1m
1m
1m
1m
1m
1m
1m
1m
1m
1m
1m
1m
1m
1m
1m
1m
1m
1m
1m
1m
1m
1m
1m
1m
1m
1m
1m
1m
1m
1m
1m
1m
1m
1m
1m
1m
1m
1m
1m
1m
1m
1m
1m
1m
1m
1m
1m
1m
1m
1m
1m
1m
1m
1m
1m
1m
1m
1m
1m
1m
1m
1m
1m
1m
1m
1m
1m
1m
1m
1m
1m
1m
1m
1m
1m
1m
1m
1m
1m
1m
1m
1m
1m
1m
1m
1m
1m
1m
1m
1m
1m
1m
1m
1m
1m
1m
1m
1m
1m
1m
1m
1m
1m
1m
1m
1m
1m
1m
1m
1m
1m
1m
1m
1m
1m
1m
1m
1m
1m
1m
1m
1m
1m
1m
1m
1m
1m
1m
1m
1m
1m
1m
1m
1m
1m
1m
1m
1m
1m
1m
1m
1m
1m
1m
1m
1m
1m
1m
1m
1m
1m
1m
1m
1m
1m
1m
1m
1m
1m
1m
1m
1m
1m
1m
1m
1m
1m
1m
1m
1m
1m
1m
1m
1m
1m
1m
1m
1m
1m
1m
1m
1m
1m
1m
1m
1m
1m
1m
1m
1m
1m
1m
1m
1m
1m
1m
1m
1m
1m
1m
1m
1m
1m
1m
1m
1m
1m
1m
1m
1m
1m
1m
1m
1m
1m
1m
1m
1m
1m
1m
1m
1m
1m
1m
1m
1m
1m
1m
1m
1m
1m
1m
1m
1m
1m
1m
1m
1m
1m
1m
1m
1m
1m
1m
1m
1m
1m
1m
1m
1m
1m
1m
1m
1m
1m
1m
1m
1m
1m
1m
1m
1m
1m
1m
1m
1m
1m
1m
1m
1m
1m
1m
1m
1m
1m
1m
1m
1m
1m
1m
1m
1m
1m
1m
1m
1m
1m
1m
1m
1m
1m
1m
1m
1m
1m
1m
1m
1m
1m
1m
1m
1m
1m
1m
1m
1m
1m
1m
1m
1m
1m
1m
1m
1m
1m
1m
1m
1m
1m
1m
1m
1m
1m
1m
1m
1m
1m
1m
1m
1m
1m
1m
1m
1m
1m
1m
1m
1m
1m
1m
1m
1m
1m
1m
1m
1m
1m
1m
1m
1m
1m
1m
1m
1m
1m
1m
1m
1m
1m
1m
1m
1m
1m
1m
1m
1m
1m
1m
1m
1m
1m
1m
1m
1m
1m
1m
1m
1m
1m
1m
1m
1m
1m
1m
1m
1m
1m
1m
1m
1m
1m
1m
1m
1m
1m
1m
1m
1m
1m
1m
1m
1m
1m
1m
1m
1m
1m
1m
1m
1m
1m
1m
1m
1m
1m
1m
1m
1m
1m
1m
1m
1m
1m
1m
1m
1m
1m
1m
1m
1m
1m
1m
1m
1m
1m
1m
1m
1m
1m
1m
1m
1m
1m
1m
1m
1m
1m
1m
1m
1m
1m
1m
1m
1m
1m
1m
1m
1m
1m
1m
1m
1m
1m
1m
1m
1m
1m
1m
1m
1m
1m
1m
1m
1m
1m
1m
1m
1m
1m
1m
1m
1m
1m
1m
1m
1m
1m
1m
1m
1m
1m
1m
1m
1m
1m
1m
1m
1m
1m
1m
1m
1m
1m
1m
1m
1m
1m
1m
1m
1m
1m
1m
1m
1m
1m
1m
1m
1m
1m
1m
1m
1m
1m
1m
1m
1m
1m
1m
1m
1m
1m
1m
1m
1m
1m
1m
1m
1m
1m
1m
1m
1m
1m
1m
1m
1m
1m
1m
1m
1m
1m
1m
1m
1m
1m
1m
1m
1m
1m
1m
1m
1m
1m
1m
1m
1m
1m
1m
1m
1m
1m
1m
1m
1m
1m
1m
1m
1m
1m
1m
1m
1m
1m
1m
1m
1m
1m
1m
1m
1m
1m
1m
1m
1m
1m
1m
1m
1m
1m
1m
1m
1m
1m
1m
1m
1m
1m
1m
1m
1m
1m
1m
1m
1m
1m
1m
1m
1m
1m
1m
1m
1m
1m
1m
1m
1m
1m
1m
1m
1m
1m
1m
1m
1m
1m
1m
1m
1m
1m
1m
1m
1m
1m
1m
1m
1m
1m
1m
1m
1m
1m
1m
1m
1m
1m
1m
1m
1m
1m
1m
1m
1m
1m
1m
1m
1m
1m
1m
1m
1m
1m
1m
1m
1m
1m
1m
1m
1m
1m
1m
1m
1m
1m
1m
1m
1m
1m
1m
1m
1m
1m
1m
1m
1m
1m
1m
1m
1m
1m
1m
1m
1m
1m
1m
1m
1m
1m
1m
1m
1m
1m
1m
1m
1m
1m
1m
1m
1m
1m
1m
1m
1m
1m
1m
1m
1m
1m
1m
1m
1m
1m
1m
1m
1m
1m
1m
1m
1m
1m
1m
1m
1m
1m
1m
1m
1m
1m
1m
1m
1m
1m
1m
1m
1m
1m
1m
1m
1m
1m
1m
1m
1m
1m
1m
1m
1m
1m
1m
1m
1m
1m
1m
1m
1m
1m
1m
1m
1m
1m
1m
1m
1m
1m
1m
1m
1m
1m
1m
1m
1m
1m
1m
1m
1m
1m
1m
1m
1m
1m
1m
1m
1m
1m
1m
1m
1m
1m
1m
1m
1m
1m
1m
1m
1m
1m
1m
1m
1m
1m
1m
1m
1m
1m
1m
1m
1m
1m
1m
1m
1m
1m
1m
1m
1m
1m
1m
1m
1m
1m
1m
1m
1m
1m
1m
1m
1m
1m
1m
1m
1m
1m
1m
1m
1m
1m
1m
1m
1m
1m
1m
1m
1m
1m
1m
1m
1m
1m
1m
1m
1m
1m
1m
1m
1m
1m
1m
1m
1m
1m
1m
1m
1m
1m
1m
1m
1m
1m
1m
1m
1m
1m
1m
1m
1m
1m
1m
1m
1m
1m
1m
1m
1m
1m
1m
1m
1m
1m
1m
1m
1m
1m
1m
1m
1m
1m
1m
1m
1m
1m
1m
1m
1m
1m
1m
1m
1m
1m
1m
1m
1m
1m
1m
1m
1m
1m
1m
1m
1m
1m
1m
1m
1m
1m
1m
1m
1m
1m
1m
1m
1m
1m
1m
1m
1m
1m
1m
1m
1m
1m
1m
1m
1m
1m
1m
1m
1m
1m
1m
1m
1m
1m
1m
1m
1m
1m
1m
1m
1m
1m
1m
1m
1m
1m
1m
1m
1m
1m
1m
1m
1m
1m
1m
1m
1m
1m
1m
1m
1m
1m
1m
1m
1m
1m
1m
1m
1m
1m
1m
1m
1m
1m
1m
1m
1m
1m
1m
1m
1m
1m
1m
1m
1m
1m
1m
1m
1m
1m
1m
1m
1m
1m
1m
1m
1m
1m
1m
1m
1m
1m
1m
1m
1m
1m
1m
1m
1m
1m
1m
1m
1m
1m
1m
1m
1m
1m
1m
1m
1m
1m
1m
1m
1m
1m
1m
1m
1m
1m
1m
1m
1m
1m
1m
1m
1m
1m
1m
1m
1m
1m
1m
1m
1m
1m
1m
1m
1m
1m
1m
1m
1m
1m
1m
1m
1m
1m
1m
1m
1m
1m
1m
1m
1m
1m
1m
1m
1m
1m
1m
1m
1m
1m
1m
1m
1m
1m
1m
1m
1m
1m
1m
1m
1m
1m
1m
1m
1m
1m
1m
1m
1m
1m
1m
1m
1m
1m
1m
1m
1m
1m
1m
1m
1m
1m
1m
1m
1m
1m
1m
1m
1m
1m
1m
1m
1m
1m
1m
1m
1m
1m
1m
1m
1m
1m
1m
1m
1m
1m
1m
1m
1m
1m
1m
1m
1m
1m
1m
1m
1m
1m
1m
1m
1m
1m
1m
1m
1m
1m
1m
1m
1m
1m
1m
1m
1m
1m
1m
1m
1m
1m
1m
1m
1m
1m
1m
1m
1m
1m
1m
1m
1m
1m
1m
1m
1m
1m
1m
1m
1m
1m
1m
1m
1m
1m
1m
1m
1m
1m
1m
1m
1m
1m
1m
1m
1m
1m
1m
1m
1m
1m
1m
1m
1m
1m
1m
1m
1m
1m
1m
1m
1m
1m
1m
1m
1m
1m
1m
1m
1m
1m
1m
1m
1m
1m
1m
1m
1m
1m
1m
1m
1m
1m
1m
1m
1m
1m
1m
1m
1m
1m
1m
1m
1m
1m
1m
1m
1m
1m
1m
1m
1m
1m
1m
1m
1m
1m
1m
1m
1m
1m
1m
1m
1m
1m
1m
1m
1m
1m
1m
1m
1m
1m
1m
1m
1m
1m
1m
1m
1m
1m
1m
1m
1m
1m
1m
1m
1m
1m
1m
1m
1m
1m
1m
1m
1m
1m
1m
1m
1m
1m
1m
1m
1m
1m
1m
1m
1m
1m
1m
1m
1m
1m
1m
1m
1m
1m
1m
1m
1m
1m
1m
1m
1m
1m
1m
1m
1m
1m
1m
1m
1m
1m
1m
1m
1m
1m
1m
1m
1m
1m
1m
1m
1m
1m
1m
1m
1m
1m
1m
1m
1m
1m
1m
1m
1m
1m
1m
1m
1m
1m
1m
1m
1m
1m
1m
1m
1m
1m
1m
1m
1m
1m
1m
1m
1m
1m
1m
1m
1m
1m
1m
1m
1m
1m
1m
1m
1m
1m
1m
1m
1m
1m
1m
1m
1m
1m
1m
1m
1m
1m
1m
1m
1m
1m
1m
1m
1m
1m
1m
1m
1m
1m
1m
1m
1m
1m
1m
1m
1m
1m
1m
1m
1m
1m
1m
1m
1m
1m
1m
1m
1m
1m
1m
1m
1m
1m
1m
1m
1m
1m
1m
1m
1m
1m
1m
1m
1m
1m
1m
1m
1m
1m
1m
1m
1m
1m
1m
1m
1m
1m
1m
1m
1m
1m
1m
1m
1m
1m
1m
1m
1m
1m
1m
1m
1m
1m
1m
1m
1m
1m
1m
1m
1m
1m
1m
1m
1m
1m
1m
1m
1m
1m
1m
1m
1m
1m
1m
1m
1m
1m
1m
1m
1m
1m
1m
1m
1m
1m
1m
1m
1m
1m
1m
1m
1m
1m
1m
1m
1m
1m
1m
1m
1m
1m
1m
1m
1m
1m
1m
1m
1m
1m
1m
1m
1m
1m
1m
1m
1m
1m
1m
1m
1m
1m
1m
1m
1m
1m
1m
1m
1m
1m
1m
1m
1m
1m
1m
1m
1m
1m
1m
1m
1m
1m
1m
1m
1m
1m
1m
1m
1m
1m
1m
1m
1m
1m
1m
1m
1m
1m
1m
1m
1m
1m
1m
1m
1m
1m
1m
1m
1m
1m
1m
1m
1m
1m
1m
1m
1m
1m
1m
1m
1m
1m
1m
1m
1m
1m
1m
1m
1m
1m
1m
1m
1m
1m
1m
1m
1m
1m
1m
1m
1m
1m
1m
1m
1m
1m
1m
1m
1m
1m
1m
1m
1m
1m
1m
1m
1m
1m
1m
1m
1m
1m
1m
1m
1m
1m
1m
1m
1m
1m
1m
1m
1m
1m
1m
1m
1m
1m
1m
1m
1m
1m
1m
1m
1m
1m
1m
1m
1m
1m
1m
1m
1m
1m
1m
1m
1m
1m
1m
1m
1m
1m
1m
1m
1m
1m
1m
1m
1m
1m
1m
1m
1m
1m
1m
1m
1m
1m
1m
1m
1m
1m
1m
1m
1m
1m
1m
1m
1m
1m
1m
1m
1m
1m
1m
1m
1m
1m
1m
1m
1m
1m
1m
1m
1m
1m
1m
1m
1m
1m
1m
1m
1m
1m
1m
1m
1m
1m
1m
1m
1m
1m
1m
1m
1m
1m
1m
1m
1m
1m
1m
1m
1m
1m
1m
1m
1m
1m
1m
1m
1m
1m
1m
1m
1m
1m
1m
1m
1m
1m
1m
1m
1m
1m
1m
1m
1m
1m
1m
1m
1m
1m
1m
1m
1m
1m
1m
1m
1m
1m
1m
1m
1m
1m
1m
1m
1m
1m
1m
1m
1m
1m
1m
1m
1m
1m
1m
1m
1m
1m
1m
1m
1m
1m
1m
1m
1m
1m
1m
1m
1m
1m
1m
1m
1m
1m
1m
1m
1m
1m
1m
1m
1m
1m
1m
1m
1m
1m
1m
1m
1m
1m
1m
1m
1m
1m
1m
1m
1m
1m
1m
1m
1m
1m
1m
1m
1m
1m
1m
1m
1m
1m
1m
1m
1m
1m
1m
1m
1m
1m
1m
1m
1m
1m
1m
1m
1m
1m
1m
1m
1m
1m
1m
1m
1m
1m
1m
1m
1m
1m
1m
1m
1m
1m
1m
1m
1m
1m
1m
1m
1m
1m
1m
1m
1m
1m
1m
1m
1m
1m
1m
1m
1m
1m
1m
1m
1m
1m
1m
1m
1m
1m
1m
1m
1m
1m
1m
1m
1m
1m
1m
1m
1m
1m
1m
1m
1m
1m
1m
1m
1m
1m
1m
1m
1m
1m
1m
1m
1m
1m
1m
1m
1m
1m
1m
1m
1m
1m
1m
1m
1m
1m
1m
1m
1m
1m
1m
1m
1m
1m
1m
1m
1m
1m
1m
1m
1m
1m
1m
1m
1m
1m
1m
1m
1m
1m
1m
1m
1m
1m
1m
1m
1m
1m
1m
1m
1m
1m
1m
1m
1m
1m
1m
1m
1m
1m
1m
1m
1m
1m
1m
1m
1m
1m
1m
1m
1m
1m
1m
1m
1m
1m
1m
1m
1m
1m
1m
1m
1m
1m
1m
1m
1m
1m
1m
1m
1m
1m
1m
1m
1m
1m
1m
1m
1m
1m
1m
1m
1m
1m
1m
1m
1m
1m
1m
1m
1m
1m
1m
1m
1m
1m
1m
1m
1m
1m
1m
1m
1m
1m
1m
1m
1m
1m
1m
1m
1m
1m
1m
1m
1m
1m
1m
1m
1m
1m
1m
1m
1m
1m
1m
1m
1m
1m
1m
1m
1m
1m
1m
1m
1m
1m
1m
1m
1m
1m
1m
1m
1m
1m
1m
1m
1m
1m
1m
1m
1m
1m
1m
1m
1m
1m
1m
1m
1m
1m
1m
1m
1m
1m
1m
1m
1m
1m
1m
1m
1m
1m
1m
1m
1m
1m
1m
1m
1m
1m
1m
1m
1m
1m
1m
1m
1m
1m
1m
1m
1m
1m
1m
1m
1m
1m
1m
1m
1m
1m
1m
1m
1m
1m
1m
1m
1m
1m
1m
1m
1m
1m
1m
1m
1m
1m
1m
1m
1m
1m
1m
1m
1m
1m
1m
1m
1m
1m
1m
1m
1m
1m
1m
1m
1m
1m
1m
1m
1m
1m
1m
1m
1m
1m
1m
1m
1m
1m
1m
1m
1m
1m
1m
1m
1m
1m
1m
1m
1m
1m
1m
1m
1m
1m
1m
1m
1m
1m
1m
1m
1m
1m
1m
1m
1m
1m
1m
1m
1m
1m
1m
1m
1m
1m
1m
1m
1m
1m
1m
1m
1m
1m
1m
1m
1m
1m
1m
1m
1m
1m
1m
1m
1m
1m
1m
1m
1m
1m
1m
1m
1m
1m
1m
1m
1m
1m
1m
1m
1m
1m
1m
1m
1m
1m
1m
1m
1m
1m
1m
1m
1m
1m
1m
1m
1m
1m
1m
1m
1m
1m
1m
1m
1m
1m
1m
1m
1m
1m
1m
1m
1m
1m
1m
1m
1m
1m
1m
1m
1m
1m
1m
1m
1m
1m
1m
1m
1m
1m
1m
1m
1m
1m
1m
1m
1m
1m
1m
1m
1m
1m
1m
1m
1m
1m
1m
1m
1m
1m
1m
1m
1m
1m
1m
1m
1m
1m
1m
1m
1m
1m
1m
1m
1m
1m
1m
1m
1m
1m
1m
1m
1m
1m
1m
1m
1m
1m
1m
1m
1m
1m
1m
1m
1m
1m
1m
1m
1m
1m
1m
1m
1m
1m
1m
1m
1m
1m
1m
1m
1m
1m
1m
1m
1m
1m
1m
1m
1m
1m
1m
1m
1m
1m
1m
1m
1m
1m
1m
1m
1m
1m
1m
1m
1m
1m
1m
1m
1m
1m
1m
1m
1m
1m
1m
1m
1m
1m
1m
1m
1m
1m
1m
1m
1m
1m
1m
1m
1m
1m
1m
1m
1m
1m
1m
1m
1m
1m
1m
1m
1m
1m
1m
1m
1m
1m
1m
1m
1m
1m
1m
1m
1m
1m
1m
1m
1m
1m
1m
1m
1m
1m
1m
1m
1m
1m
1m
1m
1m
1m
1m
1m
1m
1m
1m
1m
1m
1m
1m
1m
1m
1m
1m
1m
1m
1m
1m
1m
1m
1m
1m
1m
1m
1m
1m
1m
1m
1m
1m
1m
1m
1m
1m
1m
1m
1m
1m
1m
1m
1m
1m
1m
1m
1m
1m
1m
1m
1m
1m
1m
1m
1m
1m
1m
1m
1m
1m
1m
1m
1m
1m
1m
1m
1m
1m
1m
1m
1m
1m
1m
1m
1m
1m
1m
1m
1m
1m
1m
1m
1m
1m
1m
1m
1m
1m
1m
1m
1m
1m
1m
1m
1m
1m
1m
1m
1m
1m
1m
1m
1m
1m
1m
1m
1m
1m
1m
1m
1m
1m
1m
1m
1m
1m
1m
1m
1m
1m
1m
1m
1m
1m
1m
1m
1m
1m
1m
1m
1m
1m
1m
1m
1m
1m
1m
1m
1m
1m
1m
1m
1m
1m
1m
1m
1m
1m
1m
1m
1m
1m
1m
1m
1m
1m
1m
1m
1m
1m
1m
1m
1m
1m
1m
1m
1m
1m
1m
1m
1m
1m
1m
1m
1m
1m
1m
1m
1m
1m
1m
1m
1m
1m
1m
1m
1m
1m
1m
1m
1m
1m
1m
1m
1m
1m
1m
1m
1m
1m
1m
1m
1m
1m
1m
1m
1m
1m
1m
1m
1m
1m
1m
1m
1m
1m
1m
1m
1m
1m
1m
1m
1m
1m
1m
1m
1m
1m
1m
1m
1m
1m
1m
1m
1m
1m
1m
1m
1m
1m
1m
1m
1m
1m
1m
1m
1m
1m
1m
1m
1m
1m
1m
1m
1m
1m
1m
1m
1m
1m
1m
1m
1m
1m
1m
1m
1m
1m
1m
1m
1m
1m
1m
1m
1m
1m
1m
1m
1m
1m
1m
1m
1m
1m
1m
1m
1m
1m
1m
1m
1m
1m
1m
1m
1m
1m
1m
1m
1m
1m
1m
1m
1m
1m
1m
1m
1m
1m
1m
1m
1m
1m
1m
1m
1m
1m
1m
1m
1m
1m
1m
1m
1m
1m
1m
1m
1m
1m
1m
1m
1m
1m
1m
1m
1m
1m
1m
1m
1m
1m
1m
1m
1m
1m
1m
1m
1m
1m
1m
1m
1m
1m
1m
1m
1m
1m
1m
1m
1m
1m
1m
1m
1m
1m
1m
1m
1m
1m
1m
1m
1m
1m
1m
1m
1m
1m
1m
1m
1m
1m
1m
1m
1m
1m
1m
1m
1m
1m
1m
1m
1m
1m
1m
1m
1m
1m
1m
1m
1m
1m
1m
1m
1m
1m
1m
1m
1m
1m
1m
1m
1m
1m
1m
1m
1m
1m
1m
1m
1m
1m
1m
1m
1m
1m
1m
1m
1m
1m
1m
1m
1m
1m
1m
1m
1m
1m
1m
1m
1m
1m
1m
1m
1m
1m
1m
1m
1m
1m
1m
1m
1m
1m
1m
1m
1m
1m
1m
1m
1m
1m
1m
1m
1m
1m
1m
1m
1m
1m
1m
1m
1m
1m
1m
1m
1m
1m
1m
1m
1m
1m
1m
1m
1m
1m
1m
1m
1m
1m
1m
1m
1m
1m
1m
1m
1m
1m
1m
1m
1m
1m
1m
1m
1m
1m
1m
1m
1m
1m
1m
1m
1m
1m
1m
1m
1m
1m
1m
1m
1m
1m
1m
1m
1m
1m
1m
1m
1m
1m
1m
1m
1m
1m
1m
1m
1m
1m
1m
1m
1m
1m
1m
1m
1m
1m
1m
1m
1m
1m
1m
1m
1m
1m
1m
1m
1m
1m
1m
1m
1m
1m
1m
1m
1m
1m
1m
1m
1m
1m
1m
1m
1m
1m
1m
1m
1m
1m
1m
1m
1m
1m
1m
1m
1m
1m
1m
1m
1m
1m
1m
1m
1m
1m
1m
1m
1m
1m
1m
1m
1m
1m
1m
1m
1m
1m
1m
1m
1m
1m
1m
1m
1m
1m
1m
1m
1m
1m
1m
1m
1m
1m
1m
1m
1m
1m
1m
1m
1m
1m
1m
1m
1m
1m
1m
1m
1m
1m
1m
1m
1m
1m
1m
1m
1m
1m
1m
1m
1m
1m
1m
1m
1m
1m
1m
1m
1m
1m
1m
1m
1m
1m
1m
1m
1m
1m
1m
1m
1m
1m
1m
1m
1m
1m
1m
1m
1m
1m
1m
1m
1m
1m
1m
1m
1m
1m
1m
1m
1m
1m
1m
1m
1m
1m
1m
1m
1m
1m
1m
1m
1m
1m
1m
1m
1m
1m
1m
1m
1m
1m
1m
1m
1m
1m
1m
1m
1m
1m
1m
1m
1m
1m
1m
1m
1m
1m
1m
1m
1m
1m
1m
1m
1m
1m
1m
1m
1m
1m
1m
1m
1m
1m
1m
1m
1m
1m
1m
1m
1m
1m
1m
1m
1m
1m
1m
1m
1m
1m
1m
1m
1m
1m
1m
1m
1m
1m
1m
1m
1m
1m
1m
1m
1m
1m
1m
1m
1m
1m
1m
1m
1m
1m
1m
1m
1m
1m
1m
1m
1m
1m
1m
1m
1m
1m
1m
1m
1m
1m
1m
1m
1m
1m
1m
1m
1m
1m
1m
1m
1m
1m
1m
1m
1m
1m
1m
1m
1m
1m
1m
1m
1m
1m
1m
1m
1m
1m
1m
1m
1m
1m
1m
1m
1m
1m
1m
1m
1m
1m
1m
1m
1m
1m
1m
1m
1m
1m
1m
1m
1m
1m
1m
1m
1m
1m
1m
1m
1m
1m
1m
1m
1m
1m
1m
1m
1m
1m
1m
1m
1m
1m
1m
1m
1m
1m
1m
1m
1m
1m
1m
1m
1m
1m
1m
1m
1m
1m
1m
1m
1m
1m
1m
1m
1m
1m
1m
1m
1m
1m
1m
1m
1m
1m
1m
1m
1m
1m
1m
1m
1m
1m
1m
1m
1m
1m
1m
1m
1m
1m
1m
1m
1m
1m
1m
1m
1m
1m
1m
1m
1m
1m
1m
1m
1m
1m
1m
1m
1m
1m
1m
1m
1m
1m
1m
1m
1m
1m
1m
1m
1m
1m
1m
1m
1m
1m
1m
1m
1m
1m
1m
1m
1m
1m
1m
1m
1m
1m
1m
1m
1m
1m
1m
1m
1m
1m
1m
1m
1m
1m
1m
1m
1m
1m
1m
1m
1m
1m
1m
1m
1m
1m
1m
1m
1m
1m
1m
1m
1m
1m
1m
1m
1m
1m
1m
1m
1m
1m
1m
1m
1m
1m
1m
1m
1m
1m
1m
1m
1m
1m
1m
1m
1m
1m
1m
1m
1m
1m
1m
1m
1m
1m
1m
1m
1m
1m
1m
1m
1m
1m
1m
1m
1m
1m
1m
1m
1m
1m
1m
1m
1m
1m
1m
1m
1m
1m
1m
1m
1m
1m
1m
1m
1m
1m
1m
1m
1m
1m
1m
1m
1m
]]></system-out>
  <system-err><![CDATA[]]></system-err>
</testsuite>
