<?xml version="1.0" encoding="UTF-8"?>
<testsuite name="lib.dank.markets.MarketDataIOTest" tests="3" skipped="0" failures="0" errors="0" timestamp="2021-12-26T20:23:20" hostname="DESKTOP-LSLE137" time="3.911">
  <properties/>
  <testcase name="read()" classname="lib.dank.markets.MarketDataIOTest" time="0.385"/>
  <testcase name="write()" classname="lib.dank.markets.MarketDataIOTest" time="3.452"/>
  <testcase name="toBarSeries()" classname="lib.dank.markets.MarketDataIOTest" time="0.073"/>
  <system-out><![CDATA[{"volume":"46680.0","ticker":"AAPL","high":"290.44","amount":"290.3898","period":"PT1M","low":"290.3449","multiplier":"1","beginTime":"1640549860","endTime":"2019-12-27T15:17-05:00[America/New_York]","close":"290.375","open":"290.3469"}
{"volume":"18263.0","ticker":"AAPL","high":"290.38","amount":"290.3531","period":"PT1M","low":"290.32","multiplier":"1","beginTime":"1640549862","endTime":"2019-12-27T15:18-05:00[America/New_York]","close":"290.32","open":"290.37"}
{"volume":"28108.0","ticker":"AAPL","high":"290.33","amount":"290.3026","period":"PT1M","low":"290.25","multiplier":"1","beginTime":"1640549862","endTime":"2019-12-27T15:19-05:00[America/New_York]","close":"290.3244","open":"290.3101"}
{"volume":"52963.0","ticker":"AAPL","high":"290.367","amount":"290.281","period":"PT1M","low":"290.2","multiplier":"1","beginTime":"1640549862","endTime":"2019-12-27T15:20-05:00[America/New_York]","close":"290.2401","open":"290.3101"}
{"volume":"54704.0","ticker":"AAPL","high":"290.2498","amount":"290.1406","period":"PT1M","low":"290.05","multiplier":"1","beginTime":"1640549862","endTime":"2019-12-27T15:21-05:00[America/New_York]","close":"290.07","open":"290.2319"}
{"volume":"76499.0","ticker":"AAPL","high":"290.1199","amount":"290.011","period":"PT1M","low":"289.91","multiplier":"1","beginTime":"1640549862","endTime":"2019-12-27T15:22-05:00[America/New_York]","close":"289.91","open":"290.0721"}
{"volume":"58861.0","ticker":"AAPL","high":"289.9298","amount":"289.8253","period":"PT1M","low":"289.74","multiplier":"1","beginTime":"1640549862","endTime":"2019-12-27T15:23-05:00[America/New_York]","close":"289.84","open":"289.9293"}
{"volume":"51287.0","ticker":"AAPL","high":"289.87","amount":"289.7903","period":"PT1M","low":"289.69","multiplier":"1","beginTime":"1640549862","endTime":"2019-12-27T15:24-05:00[America/New_York]","close":"289.6901","open":"289.84"}
{"volume":"60009.0","ticker":"AAPL","high":"289.8044","amount":"289.7187","period":"PT1M","low":"289.64","multiplier":"1","beginTime":"1640549862","endTime":"2019-12-27T15:25-05:00[America/New_York]","close":"289.64","open":"289.6966"}
{"volume":"65975.0","ticker":"AAPL","high":"289.71","amount":"289.6171","period":"PT1M","low":"289.51","multiplier":"1","beginTime":"1640549862","endTime":"2019-12-27T15:26-05:00[America/New_York]","close":"289.595","open":"289.64"}
{"volume":"64487.0","ticker":"AAPL","high":"289.63","amount":"289.514","period":"PT1M","low":"289.42","multiplier":"1","beginTime":"1640549862","endTime":"2019-12-27T15:27-05:00[America/New_York]","close":"289.47","open":"289.595"}
{"volume":"78408.0","ticker":"AAPL","high":"289.62","amount":"289.4949","period":"PT1M","low":"289.3801","multiplier":"1","beginTime":"1640549862","endTime":"2019-12-27T15:28-05:00[America/New_York]","close":"289.51","open":"289.4705"}
{"volume":"45431.0","ticker":"AAPL","high":"289.63","amount":"289.5686","period":"PT1M","low":"289.4901","multiplier":"1","beginTime":"1640549862","endTime":"2019-12-27T15:29-05:00[America/New_York]","close":"289.5802","open":"289.52"}
{"volume":"49484.0","ticker":"AAPL","high":"289.5741","amount":"289.4635","period":"PT1M","low":"289.37","multiplier":"1","beginTime":"1640549862","endTime":"2019-12-27T15:30-05:00[America/New_York]","close":"289.38","open":"289.57"}
{"volume":"67781.0","ticker":"AAPL","high":"289.65","amount":"289.5556","period":"PT1M","low":"289.38","multiplier":"1","beginTime":"1640549862","endTime":"2019-12-27T15:31-05:00[America/New_York]","close":"289.541","open":"289.39"}
{"volume":"33845.0","ticker":"AAPL","high":"289.58","amount":"289.5031","period":"PT1M","low":"289.43","multiplier":"1","beginTime":"1640549862","endTime":"2019-12-27T15:32-05:00[America/New_York]","close":"289.53","open":"289.57"}
{"volume":"43439.0","ticker":"AAPL","high":"289.5659","amount":"289.4754","period":"PT1M","low":"289.43","multiplier":"1","beginTime":"1640549862","endTime":"2019-12-27T15:33-05:00[America/New_York]","close":"289.4498","open":"289.54"}
{"volume":"78889.0","ticker":"AAPL","high":"289.45","amount":"289.3826","period":"PT1M","low":"289.23","multiplier":"1","beginTime":"1640549862","endTime":"2019-12-27T15:34-05:00[America/New_York]","close":"289.2478","open":"289.44"}
{"volume":"92551.0","ticker":"AAPL","high":"289.25","amount":"289.1608","period":"PT1M","low":"289.06","multiplier":"1","beginTime":"1640549862","endTime":"2019-12-27T15:35-05:00[America/New_York]","close":"289.19","open":"289.24"}
{"volume":"63772.0","ticker":"AAPL","high":"289.29","amount":"289.2208","period":"PT1M","low":"289.15","multiplier":"1","beginTime":"1640549862","endTime":"2019-12-27T15:36-05:00[America/New_York]","close":"289.205","open":"289.18"}
{"volume":"36818.0","ticker":"AAPL","high":"289.2899","amount":"289.2433","period":"PT1M","low":"289.19","multiplier":"1","beginTime":"1640549862","endTime":"2019-12-27T15:37-05:00[America/New_York]","close":"289.2","open":"289.21"}
{"volume":"45808.0","ticker":"AAPL","high":"289.277","amount":"289.2201","period":"PT1M","low":"289.17","multiplier":"1","beginTime":"1640549862","endTime":"2019-12-27T15:38-05:00[America/New_York]","close":"289.18","open":"289.205"}
{"volume":"51963.0","ticker":"AAPL","high":"289.22","amount":"289.165","period":"PT1M","low":"289.12","multiplier":"1","beginTime":"1640549862","endTime":"2019-12-27T15:39-05:00[America/New_York]","close":"289.15","open":"289.18"}
{"volume":"52646.0","ticker":"AAPL","high":"289.23","amount":"289.1454","period":"PT1M","low":"289.03","multiplier":"1","beginTime":"1640549862","endTime":"2019-12-27T15:40-05:00[America/New_York]","close":"289.09","open":"289.1699"}
{"volume":"37754.0","ticker":"AAPL","high":"289.155","amount":"289.108","period":"PT1M","low":"289.03","multiplier":"1","beginTime":"1640549862","endTime":"2019-12-27T15:41-05:00[America/New_York]","close":"289.0873","open":"289.0901"}
{"volume":"45772.0","ticker":"AAPL","high":"289.1","amount":"289.0545","period":"PT1M","low":"289.0","multiplier":"1","beginTime":"1640549862","endTime":"2019-12-27T15:42-05:00[America/New_York]","close":"289.0115","open":"289.085"}
{"volume":"106124.0","ticker":"AAPL","high":"289.02","amount":"288.848","period":"PT1M","low":"288.73","multiplier":"1","beginTime":"1640549862","endTime":"2019-12-27T15:43-05:00[America/New_York]","close":"288.73","open":"289.02"}
{"volume":"123738.0","ticker":"AAPL","high":"288.81","amount":"288.6825","period":"PT1M","low":"288.52","multiplier":"1","beginTime":"1640549862","endTime":"2019-12-27T15:44-05:00[America/New_York]","close":"288.5342","open":"288.7204"}
{"volume":"154486.0","ticker":"AAPL","high":"288.8599","amount":"288.7172","period":"PT1M","low":"288.54","multiplier":"1","beginTime":"1640549862","endTime":"2019-12-27T15:45-05:00[America/New_York]","close":"288.77","open":"288.54"}
{"volume":"76640.0","ticker":"AAPL","high":"288.89","amount":"288.8215","period":"PT1M","low":"288.72","multiplier":"1","beginTime":"1640549862","endTime":"2019-12-27T15:46-05:00[America/New_York]","close":"288.8099","open":"288.76"}
{"volume":"95214.0","ticker":"AAPL","high":"288.97","amount":"288.8785","period":"PT1M","low":"288.7701","multiplier":"1","beginTime":"1640549862","endTime":"2019-12-27T15:47-05:00[America/New_York]","close":"288.9304","open":"288.79"}
{"volume":"112579.0","ticker":"AAPL","high":"288.95","amount":"288.8094","period":"PT1M","low":"288.6201","multiplier":"1","beginTime":"1640549862","endTime":"2019-12-27T15:48-05:00[America/New_York]","close":"288.622","open":"288.9399"}
{"volume":"90343.0","ticker":"AAPL","high":"288.76","amount":"288.6535","period":"PT1M","low":"288.59","multiplier":"1","beginTime":"1640549862","endTime":"2019-12-27T15:49-05:00[America/New_York]","close":"288.62","open":"288.62"}
{"volume":"188224.0","ticker":"AAPL","high":"288.8799","amount":"288.6404","period":"PT1M","low":"288.5","multiplier":"1","beginTime":"1640549862","endTime":"2019-12-27T15:50-05:00[America/New_York]","close":"288.8799","open":"288.63"}
{"volume":"70606.0","ticker":"AAPL","high":"288.8901","amount":"288.81","period":"PT1M","low":"288.75","multiplier":"1","beginTime":"1640549862","endTime":"2019-12-27T15:51-05:00[America/New_York]","close":"288.8","open":"288.88"}
{"volume":"97330.0","ticker":"AAPL","high":"288.84","amount":"288.8014","period":"PT1M","low":"288.72","multiplier":"1","beginTime":"1640549862","endTime":"2019-12-27T15:52-05:00[America/New_York]","close":"288.79","open":"288.7972"}
{"volume":"124829.0","ticker":"AAPL","high":"288.92","amount":"288.7615","period":"PT1M","low":"288.67","multiplier":"1","beginTime":"1640549862","endTime":"2019-12-27T15:53-05:00[America/New_York]","close":"288.92","open":"288.76"}
{"volume":"153459.0","ticker":"AAPL","high":"289.31","amount":"289.0849","period":"PT1M","low":"288.89","multiplier":"1","beginTime":"1640549862","endTime":"2019-12-27T15:54-05:00[America/New_York]","close":"289.2897","open":"288.92"}
{"volume":"188585.0","ticker":"AAPL","high":"289.42","amount":"289.3017","period":"PT1M","low":"289.16","multiplier":"1","beginTime":"1640549862","endTime":"2019-12-27T15:55-05:00[America/New_York]","close":"289.37","open":"289.3"}
{"volume":"243333.0","ticker":"AAPL","high":"289.97","amount":"289.5537","period":"PT1M","low":"289.3001","multiplier":"1","beginTime":"1640549862","endTime":"2019-12-27T15:56-05:00[America/New_York]","close":"289.8899","open":"289.36"}
{"volume":"200319.0","ticker":"AAPL","high":"289.91","amount":"289.8199","period":"PT1M","low":"289.71","multiplier":"1","beginTime":"1640549862","endTime":"2019-12-27T15:57-05:00[America/New_York]","close":"289.845","open":"289.86"}
{"volume":"143263.0","ticker":"AAPL","high":"289.84","amount":"289.7168","period":"PT1M","low":"289.64","multiplier":"1","beginTime":"1640549862","endTime":"2019-12-27T15:58-05:00[America/New_York]","close":"289.7","open":"289.84"}
{"volume":"302486.0","ticker":"AAPL","high":"289.83","amount":"289.7483","period":"PT1M","low":"289.65","multiplier":"1","beginTime":"1640549862","endTime":"2019-12-27T15:59-05:00[America/New_York]","close":"289.83","open":"289.68"}
{"volume":"94757.0","ticker":"AAPL","high":"289.85","amount":"289.7976","period":"PT1M","low":"289.74","multiplier":"1","beginTime":"1640549862","endTime":"2019-12-27T16:00-05:00[America/New_York]","close":"289.77","open":"289.8"}
{"volume":"332026.0","ticker":"AAPL","high":"289.8","amount":"289.7975","period":"PT1M","low":"289.67","multiplier":"1","beginTime":"1640549862","endTime":"2019-12-27T16:01-05:00[America/New_York]","close":"289.8","open":"289.8"}
{"volume":"3038.0","ticker":"AAPL","high":"289.79","amount":"289.749","period":"PT1M","low":"289.69","multiplier":"1","beginTime":"1640549862","endTime":"2019-12-27T16:02-05:00[America/New_York]","close":"289.79","open":"289.69"}
{"volume":"2782.0","ticker":"AAPL","high":"289.75","amount":"289.7187","period":"PT1M","low":"289.69","multiplier":"1","beginTime":"1640549862","endTime":"2019-12-27T16:03-05:00[America/New_York]","close":"289.7","open":"289.75"}
{"volume":"2188.0","ticker":"AAPL","high":"289.74","amount":"289.6988","period":"PT1M","low":"289.68","multiplier":"1","beginTime":"1640549862","endTime":"2019-12-27T16:04-05:00[America/New_York]","close":"289.7","open":"289.68"}
{"volume":"2454.0","ticker":"AAPL","high":"289.6866","amount":"289.6634","period":"PT1M","low":"289.65","multiplier":"1","beginTime":"1640549862","endTime":"2019-12-27T16:05-05:00[America/New_York]","close":"289.65","open":"289.67"}
{"volume":"337417.0","ticker":"AAPL","high":"289.8","amount":"289.7987","period":"PT1M","low":"289.7","multiplier":"1","beginTime":"1640549862","endTime":"2019-12-27T16:06-05:00[America/New_York]","close":"289.72","open":"289.7"}
{"volume":"2089.0","ticker":"AAPL","high":"289.79","amount":"289.7647","period":"PT1M","low":"289.73","multiplier":"1","beginTime":"1640549862","endTime":"2019-12-27T16:07-05:00[America/New_York]","close":"289.77","open":"289.73"}
{"volume":"1314.0","ticker":"AAPL","high":"289.79","amount":"289.773","period":"PT1M","low":"289.72","multiplier":"1","beginTime":"1640549862","endTime":"2019-12-27T16:08-05:00[America/New_York]","close":"289.79","open":"289.72"}
{"volume":"4251.0","ticker":"AAPL","high":"289.77","amount":"289.7481","period":"PT1M","low":"289.72","multiplier":"1","beginTime":"1640549862","endTime":"2019-12-27T16:09-05:00[America/New_York]","close":"289.75","open":"289.77"}
{"volume":"6199.0","ticker":"AAPL","high":"289.77","amount":"289.7589","period":"PT1M","low":"289.72","multiplier":"1","beginTime":"1640549862","endTime":"2019-12-27T16:10-05:00[America/New_York]","close":"289.77","open":"289.72"}
{"volume":"34633.0","ticker":"AAPL","high":"289.8","amount":"289.8225","period":"PT1M","low":"289.66","multiplier":"1","beginTime":"1640549862","endTime":"2019-12-27T16:11-05:00[America/New_York]","close":"289.67","open":"289.66"}
{"volume":"7559.0","ticker":"AAPL","high":"289.74","amount":"289.6721","period":"PT1M","low":"289.6701","multiplier":"1","beginTime":"1640549862","endTime":"2019-12-27T16:12-05:00[America/New_York]","close":"289.74","open":"289.6701"}
{"volume":"2502.0","ticker":"AAPL","high":"289.76","amount":"289.7337","period":"PT1M","low":"289.7","multiplier":"1","beginTime":"1640549862","endTime":"2019-12-27T16:13-05:00[America/New_York]","close":"289.74","open":"289.75"}
{"volume":"710.0","ticker":"AAPL","high":"289.73","amount":"289.6825","period":"PT1M","low":"289.67","multiplier":"1","beginTime":"1640549862","endTime":"2019-12-27T16:14-05:00[America/New_York]","close":"289.67","open":"289.67"}
{"volume":"6563.0","ticker":"AAPL","high":"289.67","amount":"289.6326","period":"PT1M","low":"289.6301","multiplier":"1","beginTime":"1640549862","endTime":"2019-12-27T16:15-05:00[America/New_York]","close":"289.6301","open":"289.67"}
{"volume":"2320.0","ticker":"AAPL","high":"289.8","amount":"289.7845","period":"PT1M","low":"289.75","multiplier":"1","beginTime":"1640549862","endTime":"2019-12-27T16:16-05:00[America/New_York]","close":"289.77","open":"289.75"}
{"volume":"2765.0","ticker":"AAPL","high":"289.84","amount":"289.7977","period":"PT1M","low":"289.75","multiplier":"1","beginTime":"1640549862","endTime":"2019-12-27T16:17-05:00[America/New_York]","close":"289.75","open":"289.84"}
{"volume":"4971.0","ticker":"AAPL","high":"289.81","amount":"289.8008","period":"PT1M","low":"289.8","multiplier":"1","beginTime":"1640549862","endTime":"2019-12-27T16:18-05:00[America/New_York]","close":"289.8","open":"289.8"}
{"volume":"761.0","ticker":"AAPL","high":"289.84","amount":"289.8323","period":"PT1M","low":"289.81","multiplier":"1","beginTime":"1640549862","endTime":"2019-12-27T16:19-05:00[America/New_York]","close":"289.81","open":"289.81"}
{"volume":"1401.0","ticker":"AAPL","high":"289.83","amount":"289.8138","period":"PT1M","low":"289.7502","multiplier":"1","beginTime":"1640549862","endTime":"2019-12-27T16:20-05:00[America/New_York]","close":"289.83","open":"289.7502"}
{"volume":"358.0","ticker":"AAPL","high":"289.83","amount":"289.8312","period":"PT1M","low":"289.83","multiplier":"1","beginTime":"1640549862","endTime":"2019-12-27T16:21-05:00[America/New_York]","close":"289.83","open":"289.83"}
{"volume":"1524.0","ticker":"AAPL","high":"289.9","amount":"289.8588","period":"PT1M","low":"289.85","multiplier":"1","beginTime":"1640549862","endTime":"2019-12-27T16:22-05:00[America/New_York]","close":"289.85","open":"289.9"}
{"volume":"533.0","ticker":"AAPL","high":"289.83","amount":"289.8371","period":"PT1M","low":"289.83","multiplier":"1","beginTime":"1640549862","endTime":"2019-12-27T16:23-05:00[America/New_York]","close":"289.83","open":"289.83"}
{"volume":"1680.0","ticker":"AAPL","high":"289.9","amount":"289.8833","period":"PT1M","low":"289.83","multiplier":"1","beginTime":"1640549862","endTime":"2019-12-27T16:24-05:00[America/New_York]","close":"289.83","open":"289.87"}
{"volume":"616.0","ticker":"AAPL","high":"289.84","amount":"289.8361","period":"PT1M","low":"289.84","multiplier":"1","beginTime":"1640549862","endTime":"2019-12-27T16:25-05:00[America/New_York]","close":"289.84","open":"289.84"}
{"volume":"1239.0","ticker":"AAPL","high":"289.94","amount":"289.9358","period":"PT1M","low":"289.92","multiplier":"1","beginTime":"1640549862","endTime":"2019-12-27T16:29-05:00[America/New_York]","close":"289.94","open":"289.92"}
{"volume":"1163.0","ticker":"AAPL","high":"289.94","amount":"289.8854","period":"PT1M","low":"289.81","multiplier":"1","beginTime":"1640549862","endTime":"2019-12-27T16:30-05:00[America/New_York]","close":"289.81","open":"289.94"}
{"volume":"16931.0","ticker":"AAPL","high":"289.93","amount":"289.8041","period":"PT1M","low":"289.81","multiplier":"1","beginTime":"1640549862","endTime":"2019-12-27T16:31-05:00[America/New_York]","close":"289.81","open":"289.81"}
{"volume":"2421.0","ticker":"AAPL","high":"289.84","amount":"289.8249","period":"PT1M","low":"289.81","multiplier":"1","beginTime":"1640549862","endTime":"2019-12-27T16:32-05:00[America/New_York]","close":"289.81","open":"289.83"}
{"volume":"1064.0","ticker":"AAPL","high":"289.8","amount":"289.7806","period":"PT1M","low":"289.75","multiplier":"1","beginTime":"1640549862","endTime":"2019-12-27T16:33-05:00[America/New_York]","close":"289.75","open":"289.8"}
{"volume":"4220.0","ticker":"AAPL","high":"289.88","amount":"289.8673","period":"PT1M","low":"289.66","multiplier":"1","beginTime":"1640549862","endTime":"2019-12-27T16:34-05:00[America/New_York]","close":"289.66","open":"289.86"}
{"volume":"413.0","ticker":"AAPL","high":"289.71","amount":"289.71","period":"PT1M","low":"289.71","multiplier":"1","beginTime":"1640549862","endTime":"2019-12-27T16:35-05:00[America/New_York]","close":"289.71","open":"289.71"}
{"volume":"664.0","ticker":"AAPL","high":"289.72","amount":"289.7201","period":"PT1M","low":"289.72","multiplier":"1","beginTime":"1640549862","endTime":"2019-12-27T16:36-05:00[America/New_York]","close":"289.72","open":"289.72"}
{"volume":"2912.0","ticker":"AAPL","high":"289.8","amount":"289.7787","period":"PT1M","low":"289.73","multiplier":"1","beginTime":"1640549862","endTime":"2019-12-27T16:38-05:00[America/New_York]","close":"289.8","open":"289.74"}
{"volume":"1668.0","ticker":"AAPL","high":"289.71","amount":"289.7031","period":"PT1M","low":"289.7","multiplier":"1","beginTime":"1640549862","endTime":"2019-12-27T16:40-05:00[America/New_York]","close":"289.7","open":"289.7"}
{"volume":"1942.0","ticker":"AAPL","high":"289.75","amount":"289.7362","period":"PT1M","low":"289.7002","multiplier":"1","beginTime":"1640549862","endTime":"2019-12-27T16:43-05:00[America/New_York]","close":"289.7002","open":"289.74"}
{"volume":"431.0","ticker":"AAPL","high":"289.7","amount":"289.6875","period":"PT1M","low":"289.67","multiplier":"1","beginTime":"1640549862","endTime":"2019-12-27T16:44-05:00[America/New_York]","close":"289.67","open":"289.7"}
{"volume":"1811.0","ticker":"AAPL","high":"289.66","amount":"289.6813","period":"PT1M","low":"289.62","multiplier":"1","beginTime":"1640549862","endTime":"2019-12-27T16:45-05:00[America/New_York]","close":"289.62","open":"289.66"}
{"volume":"311.0","ticker":"AAPL","high":"289.55","amount":"289.5698","period":"PT1M","low":"289.55","multiplier":"1","beginTime":"1640549862","endTime":"2019-12-27T16:46-05:00[America/New_York]","close":"289.55","open":"289.55"}
{"volume":"587.0","ticker":"AAPL","high":"289.6","amount":"289.6018","period":"PT1M","low":"289.6","multiplier":"1","beginTime":"1640549862","endTime":"2019-12-27T16:47-05:00[America/New_York]","close":"289.6","open":"289.6"}
{"volume":"660.0","ticker":"AAPL","high":"289.69","amount":"289.6847","period":"PT1M","low":"289.68","multiplier":"1","beginTime":"1640549862","endTime":"2019-12-27T16:50-05:00[America/New_York]","close":"289.68","open":"289.69"}
{"volume":"1113.0","ticker":"AAPL","high":"289.7","amount":"289.6904","period":"PT1M","low":"289.68","multiplier":"1","beginTime":"1640549862","endTime":"2019-12-27T16:51-05:00[America/New_York]","close":"289.7","open":"289.68"}
{"volume":"1571.0","ticker":"AAPL","high":"289.75","amount":"289.744","period":"PT1M","low":"289.74","multiplier":"1","beginTime":"1640549862","endTime":"2019-12-27T16:53-05:00[America/New_York]","close":"289.75","open":"289.74"}
{"volume":"283.0","ticker":"AAPL","high":"289.75","amount":"289.7506","period":"PT1M","low":"289.75","multiplier":"1","beginTime":"1640549862","endTime":"2019-12-27T16:54-05:00[America/New_York]","close":"289.75","open":"289.75"}
{"volume":"518.0","ticker":"AAPL","high":"289.84","amount":"289.84","period":"PT1M","low":"289.84","multiplier":"1","beginTime":"1640549862","endTime":"2019-12-27T16:56-05:00[America/New_York]","close":"289.84","open":"289.84"}
{"volume":"2200.0","ticker":"AAPL","high":"289.79","amount":"289.7692","period":"PT1M","low":"289.69","multiplier":"1","beginTime":"1640549862","endTime":"2019-12-27T16:58-05:00[America/New_York]","close":"289.79","open":"289.69"}
{"volume":"115.0","ticker":"AAPL","high":"289.8","amount":"289.793","period":"PT1M","low":"289.8","multiplier":"1","beginTime":"1640549862","endTime":"2019-12-27T16:59-05:00[America/New_York]","close":"289.8","open":"289.8"}
{"volume":"58060.0","ticker":"AAPL","high":"289.8","amount":"289.7996","period":"PT1M","low":"289.72","multiplier":"1","beginTime":"1640549862","endTime":"2019-12-27T17:00-05:00[America/New_York]","close":"289.72","open":"289.8"}
{"volume":"327.0","ticker":"AAPL","high":"289.78","amount":"289.7734","period":"PT1M","low":"289.78","multiplier":"1","beginTime":"1640549862","endTime":"2019-12-27T17:02-05:00[America/New_York]","close":"289.78","open":"289.78"}
{"volume":"126.0","ticker":"AAPL","high":"289.7","amount":"289.7029","period":"PT1M","low":"289.7","multiplier":"1","beginTime":"1640549862","endTime":"2019-12-27T17:04-05:00[America/New_York]","close":"289.7","open":"289.7"}
{"volume":"394.0","ticker":"AAPL","high":"289.76","amount":"289.7584","period":"PT1M","low":"289.73","multiplier":"1","beginTime":"1640549862","endTime":"2019-12-27T17:05-05:00[America/New_York]","close":"289.76","open":"289.73"}
{"volume":"306.0","ticker":"AAPL","high":"289.78","amount":"289.78","period":"PT1M","low":"289.78","multiplier":"1","beginTime":"1640549862","endTime":"2019-12-27T17:08-05:00[America/New_York]","close":"289.78","open":"289.78"}
{"volume":"300.0","ticker":"AAPL","high":"289.74","amount":"289.7372","period":"PT1M","low":"289.73","multiplier":"1","beginTime":"1640549862","endTime":"2019-12-27T17:11-05:00[America/New_York]","close":"289.74","open":"289.73"}
{"volume":"404.0","ticker":"AAPL","high":"289.76","amount":"289.7572","period":"PT1M","low":"289.75","multiplier":"1","beginTime":"1640549862","endTime":"2019-12-27T17:12-05:00[America/New_York]","close":"289.75","open":"289.76"}
{"volume":"1086.0","ticker":"AAPL","high":"289.8","amount":"289.7996","period":"PT1M","low":"289.8","multiplier":"1","beginTime":"1640549862","endTime":"2019-12-27T17:13-05:00[America/New_York]","close":"289.8","open":"289.8"}
{"volume":"670.0","ticker":"AAPL","high":"289.8","amount":"289.7595","period":"PT1M","low":"289.74","multiplier":"1","beginTime":"1640549862","endTime":"2019-12-27T17:14-05:00[America/New_York]","close":"289.8","open":"289.74"}
{"volume":"378.0","ticker":"AAPL","high":"289.8","amount":"289.7921","period":"PT1M","low":"289.8","multiplier":"1","beginTime":"1640549862","endTime":"2019-12-27T17:17-05:00[America/New_York]","close":"289.8","open":"289.8"}
{"volume":"333.0","ticker":"AAPL","high":"289.74","amount":"289.7428","period":"PT1M","low":"289.74","multiplier":"1","beginTime":"1640549862","endTime":"2019-12-27T17:19-05:00[America/New_York]","close":"289.74","open":"289.74"}
{"volume":"208.0","ticker":"AAPL","high":"289.74","amount":"289.7413","period":"PT1M","low":"289.74","multiplier":"1","beginTime":"1640549862","endTime":"2019-12-27T17:20-05:00[America/New_York]","close":"289.74","open":"289.74"}
{"volume":"1455.0","ticker":"AAPL","high":"289.75","amount":"289.7181","period":"PT1M","low":"289.7001","multiplier":"1","beginTime":"1640549862","endTime":"2019-12-27T17:22-05:00[America/New_York]","close":"289.75","open":"289.7001"}
{"volume":"438.0","ticker":"AAPL","high":"289.78","amount":"290.2931","period":"PT1M","low":"289.78","multiplier":"1","beginTime":"1640549862","endTime":"2019-12-27T17:26-05:00[America/New_York]","close":"289.78","open":"289.78"}
{"volume":"880.0","ticker":"AAPL","high":"289.8","amount":"289.7943","period":"PT1M","low":"289.79","multiplier":"1","beginTime":"1640549862","endTime":"2019-12-27T17:42-05:00[America/New_York]","close":"289.8","open":"289.79"}
{"volume":"500.0","ticker":"AAPL","high":"289.79","amount":"289.79","period":"PT1M","low":"289.79","multiplier":"1","beginTime":"1640549862","endTime":"2019-12-27T17:43-05:00[America/New_York]","close":"289.79","open":"289.79"}
{"volume":"231.0","ticker":"AAPL","high":"289.79","amount":"289.79","period":"PT1M","low":"289.79","multiplier":"1","beginTime":"1640549862","endTime":"2019-12-27T17:46-05:00[America/New_York]","close":"289.79","open":"289.79"}
{"volume":"1265.0","ticker":"AAPL","high":"289.8","amount":"289.7995","period":"PT1M","low":"289.8","multiplier":"1","beginTime":"1640549862","endTime":"2019-12-27T17:48-05:00[America/New_York]","close":"289.8","open":"289.8"}
{"volume":"180.0","ticker":"AAPL","high":"289.85","amount":"289.8618","period":"PT1M","low":"289.85","multiplier":"1","beginTime":"1640549862","endTime":"2019-12-27T17:51-05:00[America/New_York]","close":"289.85","open":"289.85"}
{"volume":"802.0","ticker":"AAPL","high":"289.8","amount":"289.8001","period":"PT1M","low":"289.8","multiplier":"1","beginTime":"1640549862","endTime":"2019-12-27T17:52-05:00[America/New_York]","close":"289.8","open":"289.8"}
{"volume":"806.0","ticker":"AAPL","high":"289.82","amount":"289.82","period":"PT1M","low":"289.82","multiplier":"1","beginTime":"1640549862","endTime":"2019-12-27T17:55-05:00[America/New_York]","close":"289.82","open":"289.82"}
{"volume":"529.0","ticker":"AAPL","high":"289.82","amount":"289.8206","period":"PT1M","low":"289.82","multiplier":"1","beginTime":"1640549862","endTime":"2019-12-27T17:57-05:00[America/New_York]","close":"289.82","open":"289.82"}
{"volume":"423.0","ticker":"AAPL","high":"289.82","amount":"289.8204","period":"PT1M","low":"289.82","multiplier":"1","beginTime":"1640549862","endTime":"2019-12-27T17:58-05:00[America/New_York]","close":"289.82","open":"289.82"}
{"volume":"1001.0","ticker":"AAPL","high":"289.8","amount":"289.8","period":"PT1M","low":"289.8","multiplier":"1","beginTime":"1640549862","endTime":"2019-12-27T18:03-05:00[America/New_York]","close":"289.8","open":"289.8"}
{"volume":"2001.0","ticker":"AAPL","high":"289.8","amount":"289.8","period":"PT1M","low":"289.8","multiplier":"1","beginTime":"1640549862","endTime":"2019-12-27T18:04-05:00[America/New_York]","close":"289.8","open":"289.8"}
{"volume":"953.0","ticker":"AAPL","high":"289.8","amount":"289.805","period":"PT1M","low":"289.8","multiplier":"1","beginTime":"1640549862","endTime":"2019-12-27T18:12-05:00[America/New_York]","close":"289.8","open":"289.8"}
{"volume":"1100.0","ticker":"AAPL","high":"289.8","amount":"289.8","period":"PT1M","low":"289.8","multiplier":"1","beginTime":"1640549862","endTime":"2019-12-27T18:21-05:00[America/New_York]","close":"289.8","open":"289.8"}
{"volume":"106.0","ticker":"AAPL","high":"289.8","amount":"289.8","period":"PT1M","low":"289.8","multiplier":"1","beginTime":"1640549862","endTime":"2019-12-27T18:22-05:00[America/New_York]","close":"289.8","open":"289.8"}
{"volume":"100.0","ticker":"AAPL","high":"289.8","amount":"289.8","period":"PT1M","low":"289.8","multiplier":"1","beginTime":"1640549862","endTime":"2019-12-27T18:23-05:00[America/New_York]","close":"289.8","open":"289.8"}
{"volume":"342.0","ticker":"AAPL","high":"289.8","amount":"289.8","period":"PT1M","low":"289.8","multiplier":"1","beginTime":"1640549862","endTime":"2019-12-27T18:25-05:00[America/New_York]","close":"289.8","open":"289.8"}
{"volume":"250.0","ticker":"AAPL","high":"289.8","amount":"289.801","period":"PT1M","low":"289.8","multiplier":"1","beginTime":"1640549862","endTime":"2019-12-27T18:30-05:00[America/New_York]","close":"289.8","open":"289.8"}
{"volume":"107.0","ticker":"AAPL","high":"289.8","amount":"289.7998","period":"PT1M","low":"289.8","multiplier":"1","beginTime":"1640549862","endTime":"2019-12-27T18:32-05:00[America/New_York]","close":"289.8","open":"289.8"}
{"volume":"201.0","ticker":"AAPL","high":"289.79","amount":"289.79","period":"PT1M","low":"289.79","multiplier":"1","beginTime":"1640549862","endTime":"2019-12-27T18:33-05:00[America/New_York]","close":"289.79","open":"289.79"}
{"volume":"1410.0","ticker":"AAPL","high":"289.79","amount":"289.7886","period":"PT1M","low":"289.78","multiplier":"1","beginTime":"1640549862","endTime":"2019-12-27T18:35-05:00[America/New_York]","close":"289.78","open":"289.79"}
{"volume":"214.0","ticker":"AAPL","high":"289.75","amount":"289.7672","period":"PT1M","low":"289.75","multiplier":"1","beginTime":"1640549862","endTime":"2019-12-27T18:37-05:00[America/New_York]","close":"289.75","open":"289.75"}
{"volume":"200.0","ticker":"AAPL","high":"289.79","amount":"289.79","period":"PT1M","low":"289.79","multiplier":"1","beginTime":"1640549862","endTime":"2019-12-27T18:38-05:00[America/New_York]","close":"289.79","open":"289.79"}
{"volume":"1220.0","ticker":"AAPL","high":"289.8","amount":"289.7558","period":"PT1M","low":"289.71","multiplier":"1","beginTime":"1640549862","endTime":"2019-12-27T18:39-05:00[America/New_York]","close":"289.8","open":"289.71"}
{"volume":"1353.0","ticker":"AAPL","high":"289.71","amount":"289.7115","period":"PT1M","low":"289.71","multiplier":"1","beginTime":"1640549862","endTime":"2019-12-27T18:40-05:00[America/New_York]","close":"289.71","open":"289.71"}
{"volume":"393.0","ticker":"AAPL","high":"289.75","amount":"289.745","period":"PT1M","low":"289.74","multiplier":"1","beginTime":"1640549862","endTime":"2019-12-27T18:50-05:00[America/New_York]","close":"289.75","open":"289.74"}
{"volume":"108.0","ticker":"AAPL","high":"289.74","amount":"289.7419","period":"PT1M","low":"289.74","multiplier":"1","beginTime":"1640549862","endTime":"2019-12-27T18:51-05:00[America/New_York]","close":"289.74","open":"289.74"}
{"volume":"201.0","ticker":"AAPL","high":"289.75","amount":"289.7699","period":"PT1M","low":"289.75","multiplier":"1","beginTime":"1640549862","endTime":"2019-12-27T18:52-05:00[America/New_York]","close":"289.75","open":"289.75"}
{"volume":"210.0","ticker":"AAPL","high":"289.8","amount":"289.7984","period":"PT1M","low":"289.8","multiplier":"1","beginTime":"1640549862","endTime":"2019-12-27T18:53-05:00[America/New_York]","close":"289.8","open":"289.8"}
{"volume":"228.0","ticker":"AAPL","high":"289.8","amount":"289.8","period":"PT1M","low":"289.8","multiplier":"1","beginTime":"1640549862","endTime":"2019-12-27T18:59-05:00[America/New_York]","close":"289.8","open":"289.8"}
{"volume":"181.0","ticker":"AAPL","high":"289.8","amount":"289.8","period":"PT1M","low":"289.8","multiplier":"1","beginTime":"1640549862","endTime":"2019-12-27T19:00-05:00[America/New_York]","close":"289.8","open":"289.8"}
{"volume":"200.0","ticker":"AAPL","high":"289.8","amount":"289.8","period":"PT1M","low":"289.8","multiplier":"1","beginTime":"1640549862","endTime":"2019-12-27T19:03-05:00[America/New_York]","close":"289.8","open":"289.8"}
{"volume":"110.0","ticker":"AAPL","high":"289.83","amount":"289.8318","period":"PT1M","low":"289.83","multiplier":"1","beginTime":"1640549862","endTime":"2019-12-27T19:06-05:00[America/New_York]","close":"289.83","open":"289.83"}
{"volume":"937.0","ticker":"AAPL","high":"289.86","amount":"289.8553","period":"PT1M","low":"289.85","multiplier":"1","beginTime":"1640549862","endTime":"2019-12-27T19:07-05:00[America/New_York]","close":"289.86","open":"289.85"}
{"volume":"266.0","ticker":"AAPL","high":"289.9","amount":"289.8971","period":"PT1M","low":"289.9","multiplier":"1","beginTime":"1640549862","endTime":"2019-12-27T19:12-05:00[America/New_York]","close":"289.9","open":"289.9"}
{"volume":"180.0","ticker":"AAPL","high":"289.9","amount":"289.9018","period":"PT1M","low":"289.9","multiplier":"1","beginTime":"1640549862","endTime":"2019-12-27T19:14-05:00[America/New_York]","close":"289.9","open":"289.9"}
{"volume":"108.0","ticker":"AAPL","high":"289.92","amount":"289.9183","period":"PT1M","low":"289.92","multiplier":"1","beginTime":"1640549862","endTime":"2019-12-27T19:16-05:00[America/New_York]","close":"289.92","open":"289.92"}
{"volume":"242.0","ticker":"AAPL","high":"289.86","amount":"289.8736","period":"PT1M","low":"289.86","multiplier":"1","beginTime":"1640549862","endTime":"2019-12-27T19:21-05:00[America/New_York]","close":"289.86","open":"289.86"}
{"volume":"996.0","ticker":"AAPL","high":"289.8199","amount":"289.8199","period":"PT1M","low":"289.8199","multiplier":"1","beginTime":"1640549862","endTime":"2019-12-27T19:27-05:00[America/New_York]","close":"289.8199","open":"289.8199"}
{"volume":"732.0","ticker":"AAPL","high":"289.84","amount":"289.8375","period":"PT1M","low":"289.84","multiplier":"1","beginTime":"1640549862","endTime":"2019-12-27T19:31-05:00[America/New_York]","close":"289.84","open":"289.84"}
{"volume":"385.0","ticker":"AAPL","high":"289.82","amount":"289.8204","period":"PT1M","low":"289.82","multiplier":"1","beginTime":"1640549862","endTime":"2019-12-27T19:35-05:00[America/New_York]","close":"289.82","open":"289.82"}
{"volume":"200.0","ticker":"AAPL","high":"289.81","amount":"289.81","period":"PT1M","low":"289.81","multiplier":"1","beginTime":"1640549862","endTime":"2019-12-27T19:37-05:00[America/New_York]","close":"289.81","open":"289.81"}
{"volume":"330.0","ticker":"AAPL","high":"289.86","amount":"289.8379","period":"PT1M","low":"289.81","multiplier":"1","beginTime":"1640549862","endTime":"2019-12-27T19:38-05:00[America/New_York]","close":"289.81","open":"289.86"}
{"volume":"690.0","ticker":"AAPL","high":"289.88","amount":"289.8685","period":"PT1M","low":"289.86","multiplier":"1","beginTime":"1640549862","endTime":"2019-12-27T19:39-05:00[America/New_York]","close":"289.88","open":"289.87"}
{"volume":"310.0","ticker":"AAPL","high":"289.9","amount":"289.9003","period":"PT1M","low":"289.9","multiplier":"1","beginTime":"1640549862","endTime":"2019-12-27T19:40-05:00[America/New_York]","close":"289.9","open":"289.9"}
{"volume":"168.0","ticker":"AAPL","high":"289.85","amount":"289.8564","period":"PT1M","low":"289.85","multiplier":"1","beginTime":"1640549862","endTime":"2019-12-27T19:44-05:00[America/New_York]","close":"289.85","open":"289.85"}
{"volume":"215.0","ticker":"AAPL","high":"289.91","amount":"289.9063","period":"PT1M","low":"289.91","multiplier":"1","beginTime":"1640549862","endTime":"2019-12-27T19:45-05:00[America/New_York]","close":"289.91","open":"289.91"}
{"volume":"1350.0","ticker":"AAPL","high":"289.92","amount":"289.9194","period":"PT1M","low":"289.92","multiplier":"1","beginTime":"1640549862","endTime":"2019-12-27T19:46-05:00[America/New_York]","close":"289.92","open":"289.92"}
{"volume":"1205.0","ticker":"AAPL","high":"289.99","amount":"289.9749","period":"PT1M","low":"289.95","multiplier":"1","beginTime":"1640549862","endTime":"2019-12-27T19:47-05:00[America/New_York]","close":"289.98","open":"289.95"}
{"volume":"1587.0","ticker":"AAPL","high":"289.99","amount":"289.9763","period":"PT1M","low":"289.95","multiplier":"1","beginTime":"1640549862","endTime":"2019-12-27T19:48-05:00[America/New_York]","close":"289.95","open":"289.99"}
{"volume":"610.0","ticker":"AAPL","high":"289.99","amount":"289.9749","period":"PT1M","low":"289.95","multiplier":"1","beginTime":"1640549862","endTime":"2019-12-27T19:50-05:00[America/New_York]","close":"289.99","open":"289.95"}
{"volume":"739.0","ticker":"AAPL","high":"289.99","amount":"289.9905","period":"PT1M","low":"289.99","multiplier":"1","beginTime":"1640549862","endTime":"2019-12-27T19:51-05:00[America/New_York]","close":"289.99","open":"289.99"}
{"volume":"371.0","ticker":"AAPL","high":"290.0","amount":"289.9995","period":"PT1M","low":"290.0","multiplier":"1","beginTime":"1640549862","endTime":"2019-12-27T19:52-05:00[America/New_York]","close":"290.0","open":"290.0"}
{"volume":"615.0","ticker":"AAPL","high":"290.0","amount":"289.9953","period":"PT1M","low":"289.99","multiplier":"1","beginTime":"1640549862","endTime":"2019-12-27T19:53-05:00[America/New_York]","close":"289.99","open":"290.0"}
{"volume":"1545.0","ticker":"AAPL","high":"289.99","amount":"289.9714","period":"PT1M","low":"289.96","multiplier":"1","beginTime":"1640549862","endTime":"2019-12-27T19:54-05:00[America/New_York]","close":"289.99","open":"289.97"}
{"volume":"327.0","ticker":"AAPL","high":"289.96","amount":"289.9571","period":"PT1M","low":"289.95","multiplier":"1","beginTime":"1640549862","endTime":"2019-12-27T19:55-05:00[America/New_York]","close":"289.96","open":"289.95"}
{"volume":"528.0","ticker":"AAPL","high":"289.95","amount":"289.9502","period":"PT1M","low":"289.95","multiplier":"1","beginTime":"1640549862","endTime":"2019-12-27T19:56-05:00[America/New_York]","close":"289.95","open":"289.95"}
{"volume":"253.0","ticker":"AAPL","high":"289.95","amount":"289.9505","period":"PT1M","low":"289.95","multiplier":"1","beginTime":"1640549862","endTime":"2019-12-27T19:57-05:00[America/New_York]","close":"289.95","open":"289.95"}
{"volume":"354.0","ticker":"AAPL","high":"289.99","amount":"289.9836","period":"PT1M","low":"289.99","multiplier":"1","beginTime":"1640549862","endTime":"2019-12-27T19:58-05:00[America/New_York]","close":"289.99","open":"289.99"}
{"volume":"1954.0","ticker":"AAPL","high":"290.0","amount":"289.9821","period":"PT1M","low":"289.96","multiplier":"1","beginTime":"1640549862","endTime":"2019-12-27T19:59-05:00[America/New_York]","close":"290.0","open":"289.96"}
{"volume":"163.0","ticker":"AAPL","high":"290.15","amount":"290.15","period":"PT1M","low":"290.15","multiplier":"1","beginTime":"1640549862","endTime":"2019-12-30T04:00-05:00[America/New_York]","close":"290.15","open":"290.15"}
{"volume":"1591.0","ticker":"AAPL","high":"290.12","amount":"290.0857","period":"PT1M","low":"290.1","multiplier":"1","beginTime":"1640549862","endTime":"2019-12-30T04:14-05:00[America/New_York]","close":"290.1","open":"290.12"}
{"volume":"566.0","ticker":"AAPL","high":"289.78","amount":"289.7785","period":"PT1M","low":"289.78","multiplier":"1","beginTime":"1640549862","endTime":"2019-12-30T04:57-05:00[America/New_York]","close":"289.78","open":"289.78"}
{"volume":"870.0","ticker":"AAPL","high":"289.5","amount":"289.5076","period":"PT1M","low":"289.5","multiplier":"1","beginTime":"1640549862","endTime":"2019-12-30T05:14-05:00[America/New_York]","close":"289.5","open":"289.5"}
{"volume":"513.0","ticker":"AAPL","high":"289.52","amount":"289.5051","period":"PT1M","low":"289.5","multiplier":"1","beginTime":"1640549862","endTime":"2019-12-30T05:17-05:00[America/New_York]","close":"289.5","open":"289.52"}
{"volume":"202.0","ticker":"AAPL","high":"289.4","amount":"289.4","period":"PT1M","low":"289.4","multiplier":"1","beginTime":"1640549862","endTime":"2019-12-30T05:54-05:00[America/New_York]","close":"289.4","open":"289.4"}
{"volume":"428.0","ticker":"AAPL","high":"289.4","amount":"289.4045","period":"PT1M","low":"289.4","multiplier":"1","beginTime":"1640549862","endTime":"2019-12-30T06:13-05:00[America/New_York]","close":"289.4","open":"289.4"}
{"volume":"100.0","ticker":"AAPL","high":"289.15","amount":"289.15","period":"PT1M","low":"289.15","multiplier":"1","beginTime":"1640549862","endTime":"2019-12-30T06:20-05:00[America/New_York]","close":"289.15","open":"289.15"}
{"volume":"1798.0","ticker":"AAPL","high":"289.1","amount":"289.1005","period":"PT1M","low":"289.1","multiplier":"1","beginTime":"1640549862","endTime":"2019-12-30T06:22-05:00[America/New_York]","close":"289.1","open":"289.1"}
{"volume":"399.0","ticker":"AAPL","high":"289.1","amount":"289.1276","period":"PT1M","low":"289.1","multiplier":"1","beginTime":"1640549862","endTime":"2019-12-30T06:25-05:00[America/New_York]","close":"289.1","open":"289.1"}
{"volume":"242.0","ticker":"AAPL","high":"289.38","amount":"289.3763","period":"PT1M","low":"289.38","multiplier":"1","beginTime":"1640549862","endTime":"2019-12-30T06:27-05:00[America/New_York]","close":"289.38","open":"289.38"}
{"volume":"200.0","ticker":"AAPL","high":"289.45","amount":"289.4504","period":"PT1M","low":"289.45","multiplier":"1","beginTime":"1640549862","endTime":"2019-12-30T06:41-05:00[America/New_York]","close":"289.45","open":"289.45"}
{"volume":"150.0","ticker":"AAPL","high":"289.45","amount":"289.45","period":"PT1M","low":"289.45","multiplier":"1","beginTime":"1640549862","endTime":"2019-12-30T06:53-05:00[America/New_York]","close":"289.45","open":"289.45"}
{"volume":"9694.0","ticker":"AAPL","high":"289.7","amount":"289.6223","period":"PT1M","low":"289.4","multiplier":"1","beginTime":"1640549862","endTime":"2019-12-30T07:00-05:00[America/New_York]","close":"289.66","open":"289.55"}
{"volume":"200.0","ticker":"AAPL","high":"289.7","amount":"289.7172","period":"PT1M","low":"289.7","multiplier":"1","beginTime":"1640549862","endTime":"2019-12-30T07:01-05:00[America/New_York]","close":"289.7","open":"289.7"}
{"volume":"116.0","ticker":"AAPL","high":"289.74","amount":"289.74","period":"PT1M","low":"289.74","multiplier":"1","beginTime":"1640549862","endTime":"2019-12-30T07:02-05:00[America/New_York]","close":"289.74","open":"289.74"}
{"volume":"253.0","ticker":"AAPL","high":"289.74","amount":"289.7411","period":"PT1M","low":"289.74","multiplier":"1","beginTime":"1640549862","endTime":"2019-12-30T07:03-05:00[America/New_York]","close":"289.74","open":"289.74"}
{"volume":"395.0","ticker":"AAPL","high":"289.69","amount":"289.628","period":"PT1M","low":"289.61","multiplier":"1","beginTime":"1640549862","endTime":"2019-12-30T07:04-05:00[America/New_York]","close":"289.61","open":"289.61"}
{"volume":"3019.0","ticker":"AAPL","high":"289.52","amount":"289.5033","period":"PT1M","low":"289.5","multiplier":"1","beginTime":"1640549862","endTime":"2019-12-30T07:06-05:00[America/New_York]","close":"289.5","open":"289.52"}
{"volume":"1180.0","ticker":"AAPL","high":"289.55","amount":"289.5407","period":"PT1M","low":"289.51","multiplier":"1","beginTime":"1640549862","endTime":"2019-12-30T07:07-05:00[America/New_York]","close":"289.55","open":"289.51"}
{"volume":"245.0","ticker":"AAPL","high":"289.55","amount":"289.5598","period":"PT1M","low":"289.55","multiplier":"1","beginTime":"1640549862","endTime":"2019-12-30T07:08-05:00[America/New_York]","close":"289.55","open":"289.55"}
{"volume":"1455.0","ticker":"AAPL","high":"289.55","amount":"289.4886","period":"PT1M","low":"289.46","multiplier":"1","beginTime":"1640549862","endTime":"2019-12-30T07:09-05:00[America/New_York]","close":"289.46","open":"289.55"}
{"volume":"1807.0","ticker":"AAPL","high":"289.55","amount":"289.5267","period":"PT1M","low":"289.45","multiplier":"1","beginTime":"1640549862","endTime":"2019-12-30T07:11-05:00[America/New_York]","close":"289.45","open":"289.52"}
{"volume":"1100.0","ticker":"AAPL","high":"289.55","amount":"289.5418","period":"PT1M","low":"289.46","multiplier":"1","beginTime":"1640549862","endTime":"2019-12-30T07:12-05:00[America/New_York]","close":"289.55","open":"289.46"}
{"volume":"437.0","ticker":"AAPL","high":"289.55","amount":"289.5499","period":"PT1M","low":"289.55","multiplier":"1","beginTime":"1640549862","endTime":"2019-12-30T07:16-05:00[America/New_York]","close":"289.55","open":"289.55"}
{"volume":"386.0","ticker":"AAPL","high":"289.59","amount":"289.5857","period":"PT1M","low":"289.59","multiplier":"1","beginTime":"1640549862","endTime":"2019-12-30T07:23-05:00[America/New_York]","close":"289.59","open":"289.59"}
{"volume":"1364.0","ticker":"AAPL","high":"289.59","amount":"289.5863","period":"PT1M","low":"289.58","multiplier":"1","beginTime":"1640549862","endTime":"2019-12-30T07:28-05:00[America/New_York]","close":"289.59","open":"289.59"}
{"volume":"1279.0","ticker":"AAPL","high":"289.6","amount":"289.5934","period":"PT1M","low":"289.56","multiplier":"1","beginTime":"1640549862","endTime":"2019-12-30T07:29-05:00[America/New_York]","close":"289.6","open":"289.6"}
{"volume":"200.0","ticker":"AAPL","high":"289.65","amount":"289.645","period":"PT1M","low":"289.64","multiplier":"1","beginTime":"1640549862","endTime":"2019-12-30T07:32-05:00[America/New_York]","close":"289.65","open":"289.64"}
{"volume":"1593.0","ticker":"AAPL","high":"289.7","amount":"289.7004","period":"PT1M","low":"289.7","multiplier":"1","beginTime":"1640549862","endTime":"2019-12-30T07:37-05:00[America/New_York]","close":"289.7","open":"289.7"}
{"volume":"500.0","ticker":"AAPL","high":"289.75","amount":"289.75","period":"PT1M","low":"289.75","multiplier":"1","beginTime":"1640549862","endTime":"2019-12-30T07:38-05:00[America/New_York]","close":"289.75","open":"289.75"}
{"volume":"1002.0","ticker":"AAPL","high":"289.75","amount":"289.75","period":"PT1M","low":"289.75","multiplier":"1","beginTime":"1640549862","endTime":"2019-12-30T07:40-05:00[America/New_York]","close":"289.75","open":"289.75"}
{"volume":"899.0","ticker":"AAPL","high":"289.64","amount":"289.6558","period":"PT1M","low":"289.64","multiplier":"1","beginTime":"1640549862","endTime":"2019-12-30T07:46-05:00[America/New_York]","close":"289.64","open":"289.64"}
{"volume":"649.0","ticker":"AAPL","high":"289.65","amount":"289.642","period":"PT1M","low":"289.64","multiplier":"1","beginTime":"1640549862","endTime":"2019-12-30T07:47-05:00[America/New_York]","close":"289.64","open":"289.65"}
{"volume":"195.0","ticker":"AAPL","high":"289.65","amount":"289.65","period":"PT1M","low":"289.65","multiplier":"1","beginTime":"1640549862","endTime":"2019-12-30T07:52-05:00[America/New_York]","close":"289.65","open":"289.65"}
{"volume":"501.0","ticker":"AAPL","high":"289.7","amount":"289.7","period":"PT1M","low":"289.7","multiplier":"1","beginTime":"1640549862","endTime":"2019-12-30T07:53-05:00[America/New_York]","close":"289.7","open":"289.7"}
{"volume":"962.0","ticker":"AAPL","high":"289.72","amount":"289.718","period":"PT1M","low":"289.7","multiplier":"1","beginTime":"1640549862","endTime":"2019-12-30T07:54-05:00[America/New_York]","close":"289.72","open":"289.7"}
{"volume":"665.0","ticker":"AAPL","high":"289.72","amount":"289.7274","period":"PT1M","low":"289.72","multiplier":"1","beginTime":"1640549862","endTime":"2019-12-30T07:56-05:00[America/New_York]","close":"289.72","open":"289.72"}
{"volume":"20250.0","ticker":"AAPL","high":"289.7995","amount":"289.5352","period":"PT1M","low":"289.25","multiplier":"1","beginTime":"1640549862","endTime":"2019-12-30T08:00-05:00[America/New_York]","close":"289.6495","open":"289.5999"}
{"volume":"492.0","ticker":"AAPL","high":"289.65","amount":"289.6497","period":"PT1M","low":"289.65","multiplier":"1","beginTime":"1640549862","endTime":"2019-12-30T08:01-05:00[America/New_York]","close":"289.65","open":"289.65"}
{"volume":"1133.0","ticker":"AAPL","high":"289.6565","amount":"289.6107","period":"PT1M","low":"289.6","multiplier":"1","beginTime":"1640549862","endTime":"2019-12-30T08:03-05:00[America/New_York]","close":"289.6","open":"289.6"}
{"volume":"765.0","ticker":"AAPL","high":"289.65","amount":"289.6261","period":"PT1M","low":"289.6","multiplier":"1","beginTime":"1640549862","endTime":"2019-12-30T08:04-05:00[America/New_York]","close":"289.6","open":"289.65"}
{"volume":"301.0","ticker":"AAPL","high":"289.65","amount":"289.6325","period":"PT1M","low":"289.65","multiplier":"1","beginTime":"1640549862","endTime":"2019-12-30T08:05-05:00[America/New_York]","close":"289.65","open":"289.65"}
{"volume":"326.0","ticker":"AAPL","high":"289.54","amount":"289.5492","period":"PT1M","low":"289.54","multiplier":"1","beginTime":"1640549862","endTime":"2019-12-30T08:06-05:00[America/New_York]","close":"289.54","open":"289.54"}
{"volume":"1283.0","ticker":"AAPL","high":"289.5","amount":"289.4841","period":"PT1M","low":"289.47","multiplier":"1","beginTime":"1640549862","endTime":"2019-12-30T08:07-05:00[America/New_York]","close":"289.47","open":"289.5"}
{"volume":"902.0","ticker":"AAPL","high":"289.4","amount":"289.3338","period":"PT1M","low":"289.3003","multiplier":"1","beginTime":"1640549862","endTime":"2019-12-30T08:08-05:00[America/New_York]","close":"289.3003","open":"289.4"}
{"volume":"1427.0","ticker":"AAPL","high":"289.5954","amount":"289.526","period":"PT1M","low":"289.49","multiplier":"1","beginTime":"1640549862","endTime":"2019-12-30T08:09-05:00[America/New_York]","close":"289.5954","open":"289.51"}
{"volume":"823.0","ticker":"AAPL","high":"289.62","amount":"289.5252","period":"PT1M","low":"289.5101","multiplier":"1","beginTime":"1640549862","endTime":"2019-12-30T08:10-05:00[America/New_York]","close":"289.5101","open":"289.62"}
{"volume":"1006.0","ticker":"AAPL","high":"289.65","amount":"289.6059","period":"PT1M","low":"289.51","multiplier":"1","beginTime":"1640549862","endTime":"2019-12-30T08:11-05:00[America/New_York]","close":"289.65","open":"289.51"}
{"volume":"200.0","ticker":"AAPL","high":"289.7276","amount":"289.7276","period":"PT1M","low":"289.7276","multiplier":"1","beginTime":"1640549862","endTime":"2019-12-30T08:17-05:00[America/New_York]","close":"289.7276","open":"289.7276"}
{"volume":"163.0","ticker":"AAPL","high":"289.61","amount":"289.6108","period":"PT1M","low":"289.61","multiplier":"1","beginTime":"1640549862","endTime":"2019-12-30T08:18-05:00[America/New_York]","close":"289.61","open":"289.61"}
{"volume":"702.0","ticker":"AAPL","high":"289.729","amount":"289.6808","period":"PT1M","low":"289.56","multiplier":"1","beginTime":"1640549862","endTime":"2019-12-30T08:19-05:00[America/New_York]","close":"289.56","open":"289.729"}
{"volume":"2286.0","ticker":"AAPL","high":"289.75","amount":"289.7247","period":"PT1M","low":"289.7","multiplier":"1","beginTime":"1640549862","endTime":"2019-12-30T08:22-05:00[America/New_York]","close":"289.74","open":"289.7"}
{"volume":"247.0","ticker":"AAPL","high":"289.7","amount":"289.6907","period":"PT1M","low":"289.7","multiplier":"1","beginTime":"1640549862","endTime":"2019-12-30T08:23-05:00[America/New_York]","close":"289.7","open":"289.7"}
{"volume":"657.0","ticker":"AAPL","high":"289.68","amount":"289.6768","period":"PT1M","low":"289.67","multiplier":"1","beginTime":"1640549862","endTime":"2019-12-30T08:25-05:00[America/New_York]","close":"289.67","open":"289.68"}
{"volume":"859.0","ticker":"AAPL","high":"289.73","amount":"289.73","period":"PT1M","low":"289.73","multiplier":"1","beginTime":"1640549862","endTime":"2019-12-30T08:26-05:00[America/New_York]","close":"289.73","open":"289.73"}
{"volume":"2028.0","ticker":"AAPL","high":"289.74","amount":"289.7317","period":"PT1M","low":"289.73","multiplier":"1","beginTime":"1640549862","endTime":"2019-12-30T08:27-05:00[America/New_York]","close":"289.74","open":"289.73"}
{"volume":"1294.0","ticker":"AAPL","high":"289.8","amount":"289.7816","period":"PT1M","low":"289.76","multiplier":"1","beginTime":"1640549862","endTime":"2019-12-30T08:28-05:00[America/New_York]","close":"289.76","open":"289.8"}
{"volume":"750.0","ticker":"AAPL","high":"289.8","amount":"289.7593","period":"PT1M","low":"289.75","multiplier":"1","beginTime":"1640549862","endTime":"2019-12-30T08:29-05:00[America/New_York]","close":"289.76","open":"289.75"}
{"volume":"3379.0","ticker":"AAPL","high":"289.72","amount":"289.6961","period":"PT1M","low":"289.62","multiplier":"1","beginTime":"1640549862","endTime":"2019-12-30T08:30-05:00[America/New_York]","close":"289.62","open":"289.72"}
{"volume":"588.0","ticker":"AAPL","high":"289.7403","amount":"289.7258","period":"PT1M","low":"289.72","multiplier":"1","beginTime":"1640549862","endTime":"2019-12-30T08:31-05:00[America/New_York]","close":"289.7403","open":"289.72"}
{"volume":"225.0","ticker":"AAPL","high":"289.7999","amount":"289.7939","period":"PT1M","low":"289.7999","multiplier":"1","beginTime":"1640549862","endTime":"2019-12-30T08:33-05:00[America/New_York]","close":"289.7999","open":"289.7999"}
{"volume":"511.0","ticker":"AAPL","high":"289.6651","amount":"289.6663","period":"PT1M","low":"289.6651","multiplier":"1","beginTime":"1640549862","endTime":"2019-12-30T08:34-05:00[America/New_York]","close":"289.6651","open":"289.6651"}
{"volume":"498.0","ticker":"AAPL","high":"289.66","amount":"289.6646","period":"PT1M","low":"289.66","multiplier":"1","beginTime":"1640549862","endTime":"2019-12-30T08:35-05:00[America/New_York]","close":"289.66","open":"289.66"}
{"volume":"909.0","ticker":"AAPL","high":"289.8","amount":"289.7852","period":"PT1M","low":"289.75","multiplier":"1","beginTime":"1640549862","endTime":"2019-12-30T08:37-05:00[America/New_York]","close":"289.8","open":"289.75"}
{"volume":"1756.0","ticker":"AAPL","high":"289.85","amount":"289.8223","period":"PT1M","low":"289.75","multiplier":"1","beginTime":"1640549862","endTime":"2019-12-30T08:38-05:00[America/New_York]","close":"289.75","open":"289.85"}
{"volume":"318.0","ticker":"AAPL","high":"289.79","amount":"289.7649","period":"PT1M","low":"289.75","multiplier":"1","beginTime":"1640549862","endTime":"2019-12-30T08:40-05:00[America/New_York]","close":"289.79","open":"289.75"}
{"volume":"350848.0","ticker":"AAPL","high":"289.8299","amount":"289.8","period":"PT1M","low":"289.8299","multiplier":"1","beginTime":"1640549862","endTime":"2019-12-30T08:41-05:00[America/New_York]","close":"289.8299","open":"289.8299"}
{"volume":"452.0","ticker":"AAPL","high":"289.75","amount":"289.75","period":"PT1M","low":"289.75","multiplier":"1","beginTime":"1640549862","endTime":"2019-12-30T08:43-05:00[America/New_York]","close":"289.75","open":"289.75"}
{"volume":"666.0","ticker":"AAPL","high":"289.75","amount":"289.749","period":"PT1M","low":"289.75","multiplier":"1","beginTime":"1640549862","endTime":"2019-12-30T08:44-05:00[America/New_York]","close":"289.75","open":"289.75"}
{"volume":"2446.0","ticker":"AAPL","high":"289.75","amount":"289.7492","period":"PT1M","low":"289.74","multiplier":"1","beginTime":"1640549862","endTime":"2019-12-30T08:45-05:00[America/New_York]","close":"289.75","open":"289.74"}
{"volume":"2375.0","ticker":"AAPL","high":"289.74","amount":"289.6843","period":"PT1M","low":"289.67","multiplier":"1","beginTime":"1640549862","endTime":"2019-12-30T08:46-05:00[America/New_York]","close":"289.68","open":"289.74"}
{"volume":"500.0","ticker":"AAPL","high":"289.7","amount":"289.7","period":"PT1M","low":"289.7","multiplier":"1","beginTime":"1640549862","endTime":"2019-12-30T08:48-05:00[America/New_York]","close":"289.7","open":"289.7"}
{"volume":"262.0","ticker":"AAPL","high":"289.8","amount":"289.7954","period":"PT1M","low":"289.79","multiplier":"1","beginTime":"1640549862","endTime":"2019-12-30T08:51-05:00[America/New_York]","close":"289.79","open":"289.8"}
{"volume":"752.0","ticker":"AAPL","high":"289.81","amount":"289.8054","period":"PT1M","low":"289.8","multiplier":"1","beginTime":"1640549862","endTime":"2019-12-30T08:52-05:00[America/New_York]","close":"289.81","open":"289.8"}
{"volume":"8001.0","ticker":"AAPL","high":"289.8","amount":"289.8001","period":"PT1M","low":"289.8","multiplier":"1","beginTime":"1640549862","endTime":"2019-12-30T08:53-05:00[America/New_York]","close":"289.8","open":"289.8"}
{"volume":"907.0","ticker":"AAPL","high":"289.8","amount":"289.769","period":"PT1M","low":"289.75","multiplier":"1","beginTime":"1640549862","endTime":"2019-12-30T08:54-05:00[America/New_York]","close":"289.8","open":"289.8"}
{"volume":"500.0","ticker":"AAPL","high":"289.7999","amount":"289.7999","period":"PT1M","low":"289.7999","multiplier":"1","beginTime":"1640549862","endTime":"2019-12-30T08:56-05:00[America/New_York]","close":"289.7999","open":"289.7999"}
{"volume":"580.0","ticker":"AAPL","high":"289.8","amount":"289.785","period":"PT1M","low":"289.8","multiplier":"1","beginTime":"1640549862","endTime":"2019-12-30T08:57-05:00[America/New_York]","close":"289.8","open":"289.8"}
{"volume":"775.0","ticker":"AAPL","high":"289.83","amount":"289.8265","period":"PT1M","low":"289.8295","multiplier":"1","beginTime":"1640549862","endTime":"2019-12-30T08:59-05:00[America/New_York]","close":"289.83","open":"289.8295"}
{"volume":"2542.0","ticker":"AAPL","high":"289.75","amount":"289.728","period":"PT1M","low":"289.67","multiplier":"1","beginTime":"1640549862","endTime":"2019-12-30T09:00-05:00[America/New_York]","close":"289.67","open":"289.75"}
{"volume":"289.0","ticker":"AAPL","high":"289.6661","amount":"289.671","period":"PT1M","low":"289.6661","multiplier":"1","beginTime":"1640549862","endTime":"2019-12-30T09:02-05:00[America/New_York]","close":"289.6661","open":"289.6661"}
{"volume":"152.0","ticker":"AAPL","high":"289.67","amount":"289.6771","period":"PT1M","low":"289.67","multiplier":"1","beginTime":"1640549862","endTime":"2019-12-30T09:03-05:00[America/New_York]","close":"289.67","open":"289.67"}
{"volume":"648.0","ticker":"AAPL","high":"289.6759","amount":"289.6866","period":"PT1M","low":"289.67","multiplier":"1","beginTime":"1640549862","endTime":"2019-12-30T09:04-05:00[America/New_York]","close":"289.6759","open":"289.675"}
{"volume":"584.0","ticker":"AAPL","high":"289.75","amount":"289.7447","period":"PT1M","low":"289.75","multiplier":"1","beginTime":"1640549862","endTime":"2019-12-30T09:05-05:00[America/New_York]","close":"289.75","open":"289.75"}
{"volume":"161.0","ticker":"AAPL","high":"289.76","amount":"289.7558","period":"PT1M","low":"289.76","multiplier":"1","beginTime":"1640549862","endTime":"2019-12-30T09:06-05:00[America/New_York]","close":"289.76","open":"289.76"}
{"volume":"1827.0","ticker":"AAPL","high":"289.8","amount":"289.7634","period":"PT1M","low":"289.75","multiplier":"1","beginTime":"1640549862","endTime":"2019-12-30T09:08-05:00[America/New_York]","close":"289.75","open":"289.8"}
{"volume":"868.0","ticker":"AAPL","high":"289.8","amount":"289.7974","period":"PT1M","low":"289.8","multiplier":"1","beginTime":"1640549862","endTime":"2019-12-30T09:09-05:00[America/New_York]","close":"289.8","open":"289.8"}
{"volume":"977.0","ticker":"AAPL","high":"289.84","amount":"289.8081","period":"PT1M","low":"289.8","multiplier":"1","beginTime":"1640549862","endTime":"2019-12-30T09:10-05:00[America/New_York]","close":"289.84","open":"289.8"}
{"volume":"686.0","ticker":"AAPL","high":"289.83","amount":"289.8032","period":"PT1M","low":"289.77","multiplier":"1","beginTime":"1640549862","endTime":"2019-12-30T09:12-05:00[America/New_York]","close":"289.8","open":"289.77"}
{"volume":"1323.0","ticker":"AAPL","high":"289.83","amount":"289.7934","period":"PT1M","low":"289.75","multiplier":"1","beginTime":"1640549862","endTime":"2019-12-30T09:13-05:00[America/New_York]","close":"289.8","open":"289.75"}
{"volume":"2159.0","ticker":"AAPL","high":"289.81","amount":"289.793","period":"PT1M","low":"289.76","multiplier":"1","beginTime":"1640549862","endTime":"2019-12-30T09:14-05:00[America/New_York]","close":"289.76","open":"289.8"}
{"volume":"175.0","ticker":"AAPL","high":"289.76","amount":"289.7678","period":"PT1M","low":"289.76","multiplier":"1","beginTime":"1640549862","endTime":"2019-12-30T09:15-05:00[America/New_York]","close":"289.76","open":"289.76"}
{"volume":"2208.0","ticker":"AAPL","high":"289.8","amount":"289.7824","period":"PT1M","low":"289.75","multiplier":"1","beginTime":"1640549862","endTime":"2019-12-30T09:16-05:00[America/New_York]","close":"289.8","open":"289.76"}
{"volume":"1567.0","ticker":"AAPL","high":"289.77","amount":"289.7669","period":"PT1M","low":"289.76","multiplier":"1","beginTime":"1640549862","endTime":"2019-12-30T09:17-05:00[America/New_York]","close":"289.76","open":"289.77"}
{"volume":"622.0","ticker":"AAPL","high":"289.8","amount":"289.7945","period":"PT1M","low":"289.8","multiplier":"1","beginTime":"1640549862","endTime":"2019-12-30T09:18-05:00[America/New_York]","close":"289.8","open":"289.8"}
{"volume":"1344.0","ticker":"AAPL","high":"289.8","amount":"289.7955","period":"PT1M","low":"289.76","multiplier":"1","beginTime":"1640549862","endTime":"2019-12-30T09:19-05:00[America/New_York]","close":"289.8","open":"289.7999"}
{"volume":"6917.0","ticker":"AAPL","high":"289.77","amount":"289.6876","period":"PT1M","low":"289.59","multiplier":"1","beginTime":"1640549862","endTime":"2019-12-30T09:20-05:00[America/New_York]","close":"289.59","open":"289.77"}
{"volume":"308.0","ticker":"AAPL","high":"289.7","amount":"289.6808","period":"PT1M","low":"289.7","multiplier":"1","beginTime":"1640549862","endTime":"2019-12-30T09:21-05:00[America/New_York]","close":"289.7","open":"289.7"}
{"volume":"1167.0","ticker":"AAPL","high":"289.57","amount":"289.5784","period":"PT1M","low":"289.57","multiplier":"1","beginTime":"1640549862","endTime":"2019-12-30T09:22-05:00[America/New_York]","close":"289.57","open":"289.57"}
{"volume":"790.0","ticker":"AAPL","high":"289.72","amount":"289.6484","period":"PT1M","low":"289.57","multiplier":"1","beginTime":"1640549862","endTime":"2019-12-30T09:23-05:00[America/New_York]","close":"289.57","open":"289.57"}
{"volume":"934.0","ticker":"AAPL","high":"289.6499","amount":"289.6116","period":"PT1M","low":"289.57","multiplier":"1","beginTime":"1640549862","endTime":"2019-12-30T09:24-05:00[America/New_York]","close":"289.6499","open":"289.57"}
{"volume":"1115.0","ticker":"AAPL","high":"289.8","amount":"289.7211","period":"PT1M","low":"289.65","multiplier":"1","beginTime":"1640549862","endTime":"2019-12-30T09:25-05:00[America/New_York]","close":"289.79","open":"289.65"}
{"volume":"1468.0","ticker":"AAPL","high":"289.79","amount":"289.753","period":"PT1M","low":"289.75","multiplier":"1","beginTime":"1640549862","endTime":"2019-12-30T09:26-05:00[America/New_York]","close":"289.75","open":"289.75"}
{"volume":"2860.0","ticker":"AAPL","high":"289.7","amount":"289.5886","period":"PT1M","low":"289.5","multiplier":"1","beginTime":"1640549862","endTime":"2019-12-30T09:27-05:00[America/New_York]","close":"289.5","open":"289.7"}
{"volume":"2749.0","ticker":"AAPL","high":"289.47","amount":"289.3922","period":"PT1M","low":"289.35","multiplier":"1","beginTime":"1640549862","endTime":"2019-12-30T09:28-05:00[America/New_York]","close":"289.47","open":"289.47"}
{"volume":"2793.0","ticker":"AAPL","high":"289.57","amount":"289.4008","period":"PT1M","low":"289.29","multiplier":"1","beginTime":"1640549862","endTime":"2019-12-30T09:29-05:00[America/New_York]","close":"289.57","open":"289.3"}
{"volume":"506554.0","ticker":"AAPL","high":"289.54","amount":"289.2776","period":"PT1M","low":"288.6584","multiplier":"1","beginTime":"1640549862","endTime":"2019-12-30T09:30-05:00[America/New_York]","close":"288.87","open":"289.46"}
{"volume":"166914.0","ticker":"AAPL","high":"289.3481","amount":"288.9798","period":"PT1M","low":"288.6639","multiplier":"1","beginTime":"1640549862","endTime":"2019-12-30T09:31-05:00[America/New_York]","close":"289.3481","open":"288.8578"}
{"volume":"162692.0","ticker":"AAPL","high":"289.47","amount":"289.3692","period":"PT1M","low":"289.12","multiplier":"1","beginTime":"1640549862","endTime":"2019-12-30T09:32-05:00[America/New_York]","close":"289.16","open":"289.33"}
{"volume":"148664.0","ticker":"AAPL","high":"289.23","amount":"288.8665","period":"PT1M","low":"288.6","multiplier":"1","beginTime":"1640549862","endTime":"2019-12-30T09:33-05:00[America/New_York]","close":"288.935","open":"289.23"}
{"volume":"156545.0","ticker":"AAPL","high":"289.06","amount":"288.8515","period":"PT1M","low":"288.55","multiplier":"1","beginTime":"1640549862","endTime":"2019-12-30T09:34-05:00[America/New_York]","close":"288.74","open":"288.93"}
{"volume":"142696.0","ticker":"AAPL","high":"288.7329","amount":"288.4427","period":"PT1M","low":"288.22","multiplier":"1","beginTime":"1640549862","endTime":"2019-12-30T09:35-05:00[America/New_York]","close":"288.31","open":"288.69"}
{"volume":"308422.0","ticker":"AAPL","high":"288.29","amount":"288.038","period":"PT1M","low":"287.7024","multiplier":"1","beginTime":"1640549862","endTime":"2019-12-30T09:36-05:00[America/New_York]","close":"287.855","open":"288.26"}
{"volume":"241082.0","ticker":"AAPL","high":"287.86","amount":"287.4826","period":"PT1M","low":"287.245","multiplier":"1","beginTime":"1640549862","endTime":"2019-12-30T09:37-05:00[America/New_York]","close":"287.47","open":"287.8439"}
{"volume":"125849.0","ticker":"AAPL","high":"287.63","amount":"287.4128","period":"PT1M","low":"287.113","multiplier":"1","beginTime":"1640549862","endTime":"2019-12-30T09:38-05:00[America/New_York]","close":"287.13","open":"287.415"}
{"volume":"289711.0","ticker":"AAPL","high":"287.2","amount":"286.7749","period":"PT1M","low":"286.4301","multiplier":"1","beginTime":"1640549862","endTime":"2019-12-30T09:39-05:00[America/New_York]","close":"286.6861","open":"287.11"}
{"volume":"204496.0","ticker":"AAPL","high":"287.4","amount":"287.0483","period":"PT1M","low":"286.58","multiplier":"1","beginTime":"1640549862","endTime":"2019-12-30T09:40-05:00[America/New_York]","close":"287.282","open":"286.71"}
{"volume":"173985.0","ticker":"AAPL","high":"287.6","amount":"287.4353","period":"PT1M","low":"287.27","multiplier":"1","beginTime":"1640549862","endTime":"2019-12-30T09:41-05:00[America/New_York]","close":"287.38","open":"287.32"}
{"volume":"129664.0","ticker":"AAPL","high":"287.62","amount":"287.3555","period":"PT1M","low":"287.12","multiplier":"1","beginTime":"1640549862","endTime":"2019-12-30T09:42-05:00[America/New_York]","close":"287.59","open":"287.3999"}
{"volume":"110202.0","ticker":"AAPL","high":"287.67","amount":"287.3367","period":"PT1M","low":"287.1","multiplier":"1","beginTime":"1640549862","endTime":"2019-12-30T09:43-05:00[America/New_York]","close":"287.13","open":"287.61"}
{"volume":"111004.0","ticker":"AAPL","high":"287.2","amount":"287.0265","period":"PT1M","low":"286.841","multiplier":"1","beginTime":"1640549862","endTime":"2019-12-30T09:44-05:00[America/New_York]","close":"286.9401","open":"287.15"}
{"volume":"121149.0","ticker":"AAPL","high":"287.25","amount":"286.9452","period":"PT1M","low":"286.77","multiplier":"1","beginTime":"1640549862","endTime":"2019-12-30T09:45-05:00[America/New_York]","close":"287.25","open":"286.95"}
{"volume":"140147.0","ticker":"AAPL","high":"287.61","amount":"287.1581","period":"PT1M","low":"286.81","multiplier":"1","beginTime":"1640549862","endTime":"2019-12-30T09:46-05:00[America/New_York]","close":"287.52","open":"287.26"}
{"volume":"129581.0","ticker":"AAPL","high":"287.51","amount":"287.3217","period":"PT1M","low":"287.15","multiplier":"1","beginTime":"1640549862","endTime":"2019-12-30T09:47-05:00[America/New_York]","close":"287.2573","open":"287.51"}
{"volume":"114562.0","ticker":"AAPL","high":"287.2591","amount":"286.9844","period":"PT1M","low":"286.77","multiplier":"1","beginTime":"1640549862","endTime":"2019-12-30T09:48-05:00[America/New_York]","close":"286.9686","open":"287.2401"}
{"volume":"152288.0","ticker":"AAPL","high":"286.972","amount":"286.5903","period":"PT1M","low":"286.36","multiplier":"1","beginTime":"1640549862","endTime":"2019-12-30T09:49-05:00[America/New_York]","close":"286.509","open":"286.96"}
{"volume":"184278.0","ticker":"AAPL","high":"287.06","amount":"286.6396","period":"PT1M","low":"286.34","multiplier":"1","beginTime":"1640549862","endTime":"2019-12-30T09:50-05:00[America/New_York]","close":"286.99","open":"286.53"}
{"volume":"146937.0","ticker":"AAPL","high":"287.25","amount":"287.07","period":"PT1M","low":"286.8417","multiplier":"1","beginTime":"1640549862","endTime":"2019-12-30T09:51-05:00[America/New_York]","close":"287.1494","open":"286.99"}
{"volume":"78047.0","ticker":"AAPL","high":"287.25","amount":"287.0354","period":"PT1M","low":"286.83","multiplier":"1","beginTime":"1640549862","endTime":"2019-12-30T09:52-05:00[America/New_York]","close":"286.92","open":"287.15"}
{"volume":"111916.0","ticker":"AAPL","high":"287.21","amount":"287.0619","period":"PT1M","low":"286.89","multiplier":"1","beginTime":"1640549862","endTime":"2019-12-30T09:53-05:00[America/New_York]","close":"287.17","open":"286.9101"}
{"volume":"69857.0","ticker":"AAPL","high":"287.29","amount":"287.1995","period":"PT1M","low":"287.08","multiplier":"1","beginTime":"1640549862","endTime":"2019-12-30T09:54-05:00[America/New_York]","close":"287.28","open":"287.17"}
{"volume":"90474.0","ticker":"AAPL","high":"287.3799","amount":"287.285","period":"PT1M","low":"287.17","multiplier":"1","beginTime":"1640549862","endTime":"2019-12-30T09:55-05:00[America/New_York]","close":"287.25","open":"287.28"}
{"volume":"135977.0","ticker":"AAPL","high":"287.2468","amount":"286.8166","period":"PT1M","low":"286.61","multiplier":"1","beginTime":"1640549862","endTime":"2019-12-30T09:56-05:00[America/New_York]","close":"286.75","open":"287.2468"}
{"volume":"90212.0","ticker":"AAPL","high":"287.08","amount":"286.8767","period":"PT1M","low":"286.74","multiplier":"1","beginTime":"1640549862","endTime":"2019-12-30T09:57-05:00[America/New_York]","close":"286.86","open":"286.75"}
{"volume":"61578.0","ticker":"AAPL","high":"287.13","amount":"286.9879","period":"PT1M","low":"286.8031","multiplier":"1","beginTime":"1640549862","endTime":"2019-12-30T09:58-05:00[America/New_York]","close":"287.12","open":"286.8088"}
{"volume":"111651.0","ticker":"AAPL","high":"287.08","amount":"286.8028","period":"PT1M","low":"286.63","multiplier":"1","beginTime":"1640549862","endTime":"2019-12-30T09:59-05:00[America/New_York]","close":"286.7709","open":"287.08"}
{"volume":"98920.0","ticker":"AAPL","high":"287.15","amount":"286.9677","period":"PT1M","low":"286.835","multiplier":"1","beginTime":"1640549862","endTime":"2019-12-30T10:00-05:00[America/New_York]","close":"286.96","open":"286.835"}
{"volume":"90817.0","ticker":"AAPL","high":"287.024","amount":"286.769","period":"PT1M","low":"286.56","multiplier":"1","beginTime":"1640549862","endTime":"2019-12-30T10:01-05:00[America/New_York]","close":"286.6082","open":"286.955"}
{"volume":"66929.0","ticker":"AAPL","high":"286.95","amount":"286.847","period":"PT1M","low":"286.632","multiplier":"1","beginTime":"1640549862","endTime":"2019-12-30T10:02-05:00[America/New_York]","close":"286.94","open":"286.65"}
{"volume":"82065.0","ticker":"AAPL","high":"287.005","amount":"286.791","period":"PT1M","low":"286.63","multiplier":"1","beginTime":"1640549862","endTime":"2019-12-30T10:03-05:00[America/New_York]","close":"286.7014","open":"286.9405"}
{"volume":"102633.0","ticker":"AAPL","high":"286.76","amount":"286.551","period":"PT1M","low":"286.34","multiplier":"1","beginTime":"1640549862","endTime":"2019-12-30T10:04-05:00[America/New_York]","close":"286.3541","open":"286.71"}
{"volume":"123949.0","ticker":"AAPL","high":"286.564","amount":"286.3812","period":"PT1M","low":"286.17","multiplier":"1","beginTime":"1640549862","endTime":"2019-12-30T10:05-05:00[America/New_York]","close":"286.45","open":"286.38"}
{"volume":"98042.0","ticker":"AAPL","high":"286.87","amount":"286.6808","period":"PT1M","low":"286.4201","multiplier":"1","beginTime":"1640549862","endTime":"2019-12-30T10:06-05:00[America/New_York]","close":"286.65","open":"286.4395"}
{"volume":"53132.0","ticker":"AAPL","high":"286.73","amount":"286.6146","period":"PT1M","low":"286.5001","multiplier":"1","beginTime":"1640549862","endTime":"2019-12-30T10:07-05:00[America/New_York]","close":"286.53","open":"286.65"}
{"volume":"59774.0","ticker":"AAPL","high":"286.7161","amount":"286.6086","period":"PT1M","low":"286.49","multiplier":"1","beginTime":"1640549862","endTime":"2019-12-30T10:08-05:00[America/New_York]","close":"286.6814","open":"286.51"}
{"volume":"48355.0","ticker":"AAPL","high":"286.75","amount":"286.6376","period":"PT1M","low":"286.51","multiplier":"1","beginTime":"1640549862","endTime":"2019-12-30T10:09-05:00[America/New_York]","close":"286.75","open":"286.66"}
{"volume":"86742.0","ticker":"AAPL","high":"286.9009","amount":"286.662","period":"PT1M","low":"286.403","multiplier":"1","beginTime":"1640549862","endTime":"2019-12-30T10:10-05:00[America/New_York]","close":"286.403","open":"286.7406"}
{"volume":"146061.0","ticker":"AAPL","high":"286.44","amount":"286.308","period":"PT1M","low":"286.19","multiplier":"1","beginTime":"1640549862","endTime":"2019-12-30T10:11-05:00[America/New_York]","close":"286.19","open":"286.39"}
{"volume":"199342.0","ticker":"AAPL","high":"286.41","amount":"286.0778","period":"PT1M","low":"285.83","multiplier":"1","beginTime":"1640549862","endTime":"2019-12-30T10:12-05:00[America/New_York]","close":"285.86","open":"286.2"}
{"volume":"162742.0","ticker":"AAPL","high":"285.91","amount":"285.7337","period":"PT1M","low":"285.47","multiplier":"1","beginTime":"1640549862","endTime":"2019-12-30T10:13-05:00[America/New_York]","close":"285.7801","open":"285.8849"}
{"volume":"119468.0","ticker":"AAPL","high":"285.89","amount":"285.637","period":"PT1M","low":"285.41","multiplier":"1","beginTime":"1640549862","endTime":"2019-12-30T10:14-05:00[America/New_York]","close":"285.4168","open":"285.79"}
{"volume":"184632.0","ticker":"AAPL","high":"285.55","amount":"285.4031","period":"PT1M","low":"285.22","multiplier":"1","beginTime":"1640549862","endTime":"2019-12-30T10:15-05:00[America/New_York]","close":"285.3899","open":"285.425"}
{"volume":"167431.0","ticker":"AAPL","high":"286.0","amount":"285.703","period":"PT1M","low":"285.36","multiplier":"1","beginTime":"1640549862","endTime":"2019-12-30T10:16-05:00[America/New_York]","close":"285.8","open":"285.4"}
{"volume":"96016.0","ticker":"AAPL","high":"286.08","amount":"285.9359","period":"PT1M","low":"285.75","multiplier":"1","beginTime":"1640549862","endTime":"2019-12-30T10:17-05:00[America/New_York]","close":"285.93","open":"285.79"}
{"volume":"95252.0","ticker":"AAPL","high":"285.96","amount":"285.7988","period":"PT1M","low":"285.55","multiplier":"1","beginTime":"1640549862","endTime":"2019-12-30T10:18-05:00[America/New_York]","close":"285.8329","open":"285.92"}
{"volume":"94918.0","ticker":"AAPL","high":"286.1","amount":"285.9863","period":"PT1M","low":"285.82","multiplier":"1","beginTime":"1640549862","endTime":"2019-12-30T10:19-05:00[America/New_York]","close":"286.1","open":"285.86"}
{"volume":"122621.0","ticker":"AAPL","high":"286.45","amount":"286.2184","period":"PT1M","low":"285.985","multiplier":"1","beginTime":"1640549862","endTime":"2019-12-30T10:20-05:00[America/New_York]","close":"286.44","open":"286.1023"}
{"volume":"97528.0","ticker":"AAPL","high":"286.46","amount":"286.3064","period":"PT1M","low":"286.14","multiplier":"1","beginTime":"1640549862","endTime":"2019-12-30T10:21-05:00[America/New_York]","close":"286.175","open":"286.4329"}
{"volume":"72012.0","ticker":"AAPL","high":"286.38","amount":"286.2317","period":"PT1M","low":"286.09","multiplier":"1","beginTime":"1640549862","endTime":"2019-12-30T10:22-05:00[America/New_York]","close":"286.12","open":"286.1563"}
{"volume":"158543.0","ticker":"AAPL","high":"286.1822","amount":"285.9885","period":"PT1M","low":"285.8","multiplier":"1","beginTime":"1640549862","endTime":"2019-12-30T10:23-05:00[America/New_York]","close":"285.98","open":"286.12"}
{"volume":"52196.0","ticker":"AAPL","high":"286.0666","amount":"285.9683","period":"PT1M","low":"285.86","multiplier":"1","beginTime":"1640549862","endTime":"2019-12-30T10:24-05:00[America/New_York]","close":"286.0666","open":"285.97"}
{"volume":"49830.0","ticker":"AAPL","high":"286.229","amount":"286.0582","period":"PT1M","low":"285.88","multiplier":"1","beginTime":"1640549862","endTime":"2019-12-30T10:25-05:00[America/New_York]","close":"285.89","open":"286.05"}
{"volume":"64768.0","ticker":"AAPL","high":"285.96","amount":"285.8475","period":"PT1M","low":"285.75","multiplier":"1","beginTime":"1640549862","endTime":"2019-12-30T10:26-05:00[America/New_York]","close":"285.7901","open":"285.9"}
{"volume":"63448.0","ticker":"AAPL","high":"286.0","amount":"285.9003","period":"PT1M","low":"285.8","multiplier":"1","beginTime":"1640549862","endTime":"2019-12-30T10:27-05:00[America/New_York]","close":"285.9306","open":"285.8"}
{"volume":"65615.0","ticker":"AAPL","high":"286.17","amount":"285.9959","period":"PT1M","low":"285.835","multiplier":"1","beginTime":"1640549862","endTime":"2019-12-30T10:28-05:00[America/New_York]","close":"286.13","open":"285.93"}
{"volume":"94623.0","ticker":"AAPL","high":"286.4","amount":"286.1355","period":"PT1M","low":"285.9601","multiplier":"1","beginTime":"1640549862","endTime":"2019-12-30T10:29-05:00[America/New_York]","close":"286.4","open":"286.13"}
{"volume":"71688.0","ticker":"AAPL","high":"286.4","amount":"286.2464","period":"PT1M","low":"286.1194","multiplier":"1","beginTime":"1640549862","endTime":"2019-12-30T10:30-05:00[America/New_York]","close":"286.1903","open":"286.4"}
{"volume":"42076.0","ticker":"AAPL","high":"286.4","amount":"286.2905","period":"PT1M","low":"286.16","multiplier":"1","beginTime":"1640549862","endTime":"2019-12-30T10:31-05:00[America/New_York]","close":"286.37","open":"286.215"}
{"volume":"104753.0","ticker":"AAPL","high":"286.46","amount":"286.3675","period":"PT1M","low":"286.2301","multiplier":"1","beginTime":"1640549862","endTime":"2019-12-30T10:32-05:00[America/New_York]","close":"286.37","open":"286.37"}
{"volume":"44010.0","ticker":"AAPL","high":"286.46","amount":"286.3752","period":"PT1M","low":"286.3001","multiplier":"1","beginTime":"1640549862","endTime":"2019-12-30T10:33-05:00[America/New_York]","close":"286.44","open":"286.3626"}
{"volume":"96401.0","ticker":"AAPL","high":"286.64","amount":"286.4666","period":"PT1M","low":"286.28","multiplier":"1","beginTime":"1640549862","endTime":"2019-12-30T10:34-05:00[America/New_York]","close":"286.3827","open":"286.43"}
{"volume":"89300.0","ticker":"AAPL","high":"286.65","amount":"286.4574","period":"PT1M","low":"286.24","multiplier":"1","beginTime":"1640549862","endTime":"2019-12-30T10:35-05:00[America/New_York]","close":"286.54","open":"286.38"}
{"volume":"98106.0","ticker":"AAPL","high":"286.7667","amount":"286.6614","period":"PT1M","low":"286.51","multiplier":"1","beginTime":"1640549862","endTime":"2019-12-30T10:36-05:00[America/New_York]","close":"286.68","open":"286.53"}
{"volume":"70893.0","ticker":"AAPL","high":"286.77","amount":"286.691","period":"PT1M","low":"286.5701","multiplier":"1","beginTime":"1640549862","endTime":"2019-12-30T10:37-05:00[America/New_York]","close":"286.7304","open":"286.6864"}
{"volume":"83630.0","ticker":"AAPL","high":"286.87","amount":"286.8102","period":"PT1M","low":"286.73","multiplier":"1","beginTime":"1640549862","endTime":"2019-12-30T10:38-05:00[America/New_York]","close":"286.78","open":"286.74"}
{"volume":"138835.0","ticker":"AAPL","high":"287.0548","amount":"286.9595","period":"PT1M","low":"286.8","multiplier":"1","beginTime":"1640549862","endTime":"2019-12-30T10:39-05:00[America/New_York]","close":"287.054","open":"286.805"}
{"volume":"101657.0","ticker":"AAPL","high":"287.23","amount":"287.139","period":"PT1M","low":"286.9801","multiplier":"1","beginTime":"1640549862","endTime":"2019-12-30T10:40-05:00[America/New_York]","close":"287.2214","open":"287.0402"}
{"volume":"104347.0","ticker":"AAPL","high":"287.43","amount":"287.2801","period":"PT1M","low":"287.18","multiplier":"1","beginTime":"1640549862","endTime":"2019-12-30T10:41-05:00[America/New_York]","close":"287.43","open":"287.225"}
{"volume":"152903.0","ticker":"AAPL","high":"287.7","amount":"287.5429","period":"PT1M","low":"287.43","multiplier":"1","beginTime":"1640549862","endTime":"2019-12-30T10:42-05:00[America/New_York]","close":"287.6767","open":"287.43"}
{"volume":"91842.0","ticker":"AAPL","high":"287.6959","amount":"287.5635","period":"PT1M","low":"287.46","multiplier":"1","beginTime":"1640549862","endTime":"2019-12-30T10:43-05:00[America/New_York]","close":"287.58","open":"287.6959"}
{"volume":"53471.0","ticker":"AAPL","high":"287.66","amount":"287.5803","period":"PT1M","low":"287.5","multiplier":"1","beginTime":"1640549862","endTime":"2019-12-30T10:44-05:00[America/New_York]","close":"287.6","open":"287.5611"}
{"volume":"85232.0","ticker":"AAPL","high":"287.69","amount":"287.5044","period":"PT1M","low":"287.41","multiplier":"1","beginTime":"1640549862","endTime":"2019-12-30T10:45-05:00[America/New_York]","close":"287.4192","open":"287.6"}
{"volume":"84076.0","ticker":"AAPL","high":"287.5406","amount":"287.4461","period":"PT1M","low":"287.33","multiplier":"1","beginTime":"1640549862","endTime":"2019-12-30T10:46-05:00[America/New_York]","close":"287.5278","open":"287.43"}
{"volume":"72774.0","ticker":"AAPL","high":"287.6001","amount":"287.4719","period":"PT1M","low":"287.35","multiplier":"1","beginTime":"1640549862","endTime":"2019-12-30T10:47-05:00[America/New_York]","close":"287.38","open":"287.52"}
{"volume":"75847.0","ticker":"AAPL","high":"287.45","amount":"287.3331","period":"PT1M","low":"287.21","multiplier":"1","beginTime":"1640549862","endTime":"2019-12-30T10:48-05:00[America/New_York]","close":"287.275","open":"287.38"}
{"volume":"43757.0","ticker":"AAPL","high":"287.38","amount":"287.3265","period":"PT1M","low":"287.26","multiplier":"1","beginTime":"1640549862","endTime":"2019-12-30T10:49-05:00[America/New_York]","close":"287.27","open":"287.2942"}
{"volume":"45821.0","ticker":"AAPL","high":"287.36","amount":"287.3189","period":"PT1M","low":"287.26","multiplier":"1","beginTime":"1640549862","endTime":"2019-12-30T10:50-05:00[America/New_York]","close":"287.3","open":"287.27"}
{"volume":"57439.0","ticker":"AAPL","high":"287.316","amount":"287.2345","period":"PT1M","low":"287.18","multiplier":"1","beginTime":"1640549862","endTime":"2019-12-30T10:51-05:00[America/New_York]","close":"287.316","open":"287.2701"}
{"volume":"70032.0","ticker":"AAPL","high":"287.5","amount":"287.4004","period":"PT1M","low":"287.28","multiplier":"1","beginTime":"1640549862","endTime":"2019-12-30T10:52-05:00[America/New_York]","close":"287.4266","open":"287.315"}
{"volume":"52184.0","ticker":"AAPL","high":"287.55","amount":"287.4736","period":"PT1M","low":"287.3701","multiplier":"1","beginTime":"1640549862","endTime":"2019-12-30T10:53-05:00[America/New_York]","close":"287.49","open":"287.4391"}
{"volume":"69378.0","ticker":"AAPL","high":"287.7","amount":"287.5598","period":"PT1M","low":"287.43","multiplier":"1","beginTime":"1640549862","endTime":"2019-12-30T10:54-05:00[America/New_York]","close":"287.69","open":"287.47"}
{"volume":"43262.0","ticker":"AAPL","high":"287.694","amount":"287.5945","period":"PT1M","low":"287.52","multiplier":"1","beginTime":"1640549862","endTime":"2019-12-30T10:55-05:00[America/New_York]","close":"287.6608","open":"287.69"}
{"volume":"67760.0","ticker":"AAPL","high":"287.7904","amount":"287.6505","period":"PT1M","low":"287.4826","multiplier":"1","beginTime":"1640549862","endTime":"2019-12-30T10:56-05:00[America/New_York]","close":"287.56","open":"287.67"}
{"volume":"71700.0","ticker":"AAPL","high":"287.53","amount":"287.4166","period":"PT1M","low":"287.35","multiplier":"1","beginTime":"1640549862","endTime":"2019-12-30T10:57-05:00[America/New_York]","close":"287.39","open":"287.53"}
{"volume":"71087.0","ticker":"AAPL","high":"287.75","amount":"287.6144","period":"PT1M","low":"287.3868","multiplier":"1","beginTime":"1640549862","endTime":"2019-12-30T10:58-05:00[America/New_York]","close":"287.62","open":"287.3868"}
{"volume":"66824.0","ticker":"AAPL","high":"287.72","amount":"287.5919","period":"PT1M","low":"287.44","multiplier":"1","beginTime":"1640549862","endTime":"2019-12-30T10:59-05:00[America/New_York]","close":"287.615","open":"287.6238"}
{"volume":"48334.0","ticker":"AAPL","high":"287.79","amount":"287.6887","period":"PT1M","low":"287.54","multiplier":"1","beginTime":"1640549862","endTime":"2019-12-30T11:00-05:00[America/New_York]","close":"287.56","open":"287.6162"}
{"volume":"42224.0","ticker":"AAPL","high":"287.6501","amount":"287.5586","period":"PT1M","low":"287.466","multiplier":"1","beginTime":"1640549862","endTime":"2019-12-30T11:01-05:00[America/New_York]","close":"287.51","open":"287.59"}
{"volume":"68631.0","ticker":"AAPL","high":"287.5735","amount":"287.4303","period":"PT1M","low":"287.33","multiplier":"1","beginTime":"1640549862","endTime":"2019-12-30T11:02-05:00[America/New_York]","close":"287.41","open":"287.5276"}
{"volume":"66655.0","ticker":"AAPL","high":"287.47","amount":"287.3049","period":"PT1M","low":"287.18","multiplier":"1","beginTime":"1640549862","endTime":"2019-12-30T11:03-05:00[America/New_York]","close":"287.3264","open":"287.4"}
{"volume":"50535.0","ticker":"AAPL","high":"287.68","amount":"287.5412","period":"PT1M","low":"287.301","multiplier":"1","beginTime":"1640549862","endTime":"2019-12-30T11:04-05:00[America/New_York]","close":"287.6796","open":"287.301"}
{"volume":"141855.0","ticker":"AAPL","high":"288.08","amount":"287.9276","period":"PT1M","low":"287.64","multiplier":"1","beginTime":"1640549862","endTime":"2019-12-30T11:05-05:00[America/New_York]","close":"288.0197","open":"287.6779"}
{"volume":"103522.0","ticker":"AAPL","high":"288.09","amount":"287.9969","period":"PT1M","low":"287.93","multiplier":"1","beginTime":"1640549862","endTime":"2019-12-30T11:06-05:00[America/New_York]","close":"287.98","open":"288.02"}
{"volume":"95740.0","ticker":"AAPL","high":"287.97","amount":"287.8727","period":"PT1M","low":"287.74","multiplier":"1","beginTime":"1640549862","endTime":"2019-12-30T11:07-05:00[America/New_York]","close":"287.935","open":"287.97"}
{"volume":"50248.0","ticker":"AAPL","high":"287.99","amount":"287.8763","period":"PT1M","low":"287.7301","multiplier":"1","beginTime":"1640549862","endTime":"2019-12-30T11:08-05:00[America/New_York]","close":"287.788","open":"287.93"}
{"volume":"50097.0","ticker":"AAPL","high":"287.97","amount":"287.8844","period":"PT1M","low":"287.77","multiplier":"1","beginTime":"1640549862","endTime":"2019-12-30T11:09-05:00[America/New_York]","close":"287.92","open":"287.82"}
{"volume":"68475.0","ticker":"AAPL","high":"288.05","amount":"287.9029","period":"PT1M","low":"287.8","multiplier":"1","beginTime":"1640549862","endTime":"2019-12-30T11:10-05:00[America/New_York]","close":"287.94","open":"287.91"}
{"volume":"109291.0","ticker":"AAPL","high":"288.25","amount":"288.1408","period":"PT1M","low":"287.94","multiplier":"1","beginTime":"1640549862","endTime":"2019-12-30T11:11-05:00[America/New_York]","close":"288.06","open":"287.96"}
{"volume":"96918.0","ticker":"AAPL","high":"288.39","amount":"288.2646","period":"PT1M","low":"288.0579","multiplier":"1","beginTime":"1640549862","endTime":"2019-12-30T11:12-05:00[America/New_York]","close":"288.3722","open":"288.0579"}
{"volume":"122824.0","ticker":"AAPL","high":"288.5","amount":"288.3872","period":"PT1M","low":"288.26","multiplier":"1","beginTime":"1640549862","endTime":"2019-12-30T11:13-05:00[America/New_York]","close":"288.3498","open":"288.3811"}
{"volume":"137598.0","ticker":"AAPL","high":"288.75","amount":"288.5541","period":"PT1M","low":"288.34","multiplier":"1","beginTime":"1640549862","endTime":"2019-12-30T11:14-05:00[America/New_York]","close":"288.58","open":"288.3488"}
{"volume":"96906.0","ticker":"AAPL","high":"288.7","amount":"288.6035","period":"PT1M","low":"288.4702","multiplier":"1","beginTime":"1640549862","endTime":"2019-12-30T11:15-05:00[America/New_York]","close":"288.7","open":"288.57"}
{"volume":"101918.0","ticker":"AAPL","high":"288.8673","amount":"288.7937","period":"PT1M","low":"288.686","multiplier":"1","beginTime":"1640549862","endTime":"2019-12-30T11:16-05:00[America/New_York]","close":"288.8577","open":"288.7"}
{"volume":"97448.0","ticker":"AAPL","high":"289.0","amount":"288.9122","period":"PT1M","low":"288.8306","multiplier":"1","beginTime":"1640549862","endTime":"2019-12-30T11:17-05:00[America/New_York]","close":"288.9505","open":"288.86"}
{"volume":"118601.0","ticker":"AAPL","high":"289.09","amount":"288.9915","period":"PT1M","low":"288.91","multiplier":"1","beginTime":"1640549862","endTime":"2019-12-30T11:18-05:00[America/New_York]","close":"288.9325","open":"288.96"}
{"volume":"585635.0","ticker":"AAPL","high":"289.2","amount":"288.9198","period":"PT1M","low":"288.78","multiplier":"1","beginTime":"1640549862","endTime":"2019-12-30T11:19-05:00[America/New_York]","close":"289.1983","open":"288.93"}
{"volume":"132191.0","ticker":"AAPL","high":"289.2799","amount":"289.182","period":"PT1M","low":"289.02","multiplier":"1","beginTime":"1640549862","endTime":"2019-12-30T11:20-05:00[America/New_York]","close":"289.065","open":"289.1903"}
{"volume":"130060.0","ticker":"AAPL","high":"289.44","amount":"289.2907","period":"PT1M","low":"289.0471","multiplier":"1","beginTime":"1640549862","endTime":"2019-12-30T11:21-05:00[America/New_York]","close":"289.3109","open":"289.06"}
{"volume":"142756.0","ticker":"AAPL","high":"289.63","amount":"289.4665","period":"PT1M","low":"289.2601","multiplier":"1","beginTime":"1640549862","endTime":"2019-12-30T11:22-05:00[America/New_York]","close":"289.44","open":"289.3183"}
{"volume":"113659.0","ticker":"AAPL","high":"289.6","amount":"289.4932","period":"PT1M","low":"289.4","multiplier":"1","beginTime":"1640549862","endTime":"2019-12-30T11:23-05:00[America/New_York]","close":"289.5099","open":"289.46"}
{"volume":"111700.0","ticker":"AAPL","high":"289.66","amount":"289.5116","period":"PT1M","low":"289.38","multiplier":"1","beginTime":"1640549862","endTime":"2019-12-30T11:24-05:00[America/New_York]","close":"289.49","open":"289.511"}
{"volume":"134198.0","ticker":"AAPL","high":"289.52","amount":"289.3411","period":"PT1M","low":"289.17","multiplier":"1","beginTime":"1640549862","endTime":"2019-12-30T11:25-05:00[America/New_York]","close":"289.19","open":"289.49"}
{"volume":"70568.0","ticker":"AAPL","high":"289.3399","amount":"289.2523","period":"PT1M","low":"289.17","multiplier":"1","beginTime":"1640549862","endTime":"2019-12-30T11:26-05:00[America/New_York]","close":"289.3374","open":"289.1899"}
{"volume":"94258.0","ticker":"AAPL","high":"289.37","amount":"289.3036","period":"PT1M","low":"289.2","multiplier":"1","beginTime":"1640549862","endTime":"2019-12-30T11:27-05:00[America/New_York]","close":"289.23","open":"289.331"}
{"volume":"82612.0","ticker":"AAPL","high":"289.27","amount":"289.1654","period":"PT1M","low":"289.09","multiplier":"1","beginTime":"1640549862","endTime":"2019-12-30T11:28-05:00[America/New_York]","close":"289.1627","open":"289.25"}
{"volume":"78098.0","ticker":"AAPL","high":"289.37","amount":"289.2347","period":"PT1M","low":"289.13","multiplier":"1","beginTime":"1640549862","endTime":"2019-12-30T11:29-05:00[America/New_York]","close":"289.23","open":"289.19"}
{"volume":"389380.0","ticker":"AAPL","high":"289.39","amount":"289.1689","period":"PT1M","low":"289.16","multiplier":"1","beginTime":"1640549862","endTime":"2019-12-30T11:30-05:00[America/New_York]","close":"289.36","open":"289.24"}
{"volume":"78517.0","ticker":"AAPL","high":"289.44","amount":"289.3277","period":"PT1M","low":"289.21","multiplier":"1","beginTime":"1640549862","endTime":"2019-12-30T11:31-05:00[America/New_York]","close":"289.3963","open":"289.365"}
{"volume":"59493.0","ticker":"AAPL","high":"289.48","amount":"289.3913","period":"PT1M","low":"289.31","multiplier":"1","beginTime":"1640549862","endTime":"2019-12-30T11:32-05:00[America/New_York]","close":"289.3341","open":"289.41"}
{"volume":"125387.0","ticker":"AAPL","high":"289.73","amount":"289.5933","period":"PT1M","low":"289.3301","multiplier":"1","beginTime":"1640549862","endTime":"2019-12-30T11:33-05:00[America/New_York]","close":"289.67","open":"289.3301"}
{"volume":"124920.0","ticker":"AAPL","high":"289.79","amount":"289.7116","period":"PT1M","low":"289.64","multiplier":"1","beginTime":"1640549862","endTime":"2019-12-30T11:34-05:00[America/New_York]","close":"289.72","open":"289.68"}
{"volume":"165317.0","ticker":"AAPL","high":"289.97","amount":"289.8558","period":"PT1M","low":"289.73","multiplier":"1","beginTime":"1640549862","endTime":"2019-12-30T11:35-05:00[America/New_York]","close":"289.9","open":"289.73"}
{"volume":"136635.0","ticker":"AAPL","high":"290.07","amount":"289.9761","period":"PT1M","low":"289.8945","multiplier":"1","beginTime":"1640549862","endTime":"2019-12-30T11:36-05:00[America/New_York]","close":"289.96","open":"289.9"}
{"volume":"113287.0","ticker":"AAPL","high":"289.97","amount":"289.7582","period":"PT1M","low":"289.63","multiplier":"1","beginTime":"1640549862","endTime":"2019-12-30T11:37-05:00[America/New_York]","close":"289.71","open":"289.97"}
{"volume":"76380.0","ticker":"AAPL","high":"289.77","amount":"289.6487","period":"PT1M","low":"289.55","multiplier":"1","beginTime":"1640549862","endTime":"2019-12-30T11:38-05:00[America/New_York]","close":"289.6363","open":"289.73"}
{"volume":"94904.0","ticker":"AAPL","high":"289.69","amount":"289.5276","period":"PT1M","low":"289.41","multiplier":"1","beginTime":"1640549862","endTime":"2019-12-30T11:39-05:00[America/New_York]","close":"289.505","open":"289.5901"}
{"volume":"72508.0","ticker":"AAPL","high":"289.5599","amount":"289.4663","period":"PT1M","low":"289.3467","multiplier":"1","beginTime":"1640549862","endTime":"2019-12-30T11:40-05:00[America/New_York]","close":"289.3799","open":"289.505"}
{"volume":"70627.0","ticker":"AAPL","high":"289.5333","amount":"289.3785","period":"PT1M","low":"289.25","multiplier":"1","beginTime":"1640549862","endTime":"2019-12-30T11:41-05:00[America/New_York]","close":"289.3367","open":"289.38"}
{"volume":"58913.0","ticker":"AAPL","high":"289.3799","amount":"289.3038","period":"PT1M","low":"289.25","multiplier":"1","beginTime":"1640549862","endTime":"2019-12-30T11:42-05:00[America/New_York]","close":"289.25","open":"289.31"}
{"volume":"107963.0","ticker":"AAPL","high":"289.58","amount":"289.454","period":"PT1M","low":"289.25","multiplier":"1","beginTime":"1640549862","endTime":"2019-12-30T11:43-05:00[America/New_York]","close":"289.485","open":"289.25"}
{"volume":"102559.0","ticker":"AAPL","high":"289.7614","amount":"289.6117","period":"PT1M","low":"289.48","multiplier":"1","beginTime":"1640549862","endTime":"2019-12-30T11:44-05:00[America/New_York]","close":"289.6598","open":"289.48"}
{"volume":"185455.0","ticker":"AAPL","high":"290.08","amount":"289.9308","period":"PT1M","low":"289.6698","multiplier":"1","beginTime":"1640549862","endTime":"2019-12-30T11:45-05:00[America/New_York]","close":"290.02","open":"289.67"}
{"volume":"128077.0","ticker":"AAPL","high":"290.2","amount":"290.0951","period":"PT1M","low":"289.97","multiplier":"1","beginTime":"1640549862","endTime":"2019-12-30T11:46-05:00[America/New_York]","close":"289.97","open":"290.03"}
{"volume":"92768.0","ticker":"AAPL","high":"290.11","amount":"290.0128","period":"PT1M","low":"289.92","multiplier":"1","beginTime":"1640549862","endTime":"2019-12-30T11:47-05:00[America/New_York]","close":"290.041","open":"289.98"}
{"volume":"87566.0","ticker":"AAPL","high":"290.2224","amount":"290.1067","period":"PT1M","low":"290.03","multiplier":"1","beginTime":"1640549862","endTime":"2019-12-30T11:48-05:00[America/New_York]","close":"290.2224","open":"290.05"}
{"volume":"129555.0","ticker":"AAPL","high":"290.35","amount":"290.2894","period":"PT1M","low":"290.15","multiplier":"1","beginTime":"1640549862","endTime":"2019-12-30T11:49-05:00[America/New_York]","close":"290.33","open":"290.22"}
{"volume":"86606.0","ticker":"AAPL","high":"290.3547","amount":"290.2622","period":"PT1M","low":"290.13","multiplier":"1","beginTime":"1640549862","endTime":"2019-12-30T11:50-05:00[America/New_York]","close":"290.25","open":"290.34"}
{"volume":"91935.0","ticker":"AAPL","high":"290.4","amount":"290.34","period":"PT1M","low":"290.2347","multiplier":"1","beginTime":"1640549862","endTime":"2019-12-30T11:51-05:00[America/New_York]","close":"290.3741","open":"290.2698"}
{"volume":"79747.0","ticker":"AAPL","high":"290.53","amount":"290.4399","period":"PT1M","low":"290.355","multiplier":"1","beginTime":"1640549862","endTime":"2019-12-30T11:52-05:00[America/New_York]","close":"290.44","open":"290.3621"}
{"volume":"106746.0","ticker":"AAPL","high":"290.53","amount":"290.4495","period":"PT1M","low":"290.34","multiplier":"1","beginTime":"1640549862","endTime":"2019-12-30T11:53-05:00[America/New_York]","close":"290.46","open":"290.45"}
{"volume":"122494.0","ticker":"AAPL","high":"290.68","amount":"290.5061","period":"PT1M","low":"290.45","multiplier":"1","beginTime":"1640549862","endTime":"2019-12-30T11:54-05:00[America/New_York]","close":"290.67","open":"290.4721"}
{"volume":"130782.0","ticker":"AAPL","high":"290.6799","amount":"290.5121","period":"PT1M","low":"290.385","multiplier":"1","beginTime":"1640549862","endTime":"2019-12-30T11:55-05:00[America/New_York]","close":"290.4815","open":"290.67"}
{"volume":"59581.0","ticker":"AAPL","high":"290.61","amount":"290.5263","period":"PT1M","low":"290.43","multiplier":"1","beginTime":"1640549862","endTime":"2019-12-30T11:56-05:00[America/New_York]","close":"290.57","open":"290.49"}
{"volume":"132690.0","ticker":"AAPL","high":"290.86","amount":"290.7574","period":"PT1M","low":"290.56","multiplier":"1","beginTime":"1640549862","endTime":"2019-12-30T11:57-05:00[America/New_York]","close":"290.66","open":"290.57"}
{"volume":"96790.0","ticker":"AAPL","high":"290.76","amount":"290.6496","period":"PT1M","low":"290.51","multiplier":"1","beginTime":"1640549862","endTime":"2019-12-30T11:58-05:00[America/New_York]","close":"290.5101","open":"290.66"}
{"volume":"118429.0","ticker":"AAPL","high":"290.52","amount":"290.415","period":"PT1M","low":"290.3107","multiplier":"1","beginTime":"1640549862","endTime":"2019-12-30T11:59-05:00[America/New_York]","close":"290.4658","open":"290.5116"}
{"volume":"75600.0","ticker":"AAPL","high":"290.45","amount":"290.3318","period":"PT1M","low":"290.2493","multiplier":"1","beginTime":"1640549862","endTime":"2019-12-30T12:00-05:00[America/New_York]","close":"290.41","open":"290.45"}
{"volume":"119743.0","ticker":"AAPL","high":"290.59","amount":"290.4899","period":"PT1M","low":"290.4078","multiplier":"1","beginTime":"1640549862","endTime":"2019-12-30T12:01-05:00[America/New_York]","close":"290.4903","open":"290.42"}
{"volume":"100456.0","ticker":"AAPL","high":"290.82","amount":"290.7248","period":"PT1M","low":"290.48","multiplier":"1","beginTime":"1640549862","endTime":"2019-12-30T12:02-05:00[America/New_York]","close":"290.72","open":"290.5043"}
{"volume":"180746.0","ticker":"AAPL","high":"291.2","amount":"290.9649","period":"PT1M","low":"290.7437","multiplier":"1","beginTime":"1640549862","endTime":"2019-12-30T12:03-05:00[America/New_York]","close":"291.2","open":"290.75"}
{"volume":"189414.0","ticker":"AAPL","high":"291.45","amount":"291.3199","period":"PT1M","low":"291.1999","multiplier":"1","beginTime":"1640549862","endTime":"2019-12-30T12:04-05:00[America/New_York]","close":"291.3263","open":"291.1999"}
{"volume":"116058.0","ticker":"AAPL","high":"291.38","amount":"291.1973","period":"PT1M","low":"291.06","multiplier":"1","beginTime":"1640549862","endTime":"2019-12-30T12:05-05:00[America/New_York]","close":"291.22","open":"291.3269"}
{"volume":"189749.0","ticker":"AAPL","high":"291.5","amount":"291.3552","period":"PT1M","low":"291.18","multiplier":"1","beginTime":"1640549862","endTime":"2019-12-30T12:06-05:00[America/New_York]","close":"291.4017","open":"291.2041"}
{"volume":"152495.0","ticker":"AAPL","high":"291.64","amount":"291.506","period":"PT1M","low":"291.33","multiplier":"1","beginTime":"1640549862","endTime":"2019-12-30T12:07-05:00[America/New_York]","close":"291.64","open":"291.42"}
{"volume":"121835.0","ticker":"AAPL","high":"291.79","amount":"291.678","period":"PT1M","low":"291.5545","multiplier":"1","beginTime":"1640549862","endTime":"2019-12-30T12:08-05:00[America/New_York]","close":"291.575","open":"291.62"}
{"volume":"142466.0","ticker":"AAPL","high":"291.6","amount":"291.4992","period":"PT1M","low":"291.376","multiplier":"1","beginTime":"1640549862","endTime":"2019-12-30T12:09-05:00[America/New_York]","close":"291.48","open":"291.5754"}
{"volume":"66909.0","ticker":"AAPL","high":"291.5","amount":"291.4444","period":"PT1M","low":"291.4","multiplier":"1","beginTime":"1640549862","endTime":"2019-12-30T12:10-05:00[America/New_York]","close":"291.41","open":"291.485"}
{"volume":"72177.0","ticker":"AAPL","high":"291.61","amount":"291.526","period":"PT1M","low":"291.42","multiplier":"1","beginTime":"1640549862","endTime":"2019-12-30T12:11-05:00[America/New_York]","close":"291.5901","open":"291.4251"}
{"volume":"85508.0","ticker":"AAPL","high":"291.61","amount":"291.4451","period":"PT1M","low":"291.36","multiplier":"1","beginTime":"1640549862","endTime":"2019-12-30T12:12-05:00[America/New_York]","close":"291.4524","open":"291.61"}
{"volume":"89230.0","ticker":"AAPL","high":"291.49","amount":"291.3544","period":"PT1M","low":"291.26","multiplier":"1","beginTime":"1640549862","endTime":"2019-12-30T12:13-05:00[America/New_York]","close":"291.26","open":"291.4576"}
{"volume":"60719.0","ticker":"AAPL","high":"291.44","amount":"291.3038","period":"PT1M","low":"291.22","multiplier":"1","beginTime":"1640549862","endTime":"2019-12-30T12:14-05:00[America/New_York]","close":"291.4399","open":"291.2645"}
{"volume":"176794.0","ticker":"AAPL","high":"291.86","amount":"291.6317","period":"PT1M","low":"291.3501","multiplier":"1","beginTime":"1640549862","endTime":"2019-12-30T12:15-05:00[America/New_York]","close":"291.7469","open":"291.44"}
{"volume":"128479.0","ticker":"AAPL","high":"291.75","amount":"291.6338","period":"PT1M","low":"291.56","multiplier":"1","beginTime":"1640549862","endTime":"2019-12-30T12:16-05:00[America/New_York]","close":"291.57","open":"291.749"}
{"volume":"87749.0","ticker":"AAPL","high":"291.57","amount":"291.5099","period":"PT1M","low":"291.4201","multiplier":"1","beginTime":"1640549862","endTime":"2019-12-30T12:17-05:00[America/New_York]","close":"291.45","open":"291.54"}
{"volume":"117791.0","ticker":"AAPL","high":"291.46","amount":"291.2785","period":"PT1M","low":"291.1471","multiplier":"1","beginTime":"1640549862","endTime":"2019-12-30T12:18-05:00[America/New_York]","close":"291.18","open":"291.45"}
{"volume":"79541.0","ticker":"AAPL","high":"291.2899","amount":"291.1486","period":"PT1M","low":"291.03","multiplier":"1","beginTime":"1640549862","endTime":"2019-12-30T12:19-05:00[America/New_York]","close":"291.04","open":"291.18"}
{"volume":"115651.0","ticker":"AAPL","high":"291.09","amount":"291.0151","period":"PT1M","low":"290.93","multiplier":"1","beginTime":"1640549862","endTime":"2019-12-30T12:20-05:00[America/New_York]","close":"290.9567","open":"291.0473"}
{"volume":"77531.0","ticker":"AAPL","high":"291.05","amount":"290.981","period":"PT1M","low":"290.9","multiplier":"1","beginTime":"1640549862","endTime":"2019-12-30T12:21-05:00[America/New_York]","close":"291.0299","open":"290.98"}
{"volume":"68239.0","ticker":"AAPL","high":"291.17","amount":"291.0577","period":"PT1M","low":"290.95","multiplier":"1","beginTime":"1640549862","endTime":"2019-12-30T12:22-05:00[America/New_York]","close":"291.04","open":"291.015"}
{"volume":"55007.0","ticker":"AAPL","high":"291.13","amount":"291.0928","period":"PT1M","low":"291.0316","multiplier":"1","beginTime":"1640549862","endTime":"2019-12-30T12:23-05:00[America/New_York]","close":"291.1","open":"291.0316"}
{"volume":"42921.0","ticker":"AAPL","high":"291.21","amount":"291.1533","period":"PT1M","low":"291.0722","multiplier":"1","beginTime":"1640549862","endTime":"2019-12-30T12:24-05:00[America/New_York]","close":"291.2092","open":"291.11"}
{"volume":"65849.0","ticker":"AAPL","high":"291.37","amount":"291.294","period":"PT1M","low":"291.2","multiplier":"1","beginTime":"1640549862","endTime":"2019-12-30T12:25-05:00[America/New_York]","close":"291.29","open":"291.22"}
{"volume":"85159.0","ticker":"AAPL","high":"291.4968","amount":"291.4026","period":"PT1M","low":"291.27","multiplier":"1","beginTime":"1640549862","endTime":"2019-12-30T12:26-05:00[America/New_York]","close":"291.3968","open":"291.27"}
{"volume":"55041.0","ticker":"AAPL","high":"291.42","amount":"291.2891","period":"PT1M","low":"291.1707","multiplier":"1","beginTime":"1640549862","endTime":"2019-12-30T12:27-05:00[America/New_York]","close":"291.21","open":"291.41"}
{"volume":"72594.0","ticker":"AAPL","high":"291.296","amount":"291.2036","period":"PT1M","low":"291.08","multiplier":"1","beginTime":"1640549862","endTime":"2019-12-30T12:28-05:00[America/New_York]","close":"291.12","open":"291.2183"}
{"volume":"37568.0","ticker":"AAPL","high":"291.2199","amount":"291.1495","period":"PT1M","low":"291.1001","multiplier":"1","beginTime":"1640549862","endTime":"2019-12-30T12:29-05:00[America/New_York]","close":"291.1254","open":"291.1335"}
{"volume":"54308.0","ticker":"AAPL","high":"291.37","amount":"291.2759","period":"PT1M","low":"291.1236","multiplier":"1","beginTime":"1640549862","endTime":"2019-12-30T12:30-05:00[America/New_York]","close":"291.35","open":"291.1236"}
{"volume":"69946.0","ticker":"AAPL","high":"291.5","amount":"291.4245","period":"PT1M","low":"291.3202","multiplier":"1","beginTime":"1640549862","endTime":"2019-12-30T12:31-05:00[America/New_York]","close":"291.4001","open":"291.33"}
{"volume":"80797.0","ticker":"AAPL","high":"291.6199","amount":"291.5028","period":"PT1M","low":"291.3811","multiplier":"1","beginTime":"1640549862","endTime":"2019-12-30T12:32-05:00[America/New_York]","close":"291.596","open":"291.43"}
{"volume":"57171.0","ticker":"AAPL","high":"291.64","amount":"291.4937","period":"PT1M","low":"291.36","multiplier":"1","beginTime":"1640549862","endTime":"2019-12-30T12:33-05:00[America/New_York]","close":"291.39","open":"291.6151"}
{"volume":"31504.0","ticker":"AAPL","high":"291.47","amount":"291.4201","period":"PT1M","low":"291.35","multiplier":"1","beginTime":"1640549862","endTime":"2019-12-30T12:34-05:00[America/New_York]","close":"291.47","open":"291.38"}
{"volume":"38081.0","ticker":"AAPL","high":"291.53","amount":"291.4637","period":"PT1M","low":"291.42","multiplier":"1","beginTime":"1640549862","endTime":"2019-12-30T12:35-05:00[America/New_York]","close":"291.44","open":"291.4725"}
{"volume":"42344.0","ticker":"AAPL","high":"291.644","amount":"291.5434","period":"PT1M","low":"291.4489","multiplier":"1","beginTime":"1640549862","endTime":"2019-12-30T12:36-05:00[America/New_York]","close":"291.6299","open":"291.4489"}
{"volume":"69847.0","ticker":"AAPL","high":"291.71","amount":"291.6056","period":"PT1M","low":"291.4997","multiplier":"1","beginTime":"1640549862","endTime":"2019-12-30T12:37-05:00[America/New_York]","close":"291.5","open":"291.6457"}
{"volume":"57421.0","ticker":"AAPL","high":"291.53","amount":"291.4269","period":"PT1M","low":"291.32","multiplier":"1","beginTime":"1640549862","endTime":"2019-12-30T12:38-05:00[America/New_York]","close":"291.47","open":"291.51"}
{"volume":"34965.0","ticker":"AAPL","high":"291.5599","amount":"291.5198","period":"PT1M","low":"291.4676","multiplier":"1","beginTime":"1640549862","endTime":"2019-12-30T12:39-05:00[America/New_York]","close":"291.48","open":"291.4676"}
{"volume":"48114.0","ticker":"AAPL","high":"291.56","amount":"291.4454","period":"PT1M","low":"291.35","multiplier":"1","beginTime":"1640549862","endTime":"2019-12-30T12:40-05:00[America/New_York]","close":"291.42","open":"291.485"}
{"volume":"42848.0","ticker":"AAPL","high":"291.49","amount":"291.3795","period":"PT1M","low":"291.3","multiplier":"1","beginTime":"1640549862","endTime":"2019-12-30T12:41-05:00[America/New_York]","close":"291.37","open":"291.4241"}
{"volume":"42214.0","ticker":"AAPL","high":"291.477","amount":"291.4148","period":"PT1M","low":"291.33","multiplier":"1","beginTime":"1640549862","endTime":"2019-12-30T12:42-05:00[America/New_York]","close":"291.43","open":"291.33"}
{"volume":"61232.0","ticker":"AAPL","high":"291.7","amount":"291.5936","period":"PT1M","low":"291.4413","multiplier":"1","beginTime":"1640549862","endTime":"2019-12-30T12:43-05:00[America/New_York]","close":"291.6225","open":"291.45"}
{"volume":"42413.0","ticker":"AAPL","high":"291.65","amount":"291.568","period":"PT1M","low":"291.45","multiplier":"1","beginTime":"1640549862","endTime":"2019-12-30T12:44-05:00[America/New_York]","close":"291.53","open":"291.6301"}
{"volume":"59619.0","ticker":"AAPL","high":"291.75","amount":"291.6767","period":"PT1M","low":"291.54","multiplier":"1","beginTime":"1640549862","endTime":"2019-12-30T12:45-05:00[America/New_York]","close":"291.7259","open":"291.54"}
{"volume":"82644.0","ticker":"AAPL","high":"291.85","amount":"291.7722","period":"PT1M","low":"291.7079","multiplier":"1","beginTime":"1640549862","endTime":"2019-12-30T12:46-05:00[America/New_York]","close":"291.7946","open":"291.7119"}
{"volume":"43937.0","ticker":"AAPL","high":"291.82","amount":"291.7428","period":"PT1M","low":"291.64","multiplier":"1","beginTime":"1640549862","endTime":"2019-12-30T12:47-05:00[America/New_York]","close":"291.6801","open":"291.8"}
{"volume":"82064.0","ticker":"AAPL","high":"291.69","amount":"291.5268","period":"PT1M","low":"291.3885","multiplier":"1","beginTime":"1640549862","endTime":"2019-12-30T12:48-05:00[America/New_York]","close":"291.3922","open":"291.685"}
{"volume":"66866.0","ticker":"AAPL","high":"291.5609","amount":"291.423","period":"PT1M","low":"291.2895","multiplier":"1","beginTime":"1640549862","endTime":"2019-12-30T12:49-05:00[America/New_York]","close":"291.4393","open":"291.4"}
{"volume":"69601.0","ticker":"AAPL","high":"291.6443","amount":"291.5485","period":"PT1M","low":"291.441","multiplier":"1","beginTime":"1640549862","endTime":"2019-12-30T12:50-05:00[America/New_York]","close":"291.5998","open":"291.45"}
{"volume":"71844.0","ticker":"AAPL","high":"291.675","amount":"291.5976","period":"PT1M","low":"291.51","multiplier":"1","beginTime":"1640549862","endTime":"2019-12-30T12:51-05:00[America/New_York]","close":"291.6047","open":"291.61"}
{"volume":"50523.0","ticker":"AAPL","high":"291.7","amount":"291.6092","period":"PT1M","low":"291.54","multiplier":"1","beginTime":"1640549862","endTime":"2019-12-30T12:52-05:00[America/New_York]","close":"291.66","open":"291.6035"}
{"volume":"41596.0","ticker":"AAPL","high":"291.74","amount":"291.6641","period":"PT1M","low":"291.574","multiplier":"1","beginTime":"1640549862","endTime":"2019-12-30T12:53-05:00[America/New_York]","close":"291.6531","open":"291.6615"}
{"volume":"59139.0","ticker":"AAPL","high":"291.78","amount":"291.7264","period":"PT1M","low":"291.57","multiplier":"1","beginTime":"1640549862","endTime":"2019-12-30T12:54-05:00[America/New_York]","close":"291.6819","open":"291.69"}
{"volume":"101322.0","ticker":"AAPL","high":"291.89","amount":"291.8288","period":"PT1M","low":"291.71","multiplier":"1","beginTime":"1640549862","endTime":"2019-12-30T12:55-05:00[America/New_York]","close":"291.8","open":"291.71"}
{"volume":"92228.0","ticker":"AAPL","high":"291.8","amount":"291.5484","period":"PT1M","low":"291.36","multiplier":"1","beginTime":"1640549862","endTime":"2019-12-30T12:56-05:00[America/New_York]","close":"291.39","open":"291.794"}
{"volume":"52631.0","ticker":"AAPL","high":"291.56","amount":"291.4853","period":"PT1M","low":"291.36","multiplier":"1","beginTime":"1640549862","endTime":"2019-12-30T12:57-05:00[America/New_York]","close":"291.5192","open":"291.3701"}
{"volume":"63214.0","ticker":"AAPL","high":"291.675","amount":"291.5859","period":"PT1M","low":"291.51","multiplier":"1","beginTime":"1640549862","endTime":"2019-12-30T12:58-05:00[America/New_York]","close":"291.5848","open":"291.51"}
{"volume":"33296.0","ticker":"AAPL","high":"291.64","amount":"291.5848","period":"PT1M","low":"291.4801","multiplier":"1","beginTime":"1640549862","endTime":"2019-12-30T12:59-05:00[America/New_York]","close":"291.4801","open":"291.5701"}
{"volume":"39453.0","ticker":"AAPL","high":"291.68","amount":"291.6151","period":"PT1M","low":"291.4623","multiplier":"1","beginTime":"1640549862","endTime":"2019-12-30T13:00-05:00[America/New_York]","close":"291.62","open":"291.48"}
{"volume":"48175.0","ticker":"AAPL","high":"291.75","amount":"291.6585","period":"PT1M","low":"291.57","multiplier":"1","beginTime":"1640549862","endTime":"2019-12-30T13:01-05:00[America/New_York]","close":"291.67","open":"291.6066"}
{"volume":"40655.0","ticker":"AAPL","high":"291.74","amount":"291.6799","period":"PT1M","low":"291.6","multiplier":"1","beginTime":"1640549862","endTime":"2019-12-30T13:02-05:00[America/New_York]","close":"291.652","open":"291.6626"}
{"volume":"31658.0","ticker":"AAPL","high":"291.69","amount":"291.6148","period":"PT1M","low":"291.53","multiplier":"1","beginTime":"1640549862","endTime":"2019-12-30T13:03-05:00[America/New_York]","close":"291.55","open":"291.66"}
{"volume":"54759.0","ticker":"AAPL","high":"291.5599","amount":"291.4468","period":"PT1M","low":"291.3","multiplier":"1","beginTime":"1640549862","endTime":"2019-12-30T13:04-05:00[America/New_York]","close":"291.3142","open":"291.5507"}
{"volume":"32922.0","ticker":"AAPL","high":"291.495","amount":"291.4405","period":"PT1M","low":"291.34","multiplier":"1","beginTime":"1640549862","endTime":"2019-12-30T13:05-05:00[America/New_York]","close":"291.49","open":"291.34"}
{"volume":"63749.0","ticker":"AAPL","high":"291.5624","amount":"291.3877","period":"PT1M","low":"291.23","multiplier":"1","beginTime":"1640549862","endTime":"2019-12-30T13:06-05:00[America/New_York]","close":"291.3586","open":"291.5"}
{"volume":"42077.0","ticker":"AAPL","high":"291.37","amount":"291.2905","period":"PT1M","low":"291.2161","multiplier":"1","beginTime":"1640549862","endTime":"2019-12-30T13:07-05:00[America/New_York]","close":"291.2378","open":"291.35"}
{"volume":"54103.0","ticker":"AAPL","high":"291.2887","amount":"291.2155","period":"PT1M","low":"291.15","multiplier":"1","beginTime":"1640549862","endTime":"2019-12-30T13:08-05:00[America/New_York]","close":"291.155","open":"291.23"}
{"volume":"106838.0","ticker":"AAPL","high":"291.19","amount":"291.1313","period":"PT1M","low":"291.0","multiplier":"1","beginTime":"1640549862","endTime":"2019-12-30T13:09-05:00[America/New_York]","close":"291.03","open":"291.15"}
{"volume":"51645.0","ticker":"AAPL","high":"291.16","amount":"291.0549","period":"PT1M","low":"290.96","multiplier":"1","beginTime":"1640549862","endTime":"2019-12-30T13:10-05:00[America/New_York]","close":"291.16","open":"291.05"}
{"volume":"44010.0","ticker":"AAPL","high":"291.27","amount":"291.2101","period":"PT1M","low":"291.13","multiplier":"1","beginTime":"1640549862","endTime":"2019-12-30T13:11-05:00[America/New_York]","close":"291.248","open":"291.16"}
{"volume":"37828.0","ticker":"AAPL","high":"291.3","amount":"291.2429","period":"PT1M","low":"291.186","multiplier":"1","beginTime":"1640549862","endTime":"2019-12-30T13:12-05:00[America/New_York]","close":"291.26","open":"291.23"}
{"volume":"34299.0","ticker":"AAPL","high":"291.3278","amount":"291.276","period":"PT1M","low":"291.24","multiplier":"1","beginTime":"1640549862","endTime":"2019-12-30T13:13-05:00[America/New_York]","close":"291.315","open":"291.28"}
{"volume":"37639.0","ticker":"AAPL","high":"291.3199","amount":"291.2887","period":"PT1M","low":"291.19","multiplier":"1","beginTime":"1640549862","endTime":"2019-12-30T13:14-05:00[America/New_York]","close":"291.28","open":"291.3"}
{"volume":"47515.0","ticker":"AAPL","high":"291.48","amount":"291.4022","period":"PT1M","low":"291.26","multiplier":"1","beginTime":"1640549862","endTime":"2019-12-30T13:15-05:00[America/New_York]","close":"291.42","open":"291.27"}
{"volume":"41122.0","ticker":"AAPL","high":"291.58","amount":"291.5048","period":"PT1M","low":"291.406","multiplier":"1","beginTime":"1640549862","endTime":"2019-12-30T13:16-05:00[America/New_York]","close":"291.58","open":"291.4097"}
{"volume":"33567.0","ticker":"AAPL","high":"291.5791","amount":"291.5116","period":"PT1M","low":"291.45","multiplier":"1","beginTime":"1640549862","endTime":"2019-12-30T13:17-05:00[America/New_York]","close":"291.5","open":"291.5745"}
{"volume":"39878.0","ticker":"AAPL","high":"291.52","amount":"291.4216","period":"PT1M","low":"291.3315","multiplier":"1","beginTime":"1640549862","endTime":"2019-12-30T13:18-05:00[America/New_York]","close":"291.37","open":"291.497"}
{"volume":"22553.0","ticker":"AAPL","high":"291.4279","amount":"291.3569","period":"PT1M","low":"291.2775","multiplier":"1","beginTime":"1640549862","endTime":"2019-12-30T13:19-05:00[America/New_York]","close":"291.3275","open":"291.3601"}
{"volume":"25281.0","ticker":"AAPL","high":"291.3699","amount":"291.298","period":"PT1M","low":"291.2551","multiplier":"1","beginTime":"1640549862","endTime":"2019-12-30T13:20-05:00[America/New_York]","close":"291.2551","open":"291.3101"}
{"volume":"22306.0","ticker":"AAPL","high":"291.4","amount":"291.34","period":"PT1M","low":"291.26","multiplier":"1","beginTime":"1640549862","endTime":"2019-12-30T13:21-05:00[America/New_York]","close":"291.33","open":"291.2636"}
{"volume":"35355.0","ticker":"AAPL","high":"291.4733","amount":"291.4044","period":"PT1M","low":"291.31","multiplier":"1","beginTime":"1640549862","endTime":"2019-12-30T13:22-05:00[America/New_York]","close":"291.43","open":"291.3392"}
{"volume":"48275.0","ticker":"AAPL","high":"291.61","amount":"291.5103","period":"PT1M","low":"291.4308","multiplier":"1","beginTime":"1640549862","endTime":"2019-12-30T13:23-05:00[America/New_York]","close":"291.4416","open":"291.4509"}
{"volume":"25395.0","ticker":"AAPL","high":"291.53","amount":"291.4639","period":"PT1M","low":"291.39","multiplier":"1","beginTime":"1640549862","endTime":"2019-12-30T13:24-05:00[America/New_York]","close":"291.45","open":"291.454"}
{"volume":"45547.0","ticker":"AAPL","high":"291.58","amount":"291.5191","period":"PT1M","low":"291.4508","multiplier":"1","beginTime":"1640549862","endTime":"2019-12-30T13:25-05:00[America/New_York]","close":"291.53","open":"291.4857"}
{"volume":"104878.0","ticker":"AAPL","high":"291.74","amount":"291.6802","period":"PT1M","low":"291.5335","multiplier":"1","beginTime":"1640549862","endTime":"2019-12-30T13:26-05:00[America/New_York]","close":"291.7101","open":"291.5335"}
{"volume":"71808.0","ticker":"AAPL","high":"291.87","amount":"291.7912","period":"PT1M","low":"291.697","multiplier":"1","beginTime":"1640549862","endTime":"2019-12-30T13:27-05:00[America/New_York]","close":"291.7818","open":"291.71"}
{"volume":"45227.0","ticker":"AAPL","high":"291.8","amount":"291.7009","period":"PT1M","low":"291.61","multiplier":"1","beginTime":"1640549862","endTime":"2019-12-30T13:28-05:00[America/New_York]","close":"291.66","open":"291.798"}
{"volume":"47778.0","ticker":"AAPL","high":"291.8","amount":"291.6965","period":"PT1M","low":"291.57","multiplier":"1","beginTime":"1640549862","endTime":"2019-12-30T13:29-05:00[America/New_York]","close":"291.617","open":"291.68"}
{"volume":"48112.0","ticker":"AAPL","high":"291.71","amount":"291.606","period":"PT1M","low":"291.49","multiplier":"1","beginTime":"1640549862","endTime":"2019-12-30T13:30-05:00[America/New_York]","close":"291.64","open":"291.64"}
{"volume":"57262.0","ticker":"AAPL","high":"291.84","amount":"291.7664","period":"PT1M","low":"291.63","multiplier":"1","beginTime":"1640549862","endTime":"2019-12-30T13:31-05:00[America/New_York]","close":"291.75","open":"291.64"}
{"volume":"47794.0","ticker":"AAPL","high":"291.7999","amount":"291.7398","period":"PT1M","low":"291.69","multiplier":"1","beginTime":"1640549862","endTime":"2019-12-30T13:32-05:00[America/New_York]","close":"291.7483","open":"291.765"}
{"volume":"39886.0","ticker":"AAPL","high":"291.7753","amount":"291.7234","period":"PT1M","low":"291.666","multiplier":"1","beginTime":"1640549862","endTime":"2019-12-30T13:33-05:00[America/New_York]","close":"291.6906","open":"291.75"}
{"volume":"32211.0","ticker":"AAPL","high":"291.76","amount":"291.7208","period":"PT1M","low":"291.66","multiplier":"1","beginTime":"1640549862","endTime":"2019-12-30T13:34-05:00[America/New_York]","close":"291.69","open":"291.686"}
{"volume":"38419.0","ticker":"AAPL","high":"291.79","amount":"291.7528","period":"PT1M","low":"291.68","multiplier":"1","beginTime":"1640549862","endTime":"2019-12-30T13:35-05:00[America/New_York]","close":"291.755","open":"291.695"}
{"volume":"90382.0","ticker":"AAPL","high":"291.96","amount":"291.8769","period":"PT1M","low":"291.74","multiplier":"1","beginTime":"1640549862","endTime":"2019-12-30T13:36-05:00[America/New_York]","close":"291.927","open":"291.7623"}
{"volume":"186332.0","ticker":"AAPL","high":"292.14","amount":"292.0309","period":"PT1M","low":"291.9375","multiplier":"1","beginTime":"1640549862","endTime":"2019-12-30T13:37-05:00[America/New_York]","close":"292.1","open":"291.94"}
{"volume":"137629.0","ticker":"AAPL","high":"292.3","amount":"292.2098","period":"PT1M","low":"292.06","multiplier":"1","beginTime":"1640549862","endTime":"2019-12-30T13:38-05:00[America/New_York]","close":"292.17","open":"292.0963"}
{"volume":"107262.0","ticker":"AAPL","high":"292.38","amount":"292.252","period":"PT1M","low":"292.13","multiplier":"1","beginTime":"1640549862","endTime":"2019-12-30T13:39-05:00[America/New_York]","close":"292.33","open":"292.17"}
{"volume":"119243.0","ticker":"AAPL","high":"292.42","amount":"292.3117","period":"PT1M","low":"292.2033","multiplier":"1","beginTime":"1640549862","endTime":"2019-12-30T13:40-05:00[America/New_York]","close":"292.2139","open":"292.33"}
{"volume":"74337.0","ticker":"AAPL","high":"292.36","amount":"292.2583","period":"PT1M","low":"292.14","multiplier":"1","beginTime":"1640549862","endTime":"2019-12-30T13:41-05:00[America/New_York]","close":"292.23","open":"292.203"}
{"volume":"41823.0","ticker":"AAPL","high":"292.32","amount":"292.2653","period":"PT1M","low":"292.2","multiplier":"1","beginTime":"1640549862","endTime":"2019-12-30T13:42-05:00[America/New_York]","close":"292.215","open":"292.2498"}
{"volume":"47867.0","ticker":"AAPL","high":"292.3399","amount":"292.2705","period":"PT1M","low":"292.18","multiplier":"1","beginTime":"1640549862","endTime":"2019-12-30T13:43-05:00[America/New_York]","close":"292.33","open":"292.221"}
{"volume":"106172.0","ticker":"AAPL","high":"292.49","amount":"292.4089","period":"PT1M","low":"292.3301","multiplier":"1","beginTime":"1640549862","endTime":"2019-12-30T13:44-05:00[America/New_York]","close":"292.4533","open":"292.3399"}
{"volume":"53794.0","ticker":"AAPL","high":"292.49","amount":"292.4598","period":"PT1M","low":"292.4133","multiplier":"1","beginTime":"1640549862","endTime":"2019-12-30T13:45-05:00[America/New_York]","close":"292.4545","open":"292.44"}
{"volume":"89846.0","ticker":"AAPL","high":"292.52","amount":"292.4417","period":"PT1M","low":"292.31","multiplier":"1","beginTime":"1640549862","endTime":"2019-12-30T13:46-05:00[America/New_York]","close":"292.34","open":"292.46"}
{"volume":"69033.0","ticker":"AAPL","high":"292.37","amount":"292.2642","period":"PT1M","low":"292.16","multiplier":"1","beginTime":"1640549862","endTime":"2019-12-30T13:47-05:00[America/New_York]","close":"292.2675","open":"292.37"}
{"volume":"59295.0","ticker":"AAPL","high":"292.2697","amount":"292.145","period":"PT1M","low":"292.06","multiplier":"1","beginTime":"1640549862","endTime":"2019-12-30T13:48-05:00[America/New_York]","close":"292.09","open":"292.2592"}
{"volume":"72367.0","ticker":"AAPL","high":"292.23","amount":"292.1435","period":"PT1M","low":"292.06","multiplier":"1","beginTime":"1640549862","endTime":"2019-12-30T13:49-05:00[America/New_York]","close":"292.12","open":"292.0975"}
{"volume":"61729.0","ticker":"AAPL","high":"292.37","amount":"292.2718","period":"PT1M","low":"292.1398","multiplier":"1","beginTime":"1640549862","endTime":"2019-12-30T13:50-05:00[America/New_York]","close":"292.315","open":"292.1398"}
{"volume":"57876.0","ticker":"AAPL","high":"292.49","amount":"292.4062","period":"PT1M","low":"292.3","multiplier":"1","beginTime":"1640549862","endTime":"2019-12-30T13:51-05:00[America/New_York]","close":"292.373","open":"292.3399"}
{"volume":"34618.0","ticker":"AAPL","high":"292.49","amount":"292.4322","period":"PT1M","low":"292.36","multiplier":"1","beginTime":"1640549862","endTime":"2019-12-30T13:52-05:00[America/New_York]","close":"292.44","open":"292.3817"}
{"volume":"49414.0","ticker":"AAPL","high":"292.4589","amount":"292.3075","period":"PT1M","low":"292.19","multiplier":"1","beginTime":"1640549862","endTime":"2019-12-30T13:53-05:00[America/New_York]","close":"292.21","open":"292.455"}
{"volume":"46517.0","ticker":"AAPL","high":"292.29","amount":"292.2211","period":"PT1M","low":"292.16","multiplier":"1","beginTime":"1640549862","endTime":"2019-12-30T13:54-05:00[America/New_York]","close":"292.29","open":"292.2"}
{"volume":"62981.0","ticker":"AAPL","high":"292.47","amount":"292.4138","period":"PT1M","low":"292.284","multiplier":"1","beginTime":"1640549862","endTime":"2019-12-30T13:55-05:00[America/New_York]","close":"292.41","open":"292.284"}
{"volume":"89594.0","ticker":"AAPL","high":"292.6","amount":"292.4758","period":"PT1M","low":"292.37","multiplier":"1","beginTime":"1640549862","endTime":"2019-12-30T13:56-05:00[America/New_York]","close":"292.4499","open":"292.38"}
{"volume":"88517.0","ticker":"AAPL","high":"292.65","amount":"292.5828","period":"PT1M","low":"292.45","multiplier":"1","beginTime":"1640549862","endTime":"2019-12-30T13:57-05:00[America/New_York]","close":"292.616","open":"292.45"}
{"volume":"59288.0","ticker":"AAPL","high":"292.69","amount":"292.6071","period":"PT1M","low":"292.5301","multiplier":"1","beginTime":"1640549862","endTime":"2019-12-30T13:58-05:00[America/New_York]","close":"292.61","open":"292.6001"}
{"volume":"42658.0","ticker":"AAPL","high":"292.6399","amount":"292.5872","period":"PT1M","low":"292.5101","multiplier":"1","beginTime":"1640549862","endTime":"2019-12-30T13:59-05:00[America/New_York]","close":"292.625","open":"292.595"}
{"volume":"54960.0","ticker":"AAPL","high":"292.6162","amount":"292.5541","period":"PT1M","low":"292.47","multiplier":"1","beginTime":"1640549862","endTime":"2019-12-30T14:00-05:00[America/New_York]","close":"292.5532","open":"292.6"}
{"volume":"77468.0","ticker":"AAPL","high":"292.55","amount":"292.4194","period":"PT1M","low":"292.31","multiplier":"1","beginTime":"1640549862","endTime":"2019-12-30T14:01-05:00[America/New_York]","close":"292.36","open":"292.55"}
{"volume":"139958.0","ticker":"AAPL","high":"292.378","amount":"292.145","period":"PT1M","low":"291.89","multiplier":"1","beginTime":"1640549862","endTime":"2019-12-30T14:02-05:00[America/New_York]","close":"291.9402","open":"292.36"}
{"volume":"93277.0","ticker":"AAPL","high":"292.1162","amount":"292.0096","period":"PT1M","low":"291.92","multiplier":"1","beginTime":"1640549862","endTime":"2019-12-30T14:03-05:00[America/New_York]","close":"292.0786","open":"291.95"}
{"volume":"72376.0","ticker":"AAPL","high":"292.25","amount":"292.1481","period":"PT1M","low":"292.0203","multiplier":"1","beginTime":"1640549862","endTime":"2019-12-30T14:04-05:00[America/New_York]","close":"292.0305","open":"292.0966"}
{"volume":"100326.0","ticker":"AAPL","high":"292.0568","amount":"291.9255","period":"PT1M","low":"291.84","multiplier":"1","beginTime":"1640549862","endTime":"2019-12-30T14:05-05:00[America/New_York]","close":"291.9","open":"292.04"}
{"volume":"51527.0","ticker":"AAPL","high":"291.965","amount":"291.8852","period":"PT1M","low":"291.8112","multiplier":"1","beginTime":"1640549862","endTime":"2019-12-30T14:06-05:00[America/New_York]","close":"291.9052","open":"291.895"}
{"volume":"68153.0","ticker":"AAPL","high":"292.11","amount":"291.9931","period":"PT1M","low":"291.8801","multiplier":"1","beginTime":"1640549862","endTime":"2019-12-30T14:07-05:00[America/New_York]","close":"292.0551","open":"291.9149"}
{"volume":"92693.0","ticker":"AAPL","high":"292.39","amount":"292.1899","period":"PT1M","low":"292.0485","multiplier":"1","beginTime":"1640549862","endTime":"2019-12-30T14:08-05:00[America/New_York]","close":"292.2288","open":"292.049"}
{"volume":"62604.0","ticker":"AAPL","high":"292.256","amount":"292.1612","period":"PT1M","low":"292.09","multiplier":"1","beginTime":"1640549862","endTime":"2019-12-30T14:09-05:00[America/New_York]","close":"292.142","open":"292.23"}
{"volume":"78063.0","ticker":"AAPL","high":"292.2","amount":"292.0512","period":"PT1M","low":"291.93","multiplier":"1","beginTime":"1640549862","endTime":"2019-12-30T14:10-05:00[America/New_York]","close":"292.0079","open":"292.16"}
{"volume":"35394.0","ticker":"AAPL","high":"292.02","amount":"291.9633","period":"PT1M","low":"291.894","multiplier":"1","beginTime":"1640549862","endTime":"2019-12-30T14:11-05:00[America/New_York]","close":"292.01","open":"291.98"}
{"volume":"40124.0","ticker":"AAPL","high":"292.0","amount":"291.9376","period":"PT1M","low":"291.8727","multiplier":"1","beginTime":"1640549862","endTime":"2019-12-30T14:12-05:00[America/New_York]","close":"291.96","open":"291.989"}
{"volume":"39597.0","ticker":"AAPL","high":"292.0","amount":"291.9225","period":"PT1M","low":"291.86","multiplier":"1","beginTime":"1640549862","endTime":"2019-12-30T14:13-05:00[America/New_York]","close":"291.9599","open":"291.9738"}
{"volume":"33348.0","ticker":"AAPL","high":"291.9699","amount":"291.9257","period":"PT1M","low":"291.89","multiplier":"1","beginTime":"1640549862","endTime":"2019-12-30T14:14-05:00[America/New_York]","close":"291.95","open":"291.96"}
{"volume":"51468.0","ticker":"AAPL","high":"292.15","amount":"292.0444","period":"PT1M","low":"291.94","multiplier":"1","beginTime":"1640549862","endTime":"2019-12-30T14:15-05:00[America/New_York]","close":"291.9501","open":"291.95"}
{"volume":"54831.0","ticker":"AAPL","high":"291.98","amount":"291.888","period":"PT1M","low":"291.78","multiplier":"1","beginTime":"1640549862","endTime":"2019-12-30T14:16-05:00[America/New_York]","close":"291.9","open":"291.955"}
{"volume":"31063.0","ticker":"AAPL","high":"291.96","amount":"291.9223","period":"PT1M","low":"291.89","multiplier":"1","beginTime":"1640549862","endTime":"2019-12-30T14:17-05:00[America/New_York]","close":"291.94","open":"291.89"}
{"volume":"31576.0","ticker":"AAPL","high":"292.04","amount":"291.9655","period":"PT1M","low":"291.856","multiplier":"1","beginTime":"1640549862","endTime":"2019-12-30T14:18-05:00[America/New_York]","close":"292.04","open":"291.94"}
{"volume":"59639.0","ticker":"AAPL","high":"292.16","amount":"292.1048","period":"PT1M","low":"292.01","multiplier":"1","beginTime":"1640549862","endTime":"2019-12-30T14:19-05:00[America/New_York]","close":"292.14","open":"292.05"}
{"volume":"46153.0","ticker":"AAPL","high":"292.1407","amount":"292.07","period":"PT1M","low":"292.02","multiplier":"1","beginTime":"1640549862","endTime":"2019-12-30T14:20-05:00[America/New_York]","close":"292.0745","open":"292.1399"}
{"volume":"35791.0","ticker":"AAPL","high":"292.0874","amount":"292.0254","period":"PT1M","low":"291.945","multiplier":"1","beginTime":"1640549862","endTime":"2019-12-30T14:21-05:00[America/New_York]","close":"291.97","open":"292.0765"}
{"volume":"64063.0","ticker":"AAPL","high":"292.09","amount":"291.9733","period":"PT1M","low":"291.905","multiplier":"1","beginTime":"1640549862","endTime":"2019-12-30T14:22-05:00[America/New_York]","close":"292.0611","open":"291.965"}
{"volume":"45158.0","ticker":"AAPL","high":"292.13","amount":"292.0929","period":"PT1M","low":"292.06","multiplier":"1","beginTime":"1640549862","endTime":"2019-12-30T14:23-05:00[America/New_York]","close":"292.091","open":"292.075"}
{"volume":"47484.0","ticker":"AAPL","high":"292.1","amount":"291.9975","period":"PT1M","low":"291.94","multiplier":"1","beginTime":"1640549862","endTime":"2019-12-30T14:24-05:00[America/New_York]","close":"291.9501","open":"292.1"}
{"volume":"62812.0","ticker":"AAPL","high":"292.1","amount":"291.9407","period":"PT1M","low":"291.85","multiplier":"1","beginTime":"1640549862","endTime":"2019-12-30T14:25-05:00[America/New_York]","close":"291.98","open":"291.95"}
{"volume":"30449.0","ticker":"AAPL","high":"292.0","amount":"291.7775","period":"PT1M","low":"291.85","multiplier":"1","beginTime":"1640549862","endTime":"2019-12-30T14:26-05:00[America/New_York]","close":"291.88","open":"291.9812"}
{"volume":"98903.0","ticker":"AAPL","high":"291.9127","amount":"291.7921","period":"PT1M","low":"291.64","multiplier":"1","beginTime":"1640549862","endTime":"2019-12-30T14:27-05:00[America/New_York]","close":"291.7","open":"291.8801"}
{"volume":"76931.0","ticker":"AAPL","high":"291.7354","amount":"291.6411","period":"PT1M","low":"291.556","multiplier":"1","beginTime":"1640549862","endTime":"2019-12-30T14:28-05:00[America/New_York]","close":"291.67","open":"291.71"}
{"volume":"57708.0","ticker":"AAPL","high":"291.75","amount":"291.6752","period":"PT1M","low":"291.59","multiplier":"1","beginTime":"1640549862","endTime":"2019-12-30T14:29-05:00[America/New_York]","close":"291.7096","open":"291.675"}
{"volume":"91824.0","ticker":"AAPL","high":"291.69","amount":"291.5147","period":"PT1M","low":"291.3702","multiplier":"1","beginTime":"1640549862","endTime":"2019-12-30T14:30-05:00[America/New_York]","close":"291.4","open":"291.69"}
{"volume":"62117.0","ticker":"AAPL","high":"291.42","amount":"291.3719","period":"PT1M","low":"291.31","multiplier":"1","beginTime":"1640549862","endTime":"2019-12-30T14:31-05:00[America/New_York]","close":"291.32","open":"291.4197"}
{"volume":"59166.0","ticker":"AAPL","high":"291.35","amount":"291.2838","period":"PT1M","low":"291.21","multiplier":"1","beginTime":"1640549862","endTime":"2019-12-30T14:32-05:00[America/New_York]","close":"291.335","open":"291.3101"}
{"volume":"56902.0","ticker":"AAPL","high":"291.44","amount":"291.3261","period":"PT1M","low":"291.26","multiplier":"1","beginTime":"1640549862","endTime":"2019-12-30T14:33-05:00[America/New_York]","close":"291.43","open":"291.33"}
{"volume":"59661.0","ticker":"AAPL","high":"291.43","amount":"291.3321","period":"PT1M","low":"291.24","multiplier":"1","beginTime":"1640549862","endTime":"2019-12-30T14:34-05:00[America/New_York]","close":"291.36","open":"291.41"}
{"volume":"58304.0","ticker":"AAPL","high":"291.48","amount":"291.4004","period":"PT1M","low":"291.3301","multiplier":"1","beginTime":"1640549862","endTime":"2019-12-30T14:35-05:00[America/New_York]","close":"291.47","open":"291.34"}
{"volume":"60005.0","ticker":"AAPL","high":"291.58","amount":"291.5115","period":"PT1M","low":"291.46","multiplier":"1","beginTime":"1640549862","endTime":"2019-12-30T14:36-05:00[America/New_York]","close":"291.5139","open":"291.4779"}
{"volume":"89845.0","ticker":"AAPL","high":"291.52","amount":"291.2847","period":"PT1M","low":"291.09","multiplier":"1","beginTime":"1640549862","endTime":"2019-12-30T14:37-05:00[America/New_York]","close":"291.09","open":"291.515"}
{"volume":"71381.0","ticker":"AAPL","high":"291.36","amount":"291.231","period":"PT1M","low":"291.08","multiplier":"1","beginTime":"1640549862","endTime":"2019-12-30T14:38-05:00[America/New_York]","close":"291.32","open":"291.11"}
{"volume":"47482.0","ticker":"AAPL","high":"291.49","amount":"291.407","period":"PT1M","low":"291.3035","multiplier":"1","beginTime":"1640549862","endTime":"2019-12-30T14:39-05:00[America/New_York]","close":"291.43","open":"291.3299"}
{"volume":"28711.0","ticker":"AAPL","high":"291.47","amount":"291.4222","period":"PT1M","low":"291.3285","multiplier":"1","beginTime":"1640549862","endTime":"2019-12-30T14:40-05:00[America/New_York]","close":"291.46","open":"291.4308"}
{"volume":"57538.0","ticker":"AAPL","high":"291.6356","amount":"291.5886","period":"PT1M","low":"291.46","multiplier":"1","beginTime":"1640549862","endTime":"2019-12-30T14:41-05:00[America/New_York]","close":"291.5786","open":"291.464"}
{"volume":"52923.0","ticker":"AAPL","high":"291.715","amount":"291.649","period":"PT1M","low":"291.54","multiplier":"1","beginTime":"1640549862","endTime":"2019-12-30T14:42-05:00[America/New_York]","close":"291.71","open":"291.5868"}
{"volume":"59520.0","ticker":"AAPL","high":"291.837","amount":"291.7496","period":"PT1M","low":"291.67","multiplier":"1","beginTime":"1640549862","endTime":"2019-12-30T14:43-05:00[America/New_York]","close":"291.73","open":"291.7199"}
{"volume":"24269.0","ticker":"AAPL","high":"291.7372","amount":"291.6852","period":"PT1M","low":"291.63","multiplier":"1","beginTime":"1640549862","endTime":"2019-12-30T14:44-05:00[America/New_York]","close":"291.63","open":"291.7289"}
{"volume":"41373.0","ticker":"AAPL","high":"291.6442","amount":"291.5571","period":"PT1M","low":"291.45","multiplier":"1","beginTime":"1640549862","endTime":"2019-12-30T14:45-05:00[America/New_York]","close":"291.455","open":"291.6442"}
{"volume":"27157.0","ticker":"AAPL","high":"291.4808","amount":"291.4231","period":"PT1M","low":"291.37","multiplier":"1","beginTime":"1640549862","endTime":"2019-12-30T14:46-05:00[America/New_York]","close":"291.4808","open":"291.46"}
{"volume":"46494.0","ticker":"AAPL","high":"291.5958","amount":"291.5082","period":"PT1M","low":"291.43","multiplier":"1","beginTime":"1640549862","endTime":"2019-12-30T14:47-05:00[America/New_York]","close":"291.53","open":"291.47"}
{"volume":"38235.0","ticker":"AAPL","high":"291.66","amount":"291.5844","period":"PT1M","low":"291.4984","multiplier":"1","beginTime":"1640549862","endTime":"2019-12-30T14:48-05:00[America/New_York]","close":"291.6321","open":"291.5336"}
{"volume":"32362.0","ticker":"AAPL","high":"291.75","amount":"291.6993","period":"PT1M","low":"291.6399","multiplier":"1","beginTime":"1640549862","endTime":"2019-12-30T14:49-05:00[America/New_York]","close":"291.68","open":"291.6399"}
{"volume":"42284.0","ticker":"AAPL","high":"291.78","amount":"291.6983","period":"PT1M","low":"291.6302","multiplier":"1","beginTime":"1640549862","endTime":"2019-12-30T14:50-05:00[America/New_York]","close":"291.76","open":"291.66"}
{"volume":"22372.0","ticker":"AAPL","high":"291.77","amount":"291.7117","period":"PT1M","low":"291.6601","multiplier":"1","beginTime":"1640549862","endTime":"2019-12-30T14:51-05:00[America/New_York]","close":"291.685","open":"291.7608"}
{"volume":"32011.0","ticker":"AAPL","high":"291.72","amount":"291.6524","period":"PT1M","low":"291.61","multiplier":"1","beginTime":"1640549862","endTime":"2019-12-30T14:52-05:00[America/New_York]","close":"291.65","open":"291.7"}
{"volume":"40040.0","ticker":"AAPL","high":"291.64","amount":"291.5034","period":"PT1M","low":"291.38","multiplier":"1","beginTime":"1640549862","endTime":"2019-12-30T14:53-05:00[America/New_York]","close":"291.43","open":"291.64"}
{"volume":"27580.0","ticker":"AAPL","high":"291.56","amount":"291.4851","period":"PT1M","low":"291.43","multiplier":"1","beginTime":"1640549862","endTime":"2019-12-30T14:54-05:00[America/New_York]","close":"291.45","open":"291.4585"}
{"volume":"43207.0","ticker":"AAPL","high":"291.64","amount":"291.5477","period":"PT1M","low":"291.42","multiplier":"1","beginTime":"1640549862","endTime":"2019-12-30T14:55-05:00[America/New_York]","close":"291.59","open":"291.44"}
{"volume":"15887.0","ticker":"AAPL","high":"291.5902","amount":"291.5627","period":"PT1M","low":"291.53","multiplier":"1","beginTime":"1640549862","endTime":"2019-12-30T14:56-05:00[America/New_York]","close":"291.5902","open":"291.58"}
{"volume":"120193.0","ticker":"AAPL","high":"291.65","amount":"291.5832","period":"PT1M","low":"291.58","multiplier":"1","beginTime":"1640549862","endTime":"2019-12-30T14:57-05:00[America/New_York]","close":"291.5832","open":"291.595"}
{"volume":"42698.0","ticker":"AAPL","high":"291.59","amount":"291.5134","period":"PT1M","low":"291.4201","multiplier":"1","beginTime":"1640549862","endTime":"2019-12-30T14:58-05:00[America/New_York]","close":"291.48","open":"291.59"}
{"volume":"59748.0","ticker":"AAPL","high":"291.473","amount":"291.365","period":"PT1M","low":"291.2601","multiplier":"1","beginTime":"1640549862","endTime":"2019-12-30T14:59-05:00[America/New_York]","close":"291.2904","open":"291.47"}
{"volume":"35660.0","ticker":"AAPL","high":"291.4013","amount":"291.3368","period":"PT1M","low":"291.2501","multiplier":"1","beginTime":"1640549862","endTime":"2019-12-30T15:00-05:00[America/New_York]","close":"291.3272","open":"291.29"}
{"volume":"30911.0","ticker":"AAPL","high":"291.36","amount":"291.3034","period":"PT1M","low":"291.26","multiplier":"1","beginTime":"1640549862","endTime":"2019-12-30T15:01-05:00[America/New_York]","close":"291.316","open":"291.36"}
{"volume":"71744.0","ticker":"AAPL","high":"291.33","amount":"291.1693","period":"PT1M","low":"291.09","multiplier":"1","beginTime":"1640549862","endTime":"2019-12-30T15:02-05:00[America/New_York]","close":"291.122","open":"291.3299"}
{"volume":"47944.0","ticker":"AAPL","high":"291.3","amount":"291.2333","period":"PT1M","low":"291.1232","multiplier":"1","beginTime":"1640549862","endTime":"2019-12-30T15:03-05:00[America/New_York]","close":"291.22","open":"291.13"}
{"volume":"81012.0","ticker":"AAPL","high":"291.39","amount":"291.3022","period":"PT1M","low":"291.14","multiplier":"1","beginTime":"1640549862","endTime":"2019-12-30T15:04-05:00[America/New_York]","close":"291.38","open":"291.22"}
{"volume":"49158.0","ticker":"AAPL","high":"291.49","amount":"291.3726","period":"PT1M","low":"291.29","multiplier":"1","beginTime":"1640549862","endTime":"2019-12-30T15:05-05:00[America/New_York]","close":"291.49","open":"291.37"}
{"volume":"28592.0","ticker":"AAPL","high":"291.5","amount":"291.4168","period":"PT1M","low":"291.3501","multiplier":"1","beginTime":"1640549862","endTime":"2019-12-30T15:06-05:00[America/New_York]","close":"291.3968","open":"291.48"}
{"volume":"35717.0","ticker":"AAPL","high":"291.42","amount":"291.3783","period":"PT1M","low":"291.3","multiplier":"1","beginTime":"1640549862","endTime":"2019-12-30T15:07-05:00[America/New_York]","close":"291.4","open":"291.38"}
{"volume":"24368.0","ticker":"AAPL","high":"291.4","amount":"291.3422","period":"PT1M","low":"291.275","multiplier":"1","beginTime":"1640549862","endTime":"2019-12-30T15:08-05:00[America/New_York]","close":"291.324","open":"291.4"}
{"volume":"44555.0","ticker":"AAPL","high":"291.3194","amount":"291.23","period":"PT1M","low":"291.1601","multiplier":"1","beginTime":"1640549862","endTime":"2019-12-30T15:09-05:00[America/New_York]","close":"291.18","open":"291.315"}
{"volume":"68449.0","ticker":"AAPL","high":"291.3199","amount":"291.2224","period":"PT1M","low":"291.1","multiplier":"1","beginTime":"1640549862","endTime":"2019-12-30T15:10-05:00[America/New_York]","close":"291.2533","open":"291.1701"}
{"volume":"49911.0","ticker":"AAPL","high":"291.29","amount":"291.2417","period":"PT1M","low":"291.19","multiplier":"1","beginTime":"1640549862","endTime":"2019-12-30T15:11-05:00[America/New_York]","close":"291.28","open":"291.26"}
{"volume":"45937.0","ticker":"AAPL","high":"291.36","amount":"291.3064","period":"PT1M","low":"291.214","multiplier":"1","beginTime":"1640549862","endTime":"2019-12-30T15:12-05:00[America/New_York]","close":"291.31","open":"291.2588"}
{"volume":"23890.0","ticker":"AAPL","high":"291.35","amount":"291.306","period":"PT1M","low":"291.26","multiplier":"1","beginTime":"1640549862","endTime":"2019-12-30T15:13-05:00[America/New_York]","close":"291.29","open":"291.31"}
{"volume":"38488.0","ticker":"AAPL","high":"291.32","amount":"291.2829","period":"PT1M","low":"291.22","multiplier":"1","beginTime":"1640549862","endTime":"2019-12-30T15:14-05:00[America/New_York]","close":"291.2499","open":"291.28"}
{"volume":"38210.0","ticker":"AAPL","high":"291.3793","amount":"291.2959","period":"PT1M","low":"291.21","multiplier":"1","beginTime":"1640549862","endTime":"2019-12-30T15:15-05:00[America/New_York]","close":"291.36","open":"291.235"}
{"volume":"74019.0","ticker":"AAPL","high":"291.5399","amount":"291.4592","period":"PT1M","low":"291.35","multiplier":"1","beginTime":"1640549862","endTime":"2019-12-30T15:16-05:00[America/New_York]","close":"291.48","open":"291.3774"}
{"volume":"45066.0","ticker":"AAPL","high":"291.5113","amount":"291.4593","period":"PT1M","low":"291.37","multiplier":"1","beginTime":"1640549862","endTime":"2019-12-30T15:17-05:00[America/New_York]","close":"291.48","open":"291.48"}
{"volume":"42526.0","ticker":"AAPL","high":"291.6","amount":"291.5332","period":"PT1M","low":"291.45","multiplier":"1","beginTime":"1640549862","endTime":"2019-12-30T15:18-05:00[America/New_York]","close":"291.5632","open":"291.4724"}
{"volume":"38540.0","ticker":"AAPL","high":"291.54","amount":"291.5075","period":"PT1M","low":"291.47","multiplier":"1","beginTime":"1640549862","endTime":"2019-12-30T15:19-05:00[America/New_York]","close":"291.525","open":"291.54"}
{"volume":"76935.0","ticker":"AAPL","high":"291.69","amount":"291.6051","period":"PT1M","low":"291.4501","multiplier":"1","beginTime":"1640549862","endTime":"2019-12-30T15:20-05:00[America/New_York]","close":"291.59","open":"291.51"}
{"volume":"70128.0","ticker":"AAPL","high":"291.85","amount":"291.7466","period":"PT1M","low":"291.59","multiplier":"1","beginTime":"1640549862","endTime":"2019-12-30T15:21-05:00[America/New_York]","close":"291.8443","open":"291.6"}
{"volume":"86069.0","ticker":"AAPL","high":"291.95","amount":"291.8636","period":"PT1M","low":"291.7603","multiplier":"1","beginTime":"1640549862","endTime":"2019-12-30T15:22-05:00[America/New_York]","close":"291.93","open":"291.8393"}
{"volume":"100760.0","ticker":"AAPL","high":"291.98","amount":"291.8299","period":"PT1M","low":"291.68","multiplier":"1","beginTime":"1640549862","endTime":"2019-12-30T15:23-05:00[America/New_York]","close":"291.79","open":"291.9384"}
{"volume":"58959.0","ticker":"AAPL","high":"291.89","amount":"291.8147","period":"PT1M","low":"291.73","multiplier":"1","beginTime":"1640549862","endTime":"2019-12-30T15:24-05:00[America/New_York]","close":"291.81","open":"291.7812"}
{"volume":"32360.0","ticker":"AAPL","high":"291.89","amount":"291.8489","period":"PT1M","low":"291.78","multiplier":"1","beginTime":"1640549862","endTime":"2019-12-30T15:25-05:00[America/New_York]","close":"291.8615","open":"291.81"}
{"volume":"53749.0","ticker":"AAPL","high":"291.96","amount":"291.8856","period":"PT1M","low":"291.821","multiplier":"1","beginTime":"1640549862","endTime":"2019-12-30T15:26-05:00[America/New_York]","close":"291.83","open":"291.8624"}
{"volume":"35016.0","ticker":"AAPL","high":"291.96","amount":"291.9017","period":"PT1M","low":"291.7987","multiplier":"1","beginTime":"1640549862","endTime":"2019-12-30T15:27-05:00[America/New_York]","close":"291.9201","open":"291.85"}
{"volume":"122515.0","ticker":"AAPL","high":"292.27","amount":"292.0464","period":"PT1M","low":"291.895","multiplier":"1","beginTime":"1640549862","endTime":"2019-12-30T15:28-05:00[America/New_York]","close":"292.245","open":"291.9356"}
{"volume":"122784.0","ticker":"AAPL","high":"292.3","amount":"292.1986","period":"PT1M","low":"292.0701","multiplier":"1","beginTime":"1640549862","endTime":"2019-12-30T15:29-05:00[America/New_York]","close":"292.27","open":"292.24"}
{"volume":"95636.0","ticker":"AAPL","high":"292.39","amount":"292.296","period":"PT1M","low":"292.2068","multiplier":"1","beginTime":"1640549862","endTime":"2019-12-30T15:30-05:00[America/New_York]","close":"292.3588","open":"292.26"}
{"volume":"101309.0","ticker":"AAPL","high":"292.5","amount":"292.3913","period":"PT1M","low":"292.31","multiplier":"1","beginTime":"1640549862","endTime":"2019-12-30T15:31-05:00[America/New_York]","close":"292.3783","open":"292.35"}
{"volume":"81054.0","ticker":"AAPL","high":"292.45","amount":"292.4063","period":"PT1M","low":"292.35","multiplier":"1","beginTime":"1640549862","endTime":"2019-12-30T15:32-05:00[America/New_York]","close":"292.4","open":"292.37"}
{"volume":"100673.0","ticker":"AAPL","high":"292.41","amount":"292.337","period":"PT1M","low":"292.24","multiplier":"1","beginTime":"1640549862","endTime":"2019-12-30T15:33-05:00[America/New_York]","close":"292.24","open":"292.4"}
{"volume":"97461.0","ticker":"AAPL","high":"292.23","amount":"292.1537","period":"PT1M","low":"292.059","multiplier":"1","beginTime":"1640549862","endTime":"2019-12-30T15:34-05:00[America/New_York]","close":"292.14","open":"292.23"}
{"volume":"120754.0","ticker":"AAPL","high":"292.48","amount":"292.3526","period":"PT1M","low":"292.161","multiplier":"1","beginTime":"1640549862","endTime":"2019-12-30T15:35-05:00[America/New_York]","close":"292.39","open":"292.17"}
{"volume":"72156.0","ticker":"AAPL","high":"292.49","amount":"292.4119","period":"PT1M","low":"292.35","multiplier":"1","beginTime":"1640549862","endTime":"2019-12-30T15:36-05:00[America/New_York]","close":"292.4534","open":"292.38"}
{"volume":"50963.0","ticker":"AAPL","high":"292.46","amount":"292.405","period":"PT1M","low":"292.3638","multiplier":"1","beginTime":"1640549862","endTime":"2019-12-30T15:37-05:00[America/New_York]","close":"292.3787","open":"292.4445"}
{"volume":"59182.0","ticker":"AAPL","high":"292.38","amount":"292.3104","period":"PT1M","low":"292.26","multiplier":"1","beginTime":"1640549862","endTime":"2019-12-30T15:38-05:00[America/New_York]","close":"292.2999","open":"292.379"}
{"volume":"58660.0","ticker":"AAPL","high":"292.37","amount":"292.2826","period":"PT1M","low":"292.22","multiplier":"1","beginTime":"1640549862","endTime":"2019-12-30T15:39-05:00[America/New_York]","close":"292.37","open":"292.29"}
{"volume":"61578.0","ticker":"AAPL","high":"292.394","amount":"292.3128","period":"PT1M","low":"292.18","multiplier":"1","beginTime":"1640549862","endTime":"2019-12-30T15:40-05:00[America/New_York]","close":"292.18","open":"292.3619"}
{"volume":"58842.0","ticker":"AAPL","high":"292.2657","amount":"292.2002","period":"PT1M","low":"292.1401","multiplier":"1","beginTime":"1640549862","endTime":"2019-12-30T15:41-05:00[America/New_York]","close":"292.19","open":"292.1801"}
{"volume":"76978.0","ticker":"AAPL","high":"292.2465","amount":"292.1491","period":"PT1M","low":"292.11","multiplier":"1","beginTime":"1640549862","endTime":"2019-12-30T15:42-05:00[America/New_York]","close":"292.15","open":"292.22"}
{"volume":"63064.0","ticker":"AAPL","high":"292.1819","amount":"292.086","period":"PT1M","low":"292.0","multiplier":"1","beginTime":"1640549862","endTime":"2019-12-30T15:43-05:00[America/New_York]","close":"292.0517","open":"292.1578"}
{"volume":"96142.0","ticker":"AAPL","high":"292.1117","amount":"292.0219","period":"PT1M","low":"291.9","multiplier":"1","beginTime":"1640549862","endTime":"2019-12-30T15:44-05:00[America/New_York]","close":"292.05","open":"292.0524"}
{"volume":"82238.0","ticker":"AAPL","high":"292.17","amount":"292.1133","period":"PT1M","low":"292.01","multiplier":"1","beginTime":"1640549862","endTime":"2019-12-30T15:45-05:00[America/New_York]","close":"292.0513","open":"292.0495"}
{"volume":"62335.0","ticker":"AAPL","high":"292.05","amount":"291.9812","period":"PT1M","low":"291.91","multiplier":"1","beginTime":"1640549862","endTime":"2019-12-30T15:46-05:00[America/New_York]","close":"292.02","open":"292.04"}
{"volume":"62356.0","ticker":"AAPL","high":"292.0224","amount":"291.949","period":"PT1M","low":"291.84","multiplier":"1","beginTime":"1640549862","endTime":"2019-12-30T15:47-05:00[America/New_York]","close":"291.94","open":"292.0"}
{"volume":"129108.0","ticker":"AAPL","high":"292.01","amount":"291.906","period":"PT1M","low":"291.8917","multiplier":"1","beginTime":"1640549862","endTime":"2019-12-30T15:48-05:00[America/New_York]","close":"291.98","open":"291.9599"}
{"volume":"97598.0","ticker":"AAPL","high":"292.166","amount":"292.0706","period":"PT1M","low":"291.97","multiplier":"1","beginTime":"1640549862","endTime":"2019-12-30T15:49-05:00[America/New_York]","close":"292.0898","open":"291.9999"}
{"volume":"183969.0","ticker":"AAPL","high":"292.07","amount":"291.8658","period":"PT1M","low":"291.71","multiplier":"1","beginTime":"1640549862","endTime":"2019-12-30T15:50-05:00[America/New_York]","close":"291.77","open":"292.07"}
{"volume":"116811.0","ticker":"AAPL","high":"291.84","amount":"291.7599","period":"PT1M","low":"291.64","multiplier":"1","beginTime":"1640549862","endTime":"2019-12-30T15:51-05:00[America/New_York]","close":"291.6658","open":"291.76"}
{"volume":"120200.0","ticker":"AAPL","high":"291.7889","amount":"291.7115","period":"PT1M","low":"291.61","multiplier":"1","beginTime":"1640549862","endTime":"2019-12-30T15:52-05:00[America/New_York]","close":"291.63","open":"291.68"}
{"volume":"76920.0","ticker":"AAPL","high":"291.75","amount":"291.6397","period":"PT1M","low":"291.57","multiplier":"1","beginTime":"1640549862","endTime":"2019-12-30T15:53-05:00[America/New_York]","close":"291.68","open":"291.61"}
{"volume":"138539.0","ticker":"AAPL","high":"291.83","amount":"291.732","period":"PT1M","low":"291.6","multiplier":"1","beginTime":"1640549862","endTime":"2019-12-30T15:54-05:00[America/New_York]","close":"291.6199","open":"291.68"}
{"volume":"146707.0","ticker":"AAPL","high":"291.6","amount":"291.517","period":"PT1M","low":"291.42","multiplier":"1","beginTime":"1640549862","endTime":"2019-12-30T15:55-05:00[America/New_York]","close":"291.44","open":"291.6"}
{"volume":"138117.0","ticker":"AAPL","high":"291.6289","amount":"291.468","period":"PT1M","low":"291.32","multiplier":"1","beginTime":"1640549862","endTime":"2019-12-30T15:56-05:00[America/New_York]","close":"291.47","open":"291.43"}
{"volume":"97920.0","ticker":"AAPL","high":"291.58","amount":"291.4815","period":"PT1M","low":"291.43","multiplier":"1","beginTime":"1640549862","endTime":"2019-12-30T15:57-05:00[America/New_York]","close":"291.4477","open":"291.47"}
{"volume":"168005.0","ticker":"AAPL","high":"291.57","amount":"291.4882","period":"PT1M","low":"291.3727","multiplier":"1","beginTime":"1640549862","endTime":"2019-12-30T15:58-05:00[America/New_York]","close":"291.38","open":"291.45"}
{"volume":"338886.0","ticker":"AAPL","high":"291.8","amount":"291.4791","period":"PT1M","low":"291.26","multiplier":"1","beginTime":"1640549862","endTime":"2019-12-30T15:59-05:00[America/New_York]","close":"291.647","open":"291.37"}
{"volume":"285833.0","ticker":"AAPL","high":"291.7","amount":"291.5218","period":"PT1M","low":"291.52","multiplier":"1","beginTime":"1640549862","endTime":"2019-12-30T16:00-05:00[America/New_York]","close":"291.61","open":"291.52"}
{"volume":"5775.0","ticker":"AAPL","high":"291.69","amount":"291.6161","period":"PT1M","low":"291.57","multiplier":"1","beginTime":"1640549862","endTime":"2019-12-30T16:01-05:00[America/New_York]","close":"291.57","open":"291.69"}
{"volume":"2130.0","ticker":"AAPL","high":"291.6","amount":"291.5786","period":"PT1M","low":"291.56","multiplier":"1","beginTime":"1640549862","endTime":"2019-12-30T16:02-05:00[America/New_York]","close":"291.6","open":"291.56"}
{"volume":"11466.0","ticker":"AAPL","high":"291.6","amount":"291.5932","period":"PT1M","low":"291.5","multiplier":"1","beginTime":"1640549862","endTime":"2019-12-30T16:03-05:00[America/New_York]","close":"291.6","open":"291.5"}
{"volume":"225.0","ticker":"AAPL","high":"291.55","amount":"291.551","period":"PT1M","low":"291.55","multiplier":"1","beginTime":"1640549862","endTime":"2019-12-30T16:04-05:00[America/New_York]","close":"291.55","open":"291.55"}
{"volume":"1665.0","ticker":"AAPL","high":"291.52","amount":"291.5139","period":"PT1M","low":"291.5","multiplier":"1","beginTime":"1640549862","endTime":"2019-12-30T16:05-05:00[America/New_York]","close":"291.52","open":"291.5"}
{"volume":"1608.0","ticker":"AAPL","high":"291.55","amount":"291.5463","period":"PT1M","low":"291.54","multiplier":"1","beginTime":"1640549862","endTime":"2019-12-30T16:06-05:00[America/New_York]","close":"291.55","open":"291.54"}
{"volume":"2987.0","ticker":"AAPL","high":"291.52","amount":"291.5205","period":"PT1M","low":"291.52","multiplier":"1","beginTime":"1640549862","endTime":"2019-12-30T16:07-05:00[America/New_York]","close":"291.52","open":"291.52"}
{"volume":"17224.0","ticker":"AAPL","high":"291.52","amount":"291.5199","period":"PT1M","low":"291.5","multiplier":"1","beginTime":"1640549862","endTime":"2019-12-30T16:08-05:00[America/New_York]","close":"291.52","open":"291.52"}
{"volume":"1406.0","ticker":"AAPL","high":"291.52","amount":"291.5179","period":"PT1M","low":"291.51","multiplier":"1","beginTime":"1640549862","endTime":"2019-12-30T16:09-05:00[America/New_York]","close":"291.51","open":"291.52"}
{"volume":"2380.0","ticker":"AAPL","high":"291.52","amount":"291.2956","period":"PT1M","low":"291.5","multiplier":"1","beginTime":"1640549862","endTime":"2019-12-30T16:10-05:00[America/New_York]","close":"291.5","open":"291.52"}
{"volume":"1995.0","ticker":"AAPL","high":"291.52","amount":"291.5131","period":"PT1M","low":"291.5","multiplier":"1","beginTime":"1640549862","endTime":"2019-12-30T16:11-05:00[America/New_York]","close":"291.52","open":"291.52"}
{"volume":"763.0","ticker":"AAPL","high":"291.52","amount":"291.5186","period":"PT1M","low":"291.52","multiplier":"1","beginTime":"1640549862","endTime":"2019-12-30T16:13-05:00[America/New_York]","close":"291.52","open":"291.52"}
{"volume":"1448.0","ticker":"AAPL","high":"291.52","amount":"291.5126","period":"PT1M","low":"291.5","multiplier":"1","beginTime":"1640549862","endTime":"2019-12-30T16:14-05:00[America/New_York]","close":"291.5","open":"291.52"}
{"volume":"2956.0","ticker":"AAPL","high":"291.52","amount":"291.5038","period":"PT1M","low":"291.45","multiplier":"1","beginTime":"1640549862","endTime":"2019-12-30T16:15-05:00[America/New_York]","close":"291.52","open":"291.5"}
{"volume":"902.0","ticker":"AAPL","high":"291.5","amount":"291.4609","period":"PT1M","low":"291.45","multiplier":"1","beginTime":"1640549862","endTime":"2019-12-30T16:16-05:00[America/New_York]","close":"291.45","open":"291.4623"}
{"volume":"834.0","ticker":"AAPL","high":"291.45","amount":"291.4446","period":"PT1M","low":"291.42","multiplier":"1","beginTime":"1640549862","endTime":"2019-12-30T16:17-05:00[America/New_York]","close":"291.45","open":"291.42"}
{"volume":"281.0","ticker":"AAPL","high":"291.5","amount":"291.4918","period":"PT1M","low":"291.4999","multiplier":"1","beginTime":"1640549862","endTime":"2019-12-30T16:18-05:00[America/New_York]","close":"291.5","open":"291.4999"}
{"volume":"4071.0","ticker":"AAPL","high":"291.52","amount":"291.4683","period":"PT1M","low":"291.41","multiplier":"1","beginTime":"1640549862","endTime":"2019-12-30T16:19-05:00[America/New_York]","close":"291.41","open":"291.49"}
{"volume":"4155.0","ticker":"AAPL","high":"291.4","amount":"291.27","period":"PT1M","low":"291.09","multiplier":"1","beginTime":"1640549862","endTime":"2019-12-30T16:23-05:00[America/New_York]","close":"291.39","open":"291.33"}
{"volume":"213.0","ticker":"AAPL","high":"291.46","amount":"291.4601","period":"PT1M","low":"291.46","multiplier":"1","beginTime":"1640549862","endTime":"2019-12-30T16:24-05:00[America/New_York]","close":"291.46","open":"291.46"}
{"volume":"1514.0","ticker":"AAPL","high":"291.45","amount":"291.3119","period":"PT1M","low":"291.15","multiplier":"1","beginTime":"1640549862","endTime":"2019-12-30T16:25-05:00[America/New_York]","close":"291.4","open":"291.15"}
{"volume":"1219.0","ticker":"AAPL","high":"291.42","amount":"291.4126","period":"PT1M","low":"291.41","multiplier":"1","beginTime":"1640549862","endTime":"2019-12-30T16:27-05:00[America/New_York]","close":"291.4102","open":"291.42"}
{"volume":"140.0","ticker":"AAPL","high":"291.46","amount":"291.4547","period":"PT1M","low":"291.46","multiplier":"1","beginTime":"1640549862","endTime":"2019-12-30T16:29-05:00[America/New_York]","close":"291.46","open":"291.46"}
{"volume":"2051.0","ticker":"AAPL","high":"291.45","amount":"291.4501","period":"PT1M","low":"291.45","multiplier":"1","beginTime":"1640549862","endTime":"2019-12-30T16:30-05:00[America/New_York]","close":"291.45","open":"291.45"}
{"volume":"183339.0","ticker":"AAPL","high":"291.52","amount":"291.5196","period":"PT1M","low":"291.32","multiplier":"1","beginTime":"1640549862","endTime":"2019-12-30T16:33-05:00[America/New_York]","close":"291.32","open":"291.32"}
{"volume":"526.0","ticker":"AAPL","high":"291.45","amount":"291.4449","period":"PT1M","low":"291.45","multiplier":"1","beginTime":"1640549862","endTime":"2019-12-30T16:34-05:00[America/New_York]","close":"291.45","open":"291.45"}
{"volume":"276.0","ticker":"AAPL","high":"291.27","amount":"291.2894","period":"PT1M","low":"291.27","multiplier":"1","beginTime":"1640549862","endTime":"2019-12-30T16:35-05:00[America/New_York]","close":"291.27","open":"291.27"}
{"volume":"662.0","ticker":"AAPL","high":"291.4","amount":"291.3999","period":"PT1M","low":"291.4","multiplier":"1","beginTime":"1640549862","endTime":"2019-12-30T16:36-05:00[America/New_York]","close":"291.4","open":"291.4"}
{"volume":"301.0","ticker":"AAPL","high":"291.44","amount":"291.4367","period":"PT1M","low":"291.44","multiplier":"1","beginTime":"1640549862","endTime":"2019-12-30T16:39-05:00[America/New_York]","close":"291.44","open":"291.44"}
{"volume":"1402.0","ticker":"AAPL","high":"291.45","amount":"291.4441","period":"PT1M","low":"291.42","multiplier":"1","beginTime":"1640549862","endTime":"2019-12-30T16:40-05:00[America/New_York]","close":"291.42","open":"291.44"}
{"volume":"161.0","ticker":"AAPL","high":"291.4","amount":"291.3977","period":"PT1M","low":"291.4","multiplier":"1","beginTime":"1640549862","endTime":"2019-12-30T16:43-05:00[America/New_York]","close":"291.4","open":"291.4"}
{"volume":"959.0","ticker":"AAPL","high":"291.42","amount":"291.4199","period":"PT1M","low":"291.42","multiplier":"1","beginTime":"1640549862","endTime":"2019-12-30T16:44-05:00[America/New_York]","close":"291.42","open":"291.42"}
{"volume":"1481.0","ticker":"AAPL","high":"291.44","amount":"291.4402","period":"PT1M","low":"291.44","multiplier":"1","beginTime":"1640549862","endTime":"2019-12-30T16:47-05:00[America/New_York]","close":"291.44","open":"291.44"}
{"volume":"3952.0","ticker":"AAPL","high":"291.52","amount":"291.5167","period":"PT1M","low":"291.47","multiplier":"1","beginTime":"1640549862","endTime":"2019-12-30T16:48-05:00[America/New_York]","close":"291.47","open":"291.52"}
{"volume":"177.0","ticker":"AAPL","high":"291.4202","amount":"291.4359","period":"PT1M","low":"291.4202","multiplier":"1","beginTime":"1640549862","endTime":"2019-12-30T16:52-05:00[America/New_York]","close":"291.4202","open":"291.4202"}
{"volume":"587.0","ticker":"AAPL","high":"291.44","amount":"291.4305","period":"PT1M","low":"291.4202","multiplier":"1","beginTime":"1640549862","endTime":"2019-12-30T16:53-05:00[America/New_York]","close":"291.4202","open":"291.44"}
{"volume":"483.0","ticker":"AAPL","high":"291.42","amount":"291.3802","period":"PT1M","low":"291.37","multiplier":"1","beginTime":"1640549862","endTime":"2019-12-30T16:54-05:00[America/New_York]","close":"291.37","open":"291.42"}
{"volume":"247.0","ticker":"AAPL","high":"291.33","amount":"291.3397","period":"PT1M","low":"291.33","multiplier":"1","beginTime":"1640549862","endTime":"2019-12-30T16:58-05:00[America/New_York]","close":"291.33","open":"291.33"}
{"volume":"122.0","ticker":"AAPL","high":"291.42","amount":"291.42","period":"PT1M","low":"291.42","multiplier":"1","beginTime":"1640549862","endTime":"2019-12-30T17:00-05:00[America/New_York]","close":"291.42","open":"291.42"}
{"volume":"360.0","ticker":"AAPL","high":"291.4","amount":"291.3878","period":"PT1M","low":"291.4","multiplier":"1","beginTime":"1640549862","endTime":"2019-12-30T17:03-05:00[America/New_York]","close":"291.4","open":"291.4"}
{"volume":"275.0","ticker":"AAPL","high":"291.37","amount":"291.37","period":"PT1M","low":"291.37","multiplier":"1","beginTime":"1640549862","endTime":"2019-12-30T17:05-05:00[America/New_York]","close":"291.37","open":"291.37"}
{"volume":"802.0","ticker":"AAPL","high":"291.42","amount":"291.42","period":"PT1M","low":"291.42","multiplier":"1","beginTime":"1640549862","endTime":"2019-12-30T17:06-05:00[America/New_York]","close":"291.42","open":"291.42"}
{"volume":"661.0","ticker":"AAPL","high":"291.4","amount":"291.3947","period":"PT1M","low":"291.37","multiplier":"1","beginTime":"1640549862","endTime":"2019-12-30T17:07-05:00[America/New_York]","close":"291.37","open":"291.4"}
{"volume":"452.0","ticker":"AAPL","high":"291.37","amount":"291.3765","period":"PT1M","low":"291.37","multiplier":"1","beginTime":"1640549862","endTime":"2019-12-30T17:08-05:00[America/New_York]","close":"291.37","open":"291.37"}
{"volume":"275.0","ticker":"AAPL","high":"291.44","amount":"291.3955","period":"PT1M","low":"291.37","multiplier":"1","beginTime":"1640549862","endTime":"2019-12-30T17:11-05:00[America/New_York]","close":"291.37","open":"291.44"}
{"volume":"792.0","ticker":"AAPL","high":"291.37","amount":"291.3728","period":"PT1M","low":"291.35","multiplier":"1","beginTime":"1640549862","endTime":"2019-12-30T17:19-05:00[America/New_York]","close":"291.35","open":"291.37"}
{"volume":"2217.0","ticker":"AAPL","high":"291.37","amount":"291.3666","period":"PT1M","low":"291.34","multiplier":"1","beginTime":"1640549862","endTime":"2019-12-30T17:21-05:00[America/New_York]","close":"291.37","open":"291.34"}
{"volume":"431.0","ticker":"AAPL","high":"291.35","amount":"291.3504","period":"PT1M","low":"291.35","multiplier":"1","beginTime":"1640549862","endTime":"2019-12-30T17:22-05:00[America/New_York]","close":"291.35","open":"291.35"}
{"volume":"511.0","ticker":"AAPL","high":"291.44","amount":"291.4399","period":"PT1M","low":"291.44","multiplier":"1","beginTime":"1640549862","endTime":"2019-12-30T17:27-05:00[America/New_York]","close":"291.44","open":"291.44"}
{"volume":"167.0","ticker":"AAPL","high":"291.45","amount":"291.4476","period":"PT1M","low":"291.45","multiplier":"1","beginTime":"1640549862","endTime":"2019-12-30T17:32-05:00[America/New_York]","close":"291.45","open":"291.45"}
{"volume":"1150.0","ticker":"AAPL","high":"291.45","amount":"291.45","period":"PT1M","low":"291.45","multiplier":"1","beginTime":"1640549862","endTime":"2019-12-30T17:33-05:00[America/New_York]","close":"291.45","open":"291.45"}
{"volume":"1012.0","ticker":"AAPL","high":"291.4","amount":"291.4007","period":"PT1M","low":"291.4","multiplier":"1","beginTime":"1640549862","endTime":"2019-12-30T17:36-05:00[America/New_York]","close":"291.4","open":"291.4"}
{"volume":"501.0","ticker":"AAPL","high":"291.4","amount":"291.4001","period":"PT1M","low":"291.4","multiplier":"1","beginTime":"1640549862","endTime":"2019-12-30T17:38-05:00[America/New_York]","close":"291.4","open":"291.4"}
{"volume":"238.0","ticker":"AAPL","high":"291.46","amount":"291.4601","period":"PT1M","low":"291.46","multiplier":"1","beginTime":"1640549862","endTime":"2019-12-30T17:45-05:00[America/New_York]","close":"291.46","open":"291.46"}
{"volume":"705.0","ticker":"AAPL","high":"291.46","amount":"291.4625","period":"PT1M","low":"291.46","multiplier":"1","beginTime":"1640549862","endTime":"2019-12-30T17:49-05:00[America/New_York]","close":"291.46","open":"291.46"}
{"volume":"150.0","ticker":"AAPL","high":"291.43","amount":"291.4296","period":"PT1M","low":"291.43","multiplier":"1","beginTime":"1640549862","endTime":"2019-12-30T17:52-05:00[America/New_York]","close":"291.43","open":"291.43"}
{"volume":"100.0","ticker":"AAPL","high":"291.42","amount":"291.42","period":"PT1M","low":"291.42","multiplier":"1","beginTime":"1640549862","endTime":"2019-12-30T18:00-05:00[America/New_York]","close":"291.42","open":"291.42"}
{"volume":"302.0","ticker":"AAPL","high":"291.43","amount":"291.4301","period":"PT1M","low":"291.43","multiplier":"1","beginTime":"1640549862","endTime":"2019-12-30T18:05-05:00[America/New_York]","close":"291.43","open":"291.43"}
{"volume":"2785.0","ticker":"AAPL","high":"291.49","amount":"291.4748","period":"PT1M","low":"291.47","multiplier":"1","beginTime":"1640549862","endTime":"2019-12-30T18:07-05:00[America/New_York]","close":"291.49","open":"291.47"}
{"volume":"250.0","ticker":"AAPL","high":"291.5","amount":"291.5","period":"PT1M","low":"291.5","multiplier":"1","beginTime":"1640549862","endTime":"2019-12-30T18:09-05:00[America/New_York]","close":"291.5","open":"291.5"}
{"volume":"100.0","ticker":"AAPL","high":"291.43","amount":"291.43","period":"PT1M","low":"291.43","multiplier":"1","beginTime":"1640549862","endTime":"2019-12-30T18:18-05:00[America/New_York]","close":"291.43","open":"291.43"}
{"volume":"198.0","ticker":"AAPL","high":"291.41","amount":"291.4277","period":"PT1M","low":"291.41","multiplier":"1","beginTime":"1640549862","endTime":"2019-12-30T18:20-05:00[America/New_York]","close":"291.41","open":"291.41"}
{"volume":"345.0","ticker":"AAPL","high":"291.49","amount":"291.49","period":"PT1M","low":"291.49","multiplier":"1","beginTime":"1640549862","endTime":"2019-12-30T18:22-05:00[America/New_York]","close":"291.49","open":"291.49"}
{"volume":"310.0","ticker":"AAPL","high":"291.49","amount":"291.49","period":"PT1M","low":"291.49","multiplier":"1","beginTime":"1640549862","endTime":"2019-12-30T18:23-05:00[America/New_York]","close":"291.49","open":"291.49"}
{"volume":"325.0","ticker":"AAPL","high":"291.48","amount":"291.4607","period":"PT1M","low":"291.45","multiplier":"1","beginTime":"1640549862","endTime":"2019-12-30T18:24-05:00[America/New_York]","close":"291.48","open":"291.45"}
{"volume":"100.0","ticker":"AAPL","high":"291.48","amount":"291.48","period":"PT1M","low":"291.48","multiplier":"1","beginTime":"1640549862","endTime":"2019-12-30T18:27-05:00[America/New_York]","close":"291.48","open":"291.48"}
{"volume":"100.0","ticker":"AAPL","high":"291.48","amount":"291.48","period":"PT1M","low":"291.48","multiplier":"1","beginTime":"1640549862","endTime":"2019-12-30T18:28-05:00[America/New_York]","close":"291.48","open":"291.48"}
{"volume":"225.0","ticker":"AAPL","high":"291.48","amount":"291.48","period":"PT1M","low":"291.48","multiplier":"1","beginTime":"1640549862","endTime":"2019-12-30T18:29-05:00[America/New_York]","close":"291.48","open":"291.48"}
{"volume":"100.0","ticker":"AAPL","high":"291.42","amount":"291.42","period":"PT1M","low":"291.42","multiplier":"1","beginTime":"1640549862","endTime":"2019-12-30T18:33-05:00[America/New_York]","close":"291.42","open":"291.42"}
{"volume":"200.0","ticker":"AAPL","high":"291.43","amount":"291.43","period":"PT1M","low":"291.43","multiplier":"1","beginTime":"1640549862","endTime":"2019-12-30T18:34-05:00[America/New_York]","close":"291.43","open":"291.43"}
{"volume":"100.0","ticker":"AAPL","high":"291.45","amount":"291.45","period":"PT1M","low":"291.45","multiplier":"1","beginTime":"1640549862","endTime":"2019-12-30T18:35-05:00[America/New_York]","close":"291.45","open":"291.45"}
{"volume":"125.0","ticker":"AAPL","high":"291.44","amount":"291.442","period":"PT1M","low":"291.44","multiplier":"1","beginTime":"1640549862","endTime":"2019-12-30T18:36-05:00[America/New_York]","close":"291.44","open":"291.44"}
{"volume":"170.0","ticker":"AAPL","high":"291.44","amount":"291.4394","period":"PT1M","low":"291.44","multiplier":"1","beginTime":"1640549862","endTime":"2019-12-30T18:37-05:00[America/New_York]","close":"291.44","open":"291.44"}
{"volume":"201.0","ticker":"AAPL","high":"291.48","amount":"291.48","period":"PT1M","low":"291.48","multiplier":"1","beginTime":"1640549862","endTime":"2019-12-30T18:52-05:00[America/New_York]","close":"291.48","open":"291.48"}
{"volume":"158.0","ticker":"AAPL","high":"291.46","amount":"291.4607","period":"PT1M","low":"291.46","multiplier":"1","beginTime":"1640549862","endTime":"2019-12-30T18:53-05:00[America/New_York]","close":"291.46","open":"291.46"}
{"volume":"288.0","ticker":"AAPL","high":"291.45","amount":"291.4388","period":"PT1M","low":"291.42","multiplier":"1","beginTime":"1640549862","endTime":"2019-12-30T18:54-05:00[America/New_York]","close":"291.42","open":"291.45"}
{"volume":"192.0","ticker":"AAPL","high":"291.42","amount":"291.42","period":"PT1M","low":"291.42","multiplier":"1","beginTime":"1640549862","endTime":"2019-12-30T18:55-05:00[America/New_York]","close":"291.42","open":"291.42"}
{"volume":"1500.0","ticker":"AAPL","high":"291.46","amount":"291.4533","period":"PT1M","low":"291.45","multiplier":"1","beginTime":"1640549862","endTime":"2019-12-30T18:58-05:00[America/New_York]","close":"291.46","open":"291.45"}
{"volume":"1635.0","ticker":"AAPL","high":"291.5","amount":"291.4653","period":"PT1M","low":"291.42","multiplier":"1","beginTime":"1640549862","endTime":"2019-12-30T18:59-05:00[America/New_York]","close":"291.5","open":"291.46"}
{"volume":"150.0","ticker":"AAPL","high":"291.42","amount":"291.4467","period":"PT1M","low":"291.42","multiplier":"1","beginTime":"1640549862","endTime":"2019-12-30T19:00-05:00[America/New_York]","close":"291.42","open":"291.42"}
{"volume":"100.0","ticker":"AAPL","high":"291.5","amount":"291.5","period":"PT1M","low":"291.5","multiplier":"1","beginTime":"1640549862","endTime":"2019-12-30T19:03-05:00[America/New_York]","close":"291.5","open":"291.5"}
{"volume":"102.0","ticker":"AAPL","high":"291.42","amount":"291.4202","period":"PT1M","low":"291.42","multiplier":"1","beginTime":"1640549862","endTime":"2019-12-30T19:05-05:00[America/New_York]","close":"291.42","open":"291.42"}
{"volume":"1700.0","ticker":"AAPL","high":"291.5","amount":"291.5","period":"PT1M","low":"291.5","multiplier":"1","beginTime":"1640549862","endTime":"2019-12-30T19:07-05:00[America/New_York]","close":"291.5","open":"291.5"}
{"volume":"1240.0","ticker":"AAPL","high":"291.5","amount":"291.5","period":"PT1M","low":"291.5","multiplier":"1","beginTime":"1640549862","endTime":"2019-12-30T19:08-05:00[America/New_York]","close":"291.5","open":"291.5"}
{"volume":"486.0","ticker":"AAPL","high":"291.5","amount":"291.4999","period":"PT1M","low":"291.5","multiplier":"1","beginTime":"1640549862","endTime":"2019-12-30T19:10-05:00[America/New_York]","close":"291.5","open":"291.5"}
{"volume":"200.0","ticker":"AAPL","high":"291.53","amount":"291.53","period":"PT1M","low":"291.53","multiplier":"1","beginTime":"1640549862","endTime":"2019-12-30T19:15-05:00[America/New_York]","close":"291.53","open":"291.53"}
{"volume":"591.0","ticker":"AAPL","high":"291.5101","amount":"291.5135","period":"PT1M","low":"291.5101","multiplier":"1","beginTime":"1640549862","endTime":"2019-12-30T19:16-05:00[America/New_York]","close":"291.5101","open":"291.5101"}
{"volume":"501.0","ticker":"AAPL","high":"291.55","amount":"291.5499","period":"PT1M","low":"291.55","multiplier":"1","beginTime":"1640549862","endTime":"2019-12-30T19:17-05:00[America/New_York]","close":"291.55","open":"291.55"}
{"volume":"1001.0","ticker":"AAPL","high":"291.52","amount":"291.52","period":"PT1M","low":"291.52","multiplier":"1","beginTime":"1640549862","endTime":"2019-12-30T19:18-05:00[America/New_York]","close":"291.52","open":"291.52"}
{"volume":"107.0","ticker":"AAPL","high":"291.55","amount":"291.55","period":"PT1M","low":"291.55","multiplier":"1","beginTime":"1640549862","endTime":"2019-12-30T19:19-05:00[America/New_York]","close":"291.55","open":"291.55"}
{"volume":"1000.0","ticker":"AAPL","high":"291.52","amount":"291.4522","period":"PT1M","low":"291.42","multiplier":"1","beginTime":"1640549862","endTime":"2019-12-30T19:20-05:00[America/New_York]","close":"291.42","open":"291.52"}
{"volume":"1530.0","ticker":"AAPL","high":"291.52","amount":"291.502","period":"PT1M","low":"291.5","multiplier":"1","beginTime":"1640549862","endTime":"2019-12-30T19:23-05:00[America/New_York]","close":"291.5","open":"291.5"}
{"volume":"1000.0","ticker":"AAPL","high":"291.51","amount":"291.5042","period":"PT1M","low":"291.5","multiplier":"1","beginTime":"1640549862","endTime":"2019-12-30T19:26-05:00[America/New_York]","close":"291.51","open":"291.5"}
{"volume":"200.0","ticker":"AAPL","high":"291.51","amount":"291.51","period":"PT1M","low":"291.51","multiplier":"1","beginTime":"1640549862","endTime":"2019-12-30T19:28-05:00[America/New_York]","close":"291.51","open":"291.51"}
{"volume":"1810.0","ticker":"AAPL","high":"291.45","amount":"291.45","period":"PT1M","low":"291.45","multiplier":"1","beginTime":"1640549862","endTime":"2019-12-30T19:30-05:00[America/New_York]","close":"291.45","open":"291.45"}
{"volume":"300.0","ticker":"AAPL","high":"291.51","amount":"291.508","period":"PT1M","low":"291.51","multiplier":"1","beginTime":"1640549862","endTime":"2019-12-30T19:31-05:00[America/New_York]","close":"291.51","open":"291.51"}
{"volume":"150.0","ticker":"AAPL","high":"291.55","amount":"291.55","period":"PT1M","low":"291.55","multiplier":"1","beginTime":"1640549862","endTime":"2019-12-30T19:34-05:00[America/New_York]","close":"291.55","open":"291.55"}
{"volume":"480.0","ticker":"AAPL","high":"291.55","amount":"291.5429","period":"PT1M","low":"291.55","multiplier":"1","beginTime":"1640549862","endTime":"2019-12-30T19:35-05:00[America/New_York]","close":"291.55","open":"291.55"}
{"volume":"150.0","ticker":"AAPL","high":"291.52","amount":"291.52","period":"PT1M","low":"291.52","multiplier":"1","beginTime":"1640549862","endTime":"2019-12-30T19:38-05:00[America/New_York]","close":"291.52","open":"291.52"}
{"volume":"1099.0","ticker":"AAPL","high":"291.55","amount":"291.5377","period":"PT1M","low":"291.52","multiplier":"1","beginTime":"1640549862","endTime":"2019-12-30T19:39-05:00[America/New_York]","close":"291.55","open":"291.52"}
{"volume":"593.0","ticker":"AAPL","high":"291.75","amount":"291.7363","period":"PT1M","low":"291.75","multiplier":"1","beginTime":"1640549862","endTime":"2019-12-30T19:46-05:00[America/New_York]","close":"291.75","open":"291.75"}
{"volume":"2575.0","ticker":"AAPL","high":"291.75","amount":"291.7468","period":"PT1M","low":"291.72","multiplier":"1","beginTime":"1640549862","endTime":"2019-12-30T19:47-05:00[America/New_York]","close":"291.75","open":"291.72"}
{"volume":"100.0","ticker":"AAPL","high":"291.64","amount":"291.64","period":"PT1M","low":"291.64","multiplier":"1","beginTime":"1640549862","endTime":"2019-12-30T19:49-05:00[America/New_York]","close":"291.64","open":"291.64"}
{"volume":"1103.0","ticker":"AAPL","high":"291.7499","amount":"291.7088","period":"PT1M","low":"291.7","multiplier":"1","beginTime":"1640549862","endTime":"2019-12-30T19:53-05:00[America/New_York]","close":"291.7","open":"291.7499"}
{"volume":"389.0","ticker":"AAPL","high":"291.75","amount":"291.7496","period":"PT1M","low":"291.75","multiplier":"1","beginTime":"1640549862","endTime":"2019-12-30T19:55-05:00[America/New_York]","close":"291.75","open":"291.75"}
{"volume":"1737.0","ticker":"AAPL","high":"291.75","amount":"291.7382","period":"PT1M","low":"291.7","multiplier":"1","beginTime":"1640549862","endTime":"2019-12-30T19:56-05:00[America/New_York]","close":"291.7","open":"291.75"}
{"volume":"209.0","ticker":"AAPL","high":"291.7","amount":"291.6883","period":"PT1M","low":"291.7","multiplier":"1","beginTime":"1640549862","endTime":"2019-12-30T19:57-05:00[America/New_York]","close":"291.7","open":"291.7"}
{"volume":"1591.0","ticker":"AAPL","high":"291.69","amount":"291.6586","period":"PT1M","low":"291.55","multiplier":"1","beginTime":"1640549862","endTime":"2019-12-30T19:58-05:00[America/New_York]","close":"291.55","open":"291.65"}
{"volume":"1385.0","ticker":"AAPL","high":"291.7","amount":"291.6722","period":"PT1M","low":"291.6","multiplier":"1","beginTime":"1640549862","endTime":"2019-12-30T19:59-05:00[America/New_York]","close":"291.7","open":"291.6"}
{"volume":"200.0","ticker":"AAPL","high":"291.4","amount":"291.4","period":"PT1M","low":"291.4","multiplier":"1","beginTime":"1640549862","endTime":"2019-12-31T04:09-05:00[America/New_York]","close":"291.4","open":"291.4"}
{"volume":"150.0","ticker":"AAPL","high":"291.0","amount":"291.0","period":"PT1M","low":"291.0","multiplier":"1","beginTime":"1640549862","endTime":"2019-12-31T04:49-05:00[America/New_York]","close":"291.0","open":"291.0"}
{"volume":"653.0","ticker":"AAPL","high":"291.29","amount":"291.281","period":"PT1M","low":"291.29","multiplier":"1","beginTime":"1640549862","endTime":"2019-12-31T05:27-05:00[America/New_York]","close":"291.29","open":"291.29"}
{"volume":"100.0","ticker":"AAPL","high":"291.29","amount":"291.29","period":"PT1M","low":"291.29","multiplier":"1","beginTime":"1640549862","endTime":"2019-12-31T05:35-05:00[America/New_York]","close":"291.29","open":"291.29"}
{"volume":"642.0","ticker":"AAPL","high":"291.4","amount":"291.3385","period":"PT1M","low":"291.29","multiplier":"1","beginTime":"1640549862","endTime":"2019-12-31T05:38-05:00[America/New_York]","close":"291.4","open":"291.29"}
{"volume":"211.0","ticker":"AAPL","high":"291.3","amount":"291.3088","period":"PT1M","low":"291.3","multiplier":"1","beginTime":"1640549862","endTime":"2019-12-31T06:18-05:00[America/New_York]","close":"291.3","open":"291.3"}
{"volume":"100.0","ticker":"AAPL","high":"291.0","amount":"291.0","period":"PT1M","low":"291.0","multiplier":"1","beginTime":"1640549862","endTime":"2019-12-31T06:55-05:00[America/New_York]","close":"291.0","open":"291.0"}
{"volume":"150.0","ticker":"AAPL","high":"291.0","amount":"291.0","period":"PT1M","low":"291.0","multiplier":"1","beginTime":"1640549862","endTime":"2019-12-31T06:56-05:00[America/New_York]","close":"291.0","open":"291.0"}
{"volume":"1888.0","ticker":"AAPL","high":"291.25","amount":"291.1758","period":"PT1M","low":"291.15","multiplier":"1","beginTime":"1640549862","endTime":"2019-12-31T07:00-05:00[America/New_York]","close":"291.15","open":"291.25"}
{"volume":"251.0","ticker":"AAPL","high":"291.2","amount":"291.2001","period":"PT1M","low":"291.2","multiplier":"1","beginTime":"1640549862","endTime":"2019-12-31T07:01-05:00[America/New_York]","close":"291.2","open":"291.2"}
{"volume":"734.0","ticker":"AAPL","high":"291.3","amount":"291.2807","period":"PT1M","low":"291.3","multiplier":"1","beginTime":"1640549862","endTime":"2019-12-31T07:02-05:00[America/New_York]","close":"291.3","open":"291.3"}
{"volume":"800.0","ticker":"AAPL","high":"291.2","amount":"291.2","period":"PT1M","low":"291.2","multiplier":"1","beginTime":"1640549862","endTime":"2019-12-31T07:05-05:00[America/New_York]","close":"291.2","open":"291.2"}
{"volume":"880.0","ticker":"AAPL","high":"291.2","amount":"291.1873","period":"PT1M","low":"291.09","multiplier":"1","beginTime":"1640549862","endTime":"2019-12-31T07:06-05:00[America/New_York]","close":"291.09","open":"291.2"}
{"volume":"3777.0","ticker":"AAPL","high":"291.1","amount":"290.9746","period":"PT1M","low":"290.85","multiplier":"1","beginTime":"1640549862","endTime":"2019-12-31T07:07-05:00[America/New_York]","close":"290.85","open":"291.1"}
{"volume":"110.0","ticker":"AAPL","high":"290.85","amount":"290.85","period":"PT1M","low":"290.85","multiplier":"1","beginTime":"1640549862","endTime":"2019-12-31T07:08-05:00[America/New_York]","close":"290.85","open":"290.85"}
{"volume":"1390.0","ticker":"AAPL","high":"290.86","amount":"290.8517","period":"PT1M","low":"290.85","multiplier":"1","beginTime":"1640549862","endTime":"2019-12-31T07:09-05:00[America/New_York]","close":"290.85","open":"290.86"}
{"volume":"1715.0","ticker":"AAPL","high":"290.85","amount":"290.85","period":"PT1M","low":"290.85","multiplier":"1","beginTime":"1640549862","endTime":"2019-12-31T07:10-05:00[America/New_York]","close":"290.85","open":"290.85"}
{"volume":"552.0","ticker":"AAPL","high":"290.9","amount":"290.8891","period":"PT1M","low":"290.86","multiplier":"1","beginTime":"1640549862","endTime":"2019-12-31T07:11-05:00[America/New_York]","close":"290.9","open":"290.86"}
{"volume":"375.0","ticker":"AAPL","high":"290.92","amount":"290.8873","period":"PT1M","low":"290.85","multiplier":"1","beginTime":"1640549862","endTime":"2019-12-31T07:13-05:00[America/New_York]","close":"290.85","open":"290.92"}
{"volume":"1536.0","ticker":"AAPL","high":"290.71","amount":"290.6164","period":"PT1M","low":"290.5","multiplier":"1","beginTime":"1640549862","endTime":"2019-12-31T07:18-05:00[America/New_York]","close":"290.5","open":"290.71"}
{"volume":"465.0","ticker":"AAPL","high":"290.82","amount":"290.8074","period":"PT1M","low":"290.8","multiplier":"1","beginTime":"1640549862","endTime":"2019-12-31T07:20-05:00[America/New_York]","close":"290.8","open":"290.82"}
{"volume":"199.0","ticker":"AAPL","high":"290.82","amount":"290.8059","period":"PT1M","low":"290.82","multiplier":"1","beginTime":"1640549862","endTime":"2019-12-31T07:21-05:00[America/New_York]","close":"290.82","open":"290.82"}
{"volume":"450.0","ticker":"AAPL","high":"290.65","amount":"290.65","period":"PT1M","low":"290.65","multiplier":"1","beginTime":"1640549862","endTime":"2019-12-31T07:22-05:00[America/New_York]","close":"290.65","open":"290.65"}
{"volume":"2305.0","ticker":"AAPL","high":"290.65","amount":"290.6314","period":"PT1M","low":"290.63","multiplier":"1","beginTime":"1640549862","endTime":"2019-12-31T07:24-05:00[America/New_York]","close":"290.63","open":"290.65"}
{"volume":"325.0","ticker":"AAPL","high":"290.8","amount":"290.77","period":"PT1M","low":"290.8","multiplier":"1","beginTime":"1640549862","endTime":"2019-12-31T07:25-05:00[America/New_York]","close":"290.8","open":"290.8"}
{"volume":"595.0","ticker":"AAPL","high":"290.71","amount":"290.7049","period":"PT1M","low":"290.68","multiplier":"1","beginTime":"1640549862","endTime":"2019-12-31T07:27-05:00[America/New_York]","close":"290.71","open":"290.68"}
{"volume":"700.0","ticker":"AAPL","high":"290.98","amount":"290.9425","period":"PT1M","low":"290.8","multiplier":"1","beginTime":"1640549862","endTime":"2019-12-31T07:30-05:00[America/New_York]","close":"290.98","open":"290.8"}
{"volume":"160.0","ticker":"AAPL","high":"290.85","amount":"290.8531","period":"PT1M","low":"290.85","multiplier":"1","beginTime":"1640549862","endTime":"2019-12-31T07:31-05:00[America/New_York]","close":"290.85","open":"290.85"}
{"volume":"101.0","ticker":"AAPL","high":"290.76","amount":"290.7612","period":"PT1M","low":"290.76","multiplier":"1","beginTime":"1640549862","endTime":"2019-12-31T07:34-05:00[America/New_York]","close":"290.76","open":"290.76"}
{"volume":"100.0","ticker":"AAPL","high":"290.85","amount":"290.85","period":"PT1M","low":"290.85","multiplier":"1","beginTime":"1640549862","endTime":"2019-12-31T07:35-05:00[America/New_York]","close":"290.85","open":"290.85"}
{"volume":"320.0","ticker":"AAPL","high":"290.9","amount":"290.8844","period":"PT1M","low":"290.87","multiplier":"1","beginTime":"1640549862","endTime":"2019-12-31T07:36-05:00[America/New_York]","close":"290.9","open":"290.87"}
{"volume":"205.0","ticker":"AAPL","high":"290.89","amount":"290.8898","period":"PT1M","low":"290.89","multiplier":"1","beginTime":"1640549862","endTime":"2019-12-31T07:38-05:00[America/New_York]","close":"290.89","open":"290.89"}
{"volume":"1780.0","ticker":"AAPL","high":"290.81","amount":"290.8007","period":"PT1M","low":"290.8","multiplier":"1","beginTime":"1640549862","endTime":"2019-12-31T07:39-05:00[America/New_York]","close":"290.8","open":"290.81"}
{"volume":"150.0","ticker":"AAPL","high":"290.85","amount":"290.85","period":"PT1M","low":"290.85","multiplier":"1","beginTime":"1640549862","endTime":"2019-12-31T07:40-05:00[America/New_York]","close":"290.85","open":"290.85"}
{"volume":"1033.0","ticker":"AAPL","high":"290.81","amount":"290.8039","period":"PT1M","low":"290.8","multiplier":"1","beginTime":"1640549862","endTime":"2019-12-31T07:42-05:00[America/New_York]","close":"290.8","open":"290.81"}
{"volume":"1394.0","ticker":"AAPL","high":"290.76","amount":"290.76","period":"PT1M","low":"290.76","multiplier":"1","beginTime":"1640549862","endTime":"2019-12-31T07:43-05:00[America/New_York]","close":"290.76","open":"290.76"}
{"volume":"220.0","ticker":"AAPL","high":"290.76","amount":"290.7676","period":"PT1M","low":"290.76","multiplier":"1","beginTime":"1640549862","endTime":"2019-12-31T07:46-05:00[America/New_York]","close":"290.76","open":"290.76"}
{"volume":"100.0","ticker":"AAPL","high":"290.8","amount":"290.8","period":"PT1M","low":"290.8","multiplier":"1","beginTime":"1640549862","endTime":"2019-12-31T07:48-05:00[America/New_York]","close":"290.8","open":"290.8"}
{"volume":"7198.0","ticker":"AAPL","high":"290.78","amount":"290.7504","period":"PT1M","low":"290.6","multiplier":"1","beginTime":"1640549862","endTime":"2019-12-31T07:49-05:00[America/New_York]","close":"290.6","open":"290.77"}
{"volume":"938.0","ticker":"AAPL","high":"290.6","amount":"290.5938","period":"PT1M","low":"290.58","multiplier":"1","beginTime":"1640549862","endTime":"2019-12-31T07:50-05:00[America/New_York]","close":"290.58","open":"290.6"}
{"volume":"951.0","ticker":"AAPL","high":"290.6","amount":"290.5833","period":"PT1M","low":"290.55","multiplier":"1","beginTime":"1640549862","endTime":"2019-12-31T07:52-05:00[America/New_York]","close":"290.58","open":"290.55"}
{"volume":"1035.0","ticker":"AAPL","high":"290.7","amount":"290.699","period":"PT1M","low":"290.7","multiplier":"1","beginTime":"1640549862","endTime":"2019-12-31T07:56-05:00[America/New_York]","close":"290.7","open":"290.7"}
{"volume":"22140.0","ticker":"AAPL","high":"291.25","amount":"290.9143","period":"PT1M","low":"290.51","multiplier":"1","beginTime":"1640549862","endTime":"2019-12-31T08:00-05:00[America/New_York]","close":"290.51","open":"291.2"}
{"volume":"1099.0","ticker":"AAPL","high":"290.8","amount":"290.7491","period":"PT1M","low":"290.7","multiplier":"1","beginTime":"1640549862","endTime":"2019-12-31T08:01-05:00[America/New_York]","close":"290.8","open":"290.7"}
{"volume":"349.0","ticker":"AAPL","high":"290.84","amount":"290.8329","period":"PT1M","low":"290.84","multiplier":"1","beginTime":"1640549862","endTime":"2019-12-31T08:02-05:00[America/New_York]","close":"290.84","open":"290.84"}
{"volume":"1470.0","ticker":"AAPL","high":"290.85","amount":"290.8545","period":"PT1M","low":"290.85","multiplier":"1","beginTime":"1640549862","endTime":"2019-12-31T08:03-05:00[America/New_York]","close":"290.85","open":"290.85"}
{"volume":"270.0","ticker":"AAPL","high":"290.85","amount":"290.863","period":"PT1M","low":"290.85","multiplier":"1","beginTime":"1640549862","endTime":"2019-12-31T08:04-05:00[America/New_York]","close":"290.85","open":"290.85"}
{"volume":"489.0","ticker":"AAPL","high":"290.77","amount":"290.7696","period":"PT1M","low":"290.76","multiplier":"1","beginTime":"1640549862","endTime":"2019-12-31T08:05-05:00[America/New_York]","close":"290.76","open":"290.77"}
{"volume":"1501.0","ticker":"AAPL","high":"290.8","amount":"290.7999","period":"PT1M","low":"290.7999","multiplier":"1","beginTime":"1640549862","endTime":"2019-12-31T08:06-05:00[America/New_York]","close":"290.8","open":"290.7999"}
{"volume":"289.0","ticker":"AAPL","high":"290.9","amount":"290.8956","period":"PT1M","low":"290.9","multiplier":"1","beginTime":"1640549862","endTime":"2019-12-31T08:09-05:00[America/New_York]","close":"290.9","open":"290.9"}
{"volume":"835.0","ticker":"AAPL","high":"290.99","amount":"290.9724","period":"PT1M","low":"290.98","multiplier":"1","beginTime":"1640549862","endTime":"2019-12-31T08:10-05:00[America/New_York]","close":"290.99","open":"290.98"}
{"volume":"300.0","ticker":"AAPL","high":"290.99","amount":"290.9767","period":"PT1M","low":"290.97","multiplier":"1","beginTime":"1640549862","endTime":"2019-12-31T08:12-05:00[America/New_York]","close":"290.99","open":"290.97"}
{"volume":"260.0","ticker":"AAPL","high":"290.9","amount":"290.8973","period":"PT1M","low":"290.9","multiplier":"1","beginTime":"1640549862","endTime":"2019-12-31T08:13-05:00[America/New_York]","close":"290.9","open":"290.9"}
{"volume":"503.0","ticker":"AAPL","high":"290.9","amount":"290.8611","period":"PT1M","low":"290.85","multiplier":"1","beginTime":"1640549862","endTime":"2019-12-31T08:15-05:00[America/New_York]","close":"290.85","open":"290.9"}
{"volume":"1130.0","ticker":"AAPL","high":"290.81","amount":"290.8033","period":"PT1M","low":"290.8","multiplier":"1","beginTime":"1640549862","endTime":"2019-12-31T08:16-05:00[America/New_York]","close":"290.8","open":"290.81"}
{"volume":"1423.0","ticker":"AAPL","high":"290.7101","amount":"290.7055","period":"PT1M","low":"290.7","multiplier":"1","beginTime":"1640549862","endTime":"2019-12-31T08:17-05:00[America/New_York]","close":"290.71","open":"290.71"}
{"volume":"610.0","ticker":"AAPL","high":"290.68","amount":"290.6606","period":"PT1M","low":"290.66","multiplier":"1","beginTime":"1640549862","endTime":"2019-12-31T08:18-05:00[America/New_York]","close":"290.67","open":"290.66"}
{"volume":"578.0","ticker":"AAPL","high":"290.8","amount":"290.7569","period":"PT1M","low":"290.66","multiplier":"1","beginTime":"1640549862","endTime":"2019-12-31T08:20-05:00[America/New_York]","close":"290.8","open":"290.8"}
{"volume":"285.0","ticker":"AAPL","high":"290.75","amount":"290.756","period":"PT1M","low":"290.75","multiplier":"1","beginTime":"1640549862","endTime":"2019-12-31T08:22-05:00[America/New_York]","close":"290.75","open":"290.75"}
{"volume":"261.0","ticker":"AAPL","high":"290.9","amount":"290.837","period":"PT1M","low":"290.8","multiplier":"1","beginTime":"1640549862","endTime":"2019-12-31T08:23-05:00[America/New_York]","close":"290.9","open":"290.8"}
{"volume":"315.0","ticker":"AAPL","high":"290.7101","amount":"290.713","period":"PT1M","low":"290.7101","multiplier":"1","beginTime":"1640549862","endTime":"2019-12-31T08:24-05:00[America/New_York]","close":"290.7101","open":"290.7101"}
{"volume":"267.0","ticker":"AAPL","high":"290.8","amount":"290.8","period":"PT1M","low":"290.8","multiplier":"1","beginTime":"1640549862","endTime":"2019-12-31T08:25-05:00[America/New_York]","close":"290.8","open":"290.8"}
{"volume":"100.0","ticker":"AAPL","high":"290.85","amount":"290.85","period":"PT1M","low":"290.85","multiplier":"1","beginTime":"1640549862","endTime":"2019-12-31T08:26-05:00[America/New_York]","close":"290.85","open":"290.85"}
{"volume":"2009.0","ticker":"AAPL","high":"290.85","amount":"290.85","period":"PT1M","low":"290.85","multiplier":"1","beginTime":"1640549862","endTime":"2019-12-31T08:28-05:00[America/New_York]","close":"290.85","open":"290.85"}
{"volume":"215.0","ticker":"AAPL","high":"290.79","amount":"290.7942","period":"PT1M","low":"290.79","multiplier":"1","beginTime":"1640549862","endTime":"2019-12-31T08:29-05:00[America/New_York]","close":"290.79","open":"290.79"}
{"volume":"790.0","ticker":"AAPL","high":"290.85","amount":"290.8372","period":"PT1M","low":"290.7971","multiplier":"1","beginTime":"1640549862","endTime":"2019-12-31T08:30-05:00[America/New_York]","close":"290.7971","open":"290.85"}
{"volume":"330.0","ticker":"AAPL","high":"290.87","amount":"290.8212","period":"PT1M","low":"290.7501","multiplier":"1","beginTime":"1640549862","endTime":"2019-12-31T08:31-05:00[America/New_York]","close":"290.87","open":"290.7501"}
{"volume":"1545.0","ticker":"AAPL","high":"290.83","amount":"290.7621","period":"PT1M","low":"290.71","multiplier":"1","beginTime":"1640549862","endTime":"2019-12-31T08:32-05:00[America/New_York]","close":"290.83","open":"290.75"}
{"volume":"3177.0","ticker":"AAPL","high":"290.7501","amount":"290.706","period":"PT1M","low":"290.65","multiplier":"1","beginTime":"1640549862","endTime":"2019-12-31T08:34-05:00[America/New_York]","close":"290.65","open":"290.7501"}
{"volume":"2287.0","ticker":"AAPL","high":"290.65","amount":"290.6112","period":"PT1M","low":"290.53","multiplier":"1","beginTime":"1640549862","endTime":"2019-12-31T08:38-05:00[America/New_York]","close":"290.55","open":"290.65"}
{"volume":"242.0","ticker":"AAPL","high":"290.72","amount":"290.6459","period":"PT1M","low":"290.72","multiplier":"1","beginTime":"1640549862","endTime":"2019-12-31T08:39-05:00[America/New_York]","close":"290.72","open":"290.72"}
{"volume":"221.0","ticker":"AAPL","high":"290.65","amount":"290.6462","period":"PT1M","low":"290.65","multiplier":"1","beginTime":"1640549862","endTime":"2019-12-31T08:41-05:00[America/New_York]","close":"290.65","open":"290.65"}
{"volume":"211.0","ticker":"AAPL","high":"290.65","amount":"290.65","period":"PT1M","low":"290.65","multiplier":"1","beginTime":"1640549862","endTime":"2019-12-31T08:42-05:00[America/New_York]","close":"290.65","open":"290.65"}
{"volume":"1004.0","ticker":"AAPL","high":"290.7","amount":"290.6791","period":"PT1M","low":"290.6001","multiplier":"1","beginTime":"1640549862","endTime":"2019-12-31T08:43-05:00[America/New_York]","close":"290.7","open":"290.6001"}
{"volume":"3306.0","ticker":"AAPL","high":"290.58","amount":"290.5478","period":"PT1M","low":"290.5","multiplier":"1","beginTime":"1640549862","endTime":"2019-12-31T08:45-05:00[America/New_York]","close":"290.5","open":"290.58"}
{"volume":"1582.0","ticker":"AAPL","high":"290.59","amount":"290.5575","period":"PT1M","low":"290.5007","multiplier":"1","beginTime":"1640549862","endTime":"2019-12-31T08:46-05:00[America/New_York]","close":"290.52","open":"290.58"}
{"volume":"1401.0","ticker":"AAPL","high":"290.53","amount":"290.4717","period":"PT1M","low":"290.4","multiplier":"1","beginTime":"1640549862","endTime":"2019-12-31T08:47-05:00[America/New_York]","close":"290.4","open":"290.53"}
{"volume":"2158.0","ticker":"AAPL","high":"290.39","amount":"290.3183","period":"PT1M","low":"290.25","multiplier":"1","beginTime":"1640549862","endTime":"2019-12-31T08:48-05:00[America/New_York]","close":"290.25","open":"290.39"}
{"volume":"1060.0","ticker":"AAPL","high":"290.39","amount":"290.2922","period":"PT1M","low":"290.26","multiplier":"1","beginTime":"1640549862","endTime":"2019-12-31T08:49-05:00[America/New_York]","close":"290.39","open":"290.26"}
{"volume":"476.0","ticker":"AAPL","high":"290.39","amount":"290.3888","period":"PT1M","low":"290.39","multiplier":"1","beginTime":"1640549862","endTime":"2019-12-31T08:50-05:00[America/New_York]","close":"290.39","open":"290.39"}
{"volume":"4706.0","ticker":"AAPL","high":"290.45","amount":"290.215","period":"PT1M","low":"290.08","multiplier":"1","beginTime":"1640549862","endTime":"2019-12-31T08:51-05:00[America/New_York]","close":"290.09","open":"290.45"}
{"volume":"1450.0","ticker":"AAPL","high":"290.24","amount":"290.1822","period":"PT1M","low":"290.15","multiplier":"1","beginTime":"1640549862","endTime":"2019-12-31T08:52-05:00[America/New_York]","close":"290.24","open":"290.15"}
{"volume":"1257.0","ticker":"AAPL","high":"290.3","amount":"290.252","period":"PT1M","low":"290.15","multiplier":"1","beginTime":"1640549862","endTime":"2019-12-31T08:53-05:00[America/New_York]","close":"290.15","open":"290.24"}
{"volume":"5692.0","ticker":"AAPL","high":"290.3","amount":"290.2679","period":"PT1M","low":"290.15","multiplier":"1","beginTime":"1640549862","endTime":"2019-12-31T08:54-05:00[America/New_York]","close":"290.23","open":"290.21"}
{"volume":"824.0","ticker":"AAPL","high":"290.4","amount":"290.2856","period":"PT1M","low":"290.25","multiplier":"1","beginTime":"1640549862","endTime":"2019-12-31T08:56-05:00[America/New_York]","close":"290.4","open":"290.25"}
{"volume":"1966.0","ticker":"AAPL","high":"290.39","amount":"290.2311","period":"PT1M","low":"290.119","multiplier":"1","beginTime":"1640549862","endTime":"2019-12-31T08:57-05:00[America/New_York]","close":"290.13","open":"290.39"}
{"volume":"1765.0","ticker":"AAPL","high":"290.3","amount":"290.2691","period":"PT1M","low":"290.23","multiplier":"1","beginTime":"1640549862","endTime":"2019-12-31T08:58-05:00[America/New_York]","close":"290.3","open":"290.23"}
{"volume":"2561.0","ticker":"AAPL","high":"290.33","amount":"290.3039","period":"PT1M","low":"290.26","multiplier":"1","beginTime":"1640549862","endTime":"2019-12-31T08:59-05:00[America/New_York]","close":"290.3","open":"290.3"}
{"volume":"1868.0","ticker":"AAPL","high":"290.39","amount":"290.3644","period":"PT1M","low":"290.3","multiplier":"1","beginTime":"1640549862","endTime":"2019-12-31T09:00-05:00[America/New_York]","close":"290.39","open":"290.3"}
{"volume":"4089.0","ticker":"AAPL","high":"290.34","amount":"290.2982","period":"PT1M","low":"290.25","multiplier":"1","beginTime":"1640549862","endTime":"2019-12-31T09:01-05:00[America/New_York]","close":"290.25","open":"290.34"}
{"volume":"2548.0","ticker":"AAPL","high":"290.32","amount":"290.2525","period":"PT1M","low":"290.13","multiplier":"1","beginTime":"1640549862","endTime":"2019-12-31T09:02-05:00[America/New_York]","close":"290.25","open":"290.32"}
{"volume":"1514.0","ticker":"AAPL","high":"290.23","amount":"290.2009","period":"PT1M","low":"290.1381","multiplier":"1","beginTime":"1640549862","endTime":"2019-12-31T09:03-05:00[America/New_York]","close":"290.23","open":"290.16"}
{"volume":"1899.0","ticker":"AAPL","high":"290.24","amount":"290.2286","period":"PT1M","low":"290.18","multiplier":"1","beginTime":"1640549862","endTime":"2019-12-31T09:04-05:00[America/New_York]","close":"290.23","open":"290.24"}
{"volume":"1726.0","ticker":"AAPL","high":"290.29","amount":"290.222","period":"PT1M","low":"290.18","multiplier":"1","beginTime":"1640549862","endTime":"2019-12-31T09:05-05:00[America/New_York]","close":"290.18","open":"290.23"}
{"volume":"3455.0","ticker":"AAPL","high":"290.2","amount":"290.184","period":"PT1M","low":"290.15","multiplier":"1","beginTime":"1640549862","endTime":"2019-12-31T09:06-05:00[America/New_York]","close":"290.2","open":"290.2"}
{"volume":"2745.0","ticker":"AAPL","high":"290.14","amount":"290.1243","period":"PT1M","low":"290.1066","multiplier":"1","beginTime":"1640549862","endTime":"2019-12-31T09:07-05:00[America/New_York]","close":"290.12","open":"290.14"}
{"volume":"480.0","ticker":"AAPL","high":"290.15","amount":"290.1375","period":"PT1M","low":"290.1069","multiplier":"1","beginTime":"1640549862","endTime":"2019-12-31T09:08-05:00[America/New_York]","close":"290.14","open":"290.1069"}
{"volume":"5336.0","ticker":"AAPL","high":"290.2","amount":"290.1995","period":"PT1M","low":"290.19","multiplier":"1","beginTime":"1640549862","endTime":"2019-12-31T09:09-05:00[America/New_York]","close":"290.2","open":"290.19"}
{"volume":"706.0","ticker":"AAPL","high":"290.29","amount":"290.2608","period":"PT1M","low":"290.21","multiplier":"1","beginTime":"1640549862","endTime":"2019-12-31T09:10-05:00[America/New_York]","close":"290.28","open":"290.21"}
{"volume":"2705.0","ticker":"AAPL","high":"290.45","amount":"290.3325","period":"PT1M","low":"290.28","multiplier":"1","beginTime":"1640549862","endTime":"2019-12-31T09:11-05:00[America/New_York]","close":"290.28","open":"290.35"}
{"volume":"1039.0","ticker":"AAPL","high":"290.38","amount":"290.3393","period":"PT1M","low":"290.3","multiplier":"1","beginTime":"1640549862","endTime":"2019-12-31T09:12-05:00[America/New_York]","close":"290.3","open":"290.38"}
{"volume":"602.0","ticker":"AAPL","high":"290.27","amount":"290.2583","period":"PT1M","low":"290.25","multiplier":"1","beginTime":"1640549862","endTime":"2019-12-31T09:14-05:00[America/New_York]","close":"290.27","open":"290.25"}
{"volume":"3705.0","ticker":"AAPL","high":"290.3","amount":"290.2741","period":"PT1M","low":"290.24","multiplier":"1","beginTime":"1640549862","endTime":"2019-12-31T09:15-05:00[America/New_York]","close":"290.3","open":"290.25"}
{"volume":"2323.0","ticker":"AAPL","high":"290.31","amount":"290.3014","period":"PT1M","low":"290.29","multiplier":"1","beginTime":"1640549862","endTime":"2019-12-31T09:16-05:00[America/New_York]","close":"290.29","open":"290.3"}
{"volume":"2399.0","ticker":"AAPL","high":"290.24","amount":"290.1855","period":"PT1M","low":"290.13","multiplier":"1","beginTime":"1640549862","endTime":"2019-12-31T09:17-05:00[America/New_York]","close":"290.18","open":"290.24"}
{"volume":"685.0","ticker":"AAPL","high":"290.2999","amount":"290.2631","period":"PT1M","low":"290.23","multiplier":"1","beginTime":"1640549862","endTime":"2019-12-31T09:18-05:00[America/New_York]","close":"290.2999","open":"290.23"}
{"volume":"777.0","ticker":"AAPL","high":"290.25","amount":"290.2796","period":"PT1M","low":"290.25","multiplier":"1","beginTime":"1640549862","endTime":"2019-12-31T09:19-05:00[America/New_York]","close":"290.25","open":"290.25"}
{"volume":"11764.0","ticker":"AAPL","high":"290.4402","amount":"290.4238","period":"PT1M","low":"290.35","multiplier":"1","beginTime":"1640549862","endTime":"2019-12-31T09:20-05:00[America/New_York]","close":"290.37","open":"290.38"}
{"volume":"896.0","ticker":"AAPL","high":"290.44","amount":"290.3833","period":"PT1M","low":"290.33","multiplier":"1","beginTime":"1640549862","endTime":"2019-12-31T09:21-05:00[America/New_York]","close":"290.44","open":"290.37"}
{"volume":"3747.0","ticker":"AAPL","high":"290.4","amount":"290.3285","period":"PT1M","low":"290.25","multiplier":"1","beginTime":"1640549862","endTime":"2019-12-31T09:22-05:00[America/New_York]","close":"290.36","open":"290.4"}
{"volume":"817.0","ticker":"AAPL","high":"290.42","amount":"290.3664","period":"PT1M","low":"290.35","multiplier":"1","beginTime":"1640549862","endTime":"2019-12-31T09:23-05:00[America/New_York]","close":"290.35","open":"290.42"}
{"volume":"1427.0","ticker":"AAPL","high":"290.44","amount":"290.3816","period":"PT1M","low":"290.34","multiplier":"1","beginTime":"1640549862","endTime":"2019-12-31T09:24-05:00[America/New_York]","close":"290.35","open":"290.34"}
{"volume":"1030.0","ticker":"AAPL","high":"290.42","amount":"290.3675","period":"PT1M","low":"290.33","multiplier":"1","beginTime":"1640549862","endTime":"2019-12-31T09:25-05:00[America/New_York]","close":"290.4","open":"290.33"}
{"volume":"3094.0","ticker":"AAPL","high":"290.4399","amount":"290.4017","period":"PT1M","low":"290.4","multiplier":"1","beginTime":"1640549862","endTime":"2019-12-31T09:26-05:00[America/New_York]","close":"290.4","open":"290.4"}
{"volume":"2163.0","ticker":"AAPL","high":"290.43","amount":"290.3976","period":"PT1M","low":"290.33","multiplier":"1","beginTime":"1640549862","endTime":"2019-12-31T09:27-05:00[America/New_York]","close":"290.43","open":"290.4"}
{"volume":"24755.0","ticker":"AAPL","high":"290.43","amount":"290.0078","period":"PT1M","low":"289.65","multiplier":"1","beginTime":"1640549862","endTime":"2019-12-31T09:28-05:00[America/New_York]","close":"289.82","open":"290.21"}
{"volume":"9758.0","ticker":"AAPL","high":"289.94","amount":"289.8242","period":"PT1M","low":"289.8","multiplier":"1","beginTime":"1640549862","endTime":"2019-12-31T09:29-05:00[America/New_York]","close":"289.94","open":"289.94"}
{"volume":"497275.0","ticker":"AAPL","high":"290.28","amount":"289.8614","period":"PT1M","low":"289.5966","multiplier":"1","beginTime":"1640549862","endTime":"2019-12-31T09:30-05:00[America/New_York]","close":"289.907","open":"289.93"}
{"volume":"118181.0","ticker":"AAPL","high":"290.2","amount":"289.8077","period":"PT1M","low":"289.52","multiplier":"1","beginTime":"1640549862","endTime":"2019-12-31T09:31-05:00[America/New_York]","close":"289.91","open":"289.87"}
{"volume":"204505.0","ticker":"AAPL","high":"291.1732","amount":"290.5079","period":"PT1M","low":"289.95","multiplier":"1","beginTime":"1640549862","endTime":"2019-12-31T09:32-05:00[America/New_York]","close":"291.115","open":"289.95"}
{"volume":"164022.0","ticker":"AAPL","high":"291.3984","amount":"291.1023","period":"PT1M","low":"290.87","multiplier":"1","beginTime":"1640549862","endTime":"2019-12-31T09:33-05:00[America/New_York]","close":"291.3749","open":"291.105"}
{"volume":"143183.0","ticker":"AAPL","high":"291.5","amount":"291.3116","period":"PT1M","low":"291.05","multiplier":"1","beginTime":"1640549862","endTime":"2019-12-31T09:34-05:00[America/New_York]","close":"291.2559","open":"291.37"}
{"volume":"209697.0","ticker":"AAPL","high":"292.22","amount":"291.8899","period":"PT1M","low":"291.25","multiplier":"1","beginTime":"1640549862","endTime":"2019-12-31T09:35-05:00[America/New_York]","close":"292.22","open":"291.25"}
{"volume":"172994.0","ticker":"AAPL","high":"292.69","amount":"292.4285","period":"PT1M","low":"292.22","multiplier":"1","beginTime":"1640549862","endTime":"2019-12-31T09:36-05:00[America/New_York]","close":"292.67","open":"292.2595"}
{"volume":"171748.0","ticker":"AAPL","high":"292.88","amount":"292.668","period":"PT1M","low":"292.25","multiplier":"1","beginTime":"1640549862","endTime":"2019-12-31T09:37-05:00[America/New_York]","close":"292.25","open":"292.7"}
{"volume":"185426.0","ticker":"AAPL","high":"292.64","amount":"292.427","period":"PT1M","low":"292.23","multiplier":"1","beginTime":"1640549862","endTime":"2019-12-31T09:38-05:00[America/New_York]","close":"292.5591","open":"292.25"}
{"volume":"120584.0","ticker":"AAPL","high":"292.69","amount":"292.4287","period":"PT1M","low":"292.14","multiplier":"1","beginTime":"1640549862","endTime":"2019-12-31T09:39-05:00[America/New_York]","close":"292.14","open":"292.5365"}
{"volume":"135138.0","ticker":"AAPL","high":"292.21","amount":"291.9579","period":"PT1M","low":"291.68","multiplier":"1","beginTime":"1640549862","endTime":"2019-12-31T09:40-05:00[America/New_York]","close":"291.7599","open":"292.13"}
{"volume":"129953.0","ticker":"AAPL","high":"292.07","amount":"291.8698","period":"PT1M","low":"291.68","multiplier":"1","beginTime":"1640549862","endTime":"2019-12-31T09:41-05:00[America/New_York]","close":"291.94","open":"291.76"}
{"volume":"124107.0","ticker":"AAPL","high":"292.45","amount":"292.225","period":"PT1M","low":"291.88","multiplier":"1","beginTime":"1640549862","endTime":"2019-12-31T09:42-05:00[America/New_York]","close":"292.3951","open":"291.94"}
{"volume":"100038.0","ticker":"AAPL","high":"292.44","amount":"292.1457","period":"PT1M","low":"291.85","multiplier":"1","beginTime":"1640549862","endTime":"2019-12-31T09:43-05:00[America/New_York]","close":"292.0","open":"292.39"}
{"volume":"67616.0","ticker":"AAPL","high":"292.28","amount":"292.0961","period":"PT1M","low":"291.88","multiplier":"1","beginTime":"1640549862","endTime":"2019-12-31T09:44-05:00[America/New_York]","close":"292.13","open":"292.0"}
{"volume":"94185.0","ticker":"AAPL","high":"292.22","amount":"292.0894","period":"PT1M","low":"291.91","multiplier":"1","beginTime":"1640549862","endTime":"2019-12-31T09:45-05:00[America/New_York]","close":"291.92","open":"292.15"}
{"volume":"72027.0","ticker":"AAPL","high":"292.13","amount":"291.988","period":"PT1M","low":"291.9","multiplier":"1","beginTime":"1640549862","endTime":"2019-12-31T09:46-05:00[America/New_York]","close":"291.91","open":"291.9269"}
{"volume":"80957.0","ticker":"AAPL","high":"292.33","amount":"292.1221","period":"PT1M","low":"291.92","multiplier":"1","beginTime":"1640549862","endTime":"2019-12-31T09:47-05:00[America/New_York]","close":"292.325","open":"291.92"}
{"volume":"87159.0","ticker":"AAPL","high":"292.4","amount":"292.2999","period":"PT1M","low":"292.22","multiplier":"1","beginTime":"1640549862","endTime":"2019-12-31T09:48-05:00[America/New_York]","close":"292.2649","open":"292.25"}
{"volume":"128114.0","ticker":"AAPL","high":"292.47","amount":"292.3504","period":"PT1M","low":"292.21","multiplier":"1","beginTime":"1640549862","endTime":"2019-12-31T09:49-05:00[America/New_York]","close":"292.3162","open":"292.255"}
{"volume":"95759.0","ticker":"AAPL","high":"292.325","amount":"292.1351","period":"PT1M","low":"291.97","multiplier":"1","beginTime":"1640549862","endTime":"2019-12-31T09:50-05:00[America/New_York]","close":"292.16","open":"292.3"}
{"volume":"70586.0","ticker":"AAPL","high":"292.14","amount":"292.0386","period":"PT1M","low":"291.96","multiplier":"1","beginTime":"1640549862","endTime":"2019-12-31T09:51-05:00[America/New_York]","close":"292.02","open":"292.14"}
{"volume":"89685.0","ticker":"AAPL","high":"292.27","amount":"292.1397","period":"PT1M","low":"291.96","multiplier":"1","beginTime":"1640549862","endTime":"2019-12-31T09:52-05:00[America/New_York]","close":"292.13","open":"292.0211"}
{"volume":"54673.0","ticker":"AAPL","high":"292.1428","amount":"292.0504","period":"PT1M","low":"291.9701","multiplier":"1","beginTime":"1640549862","endTime":"2019-12-31T09:53-05:00[America/New_York]","close":"292.06","open":"292.131"}
{"volume":"49909.0","ticker":"AAPL","high":"292.1443","amount":"292.0588","period":"PT1M","low":"292.0","multiplier":"1","beginTime":"1640549862","endTime":"2019-12-31T09:54-05:00[America/New_York]","close":"292.005","open":"292.07"}
{"volume":"89881.0","ticker":"AAPL","high":"292.1","amount":"291.9537","period":"PT1M","low":"291.87","multiplier":"1","beginTime":"1640549862","endTime":"2019-12-31T09:55-05:00[America/New_York]","close":"292.095","open":"292.0"}
{"volume":"96891.0","ticker":"AAPL","high":"292.21","amount":"292.1391","period":"PT1M","low":"292.04","multiplier":"1","beginTime":"1640549862","endTime":"2019-12-31T09:56-05:00[America/New_York]","close":"292.1784","open":"292.09"}
{"volume":"73345.0","ticker":"AAPL","high":"292.21","amount":"292.1396","period":"PT1M","low":"292.03","multiplier":"1","beginTime":"1640549862","endTime":"2019-12-31T09:57-05:00[America/New_York]","close":"292.18","open":"292.2"}
{"volume":"61949.0","ticker":"AAPL","high":"292.2","amount":"292.1353","period":"PT1M","low":"292.08","multiplier":"1","beginTime":"1640549862","endTime":"2019-12-31T09:58-05:00[America/New_York]","close":"292.13","open":"292.145"}
{"volume":"44918.0","ticker":"AAPL","high":"292.21","amount":"292.1717","period":"PT1M","low":"292.11","multiplier":"1","beginTime":"1640549862","endTime":"2019-12-31T09:59-05:00[America/New_York]","close":"292.16","open":"292.11"}
{"volume":"125524.0","ticker":"AAPL","high":"292.3","amount":"292.0567","period":"PT1M","low":"291.79","multiplier":"1","beginTime":"1640549862","endTime":"2019-12-31T10:00-05:00[America/New_York]","close":"292.0366","open":"292.18"}
{"volume":"74220.0","ticker":"AAPL","high":"292.1899","amount":"292.1049","period":"PT1M","low":"292.0163","multiplier":"1","beginTime":"1640549862","endTime":"2019-12-31T10:01-05:00[America/New_York]","close":"292.12","open":"292.0169"}
{"volume":"79357.0","ticker":"AAPL","high":"292.11","amount":"291.9772","period":"PT1M","low":"291.89","multiplier":"1","beginTime":"1640549862","endTime":"2019-12-31T10:02-05:00[America/New_York]","close":"291.94","open":"292.11"}
{"volume":"99543.0","ticker":"AAPL","high":"291.98","amount":"291.8174","period":"PT1M","low":"291.56","multiplier":"1","beginTime":"1640549862","endTime":"2019-12-31T10:03-05:00[America/New_York]","close":"291.58","open":"291.92"}
{"volume":"139536.0","ticker":"AAPL","high":"291.63","amount":"291.3761","period":"PT1M","low":"291.0801","multiplier":"1","beginTime":"1640549862","endTime":"2019-12-31T10:04-05:00[America/New_York]","close":"291.16","open":"291.58"}
{"volume":"145820.0","ticker":"AAPL","high":"291.2391","amount":"291.0153","period":"PT1M","low":"290.84","multiplier":"1","beginTime":"1640549862","endTime":"2019-12-31T10:05-05:00[America/New_York]","close":"291.01","open":"291.16"}
{"volume":"86008.0","ticker":"AAPL","high":"290.97","amount":"290.811","period":"PT1M","low":"290.68","multiplier":"1","beginTime":"1640549862","endTime":"2019-12-31T10:06-05:00[America/New_York]","close":"290.8794","open":"290.97"}
{"volume":"108976.0","ticker":"AAPL","high":"291.2","amount":"291.0429","period":"PT1M","low":"290.88","multiplier":"1","beginTime":"1640549862","endTime":"2019-12-31T10:07-05:00[America/New_York]","close":"291.1829","open":"290.8998"}
{"volume":"90700.0","ticker":"AAPL","high":"291.48","amount":"291.3369","period":"PT1M","low":"291.145","multiplier":"1","beginTime":"1640549862","endTime":"2019-12-31T10:08-05:00[America/New_York]","close":"291.4244","open":"291.1855"}
{"volume":"52163.0","ticker":"AAPL","high":"291.4791","amount":"291.3721","period":"PT1M","low":"291.251","multiplier":"1","beginTime":"1640549862","endTime":"2019-12-31T10:09-05:00[America/New_York]","close":"291.4","open":"291.42"}
{"volume":"52436.0","ticker":"AAPL","high":"291.4699","amount":"291.3717","period":"PT1M","low":"291.27","multiplier":"1","beginTime":"1640549862","endTime":"2019-12-31T10:10-05:00[America/New_York]","close":"291.44","open":"291.39"}
{"volume":"67967.0","ticker":"AAPL","high":"291.63","amount":"291.4668","period":"PT1M","low":"291.28","multiplier":"1","beginTime":"1640549862","endTime":"2019-12-31T10:11-05:00[America/New_York]","close":"291.595","open":"291.4328"}
{"volume":"100153.0","ticker":"AAPL","high":"291.77","amount":"291.68","period":"PT1M","low":"291.5726","multiplier":"1","beginTime":"1640549862","endTime":"2019-12-31T10:12-05:00[America/New_York]","close":"291.6534","open":"291.58"}
{"volume":"59303.0","ticker":"AAPL","high":"291.78","amount":"291.6755","period":"PT1M","low":"291.55","multiplier":"1","beginTime":"1640549862","endTime":"2019-12-31T10:13-05:00[America/New_York]","close":"291.58","open":"291.66"}
{"volume":"90778.0","ticker":"AAPL","high":"291.83","amount":"291.6668","period":"PT1M","low":"291.46","multiplier":"1","beginTime":"1640549862","endTime":"2019-12-31T10:14-05:00[America/New_York]","close":"291.83","open":"291.58"}
{"volume":"80194.0","ticker":"AAPL","high":"291.887","amount":"291.7896","period":"PT1M","low":"291.74","multiplier":"1","beginTime":"1640549862","endTime":"2019-12-31T10:15-05:00[America/New_York]","close":"291.78","open":"291.85"}
{"volume":"64411.0","ticker":"AAPL","high":"291.89","amount":"291.8268","period":"PT1M","low":"291.78","multiplier":"1","beginTime":"1640549862","endTime":"2019-12-31T10:16-05:00[America/New_York]","close":"291.8","open":"291.8"}
{"volume":"135364.0","ticker":"AAPL","high":"292.0","amount":"291.8478","period":"PT1M","low":"291.7915","multiplier":"1","beginTime":"1640549862","endTime":"2019-12-31T10:17-05:00[America/New_York]","close":"291.84","open":"291.8011"}
{"volume":"44658.0","ticker":"AAPL","high":"291.9958","amount":"291.9425","period":"PT1M","low":"291.84","multiplier":"1","beginTime":"1640549862","endTime":"2019-12-31T10:18-05:00[America/New_York]","close":"291.93","open":"291.8422"}
{"volume":"75472.0","ticker":"AAPL","high":"292.14","amount":"292.0504","period":"PT1M","low":"291.9449","multiplier":"1","beginTime":"1640549862","endTime":"2019-12-31T10:19-05:00[America/New_York]","close":"292.06","open":"291.9449"}
{"volume":"102287.0","ticker":"AAPL","high":"292.06","amount":"291.7552","period":"PT1M","low":"291.52","multiplier":"1","beginTime":"1640549862","endTime":"2019-12-31T10:20-05:00[America/New_York]","close":"291.6301","open":"292.06"}
{"volume":"44836.0","ticker":"AAPL","high":"291.8673","amount":"291.7758","period":"PT1M","low":"291.6081","multiplier":"1","beginTime":"1640549862","endTime":"2019-12-31T10:21-05:00[America/New_York]","close":"291.78","open":"291.6248"}
{"volume":"50449.0","ticker":"AAPL","high":"292.05","amount":"291.916","period":"PT1M","low":"291.725","multiplier":"1","beginTime":"1640549862","endTime":"2019-12-31T10:22-05:00[America/New_York]","close":"291.99","open":"291.7984"}
{"volume":"59608.0","ticker":"AAPL","high":"291.97","amount":"291.8732","period":"PT1M","low":"291.756","multiplier":"1","beginTime":"1640549862","endTime":"2019-12-31T10:23-05:00[America/New_York]","close":"291.9195","open":"291.96"}
{"volume":"29984.0","ticker":"AAPL","high":"291.97","amount":"291.8737","period":"PT1M","low":"291.81","multiplier":"1","beginTime":"1640549862","endTime":"2019-12-31T10:24-05:00[America/New_York]","close":"291.8869","open":"291.91"}
{"volume":"33658.0","ticker":"AAPL","high":"291.8999","amount":"291.821","period":"PT1M","low":"291.75","multiplier":"1","beginTime":"1640549862","endTime":"2019-12-31T10:25-05:00[America/New_York]","close":"291.83","open":"291.8999"}
{"volume":"33008.0","ticker":"AAPL","high":"291.8488","amount":"291.7865","period":"PT1M","low":"291.68","multiplier":"1","beginTime":"1640549862","endTime":"2019-12-31T10:26-05:00[America/New_York]","close":"291.785","open":"291.83"}
{"volume":"48793.0","ticker":"AAPL","high":"291.8599","amount":"291.7602","period":"PT1M","low":"291.65","multiplier":"1","beginTime":"1640549862","endTime":"2019-12-31T10:27-05:00[America/New_York]","close":"291.6535","open":"291.79"}
{"volume":"75457.0","ticker":"AAPL","high":"291.6599","amount":"291.5021","period":"PT1M","low":"291.39","multiplier":"1","beginTime":"1640549862","endTime":"2019-12-31T10:28-05:00[America/New_York]","close":"291.4399","open":"291.64"}
{"volume":"61354.0","ticker":"AAPL","high":"291.45","amount":"291.3143","period":"PT1M","low":"291.1401","multiplier":"1","beginTime":"1640549862","endTime":"2019-12-31T10:29-05:00[America/New_York]","close":"291.19","open":"291.43"}
{"volume":"60314.0","ticker":"AAPL","high":"291.35","amount":"291.2415","period":"PT1M","low":"291.1512","multiplier":"1","beginTime":"1640549862","endTime":"2019-12-31T10:30-05:00[America/New_York]","close":"291.25","open":"291.2199"}
{"volume":"44731.0","ticker":"AAPL","high":"291.3791","amount":"291.2842","period":"PT1M","low":"291.19","multiplier":"1","beginTime":"1640549862","endTime":"2019-12-31T10:31-05:00[America/New_York]","close":"291.335","open":"291.27"}
{"volume":"67837.0","ticker":"AAPL","high":"291.55","amount":"291.3836","period":"PT1M","low":"291.27","multiplier":"1","beginTime":"1640549862","endTime":"2019-12-31T10:32-05:00[America/New_York]","close":"291.54","open":"291.3417"}
{"volume":"52168.0","ticker":"AAPL","high":"291.6199","amount":"291.5337","period":"PT1M","low":"291.43","multiplier":"1","beginTime":"1640549862","endTime":"2019-12-31T10:33-05:00[America/New_York]","close":"291.59","open":"291.55"}
{"volume":"56012.0","ticker":"AAPL","high":"291.59","amount":"291.4799","period":"PT1M","low":"291.4","multiplier":"1","beginTime":"1640549862","endTime":"2019-12-31T10:34-05:00[America/New_York]","close":"291.42","open":"291.59"}
{"volume":"50956.0","ticker":"AAPL","high":"291.6","amount":"291.497","period":"PT1M","low":"291.33","multiplier":"1","beginTime":"1640549862","endTime":"2019-12-31T10:35-05:00[America/New_York]","close":"291.52","open":"291.42"}
{"volume":"39167.0","ticker":"AAPL","high":"291.5934","amount":"291.5516","period":"PT1M","low":"291.5098","multiplier":"1","beginTime":"1640549862","endTime":"2019-12-31T10:36-05:00[America/New_York]","close":"291.5695","open":"291.54"}
{"volume":"67102.0","ticker":"AAPL","high":"291.76","amount":"291.6509","period":"PT1M","low":"291.56","multiplier":"1","beginTime":"1640549862","endTime":"2019-12-31T10:37-05:00[America/New_York]","close":"291.6301","open":"291.56"}
{"volume":"30744.0","ticker":"AAPL","high":"291.7","amount":"291.6338","period":"PT1M","low":"291.57","multiplier":"1","beginTime":"1640549862","endTime":"2019-12-31T10:38-05:00[America/New_York]","close":"291.625","open":"291.64"}
{"volume":"50049.0","ticker":"AAPL","high":"291.6955","amount":"291.5767","period":"PT1M","low":"291.4304","multiplier":"1","beginTime":"1640549862","endTime":"2019-12-31T10:39-05:00[America/New_York]","close":"291.455","open":"291.6371"}
{"volume":"47393.0","ticker":"AAPL","high":"291.4562","amount":"291.3943","period":"PT1M","low":"291.34","multiplier":"1","beginTime":"1640549862","endTime":"2019-12-31T10:40-05:00[America/New_York]","close":"291.41","open":"291.42"}
{"volume":"42573.0","ticker":"AAPL","high":"291.4255","amount":"291.3304","period":"PT1M","low":"291.25","multiplier":"1","beginTime":"1640549862","endTime":"2019-12-31T10:41-05:00[America/New_York]","close":"291.25","open":"291.4"}
{"volume":"46246.0","ticker":"AAPL","high":"291.49","amount":"291.3687","period":"PT1M","low":"291.23","multiplier":"1","beginTime":"1640549862","endTime":"2019-12-31T10:42-05:00[America/New_York]","close":"291.49","open":"291.25"}
{"volume":"62893.0","ticker":"AAPL","high":"291.4737","amount":"291.2793","period":"PT1M","low":"291.15","multiplier":"1","beginTime":"1640549862","endTime":"2019-12-31T10:43-05:00[America/New_York]","close":"291.255","open":"291.4733"}
{"volume":"29993.0","ticker":"AAPL","high":"291.35","amount":"291.2688","period":"PT1M","low":"291.1801","multiplier":"1","beginTime":"1640549862","endTime":"2019-12-31T10:44-05:00[America/New_York]","close":"291.24","open":"291.2501"}
{"volume":"99439.0","ticker":"AAPL","high":"291.23","amount":"291.0351","period":"PT1M","low":"290.9","multiplier":"1","beginTime":"1640549862","endTime":"2019-12-31T10:45-05:00[America/New_York]","close":"291.045","open":"291.22"}
{"volume":"54637.0","ticker":"AAPL","high":"291.28","amount":"291.1805","period":"PT1M","low":"291.04","multiplier":"1","beginTime":"1640549862","endTime":"2019-12-31T10:46-05:00[America/New_York]","close":"291.16","open":"291.04"}
{"volume":"61984.0","ticker":"AAPL","high":"291.19","amount":"291.0504","period":"PT1M","low":"290.94","multiplier":"1","beginTime":"1640549862","endTime":"2019-12-31T10:47-05:00[America/New_York]","close":"291.0864","open":"291.1401"}
{"volume":"95662.0","ticker":"AAPL","high":"291.05","amount":"290.9719","period":"PT1M","low":"290.78","multiplier":"1","beginTime":"1640549862","endTime":"2019-12-31T10:48-05:00[America/New_York]","close":"290.8739","open":"291.05"}
{"volume":"48960.0","ticker":"AAPL","high":"291.03","amount":"290.916","period":"PT1M","low":"290.8","multiplier":"1","beginTime":"1640549862","endTime":"2019-12-31T10:49-05:00[America/New_York]","close":"290.97","open":"290.8899"}
{"volume":"39075.0","ticker":"AAPL","high":"291.03","amount":"290.9703","period":"PT1M","low":"290.92","multiplier":"1","beginTime":"1640549862","endTime":"2019-12-31T10:50-05:00[America/New_York]","close":"290.96","open":"290.96"}
{"volume":"41183.0","ticker":"AAPL","high":"291.09","amount":"291.0185","period":"PT1M","low":"290.9501","multiplier":"1","beginTime":"1640549862","endTime":"2019-12-31T10:51-05:00[America/New_York]","close":"291.0","open":"290.96"}
{"volume":"56163.0","ticker":"AAPL","high":"291.13","amount":"291.0059","period":"PT1M","low":"290.87","multiplier":"1","beginTime":"1640549862","endTime":"2019-12-31T10:52-05:00[America/New_York]","close":"290.94","open":"291.0"}
{"volume":"32347.0","ticker":"AAPL","high":"291.15","amount":"291.0612","period":"PT1M","low":"290.97","multiplier":"1","beginTime":"1640549862","endTime":"2019-12-31T10:53-05:00[America/New_York]","close":"291.12","open":"290.98"}
{"volume":"34748.0","ticker":"AAPL","high":"291.23","amount":"291.1126","period":"PT1M","low":"291.04","multiplier":"1","beginTime":"1640549862","endTime":"2019-12-31T10:54-05:00[America/New_York]","close":"291.185","open":"291.1"}
{"volume":"58475.0","ticker":"AAPL","high":"291.3","amount":"291.2056","period":"PT1M","low":"291.08","multiplier":"1","beginTime":"1640549862","endTime":"2019-12-31T10:55-05:00[America/New_York]","close":"291.13","open":"291.149"}
{"volume":"29057.0","ticker":"AAPL","high":"291.17","amount":"291.1228","period":"PT1M","low":"291.1","multiplier":"1","beginTime":"1640549862","endTime":"2019-12-31T10:56-05:00[America/New_York]","close":"291.15","open":"291.1409"}
{"volume":"35618.0","ticker":"AAPL","high":"291.29","amount":"291.2046","period":"PT1M","low":"291.13","multiplier":"1","beginTime":"1640549862","endTime":"2019-12-31T10:57-05:00[America/New_York]","close":"291.2","open":"291.13"}
{"volume":"25552.0","ticker":"AAPL","high":"291.23","amount":"291.1945","period":"PT1M","low":"291.14","multiplier":"1","beginTime":"1640549862","endTime":"2019-12-31T10:58-05:00[America/New_York]","close":"291.22","open":"291.2"}
{"volume":"41012.0","ticker":"AAPL","high":"291.22","amount":"291.1063","period":"PT1M","low":"291.03","multiplier":"1","beginTime":"1640549862","endTime":"2019-12-31T10:59-05:00[America/New_York]","close":"291.07","open":"291.22"}
{"volume":"56688.0","ticker":"AAPL","high":"291.25","amount":"291.1068","period":"PT1M","low":"290.98","multiplier":"1","beginTime":"1640549862","endTime":"2019-12-31T11:00-05:00[America/New_York]","close":"291.244","open":"291.0651"}
{"volume":"69427.0","ticker":"AAPL","high":"291.44","amount":"291.3434","period":"PT1M","low":"291.24","multiplier":"1","beginTime":"1640549862","endTime":"2019-12-31T11:01-05:00[America/New_York]","close":"291.4134","open":"291.24"}
{"volume":"49915.0","ticker":"AAPL","high":"291.42","amount":"291.3537","period":"PT1M","low":"291.27","multiplier":"1","beginTime":"1640549862","endTime":"2019-12-31T11:02-05:00[America/New_York]","close":"291.39","open":"291.42"}
{"volume":"59643.0","ticker":"AAPL","high":"291.54","amount":"291.4166","period":"PT1M","low":"291.31","multiplier":"1","beginTime":"1640549862","endTime":"2019-12-31T11:03-05:00[America/New_York]","close":"291.53","open":"291.39"}
{"volume":"90701.0","ticker":"AAPL","high":"291.7299","amount":"291.6008","period":"PT1M","low":"291.51","multiplier":"1","beginTime":"1640549862","endTime":"2019-12-31T11:04-05:00[America/New_York]","close":"291.71","open":"291.5122"}
{"volume":"88523.0","ticker":"AAPL","high":"291.9","amount":"291.7684","period":"PT1M","low":"291.59","multiplier":"1","beginTime":"1640549862","endTime":"2019-12-31T11:05-05:00[America/New_York]","close":"291.8656","open":"291.7183"}
{"volume":"81412.0","ticker":"AAPL","high":"291.97","amount":"291.9029","period":"PT1M","low":"291.84","multiplier":"1","beginTime":"1640549862","endTime":"2019-12-31T11:06-05:00[America/New_York]","close":"291.9645","open":"291.8736"}
{"volume":"88402.0","ticker":"AAPL","high":"292.05","amount":"291.9754","period":"PT1M","low":"291.8901","multiplier":"1","beginTime":"1640549862","endTime":"2019-12-31T11:07-05:00[America/New_York]","close":"291.94","open":"291.96"}
{"volume":"45179.0","ticker":"AAPL","high":"291.98","amount":"291.8997","period":"PT1M","low":"291.83","multiplier":"1","beginTime":"1640549862","endTime":"2019-12-31T11:08-05:00[America/New_York]","close":"291.8734","open":"291.955"}
{"volume":"51726.0","ticker":"AAPL","high":"292.08","amount":"291.969","period":"PT1M","low":"291.86","multiplier":"1","beginTime":"1640549862","endTime":"2019-12-31T11:09-05:00[America/New_York]","close":"292.0696","open":"291.86"}
{"volume":"45088.0","ticker":"AAPL","high":"292.09","amount":"292.0304","period":"PT1M","low":"291.96","multiplier":"1","beginTime":"1640549862","endTime":"2019-12-31T11:10-05:00[America/New_York]","close":"292.08","open":"292.055"}
{"volume":"101049.0","ticker":"AAPL","high":"292.26","amount":"292.1857","period":"PT1M","low":"292.0735","multiplier":"1","beginTime":"1640549862","endTime":"2019-12-31T11:11-05:00[America/New_York]","close":"292.2","open":"292.0735"}
{"volume":"66894.0","ticker":"AAPL","high":"292.22","amount":"292.1273","period":"PT1M","low":"292.0201","multiplier":"1","beginTime":"1640549862","endTime":"2019-12-31T11:12-05:00[America/New_York]","close":"292.0966","open":"292.2"}
{"volume":"101410.0","ticker":"AAPL","high":"292.15","amount":"291.9929","period":"PT1M","low":"291.86","multiplier":"1","beginTime":"1640549862","endTime":"2019-12-31T11:13-05:00[America/New_York]","close":"291.94","open":"292.1256"}
{"volume":"43037.0","ticker":"AAPL","high":"292.11","amount":"291.9966","period":"PT1M","low":"291.87","multiplier":"1","beginTime":"1640549862","endTime":"2019-12-31T11:14-05:00[America/New_York]","close":"291.935","open":"291.96"}
{"volume":"47601.0","ticker":"AAPL","high":"291.9906","amount":"291.9059","period":"PT1M","low":"291.79","multiplier":"1","beginTime":"1640549862","endTime":"2019-12-31T11:15-05:00[America/New_York]","close":"291.8484","open":"291.92"}
{"volume":"56505.0","ticker":"AAPL","high":"291.855","amount":"291.7038","period":"PT1M","low":"291.59","multiplier":"1","beginTime":"1640549862","endTime":"2019-12-31T11:16-05:00[America/New_York]","close":"291.5958","open":"291.85"}
{"volume":"96858.0","ticker":"AAPL","high":"291.71","amount":"291.6017","period":"PT1M","low":"291.49","multiplier":"1","beginTime":"1640549862","endTime":"2019-12-31T11:17-05:00[America/New_York]","close":"291.6608","open":"291.58"}
{"volume":"44251.0","ticker":"AAPL","high":"291.7495","amount":"291.6948","period":"PT1M","low":"291.6539","multiplier":"1","beginTime":"1640549862","endTime":"2019-12-31T11:18-05:00[America/New_York]","close":"291.69","open":"291.6539"}
{"volume":"65099.0","ticker":"AAPL","high":"291.8691","amount":"291.7661","period":"PT1M","low":"291.68","multiplier":"1","beginTime":"1640549862","endTime":"2019-12-31T11:19-05:00[America/New_York]","close":"291.8691","open":"291.7324"}
{"volume":"41467.0","ticker":"AAPL","high":"292.0","amount":"291.928","period":"PT1M","low":"291.8","multiplier":"1","beginTime":"1640549862","endTime":"2019-12-31T11:20-05:00[America/New_York]","close":"291.98","open":"291.8642"}
{"volume":"29413.0","ticker":"AAPL","high":"292.03","amount":"291.9123","period":"PT1M","low":"291.8181","multiplier":"1","beginTime":"1640549862","endTime":"2019-12-31T11:21-05:00[America/New_York]","close":"291.8672","open":"291.99"}
{"volume":"45057.0","ticker":"AAPL","high":"291.8799","amount":"291.807","period":"PT1M","low":"291.728","multiplier":"1","beginTime":"1640549862","endTime":"2019-12-31T11:22-05:00[America/New_York]","close":"291.855","open":"291.86"}
{"volume":"18423.0","ticker":"AAPL","high":"291.94","amount":"291.8922","period":"PT1M","low":"291.83","multiplier":"1","beginTime":"1640549862","endTime":"2019-12-31T11:23-05:00[America/New_York]","close":"291.9301","open":"291.8522"}
{"volume":"18312.0","ticker":"AAPL","high":"291.95","amount":"291.905","period":"PT1M","low":"291.85","multiplier":"1","beginTime":"1640549862","endTime":"2019-12-31T11:24-05:00[America/New_York]","close":"291.88","open":"291.95"}
{"volume":"25457.0","ticker":"AAPL","high":"291.96","amount":"291.8845","period":"PT1M","low":"291.8018","multiplier":"1","beginTime":"1640549862","endTime":"2019-12-31T11:25-05:00[America/New_York]","close":"291.82","open":"291.9"}
{"volume":"33331.0","ticker":"AAPL","high":"291.85","amount":"291.7886","period":"PT1M","low":"291.7401","multiplier":"1","beginTime":"1640549862","endTime":"2019-12-31T11:26-05:00[America/New_York]","close":"291.83","open":"291.81"}
{"volume":"23163.0","ticker":"AAPL","high":"291.87","amount":"291.8152","period":"PT1M","low":"291.8","multiplier":"1","beginTime":"1640549862","endTime":"2019-12-31T11:27-05:00[America/New_York]","close":"291.82","open":"291.839"}
{"volume":"22450.0","ticker":"AAPL","high":"291.895","amount":"291.8278","period":"PT1M","low":"291.8","multiplier":"1","beginTime":"1640549862","endTime":"2019-12-31T11:28-05:00[America/New_York]","close":"291.89","open":"291.817"}
{"volume":"24422.0","ticker":"AAPL","high":"291.91","amount":"291.8698","period":"PT1M","low":"291.83","multiplier":"1","beginTime":"1640549862","endTime":"2019-12-31T11:29-05:00[America/New_York]","close":"291.85","open":"291.9"}
{"volume":"77464.0","ticker":"AAPL","high":"291.86","amount":"291.7194","period":"PT1M","low":"291.61","multiplier":"1","beginTime":"1640549862","endTime":"2019-12-31T11:30-05:00[America/New_York]","close":"291.7571","open":"291.85"}
{"volume":"39076.0","ticker":"AAPL","high":"291.76","amount":"291.6506","period":"PT1M","low":"291.56","multiplier":"1","beginTime":"1640549862","endTime":"2019-12-31T11:31-05:00[America/New_York]","close":"291.615","open":"291.75"}
{"volume":"41721.0","ticker":"AAPL","high":"291.66","amount":"291.5886","period":"PT1M","low":"291.55","multiplier":"1","beginTime":"1640549862","endTime":"2019-12-31T11:32-05:00[America/New_York]","close":"291.57","open":"291.6002"}
{"volume":"48989.0","ticker":"AAPL","high":"291.65","amount":"291.5331","period":"PT1M","low":"291.4","multiplier":"1","beginTime":"1640549862","endTime":"2019-12-31T11:33-05:00[America/New_York]","close":"291.4253","open":"291.57"}
{"volume":"43745.0","ticker":"AAPL","high":"291.63","amount":"291.5478","period":"PT1M","low":"291.4101","multiplier":"1","beginTime":"1640549862","endTime":"2019-12-31T11:34-05:00[America/New_York]","close":"291.62","open":"291.4258"}
{"volume":"34309.0","ticker":"AAPL","high":"291.8","amount":"291.7186","period":"PT1M","low":"291.61","multiplier":"1","beginTime":"1640549862","endTime":"2019-12-31T11:35-05:00[America/New_York]","close":"291.8","open":"291.63"}
{"volume":"56036.0","ticker":"AAPL","high":"291.88","amount":"291.7871","period":"PT1M","low":"291.72","multiplier":"1","beginTime":"1640549862","endTime":"2019-12-31T11:36-05:00[America/New_York]","close":"291.8101","open":"291.79"}
{"volume":"30394.0","ticker":"AAPL","high":"291.84","amount":"291.7628","period":"PT1M","low":"291.69","multiplier":"1","beginTime":"1640549862","endTime":"2019-12-31T11:37-05:00[America/New_York]","close":"291.75","open":"291.81"}
{"volume":"33007.0","ticker":"AAPL","high":"291.895","amount":"291.8501","period":"PT1M","low":"291.7594","multiplier":"1","beginTime":"1640549862","endTime":"2019-12-31T11:38-05:00[America/New_York]","close":"291.89","open":"291.76"}
{"volume":"72853.0","ticker":"AAPL","high":"292.0","amount":"291.9532","period":"PT1M","low":"291.89","multiplier":"1","beginTime":"1640549862","endTime":"2019-12-31T11:39-05:00[America/New_York]","close":"291.9745","open":"291.9"}
{"volume":"32059.0","ticker":"AAPL","high":"291.97","amount":"291.8891","period":"PT1M","low":"291.7984","multiplier":"1","beginTime":"1640549862","endTime":"2019-12-31T11:40-05:00[America/New_York]","close":"291.92","open":"291.96"}
{"volume":"15493.0","ticker":"AAPL","high":"291.96","amount":"291.926","period":"PT1M","low":"291.87","multiplier":"1","beginTime":"1640549862","endTime":"2019-12-31T11:41-05:00[America/New_York]","close":"291.94","open":"291.91"}
{"volume":"44076.0","ticker":"AAPL","high":"292.0","amount":"291.9308","period":"PT1M","low":"291.88","multiplier":"1","beginTime":"1640549862","endTime":"2019-12-31T11:42-05:00[America/New_York]","close":"291.96","open":"291.93"}
{"volume":"47086.0","ticker":"AAPL","high":"292.05","amount":"291.9979","period":"PT1M","low":"291.93","multiplier":"1","beginTime":"1640549862","endTime":"2019-12-31T11:43-05:00[America/New_York]","close":"292.033","open":"291.9517"}
{"volume":"26578.0","ticker":"AAPL","high":"292.05","amount":"292.0303","period":"PT1M","low":"291.97","multiplier":"1","beginTime":"1640549862","endTime":"2019-12-31T11:44-05:00[America/New_York]","close":"292.05","open":"292.05"}
{"volume":"41870.0","ticker":"AAPL","high":"292.1","amount":"292.0098","period":"PT1M","low":"291.94","multiplier":"1","beginTime":"1640549862","endTime":"2019-12-31T11:45-05:00[America/New_York]","close":"292.085","open":"292.04"}
{"volume":"62053.0","ticker":"AAPL","high":"292.21","amount":"292.1416","period":"PT1M","low":"292.0667","multiplier":"1","beginTime":"1640549862","endTime":"2019-12-31T11:46-05:00[America/New_York]","close":"292.1077","open":"292.09"}
{"volume":"40927.0","ticker":"AAPL","high":"292.2","amount":"292.1485","period":"PT1M","low":"292.1","multiplier":"1","beginTime":"1640549862","endTime":"2019-12-31T11:47-05:00[America/New_York]","close":"292.13","open":"292.11"}
{"volume":"36753.0","ticker":"AAPL","high":"292.18","amount":"292.1308","period":"PT1M","low":"292.07","multiplier":"1","beginTime":"1640549862","endTime":"2019-12-31T11:48-05:00[America/New_York]","close":"292.15","open":"292.1425"}
{"volume":"35763.0","ticker":"AAPL","high":"292.23","amount":"292.1799","period":"PT1M","low":"292.14","multiplier":"1","beginTime":"1640549862","endTime":"2019-12-31T11:49-05:00[America/New_York]","close":"292.1622","open":"292.15"}
{"volume":"34137.0","ticker":"AAPL","high":"292.22","amount":"292.1865","period":"PT1M","low":"292.15","multiplier":"1","beginTime":"1640549862","endTime":"2019-12-31T11:50-05:00[America/New_York]","close":"292.1914","open":"292.16"}
{"volume":"41208.0","ticker":"AAPL","high":"292.21","amount":"292.0742","period":"PT1M","low":"292.01","multiplier":"1","beginTime":"1640549862","endTime":"2019-12-31T11:51-05:00[America/New_York]","close":"292.04","open":"292.201"}
{"volume":"31625.0","ticker":"AAPL","high":"292.1181","amount":"292.0707","period":"PT1M","low":"292.01","multiplier":"1","beginTime":"1640549862","endTime":"2019-12-31T11:52-05:00[America/New_York]","close":"292.01","open":"292.05"}
{"volume":"25025.0","ticker":"AAPL","high":"292.06","amount":"292.0126","period":"PT1M","low":"291.952","multiplier":"1","beginTime":"1640549862","endTime":"2019-12-31T11:53-05:00[America/New_York]","close":"291.952","open":"292.01"}
{"volume":"25534.0","ticker":"AAPL","high":"292.05","amount":"291.9971","period":"PT1M","low":"291.92","multiplier":"1","beginTime":"1640549862","endTime":"2019-12-31T11:54-05:00[America/New_York]","close":"292.0035","open":"291.96"}
{"volume":"27915.0","ticker":"AAPL","high":"292.06","amount":"292.0283","period":"PT1M","low":"291.98","multiplier":"1","beginTime":"1640549862","endTime":"2019-12-31T11:55-05:00[America/New_York]","close":"292.03","open":"291.9994"}
{"volume":"33755.0","ticker":"AAPL","high":"292.12","amount":"292.0504","period":"PT1M","low":"292.0","multiplier":"1","beginTime":"1640549862","endTime":"2019-12-31T11:56-05:00[America/New_York]","close":"292.0055","open":"292.03"}
{"volume":"34828.0","ticker":"AAPL","high":"292.0457","amount":"292.0017","period":"PT1M","low":"291.96","multiplier":"1","beginTime":"1640549862","endTime":"2019-12-31T11:57-05:00[America/New_York]","close":"292.04","open":"292.011"}
{"volume":"22114.0","ticker":"AAPL","high":"292.06","amount":"292.0203","period":"PT1M","low":"291.96","multiplier":"1","beginTime":"1640549862","endTime":"2019-12-31T11:58-05:00[America/New_York]","close":"291.96","open":"292.05"}
{"volume":"20352.0","ticker":"AAPL","high":"292.07","amount":"292.0186","period":"PT1M","low":"291.97","multiplier":"1","beginTime":"1640549862","endTime":"2019-12-31T11:59-05:00[America/New_York]","close":"292.04","open":"291.98"}
{"volume":"25352.0","ticker":"AAPL","high":"292.1","amount":"292.0565","period":"PT1M","low":"291.98","multiplier":"1","beginTime":"1640549862","endTime":"2019-12-31T12:00-05:00[America/New_York]","close":"292.06","open":"292.05"}
{"volume":"13728.0","ticker":"AAPL","high":"292.0656","amount":"292.0183","period":"PT1M","low":"291.9839","multiplier":"1","beginTime":"1640549862","endTime":"2019-12-31T12:01-05:00[America/New_York]","close":"291.9927","open":"292.06"}
{"volume":"40556.0","ticker":"AAPL","high":"291.99","amount":"291.8695","period":"PT1M","low":"291.7928","multiplier":"1","beginTime":"1640549862","endTime":"2019-12-31T12:02-05:00[America/New_York]","close":"291.81","open":"291.99"}
{"volume":"30635.0","ticker":"AAPL","high":"291.94","amount":"291.8558","period":"PT1M","low":"291.8","multiplier":"1","beginTime":"1640549862","endTime":"2019-12-31T12:03-05:00[America/New_York]","close":"291.94","open":"291.83"}
{"volume":"40295.0","ticker":"AAPL","high":"291.98","amount":"291.9439","period":"PT1M","low":"291.9","multiplier":"1","beginTime":"1640549862","endTime":"2019-12-31T12:04-05:00[America/New_York]","close":"291.92","open":"291.93"}
{"volume":"48442.0","ticker":"AAPL","high":"292.04","amount":"291.9869","period":"PT1M","low":"291.925","multiplier":"1","beginTime":"1640549862","endTime":"2019-12-31T12:05-05:00[America/New_York]","close":"291.9771","open":"291.9401"}
{"volume":"35080.0","ticker":"AAPL","high":"291.96","amount":"291.8703","period":"PT1M","low":"291.8","multiplier":"1","beginTime":"1640549862","endTime":"2019-12-31T12:06-05:00[America/New_York]","close":"291.8287","open":"291.96"}
{"volume":"59215.0","ticker":"AAPL","high":"291.94","amount":"291.8178","period":"PT1M","low":"291.73","multiplier":"1","beginTime":"1640549862","endTime":"2019-12-31T12:07-05:00[America/New_York]","close":"291.9226","open":"291.82"}
{"volume":"26258.0","ticker":"AAPL","high":"291.94","amount":"291.9017","period":"PT1M","low":"291.875","multiplier":"1","beginTime":"1640549862","endTime":"2019-12-31T12:08-05:00[America/New_York]","close":"291.92","open":"291.93"}
{"volume":"17745.0","ticker":"AAPL","high":"291.97","amount":"291.933","period":"PT1M","low":"291.9","multiplier":"1","beginTime":"1640549862","endTime":"2019-12-31T12:09-05:00[America/New_York]","close":"291.97","open":"291.91"}
{"volume":"17044.0","ticker":"AAPL","high":"291.99","amount":"291.9546","period":"PT1M","low":"291.87","multiplier":"1","beginTime":"1640549862","endTime":"2019-12-31T12:10-05:00[America/New_York]","close":"291.87","open":"291.96"}
{"volume":"36475.0","ticker":"AAPL","high":"291.89","amount":"291.8396","period":"PT1M","low":"291.8101","multiplier":"1","beginTime":"1640549862","endTime":"2019-12-31T12:11-05:00[America/New_York]","close":"291.8599","open":"291.88"}
{"volume":"20420.0","ticker":"AAPL","high":"291.98","amount":"291.9373","period":"PT1M","low":"291.87","multiplier":"1","beginTime":"1640549862","endTime":"2019-12-31T12:12-05:00[America/New_York]","close":"291.9505","open":"291.87"}
{"volume":"44857.0","ticker":"AAPL","high":"291.96","amount":"291.9119","period":"PT1M","low":"291.84","multiplier":"1","beginTime":"1640549862","endTime":"2019-12-31T12:13-05:00[America/New_York]","close":"291.9101","open":"291.96"}
{"volume":"74884.0","ticker":"AAPL","high":"291.94","amount":"291.6602","period":"PT1M","low":"291.89","multiplier":"1","beginTime":"1640549862","endTime":"2019-12-31T12:14-05:00[America/New_York]","close":"291.92","open":"291.9"}
{"volume":"20163.0","ticker":"AAPL","high":"291.9599","amount":"291.9217","period":"PT1M","low":"291.8899","multiplier":"1","beginTime":"1640549862","endTime":"2019-12-31T12:15-05:00[America/New_York]","close":"291.9439","open":"291.91"}
{"volume":"25807.0","ticker":"AAPL","high":"292.0","amount":"291.9732","period":"PT1M","low":"291.9323","multiplier":"1","beginTime":"1640549862","endTime":"2019-12-31T12:16-05:00[America/New_York]","close":"291.965","open":"291.945"}
{"volume":"24686.0","ticker":"AAPL","high":"292.1","amount":"292.0336","period":"PT1M","low":"291.975","multiplier":"1","beginTime":"1640549862","endTime":"2019-12-31T12:17-05:00[America/New_York]","close":"292.0638","open":"291.9848"}
{"volume":"17990.0","ticker":"AAPL","high":"292.07","amount":"292.0342","period":"PT1M","low":"292.0","multiplier":"1","beginTime":"1640549862","endTime":"2019-12-31T12:18-05:00[America/New_York]","close":"292.0237","open":"292.065"}
{"volume":"25594.0","ticker":"AAPL","high":"292.0989","amount":"292.0598","period":"PT1M","low":"292.01","multiplier":"1","beginTime":"1640549862","endTime":"2019-12-31T12:19-05:00[America/New_York]","close":"292.0883","open":"292.0364"}
{"volume":"31472.0","ticker":"AAPL","high":"292.1399","amount":"292.0879","period":"PT1M","low":"292.03","multiplier":"1","beginTime":"1640549862","endTime":"2019-12-31T12:20-05:00[America/New_York]","close":"292.1","open":"292.0885"}
{"volume":"19099.0","ticker":"AAPL","high":"292.14","amount":"292.0795","period":"PT1M","low":"292.0227","multiplier":"1","beginTime":"1640549862","endTime":"2019-12-31T12:21-05:00[America/New_York]","close":"292.08","open":"292.11"}
{"volume":"18920.0","ticker":"AAPL","high":"292.0872","amount":"292.0133","period":"PT1M","low":"291.96","multiplier":"1","beginTime":"1640549862","endTime":"2019-12-31T12:22-05:00[America/New_York]","close":"292.07","open":"292.0872"}
{"volume":"30991.0","ticker":"AAPL","high":"292.17","amount":"292.129","period":"PT1M","low":"292.07","multiplier":"1","beginTime":"1640549862","endTime":"2019-12-31T12:23-05:00[America/New_York]","close":"292.1","open":"292.07"}
{"volume":"17263.0","ticker":"AAPL","high":"292.12","amount":"292.0953","period":"PT1M","low":"292.05","multiplier":"1","beginTime":"1640549862","endTime":"2019-12-31T12:24-05:00[America/New_York]","close":"292.12","open":"292.1"}
{"volume":"26608.0","ticker":"AAPL","high":"292.16","amount":"292.1214","period":"PT1M","low":"292.07","multiplier":"1","beginTime":"1640549862","endTime":"2019-12-31T12:25-05:00[America/New_York]","close":"292.159","open":"292.114"}
{"volume":"34252.0","ticker":"AAPL","high":"292.21","amount":"292.1813","period":"PT1M","low":"292.13","multiplier":"1","beginTime":"1640549862","endTime":"2019-12-31T12:26-05:00[America/New_York]","close":"292.15","open":"292.15"}
{"volume":"26485.0","ticker":"AAPL","high":"292.16","amount":"292.1215","period":"PT1M","low":"292.09","multiplier":"1","beginTime":"1640549862","endTime":"2019-12-31T12:27-05:00[America/New_York]","close":"292.127","open":"292.16"}
{"volume":"28452.0","ticker":"AAPL","high":"292.2","amount":"292.1605","period":"PT1M","low":"292.09","multiplier":"1","beginTime":"1640549862","endTime":"2019-12-31T12:28-05:00[America/New_York]","close":"292.173","open":"292.12"}
{"volume":"46599.0","ticker":"AAPL","high":"292.27","amount":"292.2181","period":"PT1M","low":"292.14","multiplier":"1","beginTime":"1640549862","endTime":"2019-12-31T12:29-05:00[America/New_York]","close":"292.26","open":"292.17"}
{"volume":"38832.0","ticker":"AAPL","high":"292.28","amount":"292.2351","period":"PT1M","low":"292.18","multiplier":"1","beginTime":"1640549862","endTime":"2019-12-31T12:30-05:00[America/New_York]","close":"292.2106","open":"292.28"}
{"volume":"32780.0","ticker":"AAPL","high":"292.3","amount":"292.2618","period":"PT1M","low":"292.2","multiplier":"1","beginTime":"1640549862","endTime":"2019-12-31T12:31-05:00[America/New_York]","close":"292.28","open":"292.2"}
{"volume":"83689.0","ticker":"AAPL","high":"292.46","amount":"292.3597","period":"PT1M","low":"292.29","multiplier":"1","beginTime":"1640549862","endTime":"2019-12-31T12:32-05:00[America/New_York]","close":"292.4301","open":"292.29"}
{"volume":"53800.0","ticker":"AAPL","high":"292.47","amount":"292.4371","period":"PT1M","low":"292.3801","multiplier":"1","beginTime":"1640549862","endTime":"2019-12-31T12:33-05:00[America/New_York]","close":"292.396","open":"292.45"}
{"volume":"51168.0","ticker":"AAPL","high":"292.455","amount":"292.3857","period":"PT1M","low":"292.32","multiplier":"1","beginTime":"1640549862","endTime":"2019-12-31T12:34-05:00[America/New_York]","close":"292.375","open":"292.39"}
{"volume":"33507.0","ticker":"AAPL","high":"292.432","amount":"292.4042","period":"PT1M","low":"292.36","multiplier":"1","beginTime":"1640549862","endTime":"2019-12-31T12:35-05:00[America/New_York]","close":"292.432","open":"292.36"}
{"volume":"35442.0","ticker":"AAPL","high":"292.43","amount":"292.3485","period":"PT1M","low":"292.26","multiplier":"1","beginTime":"1640549862","endTime":"2019-12-31T12:36-05:00[America/New_York]","close":"292.3","open":"292.43"}
{"volume":"25867.0","ticker":"AAPL","high":"292.3599","amount":"292.3132","period":"PT1M","low":"292.276","multiplier":"1","beginTime":"1640549862","endTime":"2019-12-31T12:37-05:00[America/New_York]","close":"292.3001","open":"292.3199"}
{"volume":"10688.0","ticker":"AAPL","high":"292.33","amount":"292.3024","period":"PT1M","low":"292.2802","multiplier":"1","beginTime":"1640549862","endTime":"2019-12-31T12:38-05:00[America/New_York]","close":"292.3","open":"292.282"}
{"volume":"17081.0","ticker":"AAPL","high":"292.3255","amount":"292.2935","period":"PT1M","low":"292.25","multiplier":"1","beginTime":"1640549862","endTime":"2019-12-31T12:39-05:00[America/New_York]","close":"292.31","open":"292.29"}
{"volume":"23846.0","ticker":"AAPL","high":"292.38","amount":"292.3494","period":"PT1M","low":"292.31","multiplier":"1","beginTime":"1640549862","endTime":"2019-12-31T12:40-05:00[America/New_York]","close":"292.3617","open":"292.31"}
{"volume":"30023.0","ticker":"AAPL","high":"292.41","amount":"292.3685","period":"PT1M","low":"292.32","multiplier":"1","beginTime":"1640549862","endTime":"2019-12-31T12:41-05:00[America/New_York]","close":"292.35","open":"292.3739"}
{"volume":"15829.0","ticker":"AAPL","high":"292.38","amount":"292.357","period":"PT1M","low":"292.32","multiplier":"1","beginTime":"1640549862","endTime":"2019-12-31T12:42-05:00[America/New_York]","close":"292.345","open":"292.345"}
{"volume":"19183.0","ticker":"AAPL","high":"292.4","amount":"292.3651","period":"PT1M","low":"292.325","multiplier":"1","beginTime":"1640549862","endTime":"2019-12-31T12:43-05:00[America/New_York]","close":"292.38","open":"292.3401"}
{"volume":"15562.0","ticker":"AAPL","high":"292.39","amount":"292.3655","period":"PT1M","low":"292.3486","multiplier":"1","beginTime":"1640549862","endTime":"2019-12-31T12:44-05:00[America/New_York]","close":"292.365","open":"292.3778"}
{"volume":"19145.0","ticker":"AAPL","high":"292.3917","amount":"292.3725","period":"PT1M","low":"292.34","multiplier":"1","beginTime":"1640549862","endTime":"2019-12-31T12:45-05:00[America/New_York]","close":"292.34","open":"292.3693"}
{"volume":"44445.0","ticker":"AAPL","high":"292.35","amount":"292.2588","period":"PT1M","low":"292.18","multiplier":"1","beginTime":"1640549862","endTime":"2019-12-31T12:46-05:00[America/New_York]","close":"292.23","open":"292.34"}
{"volume":"24548.0","ticker":"AAPL","high":"292.27","amount":"292.2237","period":"PT1M","low":"292.19","multiplier":"1","beginTime":"1640549862","endTime":"2019-12-31T12:47-05:00[America/New_York]","close":"292.216","open":"292.22"}
{"volume":"23452.0","ticker":"AAPL","high":"292.27","amount":"292.2382","period":"PT1M","low":"292.21","multiplier":"1","beginTime":"1640549862","endTime":"2019-12-31T12:48-05:00[America/New_York]","close":"292.2403","open":"292.215"}
{"volume":"27002.0","ticker":"AAPL","high":"292.38","amount":"292.3115","period":"PT1M","low":"292.26","multiplier":"1","beginTime":"1640549862","endTime":"2019-12-31T12:49-05:00[America/New_York]","close":"292.37","open":"292.26"}
{"volume":"39742.0","ticker":"AAPL","high":"292.38","amount":"292.3321","period":"PT1M","low":"292.2866","multiplier":"1","beginTime":"1640549862","endTime":"2019-12-31T12:50-05:00[America/New_York]","close":"292.2994","open":"292.375"}
{"volume":"16416.0","ticker":"AAPL","high":"292.36","amount":"292.3301","period":"PT1M","low":"292.28","multiplier":"1","beginTime":"1640549862","endTime":"2019-12-31T12:51-05:00[America/New_York]","close":"292.3535","open":"292.3"}
{"volume":"17610.0","ticker":"AAPL","high":"292.37","amount":"292.3086","period":"PT1M","low":"292.28","multiplier":"1","beginTime":"1640549862","endTime":"2019-12-31T12:52-05:00[America/New_York]","close":"292.3074","open":"292.37"}
{"volume":"31330.0","ticker":"AAPL","high":"292.39","amount":"292.3301","period":"PT1M","low":"292.2848","multiplier":"1","beginTime":"1640549862","endTime":"2019-12-31T12:53-05:00[America/New_York]","close":"292.3055","open":"292.3"}
{"volume":"22304.0","ticker":"AAPL","high":"292.3542","amount":"292.3232","period":"PT1M","low":"292.29","multiplier":"1","beginTime":"1640549862","endTime":"2019-12-31T12:54-05:00[America/New_York]","close":"292.3283","open":"292.3"}
{"volume":"22715.0","ticker":"AAPL","high":"292.35","amount":"292.3117","period":"PT1M","low":"292.284","multiplier":"1","beginTime":"1640549862","endTime":"2019-12-31T12:55-05:00[America/New_York]","close":"292.315","open":"292.32"}
{"volume":"25131.0","ticker":"AAPL","high":"292.3449","amount":"292.3186","period":"PT1M","low":"292.295","multiplier":"1","beginTime":"1640549862","endTime":"2019-12-31T12:56-05:00[America/New_York]","close":"292.324","open":"292.315"}
{"volume":"38053.0","ticker":"AAPL","high":"292.33","amount":"292.2753","period":"PT1M","low":"292.2202","multiplier":"1","beginTime":"1640549862","endTime":"2019-12-31T12:57-05:00[America/New_York]","close":"292.29","open":"292.32"}
{"volume":"48378.0","ticker":"AAPL","high":"292.2917","amount":"292.1969","period":"PT1M","low":"292.11","multiplier":"1","beginTime":"1640549862","endTime":"2019-12-31T12:58-05:00[America/New_York]","close":"292.1499","open":"292.29"}
{"volume":"36925.0","ticker":"AAPL","high":"292.1466","amount":"292.0996","period":"PT1M","low":"292.05","multiplier":"1","beginTime":"1640549862","endTime":"2019-12-31T12:59-05:00[America/New_York]","close":"292.06","open":"292.13"}
{"volume":"35617.0","ticker":"AAPL","high":"292.16","amount":"292.0805","period":"PT1M","low":"292.02","multiplier":"1","beginTime":"1640549862","endTime":"2019-12-31T13:00-05:00[America/New_York]","close":"292.15","open":"292.04"}
{"volume":"34120.0","ticker":"AAPL","high":"292.18","amount":"292.1457","period":"PT1M","low":"292.1","multiplier":"1","beginTime":"1640549862","endTime":"2019-12-31T13:01-05:00[America/New_York]","close":"292.1506","open":"292.15"}
{"volume":"18456.0","ticker":"AAPL","high":"292.14","amount":"292.0918","period":"PT1M","low":"292.05","multiplier":"1","beginTime":"1640549862","endTime":"2019-12-31T13:02-05:00[America/New_York]","close":"292.05","open":"292.14"}
{"volume":"59519.0","ticker":"AAPL","high":"292.1","amount":"291.9846","period":"PT1M","low":"291.88","multiplier":"1","beginTime":"1640549862","endTime":"2019-12-31T13:03-05:00[America/New_York]","close":"291.9202","open":"292.03"}
{"volume":"15243.0","ticker":"AAPL","high":"291.97","amount":"291.9399","period":"PT1M","low":"291.92","multiplier":"1","beginTime":"1640549862","endTime":"2019-12-31T13:04-05:00[America/New_York]","close":"291.9501","open":"291.9533"}
{"volume":"30478.0","ticker":"AAPL","high":"292.0317","amount":"291.9811","period":"PT1M","low":"291.93","multiplier":"1","beginTime":"1640549862","endTime":"2019-12-31T13:05-05:00[America/New_York]","close":"292.03","open":"291.9564"}
{"volume":"19042.0","ticker":"AAPL","high":"292.08","amount":"292.0466","period":"PT1M","low":"291.98","multiplier":"1","beginTime":"1640549862","endTime":"2019-12-31T13:06-05:00[America/New_York]","close":"292.08","open":"292.0201"}
{"volume":"39342.0","ticker":"AAPL","high":"292.198","amount":"292.1157","period":"PT1M","low":"292.06","multiplier":"1","beginTime":"1640549862","endTime":"2019-12-31T13:07-05:00[America/New_York]","close":"292.1871","open":"292.0745"}
{"volume":"20341.0","ticker":"AAPL","high":"292.21","amount":"292.1723","period":"PT1M","low":"292.12","multiplier":"1","beginTime":"1640549862","endTime":"2019-12-31T13:08-05:00[America/New_York]","close":"292.16","open":"292.2"}
{"volume":"23744.0","ticker":"AAPL","high":"292.215","amount":"292.1945","period":"PT1M","low":"292.14","multiplier":"1","beginTime":"1640549862","endTime":"2019-12-31T13:09-05:00[America/New_York]","close":"292.2","open":"292.15"}
{"volume":"30587.0","ticker":"AAPL","high":"292.23","amount":"292.2025","period":"PT1M","low":"292.16","multiplier":"1","beginTime":"1640549862","endTime":"2019-12-31T13:10-05:00[America/New_York]","close":"292.19","open":"292.2"}
{"volume":"13232.0","ticker":"AAPL","high":"292.2299","amount":"292.2006","period":"PT1M","low":"292.1701","multiplier":"1","beginTime":"1640549862","endTime":"2019-12-31T13:11-05:00[America/New_York]","close":"292.2","open":"292.1856"}
{"volume":"13661.0","ticker":"AAPL","high":"292.2354","amount":"292.2078","period":"PT1M","low":"292.17","multiplier":"1","beginTime":"1640549862","endTime":"2019-12-31T13:12-05:00[America/New_York]","close":"292.2354","open":"292.2095"}
{"volume":"26045.0","ticker":"AAPL","high":"292.28","amount":"292.2504","period":"PT1M","low":"292.22","multiplier":"1","beginTime":"1640549862","endTime":"2019-12-31T13:13-05:00[America/New_York]","close":"292.265","open":"292.23"}
{"volume":"16967.0","ticker":"AAPL","high":"292.2755","amount":"292.2646","period":"PT1M","low":"292.25","multiplier":"1","beginTime":"1640549862","endTime":"2019-12-31T13:14-05:00[America/New_York]","close":"292.2749","open":"292.26"}
{"volume":"35489.0","ticker":"AAPL","high":"292.3","amount":"292.2233","period":"PT1M","low":"292.15","multiplier":"1","beginTime":"1640549862","endTime":"2019-12-31T13:15-05:00[America/New_York]","close":"292.2217","open":"292.27"}
{"volume":"24172.0","ticker":"AAPL","high":"292.275","amount":"292.1998","period":"PT1M","low":"292.11","multiplier":"1","beginTime":"1640549862","endTime":"2019-12-31T13:16-05:00[America/New_York]","close":"292.11","open":"292.22"}
{"volume":"30053.0","ticker":"AAPL","high":"292.15","amount":"292.1022","period":"PT1M","low":"292.03","multiplier":"1","beginTime":"1640549862","endTime":"2019-12-31T13:17-05:00[America/New_York]","close":"292.055","open":"292.1221"}
{"volume":"42171.0","ticker":"AAPL","high":"292.0889","amount":"292.043","period":"PT1M","low":"292.0","multiplier":"1","beginTime":"1640549862","endTime":"2019-12-31T13:18-05:00[America/New_York]","close":"292.03","open":"292.0541"}
{"volume":"23145.0","ticker":"AAPL","high":"292.12","amount":"292.0724","period":"PT1M","low":"292.01","multiplier":"1","beginTime":"1640549862","endTime":"2019-12-31T13:19-05:00[America/New_York]","close":"292.085","open":"292.0588"}
{"volume":"40157.0","ticker":"AAPL","high":"292.22","amount":"292.1703","period":"PT1M","low":"292.0858","multiplier":"1","beginTime":"1640549862","endTime":"2019-12-31T13:20-05:00[America/New_York]","close":"292.19","open":"292.0881"}
{"volume":"23415.0","ticker":"AAPL","high":"292.21","amount":"292.1549","period":"PT1M","low":"292.11","multiplier":"1","beginTime":"1640549862","endTime":"2019-12-31T13:21-05:00[America/New_York]","close":"292.17","open":"292.21"}
{"volume":"32675.0","ticker":"AAPL","high":"292.24","amount":"292.2033","period":"PT1M","low":"292.1352","multiplier":"1","beginTime":"1640549862","endTime":"2019-12-31T13:22-05:00[America/New_York]","close":"292.21","open":"292.1684"}
{"volume":"18481.0","ticker":"AAPL","high":"292.25","amount":"292.2282","period":"PT1M","low":"292.19","multiplier":"1","beginTime":"1640549862","endTime":"2019-12-31T13:23-05:00[America/New_York]","close":"292.24","open":"292.21"}
{"volume":"20300.0","ticker":"AAPL","high":"292.239","amount":"292.2043","period":"PT1M","low":"292.17","multiplier":"1","beginTime":"1640549862","endTime":"2019-12-31T13:24-05:00[America/New_York]","close":"292.2036","open":"292.231"}
{"volume":"31200.0","ticker":"AAPL","high":"292.22","amount":"292.1488","period":"PT1M","low":"292.084","multiplier":"1","beginTime":"1640549862","endTime":"2019-12-31T13:25-05:00[America/New_York]","close":"292.1","open":"292.22"}
{"volume":"34492.0","ticker":"AAPL","high":"292.19","amount":"292.1438","period":"PT1M","low":"292.0677","multiplier":"1","beginTime":"1640549862","endTime":"2019-12-31T13:26-05:00[America/New_York]","close":"292.1415","open":"292.11"}
{"volume":"10266.0","ticker":"AAPL","high":"292.1765","amount":"292.1267","period":"PT1M","low":"292.1","multiplier":"1","beginTime":"1640549862","endTime":"2019-12-31T13:27-05:00[America/New_York]","close":"292.17","open":"292.1765"}
{"volume":"22747.0","ticker":"AAPL","high":"292.19","amount":"292.1233","period":"PT1M","low":"292.08","multiplier":"1","beginTime":"1640549862","endTime":"2019-12-31T13:28-05:00[America/New_York]","close":"292.11","open":"292.1617"}
{"volume":"16015.0","ticker":"AAPL","high":"292.1221","amount":"292.0983","period":"PT1M","low":"292.07","multiplier":"1","beginTime":"1640549862","endTime":"2019-12-31T13:29-05:00[America/New_York]","close":"292.09","open":"292.12"}
{"volume":"27645.0","ticker":"AAPL","high":"292.13","amount":"292.0979","period":"PT1M","low":"292.06","multiplier":"1","beginTime":"1640549862","endTime":"2019-12-31T13:30-05:00[America/New_York]","close":"292.06","open":"292.09"}
{"volume":"30466.0","ticker":"AAPL","high":"292.08","amount":"292.0477","period":"PT1M","low":"292.02","multiplier":"1","beginTime":"1640549862","endTime":"2019-12-31T13:31-05:00[America/New_York]","close":"292.0743","open":"292.06"}
{"volume":"20719.0","ticker":"AAPL","high":"292.11","amount":"292.0701","period":"PT1M","low":"292.0204","multiplier":"1","beginTime":"1640549862","endTime":"2019-12-31T13:32-05:00[America/New_York]","close":"292.0378","open":"292.075"}
{"volume":"36364.0","ticker":"AAPL","high":"292.0442","amount":"292.0137","period":"PT1M","low":"291.99","multiplier":"1","beginTime":"1640549862","endTime":"2019-12-31T13:33-05:00[America/New_York]","close":"292.03","open":"292.03"}
{"volume":"18570.0","ticker":"AAPL","high":"292.14","amount":"292.0997","period":"PT1M","low":"292.04","multiplier":"1","beginTime":"1640549862","endTime":"2019-12-31T13:34-05:00[America/New_York]","close":"292.12","open":"292.04"}
{"volume":"24087.0","ticker":"AAPL","high":"292.19","amount":"292.1629","period":"PT1M","low":"292.131","multiplier":"1","beginTime":"1640549862","endTime":"2019-12-31T13:35-05:00[America/New_York]","close":"292.14","open":"292.131"}
{"volume":"17537.0","ticker":"AAPL","high":"292.1652","amount":"292.1399","period":"PT1M","low":"292.13","multiplier":"1","beginTime":"1640549862","endTime":"2019-12-31T13:36-05:00[America/New_York]","close":"292.14","open":"292.1413"}
{"volume":"12752.0","ticker":"AAPL","high":"292.1447","amount":"292.1251","period":"PT1M","low":"292.1","multiplier":"1","beginTime":"1640549862","endTime":"2019-12-31T13:37-05:00[America/New_York]","close":"292.135","open":"292.1447"}
{"volume":"15284.0","ticker":"AAPL","high":"292.15","amount":"292.1344","period":"PT1M","low":"292.115","multiplier":"1","beginTime":"1640549862","endTime":"2019-12-31T13:38-05:00[America/New_York]","close":"292.13","open":"292.1336"}
{"volume":"22229.0","ticker":"AAPL","high":"292.18","amount":"292.1448","period":"PT1M","low":"292.11","multiplier":"1","beginTime":"1640549862","endTime":"2019-12-31T13:39-05:00[America/New_York]","close":"292.1127","open":"292.13"}
{"volume":"35688.0","ticker":"AAPL","high":"292.2","amount":"292.1679","period":"PT1M","low":"292.1236","multiplier":"1","beginTime":"1640549862","endTime":"2019-12-31T13:40-05:00[America/New_York]","close":"292.17","open":"292.1236"}
{"volume":"14409.0","ticker":"AAPL","high":"292.1921","amount":"292.1603","period":"PT1M","low":"292.1356","multiplier":"1","beginTime":"1640549862","endTime":"2019-12-31T13:41-05:00[America/New_York]","close":"292.1921","open":"292.17"}
{"volume":"27465.0","ticker":"AAPL","high":"292.19","amount":"292.1347","period":"PT1M","low":"292.0833","multiplier":"1","beginTime":"1640549862","endTime":"2019-12-31T13:42-05:00[America/New_York]","close":"292.12","open":"292.19"}
{"volume":"19175.0","ticker":"AAPL","high":"292.17","amount":"292.1429","period":"PT1M","low":"292.1","multiplier":"1","beginTime":"1640549862","endTime":"2019-12-31T13:43-05:00[America/New_York]","close":"292.16","open":"292.14"}
{"volume":"29575.0","ticker":"AAPL","high":"292.2","amount":"292.1779","period":"PT1M","low":"292.1563","multiplier":"1","beginTime":"1640549862","endTime":"2019-12-31T13:44-05:00[America/New_York]","close":"292.18","open":"292.17"}
{"volume":"23723.0","ticker":"AAPL","high":"292.21","amount":"292.179","period":"PT1M","low":"292.14","multiplier":"1","beginTime":"1640549862","endTime":"2019-12-31T13:45-05:00[America/New_York]","close":"292.18","open":"292.1999"}
{"volume":"41813.0","ticker":"AAPL","high":"292.27","amount":"292.2156","period":"PT1M","low":"292.145","multiplier":"1","beginTime":"1640549862","endTime":"2019-12-31T13:46-05:00[America/New_York]","close":"292.2009","open":"292.18"}
{"volume":"20436.0","ticker":"AAPL","high":"292.2326","amount":"292.2072","period":"PT1M","low":"292.184","multiplier":"1","beginTime":"1640549862","endTime":"2019-12-31T13:47-05:00[America/New_York]","close":"292.195","open":"292.2099"}
{"volume":"17629.0","ticker":"AAPL","high":"292.25","amount":"292.2337","period":"PT1M","low":"292.19","multiplier":"1","beginTime":"1640549862","endTime":"2019-12-31T13:48-05:00[America/New_York]","close":"292.24","open":"292.2"}
{"volume":"34357.0","ticker":"AAPL","high":"292.25","amount":"292.2336","period":"PT1M","low":"292.2","multiplier":"1","beginTime":"1640549862","endTime":"2019-12-31T13:49-05:00[America/New_York]","close":"292.222","open":"292.23"}
{"volume":"20941.0","ticker":"AAPL","high":"292.24","amount":"292.197","period":"PT1M","low":"292.11","multiplier":"1","beginTime":"1640549862","endTime":"2019-12-31T13:50-05:00[America/New_York]","close":"292.11","open":"292.22"}
{"volume":"12928.0","ticker":"AAPL","high":"292.13","amount":"292.1079","period":"PT1M","low":"292.0843","multiplier":"1","beginTime":"1640549862","endTime":"2019-12-31T13:51-05:00[America/New_York]","close":"292.1","open":"292.12"}
{"volume":"9117.0","ticker":"AAPL","high":"292.155","amount":"292.1258","period":"PT1M","low":"292.08","multiplier":"1","beginTime":"1640549862","endTime":"2019-12-31T13:52-05:00[America/New_York]","close":"292.1474","open":"292.09"}
{"volume":"16417.0","ticker":"AAPL","high":"292.159","amount":"292.1352","period":"PT1M","low":"292.11","multiplier":"1","beginTime":"1640549862","endTime":"2019-12-31T13:53-05:00[America/New_York]","close":"292.14","open":"292.1401"}
{"volume":"9456.0","ticker":"AAPL","high":"292.1405","amount":"292.1228","period":"PT1M","low":"292.11","multiplier":"1","beginTime":"1640549862","endTime":"2019-12-31T13:54-05:00[America/New_York]","close":"292.1331","open":"292.1405"}
{"volume":"15611.0","ticker":"AAPL","high":"292.16","amount":"292.14","period":"PT1M","low":"292.1194","multiplier":"1","beginTime":"1640549862","endTime":"2019-12-31T13:55-05:00[America/New_York]","close":"292.14","open":"292.14"}
{"volume":"16658.0","ticker":"AAPL","high":"292.2","amount":"292.1755","period":"PT1M","low":"292.15","multiplier":"1","beginTime":"1640549862","endTime":"2019-12-31T13:56-05:00[America/New_York]","close":"292.16","open":"292.15"}
{"volume":"8868.0","ticker":"AAPL","high":"292.185","amount":"292.1725","period":"PT1M","low":"292.16","multiplier":"1","beginTime":"1640549862","endTime":"2019-12-31T13:57-05:00[America/New_York]","close":"292.17","open":"292.1783"}
{"volume":"19936.0","ticker":"AAPL","high":"292.205","amount":"292.1892","period":"PT1M","low":"292.1601","multiplier":"1","beginTime":"1640549862","endTime":"2019-12-31T13:58-05:00[America/New_York]","close":"292.185","open":"292.17"}
{"volume":"20723.0","ticker":"AAPL","high":"292.22","amount":"292.1972","period":"PT1M","low":"292.17","multiplier":"1","beginTime":"1640549862","endTime":"2019-12-31T13:59-05:00[America/New_York]","close":"292.2057","open":"292.18"}
{"volume":"16114.0","ticker":"AAPL","high":"292.23","amount":"292.2015","period":"PT1M","low":"292.17","multiplier":"1","beginTime":"1640549862","endTime":"2019-12-31T14:00-05:00[America/New_York]","close":"292.2","open":"292.21"}
{"volume":"14961.0","ticker":"AAPL","high":"292.22","amount":"292.1969","period":"PT1M","low":"292.17","multiplier":"1","beginTime":"1640549862","endTime":"2019-12-31T14:01-05:00[America/New_York]","close":"292.18","open":"292.18"}
{"volume":"20071.0","ticker":"AAPL","high":"292.19","amount":"292.1402","period":"PT1M","low":"292.11","multiplier":"1","beginTime":"1640549862","endTime":"2019-12-31T14:02-05:00[America/New_York]","close":"292.15","open":"292.18"}
{"volume":"19937.0","ticker":"AAPL","high":"292.2","amount":"292.1663","period":"PT1M","low":"292.12","multiplier":"1","beginTime":"1640549862","endTime":"2019-12-31T14:03-05:00[America/New_York]","close":"292.18","open":"292.16"}
{"volume":"16248.0","ticker":"AAPL","high":"292.2","amount":"292.1635","period":"PT1M","low":"292.13","multiplier":"1","beginTime":"1640549862","endTime":"2019-12-31T14:04-05:00[America/New_York]","close":"292.17","open":"292.17"}
{"volume":"31011.0","ticker":"AAPL","high":"292.18","amount":"292.1364","period":"PT1M","low":"292.1","multiplier":"1","beginTime":"1640549862","endTime":"2019-12-31T14:05-05:00[America/New_York]","close":"292.16","open":"292.163"}
{"volume":"16671.0","ticker":"AAPL","high":"292.1699","amount":"292.1549","period":"PT1M","low":"292.14","multiplier":"1","beginTime":"1640549862","endTime":"2019-12-31T14:06-05:00[America/New_York]","close":"292.15","open":"292.16"}
{"volume":"17287.0","ticker":"AAPL","high":"292.15","amount":"292.126","period":"PT1M","low":"292.1001","multiplier":"1","beginTime":"1640549862","endTime":"2019-12-31T14:07-05:00[America/New_York]","close":"292.1302","open":"292.14"}
{"volume":"24615.0","ticker":"AAPL","high":"292.1334","amount":"292.1174","period":"PT1M","low":"292.105","multiplier":"1","beginTime":"1640549862","endTime":"2019-12-31T14:08-05:00[America/New_York]","close":"292.11","open":"292.13"}
{"volume":"19744.0","ticker":"AAPL","high":"292.16","amount":"292.1268","period":"PT1M","low":"292.1","multiplier":"1","beginTime":"1640549862","endTime":"2019-12-31T14:09-05:00[America/New_York]","close":"292.16","open":"292.1154"}
{"volume":"17561.0","ticker":"AAPL","high":"292.19","amount":"292.154","period":"PT1M","low":"292.13","multiplier":"1","beginTime":"1640549862","endTime":"2019-12-31T14:10-05:00[America/New_York]","close":"292.1345","open":"292.16"}
{"volume":"20774.0","ticker":"AAPL","high":"292.1779","amount":"292.157","period":"PT1M","low":"292.13","multiplier":"1","beginTime":"1640549862","endTime":"2019-12-31T14:11-05:00[America/New_York]","close":"292.1753","open":"292.1348"}
{"volume":"10304.0","ticker":"AAPL","high":"292.18","amount":"292.1655","period":"PT1M","low":"292.154","multiplier":"1","beginTime":"1640549862","endTime":"2019-12-31T14:12-05:00[America/New_York]","close":"292.175","open":"292.175"}
{"volume":"13181.0","ticker":"AAPL","high":"292.195","amount":"292.1674","period":"PT1M","low":"292.145","multiplier":"1","beginTime":"1640549862","endTime":"2019-12-31T14:13-05:00[America/New_York]","close":"292.16","open":"292.175"}
{"volume":"55150.0","ticker":"AAPL","high":"292.155","amount":"292.0735","period":"PT1M","low":"292.04","multiplier":"1","beginTime":"1640549862","endTime":"2019-12-31T14:14-05:00[America/New_York]","close":"292.08","open":"292.155"}
{"volume":"27465.0","ticker":"AAPL","high":"292.07","amount":"292.0433","period":"PT1M","low":"292.0","multiplier":"1","beginTime":"1640549862","endTime":"2019-12-31T14:15-05:00[America/New_York]","close":"292.0513","open":"292.07"}
{"volume":"22478.0","ticker":"AAPL","high":"292.1","amount":"292.0588","period":"PT1M","low":"292.0342","multiplier":"1","beginTime":"1640549862","endTime":"2019-12-31T14:16-05:00[America/New_York]","close":"292.04","open":"292.05"}
{"volume":"28997.0","ticker":"AAPL","high":"292.13","amount":"292.0692","period":"PT1M","low":"292.03","multiplier":"1","beginTime":"1640549862","endTime":"2019-12-31T14:17-05:00[America/New_York]","close":"292.09","open":"292.0348"}
{"volume":"47590.0","ticker":"AAPL","high":"292.12","amount":"292.0512","period":"PT1M","low":"291.99","multiplier":"1","beginTime":"1640549862","endTime":"2019-12-31T14:18-05:00[America/New_York]","close":"292.105","open":"292.09"}
{"volume":"30056.0","ticker":"AAPL","high":"292.19","amount":"292.1421","period":"PT1M","low":"292.1","multiplier":"1","beginTime":"1640549862","endTime":"2019-12-31T14:19-05:00[America/New_York]","close":"292.16","open":"292.1"}
{"volume":"32723.0","ticker":"AAPL","high":"292.2","amount":"292.1836","period":"PT1M","low":"292.15","multiplier":"1","beginTime":"1640549862","endTime":"2019-12-31T14:20-05:00[America/New_York]","close":"292.171","open":"292.16"}
{"volume":"25410.0","ticker":"AAPL","high":"292.2","amount":"292.1609","period":"PT1M","low":"292.13","multiplier":"1","beginTime":"1640549862","endTime":"2019-12-31T14:21-05:00[America/New_York]","close":"292.185","open":"292.17"}
{"volume":"51281.0","ticker":"AAPL","high":"292.2671","amount":"292.2304","period":"PT1M","low":"292.1737","multiplier":"1","beginTime":"1640549862","endTime":"2019-12-31T14:22-05:00[America/New_York]","close":"292.2557","open":"292.1855"}
{"volume":"46143.0","ticker":"AAPL","high":"292.28","amount":"292.204","period":"PT1M","low":"292.1105","multiplier":"1","beginTime":"1640549862","endTime":"2019-12-31T14:23-05:00[America/New_York]","close":"292.16","open":"292.255"}
{"volume":"21746.0","ticker":"AAPL","high":"292.1804","amount":"292.1542","period":"PT1M","low":"292.1206","multiplier":"1","beginTime":"1640549862","endTime":"2019-12-31T14:24-05:00[America/New_York]","close":"292.17","open":"292.155"}
{"volume":"25410.0","ticker":"AAPL","high":"292.28","amount":"292.2326","period":"PT1M","low":"292.17","multiplier":"1","beginTime":"1640549862","endTime":"2019-12-31T14:25-05:00[America/New_York]","close":"292.2306","open":"292.18"}
{"volume":"19453.0","ticker":"AAPL","high":"292.28","amount":"292.2379","period":"PT1M","low":"292.2073","multiplier":"1","beginTime":"1640549862","endTime":"2019-12-31T14:26-05:00[America/New_York]","close":"292.27","open":"292.23"}
{"volume":"28134.0","ticker":"AAPL","high":"292.3","amount":"292.2686","period":"PT1M","low":"292.24","multiplier":"1","beginTime":"1640549862","endTime":"2019-12-31T14:27-05:00[America/New_York]","close":"292.3","open":"292.268"}
{"volume":"17567.0","ticker":"AAPL","high":"292.29","amount":"292.2664","period":"PT1M","low":"292.24","multiplier":"1","beginTime":"1640549862","endTime":"2019-12-31T14:28-05:00[America/New_York]","close":"292.2699","open":"292.28"}
{"volume":"24466.0","ticker":"AAPL","high":"292.29","amount":"292.2531","period":"PT1M","low":"292.23","multiplier":"1","beginTime":"1640549862","endTime":"2019-12-31T14:29-05:00[America/New_York]","close":"292.27","open":"292.27"}
{"volume":"13537.0","ticker":"AAPL","high":"292.29","amount":"292.261","period":"PT1M","low":"292.24","multiplier":"1","beginTime":"1640549862","endTime":"2019-12-31T14:30-05:00[America/New_York]","close":"292.255","open":"292.2662"}
{"volume":"25791.0","ticker":"AAPL","high":"292.27","amount":"292.2338","period":"PT1M","low":"292.21","multiplier":"1","beginTime":"1640549862","endTime":"2019-12-31T14:31-05:00[America/New_York]","close":"292.2362","open":"292.25"}
{"volume":"21461.0","ticker":"AAPL","high":"292.3","amount":"292.2664","period":"PT1M","low":"292.21","multiplier":"1","beginTime":"1640549862","endTime":"2019-12-31T14:32-05:00[America/New_York]","close":"292.2863","open":"292.231"}
{"volume":"12116.0","ticker":"AAPL","high":"292.29","amount":"292.2786","period":"PT1M","low":"292.2691","multiplier":"1","beginTime":"1640549862","endTime":"2019-12-31T14:33-05:00[America/New_York]","close":"292.27","open":"292.27"}
{"volume":"45129.0","ticker":"AAPL","high":"292.33","amount":"292.2918","period":"PT1M","low":"292.26","multiplier":"1","beginTime":"1640549862","endTime":"2019-12-31T14:34-05:00[America/New_York]","close":"292.33","open":"292.27"}
{"volume":"53835.0","ticker":"AAPL","high":"292.35","amount":"292.2912","period":"PT1M","low":"292.2","multiplier":"1","beginTime":"1640549862","endTime":"2019-12-31T14:35-05:00[America/New_York]","close":"292.26","open":"292.33"}
{"volume":"22075.0","ticker":"AAPL","high":"292.29","amount":"292.247","period":"PT1M","low":"292.2102","multiplier":"1","beginTime":"1640549862","endTime":"2019-12-31T14:36-05:00[America/New_York]","close":"292.255","open":"292.2514"}
{"volume":"35884.0","ticker":"AAPL","high":"292.25","amount":"292.1894","period":"PT1M","low":"292.15","multiplier":"1","beginTime":"1640549862","endTime":"2019-12-31T14:37-05:00[America/New_York]","close":"292.21","open":"292.25"}
{"volume":"24410.0","ticker":"AAPL","high":"292.22","amount":"292.1703","period":"PT1M","low":"292.13","multiplier":"1","beginTime":"1640549862","endTime":"2019-12-31T14:38-05:00[America/New_York]","close":"292.1453","open":"292.2139"}
{"volume":"27677.0","ticker":"AAPL","high":"292.19","amount":"292.1668","period":"PT1M","low":"292.14","multiplier":"1","beginTime":"1640549862","endTime":"2019-12-31T14:39-05:00[America/New_York]","close":"292.18","open":"292.145"}
{"volume":"16633.0","ticker":"AAPL","high":"292.22","amount":"292.2036","period":"PT1M","low":"292.18","multiplier":"1","beginTime":"1640549862","endTime":"2019-12-31T14:40-05:00[America/New_York]","close":"292.1914","open":"292.1855"}
{"volume":"35225.0","ticker":"AAPL","high":"292.27","amount":"292.2411","period":"PT1M","low":"292.19","multiplier":"1","beginTime":"1640549862","endTime":"2019-12-31T14:41-05:00[America/New_York]","close":"292.26","open":"292.19"}
{"volume":"33519.0","ticker":"AAPL","high":"292.305","amount":"292.2702","period":"PT1M","low":"292.2202","multiplier":"1","beginTime":"1640549862","endTime":"2019-12-31T14:42-05:00[America/New_York]","close":"292.23","open":"292.2668"}
{"volume":"14123.0","ticker":"AAPL","high":"292.27","amount":"292.2487","period":"PT1M","low":"292.2302","multiplier":"1","beginTime":"1640549862","endTime":"2019-12-31T14:43-05:00[America/New_York]","close":"292.245","open":"292.24"}
{"volume":"15096.0","ticker":"AAPL","high":"292.2799","amount":"292.2596","period":"PT1M","low":"292.23","multiplier":"1","beginTime":"1640549862","endTime":"2019-12-31T14:44-05:00[America/New_York]","close":"292.26","open":"292.24"}
{"volume":"65495.0","ticker":"AAPL","high":"292.325","amount":"292.2984","period":"PT1M","low":"292.26","multiplier":"1","beginTime":"1640549862","endTime":"2019-12-31T14:45-05:00[America/New_York]","close":"292.275","open":"292.26"}
{"volume":"14619.0","ticker":"AAPL","high":"292.32","amount":"292.302","period":"PT1M","low":"292.2739","multiplier":"1","beginTime":"1640549862","endTime":"2019-12-31T14:46-05:00[America/New_York]","close":"292.3199","open":"292.2757"}
{"volume":"64453.0","ticker":"AAPL","high":"292.4141","amount":"292.343","period":"PT1M","low":"292.29","multiplier":"1","beginTime":"1640549862","endTime":"2019-12-31T14:47-05:00[America/New_York]","close":"292.41","open":"292.315"}
{"volume":"49586.0","ticker":"AAPL","high":"292.47","amount":"292.4198","period":"PT1M","low":"292.36","multiplier":"1","beginTime":"1640549862","endTime":"2019-12-31T14:48-05:00[America/New_York]","close":"292.4138","open":"292.4299"}
{"volume":"20573.0","ticker":"AAPL","high":"292.43","amount":"292.4099","period":"PT1M","low":"292.3878","multiplier":"1","beginTime":"1640549862","endTime":"2019-12-31T14:49-05:00[America/New_York]","close":"292.4074","open":"292.4158"}
{"volume":"32392.0","ticker":"AAPL","high":"292.42","amount":"292.4023","period":"PT1M","low":"292.38","multiplier":"1","beginTime":"1640549862","endTime":"2019-12-31T14:50-05:00[America/New_York]","close":"292.4","open":"292.42"}
{"volume":"30459.0","ticker":"AAPL","high":"292.39","amount":"292.3574","period":"PT1M","low":"292.31","multiplier":"1","beginTime":"1640549862","endTime":"2019-12-31T14:51-05:00[America/New_York]","close":"292.33","open":"292.39"}
{"volume":"23165.0","ticker":"AAPL","high":"292.3498","amount":"292.3311","period":"PT1M","low":"292.31","multiplier":"1","beginTime":"1640549862","endTime":"2019-12-31T14:52-05:00[America/New_York]","close":"292.3229","open":"292.3498"}
{"volume":"23825.0","ticker":"AAPL","high":"292.36","amount":"292.3331","period":"PT1M","low":"292.3","multiplier":"1","beginTime":"1640549862","endTime":"2019-12-31T14:53-05:00[America/New_York]","close":"292.34","open":"292.32"}
{"volume":"33571.0","ticker":"AAPL","high":"292.34","amount":"292.3206","period":"PT1M","low":"292.29","multiplier":"1","beginTime":"1640549862","endTime":"2019-12-31T14:54-05:00[America/New_York]","close":"292.33","open":"292.34"}
{"volume":"29818.0","ticker":"AAPL","high":"292.36","amount":"292.3382","period":"PT1M","low":"292.32","multiplier":"1","beginTime":"1640549862","endTime":"2019-12-31T14:55-05:00[America/New_York]","close":"292.3543","open":"292.34"}
{"volume":"20836.0","ticker":"AAPL","high":"292.3699","amount":"292.3424","period":"PT1M","low":"292.3204","multiplier":"1","beginTime":"1640549862","endTime":"2019-12-31T14:56-05:00[America/New_York]","close":"292.3225","open":"292.3543"}
{"volume":"77320.0","ticker":"AAPL","high":"292.3256","amount":"292.2919","period":"PT1M","low":"292.26","multiplier":"1","beginTime":"1640549862","endTime":"2019-12-31T14:57-05:00[America/New_York]","close":"292.2851","open":"292.324"}
{"volume":"27520.0","ticker":"AAPL","high":"292.3","amount":"292.2869","period":"PT1M","low":"292.27","multiplier":"1","beginTime":"1640549862","endTime":"2019-12-31T14:58-05:00[America/New_York]","close":"292.27","open":"292.29"}
{"volume":"31384.0","ticker":"AAPL","high":"292.3605","amount":"292.323","period":"PT1M","low":"292.27","multiplier":"1","beginTime":"1640549862","endTime":"2019-12-31T14:59-05:00[America/New_York]","close":"292.36","open":"292.28"}
{"volume":"26898.0","ticker":"AAPL","high":"292.36","amount":"292.3003","period":"PT1M","low":"292.26","multiplier":"1","beginTime":"1640549862","endTime":"2019-12-31T15:00-05:00[America/New_York]","close":"292.3009","open":"292.35"}
{"volume":"35188.0","ticker":"AAPL","high":"292.4","amount":"292.3636","period":"PT1M","low":"292.31","multiplier":"1","beginTime":"1640549862","endTime":"2019-12-31T15:01-05:00[America/New_York]","close":"292.3843","open":"292.31"}
{"volume":"37264.0","ticker":"AAPL","high":"292.4313","amount":"292.4","period":"PT1M","low":"292.36","multiplier":"1","beginTime":"1640549862","endTime":"2019-12-31T15:02-05:00[America/New_York]","close":"292.389","open":"292.385"}
{"volume":"43437.0","ticker":"AAPL","high":"292.49","amount":"292.4339","period":"PT1M","low":"292.3885","multiplier":"1","beginTime":"1640549862","endTime":"2019-12-31T15:03-05:00[America/New_York]","close":"292.4461","open":"292.4092"}
{"volume":"163535.0","ticker":"AAPL","high":"292.8","amount":"292.6016","period":"PT1M","low":"292.4442","multiplier":"1","beginTime":"1640549862","endTime":"2019-12-31T15:04-05:00[America/New_York]","close":"292.79","open":"292.4442"}
{"volume":"85461.0","ticker":"AAPL","high":"292.7989","amount":"292.7061","period":"PT1M","low":"292.6447","multiplier":"1","beginTime":"1640549862","endTime":"2019-12-31T15:05-05:00[America/New_York]","close":"292.7199","open":"292.78"}
{"volume":"118770.0","ticker":"AAPL","high":"292.94","amount":"292.8286","period":"PT1M","low":"292.69","multiplier":"1","beginTime":"1640549862","endTime":"2019-12-31T15:06-05:00[America/New_York]","close":"292.9","open":"292.7053"}
{"volume":"95976.0","ticker":"AAPL","high":"292.9301","amount":"292.8413","period":"PT1M","low":"292.74","multiplier":"1","beginTime":"1640549862","endTime":"2019-12-31T15:07-05:00[America/New_York]","close":"292.7855","open":"292.9013"}
{"volume":"60926.0","ticker":"AAPL","high":"292.83","amount":"292.7505","period":"PT1M","low":"292.7","multiplier":"1","beginTime":"1640549862","endTime":"2019-12-31T15:08-05:00[America/New_York]","close":"292.7599","open":"292.79"}
{"volume":"84263.0","ticker":"AAPL","high":"292.88","amount":"292.7804","period":"PT1M","low":"292.69","multiplier":"1","beginTime":"1640549862","endTime":"2019-12-31T15:09-05:00[America/New_York]","close":"292.8555","open":"292.75"}
{"volume":"39122.0","ticker":"AAPL","high":"292.861","amount":"292.8015","period":"PT1M","low":"292.74","multiplier":"1","beginTime":"1640549862","endTime":"2019-12-31T15:10-05:00[America/New_York]","close":"292.748","open":"292.85"}
{"volume":"53592.0","ticker":"AAPL","high":"292.85","amount":"292.7791","period":"PT1M","low":"292.71","multiplier":"1","beginTime":"1640549862","endTime":"2019-12-31T15:11-05:00[America/New_York]","close":"292.8299","open":"292.7447"}
{"volume":"82583.0","ticker":"AAPL","high":"292.94","amount":"292.872","period":"PT1M","low":"292.7801","multiplier":"1","beginTime":"1640549862","endTime":"2019-12-31T15:12-05:00[America/New_York]","close":"292.9214","open":"292.83"}
{"volume":"160873.0","ticker":"AAPL","high":"293.02","amount":"292.985","period":"PT1M","low":"292.92","multiplier":"1","beginTime":"1640549862","endTime":"2019-12-31T15:13-05:00[America/New_York]","close":"292.98","open":"292.94"}
{"volume":"49950.0","ticker":"AAPL","high":"292.99","amount":"292.8918","period":"PT1M","low":"292.76","multiplier":"1","beginTime":"1640549862","endTime":"2019-12-31T15:14-05:00[America/New_York]","close":"292.8026","open":"292.9805"}
{"volume":"63383.0","ticker":"AAPL","high":"292.99","amount":"292.9186","period":"PT1M","low":"292.78","multiplier":"1","beginTime":"1640549862","endTime":"2019-12-31T15:15-05:00[America/New_York]","close":"292.89","open":"292.7946"}
{"volume":"55961.0","ticker":"AAPL","high":"293.0","amount":"292.9571","period":"PT1M","low":"292.89","multiplier":"1","beginTime":"1640549862","endTime":"2019-12-31T15:16-05:00[America/New_York]","close":"292.9","open":"292.9"}
{"volume":"43814.0","ticker":"AAPL","high":"292.96","amount":"292.8933","period":"PT1M","low":"292.82","multiplier":"1","beginTime":"1640549862","endTime":"2019-12-31T15:17-05:00[America/New_York]","close":"292.8922","open":"292.9089"}
{"volume":"121179.0","ticker":"AAPL","high":"293.17","amount":"293.0534","period":"PT1M","low":"292.91","multiplier":"1","beginTime":"1640549862","endTime":"2019-12-31T15:18-05:00[America/New_York]","close":"293.08","open":"292.93"}
{"volume":"78113.0","ticker":"AAPL","high":"293.15","amount":"293.086","period":"PT1M","low":"293.04","multiplier":"1","beginTime":"1640549862","endTime":"2019-12-31T15:19-05:00[America/New_York]","close":"293.1055","open":"293.0771"}
{"volume":"63606.0","ticker":"AAPL","high":"293.18","amount":"293.145","period":"PT1M","low":"293.09","multiplier":"1","beginTime":"1640549862","endTime":"2019-12-31T15:20-05:00[America/New_York]","close":"293.17","open":"293.09"}
{"volume":"44773.0","ticker":"AAPL","high":"293.18","amount":"293.1519","period":"PT1M","low":"293.12","multiplier":"1","beginTime":"1640549862","endTime":"2019-12-31T15:21-05:00[America/New_York]","close":"293.175","open":"293.1668"}
{"volume":"85504.0","ticker":"AAPL","high":"293.24","amount":"293.1911","period":"PT1M","low":"293.1301","multiplier":"1","beginTime":"1640549862","endTime":"2019-12-31T15:22-05:00[America/New_York]","close":"293.19","open":"293.175"}
{"volume":"75696.0","ticker":"AAPL","high":"293.24","amount":"293.1693","period":"PT1M","low":"293.06","multiplier":"1","beginTime":"1640549862","endTime":"2019-12-31T15:23-05:00[America/New_York]","close":"293.0941","open":"293.1945"}
{"volume":"88237.0","ticker":"AAPL","high":"293.0999","amount":"293.0458","period":"PT1M","low":"292.98","multiplier":"1","beginTime":"1640549862","endTime":"2019-12-31T15:24-05:00[America/New_York]","close":"293.06","open":"293.09"}
{"volume":"44524.0","ticker":"AAPL","high":"293.14","amount":"293.1166","period":"PT1M","low":"293.065","multiplier":"1","beginTime":"1640549862","endTime":"2019-12-31T15:25-05:00[America/New_York]","close":"293.1208","open":"293.065"}
{"volume":"53262.0","ticker":"AAPL","high":"293.2","amount":"293.1227","period":"PT1M","low":"293.01","multiplier":"1","beginTime":"1640549862","endTime":"2019-12-31T15:26-05:00[America/New_York]","close":"293.1799","open":"293.12"}
{"volume":"68527.0","ticker":"AAPL","high":"293.24","amount":"293.2131","period":"PT1M","low":"293.1401","multiplier":"1","beginTime":"1640549862","endTime":"2019-12-31T15:27-05:00[America/New_York]","close":"293.2177","open":"293.175"}
{"volume":"68822.0","ticker":"AAPL","high":"293.26","amount":"293.2243","period":"PT1M","low":"293.1587","multiplier":"1","beginTime":"1640549862","endTime":"2019-12-31T15:28-05:00[America/New_York]","close":"293.19","open":"293.215"}
{"volume":"55218.0","ticker":"AAPL","high":"293.26","amount":"293.2101","period":"PT1M","low":"293.15","multiplier":"1","beginTime":"1640549862","endTime":"2019-12-31T15:29-05:00[America/New_York]","close":"293.17","open":"293.21"}
{"volume":"61368.0","ticker":"AAPL","high":"293.24","amount":"293.1875","period":"PT1M","low":"293.14","multiplier":"1","beginTime":"1640549862","endTime":"2019-12-31T15:30-05:00[America/New_York]","close":"293.1899","open":"293.1801"}
{"volume":"48507.0","ticker":"AAPL","high":"293.18","amount":"293.1208","period":"PT1M","low":"293.09","multiplier":"1","beginTime":"1640549862","endTime":"2019-12-31T15:31-05:00[America/New_York]","close":"293.14","open":"293.17"}
{"volume":"104874.0","ticker":"AAPL","high":"293.1368","amount":"293.0167","period":"PT1M","low":"292.92","multiplier":"1","beginTime":"1640549862","endTime":"2019-12-31T15:32-05:00[America/New_York]","close":"293.02","open":"293.1368"}
{"volume":"73735.0","ticker":"AAPL","high":"293.08","amount":"293.0211","period":"PT1M","low":"292.93","multiplier":"1","beginTime":"1640549862","endTime":"2019-12-31T15:33-05:00[America/New_York]","close":"293.0173","open":"293.0267"}
{"volume":"50462.0","ticker":"AAPL","high":"293.1","amount":"293.0183","period":"PT1M","low":"292.94","multiplier":"1","beginTime":"1640549862","endTime":"2019-12-31T15:34-05:00[America/New_York]","close":"293.02","open":"293.02"}
{"volume":"43565.0","ticker":"AAPL","high":"293.0155","amount":"292.9678","period":"PT1M","low":"292.93","multiplier":"1","beginTime":"1640549862","endTime":"2019-12-31T15:35-05:00[America/New_York]","close":"292.945","open":"293.0134"}
{"volume":"66652.0","ticker":"AAPL","high":"293.06","amount":"293.0287","period":"PT1M","low":"292.9421","multiplier":"1","beginTime":"1640549862","endTime":"2019-12-31T15:36-05:00[America/New_York]","close":"293.04","open":"292.9421"}
{"volume":"88946.0","ticker":"AAPL","high":"293.16","amount":"293.12","period":"PT1M","low":"293.01","multiplier":"1","beginTime":"1640549862","endTime":"2019-12-31T15:37-05:00[America/New_York]","close":"293.14","open":"293.04"}
{"volume":"58628.0","ticker":"AAPL","high":"293.15","amount":"293.1138","period":"PT1M","low":"293.06","multiplier":"1","beginTime":"1640549862","endTime":"2019-12-31T15:38-05:00[America/New_York]","close":"293.08","open":"293.1442"}
{"volume":"66203.0","ticker":"AAPL","high":"293.1299","amount":"293.0898","period":"PT1M","low":"293.05","multiplier":"1","beginTime":"1640549862","endTime":"2019-12-31T15:39-05:00[America/New_York]","close":"293.0846","open":"293.0801"}
{"volume":"59515.0","ticker":"AAPL","high":"293.1778","amount":"293.1376","period":"PT1M","low":"293.08","multiplier":"1","beginTime":"1640549862","endTime":"2019-12-31T15:40-05:00[America/New_York]","close":"293.1778","open":"293.085"}
{"volume":"69995.0","ticker":"AAPL","high":"293.2","amount":"293.1858","period":"PT1M","low":"293.16","multiplier":"1","beginTime":"1640549862","endTime":"2019-12-31T15:41-05:00[America/New_York]","close":"293.2","open":"293.175"}
{"volume":"99294.0","ticker":"AAPL","high":"293.27","amount":"293.2317","period":"PT1M","low":"293.19","multiplier":"1","beginTime":"1640549862","endTime":"2019-12-31T15:42-05:00[America/New_York]","close":"293.27","open":"293.2"}
{"volume":"109870.0","ticker":"AAPL","high":"293.4","amount":"293.337","period":"PT1M","low":"293.26","multiplier":"1","beginTime":"1640549862","endTime":"2019-12-31T15:43-05:00[America/New_York]","close":"293.36","open":"293.27"}
{"volume":"147515.0","ticker":"AAPL","high":"293.54","amount":"293.4487","period":"PT1M","low":"293.35","multiplier":"1","beginTime":"1640549862","endTime":"2019-12-31T15:44-05:00[America/New_York]","close":"293.5","open":"293.36"}
{"volume":"137737.0","ticker":"AAPL","high":"293.55","amount":"293.4891","period":"PT1M","low":"293.41","multiplier":"1","beginTime":"1640549862","endTime":"2019-12-31T15:45-05:00[America/New_York]","close":"293.43","open":"293.4983"}
{"volume":"116069.0","ticker":"AAPL","high":"293.48","amount":"293.4327","period":"PT1M","low":"293.3701","multiplier":"1","beginTime":"1640549862","endTime":"2019-12-31T15:46-05:00[America/New_York]","close":"293.41","open":"293.45"}
{"volume":"64676.0","ticker":"AAPL","high":"293.48","amount":"293.4185","period":"PT1M","low":"293.33","multiplier":"1","beginTime":"1640549862","endTime":"2019-12-31T15:47-05:00[America/New_York]","close":"293.335","open":"293.425"}
{"volume":"86385.0","ticker":"AAPL","high":"293.37","amount":"293.3188","period":"PT1M","low":"293.25","multiplier":"1","beginTime":"1640549862","endTime":"2019-12-31T15:48-05:00[America/New_York]","close":"293.27","open":"293.335"}
{"volume":"93697.0","ticker":"AAPL","high":"293.34","amount":"293.2578","period":"PT1M","low":"293.2","multiplier":"1","beginTime":"1640549862","endTime":"2019-12-31T15:49-05:00[America/New_York]","close":"293.31","open":"293.28"}
{"volume":"151823.0","ticker":"AAPL","high":"293.58","amount":"293.2689","period":"PT1M","low":"293.15","multiplier":"1","beginTime":"1640549862","endTime":"2019-12-31T15:50-05:00[America/New_York]","close":"293.15","open":"293.3"}
{"volume":"113030.0","ticker":"AAPL","high":"293.18","amount":"293.052","period":"PT1M","low":"292.96","multiplier":"1","beginTime":"1640549862","endTime":"2019-12-31T15:51-05:00[America/New_York]","close":"293.09","open":"293.15"}
{"volume":"97787.0","ticker":"AAPL","high":"293.18","amount":"293.1057","period":"PT1M","low":"293.0","multiplier":"1","beginTime":"1640549862","endTime":"2019-12-31T15:52-05:00[America/New_York]","close":"293.0499","open":"293.09"}
{"volume":"117356.0","ticker":"AAPL","high":"293.15","amount":"293.0498","period":"PT1M","low":"292.97","multiplier":"1","beginTime":"1640549862","endTime":"2019-12-31T15:53-05:00[America/New_York]","close":"293.07","open":"293.03"}
{"volume":"216173.0","ticker":"AAPL","high":"293.49","amount":"293.3012","period":"PT1M","low":"293.06","multiplier":"1","beginTime":"1640549862","endTime":"2019-12-31T15:54-05:00[America/New_York]","close":"293.4522","open":"293.07"}
{"volume":"315474.0","ticker":"AAPL","high":"293.68","amount":"293.5527","period":"PT1M","low":"293.42","multiplier":"1","beginTime":"1640549862","endTime":"2019-12-31T15:55-05:00[America/New_York]","close":"293.58","open":"293.47"}
{"volume":"165506.0","ticker":"AAPL","high":"293.62","amount":"293.4874","period":"PT1M","low":"293.38","multiplier":"1","beginTime":"1640549862","endTime":"2019-12-31T15:56-05:00[America/New_York]","close":"293.44","open":"293.58"}
{"volume":"171688.0","ticker":"AAPL","high":"293.56","amount":"293.4713","period":"PT1M","low":"293.3","multiplier":"1","beginTime":"1640549862","endTime":"2019-12-31T15:57-05:00[America/New_York]","close":"293.39","open":"293.44"}
{"volume":"216076.0","ticker":"AAPL","high":"293.55","amount":"293.4832","period":"PT1M","low":"293.4","multiplier":"1","beginTime":"1640549862","endTime":"2019-12-31T15:58-05:00[America/New_York]","close":"293.5099","open":"293.4"}
{"volume":"471967.0","ticker":"AAPL","high":"293.66","amount":"293.5763","period":"PT1M","low":"293.35","multiplier":"1","beginTime":"1640549862","endTime":"2019-12-31T15:59-05:00[America/New_York]","close":"293.37","open":"293.51"}
{"volume":"824376.0","ticker":"AAPL","high":"293.65","amount":"293.6476","period":"PT1M","low":"293.24","multiplier":"1","beginTime":"1640549862","endTime":"2019-12-31T16:00-05:00[America/New_York]","close":"293.54","open":"293.59"}
{"volume":"11096.0","ticker":"AAPL","high":"293.6601","amount":"293.6395","period":"PT1M","low":"293.54","multiplier":"1","beginTime":"1640549862","endTime":"2019-12-31T16:01-05:00[America/New_York]","close":"293.65","open":"293.65"}
{"volume":"3747.0","ticker":"AAPL","high":"293.68","amount":"293.6567","period":"PT1M","low":"293.65","multiplier":"1","beginTime":"1640549862","endTime":"2019-12-31T16:02-05:00[America/New_York]","close":"293.66","open":"293.65"}
{"volume":"21434.0","ticker":"AAPL","high":"293.68","amount":"293.6628","period":"PT1M","low":"293.61","multiplier":"1","beginTime":"1640549862","endTime":"2019-12-31T16:03-05:00[America/New_York]","close":"293.61","open":"293.66"}
{"volume":"4267.0","ticker":"AAPL","high":"293.66","amount":"293.6295","period":"PT1M","low":"293.56","multiplier":"1","beginTime":"1640549862","endTime":"2019-12-31T16:04-05:00[America/New_York]","close":"293.65","open":"293.63"}
{"volume":"8601.0","ticker":"AAPL","high":"293.69","amount":"293.604","period":"PT1M","low":"293.6","multiplier":"1","beginTime":"1640549862","endTime":"2019-12-31T16:05-05:00[America/New_York]","close":"293.6","open":"293.65"}
{"volume":"6127.0","ticker":"AAPL","high":"293.6","amount":"293.5991","period":"PT1M","low":"293.58","multiplier":"1","beginTime":"1640549862","endTime":"2019-12-31T16:06-05:00[America/New_York]","close":"293.6","open":"293.6"}
{"volume":"236273.0","ticker":"AAPL","high":"293.6","amount":"293.6488","period":"PT1M","low":"293.56","multiplier":"1","beginTime":"1640549862","endTime":"2019-12-31T16:07-05:00[America/New_York]","close":"293.6","open":"293.6"}
{"volume":"1781.0","ticker":"AAPL","high":"293.6","amount":"293.5863","period":"PT1M","low":"293.58","multiplier":"1","beginTime":"1640549862","endTime":"2019-12-31T16:08-05:00[America/New_York]","close":"293.58","open":"293.6"}
{"volume":"3266.0","ticker":"AAPL","high":"293.65","amount":"293.6139","period":"PT1M","low":"293.58","multiplier":"1","beginTime":"1640549862","endTime":"2019-12-31T16:09-05:00[America/New_York]","close":"293.65","open":"293.58"}
{"volume":"33101.0","ticker":"AAPL","high":"293.6502","amount":"293.6502","period":"PT1M","low":"293.65","multiplier":"1","beginTime":"1640549862","endTime":"2019-12-31T16:10-05:00[America/New_York]","close":"293.6501","open":"293.65"}
{"volume":"2647.0","ticker":"AAPL","high":"293.6702","amount":"293.6563","period":"PT1M","low":"293.65","multiplier":"1","beginTime":"1640549862","endTime":"2019-12-31T16:11-05:00[America/New_York]","close":"293.65","open":"293.6702"}
{"volume":"81065.0","ticker":"AAPL","high":"293.69","amount":"293.6503","period":"PT1M","low":"293.6502","multiplier":"1","beginTime":"1640549862","endTime":"2019-12-31T16:12-05:00[America/New_York]","close":"293.69","open":"293.6502"}
{"volume":"8393.0","ticker":"AAPL","high":"293.7","amount":"293.6799","period":"PT1M","low":"293.63","multiplier":"1","beginTime":"1640549862","endTime":"2019-12-31T16:13-05:00[America/New_York]","close":"293.63","open":"293.69"}
{"volume":"8849.0","ticker":"AAPL","high":"293.63","amount":"293.6139","period":"PT1M","low":"293.6","multiplier":"1","beginTime":"1640549862","endTime":"2019-12-31T16:14-05:00[America/New_York]","close":"293.61","open":"293.63"}
{"volume":"428.0","ticker":"AAPL","high":"293.62","amount":"293.6346","period":"PT1M","low":"293.62","multiplier":"1","beginTime":"1640549862","endTime":"2019-12-31T16:15-05:00[America/New_York]","close":"293.62","open":"293.62"}
{"volume":"1294.0","ticker":"AAPL","high":"293.6","amount":"293.5888","period":"PT1M","low":"293.58","multiplier":"1","beginTime":"1640549862","endTime":"2019-12-31T16:16-05:00[America/New_York]","close":"293.6","open":"293.58"}
{"volume":"664.0","ticker":"AAPL","high":"293.65","amount":"293.6397","period":"PT1M","low":"293.65","multiplier":"1","beginTime":"1640549862","endTime":"2019-12-31T16:17-05:00[America/New_York]","close":"293.65","open":"293.65"}
{"volume":"6328.0","ticker":"AAPL","high":"293.7","amount":"293.6897","period":"PT1M","low":"293.68","multiplier":"1","beginTime":"1640549862","endTime":"2019-12-31T16:18-05:00[America/New_York]","close":"293.68","open":"293.69"}
{"volume":"10503.0","ticker":"AAPL","high":"293.72","amount":"293.7008","period":"PT1M","low":"293.68","multiplier":"1","beginTime":"1640549862","endTime":"2019-12-31T16:19-05:00[America/New_York]","close":"293.72","open":"293.69"}
{"volume":"598.0","ticker":"AAPL","high":"293.71","amount":"293.7086","period":"PT1M","low":"293.68","multiplier":"1","beginTime":"1640549862","endTime":"2019-12-31T16:20-05:00[America/New_York]","close":"293.68","open":"293.71"}
{"volume":"737.0","ticker":"AAPL","high":"293.88","amount":"293.8009","period":"PT1M","low":"293.75","multiplier":"1","beginTime":"1640549862","endTime":"2019-12-31T16:21-05:00[America/New_York]","close":"293.75","open":"293.88"}
{"volume":"660.0","ticker":"AAPL","high":"293.75","amount":"293.7093","period":"PT1M","low":"293.69","multiplier":"1","beginTime":"1640549862","endTime":"2019-12-31T16:22-05:00[America/New_York]","close":"293.75","open":"293.69"}
{"volume":"630.0","ticker":"AAPL","high":"293.77","amount":"293.768","period":"PT1M","low":"293.77","multiplier":"1","beginTime":"1640549862","endTime":"2019-12-31T16:23-05:00[America/New_York]","close":"293.77","open":"293.77"}
{"volume":"7890.0","ticker":"AAPL","high":"293.78","amount":"293.6531","period":"PT1M","low":"293.7","multiplier":"1","beginTime":"1640549862","endTime":"2019-12-31T16:24-05:00[America/New_York]","close":"293.7","open":"293.78"}
{"volume":"2075.0","ticker":"AAPL","high":"293.7002","amount":"293.6639","period":"PT1M","low":"293.68","multiplier":"1","beginTime":"1640549862","endTime":"2019-12-31T16:25-05:00[America/New_York]","close":"293.7002","open":"293.7"}
{"volume":"1377.0","ticker":"AAPL","high":"293.89","amount":"293.8211","period":"PT1M","low":"293.78","multiplier":"1","beginTime":"1640549862","endTime":"2019-12-31T16:27-05:00[America/New_York]","close":"293.8","open":"293.89"}
{"volume":"512.0","ticker":"AAPL","high":"293.8","amount":"293.7996","period":"PT1M","low":"293.8","multiplier":"1","beginTime":"1640549862","endTime":"2019-12-31T16:28-05:00[America/New_York]","close":"293.8","open":"293.8"}
{"volume":"959.0","ticker":"AAPL","high":"293.82","amount":"293.796","period":"PT1M","low":"293.77","multiplier":"1","beginTime":"1640549862","endTime":"2019-12-31T16:29-05:00[America/New_York]","close":"293.8198","open":"293.8"}
{"volume":"289.0","ticker":"AAPL","high":"293.79","amount":"293.7986","period":"PT1M","low":"293.79","multiplier":"1","beginTime":"1640549862","endTime":"2019-12-31T16:31-05:00[America/New_York]","close":"293.79","open":"293.79"}
{"volume":"652.0","ticker":"AAPL","high":"293.8","amount":"293.8018","period":"PT1M","low":"293.8","multiplier":"1","beginTime":"1640549862","endTime":"2019-12-31T16:32-05:00[America/New_York]","close":"293.8","open":"293.8"}
{"volume":"132669.0","ticker":"AAPL","high":"293.8","amount":"293.6505","period":"PT1M","low":"293.8","multiplier":"1","beginTime":"1640549862","endTime":"2019-12-31T16:33-05:00[America/New_York]","close":"293.8","open":"293.8"}
{"volume":"2008.0","ticker":"AAPL","high":"293.77","amount":"293.7626","period":"PT1M","low":"293.76","multiplier":"1","beginTime":"1640549862","endTime":"2019-12-31T16:34-05:00[America/New_York]","close":"293.76","open":"293.77"}
{"volume":"2049.0","ticker":"AAPL","high":"293.84","amount":"293.8053","period":"PT1M","low":"293.78","multiplier":"1","beginTime":"1640549862","endTime":"2019-12-31T16:35-05:00[America/New_York]","close":"293.84","open":"293.78"}
{"volume":"1836.0","ticker":"AAPL","high":"293.8","amount":"293.7777","period":"PT1M","low":"293.76","multiplier":"1","beginTime":"1640549862","endTime":"2019-12-31T16:36-05:00[America/New_York]","close":"293.76","open":"293.78"}
{"volume":"1356.0","ticker":"AAPL","high":"293.76","amount":"293.759","period":"PT1M","low":"293.75","multiplier":"1","beginTime":"1640549862","endTime":"2019-12-31T16:37-05:00[America/New_York]","close":"293.76","open":"293.75"}
{"volume":"9389.0","ticker":"AAPL","high":"293.7","amount":"293.6538","period":"PT1M","low":"293.7","multiplier":"1","beginTime":"1640549862","endTime":"2019-12-31T16:39-05:00[America/New_York]","close":"293.7","open":"293.7"}
{"volume":"1907.0","ticker":"AAPL","high":"293.76","amount":"293.753","period":"PT1M","low":"293.75","multiplier":"1","beginTime":"1640549862","endTime":"2019-12-31T16:40-05:00[America/New_York]","close":"293.75","open":"293.75"}
{"volume":"930.0","ticker":"AAPL","high":"293.75","amount":"293.6891","period":"PT1M","low":"293.71","multiplier":"1","beginTime":"1640549862","endTime":"2019-12-31T16:41-05:00[America/New_York]","close":"293.71","open":"293.75"}
{"volume":"1622.0","ticker":"AAPL","high":"293.76","amount":"293.7532","period":"PT1M","low":"293.75","multiplier":"1","beginTime":"1640549862","endTime":"2019-12-31T16:42-05:00[America/New_York]","close":"293.76","open":"293.75"}
{"volume":"1609.0","ticker":"AAPL","high":"293.8","amount":"293.7996","period":"PT1M","low":"293.8","multiplier":"1","beginTime":"1640549862","endTime":"2019-12-31T16:44-05:00[America/New_York]","close":"293.8","open":"293.8"}
{"volume":"10932.0","ticker":"AAPL","high":"293.82","amount":"293.6708","period":"PT1M","low":"293.8","multiplier":"1","beginTime":"1640549862","endTime":"2019-12-31T16:46-05:00[America/New_York]","close":"293.8","open":"293.82"}
{"volume":"400.0","ticker":"AAPL","high":"293.8002","amount":"293.8014","period":"PT1M","low":"293.8","multiplier":"1","beginTime":"1640549862","endTime":"2019-12-31T16:47-05:00[America/New_York]","close":"293.8002","open":"293.8"}
{"volume":"439.0","ticker":"AAPL","high":"293.81","amount":"293.8069","period":"PT1M","low":"293.81","multiplier":"1","beginTime":"1640549862","endTime":"2019-12-31T16:49-05:00[America/New_York]","close":"293.81","open":"293.81"}
{"volume":"4532.0","ticker":"AAPL","high":"293.81","amount":"293.8011","period":"PT1M","low":"293.8","multiplier":"1","beginTime":"1640549862","endTime":"2019-12-31T16:50-05:00[America/New_York]","close":"293.8","open":"293.81"}
{"volume":"1907.0","ticker":"AAPL","high":"293.82","amount":"293.818","period":"PT1M","low":"293.81","multiplier":"1","beginTime":"1640549862","endTime":"2019-12-31T16:51-05:00[America/New_York]","close":"293.82","open":"293.81"}
{"volume":"466.0","ticker":"AAPL","high":"293.82","amount":"293.818","period":"PT1M","low":"293.82","multiplier":"1","beginTime":"1640549862","endTime":"2019-12-31T16:52-05:00[America/New_York]","close":"293.82","open":"293.82"}
{"volume":"4398.0","ticker":"AAPL","high":"293.82","amount":"293.8193","period":"PT1M","low":"293.8","multiplier":"1","beginTime":"1640549862","endTime":"2019-12-31T16:53-05:00[America/New_York]","close":"293.82","open":"293.82"}
{"volume":"302.0","ticker":"AAPL","high":"293.84","amount":"293.8267","period":"PT1M","low":"293.82","multiplier":"1","beginTime":"1640549862","endTime":"2019-12-31T16:55-05:00[America/New_York]","close":"293.82","open":"293.84"}
{"volume":"1862.0","ticker":"AAPL","high":"293.84","amount":"293.8361","period":"PT1M","low":"293.84","multiplier":"1","beginTime":"1640549862","endTime":"2019-12-31T16:56-05:00[America/New_York]","close":"293.84","open":"293.84"}
{"volume":"588.0","ticker":"AAPL","high":"293.82","amount":"293.8217","period":"PT1M","low":"293.82","multiplier":"1","beginTime":"1640549862","endTime":"2019-12-31T16:57-05:00[America/New_York]","close":"293.82","open":"293.82"}
{"volume":"1052.0","ticker":"AAPL","high":"293.82","amount":"293.821","period":"PT1M","low":"293.82","multiplier":"1","beginTime":"1640549862","endTime":"2019-12-31T16:58-05:00[America/New_York]","close":"293.82","open":"293.82"}
{"volume":"2418.0","ticker":"AAPL","high":"293.82","amount":"293.8201","period":"PT1M","low":"293.82","multiplier":"1","beginTime":"1640549862","endTime":"2019-12-31T16:59-05:00[America/New_York]","close":"293.82","open":"293.82"}
{"volume":"207.0","ticker":"AAPL","high":"293.79","amount":"293.7803","period":"PT1M","low":"293.77","multiplier":"1","beginTime":"1640549862","endTime":"2019-12-31T17:02-05:00[America/New_York]","close":"293.79","open":"293.77"}
{"volume":"954.0","ticker":"AAPL","high":"293.8","amount":"293.7961","period":"PT1M","low":"293.79","multiplier":"1","beginTime":"1640549862","endTime":"2019-12-31T17:06-05:00[America/New_York]","close":"293.8","open":"293.79"}
{"volume":"114.0","ticker":"AAPL","high":"293.82","amount":"293.8196","period":"PT1M","low":"293.82","multiplier":"1","beginTime":"1640549862","endTime":"2019-12-31T17:08-05:00[America/New_York]","close":"293.82","open":"293.82"}
{"volume":"901.0","ticker":"AAPL","high":"293.82","amount":"293.82","period":"PT1M","low":"293.82","multiplier":"1","beginTime":"1640549862","endTime":"2019-12-31T17:09-05:00[America/New_York]","close":"293.82","open":"293.82"}
{"volume":"262.0","ticker":"AAPL","high":"293.84","amount":"293.8391","period":"PT1M","low":"293.84","multiplier":"1","beginTime":"1640549862","endTime":"2019-12-31T17:14-05:00[America/New_York]","close":"293.84","open":"293.84"}
{"volume":"2334.0","ticker":"AAPL","high":"293.8","amount":"293.7656","period":"PT1M","low":"293.76","multiplier":"1","beginTime":"1640549862","endTime":"2019-12-31T17:21-05:00[America/New_York]","close":"293.76","open":"293.8"}
{"volume":"3770.0","ticker":"AAPL","high":"293.8","amount":"293.7627","period":"PT1M","low":"293.76","multiplier":"1","beginTime":"1640549862","endTime":"2019-12-31T17:22-05:00[America/New_York]","close":"293.76","open":"293.76"}
{"volume":"264.0","ticker":"AAPL","high":"293.8","amount":"293.8","period":"PT1M","low":"293.8","multiplier":"1","beginTime":"1640549862","endTime":"2019-12-31T17:26-05:00[America/New_York]","close":"293.8","open":"293.8"}
{"volume":"231.0","ticker":"AAPL","high":"293.78","amount":"293.7841","period":"PT1M","low":"293.78","multiplier":"1","beginTime":"1640549862","endTime":"2019-12-31T17:27-05:00[America/New_York]","close":"293.78","open":"293.78"}
{"volume":"2529.0","ticker":"AAPL","high":"293.77","amount":"293.7623","period":"PT1M","low":"293.76","multiplier":"1","beginTime":"1640549862","endTime":"2019-12-31T17:28-05:00[America/New_York]","close":"293.76","open":"293.77"}
{"volume":"445.0","ticker":"AAPL","high":"293.76","amount":"293.764","period":"PT1M","low":"293.76","multiplier":"1","beginTime":"1640549862","endTime":"2019-12-31T17:30-05:00[America/New_York]","close":"293.76","open":"293.76"}
{"volume":"250.0","ticker":"AAPL","high":"293.78","amount":"293.7796","period":"PT1M","low":"293.78","multiplier":"1","beginTime":"1640549862","endTime":"2019-12-31T17:33-05:00[America/New_York]","close":"293.78","open":"293.78"}
{"volume":"358.0","ticker":"AAPL","high":"293.76","amount":"293.7608","period":"PT1M","low":"293.76","multiplier":"1","beginTime":"1640549862","endTime":"2019-12-31T17:34-05:00[America/New_York]","close":"293.76","open":"293.76"}
{"volume":"365.0","ticker":"AAPL","high":"293.75","amount":"293.751","period":"PT1M","low":"293.75","multiplier":"1","beginTime":"1640549862","endTime":"2019-12-31T17:35-05:00[America/New_York]","close":"293.75","open":"293.75"}
{"volume":"181.0","ticker":"AAPL","high":"293.75","amount":"293.7585","period":"PT1M","low":"293.75","multiplier":"1","beginTime":"1640549862","endTime":"2019-12-31T17:37-05:00[America/New_York]","close":"293.75","open":"293.75"}
{"volume":"4179.0","ticker":"AAPL","high":"293.75","amount":"293.75","period":"PT1M","low":"293.75","multiplier":"1","beginTime":"1640549862","endTime":"2019-12-31T17:38-05:00[America/New_York]","close":"293.75","open":"293.75"}
{"volume":"110.0","ticker":"AAPL","high":"293.75","amount":"293.75","period":"PT1M","low":"293.75","multiplier":"1","beginTime":"1640549862","endTime":"2019-12-31T17:39-05:00[America/New_York]","close":"293.75","open":"293.75"}
{"volume":"703.0","ticker":"AAPL","high":"293.77","amount":"293.7558","period":"PT1M","low":"293.75","multiplier":"1","beginTime":"1640549862","endTime":"2019-12-31T17:40-05:00[America/New_York]","close":"293.75","open":"293.77"}
{"volume":"2615.0","ticker":"AAPL","high":"293.78","amount":"293.7796","period":"PT1M","low":"293.78","multiplier":"1","beginTime":"1640549862","endTime":"2019-12-31T17:41-05:00[America/New_York]","close":"293.78","open":"293.78"}
{"volume":"1145.0","ticker":"AAPL","high":"293.77","amount":"293.7618","period":"PT1M","low":"293.76","multiplier":"1","beginTime":"1640549862","endTime":"2019-12-31T17:43-05:00[America/New_York]","close":"293.76","open":"293.77"}
{"volume":"258.0","ticker":"AAPL","high":"293.76","amount":"293.7602","period":"PT1M","low":"293.76","multiplier":"1","beginTime":"1640549862","endTime":"2019-12-31T17:44-05:00[America/New_York]","close":"293.76","open":"293.76"}
{"volume":"576.0","ticker":"AAPL","high":"293.77","amount":"293.7669","period":"PT1M","low":"293.76","multiplier":"1","beginTime":"1640549862","endTime":"2019-12-31T17:45-05:00[America/New_York]","close":"293.76","open":"293.77"}
{"volume":"100.0","ticker":"AAPL","high":"293.76","amount":"293.76","period":"PT1M","low":"293.76","multiplier":"1","beginTime":"1640549862","endTime":"2019-12-31T17:46-05:00[America/New_York]","close":"293.76","open":"293.76"}
{"volume":"1001.0","ticker":"AAPL","high":"293.75","amount":"293.75","period":"PT1M","low":"293.75","multiplier":"1","beginTime":"1640549862","endTime":"2019-12-31T17:49-05:00[America/New_York]","close":"293.75","open":"293.75"}
{"volume":"336.0","ticker":"AAPL","high":"293.76","amount":"293.7542","period":"PT1M","low":"293.75","multiplier":"1","beginTime":"1640549862","endTime":"2019-12-31T17:50-05:00[America/New_York]","close":"293.75","open":"293.76"}
{"volume":"2298.0","ticker":"AAPL","high":"293.75","amount":"293.75","period":"PT1M","low":"293.75","multiplier":"1","beginTime":"1640549862","endTime":"2019-12-31T17:51-05:00[America/New_York]","close":"293.75","open":"293.75"}
{"volume":"1047.0","ticker":"AAPL","high":"293.71","amount":"293.7106","period":"PT1M","low":"293.71","multiplier":"1","beginTime":"1640549862","endTime":"2019-12-31T17:52-05:00[America/New_York]","close":"293.71","open":"293.71"}
{"volume":"413.0","ticker":"AAPL","high":"293.71","amount":"293.716","period":"PT1M","low":"293.71","multiplier":"1","beginTime":"1640549862","endTime":"2019-12-31T17:53-05:00[America/New_York]","close":"293.71","open":"293.71"}
{"volume":"340.0","ticker":"AAPL","high":"293.71","amount":"293.7103","period":"PT1M","low":"293.71","multiplier":"1","beginTime":"1640549862","endTime":"2019-12-31T17:54-05:00[America/New_York]","close":"293.71","open":"293.71"}
{"volume":"2002.0","ticker":"AAPL","high":"293.7099","amount":"293.7099","period":"PT1M","low":"293.7099","multiplier":"1","beginTime":"1640549862","endTime":"2019-12-31T17:55-05:00[America/New_York]","close":"293.7099","open":"293.7099"}
{"volume":"644.0","ticker":"AAPL","high":"293.71","amount":"293.7096","period":"PT1M","low":"293.71","multiplier":"1","beginTime":"1640549862","endTime":"2019-12-31T17:56-05:00[America/New_York]","close":"293.71","open":"293.71"}
{"volume":"1098.0","ticker":"AAPL","high":"293.7","amount":"293.7001","period":"PT1M","low":"293.7","multiplier":"1","beginTime":"1640549862","endTime":"2019-12-31T17:58-05:00[America/New_York]","close":"293.7","open":"293.7"}
{"volume":"1000.0","ticker":"AAPL","high":"293.74","amount":"293.7211","period":"PT1M","low":"293.7","multiplier":"1","beginTime":"1640549862","endTime":"2019-12-31T18:01-05:00[America/New_York]","close":"293.74","open":"293.7"}
{"volume":"2224.0","ticker":"AAPL","high":"293.75","amount":"293.7473","period":"PT1M","low":"293.74","multiplier":"1","beginTime":"1640549862","endTime":"2019-12-31T18:02-05:00[America/New_York]","close":"293.74","open":"293.75"}
{"volume":"215.0","ticker":"AAPL","high":"293.78","amount":"293.78","period":"PT1M","low":"293.78","multiplier":"1","beginTime":"1640549862","endTime":"2019-12-31T18:05-05:00[America/New_York]","close":"293.78","open":"293.78"}
{"volume":"1000.0","ticker":"AAPL","high":"293.75","amount":"293.75","period":"PT1M","low":"293.75","multiplier":"1","beginTime":"1640549862","endTime":"2019-12-31T18:06-05:00[America/New_York]","close":"293.75","open":"293.75"}
{"volume":"103.0","ticker":"AAPL","high":"293.75","amount":"293.75","period":"PT1M","low":"293.75","multiplier":"1","beginTime":"1640549862","endTime":"2019-12-31T18:09-05:00[America/New_York]","close":"293.75","open":"293.75"}
{"volume":"347.0","ticker":"AAPL","high":"293.75","amount":"293.7472","period":"PT1M","low":"293.75","multiplier":"1","beginTime":"1640549862","endTime":"2019-12-31T18:11-05:00[America/New_York]","close":"293.75","open":"293.75"}
{"volume":"320.0","ticker":"AAPL","high":"293.79","amount":"293.7866","period":"PT1M","low":"293.78","multiplier":"1","beginTime":"1640549862","endTime":"2019-12-31T18:12-05:00[America/New_York]","close":"293.79","open":"293.78"}
{"volume":"200.0","ticker":"AAPL","high":"293.77","amount":"293.76","period":"PT1M","low":"293.75","multiplier":"1","beginTime":"1640549862","endTime":"2019-12-31T18:13-05:00[America/New_York]","close":"293.75","open":"293.77"}
{"volume":"311.0","ticker":"AAPL","high":"293.75","amount":"293.75","period":"PT1M","low":"293.75","multiplier":"1","beginTime":"1640549862","endTime":"2019-12-31T18:16-05:00[America/New_York]","close":"293.75","open":"293.75"}
{"volume":"200.0","ticker":"AAPL","high":"293.8","amount":"293.8","period":"PT1M","low":"293.8","multiplier":"1","beginTime":"1640549862","endTime":"2019-12-31T18:26-05:00[America/New_York]","close":"293.8","open":"293.8"}
{"volume":"825.0","ticker":"AAPL","high":"293.8","amount":"293.7758","period":"PT1M","low":"293.76","multiplier":"1","beginTime":"1640549862","endTime":"2019-12-31T18:28-05:00[America/New_York]","close":"293.8","open":"293.76"}
{"volume":"300.0","ticker":"AAPL","high":"293.8","amount":"293.8","period":"PT1M","low":"293.8","multiplier":"1","beginTime":"1640549862","endTime":"2019-12-31T18:30-05:00[America/New_York]","close":"293.8","open":"293.8"}
{"volume":"2505.0","ticker":"AAPL","high":"293.84","amount":"293.8192","period":"PT1M","low":"293.8","multiplier":"1","beginTime":"1640549862","endTime":"2019-12-31T18:31-05:00[America/New_York]","close":"293.84","open":"293.8"}
{"volume":"1805.0","ticker":"AAPL","high":"293.84","amount":"293.8382","period":"PT1M","low":"293.83","multiplier":"1","beginTime":"1640549862","endTime":"2019-12-31T18:33-05:00[America/New_York]","close":"293.84","open":"293.83"}
{"volume":"1000.0","ticker":"AAPL","high":"293.84","amount":"293.837","period":"PT1M","low":"293.83","multiplier":"1","beginTime":"1640549862","endTime":"2019-12-31T18:35-05:00[America/New_York]","close":"293.84","open":"293.84"}
{"volume":"180.0","ticker":"AAPL","high":"293.8","amount":"293.8","period":"PT1M","low":"293.8","multiplier":"1","beginTime":"1640549862","endTime":"2019-12-31T18:37-05:00[America/New_York]","close":"293.8","open":"293.8"}
{"volume":"1000.0","ticker":"AAPL","high":"293.84","amount":"293.837","period":"PT1M","low":"293.83","multiplier":"1","beginTime":"1640549862","endTime":"2019-12-31T18:43-05:00[America/New_York]","close":"293.84","open":"293.83"}
{"volume":"500.0","ticker":"AAPL","high":"293.8","amount":"293.8","period":"PT1M","low":"293.8","multiplier":"1","beginTime":"1640549862","endTime":"2019-12-31T18:48-05:00[America/New_York]","close":"293.8","open":"293.8"}
{"volume":"758.0","ticker":"AAPL","high":"293.83","amount":"293.8072","period":"PT1M","low":"293.8","multiplier":"1","beginTime":"1640549862","endTime":"2019-12-31T18:50-05:00[America/New_York]","close":"293.8","open":"293.83"}
{"volume":"555.0","ticker":"AAPL","high":"293.82","amount":"293.8187","period":"PT1M","low":"293.82","multiplier":"1","beginTime":"1640549862","endTime":"2019-12-31T18:53-05:00[America/New_York]","close":"293.82","open":"293.82"}
{"volume":"141.0","ticker":"AAPL","high":"293.81","amount":"293.81","period":"PT1M","low":"293.81","multiplier":"1","beginTime":"1640549862","endTime":"2019-12-31T18:55-05:00[America/New_York]","close":"293.81","open":"293.81"}
{"volume":"100.0","ticker":"AAPL","high":"293.81","amount":"293.81","period":"PT1M","low":"293.81","multiplier":"1","beginTime":"1640549862","endTime":"2019-12-31T18:56-05:00[America/New_York]","close":"293.81","open":"293.81"}
{"volume":"14875.0","ticker":"AAPL","high":"293.83","amount":"293.4678","period":"PT1M","low":"293.1","multiplier":"1","beginTime":"1640549862","endTime":"2019-12-31T19:00-05:00[America/New_York]","close":"293.83","open":"293.76"}
{"volume":"230.0","ticker":"AAPL","high":"293.75","amount":"293.7517","period":"PT1M","low":"293.75","multiplier":"1","beginTime":"1640549862","endTime":"2019-12-31T19:01-05:00[America/New_York]","close":"293.75","open":"293.75"}
{"volume":"500.0","ticker":"AAPL","high":"293.66","amount":"293.668","period":"PT1M","low":"293.66","multiplier":"1","beginTime":"1640549862","endTime":"2019-12-31T19:03-05:00[America/New_York]","close":"293.66","open":"293.66"}
{"volume":"100.0","ticker":"AAPL","high":"293.8","amount":"293.8","period":"PT1M","low":"293.8","multiplier":"1","beginTime":"1640549862","endTime":"2019-12-31T19:12-05:00[America/New_York]","close":"293.8","open":"293.8"}
{"volume":"2600.0","ticker":"AAPL","high":"293.79","amount":"293.7303","period":"PT1M","low":"293.7","multiplier":"1","beginTime":"1640549862","endTime":"2019-12-31T19:14-05:00[America/New_York]","close":"293.7","open":"293.79"}
{"volume":"100.0","ticker":"AAPL","high":"293.75","amount":"293.75","period":"PT1M","low":"293.75","multiplier":"1","beginTime":"1640549862","endTime":"2019-12-31T19:19-05:00[America/New_York]","close":"293.75","open":"293.75"}
{"volume":"123.0","ticker":"AAPL","high":"293.75","amount":"293.75","period":"PT1M","low":"293.75","multiplier":"1","beginTime":"1640549862","endTime":"2019-12-31T19:20-05:00[America/New_York]","close":"293.75","open":"293.75"}
{"volume":"200.0","ticker":"AAPL","high":"293.75","amount":"293.75","period":"PT1M","low":"293.75","multiplier":"1","beginTime":"1640549862","endTime":"2019-12-31T19:21-05:00[America/New_York]","close":"293.75","open":"293.75"}
{"volume":"103.0","ticker":"AAPL","high":"293.71","amount":"293.7108","period":"PT1M","low":"293.71","multiplier":"1","beginTime":"1640549862","endTime":"2019-12-31T19:30-05:00[America/New_York]","close":"293.71","open":"293.71"}
{"volume":"115.0","ticker":"AAPL","high":"293.71","amount":"293.71","period":"PT1M","low":"293.71","multiplier":"1","beginTime":"1640549862","endTime":"2019-12-31T19:31-05:00[America/New_York]","close":"293.71","open":"293.71"}
{"volume":"3100.0","ticker":"AAPL","high":"293.71","amount":"293.7003","period":"PT1M","low":"293.7","multiplier":"1","beginTime":"1640549862","endTime":"2019-12-31T19:32-05:00[America/New_York]","close":"293.7","open":"293.71"}
{"volume":"446.0","ticker":"AAPL","high":"293.7","amount":"293.7","period":"PT1M","low":"293.7","multiplier":"1","beginTime":"1640549862","endTime":"2019-12-31T19:37-05:00[America/New_York]","close":"293.7","open":"293.7"}
{"volume":"3610.0","ticker":"AAPL","high":"293.79","amount":"293.7189","period":"PT1M","low":"293.71","multiplier":"1","beginTime":"1640549862","endTime":"2019-12-31T19:40-05:00[America/New_York]","close":"293.71","open":"293.79"}
{"volume":"232.0","ticker":"AAPL","high":"293.6999","amount":"293.6988","period":"PT1M","low":"293.6999","multiplier":"1","beginTime":"1640549862","endTime":"2019-12-31T19:42-05:00[America/New_York]","close":"293.6999","open":"293.6999"}
{"volume":"270.0","ticker":"AAPL","high":"293.69","amount":"293.69","period":"PT1M","low":"293.69","multiplier":"1","beginTime":"1640549862","endTime":"2019-12-31T19:44-05:00[America/New_York]","close":"293.69","open":"293.69"}
{"volume":"261.0","ticker":"AAPL","high":"293.69","amount":"293.69","period":"PT1M","low":"293.69","multiplier":"1","beginTime":"1640549862","endTime":"2019-12-31T19:45-05:00[America/New_York]","close":"293.69","open":"293.69"}
{"volume":"133.0","ticker":"AAPL","high":"293.69","amount":"293.6925","period":"PT1M","low":"293.69","multiplier":"1","beginTime":"1640549862","endTime":"2019-12-31T19:48-05:00[America/New_York]","close":"293.69","open":"293.69"}
{"volume":"2355.0","ticker":"AAPL","high":"293.68","amount":"293.6699","period":"PT1M","low":"293.66","multiplier":"1","beginTime":"1640549862","endTime":"2019-12-31T19:51-05:00[America/New_York]","close":"293.66","open":"293.68"}
{"volume":"3000.0","ticker":"AAPL","high":"293.7","amount":"293.7","period":"PT1M","low":"293.7","multiplier":"1","beginTime":"1640549862","endTime":"2019-12-31T19:55-05:00[America/New_York]","close":"293.7","open":"293.7"}
{"volume":"556.0","ticker":"AAPL","high":"293.7","amount":"293.6996","period":"PT1M","low":"293.7","multiplier":"1","beginTime":"1640549862","endTime":"2019-12-31T19:56-05:00[America/New_York]","close":"293.7","open":"293.7"}
{"volume":"752.0","ticker":"AAPL","high":"293.66","amount":"293.6531","period":"PT1M","low":"293.65","multiplier":"1","beginTime":"1640549862","endTime":"2019-12-31T19:58-05:00[America/New_York]","close":"293.65","open":"293.66"}
{"volume":"372.0","ticker":"AAPL","high":"293.68","amount":"293.6637","period":"PT1M","low":"293.64","multiplier":"1","beginTime":"1640549862","endTime":"2019-12-31T19:59-05:00[America/New_York]","close":"293.68","open":"293.64"}
{"volume":"8910.0","ticker":"AAPL","high":"295.08","amount":"295.0681","period":"PT1M","low":"295.05","multiplier":"1","beginTime":"1640549862","endTime":"2020-01-02T04:00-05:00[America/New_York]","close":"295.08","open":"295.05"}
{"volume":"719.0","ticker":"AAPL","high":"295.59","amount":"295.5377","period":"PT1M","low":"295.35","multiplier":"1","beginTime":"1640549862","endTime":"2020-01-02T04:06-05:00[America/New_York]","close":"295.59","open":"295.35"}
{"volume":"266.0","ticker":"AAPL","high":"295.55","amount":"295.559","period":"PT1M","low":"295.55","multiplier":"1","beginTime":"1640549862","endTime":"2020-01-02T04:08-05:00[America/New_York]","close":"295.55","open":"295.55"}
{"volume":"1410.0","ticker":"AAPL","high":"295.75","amount":"295.7383","period":"PT1M","low":"295.74","multiplier":"1","beginTime":"1640549862","endTime":"2020-01-02T04:09-05:00[America/New_York]","close":"295.75","open":"295.74"}
{"volume":"1000.0","ticker":"AAPL","high":"295.6","amount":"295.6","period":"PT1M","low":"295.6","multiplier":"1","beginTime":"1640549862","endTime":"2020-01-02T04:10-05:00[America/New_York]","close":"295.6","open":"295.6"}
{"volume":"507.0","ticker":"AAPL","high":"295.69","amount":"295.69","period":"PT1M","low":"295.69","multiplier":"1","beginTime":"1640549862","endTime":"2020-01-02T04:14-05:00[America/New_York]","close":"295.69","open":"295.69"}
{"volume":"164.0","ticker":"AAPL","high":"295.68","amount":"295.6566","period":"PT1M","low":"295.68","multiplier":"1","beginTime":"1640549862","endTime":"2020-01-02T04:15-05:00[America/New_York]","close":"295.68","open":"295.68"}
{"volume":"443.0","ticker":"AAPL","high":"295.74","amount":"295.7081","period":"PT1M","low":"295.68","multiplier":"1","beginTime":"1640549862","endTime":"2020-01-02T04:17-05:00[America/New_York]","close":"295.74","open":"295.68"}
{"volume":"1000.0","ticker":"AAPL","high":"295.65","amount":"295.625","period":"PT1M","low":"295.6","multiplier":"1","beginTime":"1640549862","endTime":"2020-01-02T04:20-05:00[America/New_York]","close":"295.65","open":"295.6"}
{"volume":"556.0","ticker":"AAPL","high":"295.7","amount":"295.7031","period":"PT1M","low":"295.7","multiplier":"1","beginTime":"1640549862","endTime":"2020-01-02T04:21-05:00[America/New_York]","close":"295.7","open":"295.7"}
{"volume":"927.0","ticker":"AAPL","high":"295.74","amount":"295.7482","period":"PT1M","low":"295.74","multiplier":"1","beginTime":"1640549862","endTime":"2020-01-02T04:24-05:00[America/New_York]","close":"295.74","open":"295.74"}
{"volume":"676.0","ticker":"AAPL","high":"295.74","amount":"295.7452","period":"PT1M","low":"295.74","multiplier":"1","beginTime":"1640549862","endTime":"2020-01-02T04:25-05:00[America/New_York]","close":"295.74","open":"295.74"}
{"volume":"638.0","ticker":"AAPL","high":"295.7","amount":"295.6755","period":"PT1M","low":"295.67","multiplier":"1","beginTime":"1640549862","endTime":"2020-01-02T04:30-05:00[America/New_York]","close":"295.67","open":"295.7"}
{"volume":"3303.0","ticker":"AAPL","high":"295.58","amount":"295.5616","period":"PT1M","low":"295.56","multiplier":"1","beginTime":"1640549862","endTime":"2020-01-02T04:32-05:00[America/New_York]","close":"295.56","open":"295.58"}
{"volume":"1119.0","ticker":"AAPL","high":"295.56","amount":"295.5528","period":"PT1M","low":"295.5","multiplier":"1","beginTime":"1640549862","endTime":"2020-01-02T04:33-05:00[America/New_York]","close":"295.56","open":"295.5"}
{"volume":"1403.0","ticker":"AAPL","high":"295.56","amount":"295.56","period":"PT1M","low":"295.56","multiplier":"1","beginTime":"1640549862","endTime":"2020-01-02T04:34-05:00[America/New_York]","close":"295.56","open":"295.56"}
{"volume":"700.0","ticker":"AAPL","high":"295.56","amount":"295.56","period":"PT1M","low":"295.56","multiplier":"1","beginTime":"1640549862","endTime":"2020-01-02T04:35-05:00[America/New_York]","close":"295.56","open":"295.56"}
{"volume":"609.0","ticker":"AAPL","high":"295.56","amount":"295.56","period":"PT1M","low":"295.56","multiplier":"1","beginTime":"1640549862","endTime":"2020-01-02T04:36-05:00[America/New_York]","close":"295.56","open":"295.56"}
{"volume":"289.0","ticker":"AAPL","high":"295.63","amount":"295.63","period":"PT1M","low":"295.63","multiplier":"1","beginTime":"1640549862","endTime":"2020-01-02T04:50-05:00[America/New_York]","close":"295.63","open":"295.63"}
{"volume":"1210.0","ticker":"AAPL","high":"295.74","amount":"295.7186","period":"PT1M","low":"295.67","multiplier":"1","beginTime":"1640549862","endTime":"2020-01-02T04:51-05:00[America/New_York]","close":"295.74","open":"295.67"}
{"volume":"289.0","ticker":"AAPL","high":"295.73","amount":"295.73","period":"PT1M","low":"295.73","multiplier":"1","beginTime":"1640549862","endTime":"2020-01-02T04:52-05:00[America/New_York]","close":"295.73","open":"295.73"}
{"volume":"1579.0","ticker":"AAPL","high":"295.88","amount":"295.7955","period":"PT1M","low":"295.75","multiplier":"1","beginTime":"1640549862","endTime":"2020-01-02T05:01-05:00[America/New_York]","close":"295.88","open":"295.75"}
{"volume":"765.0","ticker":"AAPL","high":"295.99","amount":"295.9564","period":"PT1M","low":"295.9","multiplier":"1","beginTime":"1640549862","endTime":"2020-01-02T05:13-05:00[America/New_York]","close":"295.99","open":"295.9"}
{"volume":"317.0","ticker":"AAPL","high":"296.0","amount":"295.9644","period":"PT1M","low":"296.0","multiplier":"1","beginTime":"1640549862","endTime":"2020-01-02T05:14-05:00[America/New_York]","close":"296.0","open":"296.0"}
{"volume":"100.0","ticker":"AAPL","high":"295.94","amount":"295.94","period":"PT1M","low":"295.94","multiplier":"1","beginTime":"1640549862","endTime":"2020-01-02T05:16-05:00[America/New_York]","close":"295.94","open":"295.94"}
{"volume":"396.0","ticker":"AAPL","high":"295.91","amount":"295.9114","period":"PT1M","low":"295.91","multiplier":"1","beginTime":"1640549862","endTime":"2020-01-02T05:19-05:00[America/New_York]","close":"295.91","open":"295.91"}
{"volume":"1650.0","ticker":"AAPL","high":"296.0","amount":"295.9939","period":"PT1M","low":"295.99","multiplier":"1","beginTime":"1640549862","endTime":"2020-01-02T05:27-05:00[America/New_York]","close":"295.99","open":"296.0"}
{"volume":"611.0","ticker":"AAPL","high":"295.99","amount":"295.9658","period":"PT1M","low":"295.92","multiplier":"1","beginTime":"1640549862","endTime":"2020-01-02T05:29-05:00[America/New_York]","close":"295.92","open":"295.99"}
{"volume":"492.0","ticker":"AAPL","high":"295.99","amount":"295.9391","period":"PT1M","low":"295.9","multiplier":"1","beginTime":"1640549862","endTime":"2020-01-02T05:30-05:00[America/New_York]","close":"295.9","open":"295.99"}
{"volume":"1131.0","ticker":"AAPL","high":"295.98","amount":"295.9787","period":"PT1M","low":"295.97","multiplier":"1","beginTime":"1640549862","endTime":"2020-01-02T05:35-05:00[America/New_York]","close":"295.98","open":"295.97"}
{"volume":"432.0","ticker":"AAPL","high":"295.98","amount":"295.9464","period":"PT1M","low":"295.93","multiplier":"1","beginTime":"1640549862","endTime":"2020-01-02T05:37-05:00[America/New_York]","close":"295.98","open":"295.93"}
{"volume":"290.0","ticker":"AAPL","high":"295.85","amount":"295.8108","period":"PT1M","low":"295.85","multiplier":"1","beginTime":"1640549862","endTime":"2020-01-02T05:39-05:00[America/New_York]","close":"295.85","open":"295.85"}
{"volume":"700.0","ticker":"AAPL","high":"295.9","amount":"295.8929","period":"PT1M","low":"295.89","multiplier":"1","beginTime":"1640549862","endTime":"2020-01-02T05:43-05:00[America/New_York]","close":"295.9","open":"295.89"}
{"volume":"507.0","ticker":"AAPL","high":"295.9","amount":"295.9","period":"PT1M","low":"295.9","multiplier":"1","beginTime":"1640549862","endTime":"2020-01-02T05:46-05:00[America/New_York]","close":"295.9","open":"295.9"}
{"volume":"465.0","ticker":"AAPL","high":"295.9","amount":"295.9","period":"PT1M","low":"295.9","multiplier":"1","beginTime":"1640549862","endTime":"2020-01-02T05:48-05:00[America/New_York]","close":"295.9","open":"295.9"}
{"volume":"1171.0","ticker":"AAPL","high":"296.0","amount":"295.9799","period":"PT1M","low":"295.96","multiplier":"1","beginTime":"1640549862","endTime":"2020-01-02T05:49-05:00[America/New_York]","close":"296.0","open":"295.96"}
{"volume":"252.0","ticker":"AAPL","high":"295.8","amount":"295.8017","period":"PT1M","low":"295.8","multiplier":"1","beginTime":"1640549862","endTime":"2020-01-02T05:51-05:00[America/New_York]","close":"295.8","open":"295.8"}
{"volume":"300.0","ticker":"AAPL","high":"295.95","amount":"295.9367","period":"PT1M","low":"295.93","multiplier":"1","beginTime":"1640549862","endTime":"2020-01-02T05:53-05:00[America/New_York]","close":"295.95","open":"295.93"}
{"volume":"286.0","ticker":"AAPL","high":"296.0","amount":"295.9708","period":"PT1M","low":"295.95","multiplier":"1","beginTime":"1640549862","endTime":"2020-01-02T05:54-05:00[America/New_York]","close":"296.0","open":"295.95"}
{"volume":"1436.0","ticker":"AAPL","high":"296.0","amount":"296.006","period":"PT1M","low":"296.0","multiplier":"1","beginTime":"1640549862","endTime":"2020-01-02T05:55-05:00[America/New_York]","close":"296.0","open":"296.0"}
{"volume":"300.0","ticker":"AAPL","high":"296.0","amount":"296.011","period":"PT1M","low":"296.0","multiplier":"1","beginTime":"1640549862","endTime":"2020-01-02T05:56-05:00[America/New_York]","close":"296.0","open":"296.0"}
{"volume":"290.0","ticker":"AAPL","high":"296.05","amount":"296.0586","period":"PT1M","low":"296.05","multiplier":"1","beginTime":"1640549862","endTime":"2020-01-02T05:57-05:00[America/New_York]","close":"296.05","open":"296.05"}
{"volume":"2073.0","ticker":"AAPL","high":"296.0","amount":"296.0005","period":"PT1M","low":"296.0","multiplier":"1","beginTime":"1640549862","endTime":"2020-01-02T05:58-05:00[America/New_York]","close":"296.0","open":"296.0"}
{"volume":"1050.0","ticker":"AAPL","high":"295.77","amount":"295.7653","period":"PT1M","low":"295.75","multiplier":"1","beginTime":"1640549862","endTime":"2020-01-02T06:00-05:00[America/New_York]","close":"295.75","open":"295.75"}
{"volume":"100.0","ticker":"AAPL","high":"295.76","amount":"295.76","period":"PT1M","low":"295.76","multiplier":"1","beginTime":"1640549862","endTime":"2020-01-02T06:01-05:00[America/New_York]","close":"295.76","open":"295.76"}
{"volume":"1075.0","ticker":"AAPL","high":"295.7","amount":"295.6462","period":"PT1M","low":"295.55","multiplier":"1","beginTime":"1640549862","endTime":"2020-01-02T06:04-05:00[America/New_York]","close":"295.56","open":"295.7"}
{"volume":"250.0","ticker":"AAPL","high":"295.56","amount":"295.5624","period":"PT1M","low":"295.56","multiplier":"1","beginTime":"1640549862","endTime":"2020-01-02T06:05-05:00[America/New_York]","close":"295.56","open":"295.56"}
{"volume":"1206.0","ticker":"AAPL","high":"295.84","amount":"295.8233","period":"PT1M","low":"295.79","multiplier":"1","beginTime":"1640549862","endTime":"2020-01-02T06:12-05:00[America/New_York]","close":"295.84","open":"295.8"}
{"volume":"156.0","ticker":"AAPL","high":"295.72","amount":"295.7151","period":"PT1M","low":"295.72","multiplier":"1","beginTime":"1640549862","endTime":"2020-01-02T06:13-05:00[America/New_York]","close":"295.72","open":"295.72"}
{"volume":"1480.0","ticker":"AAPL","high":"295.85","amount":"295.7445","period":"PT1M","low":"295.6","multiplier":"1","beginTime":"1640549862","endTime":"2020-01-02T06:15-05:00[America/New_York]","close":"295.85","open":"295.6"}
{"volume":"579.0","ticker":"AAPL","high":"295.63","amount":"295.616","period":"PT1M","low":"295.55","multiplier":"1","beginTime":"1640549862","endTime":"2020-01-02T06:18-05:00[America/New_York]","close":"295.55","open":"295.63"}
{"volume":"275.0","ticker":"AAPL","high":"295.6","amount":"295.6251","period":"PT1M","low":"295.6","multiplier":"1","beginTime":"1640549862","endTime":"2020-01-02T06:19-05:00[America/New_York]","close":"295.6","open":"295.6"}
{"volume":"480.0","ticker":"AAPL","high":"295.57","amount":"295.5608","period":"PT1M","low":"295.55","multiplier":"1","beginTime":"1640549862","endTime":"2020-01-02T06:21-05:00[America/New_York]","close":"295.55","open":"295.57"}
{"volume":"255.0","ticker":"AAPL","high":"295.52","amount":"295.533","period":"PT1M","low":"295.52","multiplier":"1","beginTime":"1640549862","endTime":"2020-01-02T06:22-05:00[America/New_York]","close":"295.52","open":"295.52"}
{"volume":"637.0","ticker":"AAPL","high":"295.52","amount":"295.5104","period":"PT1M","low":"295.5","multiplier":"1","beginTime":"1640549862","endTime":"2020-01-02T06:23-05:00[America/New_York]","close":"295.5","open":"295.52"}
{"volume":"326.0","ticker":"AAPL","high":"295.51","amount":"295.5154","period":"PT1M","low":"295.5","multiplier":"1","beginTime":"1640549862","endTime":"2020-01-02T06:33-05:00[America/New_York]","close":"295.5","open":"295.51"}
{"volume":"1412.0","ticker":"AAPL","high":"295.51","amount":"295.5029","period":"PT1M","low":"295.5","multiplier":"1","beginTime":"1640549862","endTime":"2020-01-02T06:34-05:00[America/New_York]","close":"295.51","open":"295.5"}
{"volume":"500.0","ticker":"AAPL","high":"295.46","amount":"295.48","period":"PT1M","low":"295.46","multiplier":"1","beginTime":"1640549862","endTime":"2020-01-02T06:35-05:00[America/New_York]","close":"295.46","open":"295.46"}
{"volume":"150.0","ticker":"AAPL","high":"295.51","amount":"295.51","period":"PT1M","low":"295.51","multiplier":"1","beginTime":"1640549862","endTime":"2020-01-02T06:40-05:00[America/New_York]","close":"295.51","open":"295.51"}
{"volume":"100.0","ticker":"AAPL","high":"295.52","amount":"295.52","period":"PT1M","low":"295.52","multiplier":"1","beginTime":"1640549862","endTime":"2020-01-02T06:43-05:00[America/New_York]","close":"295.52","open":"295.52"}
{"volume":"300.0","ticker":"AAPL","high":"295.5","amount":"295.5086","period":"PT1M","low":"295.5","multiplier":"1","beginTime":"1640549862","endTime":"2020-01-02T06:45-05:00[America/New_York]","close":"295.5","open":"295.5"}
{"volume":"139.0","ticker":"AAPL","high":"295.59","amount":"295.5535","period":"PT1M","low":"295.59","multiplier":"1","beginTime":"1640549862","endTime":"2020-01-02T06:46-05:00[America/New_York]","close":"295.59","open":"295.59"}
{"volume":"170.0","ticker":"AAPL","high":"295.5","amount":"295.5","period":"PT1M","low":"295.5","multiplier":"1","beginTime":"1640549862","endTime":"2020-01-02T06:48-05:00[America/New_York]","close":"295.5","open":"295.5"}
{"volume":"250.0","ticker":"AAPL","high":"295.47","amount":"295.368","period":"PT1M","low":"295.3","multiplier":"1","beginTime":"1640549862","endTime":"2020-01-02T06:50-05:00[America/New_York]","close":"295.47","open":"295.3"}
{"volume":"1724.0","ticker":"AAPL","high":"295.46","amount":"295.4511","period":"PT1M","low":"295.45","multiplier":"1","beginTime":"1640549862","endTime":"2020-01-02T06:54-05:00[America/New_York]","close":"295.45","open":"295.46"}
{"volume":"2047.0","ticker":"AAPL","high":"295.45","amount":"295.45","period":"PT1M","low":"295.45","multiplier":"1","beginTime":"1640549862","endTime":"2020-01-02T06:55-05:00[America/New_York]","close":"295.45","open":"295.45"}
{"volume":"229.0","ticker":"AAPL","high":"295.51","amount":"295.5066","period":"PT1M","low":"295.51","multiplier":"1","beginTime":"1640549862","endTime":"2020-01-02T06:56-05:00[America/New_York]","close":"295.51","open":"295.51"}
{"volume":"19460.0","ticker":"AAPL","high":"295.74","amount":"295.4477","period":"PT1M","low":"295.13","multiplier":"1","beginTime":"1640549862","endTime":"2020-01-02T07:00-05:00[America/New_York]","close":"295.69","open":"295.5"}
{"volume":"1905.0","ticker":"AAPL","high":"295.67","amount":"295.6529","period":"PT1M","low":"295.63","multiplier":"1","beginTime":"1640549862","endTime":"2020-01-02T07:01-05:00[America/New_York]","close":"295.63","open":"295.66"}
{"volume":"3462.0","ticker":"AAPL","high":"295.7","amount":"295.6878","period":"PT1M","low":"295.65","multiplier":"1","beginTime":"1640549862","endTime":"2020-01-02T07:02-05:00[America/New_York]","close":"295.7","open":"295.65"}
{"volume":"4224.0","ticker":"AAPL","high":"295.78","amount":"295.7401","period":"PT1M","low":"295.7","multiplier":"1","beginTime":"1640549862","endTime":"2020-01-02T07:03-05:00[America/New_York]","close":"295.75","open":"295.7"}
{"volume":"2079.0","ticker":"AAPL","high":"295.9","amount":"295.7881","period":"PT1M","low":"295.76","multiplier":"1","beginTime":"1640549862","endTime":"2020-01-02T07:04-05:00[America/New_York]","close":"295.76","open":"295.9"}
{"volume":"976.0","ticker":"AAPL","high":"295.83","amount":"295.7545","period":"PT1M","low":"295.7","multiplier":"1","beginTime":"1640549862","endTime":"2020-01-02T07:05-05:00[America/New_York]","close":"295.83","open":"295.75"}
{"volume":"546.0","ticker":"AAPL","high":"295.8","amount":"295.7866","period":"PT1M","low":"295.76","multiplier":"1","beginTime":"1640549862","endTime":"2020-01-02T07:06-05:00[America/New_York]","close":"295.76","open":"295.79"}
{"volume":"731.0","ticker":"AAPL","high":"295.78","amount":"295.7284","period":"PT1M","low":"295.78","multiplier":"1","beginTime":"1640549862","endTime":"2020-01-02T07:07-05:00[America/New_York]","close":"295.78","open":"295.78"}
{"volume":"267.0","ticker":"AAPL","high":"295.84","amount":"295.8494","period":"PT1M","low":"295.84","multiplier":"1","beginTime":"1640549862","endTime":"2020-01-02T07:08-05:00[America/New_York]","close":"295.84","open":"295.84"}
{"volume":"2675.0","ticker":"AAPL","high":"295.8","amount":"295.7316","period":"PT1M","low":"295.7","multiplier":"1","beginTime":"1640549862","endTime":"2020-01-02T07:09-05:00[America/New_York]","close":"295.7","open":"295.8"}
{"volume":"870.0","ticker":"AAPL","high":"295.75","amount":"295.7497","period":"PT1M","low":"295.74","multiplier":"1","beginTime":"1640549862","endTime":"2020-01-02T07:10-05:00[America/New_York]","close":"295.75","open":"295.75"}
{"volume":"361.0","ticker":"AAPL","high":"295.84","amount":"295.8235","period":"PT1M","low":"295.8","multiplier":"1","beginTime":"1640549862","endTime":"2020-01-02T07:11-05:00[America/New_York]","close":"295.8","open":"295.83"}
{"volume":"1960.0","ticker":"AAPL","high":"295.85","amount":"295.8503","period":"PT1M","low":"295.85","multiplier":"1","beginTime":"1640549862","endTime":"2020-01-02T07:12-05:00[America/New_York]","close":"295.85","open":"295.85"}
{"volume":"6915.0","ticker":"AAPL","high":"295.9","amount":"295.8655","period":"PT1M","low":"295.79","multiplier":"1","beginTime":"1640549862","endTime":"2020-01-02T07:13-05:00[America/New_York]","close":"295.79","open":"295.83"}
{"volume":"4729.0","ticker":"AAPL","high":"295.8","amount":"295.7558","period":"PT1M","low":"295.7","multiplier":"1","beginTime":"1640549862","endTime":"2020-01-02T07:14-05:00[America/New_York]","close":"295.7","open":"295.76"}
{"volume":"1373.0","ticker":"AAPL","high":"295.7","amount":"295.6983","period":"PT1M","low":"295.69","multiplier":"1","beginTime":"1640549862","endTime":"2020-01-02T07:15-05:00[America/New_York]","close":"295.7","open":"295.7"}
{"volume":"502.0","ticker":"AAPL","high":"295.79","amount":"295.7654","period":"PT1M","low":"295.74","multiplier":"1","beginTime":"1640549862","endTime":"2020-01-02T07:16-05:00[America/New_York]","close":"295.74","open":"295.79"}
{"volume":"1315.0","ticker":"AAPL","high":"295.7","amount":"295.6909","period":"PT1M","low":"295.69","multiplier":"1","beginTime":"1640549862","endTime":"2020-01-02T07:17-05:00[America/New_York]","close":"295.69","open":"295.7"}
{"volume":"1835.0","ticker":"AAPL","high":"295.69","amount":"295.6865","period":"PT1M","low":"295.68","multiplier":"1","beginTime":"1640549862","endTime":"2020-01-02T07:18-05:00[America/New_York]","close":"295.69","open":"295.69"}
{"volume":"3138.0","ticker":"AAPL","high":"295.69","amount":"295.6481","period":"PT1M","low":"295.6","multiplier":"1","beginTime":"1640549862","endTime":"2020-01-02T07:19-05:00[America/New_York]","close":"295.65","open":"295.69"}
{"volume":"4062.0","ticker":"AAPL","high":"295.7","amount":"295.6473","period":"PT1M","low":"295.56","multiplier":"1","beginTime":"1640549862","endTime":"2020-01-02T07:20-05:00[America/New_York]","close":"295.7","open":"295.65"}
{"volume":"2129.0","ticker":"AAPL","high":"295.8","amount":"295.7853","period":"PT1M","low":"295.75","multiplier":"1","beginTime":"1640549862","endTime":"2020-01-02T07:21-05:00[America/New_York]","close":"295.8","open":"295.75"}
{"volume":"682.0","ticker":"AAPL","high":"295.8","amount":"295.7798","period":"PT1M","low":"295.72","multiplier":"1","beginTime":"1640549862","endTime":"2020-01-02T07:22-05:00[America/New_York]","close":"295.72","open":"295.8"}
{"volume":"2575.0","ticker":"AAPL","high":"295.86","amount":"295.8055","period":"PT1M","low":"295.79","multiplier":"1","beginTime":"1640549862","endTime":"2020-01-02T07:23-05:00[America/New_York]","close":"295.86","open":"295.8"}
{"volume":"9680.0","ticker":"AAPL","high":"295.95","amount":"295.9368","period":"PT1M","low":"295.9","multiplier":"1","beginTime":"1640549862","endTime":"2020-01-02T07:24-05:00[America/New_York]","close":"295.94","open":"295.93"}
{"volume":"2897.0","ticker":"AAPL","high":"296.08","amount":"295.9916","period":"PT1M","low":"295.93","multiplier":"1","beginTime":"1640549862","endTime":"2020-01-02T07:25-05:00[America/New_York]","close":"296.01","open":"295.98"}
{"volume":"2522.0","ticker":"AAPL","high":"296.08","amount":"296.0507","period":"PT1M","low":"296.01","multiplier":"1","beginTime":"1640549862","endTime":"2020-01-02T07:26-05:00[America/New_York]","close":"296.07","open":"296.05"}
{"volume":"3831.0","ticker":"AAPL","high":"296.04","amount":"295.9968","period":"PT1M","low":"295.91","multiplier":"1","beginTime":"1640549862","endTime":"2020-01-02T07:27-05:00[America/New_York]","close":"296.0","open":"296.04"}
{"volume":"715.0","ticker":"AAPL","high":"295.97","amount":"295.9531","period":"PT1M","low":"295.95","multiplier":"1","beginTime":"1640549862","endTime":"2020-01-02T07:28-05:00[America/New_York]","close":"295.95","open":"295.97"}
{"volume":"2182.0","ticker":"AAPL","high":"295.95","amount":"295.9063","period":"PT1M","low":"295.84","multiplier":"1","beginTime":"1640549862","endTime":"2020-01-02T07:29-05:00[America/New_York]","close":"295.95","open":"295.92"}
{"volume":"519.0","ticker":"AAPL","high":"295.9","amount":"295.8879","period":"PT1M","low":"295.9","multiplier":"1","beginTime":"1640549862","endTime":"2020-01-02T07:30-05:00[America/New_York]","close":"295.9","open":"295.9"}
{"volume":"3098.0","ticker":"AAPL","high":"296.05","amount":"295.9714","period":"PT1M","low":"295.91","multiplier":"1","beginTime":"1640549862","endTime":"2020-01-02T07:31-05:00[America/New_York]","close":"296.05","open":"295.93"}
{"volume":"1978.0","ticker":"AAPL","high":"296.05","amount":"296.0221","period":"PT1M","low":"296.0","multiplier":"1","beginTime":"1640549862","endTime":"2020-01-02T07:32-05:00[America/New_York]","close":"296.0","open":"296.0"}
{"volume":"7333.0","ticker":"AAPL","high":"296.05","amount":"295.9881","period":"PT1M","low":"295.81","multiplier":"1","beginTime":"1640549862","endTime":"2020-01-02T07:33-05:00[America/New_York]","close":"295.81","open":"296.0"}
{"volume":"1503.0","ticker":"AAPL","high":"296.1","amount":"296.0477","period":"PT1M","low":"295.99","multiplier":"1","beginTime":"1640549862","endTime":"2020-01-02T07:34-05:00[America/New_York]","close":"296.05","open":"295.99"}
{"volume":"467.0","ticker":"AAPL","high":"296.1","amount":"296.0561","period":"PT1M","low":"296.03","multiplier":"1","beginTime":"1640549862","endTime":"2020-01-02T07:35-05:00[America/New_York]","close":"296.05","open":"296.03"}
{"volume":"2398.0","ticker":"AAPL","high":"296.1","amount":"296.0654","period":"PT1M","low":"295.95","multiplier":"1","beginTime":"1640549862","endTime":"2020-01-02T07:36-05:00[America/New_York]","close":"295.95","open":"296.01"}
{"volume":"535.0","ticker":"AAPL","high":"296.0","amount":"296.0026","period":"PT1M","low":"296.0","multiplier":"1","beginTime":"1640549862","endTime":"2020-01-02T07:38-05:00[America/New_York]","close":"296.0","open":"296.0"}
{"volume":"1242.0","ticker":"AAPL","high":"296.05","amount":"296.0461","period":"PT1M","low":"296.04","multiplier":"1","beginTime":"1640549862","endTime":"2020-01-02T07:39-05:00[America/New_York]","close":"296.05","open":"296.04"}
{"volume":"5482.0","ticker":"AAPL","high":"296.1","amount":"296.0449","period":"PT1M","low":"295.99","multiplier":"1","beginTime":"1640549862","endTime":"2020-01-02T07:40-05:00[America/New_York]","close":"295.99","open":"296.05"}
{"volume":"610.0","ticker":"AAPL","high":"296.08","amount":"296.0491","period":"PT1M","low":"296.08","multiplier":"1","beginTime":"1640549862","endTime":"2020-01-02T07:42-05:00[America/New_York]","close":"296.08","open":"296.08"}
{"volume":"431.0","ticker":"AAPL","high":"295.98","amount":"295.9916","period":"PT1M","low":"295.98","multiplier":"1","beginTime":"1640549862","endTime":"2020-01-02T07:43-05:00[America/New_York]","close":"295.98","open":"295.98"}
{"volume":"552.0","ticker":"AAPL","high":"295.94","amount":"295.9334","period":"PT1M","low":"295.92","multiplier":"1","beginTime":"1640549862","endTime":"2020-01-02T07:44-05:00[America/New_York]","close":"295.92","open":"295.94"}
{"volume":"996.0","ticker":"AAPL","high":"296.0","amount":"295.9977","period":"PT1M","low":"295.99","multiplier":"1","beginTime":"1640549862","endTime":"2020-01-02T07:45-05:00[America/New_York]","close":"296.0","open":"295.99"}
{"volume":"1147.0","ticker":"AAPL","high":"296.07","amount":"296.06","period":"PT1M","low":"296.05","multiplier":"1","beginTime":"1640549862","endTime":"2020-01-02T07:46-05:00[America/New_York]","close":"296.05","open":"296.05"}
{"volume":"100.0","ticker":"AAPL","high":"296.05","amount":"296.05","period":"PT1M","low":"296.05","multiplier":"1","beginTime":"1640549862","endTime":"2020-01-02T07:47-05:00[America/New_York]","close":"296.05","open":"296.05"}
{"volume":"3214.0","ticker":"AAPL","high":"296.05","amount":"296.0422","period":"PT1M","low":"296.04","multiplier":"1","beginTime":"1640549862","endTime":"2020-01-02T07:48-05:00[America/New_York]","close":"296.05","open":"296.04"}
{"volume":"232.0","ticker":"AAPL","high":"296.05","amount":"296.0528","period":"PT1M","low":"296.05","multiplier":"1","beginTime":"1640549862","endTime":"2020-01-02T07:49-05:00[America/New_York]","close":"296.05","open":"296.05"}
{"volume":"1919.0","ticker":"AAPL","high":"296.05","amount":"296.05","period":"PT1M","low":"296.05","multiplier":"1","beginTime":"1640549862","endTime":"2020-01-02T07:50-05:00[America/New_York]","close":"296.05","open":"296.05"}
{"volume":"2504.0","ticker":"AAPL","high":"296.1","amount":"296.0784","period":"PT1M","low":"296.07","multiplier":"1","beginTime":"1640549862","endTime":"2020-01-02T07:51-05:00[America/New_York]","close":"296.07","open":"296.07"}
{"volume":"345.0","ticker":"AAPL","high":"296.11","amount":"296.1166","period":"PT1M","low":"296.11","multiplier":"1","beginTime":"1640549862","endTime":"2020-01-02T07:52-05:00[America/New_York]","close":"296.11","open":"296.11"}
{"volume":"2721.0","ticker":"AAPL","high":"296.18","amount":"296.1226","period":"PT1M","low":"296.09","multiplier":"1","beginTime":"1640549862","endTime":"2020-01-02T07:53-05:00[America/New_York]","close":"296.14","open":"296.09"}
{"volume":"749.0","ticker":"AAPL","high":"296.12","amount":"296.1144","period":"PT1M","low":"296.11","multiplier":"1","beginTime":"1640549862","endTime":"2020-01-02T07:54-05:00[America/New_York]","close":"296.11","open":"296.12"}
{"volume":"781.0","ticker":"AAPL","high":"296.14","amount":"296.1204","period":"PT1M","low":"296.11","multiplier":"1","beginTime":"1640549862","endTime":"2020-01-02T07:55-05:00[America/New_York]","close":"296.14","open":"296.11"}
{"volume":"665.0","ticker":"AAPL","high":"296.08","amount":"296.0916","period":"PT1M","low":"296.08","multiplier":"1","beginTime":"1640549862","endTime":"2020-01-02T07:56-05:00[America/New_York]","close":"296.08","open":"296.08"}
{"volume":"241.0","ticker":"AAPL","high":"296.08","amount":"296.0813","period":"PT1M","low":"296.08","multiplier":"1","beginTime":"1640549862","endTime":"2020-01-02T07:57-05:00[America/New_York]","close":"296.08","open":"296.08"}
{"volume":"1198.0","ticker":"AAPL","high":"296.15","amount":"296.1313","period":"PT1M","low":"296.08","multiplier":"1","beginTime":"1640549862","endTime":"2020-01-02T07:58-05:00[America/New_York]","close":"296.15","open":"296.08"}
{"volume":"743.0","ticker":"AAPL","high":"296.15","amount":"296.1338","period":"PT1M","low":"296.1","multiplier":"1","beginTime":"1640549862","endTime":"2020-01-02T07:59-05:00[America/New_York]","close":"296.1","open":"296.14"}
{"volume":"28515.0","ticker":"AAPL","high":"296.19","amount":"295.8988","period":"PT1M","low":"295.435","multiplier":"1","beginTime":"1640549862","endTime":"2020-01-02T08:00-05:00[America/New_York]","close":"296.0977","open":"295.8898"}
{"volume":"2831.0","ticker":"AAPL","high":"296.15","amount":"296.1372","period":"PT1M","low":"296.09","multiplier":"1","beginTime":"1640549862","endTime":"2020-01-02T08:01-05:00[America/New_York]","close":"296.15","open":"296.1445"}
{"volume":"7792.0","ticker":"AAPL","high":"296.18","amount":"296.0604","period":"PT1M","low":"296.03","multiplier":"1","beginTime":"1640549862","endTime":"2020-01-02T08:02-05:00[America/New_York]","close":"296.03","open":"296.16"}
{"volume":"10633.0","ticker":"AAPL","high":"296.15","amount":"295.9934","period":"PT1M","low":"295.93","multiplier":"1","beginTime":"1640549862","endTime":"2020-01-02T08:03-05:00[America/New_York]","close":"295.93","open":"296.1499"}
{"volume":"1601.0","ticker":"AAPL","high":"296.03","amount":"295.96","period":"PT1M","low":"295.9","multiplier":"1","beginTime":"1640549862","endTime":"2020-01-02T08:04-05:00[America/New_York]","close":"296.03","open":"295.97"}
{"volume":"1643.0","ticker":"AAPL","high":"296.01","amount":"295.9861","period":"PT1M","low":"295.93","multiplier":"1","beginTime":"1640549862","endTime":"2020-01-02T08:05-05:00[America/New_York]","close":"295.95","open":"296.01"}
{"volume":"2215.0","ticker":"AAPL","high":"296.0","amount":"295.9931","period":"PT1M","low":"295.98","multiplier":"1","beginTime":"1640549862","endTime":"2020-01-02T08:06-05:00[America/New_York]","close":"295.98","open":"296.0"}
{"volume":"669.0","ticker":"AAPL","high":"296.01","amount":"295.9898","period":"PT1M","low":"295.98","multiplier":"1","beginTime":"1640549862","endTime":"2020-01-02T08:07-05:00[America/New_York]","close":"296.0","open":"296.01"}
{"volume":"3610.0","ticker":"AAPL","high":"296.15","amount":"296.0613","period":"PT1M","low":"296.0","multiplier":"1","beginTime":"1640549862","endTime":"2020-01-02T08:08-05:00[America/New_York]","close":"296.1","open":"296.0"}
{"volume":"1404.0","ticker":"AAPL","high":"296.1","amount":"296.0792","period":"PT1M","low":"296.0699","multiplier":"1","beginTime":"1640549862","endTime":"2020-01-02T08:09-05:00[America/New_York]","close":"296.1","open":"296.0699"}
{"volume":"425.0","ticker":"AAPL","high":"296.1","amount":"296.0911","period":"PT1M","low":"296.08","multiplier":"1","beginTime":"1640549862","endTime":"2020-01-02T08:10-05:00[America/New_York]","close":"296.08","open":"296.1"}
{"volume":"12522.0","ticker":"AAPL","high":"296.25","amount":"296.1688","period":"PT1M","low":"296.05","multiplier":"1","beginTime":"1640549862","endTime":"2020-01-02T08:11-05:00[America/New_York]","close":"296.25","open":"296.07"}
{"volume":"1576.0","ticker":"AAPL","high":"296.25","amount":"296.1447","period":"PT1M","low":"296.12","multiplier":"1","beginTime":"1640549862","endTime":"2020-01-02T08:12-05:00[America/New_York]","close":"296.12","open":"296.25"}
{"volume":"7729.0","ticker":"AAPL","high":"296.15","amount":"296.1048","period":"PT1M","low":"296.05","multiplier":"1","beginTime":"1640549862","endTime":"2020-01-02T08:13-05:00[America/New_York]","close":"296.15","open":"296.05"}
{"volume":"2443.0","ticker":"AAPL","high":"296.15","amount":"296.1142","period":"PT1M","low":"296.03","multiplier":"1","beginTime":"1640549862","endTime":"2020-01-02T08:14-05:00[America/New_York]","close":"296.15","open":"296.12"}
{"volume":"16302.0","ticker":"AAPL","high":"296.2","amount":"296.1086","period":"PT1M","low":"296.03","multiplier":"1","beginTime":"1640549862","endTime":"2020-01-02T08:15-05:00[America/New_York]","close":"296.1","open":"296.15"}
{"volume":"1600.0","ticker":"AAPL","high":"296.17","amount":"296.1183","period":"PT1M","low":"296.1","multiplier":"1","beginTime":"1640549862","endTime":"2020-01-02T08:16-05:00[America/New_York]","close":"296.1","open":"296.1"}
{"volume":"2681.0","ticker":"AAPL","high":"296.13","amount":"296.0934","period":"PT1M","low":"296.06","multiplier":"1","beginTime":"1640549862","endTime":"2020-01-02T08:17-05:00[America/New_York]","close":"296.13","open":"296.1"}
{"volume":"900.0","ticker":"AAPL","high":"296.13","amount":"296.1264","period":"PT1M","low":"296.12","multiplier":"1","beginTime":"1640549862","endTime":"2020-01-02T08:19-05:00[America/New_York]","close":"296.13","open":"296.12"}
{"volume":"888.0","ticker":"AAPL","high":"296.13","amount":"296.0837","period":"PT1M","low":"296.05","multiplier":"1","beginTime":"1640549862","endTime":"2020-01-02T08:20-05:00[America/New_York]","close":"296.08","open":"296.13"}
{"volume":"301.0","ticker":"AAPL","high":"296.11","amount":"296.1088","period":"PT1M","low":"296.11","multiplier":"1","beginTime":"1640549862","endTime":"2020-01-02T08:21-05:00[America/New_York]","close":"296.11","open":"296.11"}
{"volume":"1149.0","ticker":"AAPL","high":"296.17","amount":"296.1634","period":"PT1M","low":"296.16","multiplier":"1","beginTime":"1640549862","endTime":"2020-01-02T08:22-05:00[America/New_York]","close":"296.17","open":"296.16"}
{"volume":"2748.0","ticker":"AAPL","high":"296.2","amount":"296.1865","period":"PT1M","low":"296.17","multiplier":"1","beginTime":"1640549862","endTime":"2020-01-02T08:23-05:00[America/New_York]","close":"296.19","open":"296.19"}
{"volume":"1319.0","ticker":"AAPL","high":"296.2","amount":"296.1958","period":"PT1M","low":"296.1125","multiplier":"1","beginTime":"1640549862","endTime":"2020-01-02T08:24-05:00[America/New_York]","close":"296.2","open":"296.1125"}
{"volume":"1817.0","ticker":"AAPL","high":"296.25","amount":"296.2452","period":"PT1M","low":"296.22","multiplier":"1","beginTime":"1640549862","endTime":"2020-01-02T08:25-05:00[America/New_York]","close":"296.25","open":"296.23"}
{"volume":"3753.0","ticker":"AAPL","high":"296.37","amount":"296.2764","period":"PT1M","low":"296.24","multiplier":"1","beginTime":"1640549862","endTime":"2020-01-02T08:26-05:00[America/New_York]","close":"296.26","open":"296.3"}
{"volume":"2755.0","ticker":"AAPL","high":"296.31","amount":"296.3004","period":"PT1M","low":"296.28","multiplier":"1","beginTime":"1640549862","endTime":"2020-01-02T08:27-05:00[America/New_York]","close":"296.3","open":"296.28"}
{"volume":"1162.0","ticker":"AAPL","high":"296.37","amount":"296.3327","period":"PT1M","low":"296.31","multiplier":"1","beginTime":"1640549862","endTime":"2020-01-02T08:28-05:00[America/New_York]","close":"296.31","open":"296.37"}
{"volume":"2622.0","ticker":"AAPL","high":"296.3","amount":"296.2658","period":"PT1M","low":"296.19","multiplier":"1","beginTime":"1640549862","endTime":"2020-01-02T08:29-05:00[America/New_York]","close":"296.21","open":"296.3"}
{"volume":"969.0","ticker":"AAPL","high":"296.29","amount":"296.2381","period":"PT1M","low":"296.1936","multiplier":"1","beginTime":"1640549862","endTime":"2020-01-02T08:30-05:00[America/New_York]","close":"296.25","open":"296.1936"}
{"volume":"2422.0","ticker":"AAPL","high":"296.2638","amount":"296.2105","period":"PT1M","low":"296.19","multiplier":"1","beginTime":"1640549862","endTime":"2020-01-02T08:31-05:00[America/New_York]","close":"296.2638","open":"296.25"}
{"volume":"626.0","ticker":"AAPL","high":"296.34","amount":"296.2864","period":"PT1M","low":"296.25","multiplier":"1","beginTime":"1640549862","endTime":"2020-01-02T08:32-05:00[America/New_York]","close":"296.34","open":"296.25"}
{"volume":"1054.0","ticker":"AAPL","high":"296.33","amount":"296.2993","period":"PT1M","low":"296.25","multiplier":"1","beginTime":"1640549862","endTime":"2020-01-02T08:33-05:00[America/New_York]","close":"296.33","open":"296.25"}
{"volume":"3655.0","ticker":"AAPL","high":"296.35","amount":"296.3147","period":"PT1M","low":"296.25","multiplier":"1","beginTime":"1640549862","endTime":"2020-01-02T08:34-05:00[America/New_York]","close":"296.35","open":"296.3"}
{"volume":"1460.0","ticker":"AAPL","high":"296.3499","amount":"296.2657","period":"PT1M","low":"296.24","multiplier":"1","beginTime":"1640549862","endTime":"2020-01-02T08:35-05:00[America/New_York]","close":"296.24","open":"296.3499"}
{"volume":"1048.0","ticker":"AAPL","high":"296.25","amount":"296.2384","period":"PT1M","low":"296.23","multiplier":"1","beginTime":"1640549862","endTime":"2020-01-02T08:36-05:00[America/New_York]","close":"296.25","open":"296.2301"}
{"volume":"2391.0","ticker":"AAPL","high":"296.3","amount":"296.2334","period":"PT1M","low":"296.15","multiplier":"1","beginTime":"1640549862","endTime":"2020-01-02T08:37-05:00[America/New_York]","close":"296.15","open":"296.25"}
{"volume":"1132.0","ticker":"AAPL","high":"296.23","amount":"296.1777","period":"PT1M","low":"296.12","multiplier":"1","beginTime":"1640549862","endTime":"2020-01-02T08:38-05:00[America/New_York]","close":"296.12","open":"296.23"}
{"volume":"2443.0","ticker":"AAPL","high":"296.2","amount":"296.1469","period":"PT1M","low":"296.11","multiplier":"1","beginTime":"1640549862","endTime":"2020-01-02T08:39-05:00[America/New_York]","close":"296.15","open":"296.11"}
{"volume":"1067.0","ticker":"AAPL","high":"296.25","amount":"296.2235","period":"PT1M","low":"296.2","multiplier":"1","beginTime":"1640549862","endTime":"2020-01-02T08:40-05:00[America/New_York]","close":"296.2","open":"296.22"}
{"volume":"1195.0","ticker":"AAPL","high":"296.25","amount":"296.2513","period":"PT1M","low":"296.25","multiplier":"1","beginTime":"1640549862","endTime":"2020-01-02T08:41-05:00[America/New_York]","close":"296.25","open":"296.25"}
{"volume":"4962.0","ticker":"AAPL","high":"296.44","amount":"296.3548","period":"PT1M","low":"296.29","multiplier":"1","beginTime":"1640549862","endTime":"2020-01-02T08:42-05:00[America/New_York]","close":"296.44","open":"296.29"}
{"volume":"854.0","ticker":"AAPL","high":"296.4","amount":"296.384","period":"PT1M","low":"296.35","multiplier":"1","beginTime":"1640549862","endTime":"2020-01-02T08:43-05:00[America/New_York]","close":"296.35","open":"296.39"}
{"volume":"3133.0","ticker":"AAPL","high":"296.45","amount":"296.4137","period":"PT1M","low":"296.35","multiplier":"1","beginTime":"1640549862","endTime":"2020-01-02T08:44-05:00[America/New_York]","close":"296.4","open":"296.35"}
{"volume":"1417.0","ticker":"AAPL","high":"296.39","amount":"296.3825","period":"PT1M","low":"296.35","multiplier":"1","beginTime":"1640549862","endTime":"2020-01-02T08:45-05:00[America/New_York]","close":"296.39","open":"296.35"}
{"volume":"3045.0","ticker":"AAPL","high":"296.39","amount":"296.3661","period":"PT1M","low":"296.35","multiplier":"1","beginTime":"1640549862","endTime":"2020-01-02T08:46-05:00[America/New_York]","close":"296.35","open":"296.39"}
{"volume":"2044.0","ticker":"AAPL","high":"296.4","amount":"296.3804","period":"PT1M","low":"296.35","multiplier":"1","beginTime":"1640549862","endTime":"2020-01-02T08:47-05:00[America/New_York]","close":"296.4","open":"296.35"}
{"volume":"3525.0","ticker":"AAPL","high":"296.45","amount":"296.4317","period":"PT1M","low":"296.37","multiplier":"1","beginTime":"1640549862","endTime":"2020-01-02T08:48-05:00[America/New_York]","close":"296.45","open":"296.38"}
{"volume":"5352.0","ticker":"AAPL","high":"296.5","amount":"296.4643","period":"PT1M","low":"296.4","multiplier":"1","beginTime":"1640549862","endTime":"2020-01-02T08:49-05:00[America/New_York]","close":"296.45","open":"296.45"}
{"volume":"7158.0","ticker":"AAPL","high":"296.57","amount":"296.4957","period":"PT1M","low":"296.43","multiplier":"1","beginTime":"1640549862","endTime":"2020-01-02T08:50-05:00[America/New_York]","close":"296.57","open":"296.43"}
{"volume":"5774.0","ticker":"AAPL","high":"296.63","amount":"296.5781","period":"PT1M","low":"296.53","multiplier":"1","beginTime":"1640549862","endTime":"2020-01-02T08:51-05:00[America/New_York]","close":"296.63","open":"296.57"}
{"volume":"2421.0","ticker":"AAPL","high":"296.64","amount":"296.6215","period":"PT1M","low":"296.61","multiplier":"1","beginTime":"1640549862","endTime":"2020-01-02T08:52-05:00[America/New_York]","close":"296.6102","open":"296.63"}
{"volume":"5131.0","ticker":"AAPL","high":"296.65","amount":"296.6439","period":"PT1M","low":"296.61","multiplier":"1","beginTime":"1640549862","endTime":"2020-01-02T08:53-05:00[America/New_York]","close":"296.65","open":"296.64"}
{"volume":"1609.0","ticker":"AAPL","high":"296.67","amount":"296.6479","period":"PT1M","low":"296.64","multiplier":"1","beginTime":"1640549862","endTime":"2020-01-02T08:54-05:00[America/New_York]","close":"296.67","open":"296.64"}
{"volume":"1456.0","ticker":"AAPL","high":"296.64","amount":"296.6478","period":"PT1M","low":"296.64","multiplier":"1","beginTime":"1640549862","endTime":"2020-01-02T08:55-05:00[America/New_York]","close":"296.64","open":"296.64"}
{"volume":"3617.0","ticker":"AAPL","high":"296.68","amount":"296.6377","period":"PT1M","low":"296.5998","multiplier":"1","beginTime":"1640549862","endTime":"2020-01-02T08:56-05:00[America/New_York]","close":"296.68","open":"296.5998"}
{"volume":"5340.0","ticker":"AAPL","high":"296.75","amount":"296.7007","period":"PT1M","low":"296.6","multiplier":"1","beginTime":"1640549862","endTime":"2020-01-02T08:57-05:00[America/New_York]","close":"296.75","open":"296.6"}
{"volume":"9606.0","ticker":"AAPL","high":"296.71","amount":"296.671","period":"PT1M","low":"296.62","multiplier":"1","beginTime":"1640549862","endTime":"2020-01-02T08:58-05:00[America/New_York]","close":"296.7","open":"296.63"}
{"volume":"4355.0","ticker":"AAPL","high":"296.6803","amount":"296.5962","period":"PT1M","low":"296.5","multiplier":"1","beginTime":"1640549862","endTime":"2020-01-02T08:59-05:00[America/New_York]","close":"296.6803","open":"296.65"}
{"volume":"2413.0","ticker":"AAPL","high":"296.69","amount":"296.6015","period":"PT1M","low":"296.52","multiplier":"1","beginTime":"1640549862","endTime":"2020-01-02T09:00-05:00[America/New_York]","close":"296.65","open":"296.69"}
{"volume":"8034.0","ticker":"AAPL","high":"296.6398","amount":"296.5089","period":"PT1M","low":"296.43","multiplier":"1","beginTime":"1640549862","endTime":"2020-01-02T09:01-05:00[America/New_York]","close":"296.5301","open":"296.53"}
{"volume":"14243.0","ticker":"AAPL","high":"296.6","amount":"296.4366","period":"PT1M","low":"296.3","multiplier":"1","beginTime":"1640549862","endTime":"2020-01-02T09:02-05:00[America/New_York]","close":"296.35","open":"296.54"}
{"volume":"6024.0","ticker":"AAPL","high":"296.4","amount":"296.3246","period":"PT1M","low":"296.3","multiplier":"1","beginTime":"1640549862","endTime":"2020-01-02T09:03-05:00[America/New_York]","close":"296.4","open":"296.3"}
{"volume":"6621.0","ticker":"AAPL","high":"296.52","amount":"296.4689","period":"PT1M","low":"296.38","multiplier":"1","beginTime":"1640549862","endTime":"2020-01-02T09:04-05:00[America/New_York]","close":"296.5","open":"296.4"}
{"volume":"1879.0","ticker":"AAPL","high":"296.5","amount":"296.4687","period":"PT1M","low":"296.4","multiplier":"1","beginTime":"1640549862","endTime":"2020-01-02T09:05-05:00[America/New_York]","close":"296.5","open":"296.4"}
{"volume":"6040.0","ticker":"AAPL","high":"296.5","amount":"296.3744","period":"PT1M","low":"296.3","multiplier":"1","beginTime":"1640549862","endTime":"2020-01-02T09:06-05:00[America/New_York]","close":"296.3","open":"296.5"}
{"volume":"15066.0","ticker":"AAPL","high":"296.4","amount":"296.337","period":"PT1M","low":"296.29","multiplier":"1","beginTime":"1640549862","endTime":"2020-01-02T09:07-05:00[America/New_York]","close":"296.4","open":"296.3101"}
{"volume":"6543.0","ticker":"AAPL","high":"296.4","amount":"296.3672","period":"PT1M","low":"296.3","multiplier":"1","beginTime":"1640549862","endTime":"2020-01-02T09:08-05:00[America/New_York]","close":"296.4","open":"296.35"}
{"volume":"16103.0","ticker":"AAPL","high":"296.39","amount":"296.2427","period":"PT1M","low":"296.1","multiplier":"1","beginTime":"1640549862","endTime":"2020-01-02T09:09-05:00[America/New_York]","close":"296.1","open":"296.3"}
{"volume":"3014.0","ticker":"AAPL","high":"296.28","amount":"296.244","period":"PT1M","low":"296.17","multiplier":"1","beginTime":"1640549862","endTime":"2020-01-02T09:10-05:00[America/New_York]","close":"296.26","open":"296.25"}
{"volume":"2186.0","ticker":"AAPL","high":"296.38","amount":"296.3159","period":"PT1M","low":"296.2502","multiplier":"1","beginTime":"1640549862","endTime":"2020-01-02T09:11-05:00[America/New_York]","close":"296.32","open":"296.3"}
{"volume":"2290.0","ticker":"AAPL","high":"296.41","amount":"296.317","period":"PT1M","low":"296.3","multiplier":"1","beginTime":"1640549862","endTime":"2020-01-02T09:12-05:00[America/New_York]","close":"296.3","open":"296.41"}
{"volume":"1605.0","ticker":"AAPL","high":"296.33","amount":"296.3007","period":"PT1M","low":"296.28","multiplier":"1","beginTime":"1640549862","endTime":"2020-01-02T09:13-05:00[America/New_York]","close":"296.33","open":"296.3"}
{"volume":"2808.0","ticker":"AAPL","high":"296.3","amount":"296.2521","period":"PT1M","low":"296.13","multiplier":"1","beginTime":"1640549862","endTime":"2020-01-02T09:14-05:00[America/New_York]","close":"296.13","open":"296.28"}
{"volume":"2220.0","ticker":"AAPL","high":"296.3","amount":"296.2109","period":"PT1M","low":"296.11","multiplier":"1","beginTime":"1640549862","endTime":"2020-01-02T09:15-05:00[America/New_York]","close":"296.3","open":"296.15"}
{"volume":"2290.0","ticker":"AAPL","high":"296.3","amount":"296.2824","period":"PT1M","low":"296.2898","multiplier":"1","beginTime":"1640549862","endTime":"2020-01-02T09:16-05:00[America/New_York]","close":"296.3","open":"296.29"}
{"volume":"1684.0","ticker":"AAPL","high":"296.38","amount":"296.3481","period":"PT1M","low":"296.3002","multiplier":"1","beginTime":"1640549862","endTime":"2020-01-02T09:17-05:00[America/New_York]","close":"296.38","open":"296.33"}
{"volume":"2843.0","ticker":"AAPL","high":"296.38","amount":"296.3427","period":"PT1M","low":"296.3","multiplier":"1","beginTime":"1640549862","endTime":"2020-01-02T09:18-05:00[America/New_York]","close":"296.35","open":"296.38"}
{"volume":"1609.0","ticker":"AAPL","high":"296.38","amount":"296.3757","period":"PT1M","low":"296.35","multiplier":"1","beginTime":"1640549862","endTime":"2020-01-02T09:19-05:00[America/New_York]","close":"296.38","open":"296.38"}
{"volume":"9501.0","ticker":"AAPL","high":"296.3202","amount":"296.1944","period":"PT1M","low":"296.08","multiplier":"1","beginTime":"1640549862","endTime":"2020-01-02T09:20-05:00[America/New_York]","close":"296.19","open":"296.3202"}
{"volume":"5172.0","ticker":"AAPL","high":"296.3","amount":"296.2171","period":"PT1M","low":"296.1","multiplier":"1","beginTime":"1640549862","endTime":"2020-01-02T09:21-05:00[America/New_York]","close":"296.1502","open":"296.2"}
{"volume":"1984.0","ticker":"AAPL","high":"296.29","amount":"296.2646","period":"PT1M","low":"296.19","multiplier":"1","beginTime":"1640549862","endTime":"2020-01-02T09:22-05:00[America/New_York]","close":"296.29","open":"296.23"}
{"volume":"2048.0","ticker":"AAPL","high":"296.25","amount":"296.2315","period":"PT1M","low":"296.19","multiplier":"1","beginTime":"1640549862","endTime":"2020-01-02T09:23-05:00[America/New_York]","close":"296.2","open":"296.24"}
{"volume":"3799.0","ticker":"AAPL","high":"296.22","amount":"296.1205","period":"PT1M","low":"296.1","multiplier":"1","beginTime":"1640549862","endTime":"2020-01-02T09:24-05:00[America/New_York]","close":"296.1","open":"296.22"}
{"volume":"9035.0","ticker":"AAPL","high":"296.15","amount":"296.0444","period":"PT1M","low":"296.0","multiplier":"1","beginTime":"1640549862","endTime":"2020-01-02T09:25-05:00[America/New_York]","close":"296.08","open":"296.15"}
{"volume":"3162.0","ticker":"AAPL","high":"296.18","amount":"296.0943","period":"PT1M","low":"296.07","multiplier":"1","beginTime":"1640549862","endTime":"2020-01-02T09:26-05:00[America/New_York]","close":"296.18","open":"296.08"}
{"volume":"2582.0","ticker":"AAPL","high":"296.12","amount":"296.0426","period":"PT1M","low":"296.0","multiplier":"1","beginTime":"1640549862","endTime":"2020-01-02T09:27-05:00[America/New_York]","close":"296.01","open":"296.12"}
{"volume":"3015.0","ticker":"AAPL","high":"296.29","amount":"296.2334","period":"PT1M","low":"296.19","multiplier":"1","beginTime":"1640549862","endTime":"2020-01-02T09:28-05:00[America/New_York]","close":"296.25","open":"296.19"}
{"volume":"4630.0","ticker":"AAPL","high":"296.39","amount":"296.3077","period":"PT1M","low":"296.21","multiplier":"1","beginTime":"1640549862","endTime":"2020-01-02T09:29-05:00[America/New_York]","close":"296.3","open":"296.29"}
{"volume":"851971.0","ticker":"AAPL","high":"296.3","amount":"296.0749","period":"PT1M","low":"295.39","multiplier":"1","beginTime":"1640549862","endTime":"2020-01-02T09:30-05:00[America/New_York]","close":"295.7548","open":"296.24"}
{"volume":"230285.0","ticker":"AAPL","high":"295.91","amount":"295.5869","period":"PT1M","low":"295.3037","multiplier":"1","beginTime":"1640549862","endTime":"2020-01-02T09:31-05:00[America/New_York]","close":"295.53","open":"295.7"}
{"volume":"200695.0","ticker":"AAPL","high":"295.81","amount":"295.4818","period":"PT1M","low":"295.19","multiplier":"1","beginTime":"1640549862","endTime":"2020-01-02T09:32-05:00[America/New_York]","close":"295.705","open":"295.49"}
{"volume":"331069.0","ticker":"AAPL","high":"296.8","amount":"296.392","period":"PT1M","low":"295.7","multiplier":"1","beginTime":"1640549862","endTime":"2020-01-02T09:33-05:00[America/New_York]","close":"296.55","open":"295.71"}
{"volume":"227982.0","ticker":"AAPL","high":"296.926","amount":"296.6466","period":"PT1M","low":"296.12","multiplier":"1","beginTime":"1640549862","endTime":"2020-01-02T09:34-05:00[America/New_York]","close":"296.87","open":"296.53"}
{"volume":"340736.0","ticker":"AAPL","high":"297.44","amount":"297.2178","period":"PT1M","low":"296.9","multiplier":"1","beginTime":"1640549862","endTime":"2020-01-02T09:35-05:00[America/New_York]","close":"297.2787","open":"296.93"}
{"volume":"243100.0","ticker":"AAPL","high":"297.84","amount":"297.5292","period":"PT1M","low":"297.24","multiplier":"1","beginTime":"1640549862","endTime":"2020-01-02T09:36-05:00[America/New_York]","close":"297.84","open":"297.3"}
{"volume":"253729.0","ticker":"AAPL","high":"297.95","amount":"297.7892","period":"PT1M","low":"297.61","multiplier":"1","beginTime":"1640549862","endTime":"2020-01-02T09:37-05:00[America/New_York]","close":"297.68","open":"297.825"}
{"volume":"196252.0","ticker":"AAPL","high":"297.7299","amount":"297.5708","period":"PT1M","low":"297.3997","multiplier":"1","beginTime":"1640549862","endTime":"2020-01-02T09:38-05:00[America/New_York]","close":"297.61","open":"297.6639"}
{"volume":"205667.0","ticker":"AAPL","high":"297.9299","amount":"297.5887","period":"PT1M","low":"297.24","multiplier":"1","beginTime":"1640549862","endTime":"2020-01-02T09:39-05:00[America/New_York]","close":"297.27","open":"297.6249"}
{"volume":"189127.0","ticker":"AAPL","high":"297.71","amount":"297.5371","period":"PT1M","low":"297.27","multiplier":"1","beginTime":"1640549862","endTime":"2020-01-02T09:40-05:00[America/New_York]","close":"297.66","open":"297.27"}
{"volume":"145118.0","ticker":"AAPL","high":"297.7","amount":"297.4922","period":"PT1M","low":"297.23","multiplier":"1","beginTime":"1640549862","endTime":"2020-01-02T09:41-05:00[America/New_York]","close":"297.27","open":"297.6601"}
{"volume":"212282.0","ticker":"AAPL","high":"297.2682","amount":"297.0555","period":"PT1M","low":"296.87","multiplier":"1","beginTime":"1640549862","endTime":"2020-01-02T09:42-05:00[America/New_York]","close":"296.88","open":"297.2607"}
{"volume":"136801.0","ticker":"AAPL","high":"297.41","amount":"297.1899","period":"PT1M","low":"296.89","multiplier":"1","beginTime":"1640549862","endTime":"2020-01-02T09:43-05:00[America/New_York]","close":"297.37","open":"296.9"}
{"volume":"95913.0","ticker":"AAPL","high":"297.43","amount":"297.307","period":"PT1M","low":"297.09","multiplier":"1","beginTime":"1640549862","endTime":"2020-01-02T09:44-05:00[America/New_York]","close":"297.12","open":"297.37"}
{"volume":"139386.0","ticker":"AAPL","high":"297.42","amount":"297.2983","period":"PT1M","low":"297.125","multiplier":"1","beginTime":"1640549862","endTime":"2020-01-02T09:45-05:00[America/New_York]","close":"297.3138","open":"297.13"}
{"volume":"103519.0","ticker":"AAPL","high":"297.4099","amount":"297.3097","period":"PT1M","low":"297.24","multiplier":"1","beginTime":"1640549862","endTime":"2020-01-02T09:46-05:00[America/New_York]","close":"297.26","open":"297.3154"}
{"volume":"113028.0","ticker":"AAPL","high":"297.25","amount":"297.1397","period":"PT1M","low":"297.03","multiplier":"1","beginTime":"1640549862","endTime":"2020-01-02T09:47-05:00[America/New_York]","close":"297.2293","open":"297.25"}
{"volume":"117543.0","ticker":"AAPL","high":"297.4","amount":"297.2787","period":"PT1M","low":"297.15","multiplier":"1","beginTime":"1640549862","endTime":"2020-01-02T09:48-05:00[America/New_York]","close":"297.18","open":"297.24"}
{"volume":"149691.0","ticker":"AAPL","high":"297.22","amount":"296.9938","period":"PT1M","low":"296.8","multiplier":"1","beginTime":"1640549862","endTime":"2020-01-02T09:49-05:00[America/New_York]","close":"296.83","open":"297.165"}
{"volume":"125450.0","ticker":"AAPL","high":"297.135","amount":"296.9569","period":"PT1M","low":"296.7","multiplier":"1","beginTime":"1640549862","endTime":"2020-01-02T09:50-05:00[America/New_York]","close":"296.91","open":"296.8"}
{"volume":"75454.0","ticker":"AAPL","high":"297.11","amount":"297.0565","period":"PT1M","low":"296.9299","multiplier":"1","beginTime":"1640549862","endTime":"2020-01-02T09:51-05:00[America/New_York]","close":"297.107","open":"296.9484"}
{"volume":"105108.0","ticker":"AAPL","high":"297.1854","amount":"297.0836","period":"PT1M","low":"296.965","multiplier":"1","beginTime":"1640549862","endTime":"2020-01-02T09:52-05:00[America/New_York]","close":"297.095","open":"297.11"}
{"volume":"82903.0","ticker":"AAPL","high":"297.1399","amount":"296.9997","period":"PT1M","low":"296.9","multiplier":"1","beginTime":"1640549862","endTime":"2020-01-02T09:53-05:00[America/New_York]","close":"296.9799","open":"297.095"}
{"volume":"139396.0","ticker":"AAPL","high":"297.3","amount":"297.07","period":"PT1M","low":"296.8644","multiplier":"1","beginTime":"1640549862","endTime":"2020-01-02T09:54-05:00[America/New_York]","close":"297.28","open":"296.9736"}
{"volume":"117032.0","ticker":"AAPL","high":"297.49","amount":"297.3837","period":"PT1M","low":"297.25","multiplier":"1","beginTime":"1640549862","endTime":"2020-01-02T09:55-05:00[America/New_York]","close":"297.45","open":"297.3"}
{"volume":"161967.0","ticker":"AAPL","high":"297.78","amount":"297.6325","period":"PT1M","low":"297.44","multiplier":"1","beginTime":"1640549862","endTime":"2020-01-02T09:56-05:00[America/New_York]","close":"297.75","open":"297.4475"}
{"volume":"125383.0","ticker":"AAPL","high":"297.93","amount":"297.8058","period":"PT1M","low":"297.66","multiplier":"1","beginTime":"1640549862","endTime":"2020-01-02T09:57-05:00[America/New_York]","close":"297.9299","open":"297.77"}
{"volume":"120404.0","ticker":"AAPL","high":"297.94","amount":"297.8167","period":"PT1M","low":"297.6501","multiplier":"1","beginTime":"1640549862","endTime":"2020-01-02T09:58-05:00[America/New_York]","close":"297.7","open":"297.93"}
{"volume":"297293.0","ticker":"AAPL","high":"298.15","amount":"297.9882","period":"PT1M","low":"297.68","multiplier":"1","beginTime":"1640549862","endTime":"2020-01-02T09:59-05:00[America/New_York]","close":"297.97","open":"297.69"}
{"volume":"161433.0","ticker":"AAPL","high":"298.005","amount":"297.8772","period":"PT1M","low":"297.69","multiplier":"1","beginTime":"1640549862","endTime":"2020-01-02T10:00-05:00[America/New_York]","close":"297.93","open":"297.99"}
{"volume":"136699.0","ticker":"AAPL","high":"298.08","amount":"297.9596","period":"PT1M","low":"297.91","multiplier":"1","beginTime":"1640549862","endTime":"2020-01-02T10:01-05:00[America/New_York]","close":"297.92","open":"297.95"}
{"volume":"147723.0","ticker":"AAPL","high":"297.92","amount":"297.7474","period":"PT1M","low":"297.51","multiplier":"1","beginTime":"1640549862","endTime":"2020-01-02T10:02-05:00[America/New_York]","close":"297.6592","open":"297.9194"}
{"volume":"89176.0","ticker":"AAPL","high":"297.83","amount":"297.7382","period":"PT1M","low":"297.6","multiplier":"1","beginTime":"1640549862","endTime":"2020-01-02T10:03-05:00[America/New_York]","close":"297.7853","open":"297.67"}
{"volume":"68397.0","ticker":"AAPL","high":"297.94","amount":"297.8261","period":"PT1M","low":"297.69","multiplier":"1","beginTime":"1640549862","endTime":"2020-01-02T10:04-05:00[America/New_York]","close":"297.8","open":"297.7847"}
{"volume":"165421.0","ticker":"AAPL","high":"298.21","amount":"298.0424","period":"PT1M","low":"297.8","multiplier":"1","beginTime":"1640549862","endTime":"2020-01-02T10:05-05:00[America/New_York]","close":"298.17","open":"297.8"}
{"volume":"158161.0","ticker":"AAPL","high":"298.36","amount":"298.2657","period":"PT1M","low":"298.13","multiplier":"1","beginTime":"1640549862","endTime":"2020-01-02T10:06-05:00[America/New_York]","close":"298.35","open":"298.13"}
{"volume":"117497.0","ticker":"AAPL","high":"298.41","amount":"298.2072","period":"PT1M","low":"298.0985","multiplier":"1","beginTime":"1640549862","endTime":"2020-01-02T10:07-05:00[America/New_York]","close":"298.1899","open":"298.35"}
{"volume":"116725.0","ticker":"AAPL","high":"298.2806","amount":"298.2044","period":"PT1M","low":"298.12","multiplier":"1","beginTime":"1640549862","endTime":"2020-01-02T10:08-05:00[America/New_York]","close":"298.26","open":"298.19"}
{"volume":"102519.0","ticker":"AAPL","high":"298.35","amount":"298.264","period":"PT1M","low":"298.12","multiplier":"1","beginTime":"1640549862","endTime":"2020-01-02T10:09-05:00[America/New_York]","close":"298.26","open":"298.28"}
{"volume":"114794.0","ticker":"AAPL","high":"298.31","amount":"298.1858","period":"PT1M","low":"298.0901","multiplier":"1","beginTime":"1640549862","endTime":"2020-01-02T10:10-05:00[America/New_York]","close":"298.1886","open":"298.2693"}
{"volume":"167183.0","ticker":"AAPL","high":"298.2036","amount":"297.8523","period":"PT1M","low":"297.63","multiplier":"1","beginTime":"1640549862","endTime":"2020-01-02T10:11-05:00[America/New_York]","close":"297.75","open":"298.17"}
{"volume":"115892.0","ticker":"AAPL","high":"297.7847","amount":"297.6249","period":"PT1M","low":"297.46","multiplier":"1","beginTime":"1640549862","endTime":"2020-01-02T10:12-05:00[America/New_York]","close":"297.6399","open":"297.77"}
{"volume":"110822.0","ticker":"AAPL","high":"297.7","amount":"297.5958","period":"PT1M","low":"297.49","multiplier":"1","beginTime":"1640549862","endTime":"2020-01-02T10:13-05:00[America/New_York]","close":"297.56","open":"297.65"}
{"volume":"127077.0","ticker":"AAPL","high":"297.75","amount":"297.5541","period":"PT1M","low":"297.3101","multiplier":"1","beginTime":"1640549862","endTime":"2020-01-02T10:14-05:00[America/New_York]","close":"297.39","open":"297.56"}
{"volume":"171031.0","ticker":"AAPL","high":"297.3857","amount":"297.1145","period":"PT1M","low":"296.93","multiplier":"1","beginTime":"1640549862","endTime":"2020-01-02T10:15-05:00[America/New_York]","close":"297.09","open":"297.3701"}
{"volume":"115111.0","ticker":"AAPL","high":"297.35","amount":"297.1247","period":"PT1M","low":"296.97","multiplier":"1","beginTime":"1640549862","endTime":"2020-01-02T10:16-05:00[America/New_York]","close":"297.0274","open":"297.1055"}
{"volume":"93270.0","ticker":"AAPL","high":"297.51","amount":"297.2663","period":"PT1M","low":"296.95","multiplier":"1","beginTime":"1640549862","endTime":"2020-01-02T10:17-05:00[America/New_York]","close":"297.4776","open":"297.0262"}
{"volume":"95768.0","ticker":"AAPL","high":"297.61","amount":"297.4301","period":"PT1M","low":"297.2","multiplier":"1","beginTime":"1640549862","endTime":"2020-01-02T10:18-05:00[America/New_York]","close":"297.5971","open":"297.4663"}
{"volume":"136922.0","ticker":"AAPL","high":"297.6005","amount":"297.3975","period":"PT1M","low":"297.11","multiplier":"1","beginTime":"1640549862","endTime":"2020-01-02T10:19-05:00[America/New_York]","close":"297.22","open":"297.59"}
{"volume":"78125.0","ticker":"AAPL","high":"297.2425","amount":"297.1313","period":"PT1M","low":"297.0","multiplier":"1","beginTime":"1640549862","endTime":"2020-01-02T10:20-05:00[America/New_York]","close":"297.22","open":"297.19"}
{"volume":"77294.0","ticker":"AAPL","high":"297.43","amount":"297.2275","period":"PT1M","low":"297.07","multiplier":"1","beginTime":"1640549862","endTime":"2020-01-02T10:21-05:00[America/New_York]","close":"297.1791","open":"297.2459"}
{"volume":"112988.0","ticker":"AAPL","high":"297.26","amount":"297.0689","period":"PT1M","low":"296.9501","multiplier":"1","beginTime":"1640549862","endTime":"2020-01-02T10:22-05:00[America/New_York]","close":"297.06","open":"297.16"}
{"volume":"217838.0","ticker":"AAPL","high":"297.04","amount":"296.7866","period":"PT1M","low":"296.595","multiplier":"1","beginTime":"1640549862","endTime":"2020-01-02T10:23-05:00[America/New_York]","close":"296.87","open":"297.04"}
{"volume":"92860.0","ticker":"AAPL","high":"297.1673","amount":"296.9101","period":"PT1M","low":"296.74","multiplier":"1","beginTime":"1640549862","endTime":"2020-01-02T10:24-05:00[America/New_York]","close":"297.1673","open":"296.89"}
{"volume":"81439.0","ticker":"AAPL","high":"297.1556","amount":"296.9602","period":"PT1M","low":"296.84","multiplier":"1","beginTime":"1640549862","endTime":"2020-01-02T10:25-05:00[America/New_York]","close":"297.005","open":"297.1556"}
{"volume":"79026.0","ticker":"AAPL","high":"297.29","amount":"297.168","period":"PT1M","low":"296.99","multiplier":"1","beginTime":"1640549862","endTime":"2020-01-02T10:26-05:00[America/New_York]","close":"297.1922","open":"296.99"}
{"volume":"106702.0","ticker":"AAPL","high":"297.4","amount":"297.2879","period":"PT1M","low":"297.12","multiplier":"1","beginTime":"1640549862","endTime":"2020-01-02T10:27-05:00[America/New_York]","close":"297.25","open":"297.19"}
{"volume":"64350.0","ticker":"AAPL","high":"297.44","amount":"297.3057","period":"PT1M","low":"297.22","multiplier":"1","beginTime":"1640549862","endTime":"2020-01-02T10:28-05:00[America/New_York]","close":"297.41","open":"297.25"}
{"volume":"124671.0","ticker":"AAPL","high":"297.59","amount":"297.4788","period":"PT1M","low":"297.41","multiplier":"1","beginTime":"1640549862","endTime":"2020-01-02T10:29-05:00[America/New_York]","close":"297.54","open":"297.4299"}
{"volume":"78462.0","ticker":"AAPL","high":"297.6","amount":"297.5243","period":"PT1M","low":"297.4","multiplier":"1","beginTime":"1640549862","endTime":"2020-01-02T10:30-05:00[America/New_York]","close":"297.4949","open":"297.54"}
{"volume":"97436.0","ticker":"AAPL","high":"297.4999","amount":"297.3713","period":"PT1M","low":"297.27","multiplier":"1","beginTime":"1640549862","endTime":"2020-01-02T10:31-05:00[America/New_York]","close":"297.3199","open":"297.4999"}
{"volume":"55454.0","ticker":"AAPL","high":"297.435","amount":"297.3388","period":"PT1M","low":"297.24","multiplier":"1","beginTime":"1640549862","endTime":"2020-01-02T10:32-05:00[America/New_York]","close":"297.34","open":"297.3"}
{"volume":"77236.0","ticker":"AAPL","high":"297.6","amount":"297.422","period":"PT1M","low":"297.21","multiplier":"1","beginTime":"1640549862","endTime":"2020-01-02T10:33-05:00[America/New_York]","close":"297.5556","open":"297.31"}
{"volume":"56833.0","ticker":"AAPL","high":"297.5701","amount":"297.4562","period":"PT1M","low":"297.33","multiplier":"1","beginTime":"1640549862","endTime":"2020-01-02T10:34-05:00[America/New_York]","close":"297.46","open":"297.55"}
{"volume":"74824.0","ticker":"AAPL","high":"297.4855","amount":"297.4297","period":"PT1M","low":"297.34","multiplier":"1","beginTime":"1640549862","endTime":"2020-01-02T10:35-05:00[America/New_York]","close":"297.36","open":"297.4584"}
{"volume":"58149.0","ticker":"AAPL","high":"297.57","amount":"297.504","period":"PT1M","low":"297.3601","multiplier":"1","beginTime":"1640549862","endTime":"2020-01-02T10:36-05:00[America/New_York]","close":"297.51","open":"297.37"}
{"volume":"68448.0","ticker":"AAPL","high":"297.58","amount":"297.4955","period":"PT1M","low":"297.38","multiplier":"1","beginTime":"1640549862","endTime":"2020-01-02T10:37-05:00[America/New_York]","close":"297.46","open":"297.5286"}
{"volume":"92471.0","ticker":"AAPL","high":"297.4899","amount":"297.2812","period":"PT1M","low":"297.11","multiplier":"1","beginTime":"1640549862","endTime":"2020-01-02T10:38-05:00[America/New_York]","close":"297.245","open":"297.4599"}
{"volume":"58511.0","ticker":"AAPL","high":"297.35","amount":"297.243","period":"PT1M","low":"297.11","multiplier":"1","beginTime":"1640549862","endTime":"2020-01-02T10:39-05:00[America/New_York]","close":"297.3","open":"297.2402"}
{"volume":"43819.0","ticker":"AAPL","high":"297.28","amount":"297.2275","period":"PT1M","low":"297.15","multiplier":"1","beginTime":"1640549862","endTime":"2020-01-02T10:40-05:00[America/New_York]","close":"297.2537","open":"297.28"}
{"volume":"56440.0","ticker":"AAPL","high":"297.39","amount":"297.2755","period":"PT1M","low":"297.15","multiplier":"1","beginTime":"1640549862","endTime":"2020-01-02T10:41-05:00[America/New_York]","close":"297.3801","open":"297.26"}
{"volume":"103480.0","ticker":"AAPL","high":"297.73","amount":"297.5321","period":"PT1M","low":"297.38","multiplier":"1","beginTime":"1640549862","endTime":"2020-01-02T10:42-05:00[America/New_York]","close":"297.7","open":"297.39"}
{"volume":"85090.0","ticker":"AAPL","high":"297.75","amount":"297.6203","period":"PT1M","low":"297.54","multiplier":"1","beginTime":"1640549862","endTime":"2020-01-02T10:43-05:00[America/New_York]","close":"297.61","open":"297.71"}
{"volume":"67249.0","ticker":"AAPL","high":"297.66","amount":"297.6004","period":"PT1M","low":"297.5301","multiplier":"1","beginTime":"1640549862","endTime":"2020-01-02T10:44-05:00[America/New_York]","close":"297.56","open":"297.61"}
{"volume":"87754.0","ticker":"AAPL","high":"297.75","amount":"297.6861","period":"PT1M","low":"297.5401","multiplier":"1","beginTime":"1640549862","endTime":"2020-01-02T10:45-05:00[America/New_York]","close":"297.67","open":"297.55"}
{"volume":"66599.0","ticker":"AAPL","high":"297.75","amount":"297.6848","period":"PT1M","low":"297.6","multiplier":"1","beginTime":"1640549862","endTime":"2020-01-02T10:46-05:00[America/New_York]","close":"297.7144","open":"297.7052"}
{"volume":"76952.0","ticker":"AAPL","high":"297.79","amount":"297.722","period":"PT1M","low":"297.6401","multiplier":"1","beginTime":"1640549862","endTime":"2020-01-02T10:47-05:00[America/New_York]","close":"297.7","open":"297.715"}
{"volume":"90885.0","ticker":"AAPL","high":"297.75","amount":"297.5226","period":"PT1M","low":"297.37","multiplier":"1","beginTime":"1640549862","endTime":"2020-01-02T10:48-05:00[America/New_York]","close":"297.53","open":"297.7098"}
{"volume":"109481.0","ticker":"AAPL","high":"297.9","amount":"297.7488","period":"PT1M","low":"297.54","multiplier":"1","beginTime":"1640549862","endTime":"2020-01-02T10:49-05:00[America/New_York]","close":"297.8897","open":"297.54"}
{"volume":"128687.0","ticker":"AAPL","high":"298.05","amount":"297.9512","period":"PT1M","low":"297.8594","multiplier":"1","beginTime":"1640549862","endTime":"2020-01-02T10:50-05:00[America/New_York]","close":"297.94","open":"297.88"}
{"volume":"68870.0","ticker":"AAPL","high":"297.955","amount":"297.8659","period":"PT1M","low":"297.7701","multiplier":"1","beginTime":"1640549862","endTime":"2020-01-02T10:51-05:00[America/New_York]","close":"297.7826","open":"297.955"}
{"volume":"85174.0","ticker":"AAPL","high":"298.0","amount":"297.9112","period":"PT1M","low":"297.77","multiplier":"1","beginTime":"1640549862","endTime":"2020-01-02T10:52-05:00[America/New_York]","close":"297.8985","open":"297.78"}
{"volume":"82011.0","ticker":"AAPL","high":"298.0","amount":"297.9188","period":"PT1M","low":"297.82","multiplier":"1","beginTime":"1640549862","endTime":"2020-01-02T10:53-05:00[America/New_York]","close":"297.93","open":"297.88"}
{"volume":"74852.0","ticker":"AAPL","high":"297.95","amount":"297.86","period":"PT1M","low":"297.76","multiplier":"1","beginTime":"1640549862","endTime":"2020-01-02T10:54-05:00[America/New_York]","close":"297.8695","open":"297.922"}
{"volume":"90573.0","ticker":"AAPL","high":"298.02","amount":"297.9502","period":"PT1M","low":"297.851","multiplier":"1","beginTime":"1640549862","endTime":"2020-01-02T10:55-05:00[America/New_York]","close":"298.02","open":"297.865"}
{"volume":"100601.0","ticker":"AAPL","high":"298.1","amount":"298.0549","period":"PT1M","low":"297.98","multiplier":"1","beginTime":"1640549862","endTime":"2020-01-02T10:56-05:00[America/New_York]","close":"298.024","open":"298.02"}
{"volume":"135422.0","ticker":"AAPL","high":"298.3","amount":"298.2141","period":"PT1M","low":"298.0288","multiplier":"1","beginTime":"1640549862","endTime":"2020-01-02T10:57-05:00[America/New_York]","close":"298.15","open":"298.0288"}
{"volume":"56830.0","ticker":"AAPL","high":"298.29","amount":"298.2029","period":"PT1M","low":"298.1416","multiplier":"1","beginTime":"1640549862","endTime":"2020-01-02T10:58-05:00[America/New_York]","close":"298.2788","open":"298.1599"}
{"volume":"83040.0","ticker":"AAPL","high":"298.36","amount":"298.2305","period":"PT1M","low":"298.0789","multiplier":"1","beginTime":"1640549862","endTime":"2020-01-02T10:59-05:00[America/New_York]","close":"298.11","open":"298.2855"}
{"volume":"93365.0","ticker":"AAPL","high":"298.17","amount":"298.0815","period":"PT1M","low":"297.9617","multiplier":"1","beginTime":"1640549862","endTime":"2020-01-02T11:00-05:00[America/New_York]","close":"298.155","open":"298.13"}
{"volume":"95970.0","ticker":"AAPL","high":"298.18","amount":"297.9799","period":"PT1M","low":"297.78","multiplier":"1","beginTime":"1640549862","endTime":"2020-01-02T11:01-05:00[America/New_York]","close":"297.9351","open":"298.16"}
{"volume":"52592.0","ticker":"AAPL","high":"297.93","amount":"297.8606","period":"PT1M","low":"297.81","multiplier":"1","beginTime":"1640549862","endTime":"2020-01-02T11:02-05:00[America/New_York]","close":"297.905","open":"297.93"}
{"volume":"60048.0","ticker":"AAPL","high":"297.99","amount":"297.9255","period":"PT1M","low":"297.86","multiplier":"1","beginTime":"1640549862","endTime":"2020-01-02T11:03-05:00[America/New_York]","close":"297.86","open":"297.9099"}
{"volume":"87037.0","ticker":"AAPL","high":"297.96","amount":"297.9422","period":"PT1M","low":"297.8564","multiplier":"1","beginTime":"1640549862","endTime":"2020-01-02T11:04-05:00[America/New_York]","close":"297.96","open":"297.8564"}
{"volume":"61423.0","ticker":"AAPL","high":"297.97","amount":"297.8733","period":"PT1M","low":"297.81","multiplier":"1","beginTime":"1640549862","endTime":"2020-01-02T11:05-05:00[America/New_York]","close":"297.8991","open":"297.9605"}
{"volume":"117523.0","ticker":"AAPL","high":"298.16","amount":"298.016","period":"PT1M","low":"297.86","multiplier":"1","beginTime":"1640549862","endTime":"2020-01-02T11:06-05:00[America/New_York]","close":"298.13","open":"297.91"}
{"volume":"84602.0","ticker":"AAPL","high":"298.18","amount":"298.1168","period":"PT1M","low":"298.05","multiplier":"1","beginTime":"1640549862","endTime":"2020-01-02T11:07-05:00[America/New_York]","close":"298.13","open":"298.12"}
{"volume":"77630.0","ticker":"AAPL","high":"298.24","amount":"298.1449","period":"PT1M","low":"298.08","multiplier":"1","beginTime":"1640549862","endTime":"2020-01-02T11:08-05:00[America/New_York]","close":"298.22","open":"298.14"}
{"volume":"60312.0","ticker":"AAPL","high":"298.3","amount":"298.2527","period":"PT1M","low":"298.2116","multiplier":"1","beginTime":"1640549862","endTime":"2020-01-02T11:09-05:00[America/New_York]","close":"298.28","open":"298.2176"}
{"volume":"52982.0","ticker":"AAPL","high":"298.29","amount":"298.2322","period":"PT1M","low":"298.16","multiplier":"1","beginTime":"1640549862","endTime":"2020-01-02T11:10-05:00[America/New_York]","close":"298.272","open":"298.2853"}
{"volume":"104329.0","ticker":"AAPL","high":"298.41","amount":"298.3587","period":"PT1M","low":"298.27","multiplier":"1","beginTime":"1640549862","endTime":"2020-01-02T11:11-05:00[America/New_York]","close":"298.3652","open":"298.28"}
{"volume":"138996.0","ticker":"AAPL","high":"298.5834","amount":"298.5113","period":"PT1M","low":"298.37","multiplier":"1","beginTime":"1640549862","endTime":"2020-01-02T11:12-05:00[America/New_York]","close":"298.557","open":"298.3731"}
{"volume":"79008.0","ticker":"AAPL","high":"298.6","amount":"298.5116","period":"PT1M","low":"298.4","multiplier":"1","beginTime":"1640549862","endTime":"2020-01-02T11:13-05:00[America/New_York]","close":"298.47","open":"298.56"}
{"volume":"112428.0","ticker":"AAPL","high":"298.7398","amount":"298.6363","period":"PT1M","low":"298.47","multiplier":"1","beginTime":"1640549862","endTime":"2020-01-02T11:14-05:00[America/New_York]","close":"298.7298","open":"298.4754"}
{"volume":"126937.0","ticker":"AAPL","high":"298.75","amount":"298.6742","period":"PT1M","low":"298.54","multiplier":"1","beginTime":"1640549862","endTime":"2020-01-02T11:15-05:00[America/New_York]","close":"298.72","open":"298.7346"}
{"volume":"75452.0","ticker":"AAPL","high":"298.75","amount":"298.684","period":"PT1M","low":"298.5729","multiplier":"1","beginTime":"1640549862","endTime":"2020-01-02T11:16-05:00[America/New_York]","close":"298.7015","open":"298.7258"}
{"volume":"114884.0","ticker":"AAPL","high":"298.7063","amount":"298.5696","period":"PT1M","low":"298.47","multiplier":"1","beginTime":"1640549862","endTime":"2020-01-02T11:17-05:00[America/New_York]","close":"298.6433","open":"298.7002"}
{"volume":"73146.0","ticker":"AAPL","high":"298.65","amount":"298.5403","period":"PT1M","low":"298.5","multiplier":"1","beginTime":"1640549862","endTime":"2020-01-02T11:18-05:00[America/New_York]","close":"298.54","open":"298.6277"}
{"volume":"62826.0","ticker":"AAPL","high":"298.5799","amount":"298.4484","period":"PT1M","low":"298.34","multiplier":"1","beginTime":"1640549862","endTime":"2020-01-02T11:19-05:00[America/New_York]","close":"298.3742","open":"298.57"}
{"volume":"62513.0","ticker":"AAPL","high":"298.43","amount":"298.3824","period":"PT1M","low":"298.35","multiplier":"1","beginTime":"1640549862","endTime":"2020-01-02T11:20-05:00[America/New_York]","close":"298.36","open":"298.38"}
{"volume":"57199.0","ticker":"AAPL","high":"298.5464","amount":"298.4772","period":"PT1M","low":"298.3684","multiplier":"1","beginTime":"1640549862","endTime":"2020-01-02T11:21-05:00[America/New_York]","close":"298.41","open":"298.38"}
{"volume":"60061.0","ticker":"AAPL","high":"298.4632","amount":"298.4025","period":"PT1M","low":"298.36","multiplier":"1","beginTime":"1640549862","endTime":"2020-01-02T11:22-05:00[America/New_York]","close":"298.38","open":"298.41"}
{"volume":"79567.0","ticker":"AAPL","high":"298.43","amount":"298.3135","period":"PT1M","low":"298.17","multiplier":"1","beginTime":"1640549862","endTime":"2020-01-02T11:23-05:00[America/New_York]","close":"298.42","open":"298.37"}
{"volume":"59162.0","ticker":"AAPL","high":"298.58","amount":"298.4744","period":"PT1M","low":"298.36","multiplier":"1","beginTime":"1640549862","endTime":"2020-01-02T11:24-05:00[America/New_York]","close":"298.56","open":"298.4044"}
{"volume":"48042.0","ticker":"AAPL","high":"298.5755","amount":"298.4944","period":"PT1M","low":"298.41","multiplier":"1","beginTime":"1640549862","endTime":"2020-01-02T11:25-05:00[America/New_York]","close":"298.44","open":"298.5611"}
{"volume":"42776.0","ticker":"AAPL","high":"298.4932","amount":"298.3888","period":"PT1M","low":"298.2738","multiplier":"1","beginTime":"1640549862","endTime":"2020-01-02T11:26-05:00[America/New_York]","close":"298.2863","open":"298.47"}
{"volume":"60296.0","ticker":"AAPL","high":"298.395","amount":"298.3228","period":"PT1M","low":"298.24","multiplier":"1","beginTime":"1640549862","endTime":"2020-01-02T11:27-05:00[America/New_York]","close":"298.24","open":"298.3"}
{"volume":"90186.0","ticker":"AAPL","high":"298.29","amount":"298.1924","period":"PT1M","low":"298.11","multiplier":"1","beginTime":"1640549862","endTime":"2020-01-02T11:28-05:00[America/New_York]","close":"298.11","open":"298.235"}
{"volume":"92815.0","ticker":"AAPL","high":"298.19","amount":"298.0696","period":"PT1M","low":"297.98","multiplier":"1","beginTime":"1640549862","endTime":"2020-01-02T11:29-05:00[America/New_York]","close":"298.11","open":"298.11"}
{"volume":"75270.0","ticker":"AAPL","high":"298.27","amount":"298.1609","period":"PT1M","low":"297.98","multiplier":"1","beginTime":"1640549862","endTime":"2020-01-02T11:30-05:00[America/New_York]","close":"298.24","open":"298.1"}
{"volume":"85926.0","ticker":"AAPL","high":"298.4","amount":"298.317","period":"PT1M","low":"298.22","multiplier":"1","beginTime":"1640549862","endTime":"2020-01-02T11:31-05:00[America/New_York]","close":"298.285","open":"298.235"}
{"volume":"96513.0","ticker":"AAPL","high":"298.2785","amount":"298.0638","period":"PT1M","low":"297.9","multiplier":"1","beginTime":"1640549862","endTime":"2020-01-02T11:32-05:00[America/New_York]","close":"297.91","open":"298.2756"}
{"volume":"80876.0","ticker":"AAPL","high":"298.02","amount":"297.9104","period":"PT1M","low":"297.81","multiplier":"1","beginTime":"1640549862","endTime":"2020-01-02T11:33-05:00[America/New_York]","close":"297.94","open":"297.9125"}
{"volume":"121180.0","ticker":"AAPL","high":"297.97","amount":"297.8226","period":"PT1M","low":"297.6902","multiplier":"1","beginTime":"1640549862","endTime":"2020-01-02T11:34-05:00[America/New_York]","close":"297.8","open":"297.95"}
{"volume":"89066.0","ticker":"AAPL","high":"297.82","amount":"297.676","period":"PT1M","low":"297.58","multiplier":"1","beginTime":"1640549862","endTime":"2020-01-02T11:35-05:00[America/New_York]","close":"297.6486","open":"297.81"}
{"volume":"110588.0","ticker":"AAPL","high":"297.7356","amount":"297.5623","period":"PT1M","low":"297.45","multiplier":"1","beginTime":"1640549862","endTime":"2020-01-02T11:36-05:00[America/New_York]","close":"297.64","open":"297.6535"}
{"volume":"97813.0","ticker":"AAPL","high":"297.878","amount":"297.7707","period":"PT1M","low":"297.6","multiplier":"1","beginTime":"1640549862","endTime":"2020-01-02T11:37-05:00[America/New_York]","close":"297.85","open":"297.64"}
{"volume":"85133.0","ticker":"AAPL","high":"298.02","amount":"297.9127","period":"PT1M","low":"297.83","multiplier":"1","beginTime":"1640549862","endTime":"2020-01-02T11:38-05:00[America/New_York]","close":"298.0","open":"297.85"}
{"volume":"80656.0","ticker":"AAPL","high":"298.08","amount":"297.9758","period":"PT1M","low":"297.9","multiplier":"1","beginTime":"1640549862","endTime":"2020-01-02T11:39-05:00[America/New_York]","close":"298.0692","open":"297.9934"}
{"volume":"73832.0","ticker":"AAPL","high":"298.185","amount":"298.1082","period":"PT1M","low":"298.04","multiplier":"1","beginTime":"1640549862","endTime":"2020-01-02T11:40-05:00[America/New_York]","close":"298.13","open":"298.06"}
{"volume":"52200.0","ticker":"AAPL","high":"298.2799","amount":"298.2243","period":"PT1M","low":"298.12","multiplier":"1","beginTime":"1640549862","endTime":"2020-01-02T11:41-05:00[America/New_York]","close":"298.22","open":"298.135"}
{"volume":"43417.0","ticker":"AAPL","high":"298.27","amount":"298.1797","period":"PT1M","low":"298.12","multiplier":"1","beginTime":"1640549862","endTime":"2020-01-02T11:42-05:00[America/New_York]","close":"298.16","open":"298.2001"}
{"volume":"47385.0","ticker":"AAPL","high":"298.26","amount":"298.1537","period":"PT1M","low":"298.065","multiplier":"1","beginTime":"1640549862","endTime":"2020-01-02T11:43-05:00[America/New_York]","close":"298.23","open":"298.14"}
{"volume":"63985.0","ticker":"AAPL","high":"298.34","amount":"298.2841","period":"PT1M","low":"298.2","multiplier":"1","beginTime":"1640549862","endTime":"2020-01-02T11:44-05:00[America/New_York]","close":"298.25","open":"298.26"}
{"volume":"41547.0","ticker":"AAPL","high":"298.2908","amount":"298.2731","period":"PT1M","low":"298.234","multiplier":"1","beginTime":"1640549862","endTime":"2020-01-02T11:45-05:00[America/New_York]","close":"298.2652","open":"298.234"}
{"volume":"62166.0","ticker":"AAPL","high":"298.3308","amount":"298.2465","period":"PT1M","low":"298.17","multiplier":"1","beginTime":"1640549862","endTime":"2020-01-02T11:46-05:00[America/New_York]","close":"298.275","open":"298.2654"}
{"volume":"52253.0","ticker":"AAPL","high":"298.37","amount":"298.305","period":"PT1M","low":"298.2301","multiplier":"1","beginTime":"1640549862","endTime":"2020-01-02T11:47-05:00[America/New_York]","close":"298.3368","open":"298.27"}
{"volume":"78834.0","ticker":"AAPL","high":"298.5","amount":"298.401","period":"PT1M","low":"298.32","multiplier":"1","beginTime":"1640549862","endTime":"2020-01-02T11:48-05:00[America/New_York]","close":"298.46","open":"298.33"}
{"volume":"48034.0","ticker":"AAPL","high":"298.5","amount":"298.4463","period":"PT1M","low":"298.3706","multiplier":"1","beginTime":"1640549862","endTime":"2020-01-02T11:49-05:00[America/New_York]","close":"298.3925","open":"298.468"}
{"volume":"46345.0","ticker":"AAPL","high":"298.4894","amount":"298.4159","period":"PT1M","low":"298.325","multiplier":"1","beginTime":"1640549862","endTime":"2020-01-02T11:50-05:00[America/New_York]","close":"298.325","open":"298.4"}
{"volume":"30532.0","ticker":"AAPL","high":"298.45","amount":"298.3643","period":"PT1M","low":"298.28","multiplier":"1","beginTime":"1640549862","endTime":"2020-01-02T11:51-05:00[America/New_York]","close":"298.43","open":"298.31"}
{"volume":"36090.0","ticker":"AAPL","high":"298.46","amount":"298.4131","period":"PT1M","low":"298.37","multiplier":"1","beginTime":"1640549862","endTime":"2020-01-02T11:52-05:00[America/New_York]","close":"298.4401","open":"298.4399"}
{"volume":"34022.0","ticker":"AAPL","high":"298.46","amount":"298.421","period":"PT1M","low":"298.35","multiplier":"1","beginTime":"1640549862","endTime":"2020-01-02T11:53-05:00[America/New_York]","close":"298.3827","open":"298.4565"}
{"volume":"37143.0","ticker":"AAPL","high":"298.41","amount":"298.3696","period":"PT1M","low":"298.3316","multiplier":"1","beginTime":"1640549862","endTime":"2020-01-02T11:54-05:00[America/New_York]","close":"298.34","open":"298.38"}
{"volume":"36284.0","ticker":"AAPL","high":"298.3477","amount":"298.2968","period":"PT1M","low":"298.25","multiplier":"1","beginTime":"1640549862","endTime":"2020-01-02T11:55-05:00[America/New_York]","close":"298.2664","open":"298.34"}
{"volume":"33972.0","ticker":"AAPL","high":"298.35","amount":"298.2843","period":"PT1M","low":"298.22","multiplier":"1","beginTime":"1640549862","endTime":"2020-01-02T11:56-05:00[America/New_York]","close":"298.3","open":"298.27"}
{"volume":"31398.0","ticker":"AAPL","high":"298.3557","amount":"298.3198","period":"PT1M","low":"298.28","multiplier":"1","beginTime":"1640549862","endTime":"2020-01-02T11:57-05:00[America/New_York]","close":"298.35","open":"298.28"}
{"volume":"21201.0","ticker":"AAPL","high":"298.3764","amount":"298.3419","period":"PT1M","low":"298.3","multiplier":"1","beginTime":"1640549862","endTime":"2020-01-02T11:58-05:00[America/New_York]","close":"298.3","open":"298.3574"}
{"volume":"47261.0","ticker":"AAPL","high":"298.43","amount":"298.3768","period":"PT1M","low":"298.296","multiplier":"1","beginTime":"1640549862","endTime":"2020-01-02T11:59-05:00[America/New_York]","close":"298.41","open":"298.33"}
{"volume":"49404.0","ticker":"AAPL","high":"298.48","amount":"298.453","period":"PT1M","low":"298.4","multiplier":"1","beginTime":"1640549862","endTime":"2020-01-02T12:00-05:00[America/New_York]","close":"298.48","open":"298.41"}
{"volume":"69309.0","ticker":"AAPL","high":"298.57","amount":"298.5184","period":"PT1M","low":"298.47","multiplier":"1","beginTime":"1640549862","endTime":"2020-01-02T12:01-05:00[America/New_York]","close":"298.5199","open":"298.48"}
{"volume":"44903.0","ticker":"AAPL","high":"298.56","amount":"298.4973","period":"PT1M","low":"298.36","multiplier":"1","beginTime":"1640549862","endTime":"2020-01-02T12:02-05:00[America/New_York]","close":"298.37","open":"298.5"}
{"volume":"39317.0","ticker":"AAPL","high":"298.47","amount":"298.4075","period":"PT1M","low":"298.32","multiplier":"1","beginTime":"1640549862","endTime":"2020-01-02T12:03-05:00[America/New_York]","close":"298.4171","open":"298.3601"}
{"volume":"36427.0","ticker":"AAPL","high":"298.44","amount":"298.3776","period":"PT1M","low":"298.3001","multiplier":"1","beginTime":"1640549862","endTime":"2020-01-02T12:04-05:00[America/New_York]","close":"298.37","open":"298.4186"}
{"volume":"61016.0","ticker":"AAPL","high":"298.38","amount":"298.3094","period":"PT1M","low":"298.24","multiplier":"1","beginTime":"1640549862","endTime":"2020-01-02T12:05-05:00[America/New_York]","close":"298.24","open":"298.37"}
{"volume":"44361.0","ticker":"AAPL","high":"298.3","amount":"298.2282","period":"PT1M","low":"298.16","multiplier":"1","beginTime":"1640549862","endTime":"2020-01-02T12:06-05:00[America/New_York]","close":"298.26","open":"298.2404"}
{"volume":"73310.0","ticker":"AAPL","high":"298.35","amount":"298.2015","period":"PT1M","low":"298.05","multiplier":"1","beginTime":"1640549862","endTime":"2020-01-02T12:07-05:00[America/New_York]","close":"298.17","open":"298.27"}
{"volume":"48303.0","ticker":"AAPL","high":"298.23","amount":"298.1837","period":"PT1M","low":"298.15","multiplier":"1","beginTime":"1640549862","endTime":"2020-01-02T12:08-05:00[America/New_York]","close":"298.165","open":"298.18"}
{"volume":"43941.0","ticker":"AAPL","high":"298.32","amount":"298.2742","period":"PT1M","low":"298.1501","multiplier":"1","beginTime":"1640549862","endTime":"2020-01-02T12:09-05:00[America/New_York]","close":"298.3191","open":"298.1501"}
{"volume":"48562.0","ticker":"AAPL","high":"298.42","amount":"298.3462","period":"PT1M","low":"298.26","multiplier":"1","beginTime":"1640549862","endTime":"2020-01-02T12:10-05:00[America/New_York]","close":"298.4","open":"298.32"}
{"volume":"43513.0","ticker":"AAPL","high":"298.44","amount":"298.406","period":"PT1M","low":"298.3602","multiplier":"1","beginTime":"1640549862","endTime":"2020-01-02T12:11-05:00[America/New_York]","close":"298.4","open":"298.4122"}
{"volume":"106784.0","ticker":"AAPL","high":"298.6054","amount":"298.5363","period":"PT1M","low":"298.4003","multiplier":"1","beginTime":"1640549862","endTime":"2020-01-02T12:12-05:00[America/New_York]","close":"298.55","open":"298.41"}
{"volume":"106534.0","ticker":"AAPL","high":"298.8","amount":"298.7065","period":"PT1M","low":"298.55","multiplier":"1","beginTime":"1640549862","endTime":"2020-01-02T12:13-05:00[America/New_York]","close":"298.71","open":"298.55"}
{"volume":"81530.0","ticker":"AAPL","high":"298.7405","amount":"298.6881","period":"PT1M","low":"298.645","multiplier":"1","beginTime":"1640549862","endTime":"2020-01-02T12:14-05:00[America/New_York]","close":"298.65","open":"298.7047"}
{"volume":"61944.0","ticker":"AAPL","high":"298.69","amount":"298.6047","period":"PT1M","low":"298.5227","multiplier":"1","beginTime":"1640549862","endTime":"2020-01-02T12:15-05:00[America/New_York]","close":"298.6407","open":"298.65"}
{"volume":"68920.0","ticker":"AAPL","high":"298.73","amount":"298.6803","period":"PT1M","low":"298.58","multiplier":"1","beginTime":"1640549862","endTime":"2020-01-02T12:16-05:00[America/New_York]","close":"298.7053","open":"298.63"}
{"volume":"37011.0","ticker":"AAPL","high":"298.73","amount":"298.6856","period":"PT1M","low":"298.6393","multiplier":"1","beginTime":"1640549862","endTime":"2020-01-02T12:17-05:00[America/New_York]","close":"298.69","open":"298.71"}
{"volume":"41141.0","ticker":"AAPL","high":"298.7","amount":"298.6451","period":"PT1M","low":"298.572","multiplier":"1","beginTime":"1640549862","endTime":"2020-01-02T12:18-05:00[America/New_York]","close":"298.572","open":"298.695"}
{"volume":"50743.0","ticker":"AAPL","high":"298.5999","amount":"298.5278","period":"PT1M","low":"298.46","multiplier":"1","beginTime":"1640549862","endTime":"2020-01-02T12:19-05:00[America/New_York]","close":"298.55","open":"298.5909"}
{"volume":"27494.0","ticker":"AAPL","high":"298.61","amount":"298.5749","period":"PT1M","low":"298.54","multiplier":"1","beginTime":"1640549862","endTime":"2020-01-02T12:20-05:00[America/New_York]","close":"298.595","open":"298.54"}
{"volume":"31181.0","ticker":"AAPL","high":"298.64","amount":"298.6217","period":"PT1M","low":"298.584","multiplier":"1","beginTime":"1640549862","endTime":"2020-01-02T12:21-05:00[America/New_York]","close":"298.6379","open":"298.59"}
{"volume":"50109.0","ticker":"AAPL","high":"298.665","amount":"298.5621","period":"PT1M","low":"298.4504","multiplier":"1","beginTime":"1640549862","endTime":"2020-01-02T12:22-05:00[America/New_York]","close":"298.47","open":"298.633"}
{"volume":"46651.0","ticker":"AAPL","high":"298.49","amount":"298.4226","period":"PT1M","low":"298.3691","multiplier":"1","beginTime":"1640549862","endTime":"2020-01-02T12:23-05:00[America/New_York]","close":"298.4399","open":"298.4815"}
{"volume":"33432.0","ticker":"AAPL","high":"298.46","amount":"298.4227","period":"PT1M","low":"298.37","multiplier":"1","beginTime":"1640549862","endTime":"2020-01-02T12:24-05:00[America/New_York]","close":"298.44","open":"298.44"}
{"volume":"35633.0","ticker":"AAPL","high":"298.52","amount":"298.4823","period":"PT1M","low":"298.44","multiplier":"1","beginTime":"1640549862","endTime":"2020-01-02T12:25-05:00[America/New_York]","close":"298.44","open":"298.4498"}
{"volume":"29402.0","ticker":"AAPL","high":"298.5115","amount":"298.4336","period":"PT1M","low":"298.33","multiplier":"1","beginTime":"1640549862","endTime":"2020-01-02T12:26-05:00[America/New_York]","close":"298.37","open":"298.45"}
{"volume":"31529.0","ticker":"AAPL","high":"298.39","amount":"298.3697","period":"PT1M","low":"298.3393","multiplier":"1","beginTime":"1640549862","endTime":"2020-01-02T12:27-05:00[America/New_York]","close":"298.37","open":"298.38"}
{"volume":"33795.0","ticker":"AAPL","high":"298.49","amount":"298.4353","period":"PT1M","low":"298.312","multiplier":"1","beginTime":"1640549862","endTime":"2020-01-02T12:28-05:00[America/New_York]","close":"298.33","open":"298.37"}
{"volume":"27863.0","ticker":"AAPL","high":"298.39","amount":"298.3369","period":"PT1M","low":"298.285","multiplier":"1","beginTime":"1640549862","endTime":"2020-01-02T12:29-05:00[America/New_York]","close":"298.285","open":"298.3298"}
{"volume":"31182.0","ticker":"AAPL","high":"298.43","amount":"298.3476","period":"PT1M","low":"298.29","multiplier":"1","beginTime":"1640549862","endTime":"2020-01-02T12:30-05:00[America/New_York]","close":"298.41","open":"298.29"}
{"volume":"42340.0","ticker":"AAPL","high":"298.59","amount":"298.5064","period":"PT1M","low":"298.4","multiplier":"1","beginTime":"1640549862","endTime":"2020-01-02T12:31-05:00[America/New_York]","close":"298.5223","open":"298.4"}
{"volume":"47779.0","ticker":"AAPL","high":"298.5709","amount":"298.462","period":"PT1M","low":"298.4","multiplier":"1","beginTime":"1640549862","endTime":"2020-01-02T12:32-05:00[America/New_York]","close":"298.42","open":"298.5159"}
{"volume":"23347.0","ticker":"AAPL","high":"298.446","amount":"298.388","period":"PT1M","low":"298.33","multiplier":"1","beginTime":"1640549862","endTime":"2020-01-02T12:33-05:00[America/New_York]","close":"298.3984","open":"298.41"}
{"volume":"23325.0","ticker":"AAPL","high":"298.453","amount":"298.4182","period":"PT1M","low":"298.38","multiplier":"1","beginTime":"1640549862","endTime":"2020-01-02T12:34-05:00[America/New_York]","close":"298.41","open":"298.41"}
{"volume":"30769.0","ticker":"AAPL","high":"298.439","amount":"298.3961","period":"PT1M","low":"298.35","multiplier":"1","beginTime":"1640549862","endTime":"2020-01-02T12:35-05:00[America/New_York]","close":"298.38","open":"298.41"}
{"volume":"36572.0","ticker":"AAPL","high":"298.39","amount":"298.3572","period":"PT1M","low":"298.31","multiplier":"1","beginTime":"1640549862","endTime":"2020-01-02T12:36-05:00[America/New_York]","close":"298.3561","open":"298.3783"}
{"volume":"30705.0","ticker":"AAPL","high":"298.37","amount":"298.3356","period":"PT1M","low":"298.3","multiplier":"1","beginTime":"1640549862","endTime":"2020-01-02T12:37-05:00[America/New_York]","close":"298.365","open":"298.355"}
{"volume":"36547.0","ticker":"AAPL","high":"298.49","amount":"298.3943","period":"PT1M","low":"298.33","multiplier":"1","beginTime":"1640549862","endTime":"2020-01-02T12:38-05:00[America/New_York]","close":"298.49","open":"298.366"}
{"volume":"38291.0","ticker":"AAPL","high":"298.58","amount":"298.5472","period":"PT1M","low":"298.482","multiplier":"1","beginTime":"1640549862","endTime":"2020-01-02T12:39-05:00[America/New_York]","close":"298.564","open":"298.5"}
{"volume":"39817.0","ticker":"AAPL","high":"298.585","amount":"298.5582","period":"PT1M","low":"298.51","multiplier":"1","beginTime":"1640549862","endTime":"2020-01-02T12:40-05:00[America/New_York]","close":"298.57","open":"298.5677"}
{"volume":"48880.0","ticker":"AAPL","high":"298.64","amount":"298.6059","period":"PT1M","low":"298.5596","multiplier":"1","beginTime":"1640549862","endTime":"2020-01-02T12:41-05:00[America/New_York]","close":"298.5773","open":"298.57"}
{"volume":"39383.0","ticker":"AAPL","high":"298.5732","amount":"298.5236","period":"PT1M","low":"298.4704","multiplier":"1","beginTime":"1640549862","endTime":"2020-01-02T12:42-05:00[America/New_York]","close":"298.5","open":"298.57"}
{"volume":"26389.0","ticker":"AAPL","high":"298.4897","amount":"298.4555","period":"PT1M","low":"298.41","multiplier":"1","beginTime":"1640549862","endTime":"2020-01-02T12:43-05:00[America/New_York]","close":"298.45","open":"298.475"}
{"volume":"17889.0","ticker":"AAPL","high":"298.4908","amount":"298.4726","period":"PT1M","low":"298.45","multiplier":"1","beginTime":"1640549862","endTime":"2020-01-02T12:44-05:00[America/New_York]","close":"298.47","open":"298.48"}
{"volume":"33561.0","ticker":"AAPL","high":"298.52","amount":"298.4669","period":"PT1M","low":"298.415","multiplier":"1","beginTime":"1640549862","endTime":"2020-01-02T12:45-05:00[America/New_York]","close":"298.45","open":"298.47"}
{"volume":"26535.0","ticker":"AAPL","high":"298.4558","amount":"298.4217","period":"PT1M","low":"298.37","multiplier":"1","beginTime":"1640549862","endTime":"2020-01-02T12:46-05:00[America/New_York]","close":"298.41","open":"298.44"}
{"volume":"24606.0","ticker":"AAPL","high":"298.4534","amount":"298.4213","period":"PT1M","low":"298.39","multiplier":"1","beginTime":"1640549862","endTime":"2020-01-02T12:47-05:00[America/New_York]","close":"298.39","open":"298.4001"}
{"volume":"18674.0","ticker":"AAPL","high":"298.47","amount":"298.4318","period":"PT1M","low":"298.39","multiplier":"1","beginTime":"1640549862","endTime":"2020-01-02T12:48-05:00[America/New_York]","close":"298.455","open":"298.39"}
{"volume":"34710.0","ticker":"AAPL","high":"298.589","amount":"298.5427","period":"PT1M","low":"298.46","multiplier":"1","beginTime":"1640549862","endTime":"2020-01-02T12:49-05:00[America/New_York]","close":"298.53","open":"298.47"}
{"volume":"31761.0","ticker":"AAPL","high":"298.55","amount":"298.4884","period":"PT1M","low":"298.43","multiplier":"1","beginTime":"1640549862","endTime":"2020-01-02T12:50-05:00[America/New_York]","close":"298.5177","open":"298.5265"}
{"volume":"53929.0","ticker":"AAPL","high":"298.72","amount":"298.6426","period":"PT1M","low":"298.49","multiplier":"1","beginTime":"1640549862","endTime":"2020-01-02T12:51-05:00[America/New_York]","close":"298.71","open":"298.5206"}
{"volume":"56794.0","ticker":"AAPL","high":"298.7536","amount":"298.7295","period":"PT1M","low":"298.7","multiplier":"1","beginTime":"1640549862","endTime":"2020-01-02T12:52-05:00[America/New_York]","close":"298.73","open":"298.7174"}
{"volume":"41660.0","ticker":"AAPL","high":"298.75","amount":"298.6539","period":"PT1M","low":"298.57","multiplier":"1","beginTime":"1640549862","endTime":"2020-01-02T12:53-05:00[America/New_York]","close":"298.6245","open":"298.735"}
{"volume":"27805.0","ticker":"AAPL","high":"298.67","amount":"298.6292","period":"PT1M","low":"298.5901","multiplier":"1","beginTime":"1640549862","endTime":"2020-01-02T12:54-05:00[America/New_York]","close":"298.63","open":"298.6254"}
{"volume":"30306.0","ticker":"AAPL","high":"298.66","amount":"298.6136","period":"PT1M","low":"298.55","multiplier":"1","beginTime":"1640549862","endTime":"2020-01-02T12:55-05:00[America/New_York]","close":"298.64","open":"298.64"}
{"volume":"35164.0","ticker":"AAPL","high":"298.7","amount":"298.6442","period":"PT1M","low":"298.59","multiplier":"1","beginTime":"1640549862","endTime":"2020-01-02T12:56-05:00[America/New_York]","close":"298.64","open":"298.66"}
{"volume":"27526.0","ticker":"AAPL","high":"298.7","amount":"298.6606","period":"PT1M","low":"298.63","multiplier":"1","beginTime":"1640549862","endTime":"2020-01-02T12:57-05:00[America/New_York]","close":"298.7","open":"298.635"}
{"volume":"43479.0","ticker":"AAPL","high":"298.74","amount":"298.6998","period":"PT1M","low":"298.66","multiplier":"1","beginTime":"1640549862","endTime":"2020-01-02T12:58-05:00[America/New_York]","close":"298.6699","open":"298.695"}
{"volume":"28696.0","ticker":"AAPL","high":"298.7007","amount":"298.6706","period":"PT1M","low":"298.62","multiplier":"1","beginTime":"1640549862","endTime":"2020-01-02T12:59-05:00[America/New_York]","close":"298.7007","open":"298.664"}
{"volume":"46236.0","ticker":"AAPL","high":"298.73","amount":"298.6375","period":"PT1M","low":"298.5601","multiplier":"1","beginTime":"1640549862","endTime":"2020-01-02T13:00-05:00[America/New_York]","close":"298.5895","open":"298.707"}
{"volume":"45631.0","ticker":"AAPL","high":"298.62","amount":"298.5677","period":"PT1M","low":"298.53","multiplier":"1","beginTime":"1640549862","endTime":"2020-01-02T13:01-05:00[America/New_York]","close":"298.56","open":"298.5855"}
{"volume":"51858.0","ticker":"AAPL","high":"298.55","amount":"298.4956","period":"PT1M","low":"298.43","multiplier":"1","beginTime":"1640549862","endTime":"2020-01-02T13:02-05:00[America/New_York]","close":"298.5098","open":"298.54"}
{"volume":"35264.0","ticker":"AAPL","high":"298.63","amount":"298.5197","period":"PT1M","low":"298.43","multiplier":"1","beginTime":"1640549862","endTime":"2020-01-02T13:03-05:00[America/New_York]","close":"298.624","open":"298.5004"}
{"volume":"28761.0","ticker":"AAPL","high":"298.6399","amount":"298.5755","period":"PT1M","low":"298.5","multiplier":"1","beginTime":"1640549862","endTime":"2020-01-02T13:04-05:00[America/New_York]","close":"298.55","open":"298.6399"}
{"volume":"21831.0","ticker":"AAPL","high":"298.58","amount":"298.5368","period":"PT1M","low":"298.46","multiplier":"1","beginTime":"1640549862","endTime":"2020-01-02T13:05-05:00[America/New_York]","close":"298.46","open":"298.56"}
{"volume":"20709.0","ticker":"AAPL","high":"298.52","amount":"298.4719","period":"PT1M","low":"298.45","multiplier":"1","beginTime":"1640549862","endTime":"2020-01-02T13:06-05:00[America/New_York]","close":"298.493","open":"298.48"}
{"volume":"25786.0","ticker":"AAPL","high":"298.5313","amount":"298.5117","period":"PT1M","low":"298.4864","multiplier":"1","beginTime":"1640549862","endTime":"2020-01-02T13:07-05:00[America/New_York]","close":"298.4864","open":"298.5"}
{"volume":"47729.0","ticker":"AAPL","high":"298.4801","amount":"298.4357","period":"PT1M","low":"298.38","multiplier":"1","beginTime":"1640549862","endTime":"2020-01-02T13:08-05:00[America/New_York]","close":"298.38","open":"298.48"}
{"volume":"36842.0","ticker":"AAPL","high":"298.5448","amount":"298.4615","period":"PT1M","low":"298.37","multiplier":"1","beginTime":"1640549862","endTime":"2020-01-02T13:09-05:00[America/New_York]","close":"298.52","open":"298.38"}
{"volume":"29354.0","ticker":"AAPL","high":"298.5833","amount":"298.5351","period":"PT1M","low":"298.48","multiplier":"1","beginTime":"1640549862","endTime":"2020-01-02T13:10-05:00[America/New_York]","close":"298.58","open":"298.52"}
{"volume":"26548.0","ticker":"AAPL","high":"298.58","amount":"298.5446","period":"PT1M","low":"298.5","multiplier":"1","beginTime":"1640549862","endTime":"2020-01-02T13:11-05:00[America/New_York]","close":"298.58","open":"298.58"}
{"volume":"18261.0","ticker":"AAPL","high":"298.59","amount":"298.5445","period":"PT1M","low":"298.52","multiplier":"1","beginTime":"1640549862","endTime":"2020-01-02T13:12-05:00[America/New_York]","close":"298.55","open":"298.59"}
{"volume":"24694.0","ticker":"AAPL","high":"298.57","amount":"298.5313","period":"PT1M","low":"298.49","multiplier":"1","beginTime":"1640549862","endTime":"2020-01-02T13:13-05:00[America/New_York]","close":"298.49","open":"298.5445"}
{"volume":"24189.0","ticker":"AAPL","high":"298.56","amount":"298.4992","period":"PT1M","low":"298.46","multiplier":"1","beginTime":"1640549862","endTime":"2020-01-02T13:14-05:00[America/New_York]","close":"298.51","open":"298.4851"}
{"volume":"14171.0","ticker":"AAPL","high":"298.5794","amount":"298.5396","period":"PT1M","low":"298.51","multiplier":"1","beginTime":"1640549862","endTime":"2020-01-02T13:15-05:00[America/New_York]","close":"298.55","open":"298.515"}
{"volume":"25707.0","ticker":"AAPL","high":"298.6","amount":"298.5692","period":"PT1M","low":"298.52","multiplier":"1","beginTime":"1640549862","endTime":"2020-01-02T13:16-05:00[America/New_York]","close":"298.57","open":"298.56"}
{"volume":"22514.0","ticker":"AAPL","high":"298.58","amount":"298.5313","period":"PT1M","low":"298.5","multiplier":"1","beginTime":"1640549862","endTime":"2020-01-02T13:17-05:00[America/New_York]","close":"298.52","open":"298.57"}
{"volume":"27998.0","ticker":"AAPL","high":"298.53","amount":"298.5039","period":"PT1M","low":"298.49","multiplier":"1","beginTime":"1640549862","endTime":"2020-01-02T13:18-05:00[America/New_York]","close":"298.5","open":"298.51"}
{"volume":"22250.0","ticker":"AAPL","high":"298.5087","amount":"298.4678","period":"PT1M","low":"298.43","multiplier":"1","beginTime":"1640549862","endTime":"2020-01-02T13:19-05:00[America/New_York]","close":"298.43","open":"298.5087"}
{"volume":"35225.0","ticker":"AAPL","high":"298.55","amount":"298.4469","period":"PT1M","low":"298.39","multiplier":"1","beginTime":"1640549862","endTime":"2020-01-02T13:20-05:00[America/New_York]","close":"298.51","open":"298.4285"}
{"volume":"27876.0","ticker":"AAPL","high":"298.55","amount":"298.4738","period":"PT1M","low":"298.42","multiplier":"1","beginTime":"1640549862","endTime":"2020-01-02T13:21-05:00[America/New_York]","close":"298.55","open":"298.5075"}
{"volume":"33196.0","ticker":"AAPL","high":"298.55","amount":"298.4906","period":"PT1M","low":"298.4201","multiplier":"1","beginTime":"1640549862","endTime":"2020-01-02T13:22-05:00[America/New_York]","close":"298.438","open":"298.5237"}
{"volume":"34711.0","ticker":"AAPL","high":"298.52","amount":"298.4859","period":"PT1M","low":"298.435","multiplier":"1","beginTime":"1640549862","endTime":"2020-01-02T13:23-05:00[America/New_York]","close":"298.4736","open":"298.435"}
{"volume":"40754.0","ticker":"AAPL","high":"298.53","amount":"298.5056","period":"PT1M","low":"298.47","multiplier":"1","beginTime":"1640549862","endTime":"2020-01-02T13:24-05:00[America/New_York]","close":"298.53","open":"298.47"}
{"volume":"33954.0","ticker":"AAPL","high":"298.5798","amount":"298.5572","period":"PT1M","low":"298.52","multiplier":"1","beginTime":"1640549862","endTime":"2020-01-02T13:25-05:00[America/New_York]","close":"298.555","open":"298.52"}
{"volume":"29503.0","ticker":"AAPL","high":"298.552","amount":"298.5237","period":"PT1M","low":"298.4945","multiplier":"1","beginTime":"1640549862","endTime":"2020-01-02T13:26-05:00[America/New_York]","close":"298.5413","open":"298.552"}
{"volume":"27492.0","ticker":"AAPL","high":"298.55","amount":"298.4993","period":"PT1M","low":"298.46","multiplier":"1","beginTime":"1640549862","endTime":"2020-01-02T13:27-05:00[America/New_York]","close":"298.47","open":"298.54"}
{"volume":"25179.0","ticker":"AAPL","high":"298.49","amount":"298.4527","period":"PT1M","low":"298.4122","multiplier":"1","beginTime":"1640549862","endTime":"2020-01-02T13:28-05:00[America/New_York]","close":"298.48","open":"298.465"}
{"volume":"23541.0","ticker":"AAPL","high":"298.5349","amount":"298.5015","period":"PT1M","low":"298.46","multiplier":"1","beginTime":"1640549862","endTime":"2020-01-02T13:29-05:00[America/New_York]","close":"298.4939","open":"298.48"}
{"volume":"27052.0","ticker":"AAPL","high":"298.55","amount":"298.5059","period":"PT1M","low":"298.46","multiplier":"1","beginTime":"1640549862","endTime":"2020-01-02T13:30-05:00[America/New_York]","close":"298.4784","open":"298.5"}
{"volume":"27855.0","ticker":"AAPL","high":"298.49","amount":"298.4681","period":"PT1M","low":"298.43","multiplier":"1","beginTime":"1640549862","endTime":"2020-01-02T13:31-05:00[America/New_York]","close":"298.47","open":"298.4702"}
{"volume":"26346.0","ticker":"AAPL","high":"298.54","amount":"298.5018","period":"PT1M","low":"298.44","multiplier":"1","beginTime":"1640549862","endTime":"2020-01-02T13:32-05:00[America/New_York]","close":"298.44","open":"298.5"}
{"volume":"22657.0","ticker":"AAPL","high":"298.51","amount":"298.4639","period":"PT1M","low":"298.41","multiplier":"1","beginTime":"1640549862","endTime":"2020-01-02T13:33-05:00[America/New_York]","close":"298.47","open":"298.43"}
{"volume":"17594.0","ticker":"AAPL","high":"298.5","amount":"298.4821","period":"PT1M","low":"298.46","multiplier":"1","beginTime":"1640549862","endTime":"2020-01-02T13:34-05:00[America/New_York]","close":"298.46","open":"298.475"}
{"volume":"28062.0","ticker":"AAPL","high":"298.54","amount":"298.4953","period":"PT1M","low":"298.44","multiplier":"1","beginTime":"1640549862","endTime":"2020-01-02T13:35-05:00[America/New_York]","close":"298.49","open":"298.45"}
{"volume":"27623.0","ticker":"AAPL","high":"298.55","amount":"298.4897","period":"PT1M","low":"298.44","multiplier":"1","beginTime":"1640549862","endTime":"2020-01-02T13:36-05:00[America/New_York]","close":"298.5","open":"298.49"}
{"volume":"21537.0","ticker":"AAPL","high":"298.505","amount":"298.4651","period":"PT1M","low":"298.43","multiplier":"1","beginTime":"1640549862","endTime":"2020-01-02T13:37-05:00[America/New_York]","close":"298.4549","open":"298.505"}
{"volume":"31249.0","ticker":"AAPL","high":"298.55","amount":"298.4968","period":"PT1M","low":"298.44","multiplier":"1","beginTime":"1640549862","endTime":"2020-01-02T13:38-05:00[America/New_York]","close":"298.51","open":"298.4488"}
{"volume":"45672.0","ticker":"AAPL","high":"298.53","amount":"298.4303","period":"PT1M","low":"298.32","multiplier":"1","beginTime":"1640549862","endTime":"2020-01-02T13:39-05:00[America/New_York]","close":"298.36","open":"298.5106"}
{"volume":"63186.0","ticker":"AAPL","high":"298.35","amount":"298.2773","period":"PT1M","low":"298.2","multiplier":"1","beginTime":"1640549862","endTime":"2020-01-02T13:40-05:00[America/New_York]","close":"298.29","open":"298.33"}
{"volume":"60983.0","ticker":"AAPL","high":"298.34","amount":"298.2098","period":"PT1M","low":"298.15","multiplier":"1","beginTime":"1640549862","endTime":"2020-01-02T13:41-05:00[America/New_York]","close":"298.2","open":"298.34"}
{"volume":"28505.0","ticker":"AAPL","high":"298.21","amount":"298.1771","period":"PT1M","low":"298.1427","multiplier":"1","beginTime":"1640549862","endTime":"2020-01-02T13:42-05:00[America/New_York]","close":"298.1757","open":"298.2"}
{"volume":"31043.0","ticker":"AAPL","high":"298.2","amount":"298.1475","period":"PT1M","low":"298.1","multiplier":"1","beginTime":"1640549862","endTime":"2020-01-02T13:43-05:00[America/New_York]","close":"298.13","open":"298.18"}
{"volume":"38438.0","ticker":"AAPL","high":"298.1689","amount":"298.1373","period":"PT1M","low":"298.11","multiplier":"1","beginTime":"1640549862","endTime":"2020-01-02T13:44-05:00[America/New_York]","close":"298.13","open":"298.135"}
{"volume":"67189.0","ticker":"AAPL","high":"298.23","amount":"298.1631","period":"PT1M","low":"298.12","multiplier":"1","beginTime":"1640549862","endTime":"2020-01-02T13:45-05:00[America/New_York]","close":"298.2174","open":"298.14"}
{"volume":"31515.0","ticker":"AAPL","high":"298.215","amount":"298.1685","period":"PT1M","low":"298.13","multiplier":"1","beginTime":"1640549862","endTime":"2020-01-02T13:46-05:00[America/New_York]","close":"298.173","open":"298.21"}
{"volume":"38877.0","ticker":"AAPL","high":"298.3296","amount":"298.2514","period":"PT1M","low":"298.17","multiplier":"1","beginTime":"1640549862","endTime":"2020-01-02T13:47-05:00[America/New_York]","close":"298.32","open":"298.17"}
{"volume":"39869.0","ticker":"AAPL","high":"298.4","amount":"298.3284","period":"PT1M","low":"298.29","multiplier":"1","beginTime":"1640549862","endTime":"2020-01-02T13:48-05:00[America/New_York]","close":"298.341","open":"298.3296"}
{"volume":"32481.0","ticker":"AAPL","high":"298.37","amount":"298.342","period":"PT1M","low":"298.3","multiplier":"1","beginTime":"1640549862","endTime":"2020-01-02T13:49-05:00[America/New_York]","close":"298.3471","open":"298.34"}
{"volume":"25802.0","ticker":"AAPL","high":"298.39","amount":"298.3519","period":"PT1M","low":"298.2901","multiplier":"1","beginTime":"1640549862","endTime":"2020-01-02T13:50-05:00[America/New_York]","close":"298.2901","open":"298.35"}
{"volume":"42688.0","ticker":"AAPL","high":"298.32","amount":"298.2782","period":"PT1M","low":"298.22","multiplier":"1","beginTime":"1640549862","endTime":"2020-01-02T13:51-05:00[America/New_York]","close":"298.2565","open":"298.2996"}
{"volume":"175242.0","ticker":"AAPL","high":"298.32","amount":"298.2106","period":"PT1M","low":"298.2","multiplier":"1","beginTime":"1640549862","endTime":"2020-01-02T13:52-05:00[America/New_York]","close":"298.28","open":"298.2667"}
{"volume":"30073.0","ticker":"AAPL","high":"298.31","amount":"298.2698","period":"PT1M","low":"298.24","multiplier":"1","beginTime":"1640549862","endTime":"2020-01-02T13:53-05:00[America/New_York]","close":"298.24","open":"298.27"}
{"volume":"24661.0","ticker":"AAPL","high":"298.28","amount":"298.2409","period":"PT1M","low":"298.2","multiplier":"1","beginTime":"1640549862","endTime":"2020-01-02T13:54-05:00[America/New_York]","close":"298.2759","open":"298.23"}
{"volume":"26549.0","ticker":"AAPL","high":"298.3427","amount":"298.307","period":"PT1M","low":"298.2749","multiplier":"1","beginTime":"1640549862","endTime":"2020-01-02T13:55-05:00[America/New_York]","close":"298.31","open":"298.2749"}
{"volume":"27174.0","ticker":"AAPL","high":"298.43","amount":"298.3775","period":"PT1M","low":"298.3","multiplier":"1","beginTime":"1640549862","endTime":"2020-01-02T13:56-05:00[America/New_York]","close":"298.42","open":"298.3085"}
{"volume":"36428.0","ticker":"AAPL","high":"298.46","amount":"298.4251","period":"PT1M","low":"298.39","multiplier":"1","beginTime":"1640549862","endTime":"2020-01-02T13:57-05:00[America/New_York]","close":"298.44","open":"298.42"}
{"volume":"28045.0","ticker":"AAPL","high":"298.44","amount":"298.3687","period":"PT1M","low":"298.3596","multiplier":"1","beginTime":"1640549862","endTime":"2020-01-02T13:58-05:00[America/New_York]","close":"298.3825","open":"298.44"}
{"volume":"28244.0","ticker":"AAPL","high":"298.46","amount":"298.4188","period":"PT1M","low":"298.38","multiplier":"1","beginTime":"1640549862","endTime":"2020-01-02T13:59-05:00[America/New_York]","close":"298.44","open":"298.385"}
{"volume":"46654.0","ticker":"AAPL","high":"298.48","amount":"298.4462","period":"PT1M","low":"298.42","multiplier":"1","beginTime":"1640549862","endTime":"2020-01-02T14:00-05:00[America/New_York]","close":"298.435","open":"298.44"}
{"volume":"22759.0","ticker":"AAPL","high":"298.45","amount":"298.4305","period":"PT1M","low":"298.4","multiplier":"1","beginTime":"1640549862","endTime":"2020-01-02T14:01-05:00[America/New_York]","close":"298.44","open":"298.4464"}
{"volume":"60362.0","ticker":"AAPL","high":"298.51","amount":"298.4917","period":"PT1M","low":"298.45","multiplier":"1","beginTime":"1640549862","endTime":"2020-01-02T14:02-05:00[America/New_York]","close":"298.47","open":"298.45"}
{"volume":"38715.0","ticker":"AAPL","high":"298.4951","amount":"298.4331","period":"PT1M","low":"298.36","multiplier":"1","beginTime":"1640549862","endTime":"2020-01-02T14:03-05:00[America/New_York]","close":"298.37","open":"298.4803"}
{"volume":"43863.0","ticker":"AAPL","high":"298.38","amount":"298.3251","period":"PT1M","low":"298.27","multiplier":"1","beginTime":"1640549862","endTime":"2020-01-02T14:04-05:00[America/New_York]","close":"298.335","open":"298.38"}
{"volume":"27919.0","ticker":"AAPL","high":"298.37","amount":"298.3353","period":"PT1M","low":"298.3","multiplier":"1","beginTime":"1640549862","endTime":"2020-01-02T14:05-05:00[America/New_York]","close":"298.33","open":"298.34"}
{"volume":"64640.0","ticker":"AAPL","high":"298.3403","amount":"298.2345","period":"PT1M","low":"298.195","multiplier":"1","beginTime":"1640549862","endTime":"2020-01-02T14:06-05:00[America/New_York]","close":"298.215","open":"298.33"}
{"volume":"53852.0","ticker":"AAPL","high":"298.28","amount":"298.23","period":"PT1M","low":"298.15","multiplier":"1","beginTime":"1640549862","endTime":"2020-01-02T14:07-05:00[America/New_York]","close":"298.15","open":"298.22"}
{"volume":"68522.0","ticker":"AAPL","high":"298.175","amount":"298.1034","period":"PT1M","low":"298.06","multiplier":"1","beginTime":"1640549862","endTime":"2020-01-02T14:08-05:00[America/New_York]","close":"298.12","open":"298.16"}
{"volume":"50034.0","ticker":"AAPL","high":"298.2","amount":"298.1569","period":"PT1M","low":"298.1117","multiplier":"1","beginTime":"1640549862","endTime":"2020-01-02T14:09-05:00[America/New_York]","close":"298.17","open":"298.1117"}
{"volume":"29805.0","ticker":"AAPL","high":"298.22","amount":"298.1868","period":"PT1M","low":"298.1591","multiplier":"1","beginTime":"1640549862","endTime":"2020-01-02T14:10-05:00[America/New_York]","close":"298.185","open":"298.1591"}
{"volume":"44753.0","ticker":"AAPL","high":"298.2899","amount":"298.2403","period":"PT1M","low":"298.187","multiplier":"1","beginTime":"1640549862","endTime":"2020-01-02T14:11-05:00[America/New_York]","close":"298.2301","open":"298.1881"}
{"volume":"28010.0","ticker":"AAPL","high":"298.315","amount":"298.2773","period":"PT1M","low":"298.2402","multiplier":"1","beginTime":"1640549862","endTime":"2020-01-02T14:12-05:00[America/New_York]","close":"298.2672","open":"298.25"}
{"volume":"33488.0","ticker":"AAPL","high":"298.29","amount":"298.2735","period":"PT1M","low":"298.24","multiplier":"1","beginTime":"1640549862","endTime":"2020-01-02T14:13-05:00[America/New_York]","close":"298.275","open":"298.2868"}
{"volume":"30892.0","ticker":"AAPL","high":"298.315","amount":"298.2924","period":"PT1M","low":"298.2697","multiplier":"1","beginTime":"1640549862","endTime":"2020-01-02T14:14-05:00[America/New_York]","close":"298.31","open":"298.28"}
{"volume":"49789.0","ticker":"AAPL","high":"298.34","amount":"298.3101","period":"PT1M","low":"298.28","multiplier":"1","beginTime":"1640549862","endTime":"2020-01-02T14:15-05:00[America/New_York]","close":"298.32","open":"298.32"}
{"volume":"20583.0","ticker":"AAPL","high":"298.32","amount":"298.274","period":"PT1M","low":"298.24","multiplier":"1","beginTime":"1640549862","endTime":"2020-01-02T14:16-05:00[America/New_York]","close":"298.275","open":"298.32"}
{"volume":"21371.0","ticker":"AAPL","high":"298.3","amount":"298.285","period":"PT1M","low":"298.27","multiplier":"1","beginTime":"1640549862","endTime":"2020-01-02T14:17-05:00[America/New_York]","close":"298.28","open":"298.2762"}
{"volume":"32785.0","ticker":"AAPL","high":"298.32","amount":"298.2704","period":"PT1M","low":"298.21","multiplier":"1","beginTime":"1640549862","endTime":"2020-01-02T14:18-05:00[America/New_York]","close":"298.3","open":"298.2782"}
{"volume":"43410.0","ticker":"AAPL","high":"298.35","amount":"298.3057","period":"PT1M","low":"298.27","multiplier":"1","beginTime":"1640549862","endTime":"2020-01-02T14:19-05:00[America/New_York]","close":"298.31","open":"298.305"}
{"volume":"56995.0","ticker":"AAPL","high":"298.44","amount":"298.3848","period":"PT1M","low":"298.31","multiplier":"1","beginTime":"1640549862","endTime":"2020-01-02T14:20-05:00[America/New_York]","close":"298.42","open":"298.32"}
{"volume":"26801.0","ticker":"AAPL","high":"298.46","amount":"298.4308","period":"PT1M","low":"298.4","multiplier":"1","beginTime":"1640549862","endTime":"2020-01-02T14:21-05:00[America/New_York]","close":"298.4401","open":"298.42"}
{"volume":"62276.0","ticker":"AAPL","high":"298.54","amount":"298.5","period":"PT1M","low":"298.4494","multiplier":"1","beginTime":"1640549862","endTime":"2020-01-02T14:22-05:00[America/New_York]","close":"298.51","open":"298.4494"}
{"volume":"42151.0","ticker":"AAPL","high":"298.53","amount":"298.4844","period":"PT1M","low":"298.43","multiplier":"1","beginTime":"1640549862","endTime":"2020-01-02T14:23-05:00[America/New_York]","close":"298.437","open":"298.5109"}
{"volume":"32548.0","ticker":"AAPL","high":"298.77","amount":"298.4847","period":"PT1M","low":"298.43","multiplier":"1","beginTime":"1640549862","endTime":"2020-01-02T14:24-05:00[America/New_York]","close":"298.511","open":"298.4459"}
{"volume":"77020.0","ticker":"AAPL","high":"298.68","amount":"298.5945","period":"PT1M","low":"298.52","multiplier":"1","beginTime":"1640549862","endTime":"2020-01-02T14:25-05:00[America/New_York]","close":"298.66","open":"298.52"}
{"volume":"41848.0","ticker":"AAPL","high":"298.67","amount":"298.65","period":"PT1M","low":"298.62","multiplier":"1","beginTime":"1640549862","endTime":"2020-01-02T14:26-05:00[America/New_York]","close":"298.62","open":"298.66"}
{"volume":"41199.0","ticker":"AAPL","high":"298.71","amount":"298.6645","period":"PT1M","low":"298.6301","multiplier":"1","beginTime":"1640549862","endTime":"2020-01-02T14:27-05:00[America/New_York]","close":"298.6749","open":"298.64"}
{"volume":"37339.0","ticker":"AAPL","high":"298.74","amount":"298.7092","period":"PT1M","low":"298.68","multiplier":"1","beginTime":"1640549862","endTime":"2020-01-02T14:28-05:00[America/New_York]","close":"298.715","open":"298.68"}
{"volume":"49992.0","ticker":"AAPL","high":"298.76","amount":"298.7227","period":"PT1M","low":"298.6869","multiplier":"1","beginTime":"1640549862","endTime":"2020-01-02T14:29-05:00[America/New_York]","close":"298.69","open":"298.71"}
{"volume":"59475.0","ticker":"AAPL","high":"298.71","amount":"298.5898","period":"PT1M","low":"298.51","multiplier":"1","beginTime":"1640549862","endTime":"2020-01-02T14:30-05:00[America/New_York]","close":"298.51","open":"298.68"}
{"volume":"47477.0","ticker":"AAPL","high":"298.535","amount":"298.4821","period":"PT1M","low":"298.412","multiplier":"1","beginTime":"1640549862","endTime":"2020-01-02T14:31-05:00[America/New_York]","close":"298.53","open":"298.51"}
{"volume":"37236.0","ticker":"AAPL","high":"298.58","amount":"298.5468","period":"PT1M","low":"298.4938","multiplier":"1","beginTime":"1640549862","endTime":"2020-01-02T14:32-05:00[America/New_York]","close":"298.5","open":"298.53"}
{"volume":"26269.0","ticker":"AAPL","high":"298.6","amount":"298.5184","period":"PT1M","low":"298.4539","multiplier":"1","beginTime":"1640549862","endTime":"2020-01-02T14:33-05:00[America/New_York]","close":"298.595","open":"298.51"}
{"volume":"21698.0","ticker":"AAPL","high":"298.5999","amount":"298.5558","period":"PT1M","low":"298.5245","multiplier":"1","beginTime":"1640549862","endTime":"2020-01-02T14:34-05:00[America/New_York]","close":"298.55","open":"298.595"}
{"volume":"28900.0","ticker":"AAPL","high":"298.57","amount":"298.4991","period":"PT1M","low":"298.46","multiplier":"1","beginTime":"1640549862","endTime":"2020-01-02T14:35-05:00[America/New_York]","close":"298.555","open":"298.54"}
{"volume":"47598.0","ticker":"AAPL","high":"298.67","amount":"298.6296","period":"PT1M","low":"298.55","multiplier":"1","beginTime":"1640549862","endTime":"2020-01-02T14:36-05:00[America/New_York]","close":"298.58","open":"298.56"}
{"volume":"21938.0","ticker":"AAPL","high":"298.5999","amount":"298.5632","period":"PT1M","low":"298.53","multiplier":"1","beginTime":"1640549862","endTime":"2020-01-02T14:37-05:00[America/New_York]","close":"298.55","open":"298.55"}
{"volume":"32620.0","ticker":"AAPL","high":"298.7","amount":"298.6494","period":"PT1M","low":"298.542","multiplier":"1","beginTime":"1640549862","endTime":"2020-01-02T14:38-05:00[America/New_York]","close":"298.63","open":"298.542"}
{"volume":"30592.0","ticker":"AAPL","high":"298.72","amount":"298.687","period":"PT1M","low":"298.65","multiplier":"1","beginTime":"1640549862","endTime":"2020-01-02T14:39-05:00[America/New_York]","close":"298.7006","open":"298.65"}
{"volume":"67256.0","ticker":"AAPL","high":"298.85","amount":"298.7716","period":"PT1M","low":"298.67","multiplier":"1","beginTime":"1640549862","endTime":"2020-01-02T14:40-05:00[America/New_York]","close":"298.82","open":"298.68"}
{"volume":"67770.0","ticker":"AAPL","high":"298.85","amount":"298.8068","period":"PT1M","low":"298.76","multiplier":"1","beginTime":"1640549862","endTime":"2020-01-02T14:41-05:00[America/New_York]","close":"298.8339","open":"298.8262"}
{"volume":"91808.0","ticker":"AAPL","high":"298.93","amount":"298.8659","period":"PT1M","low":"298.83","multiplier":"1","beginTime":"1640549862","endTime":"2020-01-02T14:42-05:00[America/New_York]","close":"298.9","open":"298.84"}
{"volume":"82951.0","ticker":"AAPL","high":"298.99","amount":"298.9347","period":"PT1M","low":"298.86","multiplier":"1","beginTime":"1640549862","endTime":"2020-01-02T14:43-05:00[America/New_York]","close":"298.94","open":"298.9"}
{"volume":"177088.0","ticker":"AAPL","high":"299.09","amount":"299.0082","period":"PT1M","low":"298.93","multiplier":"1","beginTime":"1640549862","endTime":"2020-01-02T14:44-05:00[America/New_York]","close":"299.07","open":"298.94"}
{"volume":"88945.0","ticker":"AAPL","high":"299.11","amount":"299.0539","period":"PT1M","low":"299.0","multiplier":"1","beginTime":"1640549862","endTime":"2020-01-02T14:45-05:00[America/New_York]","close":"299.05","open":"299.0801"}
{"volume":"72567.0","ticker":"AAPL","high":"299.05","amount":"299.0031","period":"PT1M","low":"298.97","multiplier":"1","beginTime":"1640549862","endTime":"2020-01-02T14:46-05:00[America/New_York]","close":"299.01","open":"299.05"}
{"volume":"56031.0","ticker":"AAPL","high":"299.1007","amount":"299.0617","period":"PT1M","low":"299.0","multiplier":"1","beginTime":"1640549862","endTime":"2020-01-02T14:47-05:00[America/New_York]","close":"299.07","open":"299.0"}
{"volume":"71765.0","ticker":"AAPL","high":"299.12","amount":"299.0481","period":"PT1M","low":"298.97","multiplier":"1","beginTime":"1640549862","endTime":"2020-01-02T14:48-05:00[America/New_York]","close":"298.98","open":"299.075"}
{"volume":"63813.0","ticker":"AAPL","high":"298.99","amount":"298.9192","period":"PT1M","low":"298.86","multiplier":"1","beginTime":"1640549862","endTime":"2020-01-02T14:49-05:00[America/New_York]","close":"298.905","open":"298.9831"}
{"volume":"52861.0","ticker":"AAPL","high":"298.9061","amount":"298.8649","period":"PT1M","low":"298.82","multiplier":"1","beginTime":"1640549862","endTime":"2020-01-02T14:50-05:00[America/New_York]","close":"298.8809","open":"298.9"}
{"volume":"56106.0","ticker":"AAPL","high":"299.0","amount":"298.9323","period":"PT1M","low":"298.83","multiplier":"1","beginTime":"1640549862","endTime":"2020-01-02T14:51-05:00[America/New_York]","close":"298.9905","open":"298.87"}
{"volume":"58178.0","ticker":"AAPL","high":"299.065","amount":"298.9963","period":"PT1M","low":"298.91","multiplier":"1","beginTime":"1640549862","endTime":"2020-01-02T14:52-05:00[America/New_York]","close":"299.06","open":"298.9903"}
{"volume":"70549.0","ticker":"AAPL","high":"299.1","amount":"299.0501","period":"PT1M","low":"299.0","multiplier":"1","beginTime":"1640549862","endTime":"2020-01-02T14:53-05:00[America/New_York]","close":"299.02","open":"299.0667"}
{"volume":"50925.0","ticker":"AAPL","high":"299.02","amount":"299.0005","period":"PT1M","low":"298.96","multiplier":"1","beginTime":"1640549862","endTime":"2020-01-02T14:54-05:00[America/New_York]","close":"298.9747","open":"299.01"}
{"volume":"40525.0","ticker":"AAPL","high":"299.0","amount":"298.9582","period":"PT1M","low":"298.91","multiplier":"1","beginTime":"1640549862","endTime":"2020-01-02T14:55-05:00[America/New_York]","close":"298.9562","open":"298.96"}
{"volume":"39188.0","ticker":"AAPL","high":"299.0","amount":"298.9783","period":"PT1M","low":"298.95","multiplier":"1","beginTime":"1640549862","endTime":"2020-01-02T14:56-05:00[America/New_York]","close":"298.99","open":"298.97"}
{"volume":"80526.0","ticker":"AAPL","high":"299.1","amount":"299.0286","period":"PT1M","low":"298.99","multiplier":"1","beginTime":"1640549862","endTime":"2020-01-02T14:57-05:00[America/New_York]","close":"299.0066","open":"298.995"}
{"volume":"34069.0","ticker":"AAPL","high":"299.09","amount":"299.0597","period":"PT1M","low":"299.0","multiplier":"1","beginTime":"1640549862","endTime":"2020-01-02T14:58-05:00[America/New_York]","close":"299.05","open":"299.01"}
{"volume":"56053.0","ticker":"AAPL","high":"299.157","amount":"299.0922","period":"PT1M","low":"299.04","multiplier":"1","beginTime":"1640549862","endTime":"2020-01-02T14:59-05:00[America/New_York]","close":"299.08","open":"299.045"}
{"volume":"97950.0","ticker":"AAPL","high":"299.25","amount":"299.1901","period":"PT1M","low":"299.08","multiplier":"1","beginTime":"1640549862","endTime":"2020-01-02T15:00-05:00[America/New_York]","close":"299.1703","open":"299.08"}
{"volume":"47596.0","ticker":"AAPL","high":"299.2003","amount":"299.1635","period":"PT1M","low":"299.13","multiplier":"1","beginTime":"1640549862","endTime":"2020-01-02T15:01-05:00[America/New_York]","close":"299.155","open":"299.1671"}
{"volume":"63362.0","ticker":"AAPL","high":"299.2","amount":"299.1236","period":"PT1M","low":"299.04","multiplier":"1","beginTime":"1640549862","endTime":"2020-01-02T15:02-05:00[America/New_York]","close":"299.1642","open":"299.1501"}
{"volume":"80440.0","ticker":"AAPL","high":"299.31","amount":"299.2461","period":"PT1M","low":"299.14","multiplier":"1","beginTime":"1640549862","endTime":"2020-01-02T15:03-05:00[America/New_York]","close":"299.3","open":"299.17"}
{"volume":"83868.0","ticker":"AAPL","high":"299.38","amount":"299.3108","period":"PT1M","low":"299.24","multiplier":"1","beginTime":"1640549862","endTime":"2020-01-02T15:04-05:00[America/New_York]","close":"299.34","open":"299.3"}
{"volume":"84008.0","ticker":"AAPL","high":"299.41","amount":"299.3395","period":"PT1M","low":"299.26","multiplier":"1","beginTime":"1640549862","endTime":"2020-01-02T15:05-05:00[America/New_York]","close":"299.29","open":"299.36"}
{"volume":"74275.0","ticker":"AAPL","high":"299.35","amount":"299.3141","period":"PT1M","low":"299.27","multiplier":"1","beginTime":"1640549862","endTime":"2020-01-02T15:06-05:00[America/New_York]","close":"299.3278","open":"299.28"}
{"volume":"51462.0","ticker":"AAPL","high":"299.38","amount":"299.3501","period":"PT1M","low":"299.32","multiplier":"1","beginTime":"1640549862","endTime":"2020-01-02T15:07-05:00[America/New_York]","close":"299.3584","open":"299.32"}
{"volume":"79187.0","ticker":"AAPL","high":"299.37","amount":"299.2913","period":"PT1M","low":"299.18","multiplier":"1","beginTime":"1640549862","endTime":"2020-01-02T15:08-05:00[America/New_York]","close":"299.1996","open":"299.35"}
{"volume":"64149.0","ticker":"AAPL","high":"299.29","amount":"299.2191","period":"PT1M","low":"299.12","multiplier":"1","beginTime":"1640549862","endTime":"2020-01-02T15:09-05:00[America/New_York]","close":"299.2099","open":"299.19"}
{"volume":"66467.0","ticker":"AAPL","high":"299.36","amount":"299.2819","period":"PT1M","low":"299.1985","multiplier":"1","beginTime":"1640549862","endTime":"2020-01-02T15:10-05:00[America/New_York]","close":"299.25","open":"299.1985"}
{"volume":"32441.0","ticker":"AAPL","high":"299.33","amount":"299.2984","period":"PT1M","low":"299.2401","multiplier":"1","beginTime":"1640549862","endTime":"2020-01-02T15:11-05:00[America/New_York]","close":"299.33","open":"299.2401"}
{"volume":"42881.0","ticker":"AAPL","high":"299.4","amount":"299.3468","period":"PT1M","low":"299.3","multiplier":"1","beginTime":"1640549862","endTime":"2020-01-02T15:12-05:00[America/New_York]","close":"299.35","open":"299.32"}
{"volume":"72947.0","ticker":"AAPL","high":"299.4","amount":"299.366","period":"PT1M","low":"299.32","multiplier":"1","beginTime":"1640549862","endTime":"2020-01-02T15:13-05:00[America/New_York]","close":"299.4","open":"299.3575"}
{"volume":"67890.0","ticker":"AAPL","high":"299.4","amount":"299.303","period":"PT1M","low":"299.24","multiplier":"1","beginTime":"1640549862","endTime":"2020-01-02T15:14-05:00[America/New_York]","close":"299.2842","open":"299.38"}
{"volume":"57176.0","ticker":"AAPL","high":"299.4099","amount":"299.3599","period":"PT1M","low":"299.2833","multiplier":"1","beginTime":"1640549862","endTime":"2020-01-02T15:15-05:00[America/New_York]","close":"299.37","open":"299.2833"}
{"volume":"29354.0","ticker":"AAPL","high":"299.39","amount":"299.3642","period":"PT1M","low":"299.3152","multiplier":"1","beginTime":"1640549862","endTime":"2020-01-02T15:16-05:00[America/New_York]","close":"299.39","open":"299.3662"}
{"volume":"79641.0","ticker":"AAPL","high":"299.49","amount":"299.45","period":"PT1M","low":"299.38","multiplier":"1","beginTime":"1640549862","endTime":"2020-01-02T15:17-05:00[America/New_York]","close":"299.45","open":"299.38"}
{"volume":"42441.0","ticker":"AAPL","high":"299.46","amount":"299.4301","period":"PT1M","low":"299.4","multiplier":"1","beginTime":"1640549862","endTime":"2020-01-02T15:18-05:00[America/New_York]","close":"299.4339","open":"299.45"}
{"volume":"86829.0","ticker":"AAPL","high":"299.4738","amount":"299.3789","period":"PT1M","low":"299.3","multiplier":"1","beginTime":"1640549862","endTime":"2020-01-02T15:19-05:00[America/New_York]","close":"299.34","open":"299.42"}
{"volume":"67824.0","ticker":"AAPL","high":"299.5","amount":"299.4366","period":"PT1M","low":"299.28","multiplier":"1","beginTime":"1640549862","endTime":"2020-01-02T15:20-05:00[America/New_York]","close":"299.49","open":"299.32"}
{"volume":"59068.0","ticker":"AAPL","high":"299.5","amount":"299.4248","period":"PT1M","low":"299.41","multiplier":"1","beginTime":"1640549862","endTime":"2020-01-02T15:21-05:00[America/New_York]","close":"299.5","open":"299.47"}
{"volume":"67971.0","ticker":"AAPL","high":"299.6","amount":"299.531","period":"PT1M","low":"299.46","multiplier":"1","beginTime":"1640549862","endTime":"2020-01-02T15:22-05:00[America/New_York]","close":"299.6","open":"299.49"}
{"volume":"88471.0","ticker":"AAPL","high":"299.65","amount":"299.6081","period":"PT1M","low":"299.57","multiplier":"1","beginTime":"1640549862","endTime":"2020-01-02T15:23-05:00[America/New_York]","close":"299.632","open":"299.6"}
{"volume":"76499.0","ticker":"AAPL","high":"299.69","amount":"299.5794","period":"PT1M","low":"299.5","multiplier":"1","beginTime":"1640549862","endTime":"2020-01-02T15:24-05:00[America/New_York]","close":"299.6113","open":"299.65"}
{"volume":"48919.0","ticker":"AAPL","high":"299.6199","amount":"299.5493","period":"PT1M","low":"299.5","multiplier":"1","beginTime":"1640549862","endTime":"2020-01-02T15:25-05:00[America/New_York]","close":"299.56","open":"299.612"}
{"volume":"39861.0","ticker":"AAPL","high":"299.6","amount":"299.554","period":"PT1M","low":"299.51","multiplier":"1","beginTime":"1640549862","endTime":"2020-01-02T15:26-05:00[America/New_York]","close":"299.52","open":"299.5628"}
{"volume":"75424.0","ticker":"AAPL","high":"299.53","amount":"299.4548","period":"PT1M","low":"299.38","multiplier":"1","beginTime":"1640549862","endTime":"2020-01-02T15:27-05:00[America/New_York]","close":"299.52","open":"299.515"}
{"volume":"71291.0","ticker":"AAPL","high":"299.55","amount":"299.5103","period":"PT1M","low":"299.45","multiplier":"1","beginTime":"1640549862","endTime":"2020-01-02T15:28-05:00[America/New_York]","close":"299.525","open":"299.51"}
{"volume":"92534.0","ticker":"AAPL","high":"299.55","amount":"299.3977","period":"PT1M","low":"299.24","multiplier":"1","beginTime":"1640549862","endTime":"2020-01-02T15:29-05:00[America/New_York]","close":"299.2614","open":"299.5223"}
{"volume":"148145.0","ticker":"AAPL","high":"299.31","amount":"299.1863","period":"PT1M","low":"299.08","multiplier":"1","beginTime":"1640549862","endTime":"2020-01-02T15:30-05:00[America/New_York]","close":"299.16","open":"299.27"}
{"volume":"68119.0","ticker":"AAPL","high":"299.41","amount":"299.3117","period":"PT1M","low":"299.15","multiplier":"1","beginTime":"1640549862","endTime":"2020-01-02T15:31-05:00[America/New_York]","close":"299.3647","open":"299.16"}
{"volume":"60792.0","ticker":"AAPL","high":"299.4597","amount":"299.4109","period":"PT1M","low":"299.35","multiplier":"1","beginTime":"1640549862","endTime":"2020-01-02T15:32-05:00[America/New_York]","close":"299.42","open":"299.36"}
{"volume":"51924.0","ticker":"AAPL","high":"299.43","amount":"299.3851","period":"PT1M","low":"299.35","multiplier":"1","beginTime":"1640549862","endTime":"2020-01-02T15:33-05:00[America/New_York]","close":"299.3802","open":"299.4178"}
{"volume":"68595.0","ticker":"AAPL","high":"299.51","amount":"299.4161","period":"PT1M","low":"299.32","multiplier":"1","beginTime":"1640549862","endTime":"2020-01-02T15:34-05:00[America/New_York]","close":"299.5","open":"299.395"}
{"volume":"80437.0","ticker":"AAPL","high":"299.59","amount":"299.537","period":"PT1M","low":"299.47","multiplier":"1","beginTime":"1640549862","endTime":"2020-01-02T15:35-05:00[America/New_York]","close":"299.57","open":"299.51"}
{"volume":"49406.0","ticker":"AAPL","high":"299.59","amount":"299.5334","period":"PT1M","low":"299.46","multiplier":"1","beginTime":"1640549862","endTime":"2020-01-02T15:36-05:00[America/New_York]","close":"299.5235","open":"299.5747"}
{"volume":"46189.0","ticker":"AAPL","high":"299.56","amount":"299.5139","period":"PT1M","low":"299.4694","multiplier":"1","beginTime":"1640549862","endTime":"2020-01-02T15:37-05:00[America/New_York]","close":"299.5262","open":"299.5204"}
{"volume":"93107.0","ticker":"AAPL","high":"299.69","amount":"299.6087","period":"PT1M","low":"299.51","multiplier":"1","beginTime":"1640549862","endTime":"2020-01-02T15:38-05:00[America/New_York]","close":"299.626","open":"299.5193"}
{"volume":"52338.0","ticker":"AAPL","high":"299.65","amount":"299.5908","period":"PT1M","low":"299.53","multiplier":"1","beginTime":"1640549862","endTime":"2020-01-02T15:39-05:00[America/New_York]","close":"299.57","open":"299.61"}
{"volume":"67530.0","ticker":"AAPL","high":"299.68","amount":"299.6168","period":"PT1M","low":"299.54","multiplier":"1","beginTime":"1640549862","endTime":"2020-01-02T15:40-05:00[America/New_York]","close":"299.6571","open":"299.59"}
{"volume":"87876.0","ticker":"AAPL","high":"299.7","amount":"299.6248","period":"PT1M","low":"299.54","multiplier":"1","beginTime":"1640549862","endTime":"2020-01-02T15:41-05:00[America/New_York]","close":"299.58","open":"299.65"}
{"volume":"87344.0","ticker":"AAPL","high":"299.565","amount":"299.4764","period":"PT1M","low":"299.4101","multiplier":"1","beginTime":"1640549862","endTime":"2020-01-02T15:42-05:00[America/New_York]","close":"299.435","open":"299.565"}
{"volume":"73652.0","ticker":"AAPL","high":"299.49","amount":"299.4248","period":"PT1M","low":"299.35","multiplier":"1","beginTime":"1640549862","endTime":"2020-01-02T15:43-05:00[America/New_York]","close":"299.48","open":"299.435"}
{"volume":"140039.0","ticker":"AAPL","high":"299.68","amount":"299.587","period":"PT1M","low":"299.47","multiplier":"1","beginTime":"1640549862","endTime":"2020-01-02T15:44-05:00[America/New_York]","close":"299.63","open":"299.48"}
{"volume":"85569.0","ticker":"AAPL","high":"299.63","amount":"299.5645","period":"PT1M","low":"299.5","multiplier":"1","beginTime":"1640549862","endTime":"2020-01-02T15:45-05:00[America/New_York]","close":"299.57","open":"299.625"}
{"volume":"107371.0","ticker":"AAPL","high":"299.7","amount":"299.6369","period":"PT1M","low":"299.56","multiplier":"1","beginTime":"1640549862","endTime":"2020-01-02T15:46-05:00[America/New_York]","close":"299.7","open":"299.58"}
{"volume":"126462.0","ticker":"AAPL","high":"299.8","amount":"299.7482","period":"PT1M","low":"299.67","multiplier":"1","beginTime":"1640549862","endTime":"2020-01-02T15:47-05:00[America/New_York]","close":"299.7901","open":"299.69"}
{"volume":"179485.0","ticker":"AAPL","high":"299.91","amount":"299.8255","period":"PT1M","low":"299.75","multiplier":"1","beginTime":"1640549862","endTime":"2020-01-02T15:48-05:00[America/New_York]","close":"299.8929","open":"299.8"}
{"volume":"141588.0","ticker":"AAPL","high":"299.91","amount":"299.8551","period":"PT1M","low":"299.79","multiplier":"1","beginTime":"1640549862","endTime":"2020-01-02T15:49-05:00[America/New_York]","close":"299.8724","open":"299.89"}
{"volume":"234804.0","ticker":"AAPL","high":"300.0","amount":"299.9312","period":"PT1M","low":"299.83","multiplier":"1","beginTime":"1640549862","endTime":"2020-01-02T15:50-05:00[America/New_York]","close":"299.94","open":"299.88"}
{"volume":"135018.0","ticker":"AAPL","high":"299.952","amount":"299.8997","period":"PT1M","low":"299.825","multiplier":"1","beginTime":"1640549862","endTime":"2020-01-02T15:51-05:00[America/New_York]","close":"299.952","open":"299.93"}
{"volume":"571402.0","ticker":"AAPL","high":"300.1","amount":"299.9981","period":"PT1M","low":"299.82","multiplier":"1","beginTime":"1640549862","endTime":"2020-01-02T15:52-05:00[America/New_York]","close":"300.05","open":"299.95"}
{"volume":"130852.0","ticker":"AAPL","high":"300.05","amount":"299.9754","period":"PT1M","low":"299.87","multiplier":"1","beginTime":"1640549862","endTime":"2020-01-02T15:53-05:00[America/New_York]","close":"300.05","open":"300.0432"}
{"volume":"248515.0","ticker":"AAPL","high":"300.26","amount":"300.1138","period":"PT1M","low":"300.01","multiplier":"1","beginTime":"1640549862","endTime":"2020-01-02T15:54-05:00[America/New_York]","close":"300.25","open":"300.05"}
{"volume":"222333.0","ticker":"AAPL","high":"300.26","amount":"300.0775","period":"PT1M","low":"299.9","multiplier":"1","beginTime":"1640549862","endTime":"2020-01-02T15:55-05:00[America/New_York]","close":"300.12","open":"300.25"}
{"volume":"236202.0","ticker":"AAPL","high":"300.3","amount":"300.225","period":"PT1M","low":"300.11","multiplier":"1","beginTime":"1640549862","endTime":"2020-01-02T15:56-05:00[America/New_York]","close":"300.24","open":"300.11"}
{"volume":"177993.0","ticker":"AAPL","high":"300.3","amount":"300.2595","period":"PT1M","low":"300.22","multiplier":"1","beginTime":"1640549862","endTime":"2020-01-02T15:57-05:00[America/New_York]","close":"300.28","open":"300.24"}
{"volume":"257238.0","ticker":"AAPL","high":"300.42","amount":"300.3084","period":"PT1M","low":"300.2","multiplier":"1","beginTime":"1640549862","endTime":"2020-01-02T15:58-05:00[America/New_York]","close":"300.4","open":"300.3"}
{"volume":"516926.0","ticker":"AAPL","high":"300.6","amount":"300.4506","period":"PT1M","low":"300.34","multiplier":"1","beginTime":"1640549862","endTime":"2020-01-02T15:59-05:00[America/New_York]","close":"300.58","open":"300.4"}
{"volume":"387001.0","ticker":"AAPL","high":"300.48","amount":"300.3508","period":"PT1M","low":"300.35","multiplier":"1","beginTime":"1640549862","endTime":"2020-01-02T16:00-05:00[America/New_York]","close":"300.42","open":"300.35"}
{"volume":"13321.0","ticker":"AAPL","high":"300.42","amount":"300.3744","period":"PT1M","low":"300.32","multiplier":"1","beginTime":"1640549862","endTime":"2020-01-02T16:01-05:00[America/New_York]","close":"300.33","open":"300.4"}
{"volume":"1166.0","ticker":"AAPL","high":"300.4","amount":"300.3659","period":"PT1M","low":"300.3581","multiplier":"1","beginTime":"1640549862","endTime":"2020-01-02T16:02-05:00[America/New_York]","close":"300.4","open":"300.3581"}
{"volume":"5868.0","ticker":"AAPL","high":"300.53","amount":"300.4938","period":"PT1M","low":"300.4","multiplier":"1","beginTime":"1640549862","endTime":"2020-01-02T16:03-05:00[America/New_York]","close":"300.5","open":"300.4"}
{"volume":"2519.0","ticker":"AAPL","high":"300.5458","amount":"300.4753","period":"PT1M","low":"300.42","multiplier":"1","beginTime":"1640549862","endTime":"2020-01-02T16:04-05:00[America/New_York]","close":"300.44","open":"300.5002"}
{"volume":"6514.0","ticker":"AAPL","high":"300.55","amount":"300.4721","period":"PT1M","low":"300.42","multiplier":"1","beginTime":"1640549862","endTime":"2020-01-02T16:05-05:00[America/New_York]","close":"300.5002","open":"300.4201"}
{"volume":"21671.0","ticker":"AAPL","high":"300.51","amount":"300.3305","period":"PT1M","low":"300.5","multiplier":"1","beginTime":"1640549862","endTime":"2020-01-02T16:06-05:00[America/New_York]","close":"300.5","open":"300.51"}
{"volume":"3214.0","ticker":"AAPL","high":"300.69","amount":"300.5937","period":"PT1M","low":"300.55","multiplier":"1","beginTime":"1640549862","endTime":"2020-01-02T16:07-05:00[America/New_York]","close":"300.69","open":"300.55"}
{"volume":"10037.0","ticker":"AAPL","high":"300.67","amount":"300.4931","period":"PT1M","low":"300.6","multiplier":"1","beginTime":"1640549862","endTime":"2020-01-02T16:08-05:00[America/New_York]","close":"300.65","open":"300.67"}
{"volume":"3882.0","ticker":"AAPL","high":"300.73","amount":"300.7017","period":"PT1M","low":"300.66","multiplier":"1","beginTime":"1640549862","endTime":"2020-01-02T16:09-05:00[America/New_York]","close":"300.67","open":"300.7101"}
{"volume":"2774.0","ticker":"AAPL","high":"300.69","amount":"300.6359","period":"PT1M","low":"300.52","multiplier":"1","beginTime":"1640549862","endTime":"2020-01-02T16:10-05:00[America/New_York]","close":"300.64","open":"300.65"}
{"volume":"12026.0","ticker":"AAPL","high":"300.66","amount":"300.5057","period":"PT1M","low":"300.5","multiplier":"1","beginTime":"1640549862","endTime":"2020-01-02T16:11-05:00[America/New_York]","close":"300.5","open":"300.66"}
{"volume":"1643.0","ticker":"AAPL","high":"300.59","amount":"300.5375","period":"PT1M","low":"300.54","multiplier":"1","beginTime":"1640549862","endTime":"2020-01-02T16:12-05:00[America/New_York]","close":"300.54","open":"300.59"}
{"volume":"1331.0","ticker":"AAPL","high":"300.59","amount":"300.5602","period":"PT1M","low":"300.54","multiplier":"1","beginTime":"1640549862","endTime":"2020-01-02T16:13-05:00[America/New_York]","close":"300.59","open":"300.54"}
{"volume":"1476.0","ticker":"AAPL","high":"300.65","amount":"300.6158","period":"PT1M","low":"300.6","multiplier":"1","beginTime":"1640549862","endTime":"2020-01-02T16:14-05:00[America/New_York]","close":"300.65","open":"300.6"}
{"volume":"5336.0","ticker":"AAPL","high":"300.65","amount":"300.4561","period":"PT1M","low":"300.35","multiplier":"1","beginTime":"1640549862","endTime":"2020-01-02T16:15-05:00[America/New_York]","close":"300.59","open":"300.65"}
{"volume":"967.0","ticker":"AAPL","high":"300.59","amount":"300.5695","period":"PT1M","low":"300.55","multiplier":"1","beginTime":"1640549862","endTime":"2020-01-02T16:16-05:00[America/New_York]","close":"300.55","open":"300.59"}
{"volume":"2017.0","ticker":"AAPL","high":"300.59","amount":"300.5432","period":"PT1M","low":"300.52","multiplier":"1","beginTime":"1640549862","endTime":"2020-01-02T16:17-05:00[America/New_York]","close":"300.59","open":"300.55"}
{"volume":"41809.0","ticker":"AAPL","high":"300.6","amount":"300.3539","period":"PT1M","low":"300.35","multiplier":"1","beginTime":"1640549862","endTime":"2020-01-02T16:18-05:00[America/New_York]","close":"300.6","open":"300.55"}
{"volume":"3291.0","ticker":"AAPL","high":"300.55","amount":"300.4675","period":"PT1M","low":"300.43","multiplier":"1","beginTime":"1640549862","endTime":"2020-01-02T16:19-05:00[America/New_York]","close":"300.43","open":"300.55"}
{"volume":"5186.0","ticker":"AAPL","high":"300.45","amount":"300.4488","period":"PT1M","low":"300.44","multiplier":"1","beginTime":"1640549862","endTime":"2020-01-02T16:20-05:00[America/New_York]","close":"300.45","open":"300.45"}
{"volume":"471.0","ticker":"AAPL","high":"300.46","amount":"300.4598","period":"PT1M","low":"300.46","multiplier":"1","beginTime":"1640549862","endTime":"2020-01-02T16:21-05:00[America/New_York]","close":"300.46","open":"300.46"}
{"volume":"759.0","ticker":"AAPL","high":"300.45","amount":"300.4466","period":"PT1M","low":"300.44","multiplier":"1","beginTime":"1640549862","endTime":"2020-01-02T16:22-05:00[America/New_York]","close":"300.44","open":"300.45"}
{"volume":"919.0","ticker":"AAPL","high":"300.42","amount":"300.426","period":"PT1M","low":"300.42","multiplier":"1","beginTime":"1640549862","endTime":"2020-01-02T16:23-05:00[America/New_York]","close":"300.42","open":"300.42"}
{"volume":"703.0","ticker":"AAPL","high":"300.42","amount":"300.423","period":"PT1M","low":"300.42","multiplier":"1","beginTime":"1640549862","endTime":"2020-01-02T16:24-05:00[America/New_York]","close":"300.42","open":"300.42"}
{"volume":"334.0","ticker":"AAPL","high":"300.49","amount":"300.4861","period":"PT1M","low":"300.49","multiplier":"1","beginTime":"1640549862","endTime":"2020-01-02T16:27-05:00[America/New_York]","close":"300.49","open":"300.49"}
{"volume":"2903.0","ticker":"AAPL","high":"300.55","amount":"300.3863","period":"PT1M","low":"300.5","multiplier":"1","beginTime":"1640549862","endTime":"2020-01-02T16:28-05:00[America/New_York]","close":"300.55","open":"300.5"}
{"volume":"1914.0","ticker":"AAPL","high":"300.59","amount":"300.5768","period":"PT1M","low":"300.56","multiplier":"1","beginTime":"1640549862","endTime":"2020-01-02T16:29-05:00[America/New_York]","close":"300.59","open":"300.58"}
{"volume":"1073.0","ticker":"AAPL","high":"300.6","amount":"300.5997","period":"PT1M","low":"300.6","multiplier":"1","beginTime":"1640549862","endTime":"2020-01-02T16:30-05:00[America/New_York]","close":"300.6","open":"300.6"}
{"volume":"7159.0","ticker":"AAPL","high":"300.65","amount":"300.6082","period":"PT1M","low":"300.58","multiplier":"1","beginTime":"1640549862","endTime":"2020-01-02T16:31-05:00[America/New_York]","close":"300.65","open":"300.6"}
{"volume":"151157.0","ticker":"AAPL","high":"300.67","amount":"300.3513","period":"PT1M","low":"300.6","multiplier":"1","beginTime":"1640549862","endTime":"2020-01-02T16:32-05:00[America/New_York]","close":"300.6","open":"300.67"}
{"volume":"516.0","ticker":"AAPL","high":"300.68","amount":"300.6663","period":"PT1M","low":"300.65","multiplier":"1","beginTime":"1640549862","endTime":"2020-01-02T16:33-05:00[America/New_York]","close":"300.68","open":"300.65"}
{"volume":"1614.0","ticker":"AAPL","high":"300.75","amount":"300.7284","period":"PT1M","low":"300.68","multiplier":"1","beginTime":"1640549862","endTime":"2020-01-02T16:35-05:00[America/New_York]","close":"300.72","open":"300.74"}
{"volume":"954.0","ticker":"AAPL","high":"300.8","amount":"300.7671","period":"PT1M","low":"300.7","multiplier":"1","beginTime":"1640549862","endTime":"2020-01-02T16:36-05:00[America/New_York]","close":"300.8","open":"300.7"}
{"volume":"84065.0","ticker":"AAPL","high":"300.79","amount":"300.3599","period":"PT1M","low":"300.7","multiplier":"1","beginTime":"1640549862","endTime":"2020-01-02T16:37-05:00[America/New_York]","close":"300.78","open":"300.7"}
{"volume":"1490.0","ticker":"AAPL","high":"300.79","amount":"300.7737","period":"PT1M","low":"300.75","multiplier":"1","beginTime":"1640549862","endTime":"2020-01-02T16:38-05:00[America/New_York]","close":"300.78","open":"300.75"}
{"volume":"433.0","ticker":"AAPL","high":"300.78","amount":"300.7665","period":"PT1M","low":"300.73","multiplier":"1","beginTime":"1640549862","endTime":"2020-01-02T16:40-05:00[America/New_York]","close":"300.78","open":"300.73"}
{"volume":"61856.0","ticker":"AAPL","high":"300.7001","amount":"300.3524","period":"PT1M","low":"300.35","multiplier":"1","beginTime":"1640549862","endTime":"2020-01-02T16:42-05:00[America/New_York]","close":"300.7001","open":"300.7"}
{"volume":"2404.0","ticker":"AAPL","high":"300.93","amount":"300.8155","period":"PT1M","low":"300.77","multiplier":"1","beginTime":"1640549862","endTime":"2020-01-02T16:43-05:00[America/New_York]","close":"300.79","open":"300.78"}
{"volume":"1363.0","ticker":"AAPL","high":"300.88","amount":"300.8211","period":"PT1M","low":"300.79","multiplier":"1","beginTime":"1640549862","endTime":"2020-01-02T16:44-05:00[America/New_York]","close":"300.88","open":"300.79"}
{"volume":"1091.0","ticker":"AAPL","high":"300.93","amount":"300.9211","period":"PT1M","low":"300.92","multiplier":"1","beginTime":"1640549862","endTime":"2020-01-02T16:45-05:00[America/New_York]","close":"300.93","open":"300.93"}
{"volume":"462.0","ticker":"AAPL","high":"300.93","amount":"300.9287","period":"PT1M","low":"300.93","multiplier":"1","beginTime":"1640549862","endTime":"2020-01-02T16:46-05:00[America/New_York]","close":"300.93","open":"300.93"}
{"volume":"787.0","ticker":"AAPL","high":"300.85","amount":"300.8666","period":"PT1M","low":"300.85","multiplier":"1","beginTime":"1640549862","endTime":"2020-01-02T16:48-05:00[America/New_York]","close":"300.85","open":"300.85"}
{"volume":"263.0","ticker":"AAPL","high":"300.88","amount":"300.8748","period":"PT1M","low":"300.88","multiplier":"1","beginTime":"1640549862","endTime":"2020-01-02T16:49-05:00[America/New_York]","close":"300.88","open":"300.88"}
{"volume":"657.0","ticker":"AAPL","high":"300.85","amount":"300.8549","period":"PT1M","low":"300.85","multiplier":"1","beginTime":"1640549862","endTime":"2020-01-02T16:50-05:00[America/New_York]","close":"300.85","open":"300.85"}
{"volume":"682.0","ticker":"AAPL","high":"300.85","amount":"300.8448","period":"PT1M","low":"300.85","multiplier":"1","beginTime":"1640549862","endTime":"2020-01-02T16:51-05:00[America/New_York]","close":"300.85","open":"300.85"}
{"volume":"240.0","ticker":"AAPL","high":"300.84","amount":"300.8332","period":"PT1M","low":"300.84","multiplier":"1","beginTime":"1640549862","endTime":"2020-01-02T16:52-05:00[America/New_York]","close":"300.84","open":"300.84"}
{"volume":"869.0","ticker":"AAPL","high":"300.89","amount":"300.8447","period":"PT1M","low":"300.7801","multiplier":"1","beginTime":"1640549862","endTime":"2020-01-02T16:53-05:00[America/New_York]","close":"300.89","open":"300.7801"}
{"volume":"1436.0","ticker":"AAPL","high":"300.88","amount":"300.8531","period":"PT1M","low":"300.8","multiplier":"1","beginTime":"1640549862","endTime":"2020-01-02T16:54-05:00[America/New_York]","close":"300.87","open":"300.8"}
{"volume":"286.0","ticker":"AAPL","high":"300.78","amount":"300.8284","period":"PT1M","low":"300.78","multiplier":"1","beginTime":"1640549862","endTime":"2020-01-02T16:56-05:00[America/New_York]","close":"300.78","open":"300.78"}
{"volume":"1333.0","ticker":"AAPL","high":"300.89","amount":"300.8676","period":"PT1M","low":"300.85","multiplier":"1","beginTime":"1640549862","endTime":"2020-01-02T16:57-05:00[America/New_York]","close":"300.85","open":"300.89"}
{"volume":"1705.0","ticker":"AAPL","high":"300.9","amount":"300.8979","period":"PT1M","low":"300.89","multiplier":"1","beginTime":"1640549862","endTime":"2020-01-02T16:58-05:00[America/New_York]","close":"300.9","open":"300.89"}
{"volume":"1836.0","ticker":"AAPL","high":"300.9002","amount":"300.8998","period":"PT1M","low":"300.9","multiplier":"1","beginTime":"1640549862","endTime":"2020-01-02T16:59-05:00[America/New_York]","close":"300.9","open":"300.9"}
{"volume":"912.0","ticker":"AAPL","high":"300.94","amount":"300.9174","period":"PT1M","low":"300.9","multiplier":"1","beginTime":"1640549862","endTime":"2020-01-02T17:00-05:00[America/New_York]","close":"300.9","open":"300.94"}
{"volume":"719.0","ticker":"AAPL","high":"300.92","amount":"300.9043","period":"PT1M","low":"300.88","multiplier":"1","beginTime":"1640549862","endTime":"2020-01-02T17:01-05:00[America/New_York]","close":"300.92","open":"300.88"}
{"volume":"437.0","ticker":"AAPL","high":"300.92","amount":"300.9077","period":"PT1M","low":"300.92","multiplier":"1","beginTime":"1640549862","endTime":"2020-01-02T17:02-05:00[America/New_York]","close":"300.92","open":"300.92"}
{"volume":"4092.0","ticker":"AAPL","high":"300.92","amount":"300.8352","period":"PT1M","low":"300.81","multiplier":"1","beginTime":"1640549862","endTime":"2020-01-02T17:03-05:00[America/New_York]","close":"300.92","open":"300.85"}
{"volume":"158.0","ticker":"AAPL","high":"300.8","amount":"300.8159","period":"PT1M","low":"300.8","multiplier":"1","beginTime":"1640549862","endTime":"2020-01-02T17:05-05:00[America/New_York]","close":"300.8","open":"300.8"}
{"volume":"2517.0","ticker":"AAPL","high":"300.92","amount":"300.8742","period":"PT1M","low":"300.81","multiplier":"1","beginTime":"1640549862","endTime":"2020-01-02T17:06-05:00[America/New_York]","close":"300.92","open":"300.9"}
{"volume":"1763.0","ticker":"AAPL","high":"300.83","amount":"300.8151","period":"PT1M","low":"300.8","multiplier":"1","beginTime":"1640549862","endTime":"2020-01-02T17:07-05:00[America/New_York]","close":"300.8","open":"300.8102"}
{"volume":"511.0","ticker":"AAPL","high":"300.85","amount":"300.8516","period":"PT1M","low":"300.85","multiplier":"1","beginTime":"1640549862","endTime":"2020-01-02T17:08-05:00[America/New_York]","close":"300.85","open":"300.85"}
{"volume":"514.0","ticker":"AAPL","high":"300.87","amount":"300.8634","period":"PT1M","low":"300.85","multiplier":"1","beginTime":"1640549862","endTime":"2020-01-02T17:09-05:00[America/New_York]","close":"300.87","open":"300.85"}
{"volume":"658.0","ticker":"AAPL","high":"300.87","amount":"300.8562","period":"PT1M","low":"300.85","multiplier":"1","beginTime":"1640549862","endTime":"2020-01-02T17:10-05:00[America/New_York]","close":"300.85","open":"300.87"}
{"volume":"406.0","ticker":"AAPL","high":"300.8101","amount":"300.811","period":"PT1M","low":"300.81","multiplier":"1","beginTime":"1640549862","endTime":"2020-01-02T17:11-05:00[America/New_York]","close":"300.8101","open":"300.81"}
{"volume":"605.0","ticker":"AAPL","high":"300.7918","amount":"300.843","period":"PT1M","low":"300.7918","multiplier":"1","beginTime":"1640549862","endTime":"2020-01-02T17:12-05:00[America/New_York]","close":"300.7918","open":"300.7918"}
{"volume":"605.0","ticker":"AAPL","high":"300.8","amount":"300.7997","period":"PT1M","low":"300.79","multiplier":"1","beginTime":"1640549862","endTime":"2020-01-02T17:13-05:00[America/New_York]","close":"300.8","open":"300.79"}
{"volume":"1627.0","ticker":"AAPL","high":"300.75","amount":"300.7203","period":"PT1M","low":"300.71","multiplier":"1","beginTime":"1640549862","endTime":"2020-01-02T17:14-05:00[America/New_York]","close":"300.75","open":"300.72"}
{"volume":"739.0","ticker":"AAPL","high":"300.75","amount":"300.7362","period":"PT1M","low":"300.7","multiplier":"1","beginTime":"1640549862","endTime":"2020-01-02T17:15-05:00[America/New_York]","close":"300.75","open":"300.7"}
{"volume":"832.0","ticker":"AAPL","high":"300.81","amount":"300.7722","period":"PT1M","low":"300.73","multiplier":"1","beginTime":"1640549862","endTime":"2020-01-02T17:16-05:00[America/New_York]","close":"300.73","open":"300.8"}
{"volume":"280.0","ticker":"AAPL","high":"300.7379","amount":"300.7544","period":"PT1M","low":"300.7379","multiplier":"1","beginTime":"1640549862","endTime":"2020-01-02T17:17-05:00[America/New_York]","close":"300.7379","open":"300.7379"}
{"volume":"634.0","ticker":"AAPL","high":"300.82","amount":"300.7925","period":"PT1M","low":"300.75","multiplier":"1","beginTime":"1640549862","endTime":"2020-01-02T17:18-05:00[America/New_York]","close":"300.8","open":"300.82"}
{"volume":"325.0","ticker":"AAPL","high":"300.75","amount":"300.7521","period":"PT1M","low":"300.75","multiplier":"1","beginTime":"1640549862","endTime":"2020-01-02T17:19-05:00[America/New_York]","close":"300.75","open":"300.75"}
{"volume":"445.0","ticker":"AAPL","high":"300.78","amount":"300.7764","period":"PT1M","low":"300.78","multiplier":"1","beginTime":"1640549862","endTime":"2020-01-02T17:20-05:00[America/New_York]","close":"300.78","open":"300.78"}
{"volume":"2321.0","ticker":"AAPL","high":"300.81","amount":"300.7654","period":"PT1M","low":"300.7543","multiplier":"1","beginTime":"1640549862","endTime":"2020-01-02T17:21-05:00[America/New_York]","close":"300.76","open":"300.81"}
{"volume":"688.0","ticker":"AAPL","high":"300.76","amount":"300.7586","period":"PT1M","low":"300.75","multiplier":"1","beginTime":"1640549862","endTime":"2020-01-02T17:22-05:00[America/New_York]","close":"300.75","open":"300.76"}
{"volume":"127.0","ticker":"AAPL","high":"300.79","amount":"300.7836","period":"PT1M","low":"300.79","multiplier":"1","beginTime":"1640549862","endTime":"2020-01-02T17:24-05:00[America/New_York]","close":"300.79","open":"300.79"}
{"volume":"169.0","ticker":"AAPL","high":"300.77","amount":"300.7705","period":"PT1M","low":"300.77","multiplier":"1","beginTime":"1640549862","endTime":"2020-01-02T17:25-05:00[America/New_York]","close":"300.77","open":"300.77"}
{"volume":"337.0","ticker":"AAPL","high":"300.78","amount":"300.7808","period":"PT1M","low":"300.78","multiplier":"1","beginTime":"1640549862","endTime":"2020-01-02T17:26-05:00[America/New_York]","close":"300.78","open":"300.78"}
{"volume":"1857.0","ticker":"AAPL","high":"300.78","amount":"300.768","period":"PT1M","low":"300.75","multiplier":"1","beginTime":"1640549862","endTime":"2020-01-02T17:27-05:00[America/New_York]","close":"300.75","open":"300.77"}
{"volume":"556.0","ticker":"AAPL","high":"300.76","amount":"300.7611","period":"PT1M","low":"300.76","multiplier":"1","beginTime":"1640549862","endTime":"2020-01-02T17:29-05:00[America/New_York]","close":"300.76","open":"300.76"}
{"volume":"2401.0","ticker":"AAPL","high":"300.8","amount":"300.7865","period":"PT1M","low":"300.78","multiplier":"1","beginTime":"1640549862","endTime":"2020-01-02T17:30-05:00[America/New_York]","close":"300.78","open":"300.79"}
{"volume":"2014.0","ticker":"AAPL","high":"300.8","amount":"300.7769","period":"PT1M","low":"300.76","multiplier":"1","beginTime":"1640549862","endTime":"2020-01-02T17:31-05:00[America/New_York]","close":"300.76","open":"300.761"}
{"volume":"242.0","ticker":"AAPL","high":"300.76","amount":"300.7611","period":"PT1M","low":"300.76","multiplier":"1","beginTime":"1640549862","endTime":"2020-01-02T17:32-05:00[America/New_York]","close":"300.76","open":"300.76"}
{"volume":"1103.0","ticker":"AAPL","high":"300.786","amount":"300.7845","period":"PT1M","low":"300.786","multiplier":"1","beginTime":"1640549862","endTime":"2020-01-02T17:33-05:00[America/New_York]","close":"300.786","open":"300.786"}
{"volume":"308.0","ticker":"AAPL","high":"300.77","amount":"300.7634","period":"PT1M","low":"300.76","multiplier":"1","beginTime":"1640549862","endTime":"2020-01-02T17:34-05:00[America/New_York]","close":"300.77","open":"300.76"}
{"volume":"456.0","ticker":"AAPL","high":"300.76","amount":"300.7604","period":"PT1M","low":"300.76","multiplier":"1","beginTime":"1640549862","endTime":"2020-01-02T17:35-05:00[America/New_York]","close":"300.76","open":"300.76"}
{"volume":"1385.0","ticker":"AAPL","high":"300.83","amount":"300.7981","period":"PT1M","low":"300.76","multiplier":"1","beginTime":"1640549862","endTime":"2020-01-02T17:36-05:00[America/New_York]","close":"300.76","open":"300.77"}
{"volume":"473.0","ticker":"AAPL","high":"300.767","amount":"300.787","period":"PT1M","low":"300.767","multiplier":"1","beginTime":"1640549862","endTime":"2020-01-02T17:37-05:00[America/New_York]","close":"300.767","open":"300.767"}
{"volume":"508.0","ticker":"AAPL","high":"300.76","amount":"300.76","period":"PT1M","low":"300.76","multiplier":"1","beginTime":"1640549862","endTime":"2020-01-02T17:38-05:00[America/New_York]","close":"300.76","open":"300.76"}
{"volume":"366.0","ticker":"AAPL","high":"300.76","amount":"300.7872","period":"PT1M","low":"300.76","multiplier":"1","beginTime":"1640549862","endTime":"2020-01-02T17:39-05:00[America/New_York]","close":"300.76","open":"300.76"}
{"volume":"246.0","ticker":"AAPL","high":"300.76","amount":"300.76","period":"PT1M","low":"300.76","multiplier":"1","beginTime":"1640549862","endTime":"2020-01-02T17:40-05:00[America/New_York]","close":"300.76","open":"300.76"}
{"volume":"549.0","ticker":"AAPL","high":"300.76","amount":"300.7739","period":"PT1M","low":"300.76","multiplier":"1","beginTime":"1640549862","endTime":"2020-01-02T17:41-05:00[America/New_York]","close":"300.76","open":"300.76"}
{"volume":"257.0","ticker":"AAPL","high":"300.76","amount":"300.7603","period":"PT1M","low":"300.76","multiplier":"1","beginTime":"1640549862","endTime":"2020-01-02T17:42-05:00[America/New_York]","close":"300.76","open":"300.76"}
{"volume":"1011.0","ticker":"AAPL","high":"300.77","amount":"300.7686","period":"PT1M","low":"300.77","multiplier":"1","beginTime":"1640549862","endTime":"2020-01-02T17:43-05:00[America/New_York]","close":"300.77","open":"300.77"}
{"volume":"376.0","ticker":"AAPL","high":"300.79","amount":"300.7738","period":"PT1M","low":"300.76","multiplier":"1","beginTime":"1640549862","endTime":"2020-01-02T17:44-05:00[America/New_York]","close":"300.79","open":"300.76"}
{"volume":"282.0","ticker":"AAPL","high":"300.8","amount":"300.7901","period":"PT1M","low":"300.8","multiplier":"1","beginTime":"1640549862","endTime":"2020-01-02T17:46-05:00[America/New_York]","close":"300.8","open":"300.8"}
{"volume":"621.0","ticker":"AAPL","high":"300.7608","amount":"300.7603","period":"PT1M","low":"300.76","multiplier":"1","beginTime":"1640549862","endTime":"2020-01-02T17:47-05:00[America/New_York]","close":"300.76","open":"300.76"}
{"volume":"347.0","ticker":"AAPL","high":"300.76","amount":"305.1091","period":"PT1M","low":"300.76","multiplier":"1","beginTime":"1640549862","endTime":"2020-01-02T17:48-05:00[America/New_York]","close":"300.76","open":"300.76"}
{"volume":"478.0","ticker":"AAPL","high":"300.76","amount":"300.76","period":"PT1M","low":"300.76","multiplier":"1","beginTime":"1640549862","endTime":"2020-01-02T17:49-05:00[America/New_York]","close":"300.76","open":"300.76"}
{"volume":"1103.0","ticker":"AAPL","high":"300.76","amount":"300.7607","period":"PT1M","low":"300.76","multiplier":"1","beginTime":"1640549862","endTime":"2020-01-02T17:50-05:00[America/New_York]","close":"300.76","open":"300.76"}
{"volume":"808.0","ticker":"AAPL","high":"300.76","amount":"300.7615","period":"PT1M","low":"300.76","multiplier":"1","beginTime":"1640549862","endTime":"2020-01-02T17:51-05:00[America/New_York]","close":"300.76","open":"300.76"}
{"volume":"1063.0","ticker":"AAPL","high":"300.76","amount":"300.7603","period":"PT1M","low":"300.76","multiplier":"1","beginTime":"1640549862","endTime":"2020-01-02T17:52-05:00[America/New_York]","close":"300.76","open":"300.76"}
{"volume":"1267.0","ticker":"AAPL","high":"300.79","amount":"300.7632","period":"PT1M","low":"300.76","multiplier":"1","beginTime":"1640549862","endTime":"2020-01-02T17:53-05:00[America/New_York]","close":"300.76","open":"300.79"}
{"volume":"1767.0","ticker":"AAPL","high":"300.76","amount":"300.7678","period":"PT1M","low":"300.76","multiplier":"1","beginTime":"1640549862","endTime":"2020-01-02T17:54-05:00[America/New_York]","close":"300.76","open":"300.76"}
{"volume":"958.0","ticker":"AAPL","high":"300.76","amount":"300.7611","period":"PT1M","low":"300.76","multiplier":"1","beginTime":"1640549862","endTime":"2020-01-02T17:55-05:00[America/New_York]","close":"300.76","open":"300.76"}
{"volume":"107.0","ticker":"AAPL","high":"300.76","amount":"300.7639","period":"PT1M","low":"300.76","multiplier":"1","beginTime":"1640549862","endTime":"2020-01-02T17:58-05:00[America/New_York]","close":"300.76","open":"300.76"}
{"volume":"1350.0","ticker":"AAPL","high":"300.85","amount":"300.8304","period":"PT1M","low":"300.76","multiplier":"1","beginTime":"1640549862","endTime":"2020-01-02T18:01-05:00[America/New_York]","close":"300.76","open":"300.85"}
{"volume":"1020.0","ticker":"AAPL","high":"300.89","amount":"300.8847","period":"PT1M","low":"300.88","multiplier":"1","beginTime":"1640549862","endTime":"2020-01-02T18:03-05:00[America/New_York]","close":"300.89","open":"300.88"}
{"volume":"427.0","ticker":"AAPL","high":"300.81","amount":"300.8073","period":"PT1M","low":"300.8","multiplier":"1","beginTime":"1640549862","endTime":"2020-01-02T18:07-05:00[America/New_York]","close":"300.8","open":"300.81"}
{"volume":"809.0","ticker":"AAPL","high":"300.9","amount":"300.8346","period":"PT1M","low":"300.76","multiplier":"1","beginTime":"1640549862","endTime":"2020-01-02T18:08-05:00[America/New_York]","close":"300.9","open":"300.76"}
{"volume":"1032.0","ticker":"AAPL","high":"300.89","amount":"300.8617","period":"PT1M","low":"300.85","multiplier":"1","beginTime":"1640549862","endTime":"2020-01-02T18:10-05:00[America/New_York]","close":"300.85","open":"300.88"}
{"volume":"520.0","ticker":"AAPL","high":"300.8699","amount":"300.8623","period":"PT1M","low":"300.8699","multiplier":"1","beginTime":"1640549862","endTime":"2020-01-02T18:11-05:00[America/New_York]","close":"300.8699","open":"300.8699"}
{"volume":"800.0","ticker":"AAPL","high":"300.9","amount":"300.8583","period":"PT1M","low":"300.81","multiplier":"1","beginTime":"1640549862","endTime":"2020-01-02T18:12-05:00[America/New_York]","close":"300.9","open":"300.81"}
{"volume":"507.0","ticker":"AAPL","high":"300.76","amount":"300.7704","period":"PT1M","low":"300.76","multiplier":"1","beginTime":"1640549862","endTime":"2020-01-02T18:15-05:00[America/New_York]","close":"300.76","open":"300.76"}
{"volume":"283.0","ticker":"AAPL","high":"300.78","amount":"300.7899","period":"PT1M","low":"300.78","multiplier":"1","beginTime":"1640549862","endTime":"2020-01-02T18:19-05:00[America/New_York]","close":"300.78","open":"300.78"}
{"volume":"111.0","ticker":"AAPL","high":"300.84","amount":"300.8365","period":"PT1M","low":"300.84","multiplier":"1","beginTime":"1640549862","endTime":"2020-01-02T18:20-05:00[America/New_York]","close":"300.84","open":"300.84"}
{"volume":"622.0","ticker":"AAPL","high":"300.85","amount":"300.8441","period":"PT1M","low":"300.83","multiplier":"1","beginTime":"1640549862","endTime":"2020-01-02T18:24-05:00[America/New_York]","close":"300.85","open":"300.83"}
{"volume":"208.0","ticker":"AAPL","high":"300.85","amount":"300.826","period":"PT1M","low":"300.8","multiplier":"1","beginTime":"1640549862","endTime":"2020-01-02T18:30-05:00[America/New_York]","close":"300.85","open":"300.8"}
{"volume":"140.0","ticker":"AAPL","high":"300.85","amount":"300.8357","period":"PT1M","low":"300.85","multiplier":"1","beginTime":"1640549862","endTime":"2020-01-02T18:32-05:00[America/New_York]","close":"300.85","open":"300.85"}
{"volume":"1200.0","ticker":"AAPL","high":"300.85","amount":"300.8059","period":"PT1M","low":"300.8001","multiplier":"1","beginTime":"1640549862","endTime":"2020-01-02T18:44-05:00[America/New_York]","close":"300.8001","open":"300.85"}
{"volume":"1096.0","ticker":"AAPL","high":"300.85","amount":"300.8257","period":"PT1M","low":"300.8","multiplier":"1","beginTime":"1640549862","endTime":"2020-01-02T18:47-05:00[America/New_York]","close":"300.85","open":"300.8"}
{"volume":"150.0","ticker":"AAPL","high":"300.76","amount":"300.7733","period":"PT1M","low":"300.76","multiplier":"1","beginTime":"1640549862","endTime":"2020-01-02T18:49-05:00[America/New_York]","close":"300.76","open":"300.76"}
{"volume":"1515.0","ticker":"AAPL","high":"300.76","amount":"300.7609","period":"PT1M","low":"300.76","multiplier":"1","beginTime":"1640549862","endTime":"2020-01-02T18:52-05:00[America/New_York]","close":"300.76","open":"300.76"}
{"volume":"285.0","ticker":"AAPL","high":"300.85","amount":"300.8336","period":"PT1M","low":"300.85","multiplier":"1","beginTime":"1640549862","endTime":"2020-01-02T18:53-05:00[America/New_York]","close":"300.85","open":"300.85"}
{"volume":"698.0","ticker":"AAPL","high":"300.85","amount":"300.8486","period":"PT1M","low":"300.85","multiplier":"1","beginTime":"1640549862","endTime":"2020-01-02T18:54-05:00[America/New_York]","close":"300.85","open":"300.85"}
{"volume":"807.0","ticker":"AAPL","high":"300.84","amount":"300.8172","period":"PT1M","low":"300.8","multiplier":"1","beginTime":"1640549862","endTime":"2020-01-02T18:57-05:00[America/New_York]","close":"300.8","open":"300.84"}
{"volume":"752.0","ticker":"AAPL","high":"300.84","amount":"300.7887","period":"PT1M","low":"300.77","multiplier":"1","beginTime":"1640549862","endTime":"2020-01-02T18:58-05:00[America/New_York]","close":"300.84","open":"300.77"}
{"volume":"200.0","ticker":"AAPL","high":"300.7701","amount":"300.7701","period":"PT1M","low":"300.77","multiplier":"1","beginTime":"1640549862","endTime":"2020-01-02T18:59-05:00[America/New_York]","close":"300.7701","open":"300.77"}
{"volume":"503.0","ticker":"AAPL","high":"300.8","amount":"300.8001","period":"PT1M","low":"300.8","multiplier":"1","beginTime":"1640549862","endTime":"2020-01-02T19:02-05:00[America/New_York]","close":"300.8","open":"300.8"}
{"volume":"297.0","ticker":"AAPL","high":"300.85","amount":"300.8434","period":"PT1M","low":"300.84","multiplier":"1","beginTime":"1640549862","endTime":"2020-01-02T19:03-05:00[America/New_York]","close":"300.85","open":"300.84"}
{"volume":"761.0","ticker":"AAPL","high":"300.8499","amount":"300.8392","period":"PT1M","low":"300.82","multiplier":"1","beginTime":"1640549862","endTime":"2020-01-02T19:04-05:00[America/New_York]","close":"300.8499","open":"300.82"}
{"volume":"335.0","ticker":"AAPL","high":"300.85","amount":"300.85","period":"PT1M","low":"300.85","multiplier":"1","beginTime":"1640549862","endTime":"2020-01-02T19:08-05:00[America/New_York]","close":"300.85","open":"300.85"}
{"volume":"190.0","ticker":"AAPL","high":"300.78","amount":"300.8132","period":"PT1M","low":"300.78","multiplier":"1","beginTime":"1640549862","endTime":"2020-01-02T19:11-05:00[America/New_York]","close":"300.78","open":"300.78"}
{"volume":"463.0","ticker":"AAPL","high":"300.85","amount":"300.8477","period":"PT1M","low":"300.85","multiplier":"1","beginTime":"1640549862","endTime":"2020-01-02T19:18-05:00[America/New_York]","close":"300.85","open":"300.85"}
{"volume":"264.0","ticker":"AAPL","high":"300.84","amount":"300.8419","period":"PT1M","low":"300.84","multiplier":"1","beginTime":"1640549862","endTime":"2020-01-02T19:19-05:00[America/New_York]","close":"300.84","open":"300.84"}
{"volume":"1389.0","ticker":"AAPL","high":"300.88","amount":"300.8692","period":"PT1M","low":"300.87","multiplier":"1","beginTime":"1640549862","endTime":"2020-01-02T19:23-05:00[America/New_York]","close":"300.88","open":"300.87"}
{"volume":"7000.0","ticker":"AAPL","high":"301.0","amount":"300.9872","period":"PT1M","low":"300.9","multiplier":"1","beginTime":"1640549862","endTime":"2020-01-02T19:24-05:00[America/New_York]","close":"301.0","open":"300.9"}
{"volume":"405.0","ticker":"AAPL","high":"300.9","amount":"300.9001","period":"PT1M","low":"300.9","multiplier":"1","beginTime":"1640549862","endTime":"2020-01-02T19:25-05:00[America/New_York]","close":"300.9","open":"300.9"}
{"volume":"991.0","ticker":"AAPL","high":"300.92","amount":"300.9191","period":"PT1M","low":"300.92","multiplier":"1","beginTime":"1640549862","endTime":"2020-01-02T19:27-05:00[America/New_York]","close":"300.92","open":"300.92"}
{"volume":"1485.0","ticker":"AAPL","high":"300.92","amount":"300.8921","period":"PT1M","low":"300.8","multiplier":"1","beginTime":"1640549862","endTime":"2020-01-02T19:29-05:00[America/New_York]","close":"300.8","open":"300.92"}
{"volume":"100.0","ticker":"AAPL","high":"300.9","amount":"300.9","period":"PT1M","low":"300.9","multiplier":"1","beginTime":"1640549862","endTime":"2020-01-02T19:31-05:00[America/New_York]","close":"300.9","open":"300.9"}
{"volume":"1104.0","ticker":"AAPL","high":"300.99","amount":"300.9624","period":"PT1M","low":"300.91","multiplier":"1","beginTime":"1640549862","endTime":"2020-01-02T19:33-05:00[America/New_York]","close":"300.99","open":"300.96"}
{"volume":"821.0","ticker":"AAPL","high":"300.99","amount":"300.9841","period":"PT1M","low":"300.99","multiplier":"1","beginTime":"1640549862","endTime":"2020-01-02T19:34-05:00[America/New_York]","close":"300.99","open":"300.99"}
{"volume":"499.0","ticker":"AAPL","high":"301.0","amount":"301.0","period":"PT1M","low":"301.0","multiplier":"1","beginTime":"1640549862","endTime":"2020-01-02T19:35-05:00[America/New_York]","close":"301.0","open":"301.0"}
{"volume":"1466.0","ticker":"AAPL","high":"301.0","amount":"300.9934","period":"PT1M","low":"301.0","multiplier":"1","beginTime":"1640549862","endTime":"2020-01-02T19:36-05:00[America/New_York]","close":"301.0","open":"301.0"}
{"volume":"856.0","ticker":"AAPL","high":"301.01","amount":"300.9829","period":"PT1M","low":"300.95","multiplier":"1","beginTime":"1640549862","endTime":"2020-01-02T19:37-05:00[America/New_York]","close":"300.95","open":"301.01"}
{"volume":"355.0","ticker":"AAPL","high":"300.96","amount":"300.9601","period":"PT1M","low":"300.96","multiplier":"1","beginTime":"1640549862","endTime":"2020-01-02T19:38-05:00[America/New_York]","close":"300.96","open":"300.96"}
{"volume":"1381.0","ticker":"AAPL","high":"300.99","amount":"300.9617","period":"PT1M","low":"300.93","multiplier":"1","beginTime":"1640549862","endTime":"2020-01-02T19:39-05:00[America/New_York]","close":"300.93","open":"300.93"}
{"volume":"826.0","ticker":"AAPL","high":"300.92","amount":"300.9058","period":"PT1M","low":"300.9","multiplier":"1","beginTime":"1640549862","endTime":"2020-01-02T19:40-05:00[America/New_York]","close":"300.9","open":"300.92"}
{"volume":"187.0","ticker":"AAPL","high":"300.9","amount":"300.9072","period":"PT1M","low":"300.9","multiplier":"1","beginTime":"1640549862","endTime":"2020-01-02T19:41-05:00[America/New_York]","close":"300.9","open":"300.9"}
{"volume":"510.0","ticker":"AAPL","high":"301.0","amount":"300.9869","period":"PT1M","low":"301.0","multiplier":"1","beginTime":"1640549862","endTime":"2020-01-02T19:42-05:00[America/New_York]","close":"301.0","open":"301.0"}
{"volume":"746.0","ticker":"AAPL","high":"301.05","amount":"301.0233","period":"PT1M","low":"301.0","multiplier":"1","beginTime":"1640549862","endTime":"2020-01-02T19:43-05:00[America/New_York]","close":"301.05","open":"301.05"}
{"volume":"1013.0","ticker":"AAPL","high":"300.99","amount":"300.9901","period":"PT1M","low":"300.9899","multiplier":"1","beginTime":"1640549862","endTime":"2020-01-02T19:44-05:00[America/New_York]","close":"300.99","open":"300.99"}
{"volume":"134.0","ticker":"AAPL","high":"300.96","amount":"300.9828","period":"PT1M","low":"300.96","multiplier":"1","beginTime":"1640549862","endTime":"2020-01-02T19:45-05:00[America/New_York]","close":"300.96","open":"300.96"}
{"volume":"316.0","ticker":"AAPL","high":"301.0","amount":"301.0009","period":"PT1M","low":"301.0","multiplier":"1","beginTime":"1640549862","endTime":"2020-01-02T19:46-05:00[America/New_York]","close":"301.0","open":"301.0"}
{"volume":"905.0","ticker":"AAPL","high":"300.98","amount":"300.9758","period":"PT1M","low":"300.97","multiplier":"1","beginTime":"1640549862","endTime":"2020-01-02T19:48-05:00[America/New_York]","close":"300.97","open":"300.98"}
{"volume":"1949.0","ticker":"AAPL","high":"301.0","amount":"300.9788","period":"PT1M","low":"300.95","multiplier":"1","beginTime":"1640549862","endTime":"2020-01-02T19:50-05:00[America/New_York]","close":"301.0","open":"300.98"}
{"volume":"1274.0","ticker":"AAPL","high":"301.0","amount":"300.9714","period":"PT1M","low":"300.95","multiplier":"1","beginTime":"1640549862","endTime":"2020-01-02T19:51-05:00[America/New_York]","close":"300.95","open":"301.0"}
{"volume":"1134.0","ticker":"AAPL","high":"301.05","amount":"301.005","period":"PT1M","low":"300.95","multiplier":"1","beginTime":"1640549862","endTime":"2020-01-02T19:52-05:00[America/New_York]","close":"301.05","open":"301.0"}
{"volume":"120.0","ticker":"AAPL","high":"301.0","amount":"301.0017","period":"PT1M","low":"301.0","multiplier":"1","beginTime":"1640549862","endTime":"2020-01-02T19:53-05:00[America/New_York]","close":"301.0","open":"301.0"}
{"volume":"1096.0","ticker":"AAPL","high":"300.92","amount":"300.8994","period":"PT1M","low":"300.87","multiplier":"1","beginTime":"1640549862","endTime":"2020-01-02T19:54-05:00[America/New_York]","close":"300.87","open":"300.9"}
{"volume":"548.0","ticker":"AAPL","high":"301.0","amount":"300.978","period":"PT1M","low":"300.95","multiplier":"1","beginTime":"1640549862","endTime":"2020-01-02T19:55-05:00[America/New_York]","close":"301.0","open":"300.95"}
{"volume":"708.0","ticker":"AAPL","high":"301.0","amount":"300.9667","period":"PT1M","low":"300.95","multiplier":"1","beginTime":"1640549862","endTime":"2020-01-02T19:56-05:00[America/New_York]","close":"301.0","open":"300.95"}
{"volume":"432.0","ticker":"AAPL","high":"301.0","amount":"300.9951","period":"PT1M","low":"300.99","multiplier":"1","beginTime":"1640549862","endTime":"2020-01-02T19:57-05:00[America/New_York]","close":"301.0","open":"300.99"}
{"volume":"3774.0","ticker":"AAPL","high":"301.1","amount":"301.0303","period":"PT1M","low":"301.0","multiplier":"1","beginTime":"1640549862","endTime":"2020-01-02T19:58-05:00[America/New_York]","close":"301.1","open":"301.0"}
{"volume":"1643.0","ticker":"AAPL","high":"301.19","amount":"301.1812","period":"PT1M","low":"301.13","multiplier":"1","beginTime":"1640549862","endTime":"2020-01-02T19:59-05:00[America/New_York]","close":"301.19","open":"301.13"}
{"volume":"4440.0","ticker":"AAPL","high":"297.35","amount":"296.9438","period":"PT1M","low":"296.21","multiplier":"1","beginTime":"1640549862","endTime":"2020-01-03T04:00-05:00[America/New_York]","close":"296.21","open":"297.35"}
{"volume":"5542.0","ticker":"AAPL","high":"296.6","amount":"296.5107","period":"PT1M","low":"296.5","multiplier":"1","beginTime":"1640549862","endTime":"2020-01-03T04:03-05:00[America/New_York]","close":"296.5","open":"296.5"}
{"volume":"524.0","ticker":"AAPL","high":"296.79","amount":"296.5923","period":"PT1M","low":"296.79","multiplier":"1","beginTime":"1640549862","endTime":"2020-01-03T04:04-05:00[America/New_York]","close":"296.79","open":"296.79"}
{"volume":"236.0","ticker":"AAPL","high":"296.75","amount":"296.6353","period":"PT1M","low":"296.75","multiplier":"1","beginTime":"1640549862","endTime":"2020-01-03T04:05-05:00[America/New_York]","close":"296.75","open":"296.75"}
{"volume":"2387.0","ticker":"AAPL","high":"296.71","amount":"296.4861","period":"PT1M","low":"296.3","multiplier":"1","beginTime":"1640549862","endTime":"2020-01-03T04:06-05:00[America/New_York]","close":"296.44","open":"296.71"}
{"volume":"626.0","ticker":"AAPL","high":"296.5","amount":"296.3378","period":"PT1M","low":"296.3","multiplier":"1","beginTime":"1640549862","endTime":"2020-01-03T04:07-05:00[America/New_York]","close":"296.3","open":"296.5"}
{"volume":"2436.0","ticker":"AAPL","high":"296.3","amount":"296.286","period":"PT1M","low":"296.2","multiplier":"1","beginTime":"1640549862","endTime":"2020-01-03T04:08-05:00[America/New_York]","close":"296.3","open":"296.3"}
{"volume":"4618.0","ticker":"AAPL","high":"296.21","amount":"296.1741","period":"PT1M","low":"296.12","multiplier":"1","beginTime":"1640549862","endTime":"2020-01-03T04:09-05:00[America/New_York]","close":"296.12","open":"296.21"}
{"volume":"4358.0","ticker":"AAPL","high":"296.2","amount":"296.1368","period":"PT1M","low":"296.09","multiplier":"1","beginTime":"1640549862","endTime":"2020-01-03T04:10-05:00[America/New_York]","close":"296.1","open":"296.17"}
{"volume":"1604.0","ticker":"AAPL","high":"296.2","amount":"296.1182","period":"PT1M","low":"296.1","multiplier":"1","beginTime":"1640549862","endTime":"2020-01-03T04:11-05:00[America/New_York]","close":"296.1","open":"296.11"}
{"volume":"1765.0","ticker":"AAPL","high":"296.1","amount":"296.0125","period":"PT1M","low":"295.7","multiplier":"1","beginTime":"1640549862","endTime":"2020-01-03T04:12-05:00[America/New_York]","close":"295.9","open":"296.1"}
{"volume":"883.0","ticker":"AAPL","high":"296.0","amount":"295.966","period":"PT1M","low":"296.0","multiplier":"1","beginTime":"1640549862","endTime":"2020-01-03T04:13-05:00[America/New_York]","close":"296.0","open":"296.0"}
{"volume":"3017.0","ticker":"AAPL","high":"296.01","amount":"295.9241","period":"PT1M","low":"295.88","multiplier":"1","beginTime":"1640549862","endTime":"2020-01-03T04:14-05:00[America/New_York]","close":"295.9","open":"295.9"}
{"volume":"1225.0","ticker":"AAPL","high":"295.9","amount":"295.9","period":"PT1M","low":"295.9","multiplier":"1","beginTime":"1640549862","endTime":"2020-01-03T04:15-05:00[America/New_York]","close":"295.9","open":"295.9"}
{"volume":"576.0","ticker":"AAPL","high":"295.9","amount":"295.9071","period":"PT1M","low":"295.89","multiplier":"1","beginTime":"1640549862","endTime":"2020-01-03T04:16-05:00[America/New_York]","close":"295.9","open":"295.89"}
{"volume":"168.0","ticker":"AAPL","high":"296.03","amount":"296.0616","period":"PT1M","low":"296.03","multiplier":"1","beginTime":"1640549862","endTime":"2020-01-03T04:17-05:00[America/New_York]","close":"296.03","open":"296.03"}
{"volume":"355.0","ticker":"AAPL","high":"296.21","amount":"296.21","period":"PT1M","low":"296.21","multiplier":"1","beginTime":"1640549862","endTime":"2020-01-03T04:19-05:00[America/New_York]","close":"296.21","open":"296.21"}
{"volume":"295.0","ticker":"AAPL","high":"296.21","amount":"296.2075","period":"PT1M","low":"296.21","multiplier":"1","beginTime":"1640549862","endTime":"2020-01-03T04:20-05:00[America/New_York]","close":"296.21","open":"296.21"}
{"volume":"200.0","ticker":"AAPL","high":"296.21","amount":"296.21","period":"PT1M","low":"296.21","multiplier":"1","beginTime":"1640549862","endTime":"2020-01-03T04:21-05:00[America/New_York]","close":"296.21","open":"296.21"}
{"volume":"322.0","ticker":"AAPL","high":"296.21","amount":"296.2043","period":"PT1M","low":"296.21","multiplier":"1","beginTime":"1640549862","endTime":"2020-01-03T04:22-05:00[America/New_York]","close":"296.21","open":"296.21"}
{"volume":"264.0","ticker":"AAPL","high":"296.21","amount":"296.2031","period":"PT1M","low":"296.21","multiplier":"1","beginTime":"1640549862","endTime":"2020-01-03T04:23-05:00[America/New_York]","close":"296.21","open":"296.21"}
{"volume":"1187.0","ticker":"AAPL","high":"296.1","amount":"296.0975","period":"PT1M","low":"296.1","multiplier":"1","beginTime":"1640549862","endTime":"2020-01-03T04:24-05:00[America/New_York]","close":"296.1","open":"296.1"}
{"volume":"151.0","ticker":"AAPL","high":"296.21","amount":"296.2091","period":"PT1M","low":"296.21","multiplier":"1","beginTime":"1640549862","endTime":"2020-01-03T04:25-05:00[America/New_York]","close":"296.21","open":"296.21"}
{"volume":"1809.0","ticker":"AAPL","high":"296.08","amount":"296.0666","period":"PT1M","low":"296.06","multiplier":"1","beginTime":"1640549862","endTime":"2020-01-03T04:26-05:00[America/New_York]","close":"296.06","open":"296.08"}
{"volume":"100.0","ticker":"AAPL","high":"296.09","amount":"296.09","period":"PT1M","low":"296.09","multiplier":"1","beginTime":"1640549862","endTime":"2020-01-03T04:27-05:00[America/New_York]","close":"296.09","open":"296.09"}
{"volume":"3346.0","ticker":"AAPL","high":"296.09","amount":"295.925","period":"PT1M","low":"295.9","multiplier":"1","beginTime":"1640549862","endTime":"2020-01-03T04:28-05:00[America/New_York]","close":"295.91","open":"296.09"}
{"volume":"1520.0","ticker":"AAPL","high":"295.91","amount":"295.9031","period":"PT1M","low":"295.9","multiplier":"1","beginTime":"1640549862","endTime":"2020-01-03T04:29-05:00[America/New_York]","close":"295.9","open":"295.91"}
{"volume":"575.0","ticker":"AAPL","high":"296.21","amount":"296.131","period":"PT1M","low":"296.1","multiplier":"1","beginTime":"1640549862","endTime":"2020-01-03T04:31-05:00[America/New_York]","close":"296.1","open":"296.21"}
{"volume":"200.0","ticker":"AAPL","high":"296.18","amount":"296.182","period":"PT1M","low":"296.18","multiplier":"1","beginTime":"1640549862","endTime":"2020-01-03T04:33-05:00[America/New_York]","close":"296.18","open":"296.18"}
{"volume":"740.0","ticker":"AAPL","high":"296.12","amount":"296.1083","period":"PT1M","low":"296.08","multiplier":"1","beginTime":"1640549862","endTime":"2020-01-03T04:34-05:00[America/New_York]","close":"296.08","open":"296.12"}
{"volume":"120.0","ticker":"AAPL","high":"296.08","amount":"296.0771","period":"PT1M","low":"296.08","multiplier":"1","beginTime":"1640549862","endTime":"2020-01-03T04:35-05:00[America/New_York]","close":"296.08","open":"296.08"}
{"volume":"215.0","ticker":"AAPL","high":"296.15","amount":"296.171","period":"PT1M","low":"296.15","multiplier":"1","beginTime":"1640549862","endTime":"2020-01-03T04:36-05:00[America/New_York]","close":"296.15","open":"296.15"}
{"volume":"564.0","ticker":"AAPL","high":"296.27","amount":"296.2367","period":"PT1M","low":"296.13","multiplier":"1","beginTime":"1640549862","endTime":"2020-01-03T04:39-05:00[America/New_York]","close":"296.13","open":"296.27"}
{"volume":"228.0","ticker":"AAPL","high":"296.27","amount":"296.2544","period":"PT1M","low":"296.27","multiplier":"1","beginTime":"1640549862","endTime":"2020-01-03T04:40-05:00[America/New_York]","close":"296.27","open":"296.27"}
{"volume":"1210.0","ticker":"AAPL","high":"296.12","amount":"296.0749","period":"PT1M","low":"296.01","multiplier":"1","beginTime":"1640549862","endTime":"2020-01-03T04:42-05:00[America/New_York]","close":"296.01","open":"296.1"}
{"volume":"480.0","ticker":"AAPL","high":"295.82","amount":"295.8097","period":"PT1M","low":"295.8","multiplier":"1","beginTime":"1640549862","endTime":"2020-01-03T04:44-05:00[America/New_York]","close":"295.8","open":"295.82"}
{"volume":"2365.0","ticker":"AAPL","high":"295.84","amount":"295.7804","period":"PT1M","low":"295.61","multiplier":"1","beginTime":"1640549862","endTime":"2020-01-03T04:46-05:00[America/New_York]","close":"295.61","open":"295.82"}
{"volume":"1024.0","ticker":"AAPL","high":"295.63","amount":"295.6106","period":"PT1M","low":"295.6","multiplier":"1","beginTime":"1640549862","endTime":"2020-01-03T04:48-05:00[America/New_York]","close":"295.6","open":"295.63"}
{"volume":"364.0","ticker":"AAPL","high":"295.95","amount":"295.927","period":"PT1M","low":"295.93","multiplier":"1","beginTime":"1640549862","endTime":"2020-01-03T04:50-05:00[America/New_York]","close":"295.95","open":"295.93"}
{"volume":"1441.0","ticker":"AAPL","high":"295.85","amount":"295.8448","period":"PT1M","low":"295.8","multiplier":"1","beginTime":"1640549862","endTime":"2020-01-03T04:51-05:00[America/New_York]","close":"295.85","open":"295.85"}
{"volume":"493.0","ticker":"AAPL","high":"296.0","amount":"295.9761","period":"PT1M","low":"296.0","multiplier":"1","beginTime":"1640549862","endTime":"2020-01-03T04:52-05:00[America/New_York]","close":"296.0","open":"296.0"}
{"volume":"100.0","ticker":"AAPL","high":"295.85","amount":"295.85","period":"PT1M","low":"295.85","multiplier":"1","beginTime":"1640549862","endTime":"2020-01-03T04:54-05:00[America/New_York]","close":"295.85","open":"295.85"}
{"volume":"300.0","ticker":"AAPL","high":"295.85","amount":"295.85","period":"PT1M","low":"295.85","multiplier":"1","beginTime":"1640549862","endTime":"2020-01-03T04:55-05:00[America/New_York]","close":"295.85","open":"295.85"}
{"volume":"1033.0","ticker":"AAPL","high":"295.85","amount":"295.8496","period":"PT1M","low":"295.85","multiplier":"1","beginTime":"1640549862","endTime":"2020-01-03T04:56-05:00[America/New_York]","close":"295.85","open":"295.85"}
{"volume":"127.0","ticker":"AAPL","high":"296.0","amount":"295.9644","period":"PT1M","low":"296.0","multiplier":"1","beginTime":"1640549862","endTime":"2020-01-03T04:58-05:00[America/New_York]","close":"296.0","open":"296.0"}
{"volume":"677.0","ticker":"AAPL","high":"296.2","amount":"296.0746","period":"PT1M","low":"296.05","multiplier":"1","beginTime":"1640549862","endTime":"2020-01-03T04:59-05:00[America/New_York]","close":"296.2","open":"296.05"}
{"volume":"2415.0","ticker":"AAPL","high":"296.2","amount":"296.1947","period":"PT1M","low":"296.18","multiplier":"1","beginTime":"1640549862","endTime":"2020-01-03T05:02-05:00[America/New_York]","close":"296.2","open":"296.18"}
{"volume":"1318.0","ticker":"AAPL","high":"296.3","amount":"296.2945","period":"PT1M","low":"296.3","multiplier":"1","beginTime":"1640549862","endTime":"2020-01-03T05:03-05:00[America/New_York]","close":"296.3","open":"296.3"}
{"volume":"395.0","ticker":"AAPL","high":"296.3","amount":"296.3165","period":"PT1M","low":"296.3","multiplier":"1","beginTime":"1640549862","endTime":"2020-01-03T05:05-05:00[America/New_York]","close":"296.3","open":"296.3"}
{"volume":"450.0","ticker":"AAPL","high":"296.6","amount":"296.5676","period":"PT1M","low":"296.6","multiplier":"1","beginTime":"1640549862","endTime":"2020-01-03T05:06-05:00[America/New_York]","close":"296.6","open":"296.6"}
{"volume":"149.0","ticker":"AAPL","high":"296.26","amount":"296.256","period":"PT1M","low":"296.26","multiplier":"1","beginTime":"1640549862","endTime":"2020-01-03T05:09-05:00[America/New_York]","close":"296.26","open":"296.26"}
{"volume":"848.0","ticker":"AAPL","high":"296.2","amount":"296.1885","period":"PT1M","low":"296.04","multiplier":"1","beginTime":"1640549862","endTime":"2020-01-03T05:10-05:00[America/New_York]","close":"296.04","open":"296.2"}
{"volume":"213.0","ticker":"AAPL","high":"296.04","amount":"296.0407","period":"PT1M","low":"296.04","multiplier":"1","beginTime":"1640549862","endTime":"2020-01-03T05:12-05:00[America/New_York]","close":"296.04","open":"296.04"}
{"volume":"500.0","ticker":"AAPL","high":"296.59","amount":"296.5128","period":"PT1M","low":"296.47","multiplier":"1","beginTime":"1640549862","endTime":"2020-01-03T05:13-05:00[America/New_York]","close":"296.59","open":"296.59"}
{"volume":"1100.0","ticker":"AAPL","high":"296.3","amount":"296.1116","period":"PT1M","low":"296.04","multiplier":"1","beginTime":"1640549862","endTime":"2020-01-03T05:14-05:00[America/New_York]","close":"296.3","open":"296.05"}
{"volume":"102.0","ticker":"AAPL","high":"296.22","amount":"296.2231","period":"PT1M","low":"296.22","multiplier":"1","beginTime":"1640549862","endTime":"2020-01-03T05:15-05:00[America/New_York]","close":"296.22","open":"296.22"}
{"volume":"210.0","ticker":"AAPL","high":"296.1","amount":"296.1038","period":"PT1M","low":"296.1","multiplier":"1","beginTime":"1640549862","endTime":"2020-01-03T05:17-05:00[America/New_York]","close":"296.1","open":"296.1"}
{"volume":"3084.0","ticker":"AAPL","high":"296.24","amount":"295.9407","period":"PT1M","low":"295.61","multiplier":"1","beginTime":"1640549862","endTime":"2020-01-03T05:18-05:00[America/New_York]","close":"295.61","open":"296.24"}
{"volume":"464.0","ticker":"AAPL","high":"295.63","amount":"295.6183","period":"PT1M","low":"295.6","multiplier":"1","beginTime":"1640549862","endTime":"2020-01-03T05:19-05:00[America/New_York]","close":"295.63","open":"295.6"}
{"volume":"815.0","ticker":"AAPL","high":"296.2","amount":"296.052","period":"PT1M","low":"296.0","multiplier":"1","beginTime":"1640549862","endTime":"2020-01-03T05:24-05:00[America/New_York]","close":"296.2","open":"296.0"}
{"volume":"627.0","ticker":"AAPL","high":"296.0","amount":"295.9909","period":"PT1M","low":"296.0","multiplier":"1","beginTime":"1640549862","endTime":"2020-01-03T05:25-05:00[America/New_York]","close":"296.0","open":"296.0"}
{"volume":"188.0","ticker":"AAPL","high":"295.93","amount":"295.916","period":"PT1M","low":"295.93","multiplier":"1","beginTime":"1640549862","endTime":"2020-01-03T05:30-05:00[America/New_York]","close":"295.93","open":"295.93"}
{"volume":"1622.0","ticker":"AAPL","high":"295.94","amount":"295.9112","period":"PT1M","low":"295.88","multiplier":"1","beginTime":"1640549862","endTime":"2020-01-03T05:31-05:00[America/New_York]","close":"295.94","open":"295.88"}
{"volume":"200.0","ticker":"AAPL","high":"295.93","amount":"295.93","period":"PT1M","low":"295.93","multiplier":"1","beginTime":"1640549862","endTime":"2020-01-03T05:32-05:00[America/New_York]","close":"295.93","open":"295.93"}
{"volume":"323.0","ticker":"AAPL","high":"295.89","amount":"295.8211","period":"PT1M","low":"295.83","multiplier":"1","beginTime":"1640549862","endTime":"2020-01-03T05:33-05:00[America/New_York]","close":"295.83","open":"295.89"}
{"volume":"4006.0","ticker":"AAPL","high":"295.62","amount":"295.5701","period":"PT1M","low":"295.5","multiplier":"1","beginTime":"1640549862","endTime":"2020-01-03T05:34-05:00[America/New_York]","close":"295.5","open":"295.62"}
{"volume":"2662.0","ticker":"AAPL","high":"295.62","amount":"295.5619","period":"PT1M","low":"295.45","multiplier":"1","beginTime":"1640549862","endTime":"2020-01-03T05:35-05:00[America/New_York]","close":"295.6","open":"295.62"}
{"volume":"791.0","ticker":"AAPL","high":"295.62","amount":"295.6331","period":"PT1M","low":"295.62","multiplier":"1","beginTime":"1640549862","endTime":"2020-01-03T05:36-05:00[America/New_York]","close":"295.62","open":"295.62"}
{"volume":"269.0","ticker":"AAPL","high":"295.8","amount":"295.8","period":"PT1M","low":"295.8","multiplier":"1","beginTime":"1640549862","endTime":"2020-01-03T05:39-05:00[America/New_York]","close":"295.8","open":"295.8"}
{"volume":"4202.0","ticker":"AAPL","high":"295.69","amount":"295.3658","period":"PT1M","low":"295.2","multiplier":"1","beginTime":"1640549862","endTime":"2020-01-03T05:40-05:00[America/New_York]","close":"295.25","open":"295.69"}
{"volume":"271.0","ticker":"AAPL","high":"295.3","amount":"295.376","period":"PT1M","low":"295.3","multiplier":"1","beginTime":"1640549862","endTime":"2020-01-03T05:41-05:00[America/New_York]","close":"295.3","open":"295.3"}
{"volume":"2047.0","ticker":"AAPL","high":"295.36","amount":"295.3382","period":"PT1M","low":"295.3","multiplier":"1","beginTime":"1640549862","endTime":"2020-01-03T05:43-05:00[America/New_York]","close":"295.36","open":"295.3"}
{"volume":"792.0","ticker":"AAPL","high":"295.53","amount":"295.3849","period":"PT1M","low":"295.36","multiplier":"1","beginTime":"1640549862","endTime":"2020-01-03T05:44-05:00[America/New_York]","close":"295.53","open":"295.36"}
{"volume":"295.0","ticker":"AAPL","high":"295.5","amount":"295.4466","period":"PT1M","low":"295.5","multiplier":"1","beginTime":"1640549862","endTime":"2020-01-03T05:45-05:00[America/New_York]","close":"295.5","open":"295.5"}
{"volume":"322.0","ticker":"AAPL","high":"295.48","amount":"295.4535","period":"PT1M","low":"295.47","multiplier":"1","beginTime":"1640549862","endTime":"2020-01-03T05:47-05:00[America/New_York]","close":"295.48","open":"295.47"}
{"volume":"533.0","ticker":"AAPL","high":"295.11","amount":"295.1198","period":"PT1M","low":"295.11","multiplier":"1","beginTime":"1640549862","endTime":"2020-01-03T05:49-05:00[America/New_York]","close":"295.11","open":"295.11"}
{"volume":"3719.0","ticker":"AAPL","high":"295.11","amount":"295.0575","period":"PT1M","low":"295.0","multiplier":"1","beginTime":"1640549862","endTime":"2020-01-03T05:50-05:00[America/New_York]","close":"295.0","open":"295.11"}
{"volume":"100.0","ticker":"AAPL","high":"295.0","amount":"295.0","period":"PT1M","low":"295.0","multiplier":"1","beginTime":"1640549862","endTime":"2020-01-03T05:55-05:00[America/New_York]","close":"295.0","open":"295.0"}
{"volume":"4871.0","ticker":"AAPL","high":"295.0","amount":"294.8077","period":"PT1M","low":"294.5","multiplier":"1","beginTime":"1640549862","endTime":"2020-01-03T05:56-05:00[America/New_York]","close":"294.5","open":"295.0"}
{"volume":"2880.0","ticker":"AAPL","high":"294.46","amount":"294.4026","period":"PT1M","low":"294.38","multiplier":"1","beginTime":"1640549862","endTime":"2020-01-03T05:57-05:00[America/New_York]","close":"294.4","open":"294.46"}
{"volume":"1251.0","ticker":"AAPL","high":"294.4","amount":"294.4082","period":"PT1M","low":"294.4","multiplier":"1","beginTime":"1640549862","endTime":"2020-01-03T05:58-05:00[America/New_York]","close":"294.4","open":"294.4"}
{"volume":"467.0","ticker":"AAPL","high":"294.84","amount":"294.7452","period":"PT1M","low":"294.75","multiplier":"1","beginTime":"1640549862","endTime":"2020-01-03T05:59-05:00[America/New_York]","close":"294.84","open":"294.75"}
{"volume":"701.0","ticker":"AAPL","high":"294.84","amount":"294.8339","period":"PT1M","low":"294.84","multiplier":"1","beginTime":"1640549862","endTime":"2020-01-03T06:00-05:00[America/New_York]","close":"294.84","open":"294.84"}
{"volume":"170.0","ticker":"AAPL","high":"294.83","amount":"294.8188","period":"PT1M","low":"294.83","multiplier":"1","beginTime":"1640549862","endTime":"2020-01-03T06:01-05:00[America/New_York]","close":"294.83","open":"294.83"}
{"volume":"1339.0","ticker":"AAPL","high":"294.84","amount":"294.8381","period":"PT1M","low":"294.84","multiplier":"1","beginTime":"1640549862","endTime":"2020-01-03T06:02-05:00[America/New_York]","close":"294.84","open":"294.84"}
{"volume":"338.0","ticker":"AAPL","high":"295.0","amount":"294.9571","period":"PT1M","low":"295.0","multiplier":"1","beginTime":"1640549862","endTime":"2020-01-03T06:03-05:00[America/New_York]","close":"295.0","open":"295.0"}
{"volume":"988.0","ticker":"AAPL","high":"295.0","amount":"294.9994","period":"PT1M","low":"295.0","multiplier":"1","beginTime":"1640549862","endTime":"2020-01-03T06:04-05:00[America/New_York]","close":"295.0","open":"295.0"}
{"volume":"156.0","ticker":"AAPL","high":"295.39","amount":"295.3519","period":"PT1M","low":"295.39","multiplier":"1","beginTime":"1640549862","endTime":"2020-01-03T06:06-05:00[America/New_York]","close":"295.39","open":"295.39"}
{"volume":"244.0","ticker":"AAPL","high":"295.3","amount":"295.2836","period":"PT1M","low":"295.26","multiplier":"1","beginTime":"1640549862","endTime":"2020-01-03T06:07-05:00[America/New_York]","close":"295.3","open":"295.26"}
{"volume":"302.0","ticker":"AAPL","high":"295.16","amount":"295.2526","period":"PT1M","low":"295.16","multiplier":"1","beginTime":"1640549862","endTime":"2020-01-03T06:08-05:00[America/New_York]","close":"295.16","open":"295.16"}
{"volume":"1690.0","ticker":"AAPL","high":"295.25","amount":"295.105","period":"PT1M","low":"295.0","multiplier":"1","beginTime":"1640549862","endTime":"2020-01-03T06:10-05:00[America/New_York]","close":"295.0","open":"295.25"}
{"volume":"332.0","ticker":"AAPL","high":"295.3","amount":"295.2952","period":"PT1M","low":"295.3","multiplier":"1","beginTime":"1640549862","endTime":"2020-01-03T06:11-05:00[America/New_York]","close":"295.3","open":"295.3"}
{"volume":"518.0","ticker":"AAPL","high":"295.26","amount":"295.2587","period":"PT1M","low":"295.26","multiplier":"1","beginTime":"1640549862","endTime":"2020-01-03T06:12-05:00[America/New_York]","close":"295.26","open":"295.26"}
{"volume":"155.0","ticker":"AAPL","high":"295.23","amount":"295.2268","period":"PT1M","low":"295.23","multiplier":"1","beginTime":"1640549862","endTime":"2020-01-03T06:14-05:00[America/New_York]","close":"295.23","open":"295.23"}
{"volume":"816.0","ticker":"AAPL","high":"295.23","amount":"295.203","period":"PT1M","low":"295.23","multiplier":"1","beginTime":"1640549862","endTime":"2020-01-03T06:16-05:00[America/New_York]","close":"295.23","open":"295.23"}
{"volume":"215.0","ticker":"AAPL","high":"295.26","amount":"295.2594","period":"PT1M","low":"295.26","multiplier":"1","beginTime":"1640549862","endTime":"2020-01-03T06:17-05:00[America/New_York]","close":"295.26","open":"295.26"}
{"volume":"8470.0","ticker":"AAPL","high":"295.53","amount":"295.367","period":"PT1M","low":"295.25","multiplier":"1","beginTime":"1640549862","endTime":"2020-01-03T06:18-05:00[America/New_York]","close":"295.53","open":"295.26"}
{"volume":"720.0","ticker":"AAPL","high":"295.57","amount":"295.561","period":"PT1M","low":"295.55","multiplier":"1","beginTime":"1640549862","endTime":"2020-01-03T06:21-05:00[America/New_York]","close":"295.55","open":"295.57"}
{"volume":"1006.0","ticker":"AAPL","high":"295.4","amount":"295.37","period":"PT1M","low":"295.36","multiplier":"1","beginTime":"1640549862","endTime":"2020-01-03T06:22-05:00[America/New_York]","close":"295.36","open":"295.4"}
{"volume":"834.0","ticker":"AAPL","high":"295.35","amount":"295.35","period":"PT1M","low":"295.35","multiplier":"1","beginTime":"1640549862","endTime":"2020-01-03T06:24-05:00[America/New_York]","close":"295.35","open":"295.35"}
{"volume":"511.0","ticker":"AAPL","high":"295.49","amount":"295.4128","period":"PT1M","low":"295.29","multiplier":"1","beginTime":"1640549862","endTime":"2020-01-03T06:25-05:00[America/New_York]","close":"295.29","open":"295.49"}
{"volume":"3989.0","ticker":"AAPL","high":"295.29","amount":"295.1298","period":"PT1M","low":"295.01","multiplier":"1","beginTime":"1640549862","endTime":"2020-01-03T06:26-05:00[America/New_York]","close":"295.29","open":"295.29"}
{"volume":"500.0","ticker":"AAPL","high":"295.45","amount":"295.407","period":"PT1M","low":"295.35","multiplier":"1","beginTime":"1640549862","endTime":"2020-01-03T06:27-05:00[America/New_York]","close":"295.44","open":"295.35"}
{"volume":"4329.0","ticker":"AAPL","high":"295.6","amount":"295.5872","period":"PT1M","low":"295.5","multiplier":"1","beginTime":"1640549862","endTime":"2020-01-03T06:29-05:00[America/New_York]","close":"295.6","open":"295.5"}
{"volume":"491.0","ticker":"AAPL","high":"295.82","amount":"295.7508","period":"PT1M","low":"295.82","multiplier":"1","beginTime":"1640549862","endTime":"2020-01-03T06:30-05:00[America/New_York]","close":"295.82","open":"295.82"}
{"volume":"5488.0","ticker":"AAPL","high":"295.5","amount":"295.3344","period":"PT1M","low":"295.3","multiplier":"1","beginTime":"1640549862","endTime":"2020-01-03T06:32-05:00[America/New_York]","close":"295.3","open":"295.5"}
{"volume":"873.0","ticker":"AAPL","high":"295.4","amount":"295.3569","period":"PT1M","low":"295.35","multiplier":"1","beginTime":"1640549862","endTime":"2020-01-03T06:33-05:00[America/New_York]","close":"295.4","open":"295.35"}
{"volume":"2757.0","ticker":"AAPL","high":"295.33","amount":"295.357","period":"PT1M","low":"295.3","multiplier":"1","beginTime":"1640549862","endTime":"2020-01-03T06:34-05:00[America/New_York]","close":"295.31","open":"295.33"}
{"volume":"2420.0","ticker":"AAPL","high":"295.5","amount":"295.4888","period":"PT1M","low":"295.44","multiplier":"1","beginTime":"1640549862","endTime":"2020-01-03T06:37-05:00[America/New_York]","close":"295.5","open":"295.44"}
{"volume":"1240.0","ticker":"AAPL","high":"295.6","amount":"295.5085","period":"PT1M","low":"295.41","multiplier":"1","beginTime":"1640549862","endTime":"2020-01-03T06:38-05:00[America/New_York]","close":"295.6","open":"295.41"}
{"volume":"1200.0","ticker":"AAPL","high":"295.6","amount":"295.5242","period":"PT1M","low":"295.46","multiplier":"1","beginTime":"1640549862","endTime":"2020-01-03T06:42-05:00[America/New_York]","close":"295.46","open":"295.6"}
{"volume":"114.0","ticker":"AAPL","high":"295.43","amount":"295.434","period":"PT1M","low":"295.43","multiplier":"1","beginTime":"1640549862","endTime":"2020-01-03T06:43-05:00[America/New_York]","close":"295.43","open":"295.43"}
{"volume":"924.0","ticker":"AAPL","high":"295.63","amount":"295.63","period":"PT1M","low":"295.63","multiplier":"1","beginTime":"1640549862","endTime":"2020-01-03T06:45-05:00[America/New_York]","close":"295.63","open":"295.63"}
{"volume":"300.0","ticker":"AAPL","high":"295.47","amount":"295.4697","period":"PT1M","low":"295.47","multiplier":"1","beginTime":"1640549862","endTime":"2020-01-03T06:47-05:00[America/New_York]","close":"295.47","open":"295.47"}
{"volume":"2018.0","ticker":"AAPL","high":"295.79","amount":"295.7757","period":"PT1M","low":"295.77","multiplier":"1","beginTime":"1640549862","endTime":"2020-01-03T06:50-05:00[America/New_York]","close":"295.79","open":"295.78"}
{"volume":"1050.0","ticker":"AAPL","high":"295.87","amount":"295.8116","period":"PT1M","low":"295.73","multiplier":"1","beginTime":"1640549862","endTime":"2020-01-03T06:51-05:00[America/New_York]","close":"295.87","open":"295.73"}
{"volume":"2975.0","ticker":"AAPL","high":"295.9","amount":"295.8976","period":"PT1M","low":"295.81","multiplier":"1","beginTime":"1640549862","endTime":"2020-01-03T06:52-05:00[America/New_York]","close":"295.9","open":"295.81"}
{"volume":"808.0","ticker":"AAPL","high":"295.9","amount":"295.7451","period":"PT1M","low":"295.6","multiplier":"1","beginTime":"1640549862","endTime":"2020-01-03T06:53-05:00[America/New_York]","close":"295.9","open":"295.68"}
{"volume":"1278.0","ticker":"AAPL","high":"295.78","amount":"295.7133","period":"PT1M","low":"295.7","multiplier":"1","beginTime":"1640549862","endTime":"2020-01-03T06:55-05:00[America/New_York]","close":"295.7","open":"295.78"}
{"volume":"1607.0","ticker":"AAPL","high":"295.87","amount":"295.7504","period":"PT1M","low":"295.67","multiplier":"1","beginTime":"1640549862","endTime":"2020-01-03T06:56-05:00[America/New_York]","close":"295.67","open":"295.87"}
{"volume":"700.0","ticker":"AAPL","high":"295.67","amount":"295.5918","period":"PT1M","low":"295.55","multiplier":"1","beginTime":"1640549862","endTime":"2020-01-03T06:57-05:00[America/New_York]","close":"295.59","open":"295.67"}
{"volume":"583.0","ticker":"AAPL","high":"295.65","amount":"295.6429","period":"PT1M","low":"295.65","multiplier":"1","beginTime":"1640549862","endTime":"2020-01-03T06:58-05:00[America/New_York]","close":"295.65","open":"295.65"}
{"volume":"150.0","ticker":"AAPL","high":"295.67","amount":"295.67","period":"PT1M","low":"295.67","multiplier":"1","beginTime":"1640549862","endTime":"2020-01-03T06:59-05:00[America/New_York]","close":"295.67","open":"295.67"}
{"volume":"29573.0","ticker":"AAPL","high":"296.8","amount":"295.982","period":"PT1M","low":"295.6","multiplier":"1","beginTime":"1640549862","endTime":"2020-01-03T07:00-05:00[America/New_York]","close":"296.38","open":"295.79"}
{"volume":"17679.0","ticker":"AAPL","high":"296.45","amount":"296.1795","period":"PT1M","low":"296.04","multiplier":"1","beginTime":"1640549862","endTime":"2020-01-03T07:01-05:00[America/New_York]","close":"296.17","open":"296.38"}
{"volume":"10946.0","ticker":"AAPL","high":"296.45","amount":"296.257","period":"PT1M","low":"296.11","multiplier":"1","beginTime":"1640549862","endTime":"2020-01-03T07:02-05:00[America/New_York]","close":"296.2","open":"296.45"}
{"volume":"4271.0","ticker":"AAPL","high":"296.54","amount":"296.3642","period":"PT1M","low":"296.15","multiplier":"1","beginTime":"1640549862","endTime":"2020-01-03T07:03-05:00[America/New_York]","close":"296.54","open":"296.23"}
{"volume":"2957.0","ticker":"AAPL","high":"296.5","amount":"296.4979","period":"PT1M","low":"296.45","multiplier":"1","beginTime":"1640549862","endTime":"2020-01-03T07:04-05:00[America/New_York]","close":"296.5","open":"296.5"}
{"volume":"5648.0","ticker":"AAPL","high":"296.73","amount":"296.523","period":"PT1M","low":"296.5","multiplier":"1","beginTime":"1640549862","endTime":"2020-01-03T07:05-05:00[America/New_York]","close":"296.53","open":"296.5"}
{"volume":"2673.0","ticker":"AAPL","high":"296.73","amount":"296.6673","period":"PT1M","low":"296.54","multiplier":"1","beginTime":"1640549862","endTime":"2020-01-03T07:06-05:00[America/New_York]","close":"296.61","open":"296.7"}
{"volume":"6315.0","ticker":"AAPL","high":"296.74","amount":"296.7126","period":"PT1M","low":"296.65","multiplier":"1","beginTime":"1640549862","endTime":"2020-01-03T07:07-05:00[America/New_York]","close":"296.74","open":"296.69"}
{"volume":"7431.0","ticker":"AAPL","high":"296.75","amount":"296.6718","period":"PT1M","low":"296.6","multiplier":"1","beginTime":"1640549862","endTime":"2020-01-03T07:08-05:00[America/New_York]","close":"296.75","open":"296.66"}
{"volume":"2962.0","ticker":"AAPL","high":"296.88","amount":"296.8041","period":"PT1M","low":"296.7","multiplier":"1","beginTime":"1640549862","endTime":"2020-01-03T07:09-05:00[America/New_York]","close":"296.8","open":"296.75"}
{"volume":"6194.0","ticker":"AAPL","high":"296.89","amount":"296.7614","period":"PT1M","low":"296.6","multiplier":"1","beginTime":"1640549862","endTime":"2020-01-03T07:10-05:00[America/New_York]","close":"296.84","open":"296.81"}
{"volume":"2040.0","ticker":"AAPL","high":"296.84","amount":"296.8397","period":"PT1M","low":"296.84","multiplier":"1","beginTime":"1640549862","endTime":"2020-01-03T07:11-05:00[America/New_York]","close":"296.84","open":"296.84"}
{"volume":"4265.0","ticker":"AAPL","high":"297.0","amount":"296.9015","period":"PT1M","low":"296.84","multiplier":"1","beginTime":"1640549862","endTime":"2020-01-03T07:12-05:00[America/New_York]","close":"296.9","open":"296.84"}
{"volume":"6853.0","ticker":"AAPL","high":"297.0","amount":"296.9711","period":"PT1M","low":"296.8","multiplier":"1","beginTime":"1640549862","endTime":"2020-01-03T07:13-05:00[America/New_York]","close":"297.0","open":"296.99"}
{"volume":"2345.0","ticker":"AAPL","high":"297.19","amount":"297.0581","period":"PT1M","low":"297.0","multiplier":"1","beginTime":"1640549862","endTime":"2020-01-03T07:14-05:00[America/New_York]","close":"297.1","open":"297.0"}
{"volume":"3285.0","ticker":"AAPL","high":"297.3","amount":"297.1574","period":"PT1M","low":"297.0","multiplier":"1","beginTime":"1640549862","endTime":"2020-01-03T07:15-05:00[America/New_York]","close":"297.2","open":"297.1"}
{"volume":"4864.0","ticker":"AAPL","high":"297.34","amount":"297.2659","period":"PT1M","low":"297.15","multiplier":"1","beginTime":"1640549862","endTime":"2020-01-03T07:16-05:00[America/New_York]","close":"297.24","open":"297.3"}
{"volume":"1615.0","ticker":"AAPL","high":"297.24","amount":"297.2369","period":"PT1M","low":"297.2","multiplier":"1","beginTime":"1640549862","endTime":"2020-01-03T07:17-05:00[America/New_York]","close":"297.24","open":"297.2"}
{"volume":"3476.0","ticker":"AAPL","high":"297.5","amount":"297.3825","period":"PT1M","low":"297.31","multiplier":"1","beginTime":"1640549862","endTime":"2020-01-03T07:18-05:00[America/New_York]","close":"297.39","open":"297.31"}
{"volume":"2549.0","ticker":"AAPL","high":"297.49","amount":"297.4503","period":"PT1M","low":"297.39","multiplier":"1","beginTime":"1640549862","endTime":"2020-01-03T07:19-05:00[America/New_York]","close":"297.49","open":"297.39"}
{"volume":"1450.0","ticker":"AAPL","high":"297.4","amount":"297.3606","period":"PT1M","low":"297.28","multiplier":"1","beginTime":"1640549862","endTime":"2020-01-03T07:20-05:00[America/New_York]","close":"297.31","open":"297.4"}
{"volume":"1686.0","ticker":"AAPL","high":"297.28","amount":"297.246","period":"PT1M","low":"297.25","multiplier":"1","beginTime":"1640549862","endTime":"2020-01-03T07:21-05:00[America/New_York]","close":"297.25","open":"297.28"}
{"volume":"2265.0","ticker":"AAPL","high":"297.24","amount":"297.2118","period":"PT1M","low":"297.2","multiplier":"1","beginTime":"1640549862","endTime":"2020-01-03T07:22-05:00[America/New_York]","close":"297.2","open":"297.2"}
{"volume":"1580.0","ticker":"AAPL","high":"297.2","amount":"297.1306","period":"PT1M","low":"297.08","multiplier":"1","beginTime":"1640549862","endTime":"2020-01-03T07:23-05:00[America/New_York]","close":"297.15","open":"297.2"}
{"volume":"13839.0","ticker":"AAPL","high":"297.15","amount":"297.0293","period":"PT1M","low":"296.9","multiplier":"1","beginTime":"1640549862","endTime":"2020-01-03T07:24-05:00[America/New_York]","close":"296.9","open":"297.04"}
{"volume":"2964.0","ticker":"AAPL","high":"297.05","amount":"296.9631","period":"PT1M","low":"296.87","multiplier":"1","beginTime":"1640549862","endTime":"2020-01-03T07:25-05:00[America/New_York]","close":"297.05","open":"296.88"}
{"volume":"2497.0","ticker":"AAPL","high":"297.1","amount":"297.0165","period":"PT1M","low":"297.0","multiplier":"1","beginTime":"1640549862","endTime":"2020-01-03T07:26-05:00[America/New_York]","close":"297.07","open":"297.0"}
{"volume":"2182.0","ticker":"AAPL","high":"297.05","amount":"296.9622","period":"PT1M","low":"296.81","multiplier":"1","beginTime":"1640549862","endTime":"2020-01-03T07:27-05:00[America/New_York]","close":"296.81","open":"297.02"}
{"volume":"5139.0","ticker":"AAPL","high":"297.09","amount":"297.0497","period":"PT1M","low":"296.94","multiplier":"1","beginTime":"1640549862","endTime":"2020-01-03T07:28-05:00[America/New_York]","close":"297.01","open":"296.94"}
{"volume":"3344.0","ticker":"AAPL","high":"297.2","amount":"297.0776","period":"PT1M","low":"297.05","multiplier":"1","beginTime":"1640549862","endTime":"2020-01-03T07:29-05:00[America/New_York]","close":"297.2","open":"297.08"}
{"volume":"2160.0","ticker":"AAPL","high":"297.2","amount":"297.1679","period":"PT1M","low":"297.11","multiplier":"1","beginTime":"1640549862","endTime":"2020-01-03T07:30-05:00[America/New_York]","close":"297.2","open":"297.14"}
{"volume":"3912.0","ticker":"AAPL","high":"297.36","amount":"297.2984","period":"PT1M","low":"297.22","multiplier":"1","beginTime":"1640549862","endTime":"2020-01-03T07:31-05:00[America/New_York]","close":"297.3","open":"297.22"}
{"volume":"6024.0","ticker":"AAPL","high":"297.4","amount":"297.3277","period":"PT1M","low":"297.26","multiplier":"1","beginTime":"1640549862","endTime":"2020-01-03T07:32-05:00[America/New_York]","close":"297.3","open":"297.31"}
{"volume":"345.0","ticker":"AAPL","high":"297.3","amount":"297.267","period":"PT1M","low":"297.25","multiplier":"1","beginTime":"1640549862","endTime":"2020-01-03T07:33-05:00[America/New_York]","close":"297.3","open":"297.25"}
{"volume":"2953.0","ticker":"AAPL","high":"297.43","amount":"297.365","period":"PT1M","low":"297.3","multiplier":"1","beginTime":"1640549862","endTime":"2020-01-03T07:34-05:00[America/New_York]","close":"297.43","open":"297.3"}
{"volume":"1041.0","ticker":"AAPL","high":"297.41","amount":"297.3592","period":"PT1M","low":"297.31","multiplier":"1","beginTime":"1640549862","endTime":"2020-01-03T07:35-05:00[America/New_York]","close":"297.41","open":"297.31"}
{"volume":"951.0","ticker":"AAPL","high":"297.4","amount":"297.3998","period":"PT1M","low":"297.4","multiplier":"1","beginTime":"1640549862","endTime":"2020-01-03T07:36-05:00[America/New_York]","close":"297.4","open":"297.4"}
{"volume":"1099.0","ticker":"AAPL","high":"297.48","amount":"297.4318","period":"PT1M","low":"297.4","multiplier":"1","beginTime":"1640549862","endTime":"2020-01-03T07:37-05:00[America/New_York]","close":"297.48","open":"297.4"}
{"volume":"3818.0","ticker":"AAPL","high":"297.49","amount":"297.431","period":"PT1M","low":"297.31","multiplier":"1","beginTime":"1640549862","endTime":"2020-01-03T07:38-05:00[America/New_York]","close":"297.41","open":"297.42"}
{"volume":"1977.0","ticker":"AAPL","high":"297.45","amount":"297.4174","period":"PT1M","low":"297.4","multiplier":"1","beginTime":"1640549862","endTime":"2020-01-03T07:39-05:00[America/New_York]","close":"297.4","open":"297.45"}
{"volume":"3990.0","ticker":"AAPL","high":"297.58","amount":"297.4343","period":"PT1M","low":"297.28","multiplier":"1","beginTime":"1640549862","endTime":"2020-01-03T07:40-05:00[America/New_York]","close":"297.3","open":"297.4"}
{"volume":"5231.0","ticker":"AAPL","high":"297.4","amount":"297.3049","period":"PT1M","low":"297.27","multiplier":"1","beginTime":"1640549862","endTime":"2020-01-03T07:41-05:00[America/New_York]","close":"297.4","open":"297.3"}
{"volume":"2547.0","ticker":"AAPL","high":"297.47","amount":"297.4094","period":"PT1M","low":"297.4","multiplier":"1","beginTime":"1640549862","endTime":"2020-01-03T07:42-05:00[America/New_York]","close":"297.41","open":"297.47"}
{"volume":"1994.0","ticker":"AAPL","high":"297.4","amount":"297.3795","period":"PT1M","low":"297.31","multiplier":"1","beginTime":"1640549862","endTime":"2020-01-03T07:43-05:00[America/New_York]","close":"297.4","open":"297.4"}
{"volume":"4835.0","ticker":"AAPL","high":"297.59","amount":"297.5099","period":"PT1M","low":"297.45","multiplier":"1","beginTime":"1640549862","endTime":"2020-01-03T07:44-05:00[America/New_York]","close":"297.58","open":"297.46"}
{"volume":"9944.0","ticker":"AAPL","high":"297.69","amount":"297.6207","period":"PT1M","low":"297.52","multiplier":"1","beginTime":"1640549862","endTime":"2020-01-03T07:45-05:00[America/New_York]","close":"297.6","open":"297.6"}
{"volume":"3802.0","ticker":"AAPL","high":"297.61","amount":"297.5648","period":"PT1M","low":"297.5","multiplier":"1","beginTime":"1640549862","endTime":"2020-01-03T07:46-05:00[America/New_York]","close":"297.51","open":"297.61"}
{"volume":"928.0","ticker":"AAPL","high":"297.59","amount":"297.5642","period":"PT1M","low":"297.55","multiplier":"1","beginTime":"1640549862","endTime":"2020-01-03T07:47-05:00[America/New_York]","close":"297.56","open":"297.59"}
{"volume":"7476.0","ticker":"AAPL","high":"297.55","amount":"297.4945","period":"PT1M","low":"297.41","multiplier":"1","beginTime":"1640549862","endTime":"2020-01-03T07:48-05:00[America/New_York]","close":"297.53","open":"297.55"}
{"volume":"2647.0","ticker":"AAPL","high":"297.6","amount":"297.537","period":"PT1M","low":"297.4","multiplier":"1","beginTime":"1640549862","endTime":"2020-01-03T07:49-05:00[America/New_York]","close":"297.4","open":"297.5"}
{"volume":"10950.0","ticker":"AAPL","high":"297.69","amount":"297.6517","period":"PT1M","low":"297.63","multiplier":"1","beginTime":"1640549862","endTime":"2020-01-03T07:50-05:00[America/New_York]","close":"297.65","open":"297.63"}
{"volume":"10695.0","ticker":"AAPL","high":"297.78","amount":"297.7278","period":"PT1M","low":"297.6","multiplier":"1","beginTime":"1640549862","endTime":"2020-01-03T07:51-05:00[America/New_York]","close":"297.73","open":"297.64"}
{"volume":"7896.0","ticker":"AAPL","high":"297.8","amount":"297.7522","period":"PT1M","low":"297.68","multiplier":"1","beginTime":"1640549862","endTime":"2020-01-03T07:52-05:00[America/New_York]","close":"297.68","open":"297.75"}
{"volume":"8182.0","ticker":"AAPL","high":"297.69","amount":"297.6165","period":"PT1M","low":"297.53","multiplier":"1","beginTime":"1640549862","endTime":"2020-01-03T07:53-05:00[America/New_York]","close":"297.6","open":"297.65"}
{"volume":"3719.0","ticker":"AAPL","high":"297.6","amount":"297.5669","period":"PT1M","low":"297.52","multiplier":"1","beginTime":"1640549862","endTime":"2020-01-03T07:54-05:00[America/New_York]","close":"297.52","open":"297.57"}
{"volume":"6895.0","ticker":"AAPL","high":"297.66","amount":"297.615","period":"PT1M","low":"297.57","multiplier":"1","beginTime":"1640549862","endTime":"2020-01-03T07:55-05:00[America/New_York]","close":"297.66","open":"297.57"}
{"volume":"2155.0","ticker":"AAPL","high":"297.8","amount":"297.7342","period":"PT1M","low":"297.7","multiplier":"1","beginTime":"1640549862","endTime":"2020-01-03T07:56-05:00[America/New_York]","close":"297.8","open":"297.7"}
{"volume":"1098.0","ticker":"AAPL","high":"297.85","amount":"297.8317","period":"PT1M","low":"297.81","multiplier":"1","beginTime":"1640549862","endTime":"2020-01-03T07:57-05:00[America/New_York]","close":"297.81","open":"297.81"}
{"volume":"2265.0","ticker":"AAPL","high":"297.9","amount":"297.8793","period":"PT1M","low":"297.85","multiplier":"1","beginTime":"1640549862","endTime":"2020-01-03T07:58-05:00[America/New_York]","close":"297.88","open":"297.9"}
{"volume":"16489.0","ticker":"AAPL","high":"298.2","amount":"298.1139","period":"PT1M","low":"297.9","multiplier":"1","beginTime":"1640549862","endTime":"2020-01-03T07:59-05:00[America/New_York]","close":"298.05","open":"297.9"}
{"volume":"134740.0","ticker":"AAPL","high":"298.19","amount":"297.1303","period":"PT1M","low":"295.65","multiplier":"1","beginTime":"1640549862","endTime":"2020-01-03T08:00-05:00[America/New_York]","close":"298.05","open":"298.01"}
{"volume":"13559.0","ticker":"AAPL","high":"298.1799","amount":"298.0414","period":"PT1M","low":"297.97","multiplier":"1","beginTime":"1640549862","endTime":"2020-01-03T08:01-05:00[America/New_York]","close":"298.0","open":"298.1799"}
{"volume":"3677.0","ticker":"AAPL","high":"298.12","amount":"298.0681","period":"PT1M","low":"298.01","multiplier":"1","beginTime":"1640549862","endTime":"2020-01-03T08:02-05:00[America/New_York]","close":"298.05","open":"298.12"}
{"volume":"7602.0","ticker":"AAPL","high":"298.28","amount":"298.1764","period":"PT1M","low":"298.03","multiplier":"1","beginTime":"1640549862","endTime":"2020-01-03T08:03-05:00[America/New_York]","close":"298.28","open":"298.12"}
{"volume":"10840.0","ticker":"AAPL","high":"298.47","amount":"298.3654","period":"PT1M","low":"298.22","multiplier":"1","beginTime":"1640549862","endTime":"2020-01-03T08:04-05:00[America/New_York]","close":"298.47","open":"298.25"}
{"volume":"8236.0","ticker":"AAPL","high":"298.47","amount":"298.4095","period":"PT1M","low":"298.39","multiplier":"1","beginTime":"1640549862","endTime":"2020-01-03T08:05-05:00[America/New_York]","close":"298.39","open":"298.4"}
{"volume":"3741.0","ticker":"AAPL","high":"298.45","amount":"298.4222","period":"PT1M","low":"298.37","multiplier":"1","beginTime":"1640549862","endTime":"2020-01-03T08:06-05:00[America/New_York]","close":"298.45","open":"298.4"}
{"volume":"5842.0","ticker":"AAPL","high":"298.5","amount":"298.4465","period":"PT1M","low":"298.4","multiplier":"1","beginTime":"1640549862","endTime":"2020-01-03T08:07-05:00[America/New_York]","close":"298.41","open":"298.48"}
{"volume":"14607.0","ticker":"AAPL","high":"298.45","amount":"298.3332","period":"PT1M","low":"298.28","multiplier":"1","beginTime":"1640549862","endTime":"2020-01-03T08:08-05:00[America/New_York]","close":"298.28","open":"298.37"}
{"volume":"7516.0","ticker":"AAPL","high":"298.467","amount":"298.2976","period":"PT1M","low":"298.25","multiplier":"1","beginTime":"1640549862","endTime":"2020-01-03T08:09-05:00[America/New_York]","close":"298.25","open":"298.28"}
{"volume":"7867.0","ticker":"AAPL","high":"298.3","amount":"298.2145","period":"PT1M","low":"298.19","multiplier":"1","beginTime":"1640549862","endTime":"2020-01-03T08:10-05:00[America/New_York]","close":"298.2001","open":"298.2899"}
{"volume":"5518.0","ticker":"AAPL","high":"298.2999","amount":"298.1808","period":"PT1M","low":"298.12","multiplier":"1","beginTime":"1640549862","endTime":"2020-01-03T08:11-05:00[America/New_York]","close":"298.15","open":"298.2999"}
{"volume":"4275.0","ticker":"AAPL","high":"298.29","amount":"298.1669","period":"PT1M","low":"298.07","multiplier":"1","beginTime":"1640549862","endTime":"2020-01-03T08:12-05:00[America/New_York]","close":"298.15","open":"298.15"}
{"volume":"5645.0","ticker":"AAPL","high":"298.38","amount":"298.2947","period":"PT1M","low":"298.25","multiplier":"1","beginTime":"1640549862","endTime":"2020-01-03T08:13-05:00[America/New_York]","close":"298.3","open":"298.29"}
{"volume":"8513.0","ticker":"AAPL","high":"298.34","amount":"298.2463","period":"PT1M","low":"298.1","multiplier":"1","beginTime":"1640549862","endTime":"2020-01-03T08:14-05:00[America/New_York]","close":"298.1","open":"298.29"}
{"volume":"5262.0","ticker":"AAPL","high":"298.18","amount":"298.1619","period":"PT1M","low":"298.12","multiplier":"1","beginTime":"1640549862","endTime":"2020-01-03T08:15-05:00[America/New_York]","close":"298.14","open":"298.12"}
{"volume":"6765.0","ticker":"AAPL","high":"298.32","amount":"298.1828","period":"PT1M","low":"298.11","multiplier":"1","beginTime":"1640549862","endTime":"2020-01-03T08:16-05:00[America/New_York]","close":"298.18","open":"298.155"}
{"volume":"926.0","ticker":"AAPL","high":"298.34","amount":"298.2984","period":"PT1M","low":"298.23","multiplier":"1","beginTime":"1640549862","endTime":"2020-01-03T08:17-05:00[America/New_York]","close":"298.34","open":"298.23"}
{"volume":"4277.0","ticker":"AAPL","high":"298.38","amount":"298.3207","period":"PT1M","low":"298.28","multiplier":"1","beginTime":"1640549862","endTime":"2020-01-03T08:18-05:00[America/New_York]","close":"298.3001","open":"298.34"}
{"volume":"4466.0","ticker":"AAPL","high":"298.38","amount":"298.3031","period":"PT1M","low":"298.27","multiplier":"1","beginTime":"1640549862","endTime":"2020-01-03T08:19-05:00[America/New_York]","close":"298.3","open":"298.38"}
{"volume":"9151.0","ticker":"AAPL","high":"298.51","amount":"298.4452","period":"PT1M","low":"298.3117","multiplier":"1","beginTime":"1640549862","endTime":"2020-01-03T08:20-05:00[America/New_York]","close":"298.51","open":"298.38"}
{"volume":"5226.0","ticker":"AAPL","high":"298.6","amount":"298.5421","period":"PT1M","low":"298.47","multiplier":"1","beginTime":"1640549862","endTime":"2020-01-03T08:21-05:00[America/New_York]","close":"298.6","open":"298.5"}
{"volume":"5060.0","ticker":"AAPL","high":"298.56","amount":"298.4736","period":"PT1M","low":"298.35","multiplier":"1","beginTime":"1640549862","endTime":"2020-01-03T08:22-05:00[America/New_York]","close":"298.35","open":"298.5"}
{"volume":"14837.0","ticker":"AAPL","high":"298.54","amount":"298.2825","period":"PT1M","low":"298.15","multiplier":"1","beginTime":"1640549862","endTime":"2020-01-03T08:23-05:00[America/New_York]","close":"298.15","open":"298.36"}
{"volume":"1999.0","ticker":"AAPL","high":"298.39","amount":"298.2947","period":"PT1M","low":"298.25","multiplier":"1","beginTime":"1640549862","endTime":"2020-01-03T08:24-05:00[America/New_York]","close":"298.2501","open":"298.39"}
{"volume":"320617.0","ticker":"AAPL","high":"298.34","amount":"300.3439","period":"PT1M","low":"298.25","multiplier":"1","beginTime":"1640549862","endTime":"2020-01-03T08:25-05:00[America/New_York]","close":"298.25","open":"298.34"}
{"volume":"1555.0","ticker":"AAPL","high":"298.2","amount":"298.1752","period":"PT1M","low":"298.15","multiplier":"1","beginTime":"1640549862","endTime":"2020-01-03T08:26-05:00[America/New_York]","close":"298.15","open":"298.2"}
{"volume":"3089.0","ticker":"AAPL","high":"298.2","amount":"298.1449","period":"PT1M","low":"298.11","multiplier":"1","beginTime":"1640549862","endTime":"2020-01-03T08:27-05:00[America/New_York]","close":"298.15","open":"298.15"}
{"volume":"4493.0","ticker":"AAPL","high":"298.1699","amount":"298.1374","period":"PT1M","low":"298.1","multiplier":"1","beginTime":"1640549862","endTime":"2020-01-03T08:28-05:00[America/New_York]","close":"298.16","open":"298.15"}
{"volume":"10281.0","ticker":"AAPL","high":"298.1","amount":"298.0371","period":"PT1M","low":"298.0","multiplier":"1","beginTime":"1640549862","endTime":"2020-01-03T08:29-05:00[America/New_York]","close":"298.0","open":"298.07"}
{"volume":"1747.0","ticker":"AAPL","high":"298.03","amount":"297.9796","period":"PT1M","low":"297.88","multiplier":"1","beginTime":"1640549862","endTime":"2020-01-03T08:30-05:00[America/New_York]","close":"297.88","open":"298.03"}
{"volume":"7523.0","ticker":"AAPL","high":"298.0","amount":"297.9307","period":"PT1M","low":"297.8","multiplier":"1","beginTime":"1640549862","endTime":"2020-01-03T08:31-05:00[America/New_York]","close":"297.93","open":"298.0"}
{"volume":"3970.0","ticker":"AAPL","high":"298.0","amount":"297.9384","period":"PT1M","low":"297.87","multiplier":"1","beginTime":"1640549862","endTime":"2020-01-03T08:32-05:00[America/New_York]","close":"298.0","open":"297.9"}
{"volume":"4015.0","ticker":"AAPL","high":"297.95","amount":"297.8541","period":"PT1M","low":"297.78","multiplier":"1","beginTime":"1640549862","endTime":"2020-01-03T08:33-05:00[America/New_York]","close":"297.7999","open":"297.95"}
{"volume":"5568.0","ticker":"AAPL","high":"297.8","amount":"297.7596","period":"PT1M","low":"297.72","multiplier":"1","beginTime":"1640549862","endTime":"2020-01-03T08:34-05:00[America/New_York]","close":"297.72","open":"297.8"}
{"volume":"5620.0","ticker":"AAPL","high":"297.84","amount":"297.6951","period":"PT1M","low":"297.6","multiplier":"1","beginTime":"1640549862","endTime":"2020-01-03T08:35-05:00[America/New_York]","close":"297.7","open":"297.72"}
{"volume":"4514.0","ticker":"AAPL","high":"297.7","amount":"297.6879","period":"PT1M","low":"297.6","multiplier":"1","beginTime":"1640549862","endTime":"2020-01-03T08:36-05:00[America/New_York]","close":"297.63","open":"297.7"}
{"volume":"8201.0","ticker":"AAPL","high":"297.8","amount":"297.6942","period":"PT1M","low":"297.62","multiplier":"1","beginTime":"1640549862","endTime":"2020-01-03T08:37-05:00[America/New_York]","close":"297.7","open":"297.62"}
{"volume":"6033.0","ticker":"AAPL","high":"297.79","amount":"297.6722","period":"PT1M","low":"297.55","multiplier":"1","beginTime":"1640549862","endTime":"2020-01-03T08:38-05:00[America/New_York]","close":"297.55","open":"297.79"}
{"volume":"5824.0","ticker":"AAPL","high":"297.7","amount":"297.5669","period":"PT1M","low":"297.55","multiplier":"1","beginTime":"1640549862","endTime":"2020-01-03T08:39-05:00[America/New_York]","close":"297.56","open":"297.6"}
{"volume":"10441.0","ticker":"AAPL","high":"297.6","amount":"297.5371","period":"PT1M","low":"297.5","multiplier":"1","beginTime":"1640549862","endTime":"2020-01-03T08:40-05:00[America/New_York]","close":"297.55","open":"297.56"}
{"volume":"2653.0","ticker":"AAPL","high":"297.709","amount":"297.5676","period":"PT1M","low":"297.5","multiplier":"1","beginTime":"1640549862","endTime":"2020-01-03T08:41-05:00[America/New_York]","close":"297.6001","open":"297.5"}
{"volume":"7757.0","ticker":"AAPL","high":"297.7","amount":"297.5611","period":"PT1M","low":"297.5","multiplier":"1","beginTime":"1640549862","endTime":"2020-01-03T08:42-05:00[America/New_York]","close":"297.5","open":"297.65"}
{"volume":"6172.0","ticker":"AAPL","high":"297.6","amount":"297.4621","period":"PT1M","low":"297.4","multiplier":"1","beginTime":"1640549862","endTime":"2020-01-03T08:43-05:00[America/New_York]","close":"297.46","open":"297.46"}
{"volume":"7922.0","ticker":"AAPL","high":"297.53","amount":"297.4807","period":"PT1M","low":"297.4","multiplier":"1","beginTime":"1640549862","endTime":"2020-01-03T08:44-05:00[America/New_York]","close":"297.4","open":"297.48"}
{"volume":"20499.0","ticker":"AAPL","high":"297.4001","amount":"297.3929","period":"PT1M","low":"297.31","multiplier":"1","beginTime":"1640549862","endTime":"2020-01-03T08:45-05:00[America/New_York]","close":"297.36","open":"297.4"}
{"volume":"6021.0","ticker":"AAPL","high":"297.7","amount":"297.602","period":"PT1M","low":"297.45","multiplier":"1","beginTime":"1640549862","endTime":"2020-01-03T08:46-05:00[America/New_York]","close":"297.51","open":"297.45"}
{"volume":"1294.0","ticker":"AAPL","high":"297.63","amount":"297.5826","period":"PT1M","low":"297.5","multiplier":"1","beginTime":"1640549862","endTime":"2020-01-03T08:47-05:00[America/New_York]","close":"297.55","open":"297.63"}
{"volume":"1905.0","ticker":"AAPL","high":"297.68","amount":"297.6051","period":"PT1M","low":"297.56","multiplier":"1","beginTime":"1640549862","endTime":"2020-01-03T08:48-05:00[America/New_York]","close":"297.6","open":"297.66"}
{"volume":"1105.0","ticker":"AAPL","high":"297.6973","amount":"297.6551","period":"PT1M","low":"297.6","multiplier":"1","beginTime":"1640549862","endTime":"2020-01-03T08:49-05:00[America/New_York]","close":"297.6973","open":"297.6"}
{"volume":"1862.0","ticker":"AAPL","high":"297.7","amount":"297.6814","period":"PT1M","low":"297.66","multiplier":"1","beginTime":"1640549862","endTime":"2020-01-03T08:50-05:00[America/New_York]","close":"297.66","open":"297.68"}
{"volume":"7663.0","ticker":"AAPL","high":"297.6982","amount":"297.6144","period":"PT1M","low":"297.55","multiplier":"1","beginTime":"1640549862","endTime":"2020-01-03T08:51-05:00[America/New_York]","close":"297.55","open":"297.68"}
{"volume":"10922.0","ticker":"AAPL","high":"297.5","amount":"297.4447","period":"PT1M","low":"297.35","multiplier":"1","beginTime":"1640549862","endTime":"2020-01-03T08:52-05:00[America/New_York]","close":"297.42","open":"297.5"}
{"volume":"5776.0","ticker":"AAPL","high":"297.45","amount":"297.4029","period":"PT1M","low":"297.3501","multiplier":"1","beginTime":"1640549862","endTime":"2020-01-03T08:53-05:00[America/New_York]","close":"297.4","open":"297.4"}
{"volume":"2235.0","ticker":"AAPL","high":"297.6","amount":"297.4879","period":"PT1M","low":"297.38","multiplier":"1","beginTime":"1640549862","endTime":"2020-01-03T08:54-05:00[America/New_York]","close":"297.6","open":"297.38"}
{"volume":"4095.0","ticker":"AAPL","high":"297.6","amount":"297.5378","period":"PT1M","low":"297.45","multiplier":"1","beginTime":"1640549862","endTime":"2020-01-03T08:55-05:00[America/New_York]","close":"297.5","open":"297.6"}
{"volume":"4398.0","ticker":"AAPL","high":"297.49","amount":"297.4393","period":"PT1M","low":"297.4","multiplier":"1","beginTime":"1640549862","endTime":"2020-01-03T08:56-05:00[America/New_York]","close":"297.41","open":"297.42"}
{"volume":"1450.0","ticker":"AAPL","high":"297.45","amount":"297.4253","period":"PT1M","low":"297.4","multiplier":"1","beginTime":"1640549862","endTime":"2020-01-03T08:57-05:00[America/New_York]","close":"297.45","open":"297.4"}
{"volume":"2895.0","ticker":"AAPL","high":"297.48","amount":"297.4516","period":"PT1M","low":"297.41","multiplier":"1","beginTime":"1640549862","endTime":"2020-01-03T08:58-05:00[America/New_York]","close":"297.45","open":"297.45"}
{"volume":"2715.0","ticker":"AAPL","high":"297.59","amount":"297.4934","period":"PT1M","low":"297.42","multiplier":"1","beginTime":"1640549862","endTime":"2020-01-03T08:59-05:00[America/New_York]","close":"297.59","open":"297.49"}
{"volume":"3718.0","ticker":"AAPL","high":"297.6","amount":"297.5788","period":"PT1M","low":"297.52","multiplier":"1","beginTime":"1640549862","endTime":"2020-01-03T09:00-05:00[America/New_York]","close":"297.6","open":"297.52"}
{"volume":"6891.0","ticker":"AAPL","high":"297.67","amount":"297.6388","period":"PT1M","low":"297.5401","multiplier":"1","beginTime":"1640549862","endTime":"2020-01-03T09:01-05:00[America/New_York]","close":"297.67","open":"297.6"}
{"volume":"7884.0","ticker":"AAPL","high":"297.75","amount":"297.7129","period":"PT1M","low":"297.6027","multiplier":"1","beginTime":"1640549862","endTime":"2020-01-03T09:02-05:00[America/New_York]","close":"297.75","open":"297.7149"}
{"volume":"11032.0","ticker":"AAPL","high":"297.85","amount":"297.8023","period":"PT1M","low":"297.75","multiplier":"1","beginTime":"1640549862","endTime":"2020-01-03T09:03-05:00[America/New_York]","close":"297.8","open":"297.75"}
{"volume":"6134.0","ticker":"AAPL","high":"297.8399","amount":"297.7712","period":"PT1M","low":"297.7","multiplier":"1","beginTime":"1640549862","endTime":"2020-01-03T09:04-05:00[America/New_York]","close":"297.75","open":"297.78"}
{"volume":"8246.0","ticker":"AAPL","high":"297.76","amount":"297.6846","period":"PT1M","low":"297.65","multiplier":"1","beginTime":"1640549862","endTime":"2020-01-03T09:05-05:00[America/New_York]","close":"297.65","open":"297.74"}
{"volume":"1982.0","ticker":"AAPL","high":"297.74","amount":"297.6951","period":"PT1M","low":"297.65","multiplier":"1","beginTime":"1640549862","endTime":"2020-01-03T09:06-05:00[America/New_York]","close":"297.73","open":"297.74"}
{"volume":"5114.0","ticker":"AAPL","high":"297.75","amount":"297.6924","period":"PT1M","low":"297.6","multiplier":"1","beginTime":"1640549862","endTime":"2020-01-03T09:07-05:00[America/New_York]","close":"297.6","open":"297.75"}
{"volume":"2541.0","ticker":"AAPL","high":"297.75","amount":"297.6892","period":"PT1M","low":"297.6697","multiplier":"1","beginTime":"1640549862","endTime":"2020-01-03T09:08-05:00[America/New_York]","close":"297.6697","open":"297.6899"}
{"volume":"17149.0","ticker":"AAPL","high":"297.85","amount":"297.7956","period":"PT1M","low":"297.6701","multiplier":"1","beginTime":"1640549862","endTime":"2020-01-03T09:09-05:00[America/New_York]","close":"297.8","open":"297.6701"}
{"volume":"6342.0","ticker":"AAPL","high":"297.85","amount":"297.7951","period":"PT1M","low":"297.62","multiplier":"1","beginTime":"1640549862","endTime":"2020-01-03T09:10-05:00[America/New_York]","close":"297.83","open":"297.83"}
{"volume":"2748.0","ticker":"AAPL","high":"297.85","amount":"297.8317","period":"PT1M","low":"297.81","multiplier":"1","beginTime":"1640549862","endTime":"2020-01-03T09:11-05:00[America/New_York]","close":"297.85","open":"297.83"}
{"volume":"4873.0","ticker":"AAPL","high":"297.85","amount":"297.763","period":"PT1M","low":"297.71","multiplier":"1","beginTime":"1640549862","endTime":"2020-01-03T09:12-05:00[America/New_York]","close":"297.82","open":"297.83"}
{"volume":"3213.0","ticker":"AAPL","high":"297.84","amount":"297.7659","period":"PT1M","low":"297.65","multiplier":"1","beginTime":"1640549862","endTime":"2020-01-03T09:13-05:00[America/New_York]","close":"297.74","open":"297.84"}
{"volume":"16001.0","ticker":"AAPL","high":"297.77","amount":"297.5352","period":"PT1M","low":"297.4","multiplier":"1","beginTime":"1640549862","endTime":"2020-01-03T09:14-05:00[America/New_York]","close":"297.4999","open":"297.7"}
{"volume":"6164.0","ticker":"AAPL","high":"297.51","amount":"297.4935","period":"PT1M","low":"297.47","multiplier":"1","beginTime":"1640549862","endTime":"2020-01-03T09:15-05:00[America/New_York]","close":"297.5","open":"297.49"}
{"volume":"2434.0","ticker":"AAPL","high":"297.57","amount":"297.5312","period":"PT1M","low":"297.47","multiplier":"1","beginTime":"1640549862","endTime":"2020-01-03T09:16-05:00[America/New_York]","close":"297.55","open":"297.47"}
{"volume":"4201.0","ticker":"AAPL","high":"297.65","amount":"297.6006","period":"PT1M","low":"297.51","multiplier":"1","beginTime":"1640549862","endTime":"2020-01-03T09:17-05:00[America/New_York]","close":"297.53","open":"297.51"}
{"volume":"4288.0","ticker":"AAPL","high":"297.57","amount":"297.5443","period":"PT1M","low":"297.5","multiplier":"1","beginTime":"1640549862","endTime":"2020-01-03T09:18-05:00[America/New_York]","close":"297.51","open":"297.5"}
{"volume":"5746.0","ticker":"AAPL","high":"297.52","amount":"297.3991","period":"PT1M","low":"297.31","multiplier":"1","beginTime":"1640549862","endTime":"2020-01-03T09:19-05:00[America/New_York]","close":"297.4","open":"297.47"}
{"volume":"7519.0","ticker":"AAPL","high":"297.4","amount":"297.3308","period":"PT1M","low":"297.3","multiplier":"1","beginTime":"1640549862","endTime":"2020-01-03T09:20-05:00[America/New_York]","close":"297.31","open":"297.4"}
{"volume":"10646.0","ticker":"AAPL","high":"297.4","amount":"297.2893","period":"PT1M","low":"297.21","multiplier":"1","beginTime":"1640549862","endTime":"2020-01-03T09:21-05:00[America/New_York]","close":"297.25","open":"297.4"}
{"volume":"4797.0","ticker":"AAPL","high":"297.5","amount":"297.3305","period":"PT1M","low":"297.22","multiplier":"1","beginTime":"1640549862","endTime":"2020-01-03T09:22-05:00[America/New_York]","close":"297.4","open":"297.3"}
{"volume":"4711.0","ticker":"AAPL","high":"297.4","amount":"297.3318","period":"PT1M","low":"297.26","multiplier":"1","beginTime":"1640549862","endTime":"2020-01-03T09:23-05:00[America/New_York]","close":"297.26","open":"297.32"}
{"volume":"2899.0","ticker":"AAPL","high":"297.3","amount":"297.2709","period":"PT1M","low":"297.25","multiplier":"1","beginTime":"1640549862","endTime":"2020-01-03T09:24-05:00[America/New_York]","close":"297.3","open":"297.28"}
{"volume":"4703.0","ticker":"AAPL","high":"297.4","amount":"297.2766","period":"PT1M","low":"297.21","multiplier":"1","beginTime":"1640549862","endTime":"2020-01-03T09:25-05:00[America/New_York]","close":"297.4","open":"297.26"}
{"volume":"5676.0","ticker":"AAPL","high":"297.32","amount":"297.2674","period":"PT1M","low":"297.22","multiplier":"1","beginTime":"1640549862","endTime":"2020-01-03T09:26-05:00[America/New_York]","close":"297.22","open":"297.31"}
{"volume":"8714.0","ticker":"AAPL","high":"297.35","amount":"297.3084","period":"PT1M","low":"297.21","multiplier":"1","beginTime":"1640549862","endTime":"2020-01-03T09:27-05:00[America/New_York]","close":"297.35","open":"297.29"}
{"volume":"54216.0","ticker":"AAPL","high":"297.25","amount":"296.9742","period":"PT1M","low":"296.52","multiplier":"1","beginTime":"1640549862","endTime":"2020-01-03T09:28-05:00[America/New_York]","close":"296.87","open":"297.25"}
{"volume":"13909.0","ticker":"AAPL","high":"297.13","amount":"296.8579","period":"PT1M","low":"296.7","multiplier":"1","beginTime":"1640549862","endTime":"2020-01-03T09:29-05:00[America/New_York]","close":"297.13","open":"296.88"}
{"volume":"1106329.0","ticker":"AAPL","high":"298.1","amount":"297.1069","period":"PT1M","low":"296.5","multiplier":"1","beginTime":"1640549862","endTime":"2020-01-03T09:30-05:00[America/New_York]","close":"298.0628","open":"297.15"}
{"volume":"465153.0","ticker":"AAPL","high":"298.65","amount":"298.3041","period":"PT1M","low":"297.99","multiplier":"1","beginTime":"1640549862","endTime":"2020-01-03T09:31-05:00[America/New_York]","close":"298.65","open":"298.0301"}
{"volume":"389406.0","ticker":"AAPL","high":"299.27","amount":"298.8614","period":"PT1M","low":"298.42","multiplier":"1","beginTime":"1640549862","endTime":"2020-01-03T09:32-05:00[America/New_York]","close":"299.23","open":"298.65"}
{"volume":"324691.0","ticker":"AAPL","high":"299.68","amount":"299.295","period":"PT1M","low":"298.99","multiplier":"1","beginTime":"1640549862","endTime":"2020-01-03T09:33-05:00[America/New_York]","close":"299.53","open":"299.27"}
{"volume":"514932.0","ticker":"AAPL","high":"300.17","amount":"299.8604","period":"PT1M","low":"299.4","multiplier":"1","beginTime":"1640549862","endTime":"2020-01-03T09:34-05:00[America/New_York]","close":"299.94","open":"299.57"}
{"volume":"344203.0","ticker":"AAPL","high":"300.07","amount":"299.625","period":"PT1M","low":"299.29","multiplier":"1","beginTime":"1640549862","endTime":"2020-01-03T09:35-05:00[America/New_York]","close":"299.4627","open":"299.93"}
{"volume":"233076.0","ticker":"AAPL","high":"299.75","amount":"299.5481","period":"PT1M","low":"299.26","multiplier":"1","beginTime":"1640549862","endTime":"2020-01-03T09:36-05:00[America/New_York]","close":"299.27","open":"299.5"}
{"volume":"320475.0","ticker":"AAPL","high":"299.29","amount":"299.0828","period":"PT1M","low":"298.7","multiplier":"1","beginTime":"1640549862","endTime":"2020-01-03T09:37-05:00[America/New_York]","close":"298.75","open":"299.26"}
{"volume":"294183.0","ticker":"AAPL","high":"298.94","amount":"298.7441","period":"PT1M","low":"298.59","multiplier":"1","beginTime":"1640549862","endTime":"2020-01-03T09:38-05:00[America/New_York]","close":"298.76","open":"298.7798"}
{"volume":"170865.0","ticker":"AAPL","high":"299.2221","amount":"298.985","period":"PT1M","low":"298.72","multiplier":"1","beginTime":"1640549862","endTime":"2020-01-03T09:39-05:00[America/New_York]","close":"299.17","open":"298.8"}
{"volume":"177809.0","ticker":"AAPL","high":"299.48","amount":"299.3236","period":"PT1M","low":"299.0923","multiplier":"1","beginTime":"1640549862","endTime":"2020-01-03T09:40-05:00[America/New_York]","close":"299.34","open":"299.17"}
{"volume":"149944.0","ticker":"AAPL","high":"299.716","amount":"299.5747","period":"PT1M","low":"299.3501","multiplier":"1","beginTime":"1640549862","endTime":"2020-01-03T09:41-05:00[America/New_York]","close":"299.7073","open":"299.4"}
{"volume":"265968.0","ticker":"AAPL","high":"300.18","amount":"299.9998","period":"PT1M","low":"299.665","multiplier":"1","beginTime":"1640549862","endTime":"2020-01-03T09:42-05:00[America/New_York]","close":"300.13","open":"299.72"}
{"volume":"303380.0","ticker":"AAPL","high":"300.56","amount":"300.35","period":"PT1M","low":"300.0924","multiplier":"1","beginTime":"1640549862","endTime":"2020-01-03T09:43-05:00[America/New_York]","close":"300.55","open":"300.15"}
{"volume":"265309.0","ticker":"AAPL","high":"300.5699","amount":"300.2171","period":"PT1M","low":"299.92","multiplier":"1","beginTime":"1640549862","endTime":"2020-01-03T09:44-05:00[America/New_York]","close":"299.97","open":"300.545"}
{"volume":"200459.0","ticker":"AAPL","high":"300.02","amount":"299.7043","period":"PT1M","low":"299.5","multiplier":"1","beginTime":"1640549862","endTime":"2020-01-03T09:45-05:00[America/New_York]","close":"299.54","open":"299.96"}
{"volume":"249225.0","ticker":"AAPL","high":"299.56","amount":"299.1959","period":"PT1M","low":"298.92","multiplier":"1","beginTime":"1640549862","endTime":"2020-01-03T09:46-05:00[America/New_York]","close":"299.4196","open":"299.54"}
{"volume":"208438.0","ticker":"AAPL","high":"299.97","amount":"299.6518","period":"PT1M","low":"299.33","multiplier":"1","beginTime":"1640549862","endTime":"2020-01-03T09:47-05:00[America/New_York]","close":"299.8428","open":"299.37"}
{"volume":"115141.0","ticker":"AAPL","high":"299.86","amount":"299.5479","period":"PT1M","low":"299.38","multiplier":"1","beginTime":"1640549862","endTime":"2020-01-03T09:48-05:00[America/New_York]","close":"299.664","open":"299.86"}
{"volume":"163606.0","ticker":"AAPL","high":"300.08","amount":"299.9169","period":"PT1M","low":"299.6693","multiplier":"1","beginTime":"1640549862","endTime":"2020-01-03T09:49-05:00[America/New_York]","close":"299.84","open":"299.6693"}
{"volume":"109490.0","ticker":"AAPL","high":"299.8899","amount":"299.7148","period":"PT1M","low":"299.53","multiplier":"1","beginTime":"1640549862","endTime":"2020-01-03T09:50-05:00[America/New_York]","close":"299.59","open":"299.83"}
{"volume":"146012.0","ticker":"AAPL","high":"299.61","amount":"299.3191","period":"PT1M","low":"299.12","multiplier":"1","beginTime":"1640549862","endTime":"2020-01-03T09:51-05:00[America/New_York]","close":"299.16","open":"299.5875"}
{"volume":"219774.0","ticker":"AAPL","high":"299.4336","amount":"299.1326","period":"PT1M","low":"298.96","multiplier":"1","beginTime":"1640549862","endTime":"2020-01-03T09:52-05:00[America/New_York]","close":"298.96","open":"299.15"}
{"volume":"139350.0","ticker":"AAPL","high":"299.36","amount":"299.1046","period":"PT1M","low":"298.88","multiplier":"1","beginTime":"1640549862","endTime":"2020-01-03T09:53-05:00[America/New_York]","close":"299.3377","open":"298.9601"}
{"volume":"119210.0","ticker":"AAPL","high":"299.34","amount":"299.097","period":"PT1M","low":"298.94","multiplier":"1","beginTime":"1640549862","endTime":"2020-01-03T09:54-05:00[America/New_York]","close":"299.09","open":"299.335"}
{"volume":"204717.0","ticker":"AAPL","high":"299.1257","amount":"298.8537","period":"PT1M","low":"298.65","multiplier":"1","beginTime":"1640549862","endTime":"2020-01-03T09:55-05:00[America/New_York]","close":"298.68","open":"299.09"}
{"volume":"165390.0","ticker":"AAPL","high":"298.98","amount":"298.767","period":"PT1M","low":"298.61","multiplier":"1","beginTime":"1640549862","endTime":"2020-01-03T09:56-05:00[America/New_York]","close":"298.89","open":"298.69"}
{"volume":"136897.0","ticker":"AAPL","high":"299.225","amount":"299.0217","period":"PT1M","low":"298.82","multiplier":"1","beginTime":"1640549862","endTime":"2020-01-03T09:57-05:00[America/New_York]","close":"298.9968","open":"298.856"}
{"volume":"167507.0","ticker":"AAPL","high":"299.33","amount":"299.1386","period":"PT1M","low":"298.98","multiplier":"1","beginTime":"1640549862","endTime":"2020-01-03T09:58-05:00[America/New_York]","close":"299.246","open":"299.0"}
{"volume":"120282.0","ticker":"AAPL","high":"299.35","amount":"299.21","period":"PT1M","low":"299.03","multiplier":"1","beginTime":"1640549862","endTime":"2020-01-03T09:59-05:00[America/New_York]","close":"299.2016","open":"299.2461"}
{"volume":"272100.0","ticker":"AAPL","high":"299.18","amount":"298.673","period":"PT1M","low":"298.47","multiplier":"1","beginTime":"1640549862","endTime":"2020-01-03T10:00-05:00[America/New_York]","close":"298.62","open":"299.18"}
{"volume":"125779.0","ticker":"AAPL","high":"298.96","amount":"298.7345","period":"PT1M","low":"298.48","multiplier":"1","beginTime":"1640549862","endTime":"2020-01-03T10:01-05:00[America/New_York]","close":"298.55","open":"298.6101"}
{"volume":"287703.0","ticker":"AAPL","high":"298.5286","amount":"298.0776","period":"PT1M","low":"297.81","multiplier":"1","beginTime":"1640549862","endTime":"2020-01-03T10:02-05:00[America/New_York]","close":"297.95","open":"298.5286"}
{"volume":"194682.0","ticker":"AAPL","high":"298.2265","amount":"297.8661","period":"PT1M","low":"297.6","multiplier":"1","beginTime":"1640549862","endTime":"2020-01-03T10:03-05:00[America/New_York]","close":"297.6753","open":"297.97"}
{"volume":"118659.0","ticker":"AAPL","high":"298.19","amount":"298.0076","period":"PT1M","low":"297.68","multiplier":"1","beginTime":"1640549862","endTime":"2020-01-03T10:04-05:00[America/New_York]","close":"298.0","open":"297.68"}
{"volume":"101953.0","ticker":"AAPL","high":"298.1","amount":"298.0061","period":"PT1M","low":"297.86","multiplier":"1","beginTime":"1640549862","endTime":"2020-01-03T10:05-05:00[America/New_York]","close":"298.1","open":"298.0"}
{"volume":"157521.0","ticker":"AAPL","high":"298.22","amount":"298.0667","period":"PT1M","low":"297.85","multiplier":"1","beginTime":"1640549862","endTime":"2020-01-03T10:06-05:00[America/New_York]","close":"298.04","open":"298.1"}
{"volume":"78117.0","ticker":"AAPL","high":"298.1399","amount":"298.0109","period":"PT1M","low":"297.91","multiplier":"1","beginTime":"1640549862","endTime":"2020-01-03T10:07-05:00[America/New_York]","close":"298.13","open":"298.0524"}
{"volume":"122511.0","ticker":"AAPL","high":"298.35","amount":"298.2065","period":"PT1M","low":"298.04","multiplier":"1","beginTime":"1640549862","endTime":"2020-01-03T10:08-05:00[America/New_York]","close":"298.35","open":"298.14"}
{"volume":"134199.0","ticker":"AAPL","high":"298.79","amount":"298.5654","period":"PT1M","low":"298.23","multiplier":"1","beginTime":"1640549862","endTime":"2020-01-03T10:09-05:00[America/New_York]","close":"298.66","open":"298.35"}
{"volume":"106211.0","ticker":"AAPL","high":"298.99","amount":"298.8423","period":"PT1M","low":"298.66","multiplier":"1","beginTime":"1640549862","endTime":"2020-01-03T10:10-05:00[America/New_York]","close":"298.91","open":"298.69"}
{"volume":"127209.0","ticker":"AAPL","high":"298.96","amount":"298.8081","period":"PT1M","low":"298.6303","multiplier":"1","beginTime":"1640549862","endTime":"2020-01-03T10:11-05:00[America/New_York]","close":"298.79","open":"298.89"}
{"volume":"114590.0","ticker":"AAPL","high":"299.11","amount":"298.9431","period":"PT1M","low":"298.74","multiplier":"1","beginTime":"1640549862","endTime":"2020-01-03T10:12-05:00[America/New_York]","close":"299.07","open":"298.79"}
{"volume":"97764.0","ticker":"AAPL","high":"299.11","amount":"298.9087","period":"PT1M","low":"298.7001","multiplier":"1","beginTime":"1640549862","endTime":"2020-01-03T10:13-05:00[America/New_York]","close":"298.78","open":"299.0613"}
{"volume":"79910.0","ticker":"AAPL","high":"299.2","amount":"298.947","period":"PT1M","low":"298.71","multiplier":"1","beginTime":"1640549862","endTime":"2020-01-03T10:14-05:00[America/New_York]","close":"299.17","open":"298.79"}
{"volume":"78302.0","ticker":"AAPL","high":"299.2","amount":"299.129","period":"PT1M","low":"299.04","multiplier":"1","beginTime":"1640549862","endTime":"2020-01-03T10:15-05:00[America/New_York]","close":"299.18","open":"299.18"}
{"volume":"153225.0","ticker":"AAPL","high":"299.58","amount":"299.3764","period":"PT1M","low":"299.195","multiplier":"1","beginTime":"1640549862","endTime":"2020-01-03T10:16-05:00[America/New_York]","close":"299.5742","open":"299.2"}
{"volume":"90719.0","ticker":"AAPL","high":"299.6","amount":"299.456","period":"PT1M","low":"299.32","multiplier":"1","beginTime":"1640549862","endTime":"2020-01-03T10:17-05:00[America/New_York]","close":"299.45","open":"299.6"}
{"volume":"86941.0","ticker":"AAPL","high":"299.4699","amount":"299.2688","period":"PT1M","low":"299.11","multiplier":"1","beginTime":"1640549862","endTime":"2020-01-03T10:18-05:00[America/New_York]","close":"299.3056","open":"299.4699"}
{"volume":"101715.0","ticker":"AAPL","high":"299.33","amount":"299.0855","period":"PT1M","low":"298.91","multiplier":"1","beginTime":"1640549862","endTime":"2020-01-03T10:19-05:00[America/New_York]","close":"298.91","open":"299.3143"}
{"volume":"87735.0","ticker":"AAPL","high":"299.12","amount":"298.9104","period":"PT1M","low":"298.79","multiplier":"1","beginTime":"1640549862","endTime":"2020-01-03T10:20-05:00[America/New_York]","close":"298.9241","open":"298.93"}
{"volume":"58468.0","ticker":"AAPL","high":"299.0999","amount":"298.9824","period":"PT1M","low":"298.8301","multiplier":"1","beginTime":"1640549862","endTime":"2020-01-03T10:21-05:00[America/New_York]","close":"299.07","open":"298.9"}
{"volume":"62341.0","ticker":"AAPL","high":"299.0527","amount":"298.8875","period":"PT1M","low":"298.77","multiplier":"1","beginTime":"1640549862","endTime":"2020-01-03T10:22-05:00[America/New_York]","close":"298.8944","open":"299.04"}
{"volume":"76792.0","ticker":"AAPL","high":"299.08","amount":"298.9441","period":"PT1M","low":"298.79","multiplier":"1","beginTime":"1640549862","endTime":"2020-01-03T10:23-05:00[America/New_York]","close":"299.0202","open":"298.8935"}
{"volume":"71017.0","ticker":"AAPL","high":"299.29","amount":"299.1085","period":"PT1M","low":"298.91","multiplier":"1","beginTime":"1640549862","endTime":"2020-01-03T10:24-05:00[America/New_York]","close":"299.29","open":"299.04"}
{"volume":"57490.0","ticker":"AAPL","high":"299.3","amount":"299.233","period":"PT1M","low":"299.13","multiplier":"1","beginTime":"1640549862","endTime":"2020-01-03T10:25-05:00[America/New_York]","close":"299.195","open":"299.2942"}
{"volume":"55336.0","ticker":"AAPL","high":"299.29","amount":"299.1835","period":"PT1M","low":"299.08","multiplier":"1","beginTime":"1640549862","endTime":"2020-01-03T10:26-05:00[America/New_York]","close":"299.26","open":"299.2"}
{"volume":"83353.0","ticker":"AAPL","high":"299.35","amount":"299.2549","period":"PT1M","low":"299.13","multiplier":"1","beginTime":"1640549862","endTime":"2020-01-03T10:27-05:00[America/New_York]","close":"299.3294","open":"299.26"}
{"volume":"87726.0","ticker":"AAPL","high":"299.48","amount":"299.3767","period":"PT1M","low":"299.2563","multiplier":"1","beginTime":"1640549862","endTime":"2020-01-03T10:28-05:00[America/New_York]","close":"299.4","open":"299.35"}
{"volume":"78614.0","ticker":"AAPL","high":"299.53","amount":"299.4634","period":"PT1M","low":"299.38","multiplier":"1","beginTime":"1640549862","endTime":"2020-01-03T10:29-05:00[America/New_York]","close":"299.47","open":"299.4"}
{"volume":"56201.0","ticker":"AAPL","high":"299.475","amount":"299.3249","period":"PT1M","low":"299.202","multiplier":"1","beginTime":"1640549862","endTime":"2020-01-03T10:30-05:00[America/New_York]","close":"299.427","open":"299.45"}
{"volume":"59031.0","ticker":"AAPL","high":"299.43","amount":"299.2392","period":"PT1M","low":"299.04","multiplier":"1","beginTime":"1640549862","endTime":"2020-01-03T10:31-05:00[America/New_York]","close":"299.08","open":"299.42"}
{"volume":"88010.0","ticker":"AAPL","high":"299.07","amount":"298.9462","period":"PT1M","low":"298.82","multiplier":"1","beginTime":"1640549862","endTime":"2020-01-03T10:32-05:00[America/New_York]","close":"298.9515","open":"299.0486"}
{"volume":"69890.0","ticker":"AAPL","high":"299.17","amount":"299.0357","period":"PT1M","low":"298.8701","multiplier":"1","beginTime":"1640549862","endTime":"2020-01-03T10:33-05:00[America/New_York]","close":"299.1","open":"298.9235"}
{"volume":"38150.0","ticker":"AAPL","high":"299.23","amount":"299.1428","period":"PT1M","low":"299.08","multiplier":"1","beginTime":"1640549862","endTime":"2020-01-03T10:34-05:00[America/New_York]","close":"299.23","open":"299.08"}
{"volume":"36747.0","ticker":"AAPL","high":"299.25","amount":"299.1351","period":"PT1M","low":"299.03","multiplier":"1","beginTime":"1640549862","endTime":"2020-01-03T10:35-05:00[America/New_York]","close":"299.17","open":"299.21"}
{"volume":"55516.0","ticker":"AAPL","high":"299.1762","amount":"299.0398","period":"PT1M","low":"298.92","multiplier":"1","beginTime":"1640549862","endTime":"2020-01-03T10:36-05:00[America/New_York]","close":"298.9491","open":"299.17"}
{"volume":"97838.0","ticker":"AAPL","high":"298.93","amount":"298.7074","period":"PT1M","low":"298.54","multiplier":"1","beginTime":"1640549862","endTime":"2020-01-03T10:37-05:00[America/New_York]","close":"298.56","open":"298.93"}
{"volume":"92108.0","ticker":"AAPL","high":"298.6025","amount":"298.5172","period":"PT1M","low":"298.41","multiplier":"1","beginTime":"1640549862","endTime":"2020-01-03T10:38-05:00[America/New_York]","close":"298.4837","open":"298.5999"}
{"volume":"91203.0","ticker":"AAPL","high":"298.58","amount":"298.3953","period":"PT1M","low":"298.25","multiplier":"1","beginTime":"1640549862","endTime":"2020-01-03T10:39-05:00[America/New_York]","close":"298.446","open":"298.5"}
{"volume":"64924.0","ticker":"AAPL","high":"298.55","amount":"298.4767","period":"PT1M","low":"298.36","multiplier":"1","beginTime":"1640549862","endTime":"2020-01-03T10:40-05:00[America/New_York]","close":"298.48","open":"298.45"}
{"volume":"58895.0","ticker":"AAPL","high":"298.5","amount":"298.4739","period":"PT1M","low":"298.3301","multiplier":"1","beginTime":"1640549862","endTime":"2020-01-03T10:41-05:00[America/New_York]","close":"298.39","open":"298.49"}
{"volume":"95395.0","ticker":"AAPL","high":"298.68","amount":"298.5166","period":"PT1M","low":"298.34","multiplier":"1","beginTime":"1640549862","endTime":"2020-01-03T10:42-05:00[America/New_York]","close":"298.4453","open":"298.411"}
{"volume":"128935.0","ticker":"AAPL","high":"298.48","amount":"298.3472","period":"PT1M","low":"298.24","multiplier":"1","beginTime":"1640549862","endTime":"2020-01-03T10:43-05:00[America/New_York]","close":"298.36","open":"298.465"}
{"volume":"57313.0","ticker":"AAPL","high":"298.5599","amount":"298.4299","period":"PT1M","low":"298.33","multiplier":"1","beginTime":"1640549862","endTime":"2020-01-03T10:44-05:00[America/New_York]","close":"298.5599","open":"298.39"}
{"volume":"102799.0","ticker":"AAPL","high":"298.87","amount":"298.7099","period":"PT1M","low":"298.56","multiplier":"1","beginTime":"1640549862","endTime":"2020-01-03T10:45-05:00[America/New_York]","close":"298.8382","open":"298.56"}
{"volume":"193404.0","ticker":"AAPL","high":"299.24","amount":"299.039","period":"PT1M","low":"298.79","multiplier":"1","beginTime":"1640549862","endTime":"2020-01-03T10:46-05:00[America/New_York]","close":"299.1","open":"298.855"}
{"volume":"95446.0","ticker":"AAPL","high":"299.3","amount":"299.21","period":"PT1M","low":"299.09","multiplier":"1","beginTime":"1640549862","endTime":"2020-01-03T10:47-05:00[America/New_York]","close":"299.16","open":"299.131"}
{"volume":"55044.0","ticker":"AAPL","high":"299.1919","amount":"299.074","period":"PT1M","low":"298.97","multiplier":"1","beginTime":"1640549862","endTime":"2020-01-03T10:48-05:00[America/New_York]","close":"299.04","open":"299.15"}
{"volume":"64811.0","ticker":"AAPL","high":"299.08","amount":"298.9924","period":"PT1M","low":"298.8663","multiplier":"1","beginTime":"1640549862","endTime":"2020-01-03T10:49-05:00[America/New_York]","close":"298.87","open":"298.99"}
{"volume":"91164.0","ticker":"AAPL","high":"298.9","amount":"298.7651","period":"PT1M","low":"298.63","multiplier":"1","beginTime":"1640549862","endTime":"2020-01-03T10:50-05:00[America/New_York]","close":"298.645","open":"298.8796"}
{"volume":"74310.0","ticker":"AAPL","high":"298.792","amount":"298.6499","period":"PT1M","low":"298.5601","multiplier":"1","beginTime":"1640549862","endTime":"2020-01-03T10:51-05:00[America/New_York]","close":"298.64","open":"298.63"}
{"volume":"49429.0","ticker":"AAPL","high":"298.6765","amount":"298.6041","period":"PT1M","low":"298.5372","multiplier":"1","beginTime":"1640549862","endTime":"2020-01-03T10:52-05:00[America/New_York]","close":"298.6765","open":"298.64"}
{"volume":"55462.0","ticker":"AAPL","high":"298.86","amount":"298.8048","period":"PT1M","low":"298.65","multiplier":"1","beginTime":"1640549862","endTime":"2020-01-03T10:53-05:00[America/New_York]","close":"298.7866","open":"298.6722"}
{"volume":"41611.0","ticker":"AAPL","high":"298.8505","amount":"298.7503","period":"PT1M","low":"298.61","multiplier":"1","beginTime":"1640549862","endTime":"2020-01-03T10:54-05:00[America/New_York]","close":"298.6886","open":"298.781"}
{"volume":"28324.0","ticker":"AAPL","high":"298.71","amount":"298.6059","period":"PT1M","low":"298.52","multiplier":"1","beginTime":"1640549862","endTime":"2020-01-03T10:55-05:00[America/New_York]","close":"298.67","open":"298.68"}
{"volume":"38030.0","ticker":"AAPL","high":"298.79","amount":"298.7514","period":"PT1M","low":"298.7","multiplier":"1","beginTime":"1640549862","endTime":"2020-01-03T10:56-05:00[America/New_York]","close":"298.701","open":"298.71"}
{"volume":"35882.0","ticker":"AAPL","high":"298.81","amount":"298.7531","period":"PT1M","low":"298.69","multiplier":"1","beginTime":"1640549862","endTime":"2020-01-03T10:57-05:00[America/New_York]","close":"298.8066","open":"298.7"}
{"volume":"38360.0","ticker":"AAPL","high":"298.82","amount":"298.7483","period":"PT1M","low":"298.64","multiplier":"1","beginTime":"1640549862","endTime":"2020-01-03T10:58-05:00[America/New_York]","close":"298.7","open":"298.8057"}
{"volume":"37408.0","ticker":"AAPL","high":"298.76","amount":"298.6133","period":"PT1M","low":"298.54","multiplier":"1","beginTime":"1640549862","endTime":"2020-01-03T10:59-05:00[America/New_York]","close":"298.64","open":"298.7"}
{"volume":"59090.0","ticker":"AAPL","high":"298.76","amount":"298.6877","period":"PT1M","low":"298.57","multiplier":"1","beginTime":"1640549862","endTime":"2020-01-03T11:00-05:00[America/New_York]","close":"298.65","open":"298.67"}
{"volume":"39995.0","ticker":"AAPL","high":"298.75","amount":"298.6749","period":"PT1M","low":"298.57","multiplier":"1","beginTime":"1640549862","endTime":"2020-01-03T11:01-05:00[America/New_York]","close":"298.71","open":"298.65"}
{"volume":"32489.0","ticker":"AAPL","high":"298.755","amount":"298.6744","period":"PT1M","low":"298.58","multiplier":"1","beginTime":"1640549862","endTime":"2020-01-03T11:02-05:00[America/New_York]","close":"298.63","open":"298.68"}
{"volume":"68430.0","ticker":"AAPL","high":"298.66","amount":"298.5151","period":"PT1M","low":"298.42","multiplier":"1","beginTime":"1640549862","endTime":"2020-01-03T11:03-05:00[America/New_York]","close":"298.4715","open":"298.64"}
{"volume":"70173.0","ticker":"AAPL","high":"298.56","amount":"298.4444","period":"PT1M","low":"298.385","multiplier":"1","beginTime":"1640549862","endTime":"2020-01-03T11:04-05:00[America/New_York]","close":"298.5003","open":"298.5"}
{"volume":"29909.0","ticker":"AAPL","high":"298.6","amount":"298.5466","period":"PT1M","low":"298.49","multiplier":"1","beginTime":"1640549862","endTime":"2020-01-03T11:05-05:00[America/New_York]","close":"298.54","open":"298.53"}
{"volume":"49955.0","ticker":"AAPL","high":"298.66","amount":"298.5902","period":"PT1M","low":"298.5","multiplier":"1","beginTime":"1640549862","endTime":"2020-01-03T11:06-05:00[America/New_York]","close":"298.5601","open":"298.53"}
{"volume":"57799.0","ticker":"AAPL","high":"298.64","amount":"298.5008","period":"PT1M","low":"298.42","multiplier":"1","beginTime":"1640549862","endTime":"2020-01-03T11:07-05:00[America/New_York]","close":"298.46","open":"298.6217"}
{"volume":"27580.0","ticker":"AAPL","high":"298.53","amount":"298.4717","period":"PT1M","low":"298.42","multiplier":"1","beginTime":"1640549862","endTime":"2020-01-03T11:08-05:00[America/New_York]","close":"298.4754","open":"298.46"}
{"volume":"43438.0","ticker":"AAPL","high":"298.48","amount":"298.397","period":"PT1M","low":"298.31","multiplier":"1","beginTime":"1640549862","endTime":"2020-01-03T11:09-05:00[America/New_York]","close":"298.31","open":"298.48"}
{"volume":"189280.0","ticker":"AAPL","high":"298.34","amount":"298.0723","period":"PT1M","low":"297.965","multiplier":"1","beginTime":"1640549862","endTime":"2020-01-03T11:10-05:00[America/New_York]","close":"298.0284","open":"298.3311"}
{"volume":"74407.0","ticker":"AAPL","high":"298.09","amount":"298.0082","period":"PT1M","low":"297.94","multiplier":"1","beginTime":"1640549862","endTime":"2020-01-03T11:11-05:00[America/New_York]","close":"298.07","open":"298.025"}
{"volume":"71247.0","ticker":"AAPL","high":"298.4127","amount":"298.2661","period":"PT1M","low":"298.07","multiplier":"1","beginTime":"1640549862","endTime":"2020-01-03T11:12-05:00[America/New_York]","close":"298.3238","open":"298.07"}
{"volume":"53713.0","ticker":"AAPL","high":"298.53","amount":"298.4154","period":"PT1M","low":"298.25","multiplier":"1","beginTime":"1640549862","endTime":"2020-01-03T11:13-05:00[America/New_York]","close":"298.513","open":"298.31"}
{"volume":"40299.0","ticker":"AAPL","high":"298.58","amount":"298.5196","period":"PT1M","low":"298.42","multiplier":"1","beginTime":"1640549862","endTime":"2020-01-03T11:14-05:00[America/New_York]","close":"298.44","open":"298.5034"}
{"volume":"39184.0","ticker":"AAPL","high":"298.51","amount":"298.4037","period":"PT1M","low":"298.27","multiplier":"1","beginTime":"1640549862","endTime":"2020-01-03T11:15-05:00[America/New_York]","close":"298.43","open":"298.44"}
{"volume":"58490.0","ticker":"AAPL","high":"298.55","amount":"298.498","period":"PT1M","low":"298.37","multiplier":"1","beginTime":"1640549862","endTime":"2020-01-03T11:16-05:00[America/New_York]","close":"298.53","open":"298.4433"}
{"volume":"51967.0","ticker":"AAPL","high":"298.55","amount":"298.5016","period":"PT1M","low":"298.4","multiplier":"1","beginTime":"1640549862","endTime":"2020-01-03T11:17-05:00[America/New_York]","close":"298.4","open":"298.5414"}
{"volume":"28044.0","ticker":"AAPL","high":"298.4981","amount":"298.4335","period":"PT1M","low":"298.36","multiplier":"1","beginTime":"1640549862","endTime":"2020-01-03T11:18-05:00[America/New_York]","close":"298.36","open":"298.4348"}
{"volume":"41828.0","ticker":"AAPL","high":"298.4","amount":"298.3517","period":"PT1M","low":"298.31","multiplier":"1","beginTime":"1640549862","endTime":"2020-01-03T11:19-05:00[America/New_York]","close":"298.32","open":"298.35"}
{"volume":"39563.0","ticker":"AAPL","high":"298.45","amount":"298.3942","period":"PT1M","low":"298.322","multiplier":"1","beginTime":"1640549862","endTime":"2020-01-03T11:20-05:00[America/New_York]","close":"298.3999","open":"298.322"}
{"volume":"56453.0","ticker":"AAPL","high":"298.53","amount":"298.4696","period":"PT1M","low":"298.38","multiplier":"1","beginTime":"1640549862","endTime":"2020-01-03T11:21-05:00[America/New_York]","close":"298.502","open":"298.39"}
{"volume":"34771.0","ticker":"AAPL","high":"298.505","amount":"298.3679","period":"PT1M","low":"298.2144","multiplier":"1","beginTime":"1640549862","endTime":"2020-01-03T11:22-05:00[America/New_York]","close":"298.26","open":"298.505"}
{"volume":"36080.0","ticker":"AAPL","high":"298.38","amount":"298.3287","period":"PT1M","low":"298.23","multiplier":"1","beginTime":"1640549862","endTime":"2020-01-03T11:23-05:00[America/New_York]","close":"298.3585","open":"298.2716"}
{"volume":"36879.0","ticker":"AAPL","high":"298.38","amount":"298.3166","period":"PT1M","low":"298.25","multiplier":"1","beginTime":"1640549862","endTime":"2020-01-03T11:24-05:00[America/New_York]","close":"298.2538","open":"298.3523"}
{"volume":"41331.0","ticker":"AAPL","high":"298.39","amount":"298.3278","period":"PT1M","low":"298.23","multiplier":"1","beginTime":"1640549862","endTime":"2020-01-03T11:25-05:00[America/New_York]","close":"298.26","open":"298.28"}
{"volume":"45309.0","ticker":"AAPL","high":"298.27","amount":"298.1948","period":"PT1M","low":"298.12","multiplier":"1","beginTime":"1640549862","endTime":"2020-01-03T11:26-05:00[America/New_York]","close":"298.262","open":"298.2401"}
{"volume":"33062.0","ticker":"AAPL","high":"298.33","amount":"298.2359","period":"PT1M","low":"298.11","multiplier":"1","beginTime":"1640549862","endTime":"2020-01-03T11:27-05:00[America/New_York]","close":"298.1806","open":"298.25"}
{"volume":"34969.0","ticker":"AAPL","high":"298.268","amount":"298.2178","period":"PT1M","low":"298.11","multiplier":"1","beginTime":"1640549862","endTime":"2020-01-03T11:28-05:00[America/New_York]","close":"298.13","open":"298.19"}
{"volume":"57036.0","ticker":"AAPL","high":"298.22","amount":"298.1176","period":"PT1M","low":"298.06","multiplier":"1","beginTime":"1640549862","endTime":"2020-01-03T11:29-05:00[America/New_York]","close":"298.22","open":"298.12"}
{"volume":"60618.0","ticker":"AAPL","high":"298.3","amount":"298.2131","period":"PT1M","low":"298.13","multiplier":"1","beginTime":"1640549862","endTime":"2020-01-03T11:30-05:00[America/New_York]","close":"298.255","open":"298.21"}
{"volume":"68277.0","ticker":"AAPL","high":"298.4499","amount":"298.2966","period":"PT1M","low":"298.17","multiplier":"1","beginTime":"1640549862","endTime":"2020-01-03T11:31-05:00[America/New_York]","close":"298.43","open":"298.2579"}
{"volume":"70645.0","ticker":"AAPL","high":"298.51","amount":"298.482","period":"PT1M","low":"298.42","multiplier":"1","beginTime":"1640549862","endTime":"2020-01-03T11:32-05:00[America/New_York]","close":"298.46","open":"298.425"}
{"volume":"32388.0","ticker":"AAPL","high":"298.51","amount":"298.4803","period":"PT1M","low":"298.4271","multiplier":"1","beginTime":"1640549862","endTime":"2020-01-03T11:33-05:00[America/New_York]","close":"298.45","open":"298.46"}
{"volume":"85705.0","ticker":"AAPL","high":"298.515","amount":"298.4937","period":"PT1M","low":"298.43","multiplier":"1","beginTime":"1640549862","endTime":"2020-01-03T11:34-05:00[America/New_York]","close":"298.51","open":"298.45"}
{"volume":"43639.0","ticker":"AAPL","high":"298.53","amount":"298.4463","period":"PT1M","low":"298.32","multiplier":"1","beginTime":"1640549862","endTime":"2020-01-03T11:35-05:00[America/New_York]","close":"298.4507","open":"298.515"}
{"volume":"76671.0","ticker":"AAPL","high":"298.67","amount":"298.5895","period":"PT1M","low":"298.48","multiplier":"1","beginTime":"1640549862","endTime":"2020-01-03T11:36-05:00[America/New_York]","close":"298.62","open":"298.48"}
{"volume":"96705.0","ticker":"AAPL","high":"298.76","amount":"298.7288","period":"PT1M","low":"298.6301","multiplier":"1","beginTime":"1640549862","endTime":"2020-01-03T11:37-05:00[America/New_York]","close":"298.7301","open":"298.6301"}
{"volume":"50470.0","ticker":"AAPL","high":"298.75","amount":"298.7385","period":"PT1M","low":"298.68","multiplier":"1","beginTime":"1640549862","endTime":"2020-01-03T11:38-05:00[America/New_York]","close":"298.74","open":"298.75"}
{"volume":"62682.0","ticker":"AAPL","high":"298.84","amount":"298.7575","period":"PT1M","low":"298.7211","multiplier":"1","beginTime":"1640549862","endTime":"2020-01-03T11:39-05:00[America/New_York]","close":"298.78","open":"298.74"}
{"volume":"71362.0","ticker":"AAPL","high":"298.96","amount":"298.8857","period":"PT1M","low":"298.795","multiplier":"1","beginTime":"1640549862","endTime":"2020-01-03T11:40-05:00[America/New_York]","close":"298.94","open":"298.795"}
{"volume":"92041.0","ticker":"AAPL","high":"299.15","amount":"299.0653","period":"PT1M","low":"298.93","multiplier":"1","beginTime":"1640549862","endTime":"2020-01-03T11:41-05:00[America/New_York]","close":"299.06","open":"298.9324"}
{"volume":"48278.0","ticker":"AAPL","high":"299.09","amount":"299.036","period":"PT1M","low":"298.9501","multiplier":"1","beginTime":"1640549862","endTime":"2020-01-03T11:42-05:00[America/New_York]","close":"298.985","open":"299.0782"}
{"volume":"51747.0","ticker":"AAPL","high":"298.985","amount":"298.8741","period":"PT1M","low":"298.79","multiplier":"1","beginTime":"1640549862","endTime":"2020-01-03T11:43-05:00[America/New_York]","close":"298.855","open":"298.98"}
{"volume":"44625.0","ticker":"AAPL","high":"298.9834","amount":"298.9352","period":"PT1M","low":"298.86","multiplier":"1","beginTime":"1640549862","endTime":"2020-01-03T11:44-05:00[America/New_York]","close":"298.905","open":"298.88"}
{"volume":"49385.0","ticker":"AAPL","high":"299.06","amount":"298.9554","period":"PT1M","low":"298.85","multiplier":"1","beginTime":"1640549862","endTime":"2020-01-03T11:45-05:00[America/New_York]","close":"299.06","open":"298.905"}
{"volume":"73428.0","ticker":"AAPL","high":"299.24","amount":"299.1501","period":"PT1M","low":"299.0442","multiplier":"1","beginTime":"1640549862","endTime":"2020-01-03T11:46-05:00[America/New_York]","close":"299.155","open":"299.05"}
{"volume":"52068.0","ticker":"AAPL","high":"299.2341","amount":"299.1701","period":"PT1M","low":"299.09","multiplier":"1","beginTime":"1640549862","endTime":"2020-01-03T11:47-05:00[America/New_York]","close":"299.18","open":"299.14"}
{"volume":"46546.0","ticker":"AAPL","high":"299.19","amount":"299.1375","period":"PT1M","low":"299.09","multiplier":"1","beginTime":"1640549862","endTime":"2020-01-03T11:48-05:00[America/New_York]","close":"299.1389","open":"299.18"}
{"volume":"86452.0","ticker":"AAPL","high":"299.28","amount":"299.2081","period":"PT1M","low":"299.13","multiplier":"1","beginTime":"1640549862","endTime":"2020-01-03T11:49-05:00[America/New_York]","close":"299.19","open":"299.1301"}
{"volume":"86064.0","ticker":"AAPL","high":"299.4","amount":"299.3349","period":"PT1M","low":"299.2067","multiplier":"1","beginTime":"1640549862","endTime":"2020-01-03T11:50-05:00[America/New_York]","close":"299.3097","open":"299.2067"}
{"volume":"99814.0","ticker":"AAPL","high":"299.5","amount":"299.419","period":"PT1M","low":"299.2967","multiplier":"1","beginTime":"1640549862","endTime":"2020-01-03T11:51-05:00[America/New_York]","close":"299.465","open":"299.3099"}
{"volume":"97782.0","ticker":"AAPL","high":"299.5999","amount":"299.5217","period":"PT1M","low":"299.46","multiplier":"1","beginTime":"1640549862","endTime":"2020-01-03T11:52-05:00[America/New_York]","close":"299.54","open":"299.4667"}
{"volume":"111101.0","ticker":"AAPL","high":"299.6706","amount":"299.5984","period":"PT1M","low":"299.54","multiplier":"1","beginTime":"1640549862","endTime":"2020-01-03T11:53-05:00[America/New_York]","close":"299.63","open":"299.54"}
{"volume":"118126.0","ticker":"AAPL","high":"299.75","amount":"299.6845","period":"PT1M","low":"299.58","multiplier":"1","beginTime":"1640549862","endTime":"2020-01-03T11:54-05:00[America/New_York]","close":"299.73","open":"299.6597"}
{"volume":"86564.0","ticker":"AAPL","high":"299.84","amount":"299.7806","period":"PT1M","low":"299.7246","multiplier":"1","beginTime":"1640549862","endTime":"2020-01-03T11:55-05:00[America/New_York]","close":"299.77","open":"299.7246"}
{"volume":"91424.0","ticker":"AAPL","high":"299.8","amount":"299.6558","period":"PT1M","low":"299.52","multiplier":"1","beginTime":"1640549862","endTime":"2020-01-03T11:56-05:00[America/New_York]","close":"299.62","open":"299.76"}
{"volume":"57690.0","ticker":"AAPL","high":"299.6746","amount":"299.5988","period":"PT1M","low":"299.49","multiplier":"1","beginTime":"1640549862","endTime":"2020-01-03T11:57-05:00[America/New_York]","close":"299.49","open":"299.6"}
{"volume":"56364.0","ticker":"AAPL","high":"299.5","amount":"299.4044","period":"PT1M","low":"299.3301","multiplier":"1","beginTime":"1640549862","endTime":"2020-01-03T11:58-05:00[America/New_York]","close":"299.3451","open":"299.5"}
{"volume":"40431.0","ticker":"AAPL","high":"299.36","amount":"299.3248","period":"PT1M","low":"299.2701","multiplier":"1","beginTime":"1640549862","endTime":"2020-01-03T11:59-05:00[America/New_York]","close":"299.35","open":"299.3409"}
{"volume":"50927.0","ticker":"AAPL","high":"299.49","amount":"299.4083","period":"PT1M","low":"299.31","multiplier":"1","beginTime":"1640549862","endTime":"2020-01-03T12:00-05:00[America/New_York]","close":"299.49","open":"299.35"}
{"volume":"75348.0","ticker":"AAPL","high":"299.65","amount":"299.53","period":"PT1M","low":"299.3801","multiplier":"1","beginTime":"1640549862","endTime":"2020-01-03T12:01-05:00[America/New_York]","close":"299.6","open":"299.495"}
{"volume":"38134.0","ticker":"AAPL","high":"299.7312","amount":"299.6662","period":"PT1M","low":"299.53","multiplier":"1","beginTime":"1640549862","endTime":"2020-01-03T12:02-05:00[America/New_York]","close":"299.6499","open":"299.56"}
{"volume":"41501.0","ticker":"AAPL","high":"299.7","amount":"299.6368","period":"PT1M","low":"299.5415","multiplier":"1","beginTime":"1640549862","endTime":"2020-01-03T12:03-05:00[America/New_York]","close":"299.68","open":"299.63"}
{"volume":"68697.0","ticker":"AAPL","high":"299.814","amount":"299.7408","period":"PT1M","low":"299.6501","multiplier":"1","beginTime":"1640549862","endTime":"2020-01-03T12:04-05:00[America/New_York]","close":"299.8003","open":"299.6621"}
{"volume":"92766.0","ticker":"AAPL","high":"299.99","amount":"299.9066","period":"PT1M","low":"299.7742","multiplier":"1","beginTime":"1640549862","endTime":"2020-01-03T12:05-05:00[America/New_York]","close":"299.92","open":"299.815"}
{"volume":"185463.0","ticker":"AAPL","high":"300.15","amount":"300.0187","period":"PT1M","low":"299.9396","multiplier":"1","beginTime":"1640549862","endTime":"2020-01-03T12:06-05:00[America/New_York]","close":"300.0568","open":"299.9396"}
{"volume":"98174.0","ticker":"AAPL","high":"300.0655","amount":"299.8988","period":"PT1M","low":"299.78","multiplier":"1","beginTime":"1640549862","endTime":"2020-01-03T12:07-05:00[America/New_York]","close":"299.8349","open":"300.0655"}
{"volume":"52443.0","ticker":"AAPL","high":"299.986","amount":"299.8961","period":"PT1M","low":"299.76","multiplier":"1","beginTime":"1640549862","endTime":"2020-01-03T12:08-05:00[America/New_York]","close":"299.92","open":"299.85"}
{"volume":"33564.0","ticker":"AAPL","high":"299.98","amount":"299.9295","period":"PT1M","low":"299.86","multiplier":"1","beginTime":"1640549862","endTime":"2020-01-03T12:09-05:00[America/New_York]","close":"299.9079","open":"299.9142"}
{"volume":"39843.0","ticker":"AAPL","high":"300.0","amount":"299.9489","period":"PT1M","low":"299.88","multiplier":"1","beginTime":"1640549862","endTime":"2020-01-03T12:10-05:00[America/New_York]","close":"299.97","open":"299.91"}
{"volume":"35963.0","ticker":"AAPL","high":"299.99","amount":"299.9478","period":"PT1M","low":"299.8801","multiplier":"1","beginTime":"1640549862","endTime":"2020-01-03T12:11-05:00[America/New_York]","close":"299.8901","open":"299.964"}
{"volume":"82758.0","ticker":"AAPL","high":"299.91","amount":"299.8034","period":"PT1M","low":"299.66","multiplier":"1","beginTime":"1640549862","endTime":"2020-01-03T12:12-05:00[America/New_York]","close":"299.66","open":"299.898"}
{"volume":"59585.0","ticker":"AAPL","high":"299.7499","amount":"299.6567","period":"PT1M","low":"299.57","multiplier":"1","beginTime":"1640549862","endTime":"2020-01-03T12:13-05:00[America/New_York]","close":"299.64","open":"299.6742"}
{"volume":"53663.0","ticker":"AAPL","high":"299.6306","amount":"299.5548","period":"PT1M","low":"299.46","multiplier":"1","beginTime":"1640549862","endTime":"2020-01-03T12:14-05:00[America/New_York]","close":"299.57","open":"299.6306"}
{"volume":"47410.0","ticker":"AAPL","high":"299.775","amount":"299.7027","period":"PT1M","low":"299.5701","multiplier":"1","beginTime":"1640549862","endTime":"2020-01-03T12:15-05:00[America/New_York]","close":"299.6706","open":"299.5701"}
{"volume":"59547.0","ticker":"AAPL","high":"299.88","amount":"299.8064","period":"PT1M","low":"299.7","multiplier":"1","beginTime":"1640549862","endTime":"2020-01-03T12:16-05:00[America/New_York]","close":"299.77","open":"299.7099"}
{"volume":"29608.0","ticker":"AAPL","high":"299.794","amount":"299.7427","period":"PT1M","low":"299.6955","multiplier":"1","beginTime":"1640549862","endTime":"2020-01-03T12:17-05:00[America/New_York]","close":"299.794","open":"299.78"}
{"volume":"26383.0","ticker":"AAPL","high":"299.8199","amount":"299.791","period":"PT1M","low":"299.74","multiplier":"1","beginTime":"1640549862","endTime":"2020-01-03T12:18-05:00[America/New_York]","close":"299.78","open":"299.7801"}
{"volume":"27770.0","ticker":"AAPL","high":"299.85","amount":"299.8153","period":"PT1M","low":"299.775","multiplier":"1","beginTime":"1640549862","endTime":"2020-01-03T12:19-05:00[America/New_York]","close":"299.8177","open":"299.775"}
{"volume":"24939.0","ticker":"AAPL","high":"299.84","amount":"299.7561","period":"PT1M","low":"299.664","multiplier":"1","beginTime":"1640549862","endTime":"2020-01-03T12:20-05:00[America/New_York]","close":"299.7083","open":"299.796"}
{"volume":"26343.0","ticker":"AAPL","high":"299.78","amount":"299.7302","period":"PT1M","low":"299.68","multiplier":"1","beginTime":"1640549862","endTime":"2020-01-03T12:21-05:00[America/New_York]","close":"299.7001","open":"299.7"}
{"volume":"22001.0","ticker":"AAPL","high":"299.7208","amount":"299.677","period":"PT1M","low":"299.64","multiplier":"1","beginTime":"1640549862","endTime":"2020-01-03T12:22-05:00[America/New_York]","close":"299.65","open":"299.72"}
{"volume":"24254.0","ticker":"AAPL","high":"299.6705","amount":"299.6292","period":"PT1M","low":"299.58","multiplier":"1","beginTime":"1640549862","endTime":"2020-01-03T12:23-05:00[America/New_York]","close":"299.5948","open":"299.665"}
{"volume":"52166.0","ticker":"AAPL","high":"299.75","amount":"299.6808","period":"PT1M","low":"299.57","multiplier":"1","beginTime":"1640549862","endTime":"2020-01-03T12:24-05:00[America/New_York]","close":"299.73","open":"299.5959"}
{"volume":"25755.0","ticker":"AAPL","high":"299.75","amount":"299.7144","period":"PT1M","low":"299.66","multiplier":"1","beginTime":"1640549862","endTime":"2020-01-03T12:25-05:00[America/New_York]","close":"299.72","open":"299.7417"}
{"volume":"46561.0","ticker":"AAPL","high":"299.7259","amount":"299.675","period":"PT1M","low":"299.62","multiplier":"1","beginTime":"1640549862","endTime":"2020-01-03T12:26-05:00[America/New_York]","close":"299.6448","open":"299.71"}
{"volume":"67303.0","ticker":"AAPL","high":"299.65","amount":"299.5633","period":"PT1M","low":"299.52","multiplier":"1","beginTime":"1640549862","endTime":"2020-01-03T12:27-05:00[America/New_York]","close":"299.5306","open":"299.635"}
{"volume":"41414.0","ticker":"AAPL","high":"299.52","amount":"299.4766","period":"PT1M","low":"299.45","multiplier":"1","beginTime":"1640549862","endTime":"2020-01-03T12:28-05:00[America/New_York]","close":"299.478","open":"299.52"}
{"volume":"39432.0","ticker":"AAPL","high":"299.5","amount":"299.4698","period":"PT1M","low":"299.45","multiplier":"1","beginTime":"1640549862","endTime":"2020-01-03T12:29-05:00[America/New_York]","close":"299.45","open":"299.48"}
{"volume":"52043.0","ticker":"AAPL","high":"299.538","amount":"299.4587","period":"PT1M","low":"299.37","multiplier":"1","beginTime":"1640549862","endTime":"2020-01-03T12:30-05:00[America/New_York]","close":"299.43","open":"299.4262"}
{"volume":"32572.0","ticker":"AAPL","high":"299.51","amount":"299.4744","period":"PT1M","low":"299.4349","multiplier":"1","beginTime":"1640549862","endTime":"2020-01-03T12:31-05:00[America/New_York]","close":"299.44","open":"299.445"}
{"volume":"30346.0","ticker":"AAPL","high":"299.566","amount":"299.4929","period":"PT1M","low":"299.43","multiplier":"1","beginTime":"1640549862","endTime":"2020-01-03T12:32-05:00[America/New_York]","close":"299.51","open":"299.45"}
{"volume":"88899.0","ticker":"AAPL","high":"299.85","amount":"299.6755","period":"PT1M","low":"299.5106","multiplier":"1","beginTime":"1640549862","endTime":"2020-01-03T12:33-05:00[America/New_York]","close":"299.783","open":"299.519"}
{"volume":"23634.0","ticker":"AAPL","high":"299.83","amount":"299.7348","period":"PT1M","low":"299.6503","multiplier":"1","beginTime":"1640549862","endTime":"2020-01-03T12:34-05:00[America/New_York]","close":"299.775","open":"299.8"}
{"volume":"49245.0","ticker":"AAPL","high":"299.91","amount":"299.8589","period":"PT1M","low":"299.77","multiplier":"1","beginTime":"1640549862","endTime":"2020-01-03T12:35-05:00[America/New_York]","close":"299.91","open":"299.79"}
{"volume":"43329.0","ticker":"AAPL","high":"299.94","amount":"299.8842","period":"PT1M","low":"299.81","multiplier":"1","beginTime":"1640549862","endTime":"2020-01-03T12:36-05:00[America/New_York]","close":"299.88","open":"299.92"}
{"volume":"41506.0","ticker":"AAPL","high":"299.97","amount":"299.9047","period":"PT1M","low":"299.87","multiplier":"1","beginTime":"1640549862","endTime":"2020-01-03T12:37-05:00[America/New_York]","close":"299.89","open":"299.88"}
{"volume":"38032.0","ticker":"AAPL","high":"299.97","amount":"299.8844","period":"PT1M","low":"299.82","multiplier":"1","beginTime":"1640549862","endTime":"2020-01-03T12:38-05:00[America/New_York]","close":"299.9078","open":"299.91"}
{"volume":"38444.0","ticker":"AAPL","high":"299.9652","amount":"299.9383","period":"PT1M","low":"299.9","multiplier":"1","beginTime":"1640549862","endTime":"2020-01-03T12:39-05:00[America/New_York]","close":"299.92","open":"299.91"}
{"volume":"40751.0","ticker":"AAPL","high":"299.99","amount":"299.9417","period":"PT1M","low":"299.9001","multiplier":"1","beginTime":"1640549862","endTime":"2020-01-03T12:40-05:00[America/New_York]","close":"299.96","open":"299.9301"}
{"volume":"132227.0","ticker":"AAPL","high":"300.07","amount":"299.9979","period":"PT1M","low":"299.92","multiplier":"1","beginTime":"1640549862","endTime":"2020-01-03T12:41-05:00[America/New_York]","close":"299.9592","open":"299.969"}
{"volume":"54301.0","ticker":"AAPL","high":"300.01","amount":"299.9464","period":"PT1M","low":"299.9","multiplier":"1","beginTime":"1640549862","endTime":"2020-01-03T12:42-05:00[America/New_York]","close":"299.945","open":"299.9668"}
{"volume":"60840.0","ticker":"AAPL","high":"299.95","amount":"299.8549","period":"PT1M","low":"299.71","multiplier":"1","beginTime":"1640549862","endTime":"2020-01-03T12:43-05:00[America/New_York]","close":"299.7456","open":"299.94"}
{"volume":"42321.0","ticker":"AAPL","high":"299.975","amount":"299.8881","period":"PT1M","low":"299.73","multiplier":"1","beginTime":"1640549862","endTime":"2020-01-03T12:44-05:00[America/New_York]","close":"299.975","open":"299.73"}
{"volume":"74802.0","ticker":"AAPL","high":"300.05","amount":"300.0224","period":"PT1M","low":"299.98","multiplier":"1","beginTime":"1640549862","endTime":"2020-01-03T12:45-05:00[America/New_York]","close":"300.03","open":"299.98"}
{"volume":"88732.0","ticker":"AAPL","high":"300.49","amount":"300.1279","period":"PT1M","low":"299.97","multiplier":"1","beginTime":"1640549862","endTime":"2020-01-03T12:46-05:00[America/New_York]","close":"300.1759","open":"300.0129"}
{"volume":"110191.0","ticker":"AAPL","high":"300.3","amount":"300.2342","period":"PT1M","low":"300.16","multiplier":"1","beginTime":"1640549862","endTime":"2020-01-03T12:47-05:00[America/New_York]","close":"300.2907","open":"300.19"}
{"volume":"68695.0","ticker":"AAPL","high":"300.4322","amount":"300.3645","period":"PT1M","low":"300.29","multiplier":"1","beginTime":"1640549862","endTime":"2020-01-03T12:48-05:00[America/New_York]","close":"300.37","open":"300.2983"}
{"volume":"79642.0","ticker":"AAPL","high":"300.48","amount":"300.428","period":"PT1M","low":"300.3603","multiplier":"1","beginTime":"1640549862","endTime":"2020-01-03T12:49-05:00[America/New_York]","close":"300.465","open":"300.38"}
{"volume":"94060.0","ticker":"AAPL","high":"300.5","amount":"300.483","period":"PT1M","low":"300.435","multiplier":"1","beginTime":"1640549862","endTime":"2020-01-03T12:50-05:00[America/New_York]","close":"300.4956","open":"300.46"}
{"volume":"108285.0","ticker":"AAPL","high":"300.58","amount":"300.4746","period":"PT1M","low":"300.243","multiplier":"1","beginTime":"1640549862","endTime":"2020-01-03T12:51-05:00[America/New_York]","close":"300.243","open":"300.5"}
{"volume":"67997.0","ticker":"AAPL","high":"300.3314","amount":"300.271","period":"PT1M","low":"300.21","multiplier":"1","beginTime":"1640549862","endTime":"2020-01-03T12:52-05:00[America/New_York]","close":"300.299","open":"300.24"}
{"volume":"31435.0","ticker":"AAPL","high":"300.34","amount":"300.2876","period":"PT1M","low":"300.2401","multiplier":"1","beginTime":"1640549862","endTime":"2020-01-03T12:53-05:00[America/New_York]","close":"300.2872","open":"300.2901"}
{"volume":"51251.0","ticker":"AAPL","high":"300.35","amount":"300.2201","period":"PT1M","low":"300.14","multiplier":"1","beginTime":"1640549862","endTime":"2020-01-03T12:54-05:00[America/New_York]","close":"300.16","open":"300.2999"}
{"volume":"62950.0","ticker":"AAPL","high":"300.17","amount":"300.0872","period":"PT1M","low":"300.0101","multiplier":"1","beginTime":"1640549862","endTime":"2020-01-03T12:55-05:00[America/New_York]","close":"300.0313","open":"300.17"}
{"volume":"73999.0","ticker":"AAPL","high":"300.19","amount":"300.0964","period":"PT1M","low":"300.01","multiplier":"1","beginTime":"1640549862","endTime":"2020-01-03T12:56-05:00[America/New_York]","close":"300.1796","open":"300.0326"}
{"volume":"64918.0","ticker":"AAPL","high":"300.3599","amount":"300.2951","period":"PT1M","low":"300.205","multiplier":"1","beginTime":"1640549862","endTime":"2020-01-03T12:57-05:00[America/New_York]","close":"300.26","open":"300.205"}
{"volume":"55891.0","ticker":"AAPL","high":"300.285","amount":"300.1707","period":"PT1M","low":"300.09","multiplier":"1","beginTime":"1640549862","endTime":"2020-01-03T12:58-05:00[America/New_York]","close":"300.25","open":"300.26"}
{"volume":"35628.0","ticker":"AAPL","high":"300.3399","amount":"300.2494","period":"PT1M","low":"300.18","multiplier":"1","beginTime":"1640549862","endTime":"2020-01-03T12:59-05:00[America/New_York]","close":"300.1903","open":"300.2576"}
{"volume":"37677.0","ticker":"AAPL","high":"300.35","amount":"300.2876","period":"PT1M","low":"300.2","multiplier":"1","beginTime":"1640549862","endTime":"2020-01-03T13:00-05:00[America/New_York]","close":"300.2641","open":"300.22"}
{"volume":"31674.0","ticker":"AAPL","high":"300.2999","amount":"300.2329","period":"PT1M","low":"300.18","multiplier":"1","beginTime":"1640549862","endTime":"2020-01-03T13:01-05:00[America/New_York]","close":"300.23","open":"300.2501"}
{"volume":"41375.0","ticker":"AAPL","high":"300.35","amount":"300.3082","period":"PT1M","low":"300.2201","multiplier":"1","beginTime":"1640549862","endTime":"2020-01-03T13:02-05:00[America/New_York]","close":"300.3312","open":"300.24"}
{"volume":"55334.0","ticker":"AAPL","high":"300.39","amount":"300.3434","period":"PT1M","low":"300.25","multiplier":"1","beginTime":"1640549862","endTime":"2020-01-03T13:03-05:00[America/New_York]","close":"300.28","open":"300.3401"}
{"volume":"69298.0","ticker":"AAPL","high":"300.3092","amount":"300.1823","period":"PT1M","low":"300.1","multiplier":"1","beginTime":"1640549862","endTime":"2020-01-03T13:04-05:00[America/New_York]","close":"300.1133","open":"300.285"}
{"volume":"26713.0","ticker":"AAPL","high":"300.22","amount":"300.1838","period":"PT1M","low":"300.11","multiplier":"1","beginTime":"1640549862","endTime":"2020-01-03T13:05-05:00[America/New_York]","close":"300.1898","open":"300.125"}
{"volume":"39635.0","ticker":"AAPL","high":"300.2715","amount":"300.2097","period":"PT1M","low":"300.16","multiplier":"1","beginTime":"1640549862","endTime":"2020-01-03T13:06-05:00[America/New_York]","close":"300.18","open":"300.2"}
{"volume":"28200.0","ticker":"AAPL","high":"300.2","amount":"300.1283","period":"PT1M","low":"300.07","multiplier":"1","beginTime":"1640549862","endTime":"2020-01-03T13:07-05:00[America/New_York]","close":"300.1988","open":"300.1856"}
{"volume":"29210.0","ticker":"AAPL","high":"300.24","amount":"300.1741","period":"PT1M","low":"300.14","multiplier":"1","beginTime":"1640549862","endTime":"2020-01-03T13:08-05:00[America/New_York]","close":"300.17","open":"300.18"}
{"volume":"48209.0","ticker":"AAPL","high":"300.21","amount":"300.1062","period":"PT1M","low":"300.0122","multiplier":"1","beginTime":"1640549862","endTime":"2020-01-03T13:09-05:00[America/New_York]","close":"300.04","open":"300.1548"}
{"volume":"95562.0","ticker":"AAPL","high":"300.14","amount":"300.011","period":"PT1M","low":"299.89","multiplier":"1","beginTime":"1640549862","endTime":"2020-01-03T13:10-05:00[America/New_York]","close":"300.0758","open":"300.02"}
{"volume":"56886.0","ticker":"AAPL","high":"300.25","amount":"300.2039","period":"PT1M","low":"300.07","multiplier":"1","beginTime":"1640549862","endTime":"2020-01-03T13:11-05:00[America/New_York]","close":"300.24","open":"300.0775"}
{"volume":"32500.0","ticker":"AAPL","high":"300.245","amount":"300.2046","period":"PT1M","low":"300.17","multiplier":"1","beginTime":"1640549862","endTime":"2020-01-03T13:12-05:00[America/New_York]","close":"300.18","open":"300.2383"}
{"volume":"41218.0","ticker":"AAPL","high":"300.28","amount":"300.2217","period":"PT1M","low":"300.13","multiplier":"1","beginTime":"1640549862","endTime":"2020-01-03T13:13-05:00[America/New_York]","close":"300.2027","open":"300.1723"}
{"volume":"27171.0","ticker":"AAPL","high":"300.25","amount":"300.2152","period":"PT1M","low":"300.15","multiplier":"1","beginTime":"1640549862","endTime":"2020-01-03T13:14-05:00[America/New_York]","close":"300.19","open":"300.2279"}
{"volume":"41706.0","ticker":"AAPL","high":"300.24","amount":"300.1739","period":"PT1M","low":"300.07","multiplier":"1","beginTime":"1640549862","endTime":"2020-01-03T13:15-05:00[America/New_York]","close":"300.08","open":"300.19"}
{"volume":"39771.0","ticker":"AAPL","high":"300.18","amount":"300.1088","period":"PT1M","low":"300.0484","multiplier":"1","beginTime":"1640549862","endTime":"2020-01-03T13:16-05:00[America/New_York]","close":"300.1546","open":"300.09"}
{"volume":"27393.0","ticker":"AAPL","high":"300.1581","amount":"300.1083","period":"PT1M","low":"300.06","multiplier":"1","beginTime":"1640549862","endTime":"2020-01-03T13:17-05:00[America/New_York]","close":"300.1","open":"300.15"}
{"volume":"39308.0","ticker":"AAPL","high":"300.1458","amount":"300.0672","period":"PT1M","low":"299.9857","multiplier":"1","beginTime":"1640549862","endTime":"2020-01-03T13:18-05:00[America/New_York]","close":"299.9857","open":"300.07"}
{"volume":"113263.0","ticker":"AAPL","high":"299.9801","amount":"299.8357","period":"PT1M","low":"299.73","multiplier":"1","beginTime":"1640549862","endTime":"2020-01-03T13:19-05:00[America/New_York]","close":"299.75","open":"299.98"}
{"volume":"47136.0","ticker":"AAPL","high":"299.99","amount":"299.8949","period":"PT1M","low":"299.74","multiplier":"1","beginTime":"1640549862","endTime":"2020-01-03T13:20-05:00[America/New_York]","close":"299.98","open":"299.7474"}
{"volume":"24469.0","ticker":"AAPL","high":"299.9899","amount":"299.9443","period":"PT1M","low":"299.91","multiplier":"1","beginTime":"1640549862","endTime":"2020-01-03T13:21-05:00[America/New_York]","close":"299.95","open":"299.98"}
{"volume":"27700.0","ticker":"AAPL","high":"299.99","amount":"299.968","period":"PT1M","low":"299.93","multiplier":"1","beginTime":"1640549862","endTime":"2020-01-03T13:22-05:00[America/New_York]","close":"299.9889","open":"299.95"}
{"volume":"45308.0","ticker":"AAPL","high":"300.09","amount":"300.0419","period":"PT1M","low":"299.98","multiplier":"1","beginTime":"1640549862","endTime":"2020-01-03T13:23-05:00[America/New_York]","close":"300.0513","open":"299.98"}
{"volume":"19175.0","ticker":"AAPL","high":"300.09","amount":"300.0425","period":"PT1M","low":"299.99","multiplier":"1","beginTime":"1640549862","endTime":"2020-01-03T13:24-05:00[America/New_York]","close":"300.0","open":"300.0553"}
{"volume":"45218.0","ticker":"AAPL","high":"300.14","amount":"300.0828","period":"PT1M","low":"299.97","multiplier":"1","beginTime":"1640549862","endTime":"2020-01-03T13:25-05:00[America/New_York]","close":"300.0713","open":"300.0"}
{"volume":"22876.0","ticker":"AAPL","high":"300.09","amount":"300.0487","period":"PT1M","low":"300.0","multiplier":"1","beginTime":"1640549862","endTime":"2020-01-03T13:26-05:00[America/New_York]","close":"300.0639","open":"300.08"}
{"volume":"45817.0","ticker":"AAPL","high":"300.12","amount":"300.0806","period":"PT1M","low":"300.03","multiplier":"1","beginTime":"1640549862","endTime":"2020-01-03T13:27-05:00[America/New_York]","close":"300.0701","open":"300.06"}
{"volume":"27182.0","ticker":"AAPL","high":"300.08","amount":"300.0253","period":"PT1M","low":"299.9601","multiplier":"1","beginTime":"1640549862","endTime":"2020-01-03T13:28-05:00[America/New_York]","close":"300.024","open":"300.08"}
{"volume":"26008.0","ticker":"AAPL","high":"300.03","amount":"299.9663","period":"PT1M","low":"299.91","multiplier":"1","beginTime":"1640549862","endTime":"2020-01-03T13:29-05:00[America/New_York]","close":"299.95","open":"300.0145"}
{"volume":"25588.0","ticker":"AAPL","high":"300.05","amount":"300.0208","period":"PT1M","low":"299.98","multiplier":"1","beginTime":"1640549862","endTime":"2020-01-03T13:30-05:00[America/New_York]","close":"300.03","open":"299.98"}
{"volume":"21636.0","ticker":"AAPL","high":"300.14","amount":"300.0594","period":"PT1M","low":"300.01","multiplier":"1","beginTime":"1640549862","endTime":"2020-01-03T13:31-05:00[America/New_York]","close":"300.14","open":"300.035"}
{"volume":"38249.0","ticker":"AAPL","high":"300.17","amount":"300.1162","period":"PT1M","low":"300.02","multiplier":"1","beginTime":"1640549862","endTime":"2020-01-03T13:32-05:00[America/New_York]","close":"300.0273","open":"300.1301"}
{"volume":"83964.0","ticker":"AAPL","high":"300.0733","amount":"299.9171","period":"PT1M","low":"299.81","multiplier":"1","beginTime":"1640549862","endTime":"2020-01-03T13:33-05:00[America/New_York]","close":"299.8697","open":"300.04"}
{"volume":"92254.0","ticker":"AAPL","high":"299.95","amount":"299.7759","period":"PT1M","low":"299.67","multiplier":"1","beginTime":"1640549862","endTime":"2020-01-03T13:34-05:00[America/New_York]","close":"299.68","open":"299.87"}
{"volume":"64689.0","ticker":"AAPL","high":"299.72","amount":"299.6119","period":"PT1M","low":"299.5404","multiplier":"1","beginTime":"1640549862","endTime":"2020-01-03T13:35-05:00[America/New_York]","close":"299.6","open":"299.675"}
{"volume":"96382.0","ticker":"AAPL","high":"299.62","amount":"299.4844","period":"PT1M","low":"299.31","multiplier":"1","beginTime":"1640549862","endTime":"2020-01-03T13:36-05:00[America/New_York]","close":"299.34","open":"299.5914"}
{"volume":"149546.0","ticker":"AAPL","high":"299.3316","amount":"299.1006","period":"PT1M","low":"298.92","multiplier":"1","beginTime":"1640549862","endTime":"2020-01-03T13:37-05:00[America/New_York]","close":"298.98","open":"299.31"}
{"volume":"105810.0","ticker":"AAPL","high":"299.22","amount":"299.0482","period":"PT1M","low":"298.85","multiplier":"1","beginTime":"1640549862","endTime":"2020-01-03T13:38-05:00[America/New_York]","close":"299.07","open":"298.95"}
{"volume":"110293.0","ticker":"AAPL","high":"299.41","amount":"299.0688","period":"PT1M","low":"298.77","multiplier":"1","beginTime":"1640549862","endTime":"2020-01-03T13:39-05:00[America/New_York]","close":"299.382","open":"299.0484"}
{"volume":"114462.0","ticker":"AAPL","high":"299.68","amount":"299.5349","period":"PT1M","low":"299.3","multiplier":"1","beginTime":"1640549862","endTime":"2020-01-03T13:40-05:00[America/New_York]","close":"299.47","open":"299.37"}
{"volume":"38011.0","ticker":"AAPL","high":"299.4935","amount":"299.3616","period":"PT1M","low":"299.25","multiplier":"1","beginTime":"1640549862","endTime":"2020-01-03T13:41-05:00[America/New_York]","close":"299.25","open":"299.4935"}
{"volume":"53538.0","ticker":"AAPL","high":"299.29","amount":"299.1835","period":"PT1M","low":"299.101","multiplier":"1","beginTime":"1640549862","endTime":"2020-01-03T13:42-05:00[America/New_York]","close":"299.26","open":"299.2479"}
{"volume":"36152.0","ticker":"AAPL","high":"299.3","amount":"299.2006","period":"PT1M","low":"299.071","multiplier":"1","beginTime":"1640549862","endTime":"2020-01-03T13:43-05:00[America/New_York]","close":"299.23","open":"299.29"}
{"volume":"52053.0","ticker":"AAPL","high":"299.43","amount":"299.3265","period":"PT1M","low":"299.2","multiplier":"1","beginTime":"1640549862","endTime":"2020-01-03T13:44-05:00[America/New_York]","close":"299.335","open":"299.23"}
{"volume":"117531.0","ticker":"AAPL","high":"299.46","amount":"299.3552","period":"PT1M","low":"299.27","multiplier":"1","beginTime":"1640549862","endTime":"2020-01-03T13:45-05:00[America/New_York]","close":"299.4099","open":"299.335"}
{"volume":"47810.0","ticker":"AAPL","high":"299.4027","amount":"299.2649","period":"PT1M","low":"299.2","multiplier":"1","beginTime":"1640549862","endTime":"2020-01-03T13:46-05:00[America/New_York]","close":"299.31","open":"299.3993"}
{"volume":"25190.0","ticker":"AAPL","high":"299.3299","amount":"299.2725","period":"PT1M","low":"299.224","multiplier":"1","beginTime":"1640549862","endTime":"2020-01-03T13:47-05:00[America/New_York]","close":"299.2401","open":"299.3299"}
{"volume":"62493.0","ticker":"AAPL","high":"299.63","amount":"299.4818","period":"PT1M","low":"299.26","multiplier":"1","beginTime":"1640549862","endTime":"2020-01-03T13:48-05:00[America/New_York]","close":"299.57","open":"299.2628"}
{"volume":"54049.0","ticker":"AAPL","high":"299.603","amount":"299.5668","period":"PT1M","low":"299.4889","multiplier":"1","beginTime":"1640549862","endTime":"2020-01-03T13:49-05:00[America/New_York]","close":"299.59","open":"299.54"}
{"volume":"63564.0","ticker":"AAPL","high":"299.61","amount":"299.5188","period":"PT1M","low":"299.48","multiplier":"1","beginTime":"1640549862","endTime":"2020-01-03T13:50-05:00[America/New_York]","close":"299.52","open":"299.6"}
{"volume":"17693.0","ticker":"AAPL","high":"299.5407","amount":"299.5027","period":"PT1M","low":"299.47","multiplier":"1","beginTime":"1640549862","endTime":"2020-01-03T13:51-05:00[America/New_York]","close":"299.505","open":"299.5321"}
{"volume":"20839.0","ticker":"AAPL","high":"299.5599","amount":"299.501","period":"PT1M","low":"299.466","multiplier":"1","beginTime":"1640549862","endTime":"2020-01-03T13:52-05:00[America/New_York]","close":"299.5599","open":"299.504"}
{"volume":"30465.0","ticker":"AAPL","high":"299.54","amount":"299.4162","period":"PT1M","low":"299.31","multiplier":"1","beginTime":"1640549862","endTime":"2020-01-03T13:53-05:00[America/New_York]","close":"299.31","open":"299.534"}
{"volume":"51613.0","ticker":"AAPL","high":"299.36","amount":"299.2299","period":"PT1M","low":"299.13","multiplier":"1","beginTime":"1640549862","endTime":"2020-01-03T13:54-05:00[America/New_York]","close":"299.26","open":"299.31"}
{"volume":"26838.0","ticker":"AAPL","high":"299.28","amount":"299.2056","period":"PT1M","low":"299.14","multiplier":"1","beginTime":"1640549862","endTime":"2020-01-03T13:55-05:00[America/New_York]","close":"299.195","open":"299.28"}
{"volume":"33072.0","ticker":"AAPL","high":"299.3999","amount":"299.3049","period":"PT1M","low":"299.2087","multiplier":"1","beginTime":"1640549862","endTime":"2020-01-03T13:56-05:00[America/New_York]","close":"299.3714","open":"299.2297"}
{"volume":"32931.0","ticker":"AAPL","high":"299.39","amount":"299.3434","period":"PT1M","low":"299.281","multiplier":"1","beginTime":"1640549862","endTime":"2020-01-03T13:57-05:00[America/New_York]","close":"299.3514","open":"299.362"}
{"volume":"20575.0","ticker":"AAPL","high":"299.364","amount":"299.3235","period":"PT1M","low":"299.27","multiplier":"1","beginTime":"1640549862","endTime":"2020-01-03T13:58-05:00[America/New_York]","close":"299.3017","open":"299.34"}
{"volume":"20740.0","ticker":"AAPL","high":"299.43","amount":"299.3537","period":"PT1M","low":"299.25","multiplier":"1","beginTime":"1640549862","endTime":"2020-01-03T13:59-05:00[America/New_York]","close":"299.3859","open":"299.29"}
{"volume":"29384.0","ticker":"AAPL","high":"299.58","amount":"299.5055","period":"PT1M","low":"299.35","multiplier":"1","beginTime":"1640549862","endTime":"2020-01-03T14:00-05:00[America/New_York]","close":"299.57","open":"299.3757"}
{"volume":"35189.0","ticker":"AAPL","high":"299.6","amount":"299.5068","period":"PT1M","low":"299.41","multiplier":"1","beginTime":"1640549862","endTime":"2020-01-03T14:01-05:00[America/New_York]","close":"299.47","open":"299.5771"}
{"volume":"62631.0","ticker":"AAPL","high":"299.445","amount":"299.2741","period":"PT1M","low":"299.17","multiplier":"1","beginTime":"1640549862","endTime":"2020-01-03T14:02-05:00[America/New_York]","close":"299.24","open":"299.445"}
{"volume":"45919.0","ticker":"AAPL","high":"299.32","amount":"299.1689","period":"PT1M","low":"299.08","multiplier":"1","beginTime":"1640549862","endTime":"2020-01-03T14:03-05:00[America/New_York]","close":"299.12","open":"299.25"}
{"volume":"95281.0","ticker":"AAPL","high":"299.13","amount":"298.987","period":"PT1M","low":"298.83","multiplier":"1","beginTime":"1640549862","endTime":"2020-01-03T14:04-05:00[America/New_York]","close":"299.02","open":"299.1101"}
{"volume":"38474.0","ticker":"AAPL","high":"299.11","amount":"298.9806","period":"PT1M","low":"298.88","multiplier":"1","beginTime":"1640549862","endTime":"2020-01-03T14:05-05:00[America/New_York]","close":"298.99","open":"299.05"}
{"volume":"39426.0","ticker":"AAPL","high":"299.154","amount":"299.0948","period":"PT1M","low":"298.9899","multiplier":"1","beginTime":"1640549862","endTime":"2020-01-03T14:06-05:00[America/New_York]","close":"299.1131","open":"298.9899"}
{"volume":"36316.0","ticker":"AAPL","high":"299.25","amount":"299.1401","period":"PT1M","low":"299.0701","multiplier":"1","beginTime":"1640549862","endTime":"2020-01-03T14:07-05:00[America/New_York]","close":"299.23","open":"299.1194"}
{"volume":"34205.0","ticker":"AAPL","high":"299.238","amount":"299.1243","period":"PT1M","low":"299.0002","multiplier":"1","beginTime":"1640549862","endTime":"2020-01-03T14:08-05:00[America/New_York]","close":"299.05","open":"299.223"}
{"volume":"22056.0","ticker":"AAPL","high":"299.1522","amount":"299.0755","period":"PT1M","low":"298.9801","multiplier":"1","beginTime":"1640549862","endTime":"2020-01-03T14:09-05:00[America/New_York]","close":"299.05","open":"299.0305"}
{"volume":"22429.0","ticker":"AAPL","high":"299.19","amount":"299.1456","period":"PT1M","low":"299.0442","multiplier":"1","beginTime":"1640549862","endTime":"2020-01-03T14:10-05:00[America/New_York]","close":"299.1628","open":"299.0442"}
{"volume":"32161.0","ticker":"AAPL","high":"299.2325","amount":"299.1532","period":"PT1M","low":"299.03","multiplier":"1","beginTime":"1640549862","endTime":"2020-01-03T14:11-05:00[America/New_York]","close":"299.185","open":"299.18"}
{"volume":"17654.0","ticker":"AAPL","high":"299.1825","amount":"299.1343","period":"PT1M","low":"299.0901","multiplier":"1","beginTime":"1640549862","endTime":"2020-01-03T14:12-05:00[America/New_York]","close":"299.1133","open":"299.18"}
{"volume":"27460.0","ticker":"AAPL","high":"299.15","amount":"299.0925","period":"PT1M","low":"299.05","multiplier":"1","beginTime":"1640549862","endTime":"2020-01-03T14:13-05:00[America/New_York]","close":"299.15","open":"299.101"}
{"volume":"34162.0","ticker":"AAPL","high":"299.16","amount":"299.0553","period":"PT1M","low":"299.0","multiplier":"1","beginTime":"1640549862","endTime":"2020-01-03T14:14-05:00[America/New_York]","close":"299.02","open":"299.16"}
{"volume":"35650.0","ticker":"AAPL","high":"299.15","amount":"299.0691","period":"PT1M","low":"298.9802","multiplier":"1","beginTime":"1640549862","endTime":"2020-01-03T14:15-05:00[America/New_York]","close":"299.0682","open":"299.03"}
{"volume":"33421.0","ticker":"AAPL","high":"299.215","amount":"299.1494","period":"PT1M","low":"299.09","multiplier":"1","beginTime":"1640549862","endTime":"2020-01-03T14:16-05:00[America/New_York]","close":"299.13","open":"299.11"}
{"volume":"49337.0","ticker":"AAPL","high":"299.3","amount":"299.2393","period":"PT1M","low":"299.14","multiplier":"1","beginTime":"1640549862","endTime":"2020-01-03T14:17-05:00[America/New_York]","close":"299.24","open":"299.14"}
{"volume":"27042.0","ticker":"AAPL","high":"299.28","amount":"299.2331","period":"PT1M","low":"299.2","multiplier":"1","beginTime":"1640549862","endTime":"2020-01-03T14:18-05:00[America/New_York]","close":"299.28","open":"299.24"}
{"volume":"25384.0","ticker":"AAPL","high":"299.3","amount":"299.2271","period":"PT1M","low":"299.1354","multiplier":"1","beginTime":"1640549862","endTime":"2020-01-03T14:19-05:00[America/New_York]","close":"299.1687","open":"299.275"}
{"volume":"34139.0","ticker":"AAPL","high":"299.2299","amount":"299.0812","period":"PT1M","low":"299.03","multiplier":"1","beginTime":"1640549862","endTime":"2020-01-03T14:20-05:00[America/New_York]","close":"299.1235","open":"299.1789"}
{"volume":"31346.0","ticker":"AAPL","high":"299.22","amount":"299.1641","period":"PT1M","low":"299.1","multiplier":"1","beginTime":"1640549862","endTime":"2020-01-03T14:21-05:00[America/New_York]","close":"299.18","open":"299.135"}
{"volume":"15561.0","ticker":"AAPL","high":"299.2099","amount":"299.1614","period":"PT1M","low":"299.1201","multiplier":"1","beginTime":"1640549862","endTime":"2020-01-03T14:22-05:00[America/New_York]","close":"299.195","open":"299.1914"}
{"volume":"24801.0","ticker":"AAPL","high":"299.2","amount":"299.1129","period":"PT1M","low":"299.04","multiplier":"1","beginTime":"1640549862","endTime":"2020-01-03T14:23-05:00[America/New_York]","close":"299.0948","open":"299.1914"}
{"volume":"31168.0","ticker":"AAPL","high":"299.18","amount":"299.1411","period":"PT1M","low":"299.05","multiplier":"1","beginTime":"1640549862","endTime":"2020-01-03T14:24-05:00[America/New_York]","close":"299.18","open":"299.09"}
{"volume":"27860.0","ticker":"AAPL","high":"299.22","amount":"299.1483","period":"PT1M","low":"299.08","multiplier":"1","beginTime":"1640549862","endTime":"2020-01-03T14:25-05:00[America/New_York]","close":"299.11","open":"299.15"}
{"volume":"20961.0","ticker":"AAPL","high":"299.16","amount":"299.1222","period":"PT1M","low":"299.09","multiplier":"1","beginTime":"1640549862","endTime":"2020-01-03T14:26-05:00[America/New_York]","close":"299.12","open":"299.119"}
{"volume":"29849.0","ticker":"AAPL","high":"299.1753","amount":"299.1036","period":"PT1M","low":"299.03","multiplier":"1","beginTime":"1640549862","endTime":"2020-01-03T14:27-05:00[America/New_York]","close":"299.13","open":"299.1001"}
{"volume":"35051.0","ticker":"AAPL","high":"299.2","amount":"299.1723","period":"PT1M","low":"299.12","multiplier":"1","beginTime":"1640549862","endTime":"2020-01-03T14:28-05:00[America/New_York]","close":"299.1615","open":"299.1262"}
{"volume":"41586.0","ticker":"AAPL","high":"299.19","amount":"299.1104","period":"PT1M","low":"299.05","multiplier":"1","beginTime":"1640549862","endTime":"2020-01-03T14:29-05:00[America/New_York]","close":"299.13","open":"299.1739"}
{"volume":"16930.0","ticker":"AAPL","high":"299.13","amount":"299.0932","period":"PT1M","low":"299.05","multiplier":"1","beginTime":"1640549862","endTime":"2020-01-03T14:30-05:00[America/New_York]","close":"299.1","open":"299.1"}
{"volume":"24834.0","ticker":"AAPL","high":"299.15","amount":"299.1055","period":"PT1M","low":"299.0564","multiplier":"1","beginTime":"1640549862","endTime":"2020-01-03T14:31-05:00[America/New_York]","close":"299.1284","open":"299.13"}
{"volume":"20745.0","ticker":"AAPL","high":"299.19","amount":"299.149","period":"PT1M","low":"299.12","multiplier":"1","beginTime":"1640549862","endTime":"2020-01-03T14:32-05:00[America/New_York]","close":"299.17","open":"299.1222"}
{"volume":"21555.0","ticker":"AAPL","high":"299.2","amount":"299.1768","period":"PT1M","low":"299.14","multiplier":"1","beginTime":"1640549862","endTime":"2020-01-03T14:33-05:00[America/New_York]","close":"299.19","open":"299.16"}
{"volume":"24671.0","ticker":"AAPL","high":"299.28","amount":"299.2421","period":"PT1M","low":"299.1998","multiplier":"1","beginTime":"1640549862","endTime":"2020-01-03T14:34-05:00[America/New_York]","close":"299.23","open":"299.2"}
{"volume":"40111.0","ticker":"AAPL","high":"299.28","amount":"299.2344","period":"PT1M","low":"299.2","multiplier":"1","beginTime":"1640549862","endTime":"2020-01-03T14:35-05:00[America/New_York]","close":"299.252","open":"299.24"}
{"volume":"66122.0","ticker":"AAPL","high":"299.44","amount":"299.3362","period":"PT1M","low":"299.252","multiplier":"1","beginTime":"1640549862","endTime":"2020-01-03T14:36-05:00[America/New_York]","close":"299.44","open":"299.252"}
{"volume":"61885.0","ticker":"AAPL","high":"299.54","amount":"299.4935","period":"PT1M","low":"299.4285","multiplier":"1","beginTime":"1640549862","endTime":"2020-01-03T14:37-05:00[America/New_York]","close":"299.5272","open":"299.45"}
{"volume":"39120.0","ticker":"AAPL","high":"299.52","amount":"299.4672","period":"PT1M","low":"299.41","multiplier":"1","beginTime":"1640549862","endTime":"2020-01-03T14:38-05:00[America/New_York]","close":"299.4951","open":"299.52"}
{"volume":"47853.0","ticker":"AAPL","high":"299.54","amount":"299.504","period":"PT1M","low":"299.455","multiplier":"1","beginTime":"1640549862","endTime":"2020-01-03T14:39-05:00[America/New_York]","close":"299.48","open":"299.5"}
{"volume":"29942.0","ticker":"AAPL","high":"299.52","amount":"299.3983","period":"PT1M","low":"299.33","multiplier":"1","beginTime":"1640549862","endTime":"2020-01-03T14:40-05:00[America/New_York]","close":"299.42","open":"299.5059"}
{"volume":"26968.0","ticker":"AAPL","high":"299.54","amount":"299.4874","period":"PT1M","low":"299.4201","multiplier":"1","beginTime":"1640549862","endTime":"2020-01-03T14:41-05:00[America/New_York]","close":"299.53","open":"299.4299"}
{"volume":"25928.0","ticker":"AAPL","high":"299.59","amount":"299.5556","period":"PT1M","low":"299.51","multiplier":"1","beginTime":"1640549862","endTime":"2020-01-03T14:42-05:00[America/New_York]","close":"299.56","open":"299.5252"}
{"volume":"41198.0","ticker":"AAPL","high":"299.595","amount":"299.5661","period":"PT1M","low":"299.53","multiplier":"1","beginTime":"1640549862","endTime":"2020-01-03T14:43-05:00[America/New_York]","close":"299.575","open":"299.54"}
{"volume":"27726.0","ticker":"AAPL","high":"299.5807","amount":"299.5379","period":"PT1M","low":"299.5","multiplier":"1","beginTime":"1640549862","endTime":"2020-01-03T14:44-05:00[America/New_York]","close":"299.52","open":"299.58"}
{"volume":"18870.0","ticker":"AAPL","high":"299.57","amount":"299.5226","period":"PT1M","low":"299.48","multiplier":"1","beginTime":"1640549862","endTime":"2020-01-03T14:45-05:00[America/New_York]","close":"299.5284","open":"299.56"}
{"volume":"24413.0","ticker":"AAPL","high":"299.59","amount":"299.5548","period":"PT1M","low":"299.5149","multiplier":"1","beginTime":"1640549862","endTime":"2020-01-03T14:46-05:00[America/New_York]","close":"299.56","open":"299.535"}
{"volume":"47313.0","ticker":"AAPL","high":"299.57","amount":"299.4421","period":"PT1M","low":"299.38","multiplier":"1","beginTime":"1640549862","endTime":"2020-01-03T14:47-05:00[America/New_York]","close":"299.39","open":"299.555"}
{"volume":"16709.0","ticker":"AAPL","high":"299.52","amount":"299.464","period":"PT1M","low":"299.39","multiplier":"1","beginTime":"1640549862","endTime":"2020-01-03T14:48-05:00[America/New_York]","close":"299.5001","open":"299.42"}
{"volume":"17795.0","ticker":"AAPL","high":"299.57","amount":"299.5437","period":"PT1M","low":"299.5","multiplier":"1","beginTime":"1640549862","endTime":"2020-01-03T14:49-05:00[America/New_York]","close":"299.54","open":"299.52"}
{"volume":"24982.0","ticker":"AAPL","high":"299.6","amount":"299.5743","period":"PT1M","low":"299.503","multiplier":"1","beginTime":"1640549862","endTime":"2020-01-03T14:50-05:00[America/New_York]","close":"299.5921","open":"299.5321"}
{"volume":"78353.0","ticker":"AAPL","high":"299.7","amount":"299.6191","period":"PT1M","low":"299.57","multiplier":"1","beginTime":"1640549862","endTime":"2020-01-03T14:51-05:00[America/New_York]","close":"299.6919","open":"299.595"}
{"volume":"63162.0","ticker":"AAPL","high":"299.8","amount":"299.7554","period":"PT1M","low":"299.68","multiplier":"1","beginTime":"1640549862","endTime":"2020-01-03T14:52-05:00[America/New_York]","close":"299.7863","open":"299.6861"}
{"volume":"49930.0","ticker":"AAPL","high":"299.89","amount":"299.817","period":"PT1M","low":"299.7374","multiplier":"1","beginTime":"1640549862","endTime":"2020-01-03T14:53-05:00[America/New_York]","close":"299.7563","open":"299.7854"}
{"volume":"39707.0","ticker":"AAPL","high":"299.81","amount":"299.7723","period":"PT1M","low":"299.7","multiplier":"1","beginTime":"1640549862","endTime":"2020-01-03T14:54-05:00[America/New_York]","close":"299.7","open":"299.76"}
{"volume":"35419.0","ticker":"AAPL","high":"299.82","amount":"299.7709","period":"PT1M","low":"299.7","multiplier":"1","beginTime":"1640549862","endTime":"2020-01-03T14:55-05:00[America/New_York]","close":"299.802","open":"299.7299"}
{"volume":"48180.0","ticker":"AAPL","high":"299.9","amount":"299.8701","period":"PT1M","low":"299.8023","multiplier":"1","beginTime":"1640549862","endTime":"2020-01-03T14:56-05:00[America/New_York]","close":"299.878","open":"299.8023"}
{"volume":"48701.0","ticker":"AAPL","high":"299.94","amount":"299.9107","period":"PT1M","low":"299.87","multiplier":"1","beginTime":"1640549862","endTime":"2020-01-03T14:57-05:00[America/New_York]","close":"299.9","open":"299.8758"}
{"volume":"74672.0","ticker":"AAPL","high":"299.9216","amount":"299.8855","period":"PT1M","low":"299.79","multiplier":"1","beginTime":"1640549862","endTime":"2020-01-03T14:58-05:00[America/New_York]","close":"299.8548","open":"299.915"}
{"volume":"30254.0","ticker":"AAPL","high":"299.91","amount":"299.8593","period":"PT1M","low":"299.81","multiplier":"1","beginTime":"1640549862","endTime":"2020-01-03T14:59-05:00[America/New_York]","close":"299.825","open":"299.84"}
{"volume":"31381.0","ticker":"AAPL","high":"299.815","amount":"299.7641","period":"PT1M","low":"299.71","multiplier":"1","beginTime":"1640549862","endTime":"2020-01-03T15:00-05:00[America/New_York]","close":"299.73","open":"299.81"}
{"volume":"57438.0","ticker":"AAPL","high":"299.93","amount":"299.7964","period":"PT1M","low":"299.7","multiplier":"1","beginTime":"1640549862","endTime":"2020-01-03T15:01-05:00[America/New_York]","close":"299.86","open":"299.7358"}
{"volume":"132105.0","ticker":"AAPL","high":"300.0","amount":"299.9696","period":"PT1M","low":"299.86","multiplier":"1","beginTime":"1640549862","endTime":"2020-01-03T15:02-05:00[America/New_York]","close":"299.93","open":"299.88"}
{"volume":"84986.0","ticker":"AAPL","high":"300.04","amount":"299.9693","period":"PT1M","low":"299.89","multiplier":"1","beginTime":"1640549862","endTime":"2020-01-03T15:03-05:00[America/New_York]","close":"299.985","open":"299.94"}
{"volume":"45094.0","ticker":"AAPL","high":"299.99","amount":"299.8918","period":"PT1M","low":"299.81","multiplier":"1","beginTime":"1640549862","endTime":"2020-01-03T15:04-05:00[America/New_York]","close":"299.874","open":"299.99"}
{"volume":"55394.0","ticker":"AAPL","high":"299.8802","amount":"299.7622","period":"PT1M","low":"299.66","multiplier":"1","beginTime":"1640549862","endTime":"2020-01-03T15:05-05:00[America/New_York]","close":"299.8385","open":"299.88"}
{"volume":"61957.0","ticker":"AAPL","high":"299.85","amount":"299.7609","period":"PT1M","low":"299.69","multiplier":"1","beginTime":"1640549862","endTime":"2020-01-03T15:06-05:00[America/New_York]","close":"299.7101","open":"299.83"}
{"volume":"35446.0","ticker":"AAPL","high":"299.78","amount":"299.7307","period":"PT1M","low":"299.7","multiplier":"1","beginTime":"1640549862","endTime":"2020-01-03T15:07-05:00[America/New_York]","close":"299.73","open":"299.74"}
{"volume":"56849.0","ticker":"AAPL","high":"299.74","amount":"299.6725","period":"PT1M","low":"299.6","multiplier":"1","beginTime":"1640549862","endTime":"2020-01-03T15:08-05:00[America/New_York]","close":"299.63","open":"299.74"}
{"volume":"43167.0","ticker":"AAPL","high":"299.635","amount":"299.5738","period":"PT1M","low":"299.54","multiplier":"1","beginTime":"1640549862","endTime":"2020-01-03T15:09-05:00[America/New_York]","close":"299.56","open":"299.635"}
{"volume":"101718.0","ticker":"AAPL","high":"299.57","amount":"299.3589","period":"PT1M","low":"299.2085","multiplier":"1","beginTime":"1640549862","endTime":"2020-01-03T15:10-05:00[America/New_York]","close":"299.23","open":"299.55"}
{"volume":"68156.0","ticker":"AAPL","high":"299.4699","amount":"299.3157","period":"PT1M","low":"299.2","multiplier":"1","beginTime":"1640549862","endTime":"2020-01-03T15:11-05:00[America/New_York]","close":"299.41","open":"299.2259"}
{"volume":"35930.0","ticker":"AAPL","high":"299.4799","amount":"299.3644","period":"PT1M","low":"299.3","multiplier":"1","beginTime":"1640549862","endTime":"2020-01-03T15:12-05:00[America/New_York]","close":"299.3","open":"299.39"}
{"volume":"201609.0","ticker":"AAPL","high":"299.3195","amount":"299.0783","period":"PT1M","low":"298.95","multiplier":"1","beginTime":"1640549862","endTime":"2020-01-03T15:13-05:00[America/New_York]","close":"299.0067","open":"299.31"}
{"volume":"94237.0","ticker":"AAPL","high":"299.03","amount":"298.955","period":"PT1M","low":"298.87","multiplier":"1","beginTime":"1640549862","endTime":"2020-01-03T15:14-05:00[America/New_York]","close":"298.99","open":"299.0011"}
{"volume":"63882.0","ticker":"AAPL","high":"299.22","amount":"299.1293","period":"PT1M","low":"298.97","multiplier":"1","beginTime":"1640549862","endTime":"2020-01-03T15:15-05:00[America/New_York]","close":"299.11","open":"298.9899"}
{"volume":"53767.0","ticker":"AAPL","high":"299.1898","amount":"299.1137","period":"PT1M","low":"299.0","multiplier":"1","beginTime":"1640549862","endTime":"2020-01-03T15:16-05:00[America/New_York]","close":"299.04","open":"299.1101"}
{"volume":"33876.0","ticker":"AAPL","high":"299.17","amount":"299.1021","period":"PT1M","low":"299.0005","multiplier":"1","beginTime":"1640549862","endTime":"2020-01-03T15:17-05:00[America/New_York]","close":"299.0675","open":"299.0499"}
{"volume":"47789.0","ticker":"AAPL","high":"299.2","amount":"299.1346","period":"PT1M","low":"299.05","multiplier":"1","beginTime":"1640549862","endTime":"2020-01-03T15:18-05:00[America/New_York]","close":"299.13","open":"299.0542"}
{"volume":"36673.0","ticker":"AAPL","high":"299.19","amount":"299.1423","period":"PT1M","low":"299.09","multiplier":"1","beginTime":"1640549862","endTime":"2020-01-03T15:19-05:00[America/New_York]","close":"299.1477","open":"299.15"}
{"volume":"65047.0","ticker":"AAPL","high":"299.23","amount":"299.1292","period":"PT1M","low":"299.07","multiplier":"1","beginTime":"1640549862","endTime":"2020-01-03T15:20-05:00[America/New_York]","close":"299.105","open":"299.15"}
{"volume":"69574.0","ticker":"AAPL","high":"299.18","amount":"299.0364","period":"PT1M","low":"298.92","multiplier":"1","beginTime":"1640549862","endTime":"2020-01-03T15:21-05:00[America/New_York]","close":"298.9975","open":"299.1198"}
{"volume":"44214.0","ticker":"AAPL","high":"299.085","amount":"299.0268","period":"PT1M","low":"298.99","multiplier":"1","beginTime":"1640549862","endTime":"2020-01-03T15:22-05:00[America/New_York]","close":"299.01","open":"298.99"}
{"volume":"69922.0","ticker":"AAPL","high":"299.03","amount":"298.9273","period":"PT1M","low":"298.87","multiplier":"1","beginTime":"1640549862","endTime":"2020-01-03T15:23-05:00[America/New_York]","close":"298.88","open":"299.0197"}
{"volume":"90504.0","ticker":"AAPL","high":"298.95","amount":"298.7853","period":"PT1M","low":"298.69","multiplier":"1","beginTime":"1640549862","endTime":"2020-01-03T15:24-05:00[America/New_York]","close":"298.82","open":"298.8996"}
{"volume":"67774.0","ticker":"AAPL","high":"299.021","amount":"298.9077","period":"PT1M","low":"298.76","multiplier":"1","beginTime":"1640549862","endTime":"2020-01-03T15:25-05:00[America/New_York]","close":"298.9733","open":"298.82"}
{"volume":"47415.0","ticker":"AAPL","high":"299.01","amount":"298.9203","period":"PT1M","low":"298.83","multiplier":"1","beginTime":"1640549862","endTime":"2020-01-03T15:26-05:00[America/New_York]","close":"298.83","open":"299.0"}
{"volume":"69805.0","ticker":"AAPL","high":"298.86","amount":"298.7266","period":"PT1M","low":"298.61","multiplier":"1","beginTime":"1640549862","endTime":"2020-01-03T15:27-05:00[America/New_York]","close":"298.67","open":"298.82"}
{"volume":"56027.0","ticker":"AAPL","high":"298.8099","amount":"298.707","period":"PT1M","low":"298.62","multiplier":"1","beginTime":"1640549862","endTime":"2020-01-03T15:28-05:00[America/New_York]","close":"298.66","open":"298.69"}
{"volume":"61656.0","ticker":"AAPL","high":"298.68","amount":"298.6024","period":"PT1M","low":"298.5392","multiplier":"1","beginTime":"1640549862","endTime":"2020-01-03T15:29-05:00[America/New_York]","close":"298.57","open":"298.6401"}
{"volume":"155214.0","ticker":"AAPL","high":"298.6","amount":"298.5008","period":"PT1M","low":"298.42","multiplier":"1","beginTime":"1640549862","endTime":"2020-01-03T15:30-05:00[America/New_York]","close":"298.4847","open":"298.55"}
{"volume":"154586.0","ticker":"AAPL","high":"298.47","amount":"298.3014","period":"PT1M","low":"298.12","multiplier":"1","beginTime":"1640549862","endTime":"2020-01-03T15:31-05:00[America/New_York]","close":"298.14","open":"298.47"}
{"volume":"87187.0","ticker":"AAPL","high":"298.37","amount":"298.3103","period":"PT1M","low":"298.16","multiplier":"1","beginTime":"1640549862","endTime":"2020-01-03T15:32-05:00[America/New_York]","close":"298.33","open":"298.16"}
{"volume":"77109.0","ticker":"AAPL","high":"298.47","amount":"298.3755","period":"PT1M","low":"298.3","multiplier":"1","beginTime":"1640549862","endTime":"2020-01-03T15:33-05:00[America/New_York]","close":"298.3381","open":"298.335"}
{"volume":"55322.0","ticker":"AAPL","high":"298.5076","amount":"298.3954","period":"PT1M","low":"298.29","multiplier":"1","beginTime":"1640549862","endTime":"2020-01-03T15:34-05:00[America/New_York]","close":"298.29","open":"298.35"}
{"volume":"67787.0","ticker":"AAPL","high":"298.4899","amount":"298.3953","period":"PT1M","low":"298.26","multiplier":"1","beginTime":"1640549862","endTime":"2020-01-03T15:35-05:00[America/New_York]","close":"298.45","open":"298.29"}
{"volume":"94005.0","ticker":"AAPL","high":"298.6","amount":"298.5069","period":"PT1M","low":"298.43","multiplier":"1","beginTime":"1640549862","endTime":"2020-01-03T15:36-05:00[America/New_York]","close":"298.53","open":"298.43"}
{"volume":"87510.0","ticker":"AAPL","high":"298.57","amount":"298.5116","period":"PT1M","low":"298.44","multiplier":"1","beginTime":"1640549862","endTime":"2020-01-03T15:37-05:00[America/New_York]","close":"298.5","open":"298.53"}
{"volume":"82480.0","ticker":"AAPL","high":"298.505","amount":"298.3478","period":"PT1M","low":"298.24","multiplier":"1","beginTime":"1640549862","endTime":"2020-01-03T15:38-05:00[America/New_York]","close":"298.3054","open":"298.505"}
{"volume":"63167.0","ticker":"AAPL","high":"298.34","amount":"298.2727","period":"PT1M","low":"298.21","multiplier":"1","beginTime":"1640549862","endTime":"2020-01-03T15:39-05:00[America/New_York]","close":"298.22","open":"298.31"}
{"volume":"50597.0","ticker":"AAPL","high":"298.34","amount":"298.2565","period":"PT1M","low":"298.2","multiplier":"1","beginTime":"1640549862","endTime":"2020-01-03T15:40-05:00[America/New_York]","close":"298.31","open":"298.22"}
{"volume":"54725.0","ticker":"AAPL","high":"298.33","amount":"298.2904","period":"PT1M","low":"298.22","multiplier":"1","beginTime":"1640549862","endTime":"2020-01-03T15:41-05:00[America/New_York]","close":"298.2887","open":"298.32"}
{"volume":"58734.0","ticker":"AAPL","high":"298.34","amount":"298.3173","period":"PT1M","low":"298.27","multiplier":"1","beginTime":"1640549862","endTime":"2020-01-03T15:42-05:00[America/New_York]","close":"298.282","open":"298.31"}
{"volume":"61709.0","ticker":"AAPL","high":"298.45","amount":"298.3716","period":"PT1M","low":"298.2874","multiplier":"1","beginTime":"1640549862","endTime":"2020-01-03T15:43-05:00[America/New_York]","close":"298.3822","open":"298.3"}
{"volume":"36375.0","ticker":"AAPL","high":"298.39","amount":"298.3357","period":"PT1M","low":"298.28","multiplier":"1","beginTime":"1640549862","endTime":"2020-01-03T15:44-05:00[America/New_York]","close":"298.33","open":"298.39"}
{"volume":"87210.0","ticker":"AAPL","high":"298.33","amount":"298.2308","period":"PT1M","low":"298.14","multiplier":"1","beginTime":"1640549862","endTime":"2020-01-03T15:45-05:00[America/New_York]","close":"298.167","open":"298.33"}
{"volume":"65895.0","ticker":"AAPL","high":"298.24","amount":"298.1998","period":"PT1M","low":"298.15","multiplier":"1","beginTime":"1640549862","endTime":"2020-01-03T15:46-05:00[America/New_York]","close":"298.22","open":"298.16"}
{"volume":"83143.0","ticker":"AAPL","high":"298.2232","amount":"298.1016","period":"PT1M","low":"298.02","multiplier":"1","beginTime":"1640549862","endTime":"2020-01-03T15:47-05:00[America/New_York]","close":"298.03","open":"298.22"}
{"volume":"192893.0","ticker":"AAPL","high":"298.04","amount":"297.9281","period":"PT1M","low":"297.75","multiplier":"1","beginTime":"1640549862","endTime":"2020-01-03T15:48-05:00[America/New_York]","close":"297.75","open":"298.0319"}
{"volume":"123286.0","ticker":"AAPL","high":"297.9","amount":"297.8262","period":"PT1M","low":"297.74","multiplier":"1","beginTime":"1640549862","endTime":"2020-01-03T15:49-05:00[America/New_York]","close":"297.86","open":"297.76"}
{"volume":"240196.0","ticker":"AAPL","high":"297.84","amount":"297.6723","period":"PT1M","low":"297.53","multiplier":"1","beginTime":"1640549862","endTime":"2020-01-03T15:50-05:00[America/New_York]","close":"297.74","open":"297.84"}
{"volume":"139478.0","ticker":"AAPL","high":"297.96","amount":"297.7988","period":"PT1M","low":"297.685","multiplier":"1","beginTime":"1640549862","endTime":"2020-01-03T15:51-05:00[America/New_York]","close":"297.96","open":"297.72"}
{"volume":"159411.0","ticker":"AAPL","high":"298.24","amount":"298.0943","period":"PT1M","low":"297.94","multiplier":"1","beginTime":"1640549862","endTime":"2020-01-03T15:52-05:00[America/New_York]","close":"298.0747","open":"297.9454"}
{"volume":"99098.0","ticker":"AAPL","high":"298.27","amount":"298.1969","period":"PT1M","low":"298.07","multiplier":"1","beginTime":"1640549862","endTime":"2020-01-03T15:53-05:00[America/New_York]","close":"298.26","open":"298.11"}
{"volume":"172140.0","ticker":"AAPL","high":"298.27","amount":"298.0957","period":"PT1M","low":"298.0","multiplier":"1","beginTime":"1640549862","endTime":"2020-01-03T15:54-05:00[America/New_York]","close":"298.03","open":"298.25"}
{"volume":"143656.0","ticker":"AAPL","high":"298.17","amount":"298.0331","period":"PT1M","low":"297.92","multiplier":"1","beginTime":"1640549862","endTime":"2020-01-03T15:55-05:00[America/New_York]","close":"298.07","open":"298.06"}
{"volume":"168308.0","ticker":"AAPL","high":"298.17","amount":"297.9975","period":"PT1M","low":"297.88","multiplier":"1","beginTime":"1640549862","endTime":"2020-01-03T15:56-05:00[America/New_York]","close":"297.95","open":"298.08"}
{"volume":"168208.0","ticker":"AAPL","high":"297.96","amount":"297.829","period":"PT1M","low":"297.74","multiplier":"1","beginTime":"1640549862","endTime":"2020-01-03T15:57-05:00[America/New_York]","close":"297.8001","open":"297.92"}
{"volume":"166760.0","ticker":"AAPL","high":"297.84","amount":"297.7608","period":"PT1M","low":"297.67","multiplier":"1","beginTime":"1640549862","endTime":"2020-01-03T15:58-05:00[America/New_York]","close":"297.8128","open":"297.79"}
{"volume":"451442.0","ticker":"AAPL","high":"298.01","amount":"297.7668","period":"PT1M","low":"297.35","multiplier":"1","beginTime":"1640549862","endTime":"2020-01-03T15:59-05:00[America/New_York]","close":"297.38","open":"297.81"}
{"volume":"575679.0","ticker":"AAPL","high":"297.78","amount":"297.4326","period":"PT1M","low":"297.43","multiplier":"1","beginTime":"1640549862","endTime":"2020-01-03T16:00-05:00[America/New_York]","close":"297.5999","open":"297.43"}
{"volume":"9224.0","ticker":"AAPL","high":"297.55","amount":"297.4926","period":"PT1M","low":"297.5","multiplier":"1","beginTime":"1640549862","endTime":"2020-01-03T16:01-05:00[America/New_York]","close":"297.55","open":"297.5"}
{"volume":"5347.0","ticker":"AAPL","high":"297.65","amount":"297.572","period":"PT1M","low":"297.55","multiplier":"1","beginTime":"1640549862","endTime":"2020-01-03T16:02-05:00[America/New_York]","close":"297.64","open":"297.55"}
{"volume":"3529.0","ticker":"AAPL","high":"297.61","amount":"297.5139","period":"PT1M","low":"297.55","multiplier":"1","beginTime":"1640549862","endTime":"2020-01-03T16:03-05:00[America/New_York]","close":"297.55","open":"297.61"}
{"volume":"1699.0","ticker":"AAPL","high":"297.61","amount":"297.5699","period":"PT1M","low":"297.55","multiplier":"1","beginTime":"1640549862","endTime":"2020-01-03T16:04-05:00[America/New_York]","close":"297.6","open":"297.59"}
{"volume":"1743.0","ticker":"AAPL","high":"297.6","amount":"297.5622","period":"PT1M","low":"297.54","multiplier":"1","beginTime":"1640549862","endTime":"2020-01-03T16:05-05:00[America/New_York]","close":"297.57","open":"297.6"}
{"volume":"11350.0","ticker":"AAPL","high":"297.7","amount":"297.6556","period":"PT1M","low":"297.56","multiplier":"1","beginTime":"1640549862","endTime":"2020-01-03T16:06-05:00[America/New_York]","close":"297.6","open":"297.56"}
{"volume":"20282.0","ticker":"AAPL","high":"297.69","amount":"297.4487","period":"PT1M","low":"297.65","multiplier":"1","beginTime":"1640549862","endTime":"2020-01-03T16:07-05:00[America/New_York]","close":"297.69","open":"297.65"}
{"volume":"15395.0","ticker":"AAPL","high":"297.7","amount":"297.4858","period":"PT1M","low":"297.68","multiplier":"1","beginTime":"1640549862","endTime":"2020-01-03T16:08-05:00[America/New_York]","close":"297.7","open":"297.68"}
{"volume":"9317.0","ticker":"AAPL","high":"297.88","amount":"297.7468","period":"PT1M","low":"297.43","multiplier":"1","beginTime":"1640549862","endTime":"2020-01-03T16:09-05:00[America/New_York]","close":"297.7","open":"297.85"}
{"volume":"1487.0","ticker":"AAPL","high":"297.8","amount":"297.7582","period":"PT1M","low":"297.725","multiplier":"1","beginTime":"1640549862","endTime":"2020-01-03T16:10-05:00[America/New_York]","close":"297.75","open":"297.75"}
{"volume":"1315.0","ticker":"AAPL","high":"297.75","amount":"297.7506","period":"PT1M","low":"297.75","multiplier":"1","beginTime":"1640549862","endTime":"2020-01-03T16:11-05:00[America/New_York]","close":"297.75","open":"297.75"}
{"volume":"660.0","ticker":"AAPL","high":"297.75","amount":"297.7331","period":"PT1M","low":"297.72","multiplier":"1","beginTime":"1640549862","endTime":"2020-01-03T16:12-05:00[America/New_York]","close":"297.72","open":"297.72"}
{"volume":"812.0","ticker":"AAPL","high":"297.72","amount":"297.712","period":"PT1M","low":"297.7","multiplier":"1","beginTime":"1640549862","endTime":"2020-01-03T16:13-05:00[America/New_York]","close":"297.7","open":"297.72"}
{"volume":"1154.0","ticker":"AAPL","high":"297.7","amount":"297.6944","period":"PT1M","low":"297.68","multiplier":"1","beginTime":"1640549862","endTime":"2020-01-03T16:14-05:00[America/New_York]","close":"297.68","open":"297.7"}
{"volume":"1193.0","ticker":"AAPL","high":"297.71","amount":"297.6323","period":"PT1M","low":"297.62","multiplier":"1","beginTime":"1640549862","endTime":"2020-01-03T16:15-05:00[America/New_York]","close":"297.62","open":"297.63"}
{"volume":"5437.0","ticker":"AAPL","high":"297.62","amount":"297.601","period":"PT1M","low":"297.6","multiplier":"1","beginTime":"1640549862","endTime":"2020-01-03T16:16-05:00[America/New_York]","close":"297.62","open":"297.61"}
{"volume":"2749.0","ticker":"AAPL","high":"297.71","amount":"297.6828","period":"PT1M","low":"297.65","multiplier":"1","beginTime":"1640549862","endTime":"2020-01-03T16:17-05:00[America/New_York]","close":"297.71","open":"297.65"}
{"volume":"2065.0","ticker":"AAPL","high":"297.8","amount":"297.7965","period":"PT1M","low":"297.79","multiplier":"1","beginTime":"1640549862","endTime":"2020-01-03T16:18-05:00[America/New_York]","close":"297.8","open":"297.79"}
{"volume":"277.0","ticker":"AAPL","high":"297.79","amount":"297.7894","period":"PT1M","low":"297.79","multiplier":"1","beginTime":"1640549862","endTime":"2020-01-03T16:19-05:00[America/New_York]","close":"297.79","open":"297.79"}
{"volume":"1547.0","ticker":"AAPL","high":"297.8","amount":"297.7912","period":"PT1M","low":"297.79","multiplier":"1","beginTime":"1640549862","endTime":"2020-01-03T16:20-05:00[America/New_York]","close":"297.8","open":"297.79"}
{"volume":"1372532.0","ticker":"AAPL","high":"297.75","amount":"297.4303","period":"PT1M","low":"297.43","multiplier":"1","beginTime":"1640549862","endTime":"2020-01-03T16:22-05:00[America/New_York]","close":"297.75","open":"297.43"}
{"volume":"24932.0","ticker":"AAPL","high":"297.75","amount":"297.4355","period":"PT1M","low":"297.75","multiplier":"1","beginTime":"1640549862","endTime":"2020-01-03T16:24-05:00[America/New_York]","close":"297.75","open":"297.75"}
{"volume":"345.0","ticker":"AAPL","high":"297.72","amount":"297.728","period":"PT1M","low":"297.72","multiplier":"1","beginTime":"1640549862","endTime":"2020-01-03T16:25-05:00[America/New_York]","close":"297.72","open":"297.72"}
{"volume":"2234.0","ticker":"AAPL","high":"297.79","amount":"297.7449","period":"PT1M","low":"297.7","multiplier":"1","beginTime":"1640549862","endTime":"2020-01-03T16:26-05:00[America/New_York]","close":"297.755","open":"297.71"}
{"volume":"4836.0","ticker":"AAPL","high":"297.79","amount":"297.6871","period":"PT1M","low":"297.52","multiplier":"1","beginTime":"1640549862","endTime":"2020-01-03T16:27-05:00[America/New_York]","close":"297.52","open":"297.72"}
{"volume":"1801.0","ticker":"AAPL","high":"297.75","amount":"297.6981","period":"PT1M","low":"297.5702","multiplier":"1","beginTime":"1640549862","endTime":"2020-01-03T16:28-05:00[America/New_York]","close":"297.5702","open":"297.74"}
{"volume":"1047.0","ticker":"AAPL","high":"297.53","amount":"297.5323","period":"PT1M","low":"297.53","multiplier":"1","beginTime":"1640549862","endTime":"2020-01-03T16:30-05:00[America/New_York]","close":"297.53","open":"297.53"}
{"volume":"1729.0","ticker":"AAPL","high":"297.58","amount":"297.5397","period":"PT1M","low":"297.5201","multiplier":"1","beginTime":"1640549862","endTime":"2020-01-03T16:31-05:00[America/New_York]","close":"297.58","open":"297.5201"}
{"volume":"2431.0","ticker":"AAPL","high":"297.6","amount":"297.5356","period":"PT1M","low":"297.53","multiplier":"1","beginTime":"1640549862","endTime":"2020-01-03T16:32-05:00[America/New_York]","close":"297.53","open":"297.6"}
{"volume":"667.0","ticker":"AAPL","high":"297.55","amount":"297.5487","period":"PT1M","low":"297.53","multiplier":"1","beginTime":"1640549862","endTime":"2020-01-03T16:33-05:00[America/New_York]","close":"297.53","open":"297.55"}
{"volume":"1554.0","ticker":"AAPL","high":"297.6","amount":"297.5521","period":"PT1M","low":"297.54","multiplier":"1","beginTime":"1640549862","endTime":"2020-01-03T16:34-05:00[America/New_York]","close":"297.54","open":"297.55"}
{"volume":"610.0","ticker":"AAPL","high":"297.5999","amount":"297.5807","period":"PT1M","low":"297.57","multiplier":"1","beginTime":"1640549862","endTime":"2020-01-03T16:36-05:00[America/New_York]","close":"297.5999","open":"297.57"}
{"volume":"4829.0","ticker":"AAPL","high":"297.6","amount":"297.4394","period":"PT1M","low":"297.43","multiplier":"1","beginTime":"1640549862","endTime":"2020-01-03T16:37-05:00[America/New_York]","close":"297.6","open":"297.43"}
{"volume":"2087.0","ticker":"AAPL","high":"297.6","amount":"297.5787","period":"PT1M","low":"297.54","multiplier":"1","beginTime":"1640549862","endTime":"2020-01-03T16:39-05:00[America/New_York]","close":"297.6","open":"297.55"}
{"volume":"3164.0","ticker":"AAPL","high":"297.65","amount":"297.5194","period":"PT1M","low":"297.53","multiplier":"1","beginTime":"1640549862","endTime":"2020-01-03T16:41-05:00[America/New_York]","close":"297.53","open":"297.65"}
{"volume":"100828.0","ticker":"AAPL","high":"297.68","amount":"297.4305","period":"PT1M","low":"297.68","multiplier":"1","beginTime":"1640549862","endTime":"2020-01-03T16:42-05:00[America/New_York]","close":"297.68","open":"297.68"}
{"volume":"1441.0","ticker":"AAPL","high":"297.57","amount":"297.5519","period":"PT1M","low":"297.54","multiplier":"1","beginTime":"1640549862","endTime":"2020-01-03T16:43-05:00[America/New_York]","close":"297.54","open":"297.57"}
{"volume":"4334.0","ticker":"AAPL","high":"297.61","amount":"297.5916","period":"PT1M","low":"297.55","multiplier":"1","beginTime":"1640549862","endTime":"2020-01-03T16:45-05:00[America/New_York]","close":"297.55","open":"297.61"}
{"volume":"1279.0","ticker":"AAPL","high":"297.55","amount":"297.55","period":"PT1M","low":"297.55","multiplier":"1","beginTime":"1640549862","endTime":"2020-01-03T16:47-05:00[America/New_York]","close":"297.55","open":"297.55"}
{"volume":"938.0","ticker":"AAPL","high":"297.55","amount":"297.5427","period":"PT1M","low":"297.51","multiplier":"1","beginTime":"1640549862","endTime":"2020-01-03T16:48-05:00[America/New_York]","close":"297.51","open":"297.55"}
{"volume":"527.0","ticker":"AAPL","high":"297.61","amount":"297.6017","period":"PT1M","low":"297.6","multiplier":"1","beginTime":"1640549862","endTime":"2020-01-03T16:50-05:00[America/New_York]","close":"297.61","open":"297.6"}
{"volume":"198909.0","ticker":"AAPL","high":"297.65","amount":"297.4322","period":"PT1M","low":"297.51","multiplier":"1","beginTime":"1640549862","endTime":"2020-01-03T16:51-05:00[America/New_York]","close":"297.54","open":"297.65"}
{"volume":"526.0","ticker":"AAPL","high":"297.65","amount":"297.6424","period":"PT1M","low":"297.65","multiplier":"1","beginTime":"1640549862","endTime":"2020-01-03T16:52-05:00[America/New_York]","close":"297.65","open":"297.65"}
{"volume":"1023.0","ticker":"AAPL","high":"297.57","amount":"297.5338","period":"PT1M","low":"297.51","multiplier":"1","beginTime":"1640549862","endTime":"2020-01-03T16:53-05:00[America/New_York]","close":"297.57","open":"297.51"}
{"volume":"634.0","ticker":"AAPL","high":"297.57","amount":"297.5659","period":"PT1M","low":"297.55","multiplier":"1","beginTime":"1640549862","endTime":"2020-01-03T16:54-05:00[America/New_York]","close":"297.55","open":"297.57"}
{"volume":"8913.0","ticker":"AAPL","high":"297.56","amount":"297.5586","period":"PT1M","low":"297.55","multiplier":"1","beginTime":"1640549862","endTime":"2020-01-03T16:55-05:00[America/New_York]","close":"297.56","open":"297.56"}
{"volume":"682.0","ticker":"AAPL","high":"297.53","amount":"297.5223","period":"PT1M","low":"297.52","multiplier":"1","beginTime":"1640549862","endTime":"2020-01-03T16:57-05:00[America/New_York]","close":"297.52","open":"297.53"}
{"volume":"459.0","ticker":"AAPL","high":"297.65","amount":"297.6469","period":"PT1M","low":"297.65","multiplier":"1","beginTime":"1640549862","endTime":"2020-01-03T17:03-05:00[America/New_York]","close":"297.65","open":"297.65"}
{"volume":"393.0","ticker":"AAPL","high":"297.6","amount":"297.6005","period":"PT1M","low":"297.6","multiplier":"1","beginTime":"1640549862","endTime":"2020-01-03T17:04-05:00[America/New_York]","close":"297.6","open":"297.6"}
{"volume":"4720.0","ticker":"AAPL","high":"297.55","amount":"297.5323","period":"PT1M","low":"297.52","multiplier":"1","beginTime":"1640549862","endTime":"2020-01-03T17:05-05:00[America/New_York]","close":"297.52","open":"297.55"}
{"volume":"1130.0","ticker":"AAPL","high":"297.55","amount":"297.5511","period":"PT1M","low":"297.55","multiplier":"1","beginTime":"1640549862","endTime":"2020-01-03T17:07-05:00[America/New_York]","close":"297.55","open":"297.55"}
{"volume":"508.0","ticker":"AAPL","high":"297.55","amount":"297.552","period":"PT1M","low":"297.55","multiplier":"1","beginTime":"1640549862","endTime":"2020-01-03T17:08-05:00[America/New_York]","close":"297.55","open":"297.55"}
{"volume":"230.0","ticker":"AAPL","high":"297.56","amount":"297.5602","period":"PT1M","low":"297.56","multiplier":"1","beginTime":"1640549862","endTime":"2020-01-03T17:09-05:00[America/New_York]","close":"297.56","open":"297.56"}
{"volume":"407.0","ticker":"AAPL","high":"297.5502","amount":"297.5555","period":"PT1M","low":"297.55","multiplier":"1","beginTime":"1640549862","endTime":"2020-01-03T17:12-05:00[America/New_York]","close":"297.5502","open":"297.55"}
{"volume":"1074.0","ticker":"AAPL","high":"297.56","amount":"297.5624","period":"PT1M","low":"297.56","multiplier":"1","beginTime":"1640549862","endTime":"2020-01-03T17:13-05:00[America/New_York]","close":"297.56","open":"297.56"}
{"volume":"552.0","ticker":"AAPL","high":"297.65","amount":"297.6292","period":"PT1M","low":"297.6","multiplier":"1","beginTime":"1640549862","endTime":"2020-01-03T17:14-05:00[America/New_York]","close":"297.65","open":"297.6"}
{"volume":"703.0","ticker":"AAPL","high":"297.6002","amount":"297.5873","period":"PT1M","low":"297.56","multiplier":"1","beginTime":"1640549862","endTime":"2020-01-03T17:16-05:00[America/New_York]","close":"297.56","open":"297.6"}
{"volume":"300.0","ticker":"AAPL","high":"297.56","amount":"297.562","period":"PT1M","low":"297.56","multiplier":"1","beginTime":"1640549862","endTime":"2020-01-03T17:17-05:00[America/New_York]","close":"297.56","open":"297.56"}
{"volume":"701.0","ticker":"AAPL","high":"297.6","amount":"297.6001","period":"PT1M","low":"297.6","multiplier":"1","beginTime":"1640549862","endTime":"2020-01-03T17:19-05:00[America/New_York]","close":"297.6","open":"297.6"}
{"volume":"992.0","ticker":"AAPL","high":"297.6","amount":"297.6013","period":"PT1M","low":"297.6","multiplier":"1","beginTime":"1640549862","endTime":"2020-01-03T17:21-05:00[America/New_York]","close":"297.6","open":"297.6"}
{"volume":"748.0","ticker":"AAPL","high":"297.6","amount":"297.5995","period":"PT1M","low":"297.6","multiplier":"1","beginTime":"1640549862","endTime":"2020-01-03T17:22-05:00[America/New_York]","close":"297.6","open":"297.6"}
{"volume":"379.0","ticker":"AAPL","high":"297.6","amount":"297.6001","period":"PT1M","low":"297.6","multiplier":"1","beginTime":"1640549862","endTime":"2020-01-03T17:24-05:00[America/New_York]","close":"297.6","open":"297.6"}
{"volume":"503.0","ticker":"AAPL","high":"297.65","amount":"297.6421","period":"PT1M","low":"297.64","multiplier":"1","beginTime":"1640549862","endTime":"2020-01-03T17:25-05:00[America/New_York]","close":"297.65","open":"297.64"}
{"volume":"4995.0","ticker":"AAPL","high":"297.57","amount":"297.5277","period":"PT1M","low":"297.5","multiplier":"1","beginTime":"1640549862","endTime":"2020-01-03T17:28-05:00[America/New_York]","close":"297.5","open":"297.57"}
{"volume":"348.0","ticker":"AAPL","high":"297.51","amount":"297.511","period":"PT1M","low":"297.51","multiplier":"1","beginTime":"1640549862","endTime":"2020-01-03T17:29-05:00[America/New_York]","close":"297.51","open":"297.51"}
{"volume":"1409.0","ticker":"AAPL","high":"297.55","amount":"297.501","period":"PT1M","low":"297.47","multiplier":"1","beginTime":"1640549862","endTime":"2020-01-03T17:30-05:00[America/New_York]","close":"297.55","open":"297.5"}
{"volume":"508.0","ticker":"AAPL","high":"297.55","amount":"297.5451","period":"PT1M","low":"297.54","multiplier":"1","beginTime":"1640549862","endTime":"2020-01-03T17:31-05:00[America/New_York]","close":"297.54","open":"297.55"}
{"volume":"385.0","ticker":"AAPL","high":"297.59","amount":"297.5884","period":"PT1M","low":"297.59","multiplier":"1","beginTime":"1640549862","endTime":"2020-01-03T17:33-05:00[America/New_York]","close":"297.59","open":"297.59"}
{"volume":"378.0","ticker":"AAPL","high":"297.58","amount":"297.5771","period":"PT1M","low":"297.58","multiplier":"1","beginTime":"1640549862","endTime":"2020-01-03T17:35-05:00[America/New_York]","close":"297.58","open":"297.58"}
{"volume":"265.0","ticker":"AAPL","high":"297.55","amount":"297.569","period":"PT1M","low":"297.55","multiplier":"1","beginTime":"1640549862","endTime":"2020-01-03T17:36-05:00[America/New_York]","close":"297.55","open":"297.55"}
{"volume":"1092.0","ticker":"AAPL","high":"297.55","amount":"297.5491","period":"PT1M","low":"297.55","multiplier":"1","beginTime":"1640549862","endTime":"2020-01-03T17:37-05:00[America/New_York]","close":"297.55","open":"297.55"}
{"volume":"878.0","ticker":"AAPL","high":"297.58","amount":"297.566","period":"PT1M","low":"297.55","multiplier":"1","beginTime":"1640549862","endTime":"2020-01-03T17:41-05:00[America/New_York]","close":"297.55","open":"297.58"}
{"volume":"212.0","ticker":"AAPL","high":"297.66","amount":"297.653","period":"PT1M","low":"297.66","multiplier":"1","beginTime":"1640549862","endTime":"2020-01-03T17:45-05:00[America/New_York]","close":"297.66","open":"297.66"}
{"volume":"346.0","ticker":"AAPL","high":"297.66","amount":"297.635","period":"PT1M","low":"297.66","multiplier":"1","beginTime":"1640549862","endTime":"2020-01-03T17:48-05:00[America/New_York]","close":"297.66","open":"297.66"}
{"volume":"2772.0","ticker":"AAPL","high":"297.65","amount":"297.5492","period":"PT1M","low":"297.54","multiplier":"1","beginTime":"1640549862","endTime":"2020-01-03T17:51-05:00[America/New_York]","close":"297.54","open":"297.65"}
{"volume":"209.0","ticker":"AAPL","high":"297.56","amount":"297.5622","period":"PT1M","low":"297.56","multiplier":"1","beginTime":"1640549862","endTime":"2020-01-03T17:52-05:00[America/New_York]","close":"297.56","open":"297.56"}
{"volume":"507.0","ticker":"AAPL","high":"297.66","amount":"297.6588","period":"PT1M","low":"297.66","multiplier":"1","beginTime":"1640549862","endTime":"2020-01-03T17:54-05:00[America/New_York]","close":"297.66","open":"297.66"}
{"volume":"3050.0","ticker":"AAPL","high":"297.54","amount":"297.5419","period":"PT1M","low":"297.54","multiplier":"1","beginTime":"1640549862","endTime":"2020-01-03T17:55-05:00[America/New_York]","close":"297.54","open":"297.54"}
{"volume":"499.0","ticker":"AAPL","high":"297.65","amount":"297.6331","period":"PT1M","low":"297.6","multiplier":"1","beginTime":"1640549862","endTime":"2020-01-03T17:57-05:00[America/New_York]","close":"297.65","open":"297.6"}
{"volume":"303.0","ticker":"AAPL","high":"297.6","amount":"297.5949","period":"PT1M","low":"297.6","multiplier":"1","beginTime":"1640549862","endTime":"2020-01-03T17:59-05:00[America/New_York]","close":"297.6","open":"297.6"}
{"volume":"229.0","ticker":"AAPL","high":"297.63","amount":"297.6121","period":"PT1M","low":"297.63","multiplier":"1","beginTime":"1640549862","endTime":"2020-01-03T18:01-05:00[America/New_York]","close":"297.63","open":"297.63"}
{"volume":"1133.0","ticker":"AAPL","high":"297.65","amount":"297.6456","period":"PT1M","low":"297.65","multiplier":"1","beginTime":"1640549862","endTime":"2020-01-03T18:04-05:00[America/New_York]","close":"297.65","open":"297.65"}
{"volume":"115.0","ticker":"AAPL","high":"297.63","amount":"297.6309","period":"PT1M","low":"297.63","multiplier":"1","beginTime":"1640549862","endTime":"2020-01-03T18:17-05:00[America/New_York]","close":"297.63","open":"297.63"}
{"volume":"1507.0","ticker":"AAPL","high":"297.66","amount":"297.6457","period":"PT1M","low":"297.63","multiplier":"1","beginTime":"1640549862","endTime":"2020-01-03T18:19-05:00[America/New_York]","close":"297.66","open":"297.63"}
{"volume":"326.0","ticker":"AAPL","high":"297.66","amount":"297.66","period":"PT1M","low":"297.66","multiplier":"1","beginTime":"1640549862","endTime":"2020-01-03T18:20-05:00[America/New_York]","close":"297.66","open":"297.66"}
{"volume":"918.0","ticker":"AAPL","high":"297.69","amount":"297.6814","period":"PT1M","low":"297.66","multiplier":"1","beginTime":"1640549862","endTime":"2020-01-03T18:21-05:00[America/New_York]","close":"297.66","open":"297.68"}
{"volume":"310.0","ticker":"AAPL","high":"297.6601","amount":"297.6604","period":"PT1M","low":"297.6601","multiplier":"1","beginTime":"1640549862","endTime":"2020-01-03T18:22-05:00[America/New_York]","close":"297.6601","open":"297.6601"}
{"volume":"850.0","ticker":"AAPL","high":"297.66","amount":"297.6612","period":"PT1M","low":"297.66","multiplier":"1","beginTime":"1640549862","endTime":"2020-01-03T18:23-05:00[America/New_York]","close":"297.66","open":"297.66"}
{"volume":"361.0","ticker":"AAPL","high":"297.68","amount":"297.6828","period":"PT1M","low":"297.68","multiplier":"1","beginTime":"1640549862","endTime":"2020-01-03T18:24-05:00[America/New_York]","close":"297.68","open":"297.68"}
{"volume":"822.0","ticker":"AAPL","high":"297.67","amount":"297.6704","period":"PT1M","low":"297.67","multiplier":"1","beginTime":"1640549862","endTime":"2020-01-03T18:27-05:00[America/New_York]","close":"297.67","open":"297.67"}
{"volume":"283.0","ticker":"AAPL","high":"297.66","amount":"297.66","period":"PT1M","low":"297.66","multiplier":"1","beginTime":"1640549862","endTime":"2020-01-03T18:28-05:00[America/New_York]","close":"297.66","open":"297.66"}
{"volume":"1095.0","ticker":"AAPL","high":"297.66","amount":"297.66","period":"PT1M","low":"297.66","multiplier":"1","beginTime":"1640549862","endTime":"2020-01-03T18:31-05:00[America/New_York]","close":"297.66","open":"297.66"}
{"volume":"261.0","ticker":"AAPL","high":"297.66","amount":"297.6604","period":"PT1M","low":"297.66","multiplier":"1","beginTime":"1640549862","endTime":"2020-01-03T18:34-05:00[America/New_York]","close":"297.66","open":"297.66"}
{"volume":"4060.0","ticker":"AAPL","high":"297.8","amount":"297.7115","period":"PT1M","low":"297.66","multiplier":"1","beginTime":"1640549862","endTime":"2020-01-03T18:36-05:00[America/New_York]","close":"297.79","open":"297.66"}
{"volume":"262.0","ticker":"AAPL","high":"297.78","amount":"297.7762","period":"PT1M","low":"297.77","multiplier":"1","beginTime":"1640549862","endTime":"2020-01-03T18:38-05:00[America/New_York]","close":"297.77","open":"297.78"}
{"volume":"177.0","ticker":"AAPL","high":"297.7899","amount":"297.7874","period":"PT1M","low":"297.7899","multiplier":"1","beginTime":"1640549862","endTime":"2020-01-03T18:39-05:00[America/New_York]","close":"297.7899","open":"297.7899"}
{"volume":"320.0","ticker":"AAPL","high":"297.76","amount":"297.7413","period":"PT1M","low":"297.71","multiplier":"1","beginTime":"1640549862","endTime":"2020-01-03T18:40-05:00[America/New_York]","close":"297.76","open":"297.71"}
{"volume":"200.0","ticker":"AAPL","high":"297.7","amount":"297.704","period":"PT1M","low":"297.7","multiplier":"1","beginTime":"1640549862","endTime":"2020-01-03T18:41-05:00[America/New_York]","close":"297.7","open":"297.7"}
{"volume":"1020.0","ticker":"AAPL","high":"297.76","amount":"297.7306","period":"PT1M","low":"297.7","multiplier":"1","beginTime":"1640549862","endTime":"2020-01-03T18:44-05:00[America/New_York]","close":"297.7","open":"297.76"}
{"volume":"110.0","ticker":"AAPL","high":"297.75","amount":"297.75","period":"PT1M","low":"297.75","multiplier":"1","beginTime":"1640549862","endTime":"2020-01-03T18:46-05:00[America/New_York]","close":"297.75","open":"297.75"}
{"volume":"500.0","ticker":"AAPL","high":"297.75","amount":"297.75","period":"PT1M","low":"297.75","multiplier":"1","beginTime":"1640549862","endTime":"2020-01-03T18:47-05:00[America/New_York]","close":"297.75","open":"297.75"}
{"volume":"160.0","ticker":"AAPL","high":"297.7","amount":"297.7149","period":"PT1M","low":"297.7","multiplier":"1","beginTime":"1640549862","endTime":"2020-01-03T18:49-05:00[America/New_York]","close":"297.7","open":"297.7"}
{"volume":"718.0","ticker":"AAPL","high":"297.7","amount":"297.7","period":"PT1M","low":"297.7","multiplier":"1","beginTime":"1640549862","endTime":"2020-01-03T18:53-05:00[America/New_York]","close":"297.7","open":"297.7"}
{"volume":"449.0","ticker":"AAPL","high":"297.74","amount":"297.7223","period":"PT1M","low":"297.7","multiplier":"1","beginTime":"1640549862","endTime":"2020-01-03T18:58-05:00[America/New_York]","close":"297.74","open":"297.7"}
{"volume":"152.0","ticker":"AAPL","high":"297.7","amount":"297.6993","period":"PT1M","low":"297.7","multiplier":"1","beginTime":"1640549862","endTime":"2020-01-03T18:59-05:00[America/New_York]","close":"297.7","open":"297.7"}
{"volume":"870.0","ticker":"AAPL","high":"297.65","amount":"297.6488","period":"PT1M","low":"297.65","multiplier":"1","beginTime":"1640549862","endTime":"2020-01-03T19:03-05:00[America/New_York]","close":"297.65","open":"297.65"}
{"volume":"1509.0","ticker":"AAPL","high":"297.6","amount":"297.5985","period":"PT1M","low":"297.6","multiplier":"1","beginTime":"1640549862","endTime":"2020-01-03T19:05-05:00[America/New_York]","close":"297.6","open":"297.6"}
{"volume":"523.0","ticker":"AAPL","high":"297.57","amount":"297.5794","period":"PT1M","low":"297.57","multiplier":"1","beginTime":"1640549862","endTime":"2020-01-03T19:08-05:00[America/New_York]","close":"297.57","open":"297.57"}
{"volume":"217.0","ticker":"AAPL","high":"297.58","amount":"297.5873","period":"PT1M","low":"297.58","multiplier":"1","beginTime":"1640549862","endTime":"2020-01-03T19:11-05:00[America/New_York]","close":"297.58","open":"297.58"}
{"volume":"1008.0","ticker":"AAPL","high":"297.6","amount":"297.5999","period":"PT1M","low":"297.6","multiplier":"1","beginTime":"1640549862","endTime":"2020-01-03T19:12-05:00[America/New_York]","close":"297.6","open":"297.6"}
{"volume":"3430.0","ticker":"AAPL","high":"297.6","amount":"297.5599","period":"PT1M","low":"297.55","multiplier":"1","beginTime":"1640549862","endTime":"2020-01-03T19:16-05:00[America/New_York]","close":"297.55","open":"297.6"}
{"volume":"200.0","ticker":"AAPL","high":"297.54","amount":"297.54","period":"PT1M","low":"297.54","multiplier":"1","beginTime":"1640549862","endTime":"2020-01-03T19:17-05:00[America/New_York]","close":"297.54","open":"297.54"}
{"volume":"2500.0","ticker":"AAPL","high":"297.55","amount":"297.5314","period":"PT1M","low":"297.53","multiplier":"1","beginTime":"1640549862","endTime":"2020-01-03T19:19-05:00[America/New_York]","close":"297.53","open":"297.55"}
{"volume":"2200.0","ticker":"AAPL","high":"297.53","amount":"297.5144","period":"PT1M","low":"297.5","multiplier":"1","beginTime":"1640549862","endTime":"2020-01-03T19:21-05:00[America/New_York]","close":"297.5","open":"297.53"}
{"volume":"1270.0","ticker":"AAPL","high":"297.5","amount":"297.4965","period":"PT1M","low":"297.49","multiplier":"1","beginTime":"1640549862","endTime":"2020-01-03T19:25-05:00[America/New_York]","close":"297.49","open":"297.5"}
{"volume":"1025.0","ticker":"AAPL","high":"297.48","amount":"297.4781","period":"PT1M","low":"297.48","multiplier":"1","beginTime":"1640549862","endTime":"2020-01-03T19:27-05:00[America/New_York]","close":"297.48","open":"297.48"}
{"volume":"166.0","ticker":"AAPL","high":"297.48","amount":"297.48","period":"PT1M","low":"297.48","multiplier":"1","beginTime":"1640549862","endTime":"2020-01-03T19:28-05:00[America/New_York]","close":"297.48","open":"297.48"}
{"volume":"100.0","ticker":"AAPL","high":"297.48","amount":"297.48","period":"PT1M","low":"297.48","multiplier":"1","beginTime":"1640549862","endTime":"2020-01-03T19:29-05:00[America/New_York]","close":"297.48","open":"297.48"}
{"volume":"1132.0","ticker":"AAPL","high":"297.45","amount":"297.4506","period":"PT1M","low":"297.45","multiplier":"1","beginTime":"1640549862","endTime":"2020-01-03T19:32-05:00[America/New_York]","close":"297.45","open":"297.45"}
{"volume":"251.0","ticker":"AAPL","high":"297.49","amount":"297.474","period":"PT1M","low":"297.45","multiplier":"1","beginTime":"1640549862","endTime":"2020-01-03T19:33-05:00[America/New_York]","close":"297.49","open":"297.45"}
{"volume":"290.0","ticker":"AAPL","high":"297.46","amount":"297.4615","period":"PT1M","low":"297.46","multiplier":"1","beginTime":"1640549862","endTime":"2020-01-03T19:34-05:00[America/New_York]","close":"297.46","open":"297.46"}
{"volume":"684.0","ticker":"AAPL","high":"297.48","amount":"297.4558","period":"PT1M","low":"297.46","multiplier":"1","beginTime":"1640549862","endTime":"2020-01-03T19:37-05:00[America/New_York]","close":"297.46","open":"297.48"}
{"volume":"305.0","ticker":"AAPL","high":"297.43","amount":"297.4307","period":"PT1M","low":"297.43","multiplier":"1","beginTime":"1640549862","endTime":"2020-01-03T19:40-05:00[America/New_York]","close":"297.43","open":"297.43"}
{"volume":"1199.0","ticker":"AAPL","high":"297.47","amount":"297.4588","period":"PT1M","low":"297.45","multiplier":"1","beginTime":"1640549862","endTime":"2020-01-03T19:41-05:00[America/New_York]","close":"297.45","open":"297.47"}
{"volume":"905.0","ticker":"AAPL","high":"297.47","amount":"297.4709","period":"PT1M","low":"297.47","multiplier":"1","beginTime":"1640549862","endTime":"2020-01-03T19:42-05:00[America/New_York]","close":"297.47","open":"297.47"}
{"volume":"225.0","ticker":"AAPL","high":"297.48","amount":"297.4782","period":"PT1M","low":"297.48","multiplier":"1","beginTime":"1640549862","endTime":"2020-01-03T19:43-05:00[America/New_York]","close":"297.48","open":"297.48"}
{"volume":"475.0","ticker":"AAPL","high":"297.45","amount":"297.4516","period":"PT1M","low":"297.45","multiplier":"1","beginTime":"1640549862","endTime":"2020-01-03T19:44-05:00[America/New_York]","close":"297.45","open":"297.45"}
{"volume":"176.0","ticker":"AAPL","high":"297.43","amount":"297.43","period":"PT1M","low":"297.43","multiplier":"1","beginTime":"1640549862","endTime":"2020-01-03T19:45-05:00[America/New_York]","close":"297.43","open":"297.43"}
{"volume":"334.0","ticker":"AAPL","high":"297.44","amount":"297.4388","period":"PT1M","low":"297.44","multiplier":"1","beginTime":"1640549862","endTime":"2020-01-03T19:47-05:00[America/New_York]","close":"297.44","open":"297.44"}
{"volume":"362.0","ticker":"AAPL","high":"297.44","amount":"297.4441","period":"PT1M","low":"297.44","multiplier":"1","beginTime":"1640549862","endTime":"2020-01-03T19:48-05:00[America/New_York]","close":"297.44","open":"297.44"}
{"volume":"1032.0","ticker":"AAPL","high":"297.45","amount":"297.4458","period":"PT1M","low":"297.44","multiplier":"1","beginTime":"1640549862","endTime":"2020-01-03T19:50-05:00[America/New_York]","close":"297.44","open":"297.45"}
{"volume":"321.0","ticker":"AAPL","high":"297.44","amount":"297.4403","period":"PT1M","low":"297.44","multiplier":"1","beginTime":"1640549862","endTime":"2020-01-03T19:51-05:00[America/New_York]","close":"297.44","open":"297.44"}
{"volume":"4721.0","ticker":"AAPL","high":"297.45","amount":"297.4159","period":"PT1M","low":"297.4","multiplier":"1","beginTime":"1640549862","endTime":"2020-01-03T19:52-05:00[America/New_York]","close":"297.4","open":"297.45"}
{"volume":"1150.0","ticker":"AAPL","high":"297.4","amount":"297.4","period":"PT1M","low":"297.4","multiplier":"1","beginTime":"1640549862","endTime":"2020-01-03T19:53-05:00[America/New_York]","close":"297.4","open":"297.4"}
{"volume":"1700.0","ticker":"AAPL","high":"297.4","amount":"297.3339","period":"PT1M","low":"297.31","multiplier":"1","beginTime":"1640549862","endTime":"2020-01-03T19:54-05:00[America/New_York]","close":"297.31","open":"297.4"}
{"volume":"2932.0","ticker":"AAPL","high":"297.39","amount":"297.3461","period":"PT1M","low":"297.32","multiplier":"1","beginTime":"1640549862","endTime":"2020-01-03T19:57-05:00[America/New_York]","close":"297.39","open":"297.32"}
{"volume":"300.0","ticker":"AAPL","high":"297.38","amount":"297.3803","period":"PT1M","low":"297.38","multiplier":"1","beginTime":"1640549862","endTime":"2020-01-03T19:58-05:00[America/New_York]","close":"297.38","open":"297.38"}
{"volume":"988.0","ticker":"AAPL","high":"297.35","amount":"297.3289","period":"PT1M","low":"297.32","multiplier":"1","beginTime":"1640549862","endTime":"2020-01-03T19:59-05:00[America/New_York]","close":"297.32","open":"297.35"}
{"volume":"1938.0","ticker":"AAPL","high":"295.51","amount":"295.0406","period":"PT1M","low":"294.2","multiplier":"1","beginTime":"1640549862","endTime":"2020-01-06T04:00-05:00[America/New_York]","close":"294.2","open":"295.43"}
{"volume":"347.0","ticker":"AAPL","high":"294.2","amount":"294.2731","period":"PT1M","low":"294.2","multiplier":"1","beginTime":"1640549862","endTime":"2020-01-06T04:01-05:00[America/New_York]","close":"294.2","open":"294.2"}
{"volume":"373.0","ticker":"AAPL","high":"294.78","amount":"294.7827","period":"PT1M","low":"294.77","multiplier":"1","beginTime":"1640549862","endTime":"2020-01-06T04:02-05:00[America/New_York]","close":"294.77","open":"294.78"}
{"volume":"600.0","ticker":"AAPL","high":"294.95","amount":"294.8658","period":"PT1M","low":"294.77","multiplier":"1","beginTime":"1640549862","endTime":"2020-01-06T04:05-05:00[America/New_York]","close":"294.95","open":"294.77"}
{"volume":"684.0","ticker":"AAPL","high":"295.0","amount":"294.932","period":"PT1M","low":"294.72","multiplier":"1","beginTime":"1640549862","endTime":"2020-01-06T04:06-05:00[America/New_York]","close":"295.0","open":"294.72"}
{"volume":"594.0","ticker":"AAPL","high":"294.97","amount":"294.8968","period":"PT1M","low":"294.86","multiplier":"1","beginTime":"1640549862","endTime":"2020-01-06T04:08-05:00[America/New_York]","close":"294.97","open":"294.86"}
{"volume":"1648.0","ticker":"AAPL","high":"294.65","amount":"294.5934","period":"PT1M","low":"294.5","multiplier":"1","beginTime":"1640549862","endTime":"2020-01-06T04:11-05:00[America/New_York]","close":"294.5","open":"294.65"}
{"volume":"1511.0","ticker":"AAPL","high":"294.6","amount":"294.599","period":"PT1M","low":"294.6","multiplier":"1","beginTime":"1640549862","endTime":"2020-01-06T04:12-05:00[America/New_York]","close":"294.6","open":"294.6"}
{"volume":"705.0","ticker":"AAPL","high":"294.6","amount":"294.5579","period":"PT1M","low":"294.6","multiplier":"1","beginTime":"1640549862","endTime":"2020-01-06T04:13-05:00[America/New_York]","close":"294.6","open":"294.6"}
{"volume":"532.0","ticker":"AAPL","high":"294.65","amount":"294.6175","period":"PT1M","low":"294.6","multiplier":"1","beginTime":"1640549862","endTime":"2020-01-06T04:16-05:00[America/New_York]","close":"294.6","open":"294.65"}
{"volume":"415.0","ticker":"AAPL","high":"294.55","amount":"294.4865","period":"PT1M","low":"294.55","multiplier":"1","beginTime":"1640549862","endTime":"2020-01-06T04:19-05:00[America/New_York]","close":"294.55","open":"294.55"}
{"volume":"1116.0","ticker":"AAPL","high":"294.06","amount":"294.0173","period":"PT1M","low":"294.0","multiplier":"1","beginTime":"1640549862","endTime":"2020-01-06T04:20-05:00[America/New_York]","close":"294.0","open":"294.06"}
{"volume":"217.0","ticker":"AAPL","high":"294.2","amount":"294.1797","period":"PT1M","low":"294.2","multiplier":"1","beginTime":"1640549862","endTime":"2020-01-06T04:21-05:00[America/New_York]","close":"294.2","open":"294.2"}
{"volume":"200.0","ticker":"AAPL","high":"294.2","amount":"294.2","period":"PT1M","low":"294.2","multiplier":"1","beginTime":"1640549862","endTime":"2020-01-06T04:22-05:00[America/New_York]","close":"294.2","open":"294.2"}
{"volume":"516.0","ticker":"AAPL","high":"294.0","amount":"293.9795","period":"PT1M","low":"293.96","multiplier":"1","beginTime":"1640549862","endTime":"2020-01-06T04:23-05:00[America/New_York]","close":"293.96","open":"294.0"}
{"volume":"2202.0","ticker":"AAPL","high":"294.3","amount":"294.2092","period":"PT1M","low":"294.2","multiplier":"1","beginTime":"1640549862","endTime":"2020-01-06T04:24-05:00[America/New_York]","close":"294.2","open":"294.3"}
{"volume":"529.0","ticker":"AAPL","high":"294.3","amount":"294.2972","period":"PT1M","low":"294.3","multiplier":"1","beginTime":"1640549862","endTime":"2020-01-06T04:25-05:00[America/New_York]","close":"294.3","open":"294.3"}
{"volume":"3071.0","ticker":"AAPL","high":"294.38","amount":"294.2699","period":"PT1M","low":"294.25","multiplier":"1","beginTime":"1640549862","endTime":"2020-01-06T04:28-05:00[America/New_York]","close":"294.25","open":"294.38"}
{"volume":"300.0","ticker":"AAPL","high":"294.3","amount":"294.25","period":"PT1M","low":"294.2","multiplier":"1","beginTime":"1640549862","endTime":"2020-01-06T04:29-05:00[America/New_York]","close":"294.3","open":"294.2"}
{"volume":"200.0","ticker":"AAPL","high":"294.25","amount":"294.225","period":"PT1M","low":"294.2","multiplier":"1","beginTime":"1640549862","endTime":"2020-01-06T04:30-05:00[America/New_York]","close":"294.2","open":"294.25"}
{"volume":"1622.0","ticker":"AAPL","high":"294.3","amount":"294.2798","period":"PT1M","low":"294.15","multiplier":"1","beginTime":"1640549862","endTime":"2020-01-06T04:34-05:00[America/New_York]","close":"294.3","open":"294.3"}
{"volume":"505.0","ticker":"AAPL","high":"294.3","amount":"294.3","period":"PT1M","low":"294.3","multiplier":"1","beginTime":"1640549862","endTime":"2020-01-06T04:35-05:00[America/New_York]","close":"294.3","open":"294.3"}
{"volume":"200.0","ticker":"AAPL","high":"294.3","amount":"294.3985","period":"PT1M","low":"294.3","multiplier":"1","beginTime":"1640549862","endTime":"2020-01-06T04:36-05:00[America/New_York]","close":"294.3","open":"294.3"}
{"volume":"274.0","ticker":"AAPL","high":"294.22","amount":"294.2145","period":"PT1M","low":"294.22","multiplier":"1","beginTime":"1640549862","endTime":"2020-01-06T04:37-05:00[America/New_York]","close":"294.22","open":"294.22"}
{"volume":"789.0","ticker":"AAPL","high":"294.16","amount":"294.1991","period":"PT1M","low":"294.15","multiplier":"1","beginTime":"1640549862","endTime":"2020-01-06T04:40-05:00[America/New_York]","close":"294.15","open":"294.16"}
{"volume":"4738.0","ticker":"AAPL","high":"294.15","amount":"294.0319","period":"PT1M","low":"294.0","multiplier":"1","beginTime":"1640549862","endTime":"2020-01-06T04:41-05:00[America/New_York]","close":"294.0","open":"294.15"}
{"volume":"1310.0","ticker":"AAPL","high":"294.0","amount":"294.1188","period":"PT1M","low":"294.0","multiplier":"1","beginTime":"1640549862","endTime":"2020-01-06T04:42-05:00[America/New_York]","close":"294.0","open":"294.0"}
{"volume":"822.0","ticker":"AAPL","high":"294.5","amount":"294.4673","period":"PT1M","low":"294.44","multiplier":"1","beginTime":"1640549862","endTime":"2020-01-06T04:43-05:00[America/New_York]","close":"294.5","open":"294.44"}
{"volume":"803.0","ticker":"AAPL","high":"294.17","amount":"294.1537","period":"PT1M","low":"294.15","multiplier":"1","beginTime":"1640549862","endTime":"2020-01-06T04:44-05:00[America/New_York]","close":"294.15","open":"294.17"}
{"volume":"588.0","ticker":"AAPL","high":"294.6","amount":"294.5958","period":"PT1M","low":"294.6","multiplier":"1","beginTime":"1640549862","endTime":"2020-01-06T04:46-05:00[America/New_York]","close":"294.6","open":"294.6"}
{"volume":"506.0","ticker":"AAPL","high":"294.65","amount":"294.6486","period":"PT1M","low":"294.65","multiplier":"1","beginTime":"1640549862","endTime":"2020-01-06T04:48-05:00[America/New_York]","close":"294.65","open":"294.65"}
{"volume":"154.0","ticker":"AAPL","high":"294.6","amount":"294.6175","period":"PT1M","low":"294.6","multiplier":"1","beginTime":"1640549862","endTime":"2020-01-06T04:49-05:00[America/New_York]","close":"294.6","open":"294.6"}
{"volume":"1085.0","ticker":"AAPL","high":"294.9","amount":"294.8888","period":"PT1M","low":"294.9","multiplier":"1","beginTime":"1640549862","endTime":"2020-01-06T04:51-05:00[America/New_York]","close":"294.9","open":"294.9"}
{"volume":"1305.0","ticker":"AAPL","high":"294.75","amount":"294.75","period":"PT1M","low":"294.75","multiplier":"1","beginTime":"1640549862","endTime":"2020-01-06T04:53-05:00[America/New_York]","close":"294.75","open":"294.75"}
{"volume":"765.0","ticker":"AAPL","high":"294.8","amount":"294.8004","period":"PT1M","low":"294.8","multiplier":"1","beginTime":"1640549862","endTime":"2020-01-06T04:54-05:00[America/New_York]","close":"294.8","open":"294.8"}
{"volume":"950.0","ticker":"AAPL","high":"294.9","amount":"294.9","period":"PT1M","low":"294.9","multiplier":"1","beginTime":"1640549862","endTime":"2020-01-06T04:56-05:00[America/New_York]","close":"294.9","open":"294.9"}
{"volume":"2000.0","ticker":"AAPL","high":"294.9","amount":"294.8995","period":"PT1M","low":"294.9","multiplier":"1","beginTime":"1640549862","endTime":"2020-01-06T05:00-05:00[America/New_York]","close":"294.9","open":"294.9"}
{"volume":"1414.0","ticker":"AAPL","high":"294.85","amount":"294.816","period":"PT1M","low":"294.8","multiplier":"1","beginTime":"1640549862","endTime":"2020-01-06T05:01-05:00[America/New_York]","close":"294.85","open":"294.8"}
{"volume":"2071.0","ticker":"AAPL","high":"294.92","amount":"294.8932","period":"PT1M","low":"294.86","multiplier":"1","beginTime":"1640549862","endTime":"2020-01-06T05:04-05:00[America/New_York]","close":"294.92","open":"294.86"}
{"volume":"1022.0","ticker":"AAPL","high":"295.0","amount":"294.9969","period":"PT1M","low":"294.97","multiplier":"1","beginTime":"1640549862","endTime":"2020-01-06T05:07-05:00[America/New_York]","close":"295.0","open":"294.97"}
{"volume":"1283.0","ticker":"AAPL","high":"295.3","amount":"295.1394","period":"PT1M","low":"295.09","multiplier":"1","beginTime":"1640549862","endTime":"2020-01-06T05:08-05:00[America/New_York]","close":"295.2","open":"295.09"}
{"volume":"600.0","ticker":"AAPL","high":"295.2","amount":"295.2","period":"PT1M","low":"295.2","multiplier":"1","beginTime":"1640549862","endTime":"2020-01-06T05:10-05:00[America/New_York]","close":"295.2","open":"295.2"}
{"volume":"403.0","ticker":"AAPL","high":"295.19","amount":"295.1702","period":"PT1M","low":"295.11","multiplier":"1","beginTime":"1640549862","endTime":"2020-01-06T05:11-05:00[America/New_York]","close":"295.11","open":"295.19"}
{"volume":"301.0","ticker":"AAPL","high":"295.19","amount":"295.1901","period":"PT1M","low":"295.19","multiplier":"1","beginTime":"1640549862","endTime":"2020-01-06T05:14-05:00[America/New_York]","close":"295.19","open":"295.19"}
{"volume":"498.0","ticker":"AAPL","high":"295.11","amount":"295.11","period":"PT1M","low":"295.11","multiplier":"1","beginTime":"1640549862","endTime":"2020-01-06T05:16-05:00[America/New_York]","close":"295.11","open":"295.11"}
{"volume":"225.0","ticker":"AAPL","high":"294.73","amount":"294.7608","period":"PT1M","low":"294.73","multiplier":"1","beginTime":"1640549862","endTime":"2020-01-06T05:30-05:00[America/New_York]","close":"294.73","open":"294.73"}
{"volume":"381.0","ticker":"AAPL","high":"294.75","amount":"294.75","period":"PT1M","low":"294.75","multiplier":"1","beginTime":"1640549862","endTime":"2020-01-06T05:32-05:00[America/New_York]","close":"294.75","open":"294.75"}
{"volume":"518.0","ticker":"AAPL","high":"294.89","amount":"294.8903","period":"PT1M","low":"294.89","multiplier":"1","beginTime":"1640549862","endTime":"2020-01-06T05:35-05:00[America/New_York]","close":"294.89","open":"294.89"}
{"volume":"436.0","ticker":"AAPL","high":"294.72","amount":"294.7249","period":"PT1M","low":"294.72","multiplier":"1","beginTime":"1640549862","endTime":"2020-01-06T05:37-05:00[America/New_York]","close":"294.72","open":"294.72"}
{"volume":"354.0","ticker":"AAPL","high":"294.69","amount":"294.69","period":"PT1M","low":"294.69","multiplier":"1","beginTime":"1640549862","endTime":"2020-01-06T05:40-05:00[America/New_York]","close":"294.69","open":"294.69"}
{"volume":"131.0","ticker":"AAPL","high":"294.69","amount":"294.69","period":"PT1M","low":"294.69","multiplier":"1","beginTime":"1640549862","endTime":"2020-01-06T05:43-05:00[America/New_York]","close":"294.69","open":"294.69"}
{"volume":"317.0","ticker":"AAPL","high":"294.75","amount":"294.7595","period":"PT1M","low":"294.75","multiplier":"1","beginTime":"1640549862","endTime":"2020-01-06T05:44-05:00[America/New_York]","close":"294.75","open":"294.75"}
{"volume":"2001.0","ticker":"AAPL","high":"294.91","amount":"294.8052","period":"PT1M","low":"294.79","multiplier":"1","beginTime":"1640549862","endTime":"2020-01-06T05:53-05:00[America/New_York]","close":"294.91","open":"294.79"}
{"volume":"2547.0","ticker":"AAPL","high":"294.95","amount":"294.9198","period":"PT1M","low":"294.91","multiplier":"1","beginTime":"1640549862","endTime":"2020-01-06T05:54-05:00[America/New_York]","close":"294.95","open":"294.91"}
{"volume":"750.0","ticker":"AAPL","high":"294.93","amount":"294.8473","period":"PT1M","low":"294.71","multiplier":"1","beginTime":"1640549862","endTime":"2020-01-06T06:01-05:00[America/New_York]","close":"294.93","open":"294.71"}
{"volume":"717.0","ticker":"AAPL","high":"294.95","amount":"294.8741","period":"PT1M","low":"294.72","multiplier":"1","beginTime":"1640549862","endTime":"2020-01-06T06:03-05:00[America/New_York]","close":"294.72","open":"294.93"}
{"volume":"650.0","ticker":"AAPL","high":"294.71","amount":"294.7578","period":"PT1M","low":"294.7","multiplier":"1","beginTime":"1640549862","endTime":"2020-01-06T06:04-05:00[America/New_York]","close":"294.7","open":"294.71"}
{"volume":"1513.0","ticker":"AAPL","high":"294.7","amount":"294.5066","period":"PT1M","low":"294.45","multiplier":"1","beginTime":"1640549862","endTime":"2020-01-06T06:05-05:00[America/New_York]","close":"294.45","open":"294.7"}
{"volume":"1083.0","ticker":"AAPL","high":"294.31","amount":"294.2757","period":"PT1M","low":"294.15","multiplier":"1","beginTime":"1640549862","endTime":"2020-01-06T06:06-05:00[America/New_York]","close":"294.15","open":"294.31"}
{"volume":"4190.0","ticker":"AAPL","high":"294.15","amount":"294.0128","period":"PT1M","low":"293.9","multiplier":"1","beginTime":"1640549862","endTime":"2020-01-06T06:07-05:00[America/New_York]","close":"294.1","open":"294.15"}
{"volume":"1223.0","ticker":"AAPL","high":"294.4","amount":"294.337","period":"PT1M","low":"294.3","multiplier":"1","beginTime":"1640549862","endTime":"2020-01-06T06:08-05:00[America/New_York]","close":"294.4","open":"294.3"}
{"volume":"527.0","ticker":"AAPL","high":"294.4","amount":"294.3628","period":"PT1M","low":"294.3","multiplier":"1","beginTime":"1640549862","endTime":"2020-01-06T06:09-05:00[America/New_York]","close":"294.4","open":"294.4"}
{"volume":"904.0","ticker":"AAPL","high":"294.37","amount":"294.3082","period":"PT1M","low":"294.3","multiplier":"1","beginTime":"1640549862","endTime":"2020-01-06T06:10-05:00[America/New_York]","close":"294.3","open":"294.37"}
{"volume":"213.0","ticker":"AAPL","high":"294.3","amount":"294.3043","period":"PT1M","low":"294.3","multiplier":"1","beginTime":"1640549862","endTime":"2020-01-06T06:11-05:00[America/New_York]","close":"294.3","open":"294.3"}
{"volume":"397.0","ticker":"AAPL","high":"294.3","amount":"294.3027","period":"PT1M","low":"294.3","multiplier":"1","beginTime":"1640549862","endTime":"2020-01-06T06:12-05:00[America/New_York]","close":"294.3","open":"294.3"}
{"volume":"1500.0","ticker":"AAPL","high":"294.46","amount":"294.4246","period":"PT1M","low":"294.34","multiplier":"1","beginTime":"1640549862","endTime":"2020-01-06T06:13-05:00[America/New_York]","close":"294.46","open":"294.34"}
{"volume":"245.0","ticker":"AAPL","high":"294.5","amount":"294.4633","period":"PT1M","low":"294.41","multiplier":"1","beginTime":"1640549862","endTime":"2020-01-06T06:16-05:00[America/New_York]","close":"294.5","open":"294.41"}
{"volume":"355.0","ticker":"AAPL","high":"294.5","amount":"294.5","period":"PT1M","low":"294.5","multiplier":"1","beginTime":"1640549862","endTime":"2020-01-06T06:17-05:00[America/New_York]","close":"294.5","open":"294.5"}
{"volume":"200.0","ticker":"AAPL","high":"294.41","amount":"294.41","period":"PT1M","low":"294.41","multiplier":"1","beginTime":"1640549862","endTime":"2020-01-06T06:19-05:00[America/New_York]","close":"294.41","open":"294.41"}
{"volume":"100.0","ticker":"AAPL","high":"294.68","amount":"294.68","period":"PT1M","low":"294.68","multiplier":"1","beginTime":"1640549862","endTime":"2020-01-06T06:20-05:00[America/New_York]","close":"294.68","open":"294.68"}
{"volume":"875.0","ticker":"AAPL","high":"294.94","amount":"294.8348","period":"PT1M","low":"294.73","multiplier":"1","beginTime":"1640549862","endTime":"2020-01-06T06:23-05:00[America/New_York]","close":"294.94","open":"294.73"}
{"volume":"1500.0","ticker":"AAPL","high":"295.05","amount":"295.0464","period":"PT1M","low":"295.04","multiplier":"1","beginTime":"1640549862","endTime":"2020-01-06T06:24-05:00[America/New_York]","close":"295.05","open":"295.04"}
{"volume":"2425.0","ticker":"AAPL","high":"295.12","amount":"295.0894","period":"PT1M","low":"295.0","multiplier":"1","beginTime":"1640549862","endTime":"2020-01-06T06:26-05:00[America/New_York]","close":"295.12","open":"295.05"}
{"volume":"180.0","ticker":"AAPL","high":"295.09","amount":"295.09","period":"PT1M","low":"295.09","multiplier":"1","beginTime":"1640549862","endTime":"2020-01-06T06:31-05:00[America/New_York]","close":"295.09","open":"295.09"}
{"volume":"300.0","ticker":"AAPL","high":"295.05","amount":"295.05","period":"PT1M","low":"295.05","multiplier":"1","beginTime":"1640549862","endTime":"2020-01-06T06:32-05:00[America/New_York]","close":"295.05","open":"295.05"}
{"volume":"342.0","ticker":"AAPL","high":"295.0","amount":"294.9921","period":"PT1M","low":"295.0","multiplier":"1","beginTime":"1640549862","endTime":"2020-01-06T06:34-05:00[America/New_York]","close":"295.0","open":"295.0"}
{"volume":"419.0","ticker":"AAPL","high":"294.82","amount":"294.8274","period":"PT1M","low":"294.82","multiplier":"1","beginTime":"1640549862","endTime":"2020-01-06T06:36-05:00[America/New_York]","close":"294.82","open":"294.82"}
{"volume":"200.0","ticker":"AAPL","high":"294.9","amount":"294.9","period":"PT1M","low":"294.9","multiplier":"1","beginTime":"1640549862","endTime":"2020-01-06T06:37-05:00[America/New_York]","close":"294.9","open":"294.9"}
{"volume":"3692.0","ticker":"AAPL","high":"294.9","amount":"294.8114","period":"PT1M","low":"294.75","multiplier":"1","beginTime":"1640549862","endTime":"2020-01-06T06:38-05:00[America/New_York]","close":"294.83","open":"294.9"}
{"volume":"808.0","ticker":"AAPL","high":"294.63","amount":"294.597","period":"PT1M","low":"294.55","multiplier":"1","beginTime":"1640549862","endTime":"2020-01-06T06:39-05:00[America/New_York]","close":"294.55","open":"294.63"}
{"volume":"1700.0","ticker":"AAPL","high":"294.75","amount":"294.7509","period":"PT1M","low":"294.75","multiplier":"1","beginTime":"1640549862","endTime":"2020-01-06T06:40-05:00[America/New_York]","close":"294.75","open":"294.75"}
{"volume":"303.0","ticker":"AAPL","high":"294.76","amount":"294.7533","period":"PT1M","low":"294.75","multiplier":"1","beginTime":"1640549862","endTime":"2020-01-06T06:41-05:00[America/New_York]","close":"294.75","open":"294.76"}
{"volume":"1433.0","ticker":"AAPL","high":"294.88","amount":"294.7616","period":"PT1M","low":"294.74","multiplier":"1","beginTime":"1640549862","endTime":"2020-01-06T06:43-05:00[America/New_York]","close":"294.74","open":"294.75"}
{"volume":"1603.0","ticker":"AAPL","high":"294.74","amount":"294.6006","period":"PT1M","low":"294.52","multiplier":"1","beginTime":"1640549862","endTime":"2020-01-06T06:44-05:00[America/New_York]","close":"294.72","open":"294.57"}
{"volume":"1998.0","ticker":"AAPL","high":"294.6","amount":"294.5059","period":"PT1M","low":"294.41","multiplier":"1","beginTime":"1640549862","endTime":"2020-01-06T06:45-05:00[America/New_York]","close":"294.41","open":"294.6"}
{"volume":"1025.0","ticker":"AAPL","high":"294.43","amount":"294.3477","period":"PT1M","low":"294.25","multiplier":"1","beginTime":"1640549862","endTime":"2020-01-06T06:47-05:00[America/New_York]","close":"294.43","open":"294.31"}
{"volume":"501.0","ticker":"AAPL","high":"294.52","amount":"294.5104","period":"PT1M","low":"294.5","multiplier":"1","beginTime":"1640549862","endTime":"2020-01-06T06:57-05:00[America/New_York]","close":"294.5","open":"294.52"}
{"volume":"500.0","ticker":"AAPL","high":"294.45","amount":"294.453","period":"PT1M","low":"294.45","multiplier":"1","beginTime":"1640549862","endTime":"2020-01-06T06:58-05:00[America/New_York]","close":"294.45","open":"294.45"}
{"volume":"233.0","ticker":"AAPL","high":"294.7","amount":"294.713","period":"PT1M","low":"294.7","multiplier":"1","beginTime":"1640549862","endTime":"2020-01-06T06:59-05:00[America/New_York]","close":"294.7","open":"294.7"}
{"volume":"19296.0","ticker":"AAPL","high":"295.0","amount":"294.7227","period":"PT1M","low":"294.48","multiplier":"1","beginTime":"1640549862","endTime":"2020-01-06T07:00-05:00[America/New_York]","close":"294.84","open":"294.74"}
{"volume":"2755.0","ticker":"AAPL","high":"295.0","amount":"294.927","period":"PT1M","low":"294.75","multiplier":"1","beginTime":"1640549862","endTime":"2020-01-06T07:01-05:00[America/New_York]","close":"294.9","open":"295.0"}
{"volume":"3293.0","ticker":"AAPL","high":"295.12","amount":"295.0043","period":"PT1M","low":"294.9","multiplier":"1","beginTime":"1640549862","endTime":"2020-01-06T07:02-05:00[America/New_York]","close":"295.1","open":"294.9"}
{"volume":"3228.0","ticker":"AAPL","high":"295.12","amount":"295.067","period":"PT1M","low":"295.0","multiplier":"1","beginTime":"1640549862","endTime":"2020-01-06T07:03-05:00[America/New_York]","close":"295.12","open":"295.1"}
{"volume":"5620.0","ticker":"AAPL","high":"295.13","amount":"295.0366","period":"PT1M","low":"294.95","multiplier":"1","beginTime":"1640549862","endTime":"2020-01-06T07:04-05:00[America/New_York]","close":"294.95","open":"295.12"}
{"volume":"1180.0","ticker":"AAPL","high":"295.06","amount":"295.0047","period":"PT1M","low":"294.98","multiplier":"1","beginTime":"1640549862","endTime":"2020-01-06T07:05-05:00[America/New_York]","close":"294.99","open":"295.06"}
{"volume":"4962.0","ticker":"AAPL","high":"295.22","amount":"295.0906","period":"PT1M","low":"294.99","multiplier":"1","beginTime":"1640549862","endTime":"2020-01-06T07:06-05:00[America/New_York]","close":"295.22","open":"294.99"}
{"volume":"2065.0","ticker":"AAPL","high":"295.25","amount":"295.1971","period":"PT1M","low":"295.15","multiplier":"1","beginTime":"1640549862","endTime":"2020-01-06T07:07-05:00[America/New_York]","close":"295.21","open":"295.25"}
{"volume":"3555.0","ticker":"AAPL","high":"295.25","amount":"295.2195","period":"PT1M","low":"295.12","multiplier":"1","beginTime":"1640549862","endTime":"2020-01-06T07:08-05:00[America/New_York]","close":"295.12","open":"295.25"}
{"volume":"3083.0","ticker":"AAPL","high":"295.19","amount":"295.1044","period":"PT1M","low":"295.04","multiplier":"1","beginTime":"1640549862","endTime":"2020-01-06T07:09-05:00[America/New_York]","close":"295.04","open":"295.12"}
{"volume":"8231.0","ticker":"AAPL","high":"295.05","amount":"294.9998","period":"PT1M","low":"294.95","multiplier":"1","beginTime":"1640549862","endTime":"2020-01-06T07:10-05:00[America/New_York]","close":"295.05","open":"295.04"}
{"volume":"1077.0","ticker":"AAPL","high":"295.0","amount":"294.9402","period":"PT1M","low":"294.9","multiplier":"1","beginTime":"1640549862","endTime":"2020-01-06T07:11-05:00[America/New_York]","close":"294.9","open":"295.0"}
{"volume":"803.0","ticker":"AAPL","high":"295.0","amount":"294.9689","period":"PT1M","low":"294.99","multiplier":"1","beginTime":"1640549862","endTime":"2020-01-06T07:12-05:00[America/New_York]","close":"294.99","open":"295.0"}
{"volume":"1610.0","ticker":"AAPL","high":"295.09","amount":"294.996","period":"PT1M","low":"294.99","multiplier":"1","beginTime":"1640549862","endTime":"2020-01-06T07:13-05:00[America/New_York]","close":"295.09","open":"294.99"}
{"volume":"956.0","ticker":"AAPL","high":"295.09","amount":"295.0772","period":"PT1M","low":"295.06","multiplier":"1","beginTime":"1640549862","endTime":"2020-01-06T07:14-05:00[America/New_York]","close":"295.08","open":"295.06"}
{"volume":"130.0","ticker":"AAPL","high":"295.2","amount":"295.2","period":"PT1M","low":"295.2","multiplier":"1","beginTime":"1640549862","endTime":"2020-01-06T07:15-05:00[America/New_York]","close":"295.2","open":"295.2"}
{"volume":"1284.0","ticker":"AAPL","high":"295.1","amount":"295.0781","period":"PT1M","low":"295.05","multiplier":"1","beginTime":"1640549862","endTime":"2020-01-06T07:16-05:00[America/New_York]","close":"295.05","open":"295.1"}
{"volume":"725.0","ticker":"AAPL","high":"295.2","amount":"295.1805","period":"PT1M","low":"295.17","multiplier":"1","beginTime":"1640549862","endTime":"2020-01-06T07:17-05:00[America/New_York]","close":"295.2","open":"295.17"}
{"volume":"2734.0","ticker":"AAPL","high":"295.15","amount":"295.1205","period":"PT1M","low":"295.1","multiplier":"1","beginTime":"1640549862","endTime":"2020-01-06T07:18-05:00[America/New_York]","close":"295.1","open":"295.15"}
{"volume":"1922.0","ticker":"AAPL","high":"295.2","amount":"295.1345","period":"PT1M","low":"295.1","multiplier":"1","beginTime":"1640549862","endTime":"2020-01-06T07:20-05:00[America/New_York]","close":"295.2","open":"295.12"}
{"volume":"474.0","ticker":"AAPL","high":"295.15","amount":"295.1521","period":"PT1M","low":"295.15","multiplier":"1","beginTime":"1640549862","endTime":"2020-01-06T07:23-05:00[America/New_York]","close":"295.15","open":"295.15"}
{"volume":"950.0","ticker":"AAPL","high":"295.28","amount":"295.2616","period":"PT1M","low":"295.22","multiplier":"1","beginTime":"1640549862","endTime":"2020-01-06T07:24-05:00[America/New_York]","close":"295.28","open":"295.22"}
{"volume":"2862.0","ticker":"AAPL","high":"295.5","amount":"295.4258","period":"PT1M","low":"295.3","multiplier":"1","beginTime":"1640549862","endTime":"2020-01-06T07:25-05:00[America/New_York]","close":"295.45","open":"295.3"}
{"volume":"380.0","ticker":"AAPL","high":"295.41","amount":"295.3888","period":"PT1M","low":"295.4","multiplier":"1","beginTime":"1640549862","endTime":"2020-01-06T07:26-05:00[America/New_York]","close":"295.4","open":"295.41"}
{"volume":"632.0","ticker":"AAPL","high":"295.45","amount":"295.4496","period":"PT1M","low":"295.45","multiplier":"1","beginTime":"1640549862","endTime":"2020-01-06T07:27-05:00[America/New_York]","close":"295.45","open":"295.45"}
{"volume":"918.0","ticker":"AAPL","high":"295.44","amount":"295.335","period":"PT1M","low":"295.3","multiplier":"1","beginTime":"1640549862","endTime":"2020-01-06T07:28-05:00[America/New_York]","close":"295.3","open":"295.4"}
{"volume":"1950.0","ticker":"AAPL","high":"295.5","amount":"295.4218","period":"PT1M","low":"295.31","multiplier":"1","beginTime":"1640549862","endTime":"2020-01-06T07:29-05:00[America/New_York]","close":"295.5","open":"295.31"}
{"volume":"3722.0","ticker":"AAPL","high":"295.39","amount":"295.3084","period":"PT1M","low":"295.2","multiplier":"1","beginTime":"1640549862","endTime":"2020-01-06T07:30-05:00[America/New_York]","close":"295.2","open":"295.39"}
{"volume":"5205.0","ticker":"AAPL","high":"295.2","amount":"295.0671","period":"PT1M","low":"295.0","multiplier":"1","beginTime":"1640549862","endTime":"2020-01-06T07:31-05:00[America/New_York]","close":"295.05","open":"295.2"}
{"volume":"6868.0","ticker":"AAPL","high":"295.05","amount":"294.9457","period":"PT1M","low":"294.82","multiplier":"1","beginTime":"1640549862","endTime":"2020-01-06T07:32-05:00[America/New_York]","close":"294.82","open":"295.05"}
{"volume":"9591.0","ticker":"AAPL","high":"294.85","amount":"294.7012","period":"PT1M","low":"294.6","multiplier":"1","beginTime":"1640549862","endTime":"2020-01-06T07:33-05:00[America/New_York]","close":"294.6","open":"294.85"}
{"volume":"9446.0","ticker":"AAPL","high":"294.73","amount":"294.5604","period":"PT1M","low":"294.41","multiplier":"1","beginTime":"1640549862","endTime":"2020-01-06T07:34-05:00[America/New_York]","close":"294.41","open":"294.54"}
{"volume":"1804.0","ticker":"AAPL","high":"294.75","amount":"294.5851","period":"PT1M","low":"294.49","multiplier":"1","beginTime":"1640549862","endTime":"2020-01-06T07:35-05:00[America/New_York]","close":"294.74","open":"294.49"}
{"volume":"4198.0","ticker":"AAPL","high":"295.05","amount":"294.9456","period":"PT1M","low":"294.72","multiplier":"1","beginTime":"1640549862","endTime":"2020-01-06T07:36-05:00[America/New_York]","close":"295.05","open":"294.72"}
{"volume":"1538.0","ticker":"AAPL","high":"295.19","amount":"295.1517","period":"PT1M","low":"295.1","multiplier":"1","beginTime":"1640549862","endTime":"2020-01-06T07:37-05:00[America/New_York]","close":"295.19","open":"295.1"}
{"volume":"3249.0","ticker":"AAPL","high":"295.1","amount":"295.0137","period":"PT1M","low":"294.81","multiplier":"1","beginTime":"1640549862","endTime":"2020-01-06T07:38-05:00[America/New_York]","close":"294.81","open":"295.1"}
{"volume":"1892.0","ticker":"AAPL","high":"294.98","amount":"294.792","period":"PT1M","low":"294.63","multiplier":"1","beginTime":"1640549862","endTime":"2020-01-06T07:39-05:00[America/New_York]","close":"294.98","open":"294.9"}
{"volume":"1411.0","ticker":"AAPL","high":"294.98","amount":"294.8638","period":"PT1M","low":"294.7","multiplier":"1","beginTime":"1640549862","endTime":"2020-01-06T07:40-05:00[America/New_York]","close":"294.7","open":"294.92"}
{"volume":"7483.0","ticker":"AAPL","high":"294.75","amount":"294.595","period":"PT1M","low":"294.51","multiplier":"1","beginTime":"1640549862","endTime":"2020-01-06T07:41-05:00[America/New_York]","close":"294.53","open":"294.7"}
{"volume":"4739.0","ticker":"AAPL","high":"294.7","amount":"294.6312","period":"PT1M","low":"294.52","multiplier":"1","beginTime":"1640549862","endTime":"2020-01-06T07:42-05:00[America/New_York]","close":"294.54","open":"294.53"}
{"volume":"11302.0","ticker":"AAPL","high":"294.62","amount":"294.503","period":"PT1M","low":"294.42","multiplier":"1","beginTime":"1640549862","endTime":"2020-01-06T07:43-05:00[America/New_York]","close":"294.6","open":"294.56"}
{"volume":"2911.0","ticker":"AAPL","high":"294.7","amount":"294.5628","period":"PT1M","low":"294.51","multiplier":"1","beginTime":"1640549862","endTime":"2020-01-06T07:44-05:00[America/New_York]","close":"294.7","open":"294.52"}
{"volume":"528.0","ticker":"AAPL","high":"294.77","amount":"294.7043","period":"PT1M","low":"294.55","multiplier":"1","beginTime":"1640549862","endTime":"2020-01-06T07:45-05:00[America/New_York]","close":"294.76","open":"294.74"}
{"volume":"1232.0","ticker":"AAPL","high":"294.8","amount":"294.7954","period":"PT1M","low":"294.76","multiplier":"1","beginTime":"1640549862","endTime":"2020-01-06T07:46-05:00[America/New_York]","close":"294.79","open":"294.76"}
{"volume":"1178.0","ticker":"AAPL","high":"294.8","amount":"294.7562","period":"PT1M","low":"294.7","multiplier":"1","beginTime":"1640549862","endTime":"2020-01-06T07:47-05:00[America/New_York]","close":"294.7","open":"294.75"}
{"volume":"5378.0","ticker":"AAPL","high":"295.14","amount":"294.9089","period":"PT1M","low":"294.7","multiplier":"1","beginTime":"1640549862","endTime":"2020-01-06T07:48-05:00[America/New_York]","close":"295.14","open":"294.8"}
{"volume":"1274.0","ticker":"AAPL","high":"294.99","amount":"294.9317","period":"PT1M","low":"294.75","multiplier":"1","beginTime":"1640549862","endTime":"2020-01-06T07:49-05:00[America/New_York]","close":"294.98","open":"294.75"}
{"volume":"1175.0","ticker":"AAPL","high":"294.98","amount":"294.9273","period":"PT1M","low":"294.9","multiplier":"1","beginTime":"1640549862","endTime":"2020-01-06T07:50-05:00[America/New_York]","close":"294.93","open":"294.98"}
{"volume":"705.0","ticker":"AAPL","high":"294.83","amount":"294.8239","period":"PT1M","low":"294.82","multiplier":"1","beginTime":"1640549862","endTime":"2020-01-06T07:51-05:00[America/New_York]","close":"294.83","open":"294.82"}
{"volume":"547.0","ticker":"AAPL","high":"294.85","amount":"294.8473","period":"PT1M","low":"294.85","multiplier":"1","beginTime":"1640549862","endTime":"2020-01-06T07:52-05:00[America/New_York]","close":"294.85","open":"294.85"}
{"volume":"1747.0","ticker":"AAPL","high":"294.82","amount":"294.7741","period":"PT1M","low":"294.75","multiplier":"1","beginTime":"1640549862","endTime":"2020-01-06T07:54-05:00[America/New_York]","close":"294.75","open":"294.82"}
{"volume":"2353.0","ticker":"AAPL","high":"294.87","amount":"294.7408","period":"PT1M","low":"294.71","multiplier":"1","beginTime":"1640549862","endTime":"2020-01-06T07:55-05:00[America/New_York]","close":"294.72","open":"294.76"}
{"volume":"1720.0","ticker":"AAPL","high":"294.9","amount":"294.8112","period":"PT1M","low":"294.75","multiplier":"1","beginTime":"1640549862","endTime":"2020-01-06T07:56-05:00[America/New_York]","close":"294.9","open":"294.75"}
{"volume":"906.0","ticker":"AAPL","high":"294.8","amount":"294.809","period":"PT1M","low":"294.8","multiplier":"1","beginTime":"1640549862","endTime":"2020-01-06T07:57-05:00[America/New_York]","close":"294.8","open":"294.8"}
{"volume":"3749.0","ticker":"AAPL","high":"294.8","amount":"294.7488","period":"PT1M","low":"294.66","multiplier":"1","beginTime":"1640549862","endTime":"2020-01-06T07:58-05:00[America/New_York]","close":"294.66","open":"294.8"}
{"volume":"823.0","ticker":"AAPL","high":"294.75","amount":"294.7312","period":"PT1M","low":"294.66","multiplier":"1","beginTime":"1640549862","endTime":"2020-01-06T07:59-05:00[America/New_York]","close":"294.75","open":"294.66"}
{"volume":"87696.0","ticker":"AAPL","high":"295.4998","amount":"295.0466","period":"PT1M","low":"294.4","multiplier":"1","beginTime":"1640549862","endTime":"2020-01-06T08:00-05:00[America/New_York]","close":"294.55","open":"295.05"}
{"volume":"6560.0","ticker":"AAPL","high":"294.6","amount":"294.4798","period":"PT1M","low":"294.4","multiplier":"1","beginTime":"1640549862","endTime":"2020-01-06T08:01-05:00[America/New_York]","close":"294.5","open":"294.6"}
{"volume":"1236.0","ticker":"AAPL","high":"294.64","amount":"294.5237","period":"PT1M","low":"294.5","multiplier":"1","beginTime":"1640549862","endTime":"2020-01-06T08:02-05:00[America/New_York]","close":"294.5001","open":"294.64"}
{"volume":"4172.0","ticker":"AAPL","high":"294.5","amount":"294.422","period":"PT1M","low":"294.37","multiplier":"1","beginTime":"1640549862","endTime":"2020-01-06T08:03-05:00[America/New_York]","close":"294.4","open":"294.5"}
{"volume":"6971.0","ticker":"AAPL","high":"294.39","amount":"294.3171","period":"PT1M","low":"294.3","multiplier":"1","beginTime":"1640549862","endTime":"2020-01-06T08:04-05:00[America/New_York]","close":"294.37","open":"294.3"}
{"volume":"10213.0","ticker":"AAPL","high":"294.44","amount":"294.3555","period":"PT1M","low":"294.29","multiplier":"1","beginTime":"1640549862","endTime":"2020-01-06T08:05-05:00[America/New_York]","close":"294.29","open":"294.44"}
{"volume":"3113.0","ticker":"AAPL","high":"294.35","amount":"294.3282","period":"PT1M","low":"294.28","multiplier":"1","beginTime":"1640549862","endTime":"2020-01-06T08:06-05:00[America/New_York]","close":"294.28","open":"294.32"}
{"volume":"3650.0","ticker":"AAPL","high":"294.41","amount":"294.3889","period":"PT1M","low":"294.28","multiplier":"1","beginTime":"1640549862","endTime":"2020-01-06T08:07-05:00[America/New_York]","close":"294.41","open":"294.28"}
{"volume":"3335.0","ticker":"AAPL","high":"294.51","amount":"294.4425","period":"PT1M","low":"294.4","multiplier":"1","beginTime":"1640549862","endTime":"2020-01-06T08:08-05:00[America/New_York]","close":"294.44","open":"294.41"}
{"volume":"1221.0","ticker":"AAPL","high":"294.51","amount":"294.4879","period":"PT1M","low":"294.45","multiplier":"1","beginTime":"1640549862","endTime":"2020-01-06T08:09-05:00[America/New_York]","close":"294.45","open":"294.51"}
{"volume":"3919.0","ticker":"AAPL","high":"294.85","amount":"294.6602","period":"PT1M","low":"294.56","multiplier":"1","beginTime":"1640549862","endTime":"2020-01-06T08:10-05:00[America/New_York]","close":"294.8399","open":"294.6"}
{"volume":"1482.0","ticker":"AAPL","high":"294.65","amount":"294.6197","period":"PT1M","low":"294.56","multiplier":"1","beginTime":"1640549862","endTime":"2020-01-06T08:11-05:00[America/New_York]","close":"294.56","open":"294.65"}
{"volume":"3376.0","ticker":"AAPL","high":"294.6338","amount":"294.5801","period":"PT1M","low":"294.56","multiplier":"1","beginTime":"1640549862","endTime":"2020-01-06T08:12-05:00[America/New_York]","close":"294.6338","open":"294.56"}
{"volume":"1053.0","ticker":"AAPL","high":"294.63","amount":"294.5902","period":"PT1M","low":"294.56","multiplier":"1","beginTime":"1640549862","endTime":"2020-01-06T08:13-05:00[America/New_York]","close":"294.5628","open":"294.6"}
{"volume":"17988.0","ticker":"AAPL","high":"294.65","amount":"294.5666","period":"PT1M","low":"294.45","multiplier":"1","beginTime":"1640549862","endTime":"2020-01-06T08:14-05:00[America/New_York]","close":"294.45","open":"294.65"}
{"volume":"11034.0","ticker":"AAPL","high":"294.75","amount":"294.6199","period":"PT1M","low":"294.3","multiplier":"1","beginTime":"1640549862","endTime":"2020-01-06T08:15-05:00[America/New_York]","close":"294.5","open":"294.41"}
{"volume":"3984.0","ticker":"AAPL","high":"294.75","amount":"294.597","period":"PT1M","low":"294.52","multiplier":"1","beginTime":"1640549862","endTime":"2020-01-06T08:16-05:00[America/New_York]","close":"294.72","open":"294.55"}
{"volume":"3533.0","ticker":"AAPL","high":"294.8","amount":"294.7451","period":"PT1M","low":"294.61","multiplier":"1","beginTime":"1640549862","endTime":"2020-01-06T08:17-05:00[America/New_York]","close":"294.8","open":"294.61"}
{"volume":"1618.0","ticker":"AAPL","high":"294.79","amount":"294.7397","period":"PT1M","low":"294.7","multiplier":"1","beginTime":"1640549862","endTime":"2020-01-06T08:18-05:00[America/New_York]","close":"294.7","open":"294.74"}
{"volume":"4790.0","ticker":"AAPL","high":"294.86","amount":"294.7865","period":"PT1M","low":"294.72","multiplier":"1","beginTime":"1640549862","endTime":"2020-01-06T08:19-05:00[America/New_York]","close":"294.8","open":"294.7502"}
{"volume":"2220.0","ticker":"AAPL","high":"294.9","amount":"294.8486","period":"PT1M","low":"294.78","multiplier":"1","beginTime":"1640549862","endTime":"2020-01-06T08:20-05:00[America/New_York]","close":"294.81","open":"294.78"}
{"volume":"4395.0","ticker":"AAPL","high":"294.8","amount":"294.7842","period":"PT1M","low":"294.67","multiplier":"1","beginTime":"1640549862","endTime":"2020-01-06T08:21-05:00[America/New_York]","close":"294.67","open":"294.8"}
{"volume":"3218.0","ticker":"AAPL","high":"294.87","amount":"294.7668","period":"PT1M","low":"294.66","multiplier":"1","beginTime":"1640549862","endTime":"2020-01-06T08:22-05:00[America/New_York]","close":"294.87","open":"294.66"}
{"volume":"1119.0","ticker":"AAPL","high":"294.77","amount":"294.7628","period":"PT1M","low":"294.72","multiplier":"1","beginTime":"1640549862","endTime":"2020-01-06T08:23-05:00[America/New_York]","close":"294.72","open":"294.72"}
{"volume":"886.0","ticker":"AAPL","high":"294.72","amount":"294.7046","period":"PT1M","low":"294.67","multiplier":"1","beginTime":"1640549862","endTime":"2020-01-06T08:24-05:00[America/New_York]","close":"294.67","open":"294.72"}
{"volume":"780.0","ticker":"AAPL","high":"294.85","amount":"294.809","period":"PT1M","low":"294.7","multiplier":"1","beginTime":"1640549862","endTime":"2020-01-06T08:25-05:00[America/New_York]","close":"294.7","open":"294.85"}
{"volume":"1488.0","ticker":"AAPL","high":"294.8502","amount":"294.8563","period":"PT1M","low":"294.85","multiplier":"1","beginTime":"1640549862","endTime":"2020-01-06T08:27-05:00[America/New_York]","close":"294.85","open":"294.85"}
{"volume":"2222.0","ticker":"AAPL","high":"294.85","amount":"294.8491","period":"PT1M","low":"294.85","multiplier":"1","beginTime":"1640549862","endTime":"2020-01-06T08:28-05:00[America/New_York]","close":"294.85","open":"294.85"}
{"volume":"1041.0","ticker":"AAPL","high":"294.9","amount":"294.8476","period":"PT1M","low":"294.8","multiplier":"1","beginTime":"1640549862","endTime":"2020-01-06T08:29-05:00[America/New_York]","close":"294.895","open":"294.9"}
{"volume":"1008.0","ticker":"AAPL","high":"294.9173","amount":"294.8609","period":"PT1M","low":"294.8","multiplier":"1","beginTime":"1640549862","endTime":"2020-01-06T08:30-05:00[America/New_York]","close":"294.8","open":"294.9173"}
{"volume":"5782.0","ticker":"AAPL","high":"294.8","amount":"294.7799","period":"PT1M","low":"294.72","multiplier":"1","beginTime":"1640549862","endTime":"2020-01-06T08:31-05:00[America/New_York]","close":"294.72","open":"294.76"}
{"volume":"3843.0","ticker":"AAPL","high":"294.68","amount":"294.6363","period":"PT1M","low":"294.6","multiplier":"1","beginTime":"1640549862","endTime":"2020-01-06T08:32-05:00[America/New_York]","close":"294.6","open":"294.67"}
{"volume":"1642.0","ticker":"AAPL","high":"294.55","amount":"294.5322","period":"PT1M","low":"294.51","multiplier":"1","beginTime":"1640549862","endTime":"2020-01-06T08:33-05:00[America/New_York]","close":"294.51","open":"294.55"}
{"volume":"1226.0","ticker":"AAPL","high":"294.55","amount":"294.5329","period":"PT1M","low":"294.51","multiplier":"1","beginTime":"1640549862","endTime":"2020-01-06T08:34-05:00[America/New_York]","close":"294.55","open":"294.54"}
{"volume":"2068.0","ticker":"AAPL","high":"294.57","amount":"294.5898","period":"PT1M","low":"294.56","multiplier":"1","beginTime":"1640549862","endTime":"2020-01-06T08:35-05:00[America/New_York]","close":"294.57","open":"294.56"}
{"volume":"369.0","ticker":"AAPL","high":"294.6451","amount":"294.6167","period":"PT1M","low":"294.57","multiplier":"1","beginTime":"1640549862","endTime":"2020-01-06T08:36-05:00[America/New_York]","close":"294.57","open":"294.6451"}
{"volume":"2700.0","ticker":"AAPL","high":"294.67","amount":"294.6408","period":"PT1M","low":"294.57","multiplier":"1","beginTime":"1640549862","endTime":"2020-01-06T08:37-05:00[America/New_York]","close":"294.67","open":"294.65"}
{"volume":"3677.0","ticker":"AAPL","high":"294.67","amount":"294.5806","period":"PT1M","low":"294.55","multiplier":"1","beginTime":"1640549862","endTime":"2020-01-06T08:38-05:00[America/New_York]","close":"294.58","open":"294.64"}
{"volume":"3090.0","ticker":"AAPL","high":"294.7","amount":"294.6712","period":"PT1M","low":"294.67","multiplier":"1","beginTime":"1640549862","endTime":"2020-01-06T08:39-05:00[America/New_York]","close":"294.7","open":"294.67"}
{"volume":"2536.0","ticker":"AAPL","high":"294.68","amount":"294.6772","period":"PT1M","low":"294.66","multiplier":"1","beginTime":"1640549862","endTime":"2020-01-06T08:40-05:00[America/New_York]","close":"294.68","open":"294.68"}
{"volume":"543.0","ticker":"AAPL","high":"294.6801","amount":"294.6852","period":"PT1M","low":"294.68","multiplier":"1","beginTime":"1640549862","endTime":"2020-01-06T08:41-05:00[America/New_York]","close":"294.68","open":"294.6801"}
{"volume":"3043.0","ticker":"AAPL","high":"294.8","amount":"294.764","period":"PT1M","low":"294.66","multiplier":"1","beginTime":"1640549862","endTime":"2020-01-06T08:42-05:00[America/New_York]","close":"294.8","open":"294.66"}
{"volume":"6227.0","ticker":"AAPL","high":"294.85","amount":"294.797","period":"PT1M","low":"294.7","multiplier":"1","beginTime":"1640549862","endTime":"2020-01-06T08:43-05:00[America/New_York]","close":"294.8","open":"294.8"}
{"volume":"1589.0","ticker":"AAPL","high":"294.82","amount":"294.8048","period":"PT1M","low":"294.8","multiplier":"1","beginTime":"1640549862","endTime":"2020-01-06T08:44-05:00[America/New_York]","close":"294.8","open":"294.82"}
{"volume":"6337.0","ticker":"AAPL","high":"294.94","amount":"294.8338","period":"PT1M","low":"294.8","multiplier":"1","beginTime":"1640549862","endTime":"2020-01-06T08:45-05:00[America/New_York]","close":"294.8002","open":"294.86"}
{"volume":"12056.0","ticker":"AAPL","high":"295.0","amount":"294.9122","period":"PT1M","low":"294.8","multiplier":"1","beginTime":"1640549862","endTime":"2020-01-06T08:46-05:00[America/New_York]","close":"295.0","open":"294.94"}
{"volume":"1771.0","ticker":"AAPL","high":"294.9597","amount":"294.8626","period":"PT1M","low":"294.8","multiplier":"1","beginTime":"1640549862","endTime":"2020-01-06T08:47-05:00[America/New_York]","close":"294.8","open":"294.85"}
{"volume":"1570.0","ticker":"AAPL","high":"294.7","amount":"294.6973","period":"PT1M","low":"294.67","multiplier":"1","beginTime":"1640549862","endTime":"2020-01-06T08:48-05:00[America/New_York]","close":"294.67","open":"294.7"}
{"volume":"3414.0","ticker":"AAPL","high":"294.69","amount":"294.6092","period":"PT1M","low":"294.56","multiplier":"1","beginTime":"1640549862","endTime":"2020-01-06T08:49-05:00[America/New_York]","close":"294.58","open":"294.66"}
{"volume":"4517.0","ticker":"AAPL","high":"294.65","amount":"294.6114","period":"PT1M","low":"294.57","multiplier":"1","beginTime":"1640549862","endTime":"2020-01-06T08:50-05:00[America/New_York]","close":"294.61","open":"294.58"}
{"volume":"3850.0","ticker":"AAPL","high":"294.7","amount":"294.6189","period":"PT1M","low":"294.6","multiplier":"1","beginTime":"1640549862","endTime":"2020-01-06T08:51-05:00[America/New_York]","close":"294.7","open":"294.61"}
{"volume":"16491.0","ticker":"AAPL","high":"294.85","amount":"294.6212","period":"PT1M","low":"294.54","multiplier":"1","beginTime":"1640549862","endTime":"2020-01-06T08:52-05:00[America/New_York]","close":"294.57","open":"294.74"}
{"volume":"2428.0","ticker":"AAPL","high":"294.7","amount":"294.654","period":"PT1M","low":"294.61","multiplier":"1","beginTime":"1640549862","endTime":"2020-01-06T08:54-05:00[America/New_York]","close":"294.61","open":"294.7"}
{"volume":"1638.0","ticker":"AAPL","high":"294.65","amount":"294.6065","period":"PT1M","low":"294.56","multiplier":"1","beginTime":"1640549862","endTime":"2020-01-06T08:55-05:00[America/New_York]","close":"294.63","open":"294.56"}
{"volume":"10278.0","ticker":"AAPL","high":"294.61","amount":"294.4699","period":"PT1M","low":"294.3","multiplier":"1","beginTime":"1640549862","endTime":"2020-01-06T08:56-05:00[America/New_York]","close":"294.3264","open":"294.6"}
{"volume":"8059.0","ticker":"AAPL","high":"294.4499","amount":"294.3512","period":"PT1M","low":"294.2999","multiplier":"1","beginTime":"1640549862","endTime":"2020-01-06T08:57-05:00[America/New_York]","close":"294.4","open":"294.35"}
{"volume":"6445.0","ticker":"AAPL","high":"294.6099","amount":"294.5147","period":"PT1M","low":"294.44","multiplier":"1","beginTime":"1640549862","endTime":"2020-01-06T08:58-05:00[America/New_York]","close":"294.6099","open":"294.44"}
{"volume":"5806.0","ticker":"AAPL","high":"294.6","amount":"294.5892","period":"PT1M","low":"294.52","multiplier":"1","beginTime":"1640549862","endTime":"2020-01-06T08:59-05:00[America/New_York]","close":"294.6","open":"294.52"}
{"volume":"1605.0","ticker":"AAPL","high":"294.52","amount":"294.5591","period":"PT1M","low":"294.5","multiplier":"1","beginTime":"1640549862","endTime":"2020-01-06T09:00-05:00[America/New_York]","close":"294.52","open":"294.52"}
{"volume":"2131.0","ticker":"AAPL","high":"294.66","amount":"294.6017","period":"PT1M","low":"294.51","multiplier":"1","beginTime":"1640549862","endTime":"2020-01-06T09:01-05:00[America/New_York]","close":"294.6","open":"294.51"}
{"volume":"2234.0","ticker":"AAPL","high":"294.6","amount":"294.5365","period":"PT1M","low":"294.52","multiplier":"1","beginTime":"1640549862","endTime":"2020-01-06T09:02-05:00[America/New_York]","close":"294.6","open":"294.52"}
{"volume":"10504.0","ticker":"AAPL","high":"294.55","amount":"294.4781","period":"PT1M","low":"294.4","multiplier":"1","beginTime":"1640549862","endTime":"2020-01-06T09:03-05:00[America/New_York]","close":"294.4799","open":"294.55"}
{"volume":"11381.0","ticker":"AAPL","high":"294.52","amount":"294.5024","period":"PT1M","low":"294.41","multiplier":"1","beginTime":"1640549862","endTime":"2020-01-06T09:04-05:00[America/New_York]","close":"294.5","open":"294.47"}
{"volume":"6843.0","ticker":"AAPL","high":"294.63","amount":"294.5652","period":"PT1M","low":"294.52","multiplier":"1","beginTime":"1640549862","endTime":"2020-01-06T09:05-05:00[America/New_York]","close":"294.5601","open":"294.52"}
{"volume":"2716.0","ticker":"AAPL","high":"294.56","amount":"294.554","period":"PT1M","low":"294.52","multiplier":"1","beginTime":"1640549862","endTime":"2020-01-06T09:06-05:00[America/New_York]","close":"294.52","open":"294.56"}
{"volume":"18869.0","ticker":"AAPL","high":"295.0","amount":"294.858","period":"PT1M","low":"294.64","multiplier":"1","beginTime":"1640549862","endTime":"2020-01-06T09:07-05:00[America/New_York]","close":"295.0","open":"294.7"}
{"volume":"7860.0","ticker":"AAPL","high":"295.25","amount":"295.1299","period":"PT1M","low":"295.0","multiplier":"1","beginTime":"1640549862","endTime":"2020-01-06T09:08-05:00[America/New_York]","close":"295.02","open":"295.15"}
{"volume":"5446.0","ticker":"AAPL","high":"295.12","amount":"295.0234","period":"PT1M","low":"294.9","multiplier":"1","beginTime":"1640549862","endTime":"2020-01-06T09:09-05:00[America/New_York]","close":"295.12","open":"295.03"}
{"volume":"1663.0","ticker":"AAPL","high":"295.12","amount":"295.0038","period":"PT1M","low":"294.92","multiplier":"1","beginTime":"1640549862","endTime":"2020-01-06T09:10-05:00[America/New_York]","close":"294.95","open":"295.12"}
{"volume":"7668.0","ticker":"AAPL","high":"295.16","amount":"295.0885","period":"PT1M","low":"294.9","multiplier":"1","beginTime":"1640549862","endTime":"2020-01-06T09:11-05:00[America/New_York]","close":"295.01","open":"294.9"}
{"volume":"810.0","ticker":"AAPL","high":"295.1","amount":"295.0579","period":"PT1M","low":"295.0","multiplier":"1","beginTime":"1640549862","endTime":"2020-01-06T09:12-05:00[America/New_York]","close":"295.1","open":"295.0"}
{"volume":"1628.0","ticker":"AAPL","high":"295.17","amount":"295.0614","period":"PT1M","low":"295.0","multiplier":"1","beginTime":"1640549862","endTime":"2020-01-06T09:13-05:00[America/New_York]","close":"295.01","open":"295.1"}
{"volume":"1393.0","ticker":"AAPL","high":"295.18","amount":"295.1009","period":"PT1M","low":"295.08","multiplier":"1","beginTime":"1640549862","endTime":"2020-01-06T09:14-05:00[America/New_York]","close":"295.18","open":"295.1"}
{"volume":"4586.0","ticker":"AAPL","high":"295.18","amount":"295.0674","period":"PT1M","low":"295.0","multiplier":"1","beginTime":"1640549862","endTime":"2020-01-06T09:15-05:00[America/New_York]","close":"295.0","open":"295.18"}
{"volume":"3724.0","ticker":"AAPL","high":"295.02","amount":"294.9075","period":"PT1M","low":"294.86","multiplier":"1","beginTime":"1640549862","endTime":"2020-01-06T09:16-05:00[America/New_York]","close":"294.94","open":"294.96"}
{"volume":"9795.0","ticker":"AAPL","high":"294.9399","amount":"294.6754","period":"PT1M","low":"294.5","multiplier":"1","beginTime":"1640549862","endTime":"2020-01-06T09:17-05:00[America/New_York]","close":"294.52","open":"294.9399"}
{"volume":"7834.0","ticker":"AAPL","high":"294.89","amount":"294.5403","period":"PT1M","low":"294.41","multiplier":"1","beginTime":"1640549862","endTime":"2020-01-06T09:18-05:00[America/New_York]","close":"294.4926","open":"294.57"}
{"volume":"5190.0","ticker":"AAPL","high":"294.55","amount":"294.4447","period":"PT1M","low":"294.34","multiplier":"1","beginTime":"1640549862","endTime":"2020-01-06T09:19-05:00[America/New_York]","close":"294.34","open":"294.55"}
{"volume":"4072.0","ticker":"AAPL","high":"294.4","amount":"294.3826","period":"PT1M","low":"294.3302","multiplier":"1","beginTime":"1640549862","endTime":"2020-01-06T09:20-05:00[America/New_York]","close":"294.35","open":"294.39"}
{"volume":"4034.0","ticker":"AAPL","high":"294.69","amount":"294.4915","period":"PT1M","low":"294.33","multiplier":"1","beginTime":"1640549862","endTime":"2020-01-06T09:21-05:00[America/New_York]","close":"294.69","open":"294.35"}
{"volume":"4143.0","ticker":"AAPL","high":"294.7","amount":"294.6419","period":"PT1M","low":"294.6","multiplier":"1","beginTime":"1640549862","endTime":"2020-01-06T09:22-05:00[America/New_York]","close":"294.69","open":"294.69"}
{"volume":"4436.0","ticker":"AAPL","high":"294.69","amount":"294.6205","period":"PT1M","low":"294.5","multiplier":"1","beginTime":"1640549862","endTime":"2020-01-06T09:23-05:00[America/New_York]","close":"294.5","open":"294.69"}
{"volume":"2150.0","ticker":"AAPL","high":"294.5002","amount":"294.4849","period":"PT1M","low":"294.4201","multiplier":"1","beginTime":"1640549862","endTime":"2020-01-06T09:24-05:00[America/New_York]","close":"294.46","open":"294.5002"}
{"volume":"1438.0","ticker":"AAPL","high":"294.46","amount":"294.4341","period":"PT1M","low":"294.43","multiplier":"1","beginTime":"1640549862","endTime":"2020-01-06T09:25-05:00[America/New_York]","close":"294.46","open":"294.43"}
{"volume":"3610.0","ticker":"AAPL","high":"294.55","amount":"294.5032","period":"PT1M","low":"294.5","multiplier":"1","beginTime":"1640549862","endTime":"2020-01-06T09:26-05:00[America/New_York]","close":"294.51","open":"294.5"}
{"volume":"5185.0","ticker":"AAPL","high":"294.6","amount":"294.4953","period":"PT1M","low":"294.4","multiplier":"1","beginTime":"1640549862","endTime":"2020-01-06T09:27-05:00[America/New_York]","close":"294.55","open":"294.4"}
{"volume":"90526.0","ticker":"AAPL","high":"294.49","amount":"293.884","period":"PT1M","low":"293.47","multiplier":"1","beginTime":"1640549862","endTime":"2020-01-06T09:28-05:00[America/New_York]","close":"293.715","open":"294.49"}
{"volume":"43786.0","ticker":"AAPL","high":"293.8","amount":"293.6411","period":"PT1M","low":"293.48","multiplier":"1","beginTime":"1640549862","endTime":"2020-01-06T09:29-05:00[America/New_York]","close":"293.8","open":"293.73"}
{"volume":"1390259.0","ticker":"AAPL","high":"293.99","amount":"293.477","period":"PT1M","low":"292.7501","multiplier":"1","beginTime":"1640549862","endTime":"2020-01-06T09:30-05:00[America/New_York]","close":"293.6368","open":"293.79"}
{"volume":"358076.0","ticker":"AAPL","high":"294.69","amount":"294.2736","period":"PT1M","low":"293.61","multiplier":"1","beginTime":"1640549862","endTime":"2020-01-06T09:31-05:00[America/New_York]","close":"294.4","open":"293.66"}
{"volume":"357165.0","ticker":"AAPL","high":"295.28","amount":"294.9498","period":"PT1M","low":"294.38","multiplier":"1","beginTime":"1640549862","endTime":"2020-01-06T09:32-05:00[America/New_York]","close":"294.87","open":"294.41"}
{"volume":"277787.0","ticker":"AAPL","high":"295.55","amount":"295.1979","period":"PT1M","low":"294.796","multiplier":"1","beginTime":"1640549862","endTime":"2020-01-06T09:33-05:00[America/New_York]","close":"295.2026","open":"294.8735"}
{"volume":"236902.0","ticker":"AAPL","high":"295.81","amount":"295.4721","period":"PT1M","low":"295.1916","multiplier":"1","beginTime":"1640549862","endTime":"2020-01-06T09:34-05:00[America/New_York]","close":"295.5201","open":"295.1916"}
{"volume":"215243.0","ticker":"AAPL","high":"295.72","amount":"295.5323","period":"PT1M","low":"295.29","multiplier":"1","beginTime":"1640549862","endTime":"2020-01-06T09:35-05:00[America/New_York]","close":"295.6987","open":"295.57"}
{"volume":"288483.0","ticker":"AAPL","high":"296.32","amount":"296.046","period":"PT1M","low":"295.722","multiplier":"1","beginTime":"1640549862","endTime":"2020-01-06T09:36-05:00[America/New_York]","close":"295.8787","open":"295.722"}
{"volume":"202798.0","ticker":"AAPL","high":"296.17","amount":"295.9733","period":"PT1M","low":"295.76","multiplier":"1","beginTime":"1640549862","endTime":"2020-01-06T09:37-05:00[America/New_York]","close":"295.86","open":"295.8854"}
{"volume":"175223.0","ticker":"AAPL","high":"295.8693","amount":"295.5369","period":"PT1M","low":"295.3","multiplier":"1","beginTime":"1640549862","endTime":"2020-01-06T09:38-05:00[America/New_York]","close":"295.57","open":"295.8655"}
{"volume":"133166.0","ticker":"AAPL","high":"295.81","amount":"295.6475","period":"PT1M","low":"295.5","multiplier":"1","beginTime":"1640549862","endTime":"2020-01-06T09:39-05:00[America/New_York]","close":"295.61","open":"295.57"}
{"volume":"160499.0","ticker":"AAPL","high":"295.67","amount":"295.3967","period":"PT1M","low":"295.2736","multiplier":"1","beginTime":"1640549862","endTime":"2020-01-06T09:40-05:00[America/New_York]","close":"295.33","open":"295.66"}
{"volume":"173300.0","ticker":"AAPL","high":"295.525","amount":"295.1961","period":"PT1M","low":"294.95","multiplier":"1","beginTime":"1640549862","endTime":"2020-01-06T09:41-05:00[America/New_York]","close":"295.0801","open":"295.335"}
{"volume":"146310.0","ticker":"AAPL","high":"295.1251","amount":"295.0401","period":"PT1M","low":"294.96","multiplier":"1","beginTime":"1640549862","endTime":"2020-01-06T09:42-05:00[America/New_York]","close":"295.005","open":"295.11"}
{"volume":"143693.0","ticker":"AAPL","high":"295.3596","amount":"295.1864","period":"PT1M","low":"294.98","multiplier":"1","beginTime":"1640549862","endTime":"2020-01-06T09:43-05:00[America/New_York]","close":"295.0971","open":"295.0015"}
{"volume":"123091.0","ticker":"AAPL","high":"295.25","amount":"295.0526","period":"PT1M","low":"294.91","multiplier":"1","beginTime":"1640549862","endTime":"2020-01-06T09:44-05:00[America/New_York]","close":"295.04","open":"295.1"}
{"volume":"204708.0","ticker":"AAPL","high":"295.6","amount":"295.3088","period":"PT1M","low":"295.02","multiplier":"1","beginTime":"1640549862","endTime":"2020-01-06T09:45-05:00[America/New_York]","close":"295.57","open":"295.05"}
{"volume":"164668.0","ticker":"AAPL","high":"296.14","amount":"295.8798","period":"PT1M","low":"295.5571","multiplier":"1","beginTime":"1640549862","endTime":"2020-01-06T09:46-05:00[America/New_York]","close":"296.06","open":"295.563"}
{"volume":"141418.0","ticker":"AAPL","high":"296.17","amount":"296.0517","period":"PT1M","low":"295.85","multiplier":"1","beginTime":"1640549862","endTime":"2020-01-06T09:47-05:00[America/New_York]","close":"296.03","open":"296.07"}
{"volume":"115414.0","ticker":"AAPL","high":"296.08","amount":"295.9844","period":"PT1M","low":"295.838","multiplier":"1","beginTime":"1640549862","endTime":"2020-01-06T09:48-05:00[America/New_York]","close":"295.9101","open":"296.04"}
{"volume":"75482.0","ticker":"AAPL","high":"296.05","amount":"295.9053","period":"PT1M","low":"295.77","multiplier":"1","beginTime":"1640549862","endTime":"2020-01-06T09:49-05:00[America/New_York]","close":"295.8511","open":"295.97"}
{"volume":"66796.0","ticker":"AAPL","high":"296.0","amount":"295.9222","period":"PT1M","low":"295.82","multiplier":"1","beginTime":"1640549862","endTime":"2020-01-06T09:50-05:00[America/New_York]","close":"295.8973","open":"295.89"}
{"volume":"114597.0","ticker":"AAPL","high":"296.25","amount":"296.1211","period":"PT1M","low":"295.9","multiplier":"1","beginTime":"1640549862","endTime":"2020-01-06T09:51-05:00[America/New_York]","close":"296.18","open":"295.91"}
{"volume":"92058.0","ticker":"AAPL","high":"296.24","amount":"296.0777","period":"PT1M","low":"295.88","multiplier":"1","beginTime":"1640549862","endTime":"2020-01-06T09:52-05:00[America/New_York]","close":"296.0384","open":"296.1972"}
{"volume":"113855.0","ticker":"AAPL","high":"296.34","amount":"296.1855","period":"PT1M","low":"296.06","multiplier":"1","beginTime":"1640549862","endTime":"2020-01-06T09:53-05:00[America/New_York]","close":"296.1601","open":"296.06"}
{"volume":"117016.0","ticker":"AAPL","high":"296.211","amount":"296.0637","period":"PT1M","low":"295.95","multiplier":"1","beginTime":"1640549862","endTime":"2020-01-06T09:54-05:00[America/New_York]","close":"296.1776","open":"296.1615"}
{"volume":"139498.0","ticker":"AAPL","high":"296.55","amount":"296.2176","period":"PT1M","low":"295.82","multiplier":"1","beginTime":"1640549862","endTime":"2020-01-06T09:55-05:00[America/New_York]","close":"296.5025","open":"296.18"}
{"volume":"108819.0","ticker":"AAPL","high":"296.64","amount":"296.4508","period":"PT1M","low":"296.27","multiplier":"1","beginTime":"1640549862","endTime":"2020-01-06T09:56-05:00[America/New_York]","close":"296.64","open":"296.52"}
{"volume":"141206.0","ticker":"AAPL","high":"296.9","amount":"296.7815","period":"PT1M","low":"296.57","multiplier":"1","beginTime":"1640549862","endTime":"2020-01-06T09:57-05:00[America/New_York]","close":"296.855","open":"296.65"}
{"volume":"123759.0","ticker":"AAPL","high":"296.99","amount":"296.8954","period":"PT1M","low":"296.7501","multiplier":"1","beginTime":"1640549862","endTime":"2020-01-06T09:58-05:00[America/New_York]","close":"296.9752","open":"296.9"}
{"volume":"99704.0","ticker":"AAPL","high":"296.97","amount":"296.8224","period":"PT1M","low":"296.6806","multiplier":"1","beginTime":"1640549862","endTime":"2020-01-06T09:59-05:00[America/New_York]","close":"296.84","open":"296.97"}
{"volume":"93376.0","ticker":"AAPL","high":"296.9599","amount":"296.8065","period":"PT1M","low":"296.7","multiplier":"1","beginTime":"1640549862","endTime":"2020-01-06T10:00-05:00[America/New_York]","close":"296.8","open":"296.88"}
{"volume":"60847.0","ticker":"AAPL","high":"296.83","amount":"296.7545","period":"PT1M","low":"296.68","multiplier":"1","beginTime":"1640549862","endTime":"2020-01-06T10:01-05:00[America/New_York]","close":"296.7228","open":"296.77"}
{"volume":"63951.0","ticker":"AAPL","high":"296.9","amount":"296.7684","period":"PT1M","low":"296.62","multiplier":"1","beginTime":"1640549862","endTime":"2020-01-06T10:02-05:00[America/New_York]","close":"296.73","open":"296.7237"}
{"volume":"85313.0","ticker":"AAPL","high":"296.79","amount":"296.6389","period":"PT1M","low":"296.52","multiplier":"1","beginTime":"1640549862","endTime":"2020-01-06T10:03-05:00[America/New_York]","close":"296.67","open":"296.74"}
{"volume":"53717.0","ticker":"AAPL","high":"296.71","amount":"296.5913","period":"PT1M","low":"296.51","multiplier":"1","beginTime":"1640549862","endTime":"2020-01-06T10:04-05:00[America/New_York]","close":"296.545","open":"296.695"}
{"volume":"80425.0","ticker":"AAPL","high":"296.79","amount":"296.6933","period":"PT1M","low":"296.55","multiplier":"1","beginTime":"1640549862","endTime":"2020-01-06T10:05-05:00[America/New_York]","close":"296.76","open":"296.55"}
{"volume":"88902.0","ticker":"AAPL","high":"296.9","amount":"296.757","period":"PT1M","low":"296.57","multiplier":"1","beginTime":"1640549862","endTime":"2020-01-06T10:06-05:00[America/New_York]","close":"296.61","open":"296.775"}
{"volume":"103519.0","ticker":"AAPL","high":"296.6563","amount":"296.5204","period":"PT1M","low":"296.41","multiplier":"1","beginTime":"1640549862","endTime":"2020-01-06T10:07-05:00[America/New_York]","close":"296.4701","open":"296.61"}
{"volume":"86023.0","ticker":"AAPL","high":"296.4712","amount":"296.3308","period":"PT1M","low":"296.2254","multiplier":"1","beginTime":"1640549862","endTime":"2020-01-06T10:08-05:00[America/New_York]","close":"296.26","open":"296.4712"}
{"volume":"49953.0","ticker":"AAPL","high":"296.587","amount":"296.4383","period":"PT1M","low":"296.26","multiplier":"1","beginTime":"1640549862","endTime":"2020-01-06T10:09-05:00[America/New_York]","close":"296.54","open":"296.3"}
{"volume":"75975.0","ticker":"AAPL","high":"296.77","amount":"296.6802","period":"PT1M","low":"296.5315","multiplier":"1","beginTime":"1640549862","endTime":"2020-01-06T10:10-05:00[America/New_York]","close":"296.6325","open":"296.54"}
{"volume":"77109.0","ticker":"AAPL","high":"296.9","amount":"296.7591","period":"PT1M","low":"296.62","multiplier":"1","beginTime":"1640549862","endTime":"2020-01-06T10:11-05:00[America/New_York]","close":"296.8053","open":"296.63"}
{"volume":"87604.0","ticker":"AAPL","high":"296.97","amount":"296.8932","period":"PT1M","low":"296.8","multiplier":"1","beginTime":"1640549862","endTime":"2020-01-06T10:12-05:00[America/New_York]","close":"296.96","open":"296.8291"}
{"volume":"60432.0","ticker":"AAPL","high":"296.97","amount":"296.7932","period":"PT1M","low":"296.66","multiplier":"1","beginTime":"1640549862","endTime":"2020-01-06T10:13-05:00[America/New_York]","close":"296.6806","open":"296.9581"}
{"volume":"41423.0","ticker":"AAPL","high":"296.79","amount":"296.6959","period":"PT1M","low":"296.62","multiplier":"1","beginTime":"1640549862","endTime":"2020-01-06T10:14-05:00[America/New_York]","close":"296.735","open":"296.67"}
{"volume":"60497.0","ticker":"AAPL","high":"296.87","amount":"296.7757","period":"PT1M","low":"296.7","multiplier":"1","beginTime":"1640549862","endTime":"2020-01-06T10:15-05:00[America/New_York]","close":"296.81","open":"296.75"}
{"volume":"81800.0","ticker":"AAPL","high":"296.9399","amount":"296.7768","period":"PT1M","low":"296.63","multiplier":"1","beginTime":"1640549862","endTime":"2020-01-06T10:16-05:00[America/New_York]","close":"296.71","open":"296.81"}
{"volume":"47344.0","ticker":"AAPL","high":"296.89","amount":"296.8049","period":"PT1M","low":"296.7","multiplier":"1","beginTime":"1640549862","endTime":"2020-01-06T10:17-05:00[America/New_York]","close":"296.89","open":"296.71"}
{"volume":"57453.0","ticker":"AAPL","high":"296.98","amount":"296.8882","period":"PT1M","low":"296.78","multiplier":"1","beginTime":"1640549862","endTime":"2020-01-06T10:18-05:00[America/New_York]","close":"296.9732","open":"296.9"}
{"volume":"171632.0","ticker":"AAPL","high":"297.23","amount":"297.0767","period":"PT1M","low":"296.92","multiplier":"1","beginTime":"1640549862","endTime":"2020-01-06T10:19-05:00[America/New_York]","close":"297.217","open":"296.9854"}
{"volume":"129916.0","ticker":"AAPL","high":"297.38","amount":"297.2063","period":"PT1M","low":"297.02","multiplier":"1","beginTime":"1640549862","endTime":"2020-01-06T10:20-05:00[America/New_York]","close":"297.047","open":"297.2"}
{"volume":"71396.0","ticker":"AAPL","high":"297.23","amount":"297.1202","period":"PT1M","low":"297.01","multiplier":"1","beginTime":"1640549862","endTime":"2020-01-06T10:21-05:00[America/New_York]","close":"297.17","open":"297.084"}
{"volume":"124900.0","ticker":"AAPL","high":"297.49","amount":"297.3514","period":"PT1M","low":"297.1539","multiplier":"1","beginTime":"1640549862","endTime":"2020-01-06T10:22-05:00[America/New_York]","close":"297.28","open":"297.16"}
{"volume":"91365.0","ticker":"AAPL","high":"297.36","amount":"297.2469","period":"PT1M","low":"297.14","multiplier":"1","beginTime":"1640549862","endTime":"2020-01-06T10:23-05:00[America/New_York]","close":"297.29","open":"297.2972"}
{"volume":"61864.0","ticker":"AAPL","high":"297.32","amount":"297.2535","period":"PT1M","low":"297.15","multiplier":"1","beginTime":"1640549862","endTime":"2020-01-06T10:24-05:00[America/New_York]","close":"297.1953","open":"297.2962"}
{"volume":"48675.0","ticker":"AAPL","high":"297.3","amount":"297.2417","period":"PT1M","low":"297.17","multiplier":"1","beginTime":"1640549862","endTime":"2020-01-06T10:25-05:00[America/New_York]","close":"297.255","open":"297.2199"}
{"volume":"55150.0","ticker":"AAPL","high":"297.32","amount":"297.2641","period":"PT1M","low":"297.12","multiplier":"1","beginTime":"1640549862","endTime":"2020-01-06T10:26-05:00[America/New_York]","close":"297.12","open":"297.25"}
{"volume":"77575.0","ticker":"AAPL","high":"297.35","amount":"297.2235","period":"PT1M","low":"297.101","multiplier":"1","beginTime":"1640549862","endTime":"2020-01-06T10:27-05:00[America/New_York]","close":"297.2663","open":"297.1174"}
{"volume":"41516.0","ticker":"AAPL","high":"297.33","amount":"297.2831","period":"PT1M","low":"297.2","multiplier":"1","beginTime":"1640549862","endTime":"2020-01-06T10:28-05:00[America/New_York]","close":"297.3","open":"297.262"}
{"volume":"104443.0","ticker":"AAPL","high":"297.5697","amount":"297.4568","period":"PT1M","low":"297.25","multiplier":"1","beginTime":"1640549862","endTime":"2020-01-06T10:29-05:00[America/New_York]","close":"297.539","open":"297.29"}
{"volume":"110701.0","ticker":"AAPL","high":"297.5882","amount":"297.4346","period":"PT1M","low":"297.26","multiplier":"1","beginTime":"1640549862","endTime":"2020-01-06T10:30-05:00[America/New_York]","close":"297.27","open":"297.56"}
{"volume":"66470.0","ticker":"AAPL","high":"297.4598","amount":"297.3492","period":"PT1M","low":"297.18","multiplier":"1","beginTime":"1640549862","endTime":"2020-01-06T10:31-05:00[America/New_York]","close":"297.23","open":"297.31"}
{"volume":"101848.0","ticker":"AAPL","high":"297.2477","amount":"297.1189","period":"PT1M","low":"297.01","multiplier":"1","beginTime":"1640549862","endTime":"2020-01-06T10:32-05:00[America/New_York]","close":"297.085","open":"297.23"}
{"volume":"56457.0","ticker":"AAPL","high":"297.129","amount":"297.0415","period":"PT1M","low":"296.97","multiplier":"1","beginTime":"1640549862","endTime":"2020-01-06T10:33-05:00[America/New_York]","close":"296.99","open":"297.0815"}
{"volume":"80960.0","ticker":"AAPL","high":"297.05","amount":"296.9488","period":"PT1M","low":"296.86","multiplier":"1","beginTime":"1640549862","endTime":"2020-01-06T10:34-05:00[America/New_York]","close":"296.95","open":"297.02"}
{"volume":"42611.0","ticker":"AAPL","high":"297.09","amount":"296.9817","period":"PT1M","low":"296.87","multiplier":"1","beginTime":"1640549862","endTime":"2020-01-06T10:35-05:00[America/New_York]","close":"296.9937","open":"296.95"}
{"volume":"46711.0","ticker":"AAPL","high":"297.0833","amount":"297.0073","period":"PT1M","low":"296.95","multiplier":"1","beginTime":"1640549862","endTime":"2020-01-06T10:36-05:00[America/New_York]","close":"297.07","open":"297.02"}
{"volume":"66424.0","ticker":"AAPL","high":"297.1565","amount":"297.1084","period":"PT1M","low":"297.04","multiplier":"1","beginTime":"1640549862","endTime":"2020-01-06T10:37-05:00[America/New_York]","close":"297.04","open":"297.05"}
{"volume":"54513.0","ticker":"AAPL","high":"297.08","amount":"296.9944","period":"PT1M","low":"296.9","multiplier":"1","beginTime":"1640549862","endTime":"2020-01-06T10:38-05:00[America/New_York]","close":"296.996","open":"297.06"}
{"volume":"57266.0","ticker":"AAPL","high":"297.06","amount":"296.9292","period":"PT1M","low":"296.79","multiplier":"1","beginTime":"1640549862","endTime":"2020-01-06T10:39-05:00[America/New_York]","close":"296.813","open":"296.99"}
{"volume":"71974.0","ticker":"AAPL","high":"296.9199","amount":"296.7147","period":"PT1M","low":"296.6","multiplier":"1","beginTime":"1640549862","endTime":"2020-01-06T10:40-05:00[America/New_York]","close":"296.62","open":"296.81"}
{"volume":"58490.0","ticker":"AAPL","high":"296.85","amount":"296.6891","period":"PT1M","low":"296.566","multiplier":"1","beginTime":"1640549862","endTime":"2020-01-06T10:41-05:00[America/New_York]","close":"296.8","open":"296.6001"}
{"volume":"66236.0","ticker":"AAPL","high":"297.186","amount":"297.0512","period":"PT1M","low":"296.7507","multiplier":"1","beginTime":"1640549862","endTime":"2020-01-06T10:42-05:00[America/New_York]","close":"297.1548","open":"296.77"}
{"volume":"61337.0","ticker":"AAPL","high":"297.35","amount":"297.2213","period":"PT1M","low":"297.02","multiplier":"1","beginTime":"1640549862","endTime":"2020-01-06T10:43-05:00[America/New_York]","close":"297.3301","open":"297.1551"}
{"volume":"43036.0","ticker":"AAPL","high":"297.426","amount":"297.3402","period":"PT1M","low":"297.22","multiplier":"1","beginTime":"1640549862","endTime":"2020-01-06T10:44-05:00[America/New_York]","close":"297.4","open":"297.3466"}
{"volume":"56470.0","ticker":"AAPL","high":"297.47","amount":"297.4046","period":"PT1M","low":"297.33","multiplier":"1","beginTime":"1640549862","endTime":"2020-01-06T10:45-05:00[America/New_York]","close":"297.4309","open":"297.4078"}
{"volume":"102798.0","ticker":"AAPL","high":"297.75","amount":"297.56","period":"PT1M","low":"297.4","multiplier":"1","beginTime":"1640549862","endTime":"2020-01-06T10:46-05:00[America/New_York]","close":"297.735","open":"297.44"}
{"volume":"76898.0","ticker":"AAPL","high":"297.8263","amount":"297.6571","period":"PT1M","low":"297.54","multiplier":"1","beginTime":"1640549862","endTime":"2020-01-06T10:47-05:00[America/New_York]","close":"297.62","open":"297.75"}
{"volume":"57190.0","ticker":"AAPL","high":"297.71","amount":"297.6406","period":"PT1M","low":"297.51","multiplier":"1","beginTime":"1640549862","endTime":"2020-01-06T10:48-05:00[America/New_York]","close":"297.61","open":"297.65"}
{"volume":"86203.0","ticker":"AAPL","high":"297.89","amount":"297.7577","period":"PT1M","low":"297.59","multiplier":"1","beginTime":"1640549862","endTime":"2020-01-06T10:49-05:00[America/New_York]","close":"297.85","open":"297.63"}
{"volume":"227600.0","ticker":"AAPL","high":"298.14","amount":"297.9803","period":"PT1M","low":"297.72","multiplier":"1","beginTime":"1640549862","endTime":"2020-01-06T10:50-05:00[America/New_York]","close":"298.0754","open":"297.86"}
{"volume":"89831.0","ticker":"AAPL","high":"298.1","amount":"298.0318","period":"PT1M","low":"297.98","multiplier":"1","beginTime":"1640549862","endTime":"2020-01-06T10:51-05:00[America/New_York]","close":"297.98","open":"298.0867"}
{"volume":"85834.0","ticker":"AAPL","high":"298.109","amount":"297.966","period":"PT1M","low":"297.83","multiplier":"1","beginTime":"1640549862","endTime":"2020-01-06T10:52-05:00[America/New_York]","close":"298.01","open":"297.9766"}
{"volume":"105255.0","ticker":"AAPL","high":"298.239","amount":"298.1089","period":"PT1M","low":"297.92","multiplier":"1","beginTime":"1640549862","endTime":"2020-01-06T10:53-05:00[America/New_York]","close":"298.18","open":"298.01"}
{"volume":"73066.0","ticker":"AAPL","high":"298.23","amount":"298.1651","period":"PT1M","low":"298.07","multiplier":"1","beginTime":"1640549862","endTime":"2020-01-06T10:54-05:00[America/New_York]","close":"298.1986","open":"298.17"}
{"volume":"48721.0","ticker":"AAPL","high":"298.2056","amount":"298.1062","period":"PT1M","low":"298.04","multiplier":"1","beginTime":"1640549862","endTime":"2020-01-06T10:55-05:00[America/New_York]","close":"298.14","open":"298.1801"}
{"volume":"55054.0","ticker":"AAPL","high":"298.18","amount":"298.0149","period":"PT1M","low":"297.93","multiplier":"1","beginTime":"1640549862","endTime":"2020-01-06T10:56-05:00[America/New_York]","close":"297.9599","open":"298.16"}
{"volume":"44990.0","ticker":"AAPL","high":"297.99","amount":"297.9305","period":"PT1M","low":"297.86","multiplier":"1","beginTime":"1640549862","endTime":"2020-01-06T10:57-05:00[America/New_York]","close":"297.97","open":"297.95"}
{"volume":"42685.0","ticker":"AAPL","high":"298.14","amount":"298.0497","period":"PT1M","low":"297.95","multiplier":"1","beginTime":"1640549862","endTime":"2020-01-06T10:58-05:00[America/New_York]","close":"298.04","open":"298.0"}
{"volume":"84959.0","ticker":"AAPL","high":"298.09","amount":"298.012","period":"PT1M","low":"297.84","multiplier":"1","beginTime":"1640549862","endTime":"2020-01-06T10:59-05:00[America/New_York]","close":"298.04","open":"298.06"}
{"volume":"27915.0","ticker":"AAPL","high":"298.09","amount":"298.0371","period":"PT1M","low":"297.97","multiplier":"1","beginTime":"1640549862","endTime":"2020-01-06T11:00-05:00[America/New_York]","close":"298.06","open":"298.07"}
{"volume":"54994.0","ticker":"AAPL","high":"298.09","amount":"297.923","period":"PT1M","low":"297.89","multiplier":"1","beginTime":"1640549862","endTime":"2020-01-06T11:01-05:00[America/New_York]","close":"297.9767","open":"298.06"}
{"volume":"90904.0","ticker":"AAPL","high":"297.9905","amount":"297.8807","period":"PT1M","low":"297.81","multiplier":"1","beginTime":"1640549862","endTime":"2020-01-06T11:02-05:00[America/New_York]","close":"297.9","open":"297.973"}
{"volume":"56495.0","ticker":"AAPL","high":"297.9499","amount":"297.8192","period":"PT1M","low":"297.66","multiplier":"1","beginTime":"1640549862","endTime":"2020-01-06T11:03-05:00[America/New_York]","close":"297.7","open":"297.9"}
{"volume":"92655.0","ticker":"AAPL","high":"297.96","amount":"297.7789","period":"PT1M","low":"297.65","multiplier":"1","beginTime":"1640549862","endTime":"2020-01-06T11:04-05:00[America/New_York]","close":"297.957","open":"297.68"}
{"volume":"81506.0","ticker":"AAPL","high":"298.11","amount":"298.0201","period":"PT1M","low":"297.88","multiplier":"1","beginTime":"1640549862","endTime":"2020-01-06T11:05-05:00[America/New_York]","close":"298.11","open":"297.93"}
{"volume":"133268.0","ticker":"AAPL","high":"298.39","amount":"298.2621","period":"PT1M","low":"298.105","multiplier":"1","beginTime":"1640549862","endTime":"2020-01-06T11:06-05:00[America/New_York]","close":"298.34","open":"298.105"}
{"volume":"117864.0","ticker":"AAPL","high":"298.43","amount":"298.3135","period":"PT1M","low":"298.21","multiplier":"1","beginTime":"1640549862","endTime":"2020-01-06T11:07-05:00[America/New_York]","close":"298.281","open":"298.3532"}
{"volume":"49574.0","ticker":"AAPL","high":"298.34","amount":"298.2781","period":"PT1M","low":"298.2","multiplier":"1","beginTime":"1640549862","endTime":"2020-01-06T11:08-05:00[America/New_York]","close":"298.3278","open":"298.28"}
{"volume":"70336.0","ticker":"AAPL","high":"298.49","amount":"298.388","period":"PT1M","low":"298.3","multiplier":"1","beginTime":"1640549862","endTime":"2020-01-06T11:09-05:00[America/New_York]","close":"298.4729","open":"298.3"}
{"volume":"159724.0","ticker":"AAPL","high":"298.86","amount":"298.632","period":"PT1M","low":"298.4766","multiplier":"1","beginTime":"1640549862","endTime":"2020-01-06T11:10-05:00[America/New_York]","close":"298.84","open":"298.4766"}
{"volume":"198726.0","ticker":"AAPL","high":"299.3598","amount":"299.0857","period":"PT1M","low":"298.84","multiplier":"1","beginTime":"1640549862","endTime":"2020-01-06T11:11-05:00[America/New_York]","close":"299.32","open":"298.85"}
{"volume":"147823.0","ticker":"AAPL","high":"299.43","amount":"299.2389","period":"PT1M","low":"299.07","multiplier":"1","beginTime":"1640549862","endTime":"2020-01-06T11:12-05:00[America/New_York]","close":"299.308","open":"299.3274"}
{"volume":"95392.0","ticker":"AAPL","high":"299.3799","amount":"299.2411","period":"PT1M","low":"299.16","multiplier":"1","beginTime":"1640549862","endTime":"2020-01-06T11:13-05:00[America/New_York]","close":"299.365","open":"299.3143"}
{"volume":"89949.0","ticker":"AAPL","high":"299.49","amount":"299.3633","period":"PT1M","low":"299.26","multiplier":"1","beginTime":"1640549862","endTime":"2020-01-06T11:14-05:00[America/New_York]","close":"299.4486","open":"299.3519"}
{"volume":"158741.0","ticker":"AAPL","high":"299.55","amount":"299.4833","period":"PT1M","low":"299.37","multiplier":"1","beginTime":"1640549862","endTime":"2020-01-06T11:15-05:00[America/New_York]","close":"299.51","open":"299.46"}
{"volume":"137032.0","ticker":"AAPL","high":"299.579","amount":"299.4543","period":"PT1M","low":"299.33","multiplier":"1","beginTime":"1640549862","endTime":"2020-01-06T11:16-05:00[America/New_York]","close":"299.44","open":"299.5223"}
{"volume":"57457.0","ticker":"AAPL","high":"299.555","amount":"299.4554","period":"PT1M","low":"299.36","multiplier":"1","beginTime":"1640549862","endTime":"2020-01-06T11:17-05:00[America/New_York]","close":"299.4","open":"299.44"}
{"volume":"82675.0","ticker":"AAPL","high":"299.4","amount":"299.3306","period":"PT1M","low":"299.23","multiplier":"1","beginTime":"1640549862","endTime":"2020-01-06T11:18-05:00[America/New_York]","close":"299.31","open":"299.38"}
{"volume":"59144.0","ticker":"AAPL","high":"299.3799","amount":"299.2645","period":"PT1M","low":"299.14","multiplier":"1","beginTime":"1640549862","endTime":"2020-01-06T11:19-05:00[America/New_York]","close":"299.19","open":"299.3"}
{"volume":"49834.0","ticker":"AAPL","high":"299.29","amount":"299.2116","period":"PT1M","low":"299.11","multiplier":"1","beginTime":"1640549862","endTime":"2020-01-06T11:20-05:00[America/New_York]","close":"299.2449","open":"299.1765"}
{"volume":"50101.0","ticker":"AAPL","high":"299.42","amount":"299.334","period":"PT1M","low":"299.2","multiplier":"1","beginTime":"1640549862","endTime":"2020-01-06T11:21-05:00[America/New_York]","close":"299.2525","open":"299.24"}
{"volume":"50174.0","ticker":"AAPL","high":"299.29","amount":"299.1888","period":"PT1M","low":"299.11","multiplier":"1","beginTime":"1640549862","endTime":"2020-01-06T11:22-05:00[America/New_York]","close":"299.1426","open":"299.24"}
{"volume":"54491.0","ticker":"AAPL","high":"299.2093","amount":"299.1612","period":"PT1M","low":"299.1","multiplier":"1","beginTime":"1640549862","endTime":"2020-01-06T11:23-05:00[America/New_York]","close":"299.15","open":"299.149"}
{"volume":"45877.0","ticker":"AAPL","high":"299.3","amount":"299.2466","period":"PT1M","low":"299.1573","multiplier":"1","beginTime":"1640549862","endTime":"2020-01-06T11:24-05:00[America/New_York]","close":"299.2648","open":"299.1747"}
{"volume":"90716.0","ticker":"AAPL","high":"299.26","amount":"299.0922","period":"PT1M","low":"298.97","multiplier":"1","beginTime":"1640549862","endTime":"2020-01-06T11:25-05:00[America/New_York]","close":"299.0035","open":"299.26"}
{"volume":"84570.0","ticker":"AAPL","high":"299.04","amount":"298.9623","period":"PT1M","low":"298.9","multiplier":"1","beginTime":"1640549862","endTime":"2020-01-06T11:26-05:00[America/New_York]","close":"298.9227","open":"298.98"}
{"volume":"52828.0","ticker":"AAPL","high":"299.06","amount":"299.0017","period":"PT1M","low":"298.9","multiplier":"1","beginTime":"1640549862","endTime":"2020-01-06T11:27-05:00[America/New_York]","close":"298.9","open":"298.9288"}
{"volume":"64292.0","ticker":"AAPL","high":"299.05","amount":"298.9295","period":"PT1M","low":"298.85","multiplier":"1","beginTime":"1640549862","endTime":"2020-01-06T11:28-05:00[America/New_York]","close":"299.05","open":"298.91"}
{"volume":"62060.0","ticker":"AAPL","high":"299.2462","amount":"299.1329","period":"PT1M","low":"298.9837","multiplier":"1","beginTime":"1640549862","endTime":"2020-01-06T11:29-05:00[America/New_York]","close":"299.21","open":"299.07"}
{"volume":"67146.0","ticker":"AAPL","high":"299.45","amount":"299.3279","period":"PT1M","low":"299.2","multiplier":"1","beginTime":"1640549862","endTime":"2020-01-06T11:30-05:00[America/New_York]","close":"299.3494","open":"299.2"}
{"volume":"110111.0","ticker":"AAPL","high":"299.51","amount":"299.4174","period":"PT1M","low":"299.34","multiplier":"1","beginTime":"1640549862","endTime":"2020-01-06T11:31-05:00[America/New_York]","close":"299.38","open":"299.36"}
{"volume":"51821.0","ticker":"AAPL","high":"299.5","amount":"299.4533","period":"PT1M","low":"299.37","multiplier":"1","beginTime":"1640549862","endTime":"2020-01-06T11:32-05:00[America/New_York]","close":"299.4472","open":"299.37"}
{"volume":"102636.0","ticker":"AAPL","high":"299.64","amount":"299.4769","period":"PT1M","low":"299.4493","multiplier":"1","beginTime":"1640549862","endTime":"2020-01-06T11:33-05:00[America/New_York]","close":"299.529","open":"299.45"}
{"volume":"74448.0","ticker":"AAPL","high":"299.55","amount":"299.341","period":"PT1M","low":"299.23","multiplier":"1","beginTime":"1640549862","endTime":"2020-01-06T11:34-05:00[America/New_York]","close":"299.25","open":"299.55"}
{"volume":"49646.0","ticker":"AAPL","high":"299.275","amount":"299.202","period":"PT1M","low":"299.11","multiplier":"1","beginTime":"1640549862","endTime":"2020-01-06T11:35-05:00[America/New_York]","close":"299.275","open":"299.252"}
{"volume":"56902.0","ticker":"AAPL","high":"299.4109","amount":"299.3375","period":"PT1M","low":"299.256","multiplier":"1","beginTime":"1640549862","endTime":"2020-01-06T11:36-05:00[America/New_York]","close":"299.33","open":"299.29"}
{"volume":"31783.0","ticker":"AAPL","high":"299.38","amount":"299.3477","period":"PT1M","low":"299.31","multiplier":"1","beginTime":"1640549862","endTime":"2020-01-06T11:37-05:00[America/New_York]","close":"299.347","open":"299.3262"}
{"volume":"21309.0","ticker":"AAPL","high":"299.37","amount":"299.3201","period":"PT1M","low":"299.26","multiplier":"1","beginTime":"1640549862","endTime":"2020-01-06T11:38-05:00[America/New_York]","close":"299.26","open":"299.36"}
{"volume":"58070.0","ticker":"AAPL","high":"299.278","amount":"299.1401","period":"PT1M","low":"299.05","multiplier":"1","beginTime":"1640549862","endTime":"2020-01-06T11:39-05:00[America/New_York]","close":"299.12","open":"299.278"}
{"volume":"44540.0","ticker":"AAPL","high":"299.25","amount":"299.2033","period":"PT1M","low":"299.1019","multiplier":"1","beginTime":"1640549862","endTime":"2020-01-06T11:40-05:00[America/New_York]","close":"299.19","open":"299.16"}
{"volume":"41454.0","ticker":"AAPL","high":"299.1711","amount":"299.0802","period":"PT1M","low":"299.0","multiplier":"1","beginTime":"1640549862","endTime":"2020-01-06T11:41-05:00[America/New_York]","close":"299.0","open":"299.1711"}
{"volume":"48483.0","ticker":"AAPL","high":"299.14","amount":"299.0258","period":"PT1M","low":"298.9727","multiplier":"1","beginTime":"1640549862","endTime":"2020-01-06T11:42-05:00[America/New_York]","close":"298.99","open":"299.01"}
{"volume":"72169.0","ticker":"AAPL","high":"299.019","amount":"298.8993","period":"PT1M","low":"298.77","multiplier":"1","beginTime":"1640549862","endTime":"2020-01-06T11:43-05:00[America/New_York]","close":"298.82","open":"299.0"}
{"volume":"53402.0","ticker":"AAPL","high":"298.9599","amount":"298.8942","period":"PT1M","low":"298.81","multiplier":"1","beginTime":"1640549862","endTime":"2020-01-06T11:44-05:00[America/New_York]","close":"298.88","open":"298.82"}
{"volume":"31238.0","ticker":"AAPL","high":"298.9","amount":"298.8789","period":"PT1M","low":"298.8","multiplier":"1","beginTime":"1640549862","endTime":"2020-01-06T11:45-05:00[America/New_York]","close":"298.8","open":"298.8748"}
{"volume":"53070.0","ticker":"AAPL","high":"298.9","amount":"298.7992","period":"PT1M","low":"298.71","multiplier":"1","beginTime":"1640549862","endTime":"2020-01-06T11:46-05:00[America/New_York]","close":"298.72","open":"298.805"}
{"volume":"66414.0","ticker":"AAPL","high":"298.82","amount":"298.6908","period":"PT1M","low":"298.568","multiplier":"1","beginTime":"1640549862","endTime":"2020-01-06T11:47-05:00[America/New_York]","close":"298.8044","open":"298.7187"}
{"volume":"35844.0","ticker":"AAPL","high":"298.88","amount":"298.8201","period":"PT1M","low":"298.78","multiplier":"1","beginTime":"1640549862","endTime":"2020-01-06T11:48-05:00[America/New_York]","close":"298.7911","open":"298.8"}
{"volume":"36604.0","ticker":"AAPL","high":"298.8","amount":"298.7208","period":"PT1M","low":"298.65","multiplier":"1","beginTime":"1640549862","endTime":"2020-01-06T11:49-05:00[America/New_York]","close":"298.7065","open":"298.8"}
{"volume":"40658.0","ticker":"AAPL","high":"298.74","amount":"298.6725","period":"PT1M","low":"298.57","multiplier":"1","beginTime":"1640549862","endTime":"2020-01-06T11:50-05:00[America/New_York]","close":"298.68","open":"298.7002"}
{"volume":"78306.0","ticker":"AAPL","high":"298.7","amount":"298.4721","period":"PT1M","low":"298.35","multiplier":"1","beginTime":"1640549862","endTime":"2020-01-06T11:51-05:00[America/New_York]","close":"298.39","open":"298.69"}
{"volume":"56064.0","ticker":"AAPL","high":"298.49","amount":"298.411","period":"PT1M","low":"298.34","multiplier":"1","beginTime":"1640549862","endTime":"2020-01-06T11:52-05:00[America/New_York]","close":"298.4005","open":"298.405"}
{"volume":"36216.0","ticker":"AAPL","high":"298.4509","amount":"298.3975","period":"PT1M","low":"298.36","multiplier":"1","beginTime":"1640549862","endTime":"2020-01-06T11:53-05:00[America/New_York]","close":"298.4364","open":"298.41"}
{"volume":"41127.0","ticker":"AAPL","high":"298.4799","amount":"298.382","period":"PT1M","low":"298.26","multiplier":"1","beginTime":"1640549862","endTime":"2020-01-06T11:54-05:00[America/New_York]","close":"298.26","open":"298.45"}
{"volume":"42873.0","ticker":"AAPL","high":"298.44","amount":"298.3499","period":"PT1M","low":"298.22","multiplier":"1","beginTime":"1640549862","endTime":"2020-01-06T11:55-05:00[America/New_York]","close":"298.3963","open":"298.2301"}
{"volume":"119250.0","ticker":"AAPL","high":"298.52","amount":"298.4723","period":"PT1M","low":"298.391","multiplier":"1","beginTime":"1640549862","endTime":"2020-01-06T11:56-05:00[America/New_York]","close":"298.47","open":"298.393"}
{"volume":"26758.0","ticker":"AAPL","high":"298.53","amount":"298.4973","period":"PT1M","low":"298.46","multiplier":"1","beginTime":"1640549862","endTime":"2020-01-06T11:57-05:00[America/New_York]","close":"298.4961","open":"298.4601"}
{"volume":"65588.0","ticker":"AAPL","high":"298.54","amount":"298.4965","period":"PT1M","low":"298.44","multiplier":"1","beginTime":"1640549862","endTime":"2020-01-06T11:58-05:00[America/New_York]","close":"298.44","open":"298.4988"}
{"volume":"27640.0","ticker":"AAPL","high":"298.53","amount":"298.4845","period":"PT1M","low":"298.43","multiplier":"1","beginTime":"1640549862","endTime":"2020-01-06T11:59-05:00[America/New_York]","close":"298.458","open":"298.44"}
{"volume":"80007.0","ticker":"AAPL","high":"298.46","amount":"298.4351","period":"PT1M","low":"298.301","multiplier":"1","beginTime":"1640549862","endTime":"2020-01-06T12:00-05:00[America/New_York]","close":"298.3794","open":"298.44"}
{"volume":"65335.0","ticker":"AAPL","high":"298.39","amount":"298.2444","period":"PT1M","low":"298.12","multiplier":"1","beginTime":"1640549862","endTime":"2020-01-06T12:01-05:00[America/New_York]","close":"298.159","open":"298.3764"}
{"volume":"39082.0","ticker":"AAPL","high":"298.22","amount":"298.1728","period":"PT1M","low":"298.11","multiplier":"1","beginTime":"1640549862","endTime":"2020-01-06T12:02-05:00[America/New_York]","close":"298.1203","open":"298.15"}
{"volume":"57839.0","ticker":"AAPL","high":"298.24","amount":"298.1241","period":"PT1M","low":"298.04","multiplier":"1","beginTime":"1640549862","endTime":"2020-01-06T12:03-05:00[America/New_York]","close":"298.116","open":"298.15"}
{"volume":"20232.0","ticker":"AAPL","high":"298.15","amount":"298.1393","period":"PT1M","low":"298.05","multiplier":"1","beginTime":"1640549862","endTime":"2020-01-06T12:04-05:00[America/New_York]","close":"298.05","open":"298.12"}
{"volume":"59166.0","ticker":"AAPL","high":"298.1794","amount":"298.049","period":"PT1M","low":"297.9443","multiplier":"1","beginTime":"1640549862","endTime":"2020-01-06T12:05-05:00[America/New_York]","close":"298.16","open":"298.0447"}
{"volume":"31512.0","ticker":"AAPL","high":"298.1694","amount":"298.1143","period":"PT1M","low":"298.06","multiplier":"1","beginTime":"1640549862","endTime":"2020-01-06T12:06-05:00[America/New_York]","close":"298.1","open":"298.1653"}
{"volume":"43510.0","ticker":"AAPL","high":"298.12","amount":"298.0622","period":"PT1M","low":"297.98","multiplier":"1","beginTime":"1640549862","endTime":"2020-01-06T12:07-05:00[America/New_York]","close":"298.04","open":"298.09"}
{"volume":"30111.0","ticker":"AAPL","high":"298.12","amount":"298.0525","period":"PT1M","low":"297.99","multiplier":"1","beginTime":"1640549862","endTime":"2020-01-06T12:08-05:00[America/New_York]","close":"298.0691","open":"298.04"}
{"volume":"52544.0","ticker":"AAPL","high":"298.25","amount":"298.1589","period":"PT1M","low":"298.08","multiplier":"1","beginTime":"1640549862","endTime":"2020-01-06T12:09-05:00[America/New_York]","close":"298.2487","open":"298.09"}
{"volume":"41855.0","ticker":"AAPL","high":"298.25","amount":"298.2154","period":"PT1M","low":"298.1401","multiplier":"1","beginTime":"1640549862","endTime":"2020-01-06T12:10-05:00[America/New_York]","close":"298.19","open":"298.2458"}
{"volume":"28846.0","ticker":"AAPL","high":"298.23","amount":"298.1831","period":"PT1M","low":"298.09","multiplier":"1","beginTime":"1640549862","endTime":"2020-01-06T12:11-05:00[America/New_York]","close":"298.09","open":"298.19"}
{"volume":"96457.0","ticker":"AAPL","high":"298.09","amount":"297.9226","period":"PT1M","low":"297.83","multiplier":"1","beginTime":"1640549862","endTime":"2020-01-06T12:12-05:00[America/New_York]","close":"297.895","open":"298.09"}
{"volume":"55862.0","ticker":"AAPL","high":"297.89","amount":"297.7808","period":"PT1M","low":"297.7","multiplier":"1","beginTime":"1640549862","endTime":"2020-01-06T12:13-05:00[America/New_York]","close":"297.73","open":"297.89"}
{"volume":"79511.0","ticker":"AAPL","high":"297.72","amount":"297.6471","period":"PT1M","low":"297.55","multiplier":"1","beginTime":"1640549862","endTime":"2020-01-06T12:14-05:00[America/New_York]","close":"297.58","open":"297.72"}
{"volume":"83980.0","ticker":"AAPL","high":"297.71","amount":"297.5592","period":"PT1M","low":"297.46","multiplier":"1","beginTime":"1640549862","endTime":"2020-01-06T12:15-05:00[America/New_York]","close":"297.6965","open":"297.5798"}
{"volume":"77950.0","ticker":"AAPL","high":"297.72","amount":"297.6316","period":"PT1M","low":"297.5576","multiplier":"1","beginTime":"1640549862","endTime":"2020-01-06T12:16-05:00[America/New_York]","close":"297.621","open":"297.69"}
{"volume":"67864.0","ticker":"AAPL","high":"297.63","amount":"297.5083","period":"PT1M","low":"297.3475","multiplier":"1","beginTime":"1640549862","endTime":"2020-01-06T12:17-05:00[America/New_York]","close":"297.3794","open":"297.61"}
{"volume":"86663.0","ticker":"AAPL","high":"297.42","amount":"297.2749","period":"PT1M","low":"297.14","multiplier":"1","beginTime":"1640549862","endTime":"2020-01-06T12:18-05:00[America/New_York]","close":"297.24","open":"297.39"}
{"volume":"72938.0","ticker":"AAPL","high":"297.4849","amount":"297.3734","period":"PT1M","low":"297.23","multiplier":"1","beginTime":"1640549862","endTime":"2020-01-06T12:19-05:00[America/New_York]","close":"297.3502","open":"297.2525"}
{"volume":"87357.0","ticker":"AAPL","high":"297.4","amount":"297.2863","period":"PT1M","low":"297.19","multiplier":"1","beginTime":"1640549862","endTime":"2020-01-06T12:20-05:00[America/New_York]","close":"297.24","open":"297.3601"}
{"volume":"66797.0","ticker":"AAPL","high":"297.48","amount":"297.372","period":"PT1M","low":"297.2","multiplier":"1","beginTime":"1640549862","endTime":"2020-01-06T12:21-05:00[America/New_York]","close":"297.45","open":"297.2357"}
{"volume":"76981.0","ticker":"AAPL","high":"297.69","amount":"297.5585","period":"PT1M","low":"297.42","multiplier":"1","beginTime":"1640549862","endTime":"2020-01-06T12:22-05:00[America/New_York]","close":"297.6238","open":"297.45"}
{"volume":"72939.0","ticker":"AAPL","high":"297.8","amount":"297.7414","period":"PT1M","low":"297.64","multiplier":"1","beginTime":"1640549862","endTime":"2020-01-06T12:23-05:00[America/New_York]","close":"297.7743","open":"297.64"}
{"volume":"64051.0","ticker":"AAPL","high":"297.86","amount":"297.7774","period":"PT1M","low":"297.71","multiplier":"1","beginTime":"1640549862","endTime":"2020-01-06T12:24-05:00[America/New_York]","close":"297.83","open":"297.7834"}
{"volume":"46664.0","ticker":"AAPL","high":"297.86","amount":"297.8122","period":"PT1M","low":"297.75","multiplier":"1","beginTime":"1640549862","endTime":"2020-01-06T12:25-05:00[America/New_York]","close":"297.77","open":"297.85"}
{"volume":"50442.0","ticker":"AAPL","high":"297.91","amount":"297.7723","period":"PT1M","low":"297.7","multiplier":"1","beginTime":"1640549862","endTime":"2020-01-06T12:26-05:00[America/New_York]","close":"297.91","open":"297.77"}
{"volume":"36557.0","ticker":"AAPL","high":"297.94","amount":"297.8883","period":"PT1M","low":"297.8275","multiplier":"1","beginTime":"1640549862","endTime":"2020-01-06T12:27-05:00[America/New_York]","close":"297.94","open":"297.92"}
{"volume":"52757.0","ticker":"AAPL","high":"298.0504","amount":"297.9642","period":"PT1M","low":"297.85","multiplier":"1","beginTime":"1640549862","endTime":"2020-01-06T12:28-05:00[America/New_York]","close":"297.85","open":"297.9499"}
{"volume":"29778.0","ticker":"AAPL","high":"297.88","amount":"297.8589","period":"PT1M","low":"297.8","multiplier":"1","beginTime":"1640549862","endTime":"2020-01-06T12:29-05:00[America/New_York]","close":"297.87","open":"297.86"}
{"volume":"32479.0","ticker":"AAPL","high":"298.01","amount":"297.9573","period":"PT1M","low":"297.88","multiplier":"1","beginTime":"1640549862","endTime":"2020-01-06T12:30-05:00[America/New_York]","close":"297.94","open":"297.88"}
{"volume":"28436.0","ticker":"AAPL","high":"297.99","amount":"297.9209","period":"PT1M","low":"297.81","multiplier":"1","beginTime":"1640549862","endTime":"2020-01-06T12:31-05:00[America/New_York]","close":"297.89","open":"297.961"}
{"volume":"18771.0","ticker":"AAPL","high":"297.9199","amount":"297.8791","period":"PT1M","low":"297.83","multiplier":"1","beginTime":"1640549862","endTime":"2020-01-06T12:32-05:00[America/New_York]","close":"297.9146","open":"297.9"}
{"volume":"23531.0","ticker":"AAPL","high":"297.94","amount":"297.9186","period":"PT1M","low":"297.89","multiplier":"1","beginTime":"1640549862","endTime":"2020-01-06T12:33-05:00[America/New_York]","close":"297.91","open":"297.91"}
{"volume":"32165.0","ticker":"AAPL","high":"297.935","amount":"297.8484","period":"PT1M","low":"297.76","multiplier":"1","beginTime":"1640549862","endTime":"2020-01-06T12:34-05:00[America/New_York]","close":"297.92","open":"297.8943"}
{"volume":"32254.0","ticker":"AAPL","high":"298.06","amount":"297.9732","period":"PT1M","low":"297.87","multiplier":"1","beginTime":"1640549862","endTime":"2020-01-06T12:35-05:00[America/New_York]","close":"297.96","open":"297.93"}
{"volume":"18953.0","ticker":"AAPL","high":"297.95","amount":"297.8955","period":"PT1M","low":"297.86","multiplier":"1","beginTime":"1640549862","endTime":"2020-01-06T12:36-05:00[America/New_York]","close":"297.8831","open":"297.9327"}
{"volume":"28768.0","ticker":"AAPL","high":"297.941","amount":"297.8733","period":"PT1M","low":"297.77","multiplier":"1","beginTime":"1640549862","endTime":"2020-01-06T12:37-05:00[America/New_York]","close":"297.7806","open":"297.8823"}
{"volume":"18671.0","ticker":"AAPL","high":"297.8299","amount":"297.7929","period":"PT1M","low":"297.76","multiplier":"1","beginTime":"1640549862","endTime":"2020-01-06T12:38-05:00[America/New_York]","close":"297.7742","open":"297.79"}
{"volume":"24539.0","ticker":"AAPL","high":"297.8075","amount":"297.7833","period":"PT1M","low":"297.76","multiplier":"1","beginTime":"1640549862","endTime":"2020-01-06T12:39-05:00[America/New_York]","close":"297.7894","open":"297.794"}
{"volume":"58110.0","ticker":"AAPL","high":"297.8599","amount":"297.78","period":"PT1M","low":"297.71","multiplier":"1","beginTime":"1640549862","endTime":"2020-01-06T12:40-05:00[America/New_York]","close":"297.845","open":"297.78"}
{"volume":"63982.0","ticker":"AAPL","high":"298.01","amount":"297.9485","period":"PT1M","low":"297.86","multiplier":"1","beginTime":"1640549862","endTime":"2020-01-06T12:41-05:00[America/New_York]","close":"297.9466","open":"297.86"}
{"volume":"49320.0","ticker":"AAPL","high":"298.03","amount":"297.9908","period":"PT1M","low":"297.9194","multiplier":"1","beginTime":"1640549862","endTime":"2020-01-06T12:42-05:00[America/New_York]","close":"297.98","open":"297.9428"}
{"volume":"39458.0","ticker":"AAPL","high":"298.15","amount":"298.0292","period":"PT1M","low":"297.94","multiplier":"1","beginTime":"1640549862","endTime":"2020-01-06T12:43-05:00[America/New_York]","close":"298.12","open":"297.97"}
{"volume":"39585.0","ticker":"AAPL","high":"298.24","amount":"298.1729","period":"PT1M","low":"298.1","multiplier":"1","beginTime":"1640549862","endTime":"2020-01-06T12:44-05:00[America/New_York]","close":"298.18","open":"298.1"}
{"volume":"43607.0","ticker":"AAPL","high":"298.2207","amount":"298.1346","period":"PT1M","low":"298.03","multiplier":"1","beginTime":"1640549862","endTime":"2020-01-06T12:45-05:00[America/New_York]","close":"298.0844","open":"298.2009"}
{"volume":"25295.0","ticker":"AAPL","high":"298.2093","amount":"298.1429","period":"PT1M","low":"298.0725","multiplier":"1","beginTime":"1640549862","endTime":"2020-01-06T12:46-05:00[America/New_York]","close":"298.16","open":"298.0725"}
{"volume":"22192.0","ticker":"AAPL","high":"298.24","amount":"298.202","period":"PT1M","low":"298.16","multiplier":"1","beginTime":"1640549862","endTime":"2020-01-06T12:47-05:00[America/New_York]","close":"298.1798","open":"298.165"}
{"volume":"15059.0","ticker":"AAPL","high":"298.18","amount":"298.1581","period":"PT1M","low":"298.13","multiplier":"1","beginTime":"1640549862","endTime":"2020-01-06T12:48-05:00[America/New_York]","close":"298.15","open":"298.16"}
{"volume":"26249.0","ticker":"AAPL","high":"298.1932","amount":"298.1372","period":"PT1M","low":"298.1","multiplier":"1","beginTime":"1640549862","endTime":"2020-01-06T12:49-05:00[America/New_York]","close":"298.1443","open":"298.1564"}
{"volume":"16790.0","ticker":"AAPL","high":"298.2281","amount":"298.1609","period":"PT1M","low":"298.1","multiplier":"1","beginTime":"1640549862","endTime":"2020-01-06T12:50-05:00[America/New_York]","close":"298.1313","open":"298.14"}
{"volume":"31706.0","ticker":"AAPL","high":"298.1291","amount":"298.0252","period":"PT1M","low":"297.93","multiplier":"1","beginTime":"1640549862","endTime":"2020-01-06T12:51-05:00[America/New_York]","close":"297.95","open":"298.1291"}
{"volume":"34026.0","ticker":"AAPL","high":"297.9499","amount":"297.8533","period":"PT1M","low":"297.76","multiplier":"1","beginTime":"1640549862","endTime":"2020-01-06T12:52-05:00[America/New_York]","close":"297.765","open":"297.93"}
{"volume":"42038.0","ticker":"AAPL","high":"297.88","amount":"297.7991","period":"PT1M","low":"297.74","multiplier":"1","beginTime":"1640549862","endTime":"2020-01-06T12:53-05:00[America/New_York]","close":"297.755","open":"297.77"}
{"volume":"24445.0","ticker":"AAPL","high":"297.76","amount":"297.7032","period":"PT1M","low":"297.64","multiplier":"1","beginTime":"1640549862","endTime":"2020-01-06T12:54-05:00[America/New_York]","close":"297.665","open":"297.74"}
{"volume":"30110.0","ticker":"AAPL","high":"297.8202","amount":"297.7253","period":"PT1M","low":"297.6522","multiplier":"1","beginTime":"1640549862","endTime":"2020-01-06T12:55-05:00[America/New_York]","close":"297.8","open":"297.69"}
{"volume":"30469.0","ticker":"AAPL","high":"297.8641","amount":"297.8265","period":"PT1M","low":"297.7899","multiplier":"1","beginTime":"1640549862","endTime":"2020-01-06T12:56-05:00[America/New_York]","close":"297.8198","open":"297.814"}
{"volume":"24657.0","ticker":"AAPL","high":"297.97","amount":"297.86","period":"PT1M","low":"297.76","multiplier":"1","beginTime":"1640549862","endTime":"2020-01-06T12:57-05:00[America/New_York]","close":"297.955","open":"297.795"}
{"volume":"33420.0","ticker":"AAPL","high":"298.0527","amount":"297.9922","period":"PT1M","low":"297.95","multiplier":"1","beginTime":"1640549862","endTime":"2020-01-06T12:58-05:00[America/New_York]","close":"298.0495","open":"297.95"}
{"volume":"18192.0","ticker":"AAPL","high":"298.16","amount":"298.1015","period":"PT1M","low":"298.01","multiplier":"1","beginTime":"1640549862","endTime":"2020-01-06T12:59-05:00[America/New_York]","close":"298.125","open":"298.03"}
{"volume":"23055.0","ticker":"AAPL","high":"298.1549","amount":"298.0826","period":"PT1M","low":"298.04","multiplier":"1","beginTime":"1640549862","endTime":"2020-01-06T13:00-05:00[America/New_York]","close":"298.08","open":"298.1549"}
{"volume":"28030.0","ticker":"AAPL","high":"298.2","amount":"298.1242","period":"PT1M","low":"298.05","multiplier":"1","beginTime":"1640549862","endTime":"2020-01-06T13:01-05:00[America/New_York]","close":"298.1631","open":"298.085"}
{"volume":"16841.0","ticker":"AAPL","high":"298.1722","amount":"298.1083","period":"PT1M","low":"298.05","multiplier":"1","beginTime":"1640549862","endTime":"2020-01-06T13:02-05:00[America/New_York]","close":"298.1399","open":"298.1722"}
{"volume":"25186.0","ticker":"AAPL","high":"298.15","amount":"298.1192","period":"PT1M","low":"298.08","multiplier":"1","beginTime":"1640549862","endTime":"2020-01-06T13:03-05:00[America/New_York]","close":"298.0984","open":"298.138"}
{"volume":"17643.0","ticker":"AAPL","high":"298.14","amount":"298.1137","period":"PT1M","low":"298.0816","multiplier":"1","beginTime":"1640549862","endTime":"2020-01-06T13:04-05:00[America/New_York]","close":"298.11","open":"298.0938"}
{"volume":"27247.0","ticker":"AAPL","high":"298.16","amount":"298.1317","period":"PT1M","low":"298.1","multiplier":"1","beginTime":"1640549862","endTime":"2020-01-06T13:05-05:00[America/New_York]","close":"298.14","open":"298.1173"}
{"volume":"118779.0","ticker":"AAPL","high":"298.28","amount":"298.2261","period":"PT1M","low":"298.11","multiplier":"1","beginTime":"1640549862","endTime":"2020-01-06T13:06-05:00[America/New_York]","close":"298.28","open":"298.16"}
{"volume":"50718.0","ticker":"AAPL","high":"298.42","amount":"298.3468","period":"PT1M","low":"298.27","multiplier":"1","beginTime":"1640549862","endTime":"2020-01-06T13:07-05:00[America/New_York]","close":"298.39","open":"298.29"}
{"volume":"45479.0","ticker":"AAPL","high":"298.5","amount":"298.4167","period":"PT1M","low":"298.32","multiplier":"1","beginTime":"1640549862","endTime":"2020-01-06T13:08-05:00[America/New_York]","close":"298.4575","open":"298.4137"}
{"volume":"40085.0","ticker":"AAPL","high":"298.49","amount":"298.3746","period":"PT1M","low":"298.2601","multiplier":"1","beginTime":"1640549862","endTime":"2020-01-06T13:09-05:00[America/New_York]","close":"298.3199","open":"298.465"}
{"volume":"21771.0","ticker":"AAPL","high":"298.4267","amount":"298.3707","period":"PT1M","low":"298.3","multiplier":"1","beginTime":"1640549862","endTime":"2020-01-06T13:10-05:00[America/New_York]","close":"298.4267","open":"298.3127"}
{"volume":"37267.0","ticker":"AAPL","high":"298.54","amount":"298.4853","period":"PT1M","low":"298.43","multiplier":"1","beginTime":"1640549862","endTime":"2020-01-06T13:11-05:00[America/New_York]","close":"298.526","open":"298.43"}
{"volume":"38463.0","ticker":"AAPL","high":"298.61","amount":"298.5822","period":"PT1M","low":"298.55","multiplier":"1","beginTime":"1640549862","endTime":"2020-01-06T13:12-05:00[America/New_York]","close":"298.59","open":"298.55"}
{"volume":"61610.0","ticker":"AAPL","high":"298.7599","amount":"298.6766","period":"PT1M","low":"298.59","multiplier":"1","beginTime":"1640549862","endTime":"2020-01-06T13:13-05:00[America/New_York]","close":"298.7599","open":"298.59"}
{"volume":"49635.0","ticker":"AAPL","high":"298.79","amount":"298.6806","period":"PT1M","low":"298.58","multiplier":"1","beginTime":"1640549862","endTime":"2020-01-06T13:14-05:00[America/New_York]","close":"298.6343","open":"298.749"}
{"volume":"49739.0","ticker":"AAPL","high":"298.8","amount":"298.681","period":"PT1M","low":"298.53","multiplier":"1","beginTime":"1640549862","endTime":"2020-01-06T13:15-05:00[America/New_York]","close":"298.7943","open":"298.6265"}
{"volume":"51335.0","ticker":"AAPL","high":"298.85","amount":"298.7935","period":"PT1M","low":"298.73","multiplier":"1","beginTime":"1640549862","endTime":"2020-01-06T13:16-05:00[America/New_York]","close":"298.82","open":"298.77"}
{"volume":"35068.0","ticker":"AAPL","high":"298.88","amount":"298.8435","period":"PT1M","low":"298.81","multiplier":"1","beginTime":"1640549862","endTime":"2020-01-06T13:17-05:00[America/New_York]","close":"298.86","open":"298.81"}
{"volume":"35693.0","ticker":"AAPL","high":"298.865","amount":"298.7795","period":"PT1M","low":"298.71","multiplier":"1","beginTime":"1640549862","endTime":"2020-01-06T13:18-05:00[America/New_York]","close":"298.7954","open":"298.865"}
{"volume":"21379.0","ticker":"AAPL","high":"298.82","amount":"298.7596","period":"PT1M","low":"298.67","multiplier":"1","beginTime":"1640549862","endTime":"2020-01-06T13:19-05:00[America/New_York]","close":"298.67","open":"298.798"}
{"volume":"36859.0","ticker":"AAPL","high":"298.7872","amount":"298.7385","period":"PT1M","low":"298.68","multiplier":"1","beginTime":"1640549862","endTime":"2020-01-06T13:20-05:00[America/New_York]","close":"298.75","open":"298.68"}
{"volume":"43036.0","ticker":"AAPL","high":"298.77","amount":"298.5878","period":"PT1M","low":"298.48","multiplier":"1","beginTime":"1640549862","endTime":"2020-01-06T13:21-05:00[America/New_York]","close":"298.59","open":"298.77"}
{"volume":"16036.0","ticker":"AAPL","high":"298.5914","amount":"298.5739","period":"PT1M","low":"298.54","multiplier":"1","beginTime":"1640549862","endTime":"2020-01-06T13:22-05:00[America/New_York]","close":"298.59","open":"298.5914"}
{"volume":"37321.0","ticker":"AAPL","high":"298.59","amount":"298.5136","period":"PT1M","low":"298.43","multiplier":"1","beginTime":"1640549862","endTime":"2020-01-06T13:23-05:00[America/New_York]","close":"298.4549","open":"298.5837"}
{"volume":"35499.0","ticker":"AAPL","high":"298.6437","amount":"298.5763","period":"PT1M","low":"298.45","multiplier":"1","beginTime":"1640549862","endTime":"2020-01-06T13:24-05:00[America/New_York]","close":"298.64","open":"298.45"}
{"volume":"22019.0","ticker":"AAPL","high":"298.7148","amount":"298.6554","period":"PT1M","low":"298.59","multiplier":"1","beginTime":"1640549862","endTime":"2020-01-06T13:25-05:00[America/New_York]","close":"298.7","open":"298.6532"}
{"volume":"35152.0","ticker":"AAPL","high":"298.78","amount":"298.7222","period":"PT1M","low":"298.6601","multiplier":"1","beginTime":"1640549862","endTime":"2020-01-06T13:26-05:00[America/New_York]","close":"298.7215","open":"298.7258"}
{"volume":"29470.0","ticker":"AAPL","high":"298.85","amount":"298.7904","period":"PT1M","low":"298.71","multiplier":"1","beginTime":"1640549862","endTime":"2020-01-06T13:27-05:00[America/New_York]","close":"298.82","open":"298.7249"}
{"volume":"27536.0","ticker":"AAPL","high":"298.85","amount":"298.8168","period":"PT1M","low":"298.78","multiplier":"1","beginTime":"1640549862","endTime":"2020-01-06T13:28-05:00[America/New_York]","close":"298.78","open":"298.8301"}
{"volume":"21934.0","ticker":"AAPL","high":"298.8051","amount":"298.7766","period":"PT1M","low":"298.75","multiplier":"1","beginTime":"1640549862","endTime":"2020-01-06T13:29-05:00[America/New_York]","close":"298.75","open":"298.78"}
{"volume":"38118.0","ticker":"AAPL","high":"298.88","amount":"298.8249","period":"PT1M","low":"298.76","multiplier":"1","beginTime":"1640549862","endTime":"2020-01-06T13:30-05:00[America/New_York]","close":"298.86","open":"298.77"}
{"volume":"34130.0","ticker":"AAPL","high":"298.9","amount":"298.8495","period":"PT1M","low":"298.78","multiplier":"1","beginTime":"1640549862","endTime":"2020-01-06T13:31-05:00[America/New_York]","close":"298.81","open":"298.88"}
{"volume":"26153.0","ticker":"AAPL","high":"298.87","amount":"298.8401","period":"PT1M","low":"298.8","multiplier":"1","beginTime":"1640549862","endTime":"2020-01-06T13:32-05:00[America/New_York]","close":"298.84","open":"298.802"}
{"volume":"24291.0","ticker":"AAPL","high":"298.84","amount":"298.7922","period":"PT1M","low":"298.75","multiplier":"1","beginTime":"1640549862","endTime":"2020-01-06T13:33-05:00[America/New_York]","close":"298.805","open":"298.82"}
{"volume":"30050.0","ticker":"AAPL","high":"298.84","amount":"298.7699","period":"PT1M","low":"298.72","multiplier":"1","beginTime":"1640549862","endTime":"2020-01-06T13:34-05:00[America/New_York]","close":"298.73","open":"298.81"}
{"volume":"14778.0","ticker":"AAPL","high":"298.79","amount":"298.7653","period":"PT1M","low":"298.73","multiplier":"1","beginTime":"1640549862","endTime":"2020-01-06T13:35-05:00[America/New_York]","close":"298.7539","open":"298.76"}
{"volume":"28957.0","ticker":"AAPL","high":"298.9","amount":"298.8559","period":"PT1M","low":"298.765","multiplier":"1","beginTime":"1640549862","endTime":"2020-01-06T13:36-05:00[America/New_York]","close":"298.855","open":"298.765"}
{"volume":"30459.0","ticker":"AAPL","high":"298.91","amount":"298.8612","period":"PT1M","low":"298.81","multiplier":"1","beginTime":"1640549862","endTime":"2020-01-06T13:37-05:00[America/New_York]","close":"298.8975","open":"298.85"}
{"volume":"41875.0","ticker":"AAPL","high":"298.9699","amount":"298.9156","period":"PT1M","low":"298.88","multiplier":"1","beginTime":"1640549862","endTime":"2020-01-06T13:38-05:00[America/New_York]","close":"298.885","open":"298.9006"}
{"volume":"25083.0","ticker":"AAPL","high":"298.9","amount":"298.8525","period":"PT1M","low":"298.81","multiplier":"1","beginTime":"1640549862","endTime":"2020-01-06T13:39-05:00[America/New_York]","close":"298.8578","open":"298.8806"}
{"volume":"28746.0","ticker":"AAPL","high":"298.9399","amount":"298.8994","period":"PT1M","low":"298.8519","multiplier":"1","beginTime":"1640549862","endTime":"2020-01-06T13:40-05:00[America/New_York]","close":"298.91","open":"298.8566"}
{"volume":"30561.0","ticker":"AAPL","high":"298.96","amount":"298.9166","period":"PT1M","low":"298.82","multiplier":"1","beginTime":"1640549862","endTime":"2020-01-06T13:41-05:00[America/New_York]","close":"298.82","open":"298.9109"}
{"volume":"18086.0","ticker":"AAPL","high":"298.9","amount":"298.8779","period":"PT1M","low":"298.82","multiplier":"1","beginTime":"1640549862","endTime":"2020-01-06T13:42-05:00[America/New_York]","close":"298.9","open":"298.8203"}
{"volume":"32861.0","ticker":"AAPL","high":"298.91","amount":"298.8975","period":"PT1M","low":"298.88","multiplier":"1","beginTime":"1640549862","endTime":"2020-01-06T13:43-05:00[America/New_York]","close":"298.9","open":"298.8805"}
{"volume":"28248.0","ticker":"AAPL","high":"298.93","amount":"298.8928","period":"PT1M","low":"298.85","multiplier":"1","beginTime":"1640549862","endTime":"2020-01-06T13:44-05:00[America/New_York]","close":"298.893","open":"298.9052"}
{"volume":"34797.0","ticker":"AAPL","high":"298.91","amount":"298.8973","period":"PT1M","low":"298.88","multiplier":"1","beginTime":"1640549862","endTime":"2020-01-06T13:45-05:00[America/New_York]","close":"298.882","open":"298.8904"}
{"volume":"42899.0","ticker":"AAPL","high":"298.98","amount":"298.9261","period":"PT1M","low":"298.8801","multiplier":"1","beginTime":"1640549862","endTime":"2020-01-06T13:46-05:00[America/New_York]","close":"298.97","open":"298.8801"}
{"volume":"92721.0","ticker":"AAPL","high":"299.15","amount":"299.0456","period":"PT1M","low":"298.98","multiplier":"1","beginTime":"1640549862","endTime":"2020-01-06T13:47-05:00[America/New_York]","close":"299.0438","open":"298.98"}
{"volume":"28979.0","ticker":"AAPL","high":"299.1","amount":"299.0757","period":"PT1M","low":"299.04","multiplier":"1","beginTime":"1640549862","endTime":"2020-01-06T13:48-05:00[America/New_York]","close":"299.0999","open":"299.065"}
{"volume":"48778.0","ticker":"AAPL","high":"299.22","amount":"299.1271","period":"PT1M","low":"299.04","multiplier":"1","beginTime":"1640549862","endTime":"2020-01-06T13:49-05:00[America/New_York]","close":"299.0553","open":"299.09"}
{"volume":"46550.0","ticker":"AAPL","high":"299.1112","amount":"299.0804","period":"PT1M","low":"299.04","multiplier":"1","beginTime":"1640549862","endTime":"2020-01-06T13:50-05:00[America/New_York]","close":"299.07","open":"299.055"}
{"volume":"27650.0","ticker":"AAPL","high":"299.19","amount":"299.1195","period":"PT1M","low":"299.06","multiplier":"1","beginTime":"1640549862","endTime":"2020-01-06T13:51-05:00[America/New_York]","close":"299.11","open":"299.0737"}
{"volume":"90719.0","ticker":"AAPL","high":"299.315","amount":"299.2383","period":"PT1M","low":"299.1244","multiplier":"1","beginTime":"1640549862","endTime":"2020-01-06T13:52-05:00[America/New_York]","close":"299.3109","open":"299.1244"}
{"volume":"62853.0","ticker":"AAPL","high":"299.37","amount":"299.3179","period":"PT1M","low":"299.24","multiplier":"1","beginTime":"1640549862","endTime":"2020-01-06T13:53-05:00[America/New_York]","close":"299.33","open":"299.32"}
{"volume":"28377.0","ticker":"AAPL","high":"299.3298","amount":"299.2482","period":"PT1M","low":"299.17","multiplier":"1","beginTime":"1640549862","endTime":"2020-01-06T13:54-05:00[America/New_York]","close":"299.2163","open":"299.32"}
{"volume":"30136.0","ticker":"AAPL","high":"299.28","amount":"299.196","period":"PT1M","low":"299.12","multiplier":"1","beginTime":"1640549862","endTime":"2020-01-06T13:55-05:00[America/New_York]","close":"299.14","open":"299.2"}
{"volume":"34905.0","ticker":"AAPL","high":"299.1909","amount":"299.1076","period":"PT1M","low":"299.02","multiplier":"1","beginTime":"1640549862","endTime":"2020-01-06T13:56-05:00[America/New_York]","close":"299.1746","open":"299.1438"}
{"volume":"19457.0","ticker":"AAPL","high":"299.1701","amount":"299.1415","period":"PT1M","low":"299.1","multiplier":"1","beginTime":"1640549862","endTime":"2020-01-06T13:57-05:00[America/New_York]","close":"299.1173","open":"299.1701"}
{"volume":"25847.0","ticker":"AAPL","high":"299.24","amount":"299.1677","period":"PT1M","low":"299.12","multiplier":"1","beginTime":"1640549862","endTime":"2020-01-06T13:58-05:00[America/New_York]","close":"299.24","open":"299.1305"}
{"volume":"25314.0","ticker":"AAPL","high":"299.27","amount":"299.2074","period":"PT1M","low":"299.14","multiplier":"1","beginTime":"1640549862","endTime":"2020-01-06T13:59-05:00[America/New_York]","close":"299.1932","open":"299.2499"}
{"volume":"50949.0","ticker":"AAPL","high":"299.21","amount":"299.1526","period":"PT1M","low":"299.09","multiplier":"1","beginTime":"1640549862","endTime":"2020-01-06T14:00-05:00[America/New_York]","close":"299.11","open":"299.19"}
{"volume":"37882.0","ticker":"AAPL","high":"299.15","amount":"299.1155","period":"PT1M","low":"299.06","multiplier":"1","beginTime":"1640549862","endTime":"2020-01-06T14:01-05:00[America/New_York]","close":"299.13","open":"299.1001"}
{"volume":"46897.0","ticker":"AAPL","high":"299.31","amount":"299.2505","period":"PT1M","low":"299.1641","multiplier":"1","beginTime":"1640549862","endTime":"2020-01-06T14:02-05:00[America/New_York]","close":"299.3","open":"299.1641"}
{"volume":"104734.0","ticker":"AAPL","high":"299.49","amount":"299.3946","period":"PT1M","low":"299.2601","multiplier":"1","beginTime":"1640549862","endTime":"2020-01-06T14:03-05:00[America/New_York]","close":"299.47","open":"299.2954"}
{"volume":"82957.0","ticker":"AAPL","high":"299.5477","amount":"299.5013","period":"PT1M","low":"299.45","multiplier":"1","beginTime":"1640549862","endTime":"2020-01-06T14:04-05:00[America/New_York]","close":"299.535","open":"299.4654"}
{"volume":"79023.0","ticker":"AAPL","high":"299.65","amount":"299.5734","period":"PT1M","low":"299.4492","multiplier":"1","beginTime":"1640549862","endTime":"2020-01-06T14:05-05:00[America/New_York]","close":"299.4975","open":"299.54"}
{"volume":"32282.0","ticker":"AAPL","high":"299.56","amount":"299.4945","period":"PT1M","low":"299.43","multiplier":"1","beginTime":"1640549862","endTime":"2020-01-06T14:06-05:00[America/New_York]","close":"299.5501","open":"299.5"}
{"volume":"66149.0","ticker":"AAPL","high":"299.63","amount":"299.5042","period":"PT1M","low":"299.42","multiplier":"1","beginTime":"1640549862","endTime":"2020-01-06T14:07-05:00[America/New_York]","close":"299.4838","open":"299.56"}
{"volume":"40809.0","ticker":"AAPL","high":"299.54","amount":"299.4816","period":"PT1M","low":"299.4","multiplier":"1","beginTime":"1640549862","endTime":"2020-01-06T14:08-05:00[America/New_York]","close":"299.505","open":"299.4862"}
{"volume":"37854.0","ticker":"AAPL","high":"299.6","amount":"299.5395","period":"PT1M","low":"299.49","multiplier":"1","beginTime":"1640549862","endTime":"2020-01-06T14:09-05:00[America/New_York]","close":"299.5825","open":"299.51"}
{"volume":"55583.0","ticker":"AAPL","high":"299.64","amount":"299.6029","period":"PT1M","low":"299.54","multiplier":"1","beginTime":"1640549862","endTime":"2020-01-06T14:10-05:00[America/New_York]","close":"299.61","open":"299.5966"}
{"volume":"65883.0","ticker":"AAPL","high":"299.67","amount":"299.6209","period":"PT1M","low":"299.56","multiplier":"1","beginTime":"1640549862","endTime":"2020-01-06T14:11-05:00[America/New_York]","close":"299.58","open":"299.6"}
{"volume":"113879.0","ticker":"AAPL","high":"299.85","amount":"299.7344","period":"PT1M","low":"299.5634","multiplier":"1","beginTime":"1640549862","endTime":"2020-01-06T14:12-05:00[America/New_York]","close":"299.8","open":"299.5801"}
{"volume":"54649.0","ticker":"AAPL","high":"299.915","amount":"299.8653","period":"PT1M","low":"299.81","multiplier":"1","beginTime":"1640549862","endTime":"2020-01-06T14:13-05:00[America/New_York]","close":"299.8799","open":"299.83"}
{"volume":"64580.0","ticker":"AAPL","high":"299.96","amount":"299.9049","period":"PT1M","low":"299.8","multiplier":"1","beginTime":"1640549862","endTime":"2020-01-06T14:14-05:00[America/New_York]","close":"299.93","open":"299.86"}
{"volume":"45871.0","ticker":"AAPL","high":"299.96","amount":"299.8919","period":"PT1M","low":"299.82","multiplier":"1","beginTime":"1640549862","endTime":"2020-01-06T14:15-05:00[America/New_York]","close":"299.8251","open":"299.93"}
{"volume":"52761.0","ticker":"AAPL","high":"299.8274","amount":"299.7449","period":"PT1M","low":"299.69","multiplier":"1","beginTime":"1640549862","endTime":"2020-01-06T14:16-05:00[America/New_York]","close":"299.73","open":"299.8161"}
{"volume":"27817.0","ticker":"AAPL","high":"299.78","amount":"299.7372","period":"PT1M","low":"299.6668","multiplier":"1","beginTime":"1640549862","endTime":"2020-01-06T14:17-05:00[America/New_York]","close":"299.68","open":"299.73"}
{"volume":"32733.0","ticker":"AAPL","high":"299.7","amount":"299.6544","period":"PT1M","low":"299.6301","multiplier":"1","beginTime":"1640549862","endTime":"2020-01-06T14:18-05:00[America/New_York]","close":"299.6387","open":"299.6701"}
{"volume":"22189.0","ticker":"AAPL","high":"299.7399","amount":"299.7018","period":"PT1M","low":"299.63","multiplier":"1","beginTime":"1640549862","endTime":"2020-01-06T14:19-05:00[America/New_York]","close":"299.685","open":"299.64"}
{"volume":"47268.0","ticker":"AAPL","high":"299.9","amount":"299.7901","period":"PT1M","low":"299.6775","multiplier":"1","beginTime":"1640549862","endTime":"2020-01-06T14:20-05:00[America/New_York]","close":"299.78","open":"299.6775"}
{"volume":"20772.0","ticker":"AAPL","high":"299.81","amount":"299.762","period":"PT1M","low":"299.68","multiplier":"1","beginTime":"1640549862","endTime":"2020-01-06T14:21-05:00[America/New_York]","close":"299.71","open":"299.78"}
{"volume":"31687.0","ticker":"AAPL","high":"299.7267","amount":"299.6717","period":"PT1M","low":"299.61","multiplier":"1","beginTime":"1640549862","endTime":"2020-01-06T14:22-05:00[America/New_York]","close":"299.61","open":"299.7"}
{"volume":"72364.0","ticker":"AAPL","high":"299.61","amount":"299.4773","period":"PT1M","low":"299.41","multiplier":"1","beginTime":"1640549862","endTime":"2020-01-06T14:23-05:00[America/New_York]","close":"299.4291","open":"299.6"}
{"volume":"62031.0","ticker":"AAPL","high":"299.4313","amount":"299.3022","period":"PT1M","low":"299.24","multiplier":"1","beginTime":"1640549862","endTime":"2020-01-06T14:24-05:00[America/New_York]","close":"299.3","open":"299.4295"}
{"volume":"44910.0","ticker":"AAPL","high":"299.31","amount":"299.2032","period":"PT1M","low":"299.1","multiplier":"1","beginTime":"1640549862","endTime":"2020-01-06T14:25-05:00[America/New_York]","close":"299.2225","open":"299.3048"}
{"volume":"28303.0","ticker":"AAPL","high":"299.2212","amount":"299.1754","period":"PT1M","low":"299.1101","multiplier":"1","beginTime":"1640549862","endTime":"2020-01-06T14:26-05:00[America/New_York]","close":"299.17","open":"299.2212"}
{"volume":"63987.0","ticker":"AAPL","high":"299.39","amount":"299.2912","period":"PT1M","low":"299.16","multiplier":"1","beginTime":"1640549862","endTime":"2020-01-06T14:27-05:00[America/New_York]","close":"299.29","open":"299.17"}
{"volume":"27036.0","ticker":"AAPL","high":"299.31","amount":"299.2651","period":"PT1M","low":"299.225","multiplier":"1","beginTime":"1640549862","endTime":"2020-01-06T14:28-05:00[America/New_York]","close":"299.2856","open":"299.31"}
{"volume":"64844.0","ticker":"AAPL","high":"299.48","amount":"299.3934","period":"PT1M","low":"299.2787","multiplier":"1","beginTime":"1640549862","endTime":"2020-01-06T14:29-05:00[America/New_York]","close":"299.3862","open":"299.2807"}
{"volume":"24657.0","ticker":"AAPL","high":"299.4394","amount":"299.3739","period":"PT1M","low":"299.33","multiplier":"1","beginTime":"1640549862","endTime":"2020-01-06T14:30-05:00[America/New_York]","close":"299.4092","open":"299.4"}
{"volume":"37086.0","ticker":"AAPL","high":"299.4348","amount":"299.3723","period":"PT1M","low":"299.26","multiplier":"1","beginTime":"1640549862","endTime":"2020-01-06T14:31-05:00[America/New_York]","close":"299.2636","open":"299.4037"}
{"volume":"83481.0","ticker":"AAPL","high":"299.368","amount":"299.3628","period":"PT1M","low":"299.21","multiplier":"1","beginTime":"1640549862","endTime":"2020-01-06T14:32-05:00[America/New_York]","close":"299.3591","open":"299.2723"}
{"volume":"28512.0","ticker":"AAPL","high":"299.35","amount":"299.312","period":"PT1M","low":"299.2805","multiplier":"1","beginTime":"1640549862","endTime":"2020-01-06T14:33-05:00[America/New_York]","close":"299.31","open":"299.35"}
{"volume":"27338.0","ticker":"AAPL","high":"299.3099","amount":"299.2041","period":"PT1M","low":"299.15","multiplier":"1","beginTime":"1640549862","endTime":"2020-01-06T14:34-05:00[America/New_York]","close":"299.17","open":"299.2868"}
{"volume":"57467.0","ticker":"AAPL","high":"299.18","amount":"299.0636","period":"PT1M","low":"298.98","multiplier":"1","beginTime":"1640549862","endTime":"2020-01-06T14:35-05:00[America/New_York]","close":"299.0553","open":"299.1564"}
{"volume":"51500.0","ticker":"AAPL","high":"299.24","amount":"299.1537","period":"PT1M","low":"299.0476","multiplier":"1","beginTime":"1640549862","endTime":"2020-01-06T14:36-05:00[America/New_York]","close":"299.225","open":"299.06"}
{"volume":"33053.0","ticker":"AAPL","high":"299.2544","amount":"299.2157","period":"PT1M","low":"299.17","multiplier":"1","beginTime":"1640549862","endTime":"2020-01-06T14:37-05:00[America/New_York]","close":"299.17","open":"299.24"}
{"volume":"39194.0","ticker":"AAPL","high":"299.25","amount":"299.2086","period":"PT1M","low":"299.12","multiplier":"1","beginTime":"1640549862","endTime":"2020-01-06T14:38-05:00[America/New_York]","close":"299.21","open":"299.1618"}
{"volume":"19074.0","ticker":"AAPL","high":"299.26","amount":"299.2149","period":"PT1M","low":"299.16","multiplier":"1","beginTime":"1640549862","endTime":"2020-01-06T14:39-05:00[America/New_York]","close":"299.168","open":"299.21"}
{"volume":"41958.0","ticker":"AAPL","high":"299.278","amount":"299.2163","period":"PT1M","low":"299.13","multiplier":"1","beginTime":"1640549862","endTime":"2020-01-06T14:40-05:00[America/New_York]","close":"299.1711","open":"299.16"}
{"volume":"27348.0","ticker":"AAPL","high":"299.23","amount":"299.1896","period":"PT1M","low":"299.11","multiplier":"1","beginTime":"1640549862","endTime":"2020-01-06T14:41-05:00[America/New_York]","close":"299.11","open":"299.194"}
{"volume":"32435.0","ticker":"AAPL","high":"299.1277","amount":"299.0773","period":"PT1M","low":"299.02","multiplier":"1","beginTime":"1640549862","endTime":"2020-01-06T14:42-05:00[America/New_York]","close":"299.09","open":"299.11"}
{"volume":"33829.0","ticker":"AAPL","high":"299.1599","amount":"299.1072","period":"PT1M","low":"299.06","multiplier":"1","beginTime":"1640549862","endTime":"2020-01-06T14:43-05:00[America/New_York]","close":"299.1121","open":"299.1"}
{"volume":"50044.0","ticker":"AAPL","high":"299.2096","amount":"299.1649","period":"PT1M","low":"299.11","multiplier":"1","beginTime":"1640549862","endTime":"2020-01-06T14:44-05:00[America/New_York]","close":"299.1137","open":"299.1239"}
{"volume":"42820.0","ticker":"AAPL","high":"299.23","amount":"299.1572","period":"PT1M","low":"299.1028","multiplier":"1","beginTime":"1640549862","endTime":"2020-01-06T14:45-05:00[America/New_York]","close":"299.15","open":"299.1199"}
{"volume":"33454.0","ticker":"AAPL","high":"299.165","amount":"299.1193","period":"PT1M","low":"299.05","multiplier":"1","beginTime":"1640549862","endTime":"2020-01-06T14:46-05:00[America/New_York]","close":"299.09","open":"299.14"}
{"volume":"41781.0","ticker":"AAPL","high":"299.19","amount":"299.1205","period":"PT1M","low":"299.07","multiplier":"1","beginTime":"1640549862","endTime":"2020-01-06T14:47-05:00[America/New_York]","close":"299.1392","open":"299.07"}
{"volume":"58006.0","ticker":"AAPL","high":"299.2697","amount":"299.2143","period":"PT1M","low":"299.1202","multiplier":"1","beginTime":"1640549862","endTime":"2020-01-06T14:48-05:00[America/New_York]","close":"299.18","open":"299.136"}
{"volume":"44493.0","ticker":"AAPL","high":"299.19","amount":"299.099","period":"PT1M","low":"299.02","multiplier":"1","beginTime":"1640549862","endTime":"2020-01-06T14:49-05:00[America/New_York]","close":"299.07","open":"299.1849"}
{"volume":"37003.0","ticker":"AAPL","high":"299.1","amount":"299.0489","period":"PT1M","low":"298.985","multiplier":"1","beginTime":"1640549862","endTime":"2020-01-06T14:50-05:00[America/New_York]","close":"299.0468","open":"299.0541"}
{"volume":"44964.0","ticker":"AAPL","high":"299.19","amount":"299.0923","period":"PT1M","low":"299.04","multiplier":"1","beginTime":"1640549862","endTime":"2020-01-06T14:51-05:00[America/New_York]","close":"299.1006","open":"299.055"}
{"volume":"20815.0","ticker":"AAPL","high":"299.14","amount":"299.0925","period":"PT1M","low":"299.03","multiplier":"1","beginTime":"1640549862","endTime":"2020-01-06T14:52-05:00[America/New_York]","close":"299.03","open":"299.11"}
{"volume":"25576.0","ticker":"AAPL","high":"299.11","amount":"299.0586","period":"PT1M","low":"299.0","multiplier":"1","beginTime":"1640549862","endTime":"2020-01-06T14:53-05:00[America/New_York]","close":"299.06","open":"299.07"}
{"volume":"21535.0","ticker":"AAPL","high":"299.1333","amount":"299.1069","period":"PT1M","low":"299.07","multiplier":"1","beginTime":"1640549862","endTime":"2020-01-06T14:54-05:00[America/New_York]","close":"299.094","open":"299.07"}
{"volume":"24956.0","ticker":"AAPL","high":"299.19","amount":"299.1349","period":"PT1M","low":"299.075","multiplier":"1","beginTime":"1640549862","endTime":"2020-01-06T14:55-05:00[America/New_York]","close":"299.12","open":"299.11"}
{"volume":"43690.0","ticker":"AAPL","high":"299.3","amount":"299.2139","period":"PT1M","low":"299.11","multiplier":"1","beginTime":"1640549862","endTime":"2020-01-06T14:56-05:00[America/New_York]","close":"299.28","open":"299.1338"}
{"volume":"71208.0","ticker":"AAPL","high":"299.32","amount":"299.2719","period":"PT1M","low":"299.2","multiplier":"1","beginTime":"1640549862","endTime":"2020-01-06T14:57-05:00[America/New_York]","close":"299.28","open":"299.29"}
{"volume":"68661.0","ticker":"AAPL","high":"299.45","amount":"299.3279","period":"PT1M","low":"299.25","multiplier":"1","beginTime":"1640549862","endTime":"2020-01-06T14:58-05:00[America/New_York]","close":"299.3833","open":"299.2962"}
{"volume":"34537.0","ticker":"AAPL","high":"299.42","amount":"299.3661","period":"PT1M","low":"299.31","multiplier":"1","beginTime":"1640549862","endTime":"2020-01-06T14:59-05:00[America/New_York]","close":"299.38","open":"299.3946"}
{"volume":"26778.0","ticker":"AAPL","high":"299.42","amount":"299.3959","period":"PT1M","low":"299.35","multiplier":"1","beginTime":"1640549862","endTime":"2020-01-06T15:00-05:00[America/New_York]","close":"299.3659","open":"299.38"}
{"volume":"32961.0","ticker":"AAPL","high":"299.365","amount":"299.3041","period":"PT1M","low":"299.23","multiplier":"1","beginTime":"1640549862","endTime":"2020-01-06T15:01-05:00[America/New_York]","close":"299.34","open":"299.3618"}
{"volume":"25227.0","ticker":"AAPL","high":"299.35","amount":"299.2253","period":"PT1M","low":"299.1517","multiplier":"1","beginTime":"1640549862","endTime":"2020-01-06T15:02-05:00[America/New_York]","close":"299.2","open":"299.35"}
{"volume":"25103.0","ticker":"AAPL","high":"299.3006","amount":"299.2511","period":"PT1M","low":"299.17","multiplier":"1","beginTime":"1640549862","endTime":"2020-01-06T15:03-05:00[America/New_York]","close":"299.3","open":"299.22"}
{"volume":"32472.0","ticker":"AAPL","high":"299.37","amount":"299.2059","period":"PT1M","low":"299.24","multiplier":"1","beginTime":"1640549862","endTime":"2020-01-06T15:04-05:00[America/New_York]","close":"299.27","open":"299.3025"}
{"volume":"40292.0","ticker":"AAPL","high":"299.2867","amount":"299.1522","period":"PT1M","low":"299.09","multiplier":"1","beginTime":"1640549862","endTime":"2020-01-06T15:05-05:00[America/New_York]","close":"299.13","open":"299.28"}
{"volume":"24748.0","ticker":"AAPL","high":"299.24","amount":"299.1893","period":"PT1M","low":"299.12","multiplier":"1","beginTime":"1640549862","endTime":"2020-01-06T15:06-05:00[America/New_York]","close":"299.185","open":"299.1399"}
{"volume":"24420.0","ticker":"AAPL","high":"299.36","amount":"299.2768","period":"PT1M","low":"299.17","multiplier":"1","beginTime":"1640549862","endTime":"2020-01-06T15:07-05:00[America/New_York]","close":"299.32","open":"299.18"}
{"volume":"37398.0","ticker":"AAPL","high":"299.4077","amount":"299.331","period":"PT1M","low":"299.2601","multiplier":"1","beginTime":"1640549862","endTime":"2020-01-06T15:08-05:00[America/New_York]","close":"299.37","open":"299.31"}
{"volume":"63632.0","ticker":"AAPL","high":"299.45","amount":"299.4072","period":"PT1M","low":"299.3587","multiplier":"1","beginTime":"1640549862","endTime":"2020-01-06T15:09-05:00[America/New_York]","close":"299.42","open":"299.3739"}
{"volume":"80727.0","ticker":"AAPL","high":"299.7","amount":"299.486","period":"PT1M","low":"299.36","multiplier":"1","beginTime":"1640549862","endTime":"2020-01-06T15:10-05:00[America/New_York]","close":"299.52","open":"299.4"}
{"volume":"49708.0","ticker":"AAPL","high":"299.58","amount":"299.5081","period":"PT1M","low":"299.4521","multiplier":"1","beginTime":"1640549862","endTime":"2020-01-06T15:11-05:00[America/New_York]","close":"299.525","open":"299.5294"}
{"volume":"50489.0","ticker":"AAPL","high":"299.51","amount":"299.3964","period":"PT1M","low":"299.29","multiplier":"1","beginTime":"1640549862","endTime":"2020-01-06T15:12-05:00[America/New_York]","close":"299.3019","open":"299.51"}
{"volume":"61060.0","ticker":"AAPL","high":"299.4305","amount":"299.3385","period":"PT1M","low":"299.2342","multiplier":"1","beginTime":"1640549862","endTime":"2020-01-06T15:13-05:00[America/New_York]","close":"299.4","open":"299.32"}
{"volume":"39056.0","ticker":"AAPL","high":"299.48","amount":"299.4279","period":"PT1M","low":"299.36","multiplier":"1","beginTime":"1640549862","endTime":"2020-01-06T15:14-05:00[America/New_York]","close":"299.46","open":"299.42"}
{"volume":"56004.0","ticker":"AAPL","high":"299.5704","amount":"299.5044","period":"PT1M","low":"299.41","multiplier":"1","beginTime":"1640549862","endTime":"2020-01-06T15:15-05:00[America/New_York]","close":"299.47","open":"299.48"}
{"volume":"61795.0","ticker":"AAPL","high":"299.64","amount":"299.5771","period":"PT1M","low":"299.4869","multiplier":"1","beginTime":"1640549862","endTime":"2020-01-06T15:16-05:00[America/New_York]","close":"299.55","open":"299.4869"}
{"volume":"35747.0","ticker":"AAPL","high":"299.64","amount":"299.6011","period":"PT1M","low":"299.5288","multiplier":"1","beginTime":"1640549862","endTime":"2020-01-06T15:17-05:00[America/New_York]","close":"299.6049","open":"299.54"}
{"volume":"29680.0","ticker":"AAPL","high":"299.62","amount":"299.5107","period":"PT1M","low":"299.43","multiplier":"1","beginTime":"1640549862","endTime":"2020-01-06T15:18-05:00[America/New_York]","close":"299.4995","open":"299.6"}
{"volume":"36012.0","ticker":"AAPL","high":"299.505","amount":"299.4317","period":"PT1M","low":"299.37","multiplier":"1","beginTime":"1640549862","endTime":"2020-01-06T15:19-05:00[America/New_York]","close":"299.4084","open":"299.4995"}
{"volume":"39648.0","ticker":"AAPL","high":"299.5293","amount":"299.4811","period":"PT1M","low":"299.41","multiplier":"1","beginTime":"1640549862","endTime":"2020-01-06T15:20-05:00[America/New_York]","close":"299.472","open":"299.43"}
{"volume":"37560.0","ticker":"AAPL","high":"299.49","amount":"299.4694","period":"PT1M","low":"299.43","multiplier":"1","beginTime":"1640549862","endTime":"2020-01-06T15:21-05:00[America/New_York]","close":"299.4603","open":"299.47"}
{"volume":"37072.0","ticker":"AAPL","high":"299.47","amount":"299.4167","period":"PT1M","low":"299.37","multiplier":"1","beginTime":"1640549862","endTime":"2020-01-06T15:22-05:00[America/New_York]","close":"299.425","open":"299.47"}
{"volume":"46831.0","ticker":"AAPL","high":"299.55","amount":"299.4976","period":"PT1M","low":"299.42","multiplier":"1","beginTime":"1640549862","endTime":"2020-01-06T15:23-05:00[America/New_York]","close":"299.5201","open":"299.43"}
{"volume":"28953.0","ticker":"AAPL","high":"299.53","amount":"299.4746","period":"PT1M","low":"299.44","multiplier":"1","beginTime":"1640549862","endTime":"2020-01-06T15:24-05:00[America/New_York]","close":"299.45","open":"299.52"}
{"volume":"27419.0","ticker":"AAPL","high":"299.5195","amount":"299.4781","period":"PT1M","low":"299.44","multiplier":"1","beginTime":"1640549862","endTime":"2020-01-06T15:25-05:00[America/New_York]","close":"299.519","open":"299.46"}
{"volume":"67040.0","ticker":"AAPL","high":"299.61","amount":"299.5452","period":"PT1M","low":"299.46","multiplier":"1","beginTime":"1640549862","endTime":"2020-01-06T15:26-05:00[America/New_York]","close":"299.5","open":"299.5"}
{"volume":"41929.0","ticker":"AAPL","high":"299.5404","amount":"299.4162","period":"PT1M","low":"299.3234","multiplier":"1","beginTime":"1640549862","endTime":"2020-01-06T15:27-05:00[America/New_York]","close":"299.34","open":"299.511"}
{"volume":"26878.0","ticker":"AAPL","high":"299.39","amount":"299.3554","period":"PT1M","low":"299.31","multiplier":"1","beginTime":"1640549862","endTime":"2020-01-06T15:28-05:00[America/New_York]","close":"299.325","open":"299.34"}
{"volume":"63308.0","ticker":"AAPL","high":"299.34","amount":"299.2667","period":"PT1M","low":"299.22","multiplier":"1","beginTime":"1640549862","endTime":"2020-01-06T15:29-05:00[America/New_York]","close":"299.2299","open":"299.33"}
{"volume":"249359.0","ticker":"AAPL","high":"299.28","amount":"299.2904","period":"PT1M","low":"299.1201","multiplier":"1","beginTime":"1640549862","endTime":"2020-01-06T15:30-05:00[America/New_York]","close":"299.1318","open":"299.2293"}
{"volume":"46030.0","ticker":"AAPL","high":"299.2783","amount":"299.2167","period":"PT1M","low":"299.15","multiplier":"1","beginTime":"1640549862","endTime":"2020-01-06T15:31-05:00[America/New_York]","close":"299.217","open":"299.15"}
{"volume":"53622.0","ticker":"AAPL","high":"299.2417","amount":"299.2003","period":"PT1M","low":"299.12","multiplier":"1","beginTime":"1640549862","endTime":"2020-01-06T15:32-05:00[America/New_York]","close":"299.2417","open":"299.2103"}
{"volume":"60527.0","ticker":"AAPL","high":"299.244","amount":"299.2039","period":"PT1M","low":"299.1573","multiplier":"1","beginTime":"1640549862","endTime":"2020-01-06T15:33-05:00[America/New_York]","close":"299.165","open":"299.24"}
{"volume":"35707.0","ticker":"AAPL","high":"299.25","amount":"299.2037","period":"PT1M","low":"299.1649","multiplier":"1","beginTime":"1640549862","endTime":"2020-01-06T15:34-05:00[America/New_York]","close":"299.22","open":"299.165"}
{"volume":"70829.0","ticker":"AAPL","high":"299.31","amount":"299.1858","period":"PT1M","low":"299.0723","multiplier":"1","beginTime":"1640549862","endTime":"2020-01-06T15:35-05:00[America/New_York]","close":"299.0723","open":"299.23"}
{"volume":"46630.0","ticker":"AAPL","high":"299.11","amount":"299.0863","period":"PT1M","low":"299.04","multiplier":"1","beginTime":"1640549862","endTime":"2020-01-06T15:36-05:00[America/New_York]","close":"299.09","open":"299.09"}
{"volume":"99589.0","ticker":"AAPL","high":"299.12","amount":"299.0357","period":"PT1M","low":"298.95","multiplier":"1","beginTime":"1640549862","endTime":"2020-01-06T15:37-05:00[America/New_York]","close":"299.0524","open":"299.0907"}
{"volume":"49754.0","ticker":"AAPL","high":"299.07","amount":"299.0152","period":"PT1M","low":"298.94","multiplier":"1","beginTime":"1640549862","endTime":"2020-01-06T15:38-05:00[America/New_York]","close":"299.06","open":"299.05"}
{"volume":"49684.0","ticker":"AAPL","high":"299.13","amount":"299.0757","period":"PT1M","low":"299.03","multiplier":"1","beginTime":"1640549862","endTime":"2020-01-06T15:39-05:00[America/New_York]","close":"299.0358","open":"299.0505"}
{"volume":"83675.0","ticker":"AAPL","high":"299.2","amount":"299.1014","period":"PT1M","low":"299.0","multiplier":"1","beginTime":"1640549862","endTime":"2020-01-06T15:40-05:00[America/New_York]","close":"299.12","open":"299.0402"}
{"volume":"43847.0","ticker":"AAPL","high":"299.155","amount":"299.0798","period":"PT1M","low":"299.03","multiplier":"1","beginTime":"1640549862","endTime":"2020-01-06T15:41-05:00[America/New_York]","close":"299.15","open":"299.115"}
{"volume":"43453.0","ticker":"AAPL","high":"299.2","amount":"299.1514","period":"PT1M","low":"299.09","multiplier":"1","beginTime":"1640549862","endTime":"2020-01-06T15:42-05:00[America/New_York]","close":"299.16","open":"299.14"}
{"volume":"96583.0","ticker":"AAPL","high":"299.41","amount":"299.2998","period":"PT1M","low":"299.16","multiplier":"1","beginTime":"1640549862","endTime":"2020-01-06T15:43-05:00[America/New_York]","close":"299.3501","open":"299.17"}
{"volume":"76571.0","ticker":"AAPL","high":"299.4462","amount":"299.3937","period":"PT1M","low":"299.34","multiplier":"1","beginTime":"1640549862","endTime":"2020-01-06T15:44-05:00[America/New_York]","close":"299.39","open":"299.36"}
{"volume":"88217.0","ticker":"AAPL","high":"299.41","amount":"299.3464","period":"PT1M","low":"299.26","multiplier":"1","beginTime":"1640549862","endTime":"2020-01-06T15:45-05:00[America/New_York]","close":"299.39","open":"299.395"}
{"volume":"87949.0","ticker":"AAPL","high":"299.49","amount":"299.4109","period":"PT1M","low":"299.34","multiplier":"1","beginTime":"1640549862","endTime":"2020-01-06T15:46-05:00[America/New_York]","close":"299.49","open":"299.3893"}
{"volume":"100139.0","ticker":"AAPL","high":"299.6","amount":"299.5195","period":"PT1M","low":"299.42","multiplier":"1","beginTime":"1640549862","endTime":"2020-01-06T15:47-05:00[America/New_York]","close":"299.53","open":"299.49"}
{"volume":"68712.0","ticker":"AAPL","high":"299.6","amount":"299.5424","period":"PT1M","low":"299.45","multiplier":"1","beginTime":"1640549862","endTime":"2020-01-06T15:48-05:00[America/New_York]","close":"299.575","open":"299.5186"}
{"volume":"79894.0","ticker":"AAPL","high":"299.59","amount":"299.5197","period":"PT1M","low":"299.4277","multiplier":"1","beginTime":"1640549862","endTime":"2020-01-06T15:49-05:00[America/New_York]","close":"299.526","open":"299.57"}
{"volume":"168073.0","ticker":"AAPL","high":"299.87","amount":"299.6211","period":"PT1M","low":"299.54","multiplier":"1","beginTime":"1640549862","endTime":"2020-01-06T15:50-05:00[America/New_York]","close":"299.5761","open":"299.54"}
{"volume":"97459.0","ticker":"AAPL","high":"299.76","amount":"299.6959","period":"PT1M","low":"299.566","multiplier":"1","beginTime":"1640549862","endTime":"2020-01-06T15:51-05:00[America/New_York]","close":"299.69","open":"299.5806"}
{"volume":"101434.0","ticker":"AAPL","high":"299.75","amount":"299.6769","period":"PT1M","low":"299.64","multiplier":"1","beginTime":"1640549862","endTime":"2020-01-06T15:52-05:00[America/New_York]","close":"299.68","open":"299.69"}
{"volume":"102242.0","ticker":"AAPL","high":"299.78","amount":"299.7092","period":"PT1M","low":"299.6401","multiplier":"1","beginTime":"1640549862","endTime":"2020-01-06T15:53-05:00[America/New_York]","close":"299.74","open":"299.67"}
{"volume":"158971.0","ticker":"AAPL","high":"299.78","amount":"299.6714","period":"PT1M","low":"299.56","multiplier":"1","beginTime":"1640549862","endTime":"2020-01-06T15:54-05:00[America/New_York]","close":"299.76","open":"299.75"}
{"volume":"123690.0","ticker":"AAPL","high":"299.79","amount":"299.7222","period":"PT1M","low":"299.63","multiplier":"1","beginTime":"1640549862","endTime":"2020-01-06T15:55-05:00[America/New_York]","close":"299.71","open":"299.76"}
{"volume":"113526.0","ticker":"AAPL","high":"299.77","amount":"299.7137","period":"PT1M","low":"299.67","multiplier":"1","beginTime":"1640549862","endTime":"2020-01-06T15:56-05:00[America/New_York]","close":"299.7296","open":"299.7"}
{"volume":"134851.0","ticker":"AAPL","high":"299.76","amount":"299.6871","period":"PT1M","low":"299.6","multiplier":"1","beginTime":"1640549862","endTime":"2020-01-06T15:57-05:00[America/New_York]","close":"299.68","open":"299.72"}
{"volume":"149288.0","ticker":"AAPL","high":"299.82","amount":"299.7509","period":"PT1M","low":"299.65","multiplier":"1","beginTime":"1640549862","endTime":"2020-01-06T15:58-05:00[America/New_York]","close":"299.82","open":"299.7"}
{"volume":"301444.0","ticker":"AAPL","high":"299.88","amount":"299.7582","period":"PT1M","low":"299.65","multiplier":"1","beginTime":"1640549862","endTime":"2020-01-06T15:59-05:00[America/New_York]","close":"299.78","open":"299.81"}
{"volume":"296604.0","ticker":"AAPL","high":"299.85","amount":"299.8001","period":"PT1M","low":"299.78","multiplier":"1","beginTime":"1640549862","endTime":"2020-01-06T16:00-05:00[America/New_York]","close":"299.81","open":"299.8"}
{"volume":"5954.0","ticker":"AAPL","high":"299.81","amount":"299.8045","period":"PT1M","low":"299.8","multiplier":"1","beginTime":"1640549862","endTime":"2020-01-06T16:01-05:00[America/New_York]","close":"299.81","open":"299.8"}
{"volume":"4198.0","ticker":"AAPL","high":"299.87","amount":"299.8597","period":"PT1M","low":"299.8498","multiplier":"1","beginTime":"1640549862","endTime":"2020-01-06T16:02-05:00[America/New_York]","close":"299.87","open":"299.85"}
{"volume":"1622.0","ticker":"AAPL","high":"299.83","amount":"299.8066","period":"PT1M","low":"299.78","multiplier":"1","beginTime":"1640549862","endTime":"2020-01-06T16:03-05:00[America/New_York]","close":"299.82","open":"299.78"}
{"volume":"1456.0","ticker":"AAPL","high":"299.82","amount":"299.8115","period":"PT1M","low":"299.8","multiplier":"1","beginTime":"1640549862","endTime":"2020-01-06T16:04-05:00[America/New_York]","close":"299.8","open":"299.8"}
{"volume":"2457.0","ticker":"AAPL","high":"299.8","amount":"299.7586","period":"PT1M","low":"299.66","multiplier":"1","beginTime":"1640549862","endTime":"2020-01-06T16:05-05:00[America/New_York]","close":"299.66","open":"299.8"}
{"volume":"806.0","ticker":"AAPL","high":"299.75","amount":"299.7489","period":"PT1M","low":"299.74","multiplier":"1","beginTime":"1640549862","endTime":"2020-01-06T16:06-05:00[America/New_York]","close":"299.75","open":"299.74"}
{"volume":"1671.0","ticker":"AAPL","high":"299.76","amount":"299.7175","period":"PT1M","low":"299.65","multiplier":"1","beginTime":"1640549862","endTime":"2020-01-06T16:07-05:00[America/New_York]","close":"299.65","open":"299.76"}
{"volume":"3493.0","ticker":"AAPL","high":"299.75","amount":"299.6312","period":"PT1M","low":"299.6","multiplier":"1","beginTime":"1640549862","endTime":"2020-01-06T16:08-05:00[America/New_York]","close":"299.66","open":"299.73"}
{"volume":"2378.0","ticker":"AAPL","high":"299.69","amount":"299.4782","period":"PT1M","low":"299.4","multiplier":"1","beginTime":"1640549862","endTime":"2020-01-06T16:09-05:00[America/New_York]","close":"299.45","open":"299.69"}
{"volume":"7207.0","ticker":"AAPL","high":"299.8","amount":"299.7622","period":"PT1M","low":"299.5","multiplier":"1","beginTime":"1640549862","endTime":"2020-01-06T16:10-05:00[America/New_York]","close":"299.62","open":"299.5"}
{"volume":"554.0","ticker":"AAPL","high":"299.5","amount":"299.1977","period":"PT1M","low":"299.5","multiplier":"1","beginTime":"1640549862","endTime":"2020-01-06T16:11-05:00[America/New_York]","close":"299.5","open":"299.5"}
{"volume":"2959.0","ticker":"AAPL","high":"299.8","amount":"299.4841","period":"PT1M","low":"299.3","multiplier":"1","beginTime":"1640549862","endTime":"2020-01-06T16:14-05:00[America/New_York]","close":"299.3","open":"299.8"}
{"volume":"849.0","ticker":"AAPL","high":"299.5","amount":"299.4647","period":"PT1M","low":"299.4","multiplier":"1","beginTime":"1640549862","endTime":"2020-01-06T16:15-05:00[America/New_York]","close":"299.5","open":"299.4"}
{"volume":"368.0","ticker":"AAPL","high":"299.47","amount":"299.4657","period":"PT1M","low":"299.47","multiplier":"1","beginTime":"1640549862","endTime":"2020-01-06T16:16-05:00[America/New_York]","close":"299.47","open":"299.47"}
{"volume":"1388.0","ticker":"AAPL","high":"299.5","amount":"299.485","period":"PT1M","low":"299.47","multiplier":"1","beginTime":"1640549862","endTime":"2020-01-06T16:17-05:00[America/New_York]","close":"299.47","open":"299.5"}
{"volume":"217.0","ticker":"AAPL","high":"299.4","amount":"299.4121","period":"PT1M","low":"299.4","multiplier":"1","beginTime":"1640549862","endTime":"2020-01-06T16:18-05:00[America/New_York]","close":"299.4","open":"299.4"}
{"volume":"1153.0","ticker":"AAPL","high":"299.58","amount":"299.5772","period":"PT1M","low":"299.58","multiplier":"1","beginTime":"1640549862","endTime":"2020-01-06T16:20-05:00[America/New_York]","close":"299.58","open":"299.58"}
{"volume":"1644.0","ticker":"AAPL","high":"299.63","amount":"299.5471","period":"PT1M","low":"299.43","multiplier":"1","beginTime":"1640549862","endTime":"2020-01-06T16:23-05:00[America/New_York]","close":"299.43","open":"299.63"}
{"volume":"342.0","ticker":"AAPL","high":"299.5","amount":"299.4916","period":"PT1M","low":"299.5","multiplier":"1","beginTime":"1640549862","endTime":"2020-01-06T16:25-05:00[America/New_York]","close":"299.5","open":"299.5"}
{"volume":"80475.0","ticker":"AAPL","high":"299.8","amount":"299.7991","period":"PT1M","low":"299.8","multiplier":"1","beginTime":"1640549862","endTime":"2020-01-06T16:27-05:00[America/New_York]","close":"299.8","open":"299.8"}
{"volume":"209.0","ticker":"AAPL","high":"299.5","amount":"299.5043","period":"PT1M","low":"299.5","multiplier":"1","beginTime":"1640549862","endTime":"2020-01-06T16:29-05:00[America/New_York]","close":"299.5","open":"299.5"}
{"volume":"967.0","ticker":"AAPL","high":"299.45","amount":"299.3826","period":"PT1M","low":"299.35","multiplier":"1","beginTime":"1640549862","endTime":"2020-01-06T16:31-05:00[America/New_York]","close":"299.45","open":"299.45"}
{"volume":"145.0","ticker":"AAPL","high":"299.5","amount":"299.4997","period":"PT1M","low":"299.5","multiplier":"1","beginTime":"1640549862","endTime":"2020-01-06T16:33-05:00[America/New_York]","close":"299.5","open":"299.5"}
{"volume":"167778.0","ticker":"AAPL","high":"299.8","amount":"299.7987","period":"PT1M","low":"299.35","multiplier":"1","beginTime":"1640549862","endTime":"2020-01-06T16:36-05:00[America/New_York]","close":"299.42","open":"299.35"}
{"volume":"370.0","ticker":"AAPL","high":"299.4698","amount":"299.4689","period":"PT1M","low":"299.4698","multiplier":"1","beginTime":"1640549862","endTime":"2020-01-06T16:38-05:00[America/New_York]","close":"299.4698","open":"299.4698"}
{"volume":"24918.0","ticker":"AAPL","high":"299.8","amount":"299.7959","period":"PT1M","low":"299.47","multiplier":"1","beginTime":"1640549862","endTime":"2020-01-06T16:39-05:00[America/New_York]","close":"299.47","open":"299.47"}
{"volume":"679.0","ticker":"AAPL","high":"299.48","amount":"299.4756","period":"PT1M","low":"299.47","multiplier":"1","beginTime":"1640549862","endTime":"2020-01-06T16:40-05:00[America/New_York]","close":"299.48","open":"299.48"}
{"volume":"8069.0","ticker":"AAPL","high":"299.6","amount":"299.5906","period":"PT1M","low":"299.55","multiplier":"1","beginTime":"1640549862","endTime":"2020-01-06T16:44-05:00[America/New_York]","close":"299.6","open":"299.57"}
{"volume":"3474.0","ticker":"AAPL","high":"299.54","amount":"299.4698","period":"PT1M","low":"299.46","multiplier":"1","beginTime":"1640549862","endTime":"2020-01-06T16:48-05:00[America/New_York]","close":"299.46","open":"299.54"}
{"volume":"303.0","ticker":"AAPL","high":"299.54","amount":"299.5328","period":"PT1M","low":"299.54","multiplier":"1","beginTime":"1640549862","endTime":"2020-01-06T16:50-05:00[America/New_York]","close":"299.54","open":"299.54"}
{"volume":"685.0","ticker":"AAPL","high":"299.53","amount":"299.5144","period":"PT1M","low":"299.51","multiplier":"1","beginTime":"1640549862","endTime":"2020-01-06T16:51-05:00[America/New_York]","close":"299.53","open":"299.51"}
{"volume":"23925.0","ticker":"AAPL","high":"299.53","amount":"299.7839","period":"PT1M","low":"299.51","multiplier":"1","beginTime":"1640549862","endTime":"2020-01-06T16:52-05:00[America/New_York]","close":"299.51","open":"299.53"}
{"volume":"550.0","ticker":"AAPL","high":"299.56","amount":"299.5557","period":"PT1M","low":"299.56","multiplier":"1","beginTime":"1640549862","endTime":"2020-01-06T16:53-05:00[America/New_York]","close":"299.56","open":"299.56"}
{"volume":"519.0","ticker":"AAPL","high":"299.56","amount":"299.56","period":"PT1M","low":"299.56","multiplier":"1","beginTime":"1640549862","endTime":"2020-01-06T16:54-05:00[America/New_York]","close":"299.56","open":"299.56"}
{"volume":"301.0","ticker":"AAPL","high":"299.52","amount":"299.5201","period":"PT1M","low":"299.52","multiplier":"1","beginTime":"1640549862","endTime":"2020-01-06T16:56-05:00[America/New_York]","close":"299.52","open":"299.52"}
{"volume":"4482.0","ticker":"AAPL","high":"299.8","amount":"299.7828","period":"PT1M","low":"299.8","multiplier":"1","beginTime":"1640549862","endTime":"2020-01-06T16:57-05:00[America/New_York]","close":"299.8","open":"299.8"}
{"volume":"501.0","ticker":"AAPL","high":"299.57","amount":"299.5694","period":"PT1M","low":"299.57","multiplier":"1","beginTime":"1640549862","endTime":"2020-01-06T16:59-05:00[America/New_York]","close":"299.57","open":"299.57"}
{"volume":"477.0","ticker":"AAPL","high":"299.52","amount":"299.5273","period":"PT1M","low":"299.52","multiplier":"1","beginTime":"1640549862","endTime":"2020-01-06T17:00-05:00[America/New_York]","close":"299.52","open":"299.52"}
{"volume":"521.0","ticker":"AAPL","high":"299.57","amount":"299.57","period":"PT1M","low":"299.57","multiplier":"1","beginTime":"1640549862","endTime":"2020-01-06T17:02-05:00[America/New_York]","close":"299.57","open":"299.57"}
{"volume":"207.0","ticker":"AAPL","high":"299.57","amount":"299.5695","period":"PT1M","low":"299.57","multiplier":"1","beginTime":"1640549862","endTime":"2020-01-06T17:04-05:00[America/New_York]","close":"299.57","open":"299.57"}
{"volume":"101.0","ticker":"AAPL","high":"299.52","amount":"299.52","period":"PT1M","low":"299.52","multiplier":"1","beginTime":"1640549862","endTime":"2020-01-06T17:05-05:00[America/New_York]","close":"299.52","open":"299.52"}
{"volume":"1990.0","ticker":"AAPL","high":"299.58","amount":"299.5687","period":"PT1M","low":"299.54","multiplier":"1","beginTime":"1640549862","endTime":"2020-01-06T17:08-05:00[America/New_York]","close":"299.58","open":"299.54"}
{"volume":"922.0","ticker":"AAPL","high":"299.59","amount":"299.5812","period":"PT1M","low":"299.58","multiplier":"1","beginTime":"1640549862","endTime":"2020-01-06T17:09-05:00[America/New_York]","close":"299.58","open":"299.58"}
{"volume":"103.0","ticker":"AAPL","high":"299.59","amount":"299.59","period":"PT1M","low":"299.59","multiplier":"1","beginTime":"1640549862","endTime":"2020-01-06T17:10-05:00[America/New_York]","close":"299.59","open":"299.59"}
{"volume":"6845.0","ticker":"AAPL","high":"299.63","amount":"299.6019","period":"PT1M","low":"299.59","multiplier":"1","beginTime":"1640549862","endTime":"2020-01-06T17:11-05:00[America/New_York]","close":"299.6","open":"299.59"}
{"volume":"188.0","ticker":"AAPL","high":"299.68","amount":"299.68","period":"PT1M","low":"299.68","multiplier":"1","beginTime":"1640549862","endTime":"2020-01-06T17:12-05:00[America/New_York]","close":"299.68","open":"299.68"}
{"volume":"814.0","ticker":"AAPL","high":"299.5901","amount":"299.5916","period":"PT1M","low":"299.5901","multiplier":"1","beginTime":"1640549862","endTime":"2020-01-06T17:13-05:00[America/New_York]","close":"299.5901","open":"299.5901"}
{"volume":"797.0","ticker":"AAPL","high":"299.68","amount":"299.6276","period":"PT1M","low":"299.62","multiplier":"1","beginTime":"1640549862","endTime":"2020-01-06T17:20-05:00[America/New_York]","close":"299.68","open":"299.62"}
{"volume":"408.0","ticker":"AAPL","high":"299.63","amount":"299.6235","period":"PT1M","low":"299.62","multiplier":"1","beginTime":"1640549862","endTime":"2020-01-06T17:23-05:00[America/New_York]","close":"299.62","open":"299.63"}
{"volume":"416.0","ticker":"AAPL","high":"299.6899","amount":"299.6846","period":"PT1M","low":"299.6899","multiplier":"1","beginTime":"1640549862","endTime":"2020-01-06T17:24-05:00[America/New_York]","close":"299.6899","open":"299.6899"}
{"volume":"403.0","ticker":"AAPL","high":"299.62","amount":"299.6256","period":"PT1M","low":"299.62","multiplier":"1","beginTime":"1640549862","endTime":"2020-01-06T17:25-05:00[America/New_York]","close":"299.62","open":"299.62"}
{"volume":"1108.0","ticker":"AAPL","high":"299.62","amount":"299.6115","period":"PT1M","low":"299.61","multiplier":"1","beginTime":"1640549862","endTime":"2020-01-06T17:26-05:00[America/New_York]","close":"299.62","open":"299.611"}
{"volume":"500.0","ticker":"AAPL","high":"299.6","amount":"299.5989","period":"PT1M","low":"299.6","multiplier":"1","beginTime":"1640549862","endTime":"2020-01-06T17:28-05:00[America/New_York]","close":"299.6","open":"299.6"}
{"volume":"317.0","ticker":"AAPL","high":"299.59","amount":"299.5859","period":"PT1M","low":"299.58","multiplier":"1","beginTime":"1640549862","endTime":"2020-01-06T17:30-05:00[America/New_York]","close":"299.58","open":"299.59"}
{"volume":"561.0","ticker":"AAPL","high":"299.58","amount":"299.5825","period":"PT1M","low":"299.58","multiplier":"1","beginTime":"1640549862","endTime":"2020-01-06T17:31-05:00[America/New_York]","close":"299.58","open":"299.58"}
{"volume":"135.0","ticker":"AAPL","high":"299.65","amount":"299.6573","period":"PT1M","low":"299.65","multiplier":"1","beginTime":"1640549862","endTime":"2020-01-06T17:34-05:00[America/New_York]","close":"299.65","open":"299.65"}
{"volume":"887.0","ticker":"AAPL","high":"299.66","amount":"299.6555","period":"PT1M","low":"299.66","multiplier":"1","beginTime":"1640549862","endTime":"2020-01-06T17:35-05:00[America/New_York]","close":"299.66","open":"299.66"}
{"volume":"419.0","ticker":"AAPL","high":"299.62","amount":"299.6077","period":"PT1M","low":"299.62","multiplier":"1","beginTime":"1640549862","endTime":"2020-01-06T17:36-05:00[America/New_York]","close":"299.62","open":"299.62"}
{"volume":"541.0","ticker":"AAPL","high":"299.6396","amount":"299.6061","period":"PT1M","low":"299.58","multiplier":"1","beginTime":"1640549862","endTime":"2020-01-06T17:40-05:00[America/New_York]","close":"299.6396","open":"299.58"}
{"volume":"534.0","ticker":"AAPL","high":"299.58","amount":"299.5814","period":"PT1M","low":"299.58","multiplier":"1","beginTime":"1640549862","endTime":"2020-01-06T17:41-05:00[America/New_York]","close":"299.58","open":"299.58"}
{"volume":"1387.0","ticker":"AAPL","high":"299.58","amount":"299.5603","period":"PT1M","low":"299.51","multiplier":"1","beginTime":"1640549862","endTime":"2020-01-06T17:42-05:00[America/New_York]","close":"299.51","open":"299.58"}
{"volume":"944.0","ticker":"AAPL","high":"299.58","amount":"299.5315","period":"PT1M","low":"299.51","multiplier":"1","beginTime":"1640549862","endTime":"2020-01-06T17:43-05:00[America/New_York]","close":"299.58","open":"299.52"}
{"volume":"370.0","ticker":"AAPL","high":"299.5743","amount":"299.5646","period":"PT1M","low":"299.5743","multiplier":"1","beginTime":"1640549862","endTime":"2020-01-06T17:45-05:00[America/New_York]","close":"299.5743","open":"299.5743"}
{"volume":"203.0","ticker":"AAPL","high":"299.5","amount":"299.5046","period":"PT1M","low":"299.5","multiplier":"1","beginTime":"1640549862","endTime":"2020-01-06T17:47-05:00[America/New_York]","close":"299.5","open":"299.5"}
{"volume":"135.0","ticker":"AAPL","high":"299.5","amount":"299.5","period":"PT1M","low":"299.5","multiplier":"1","beginTime":"1640549862","endTime":"2020-01-06T17:50-05:00[America/New_York]","close":"299.5","open":"299.5"}
{"volume":"243.0","ticker":"AAPL","high":"299.53","amount":"299.5169","period":"PT1M","low":"299.5","multiplier":"1","beginTime":"1640549862","endTime":"2020-01-06T17:51-05:00[America/New_York]","close":"299.5","open":"299.53"}
{"volume":"2632.0","ticker":"AAPL","high":"299.5","amount":"299.5001","period":"PT1M","low":"299.5","multiplier":"1","beginTime":"1640549862","endTime":"2020-01-06T17:52-05:00[America/New_York]","close":"299.5","open":"299.5"}
{"volume":"1576.0","ticker":"AAPL","high":"299.52","amount":"299.456","period":"PT1M","low":"299.44","multiplier":"1","beginTime":"1640549862","endTime":"2020-01-06T17:53-05:00[America/New_York]","close":"299.44","open":"299.52"}
{"volume":"681.0","ticker":"AAPL","high":"299.5","amount":"299.4936","period":"PT1M","low":"299.5","multiplier":"1","beginTime":"1640549862","endTime":"2020-01-06T17:54-05:00[America/New_York]","close":"299.5","open":"299.5"}
{"volume":"573.0","ticker":"AAPL","high":"299.5","amount":"299.4962","period":"PT1M","low":"299.5","multiplier":"1","beginTime":"1640549862","endTime":"2020-01-06T17:55-05:00[America/New_York]","close":"299.5","open":"299.5"}
{"volume":"890.0","ticker":"AAPL","high":"299.54","amount":"299.4811","period":"PT1M","low":"299.41","multiplier":"1","beginTime":"1640549862","endTime":"2020-01-06T17:59-05:00[America/New_York]","close":"299.54","open":"299.44"}
{"volume":"200.0","ticker":"AAPL","high":"299.54","amount":"299.54","period":"PT1M","low":"299.54","multiplier":"1","beginTime":"1640549862","endTime":"2020-01-06T18:08-05:00[America/New_York]","close":"299.54","open":"299.54"}
{"volume":"361.0","ticker":"AAPL","high":"299.56","amount":"299.5569","period":"PT1M","low":"299.55","multiplier":"1","beginTime":"1640549862","endTime":"2020-01-06T18:14-05:00[America/New_York]","close":"299.55","open":"299.56"}
{"volume":"303.0","ticker":"AAPL","high":"299.5","amount":"299.5005","period":"PT1M","low":"299.5","multiplier":"1","beginTime":"1640549862","endTime":"2020-01-06T18:24-05:00[America/New_York]","close":"299.5","open":"299.5"}
{"volume":"482.0","ticker":"AAPL","high":"299.55","amount":"299.5311","period":"PT1M","low":"299.55","multiplier":"1","beginTime":"1640549862","endTime":"2020-01-06T18:38-05:00[America/New_York]","close":"299.55","open":"299.55"}
{"volume":"200.0","ticker":"AAPL","high":"299.45","amount":"299.45","period":"PT1M","low":"299.45","multiplier":"1","beginTime":"1640549862","endTime":"2020-01-06T18:39-05:00[America/New_York]","close":"299.45","open":"299.45"}
{"volume":"303.0","ticker":"AAPL","high":"299.44","amount":"299.4401","period":"PT1M","low":"299.44","multiplier":"1","beginTime":"1640549862","endTime":"2020-01-06T18:42-05:00[America/New_York]","close":"299.44","open":"299.44"}
{"volume":"264.0","ticker":"AAPL","high":"299.4201","amount":"299.4209","period":"PT1M","low":"299.4201","multiplier":"1","beginTime":"1640549862","endTime":"2020-01-06T18:44-05:00[America/New_York]","close":"299.4201","open":"299.4201"}
{"volume":"2053.0","ticker":"AAPL","high":"299.44","amount":"299.4077","period":"PT1M","low":"299.4","multiplier":"1","beginTime":"1640549862","endTime":"2020-01-06T18:45-05:00[America/New_York]","close":"299.4","open":"299.44"}
{"volume":"1024.0","ticker":"AAPL","high":"299.33","amount":"299.3271","period":"PT1M","low":"299.32","multiplier":"1","beginTime":"1640549862","endTime":"2020-01-06T18:46-05:00[America/New_York]","close":"299.32","open":"299.33"}
{"volume":"369.0","ticker":"AAPL","high":"299.33","amount":"299.326","period":"PT1M","low":"299.32","multiplier":"1","beginTime":"1640549862","endTime":"2020-01-06T18:47-05:00[America/New_York]","close":"299.32","open":"299.33"}
{"volume":"890.0","ticker":"AAPL","high":"299.33","amount":"299.2781","period":"PT1M","low":"299.2","multiplier":"1","beginTime":"1640549862","endTime":"2020-01-06T18:49-05:00[America/New_York]","close":"299.2","open":"299.33"}
{"volume":"1253.0","ticker":"AAPL","high":"299.22","amount":"299.1413","period":"PT1M","low":"299.0","multiplier":"1","beginTime":"1640549862","endTime":"2020-01-06T18:51-05:00[America/New_York]","close":"299.0","open":"299.2"}
{"volume":"495.0","ticker":"AAPL","high":"299.02","amount":"299.0213","period":"PT1M","low":"299.02","multiplier":"1","beginTime":"1640549862","endTime":"2020-01-06T18:52-05:00[America/New_York]","close":"299.02","open":"299.02"}
{"volume":"6457.0","ticker":"AAPL","high":"299.16","amount":"299.0224","period":"PT1M","low":"299.0","multiplier":"1","beginTime":"1640549862","endTime":"2020-01-06T18:55-05:00[America/New_York]","close":"299.11","open":"299.01"}
{"volume":"526.0","ticker":"AAPL","high":"299.02","amount":"299.0244","period":"PT1M","low":"299.02","multiplier":"1","beginTime":"1640549862","endTime":"2020-01-06T18:56-05:00[America/New_York]","close":"299.02","open":"299.02"}
{"volume":"3497.0","ticker":"AAPL","high":"299.08","amount":"299.0267","period":"PT1M","low":"299.02","multiplier":"1","beginTime":"1640549862","endTime":"2020-01-06T18:57-05:00[America/New_York]","close":"299.02","open":"299.08"}
{"volume":"1848.0","ticker":"AAPL","high":"299.02","amount":"299.0107","period":"PT1M","low":"299.01","multiplier":"1","beginTime":"1640549862","endTime":"2020-01-06T18:58-05:00[America/New_York]","close":"299.01","open":"299.02"}
{"volume":"546.0","ticker":"AAPL","high":"299.01","amount":"299.0103","period":"PT1M","low":"299.01","multiplier":"1","beginTime":"1640549862","endTime":"2020-01-06T18:59-05:00[America/New_York]","close":"299.01","open":"299.01"}
{"volume":"405.0","ticker":"AAPL","high":"299.05","amount":"299.0405","period":"PT1M","low":"299.05","multiplier":"1","beginTime":"1640549862","endTime":"2020-01-06T19:01-05:00[America/New_York]","close":"299.05","open":"299.05"}
{"volume":"689.0","ticker":"AAPL","high":"299.2","amount":"299.1592","period":"PT1M","low":"299.15","multiplier":"1","beginTime":"1640549862","endTime":"2020-01-06T19:02-05:00[America/New_York]","close":"299.2","open":"299.15"}
{"volume":"500.0","ticker":"AAPL","high":"299.3","amount":"299.2672","period":"PT1M","low":"299.2","multiplier":"1","beginTime":"1640549862","endTime":"2020-01-06T19:03-05:00[America/New_York]","close":"299.3","open":"299.2"}
{"volume":"210.0","ticker":"AAPL","high":"299.25","amount":"299.2298","period":"PT1M","low":"299.2","multiplier":"1","beginTime":"1640549862","endTime":"2020-01-06T19:04-05:00[America/New_York]","close":"299.2","open":"299.25"}
{"volume":"325.0","ticker":"AAPL","high":"299.45","amount":"299.4327","period":"PT1M","low":"299.45","multiplier":"1","beginTime":"1640549862","endTime":"2020-01-06T19:05-05:00[America/New_York]","close":"299.45","open":"299.45"}
{"volume":"166.0","ticker":"AAPL","high":"299.25","amount":"299.2412","period":"PT1M","low":"299.25","multiplier":"1","beginTime":"1640549862","endTime":"2020-01-06T19:07-05:00[America/New_York]","close":"299.25","open":"299.25"}
{"volume":"1320.0","ticker":"AAPL","high":"299.25","amount":"299.2307","period":"PT1M","low":"299.2","multiplier":"1","beginTime":"1640549862","endTime":"2020-01-06T19:09-05:00[America/New_York]","close":"299.25","open":"299.2"}
{"volume":"270.0","ticker":"AAPL","high":"299.3","amount":"299.3067","period":"PT1M","low":"299.3","multiplier":"1","beginTime":"1640549862","endTime":"2020-01-06T19:11-05:00[America/New_York]","close":"299.3","open":"299.3"}
{"volume":"500.0","ticker":"AAPL","high":"299.3","amount":"299.2963","period":"PT1M","low":"299.3","multiplier":"1","beginTime":"1640549862","endTime":"2020-01-06T19:14-05:00[America/New_York]","close":"299.3","open":"299.3"}
{"volume":"100.0","ticker":"AAPL","high":"299.35","amount":"299.35","period":"PT1M","low":"299.35","multiplier":"1","beginTime":"1640549862","endTime":"2020-01-06T19:16-05:00[America/New_York]","close":"299.35","open":"299.35"}
{"volume":"300.0","ticker":"AAPL","high":"299.38","amount":"299.3733","period":"PT1M","low":"299.36","multiplier":"1","beginTime":"1640549862","endTime":"2020-01-06T19:17-05:00[America/New_York]","close":"299.38","open":"299.36"}
{"volume":"208.0","ticker":"AAPL","high":"299.37","amount":"299.3727","period":"PT1M","low":"299.37","multiplier":"1","beginTime":"1640549862","endTime":"2020-01-06T19:18-05:00[America/New_York]","close":"299.37","open":"299.37"}
{"volume":"1000.0","ticker":"AAPL","high":"299.4","amount":"299.4","period":"PT1M","low":"299.4","multiplier":"1","beginTime":"1640549862","endTime":"2020-01-06T19:23-05:00[America/New_York]","close":"299.4","open":"299.4"}
{"volume":"150.0","ticker":"AAPL","high":"299.35","amount":"299.3667","period":"PT1M","low":"299.35","multiplier":"1","beginTime":"1640549862","endTime":"2020-01-06T19:24-05:00[America/New_York]","close":"299.35","open":"299.35"}
{"volume":"400.0","ticker":"AAPL","high":"299.38","amount":"299.3838","period":"PT1M","low":"299.38","multiplier":"1","beginTime":"1640549862","endTime":"2020-01-06T19:30-05:00[America/New_York]","close":"299.38","open":"299.38"}
{"volume":"2181.0","ticker":"AAPL","high":"299.4","amount":"299.3986","period":"PT1M","low":"299.4","multiplier":"1","beginTime":"1640549862","endTime":"2020-01-06T19:31-05:00[America/New_York]","close":"299.4","open":"299.4"}
{"volume":"1202.0","ticker":"AAPL","high":"299.4","amount":"299.4","period":"PT1M","low":"299.4","multiplier":"1","beginTime":"1640549862","endTime":"2020-01-06T19:32-05:00[America/New_York]","close":"299.4","open":"299.4"}
{"volume":"131.0","ticker":"AAPL","high":"299.4","amount":"299.4","period":"PT1M","low":"299.4","multiplier":"1","beginTime":"1640549862","endTime":"2020-01-06T19:33-05:00[America/New_York]","close":"299.4","open":"299.4"}
{"volume":"533.0","ticker":"AAPL","high":"299.5","amount":"299.4775","period":"PT1M","low":"299.41","multiplier":"1","beginTime":"1640549862","endTime":"2020-01-06T19:35-05:00[America/New_York]","close":"299.41","open":"299.5"}
{"volume":"100.0","ticker":"AAPL","high":"299.4","amount":"299.4","period":"PT1M","low":"299.4","multiplier":"1","beginTime":"1640549862","endTime":"2020-01-06T19:36-05:00[America/New_York]","close":"299.4","open":"299.4"}
{"volume":"999.0","ticker":"AAPL","high":"299.5","amount":"299.4715","period":"PT1M","low":"299.45","multiplier":"1","beginTime":"1640549862","endTime":"2020-01-06T19:38-05:00[America/New_York]","close":"299.5","open":"299.45"}
{"volume":"370.0","ticker":"AAPL","high":"299.6","amount":"299.5811","period":"PT1M","low":"299.6","multiplier":"1","beginTime":"1640549862","endTime":"2020-01-06T19:41-05:00[America/New_York]","close":"299.6","open":"299.6"}
{"volume":"1816.0","ticker":"AAPL","high":"299.67","amount":"299.6147","period":"PT1M","low":"299.59","multiplier":"1","beginTime":"1640549862","endTime":"2020-01-06T19:46-05:00[America/New_York]","close":"299.67","open":"299.59"}
{"volume":"301.0","ticker":"AAPL","high":"299.68","amount":"299.6534","period":"PT1M","low":"299.6","multiplier":"1","beginTime":"1640549862","endTime":"2020-01-06T19:47-05:00[America/New_York]","close":"299.68","open":"299.6"}
{"volume":"620.0","ticker":"AAPL","high":"299.68","amount":"299.6789","period":"PT1M","low":"299.68","multiplier":"1","beginTime":"1640549862","endTime":"2020-01-06T19:48-05:00[America/New_York]","close":"299.68","open":"299.68"}
{"volume":"156.0","ticker":"AAPL","high":"299.56","amount":"299.5583","period":"PT1M","low":"299.56","multiplier":"1","beginTime":"1640549862","endTime":"2020-01-06T19:49-05:00[America/New_York]","close":"299.56","open":"299.56"}
{"volume":"302.0","ticker":"AAPL","high":"299.65","amount":"299.6497","period":"PT1M","low":"299.65","multiplier":"1","beginTime":"1640549862","endTime":"2020-01-06T19:51-05:00[America/New_York]","close":"299.65","open":"299.65"}
{"volume":"1519.0","ticker":"AAPL","high":"299.68","amount":"299.6642","period":"PT1M","low":"299.63","multiplier":"1","beginTime":"1640549862","endTime":"2020-01-06T19:53-05:00[America/New_York]","close":"299.68","open":"299.67"}
{"volume":"166.0","ticker":"AAPL","high":"299.68","amount":"299.6646","period":"PT1M","low":"299.68","multiplier":"1","beginTime":"1640549862","endTime":"2020-01-06T19:54-05:00[America/New_York]","close":"299.68","open":"299.68"}
{"volume":"647.0","ticker":"AAPL","high":"299.68","amount":"299.666","period":"PT1M","low":"299.6301","multiplier":"1","beginTime":"1640549862","endTime":"2020-01-06T19:55-05:00[America/New_York]","close":"299.6301","open":"299.68"}
{"volume":"897.0","ticker":"AAPL","high":"299.63","amount":"299.63","period":"PT1M","low":"299.63","multiplier":"1","beginTime":"1640549862","endTime":"2020-01-06T19:56-05:00[America/New_York]","close":"299.63","open":"299.63"}
{"volume":"571.0","ticker":"AAPL","high":"299.62","amount":"299.5985","period":"PT1M","low":"299.56","multiplier":"1","beginTime":"1640549862","endTime":"2020-01-06T19:57-05:00[America/New_York]","close":"299.56","open":"299.62"}
{"volume":"1971.0","ticker":"AAPL","high":"299.51","amount":"299.5038","period":"PT1M","low":"299.5","multiplier":"1","beginTime":"1640549862","endTime":"2020-01-06T19:58-05:00[America/New_York]","close":"299.5","open":"299.5"}
{"volume":"4069.0","ticker":"AAPL","high":"299.65","amount":"299.6068","period":"PT1M","low":"299.6","multiplier":"1","beginTime":"1640549862","endTime":"2020-01-06T19:59-05:00[America/New_York]","close":"299.62","open":"299.6"}
{"volume":"1970.0","ticker":"AAPL","high":"300.49","amount":"300.4635","period":"PT1M","low":"300.4","multiplier":"1","beginTime":"1640549862","endTime":"2020-01-07T04:00-05:00[America/New_York]","close":"300.4","open":"300.49"}
{"volume":"500.0","ticker":"AAPL","high":"300.4","amount":"300.4","period":"PT1M","low":"300.4","multiplier":"1","beginTime":"1640549862","endTime":"2020-01-07T04:02-05:00[America/New_York]","close":"300.4","open":"300.4"}
{"volume":"388.0","ticker":"AAPL","high":"300.4","amount":"300.4026","period":"PT1M","low":"300.4","multiplier":"1","beginTime":"1640549862","endTime":"2020-01-07T04:03-05:00[America/New_York]","close":"300.4","open":"300.4"}
{"volume":"1251.0","ticker":"AAPL","high":"300.4","amount":"300.4138","period":"PT1M","low":"300.4","multiplier":"1","beginTime":"1640549862","endTime":"2020-01-07T04:07-05:00[America/New_York]","close":"300.4","open":"300.4"}
{"volume":"1029.0","ticker":"AAPL","high":"300.5","amount":"300.5017","period":"PT1M","low":"300.5","multiplier":"1","beginTime":"1640549862","endTime":"2020-01-07T04:08-05:00[America/New_York]","close":"300.5","open":"300.5"}
{"volume":"2224.0","ticker":"AAPL","high":"300.4","amount":"300.3763","period":"PT1M","low":"300.35","multiplier":"1","beginTime":"1640549862","endTime":"2020-01-07T04:09-05:00[America/New_York]","close":"300.4","open":"300.35"}
{"volume":"3938.0","ticker":"AAPL","high":"300.5","amount":"300.4397","period":"PT1M","low":"300.35","multiplier":"1","beginTime":"1640549862","endTime":"2020-01-07T04:13-05:00[America/New_York]","close":"300.5","open":"300.45"}
{"volume":"117.0","ticker":"AAPL","high":"300.5","amount":"300.5","period":"PT1M","low":"300.5","multiplier":"1","beginTime":"1640549862","endTime":"2020-01-07T04:14-05:00[America/New_York]","close":"300.5","open":"300.5"}
{"volume":"200.0","ticker":"AAPL","high":"300.6","amount":"300.6","period":"PT1M","low":"300.6","multiplier":"1","beginTime":"1640549862","endTime":"2020-01-07T04:19-05:00[America/New_York]","close":"300.6","open":"300.6"}
{"volume":"252.0","ticker":"AAPL","high":"300.6","amount":"300.6","period":"PT1M","low":"300.6","multiplier":"1","beginTime":"1640549862","endTime":"2020-01-07T04:20-05:00[America/New_York]","close":"300.6","open":"300.6"}
{"volume":"1481.0","ticker":"AAPL","high":"300.8","amount":"300.7644","period":"PT1M","low":"300.72","multiplier":"1","beginTime":"1640549862","endTime":"2020-01-07T04:27-05:00[America/New_York]","close":"300.79","open":"300.73"}
{"volume":"1800.0","ticker":"AAPL","high":"300.9","amount":"300.8942","period":"PT1M","low":"300.89","multiplier":"1","beginTime":"1640549862","endTime":"2020-01-07T04:36-05:00[America/New_York]","close":"300.9","open":"300.9"}
{"volume":"144.0","ticker":"AAPL","high":"300.9","amount":"300.9061","period":"PT1M","low":"300.9","multiplier":"1","beginTime":"1640549862","endTime":"2020-01-07T04:37-05:00[America/New_York]","close":"300.9","open":"300.9"}
{"volume":"926.0","ticker":"AAPL","high":"300.76","amount":"300.7521","period":"PT1M","low":"300.75","multiplier":"1","beginTime":"1640549862","endTime":"2020-01-07T04:39-05:00[America/New_York]","close":"300.75","open":"300.76"}
{"volume":"740.0","ticker":"AAPL","high":"300.8","amount":"300.7802","period":"PT1M","low":"300.75","multiplier":"1","beginTime":"1640549862","endTime":"2020-01-07T04:40-05:00[America/New_York]","close":"300.75","open":"300.8"}
{"volume":"500.0","ticker":"AAPL","high":"300.6","amount":"300.6002","period":"PT1M","low":"300.6","multiplier":"1","beginTime":"1640549862","endTime":"2020-01-07T04:41-05:00[America/New_York]","close":"300.6","open":"300.6"}
{"volume":"326.0","ticker":"AAPL","high":"300.63","amount":"300.6263","period":"PT1M","low":"300.63","multiplier":"1","beginTime":"1640549862","endTime":"2020-01-07T04:46-05:00[America/New_York]","close":"300.63","open":"300.63"}
{"volume":"192.0","ticker":"AAPL","high":"300.12","amount":"300.2494","period":"PT1M","low":"300.12","multiplier":"1","beginTime":"1640549862","endTime":"2020-01-07T04:48-05:00[America/New_York]","close":"300.12","open":"300.12"}
{"volume":"634.0","ticker":"AAPL","high":"300.4","amount":"300.3206","period":"PT1M","low":"300.3","multiplier":"1","beginTime":"1640549862","endTime":"2020-01-07T04:51-05:00[America/New_York]","close":"300.4","open":"300.3"}
{"volume":"588.0","ticker":"AAPL","high":"300.4","amount":"300.4","period":"PT1M","low":"300.4","multiplier":"1","beginTime":"1640549862","endTime":"2020-01-07T04:53-05:00[America/New_York]","close":"300.4","open":"300.4"}
{"volume":"349.0","ticker":"AAPL","high":"300.5","amount":"300.4573","period":"PT1M","low":"300.5","multiplier":"1","beginTime":"1640549862","endTime":"2020-01-07T04:56-05:00[America/New_York]","close":"300.5","open":"300.5"}
{"volume":"100.0","ticker":"AAPL","high":"300.49","amount":"300.49","period":"PT1M","low":"300.49","multiplier":"1","beginTime":"1640549862","endTime":"2020-01-07T05:22-05:00[America/New_York]","close":"300.49","open":"300.49"}
{"volume":"610.0","ticker":"AAPL","high":"300.24","amount":"300.2426","period":"PT1M","low":"300.24","multiplier":"1","beginTime":"1640549862","endTime":"2020-01-07T05:34-05:00[America/New_York]","close":"300.24","open":"300.24"}
{"volume":"209.0","ticker":"AAPL","high":"300.24","amount":"300.2424","period":"PT1M","low":"300.24","multiplier":"1","beginTime":"1640549862","endTime":"2020-01-07T05:36-05:00[America/New_York]","close":"300.24","open":"300.24"}
{"volume":"1221.0","ticker":"AAPL","high":"300.3","amount":"300.2547","period":"PT1M","low":"300.23","multiplier":"1","beginTime":"1640549862","endTime":"2020-01-07T05:41-05:00[America/New_York]","close":"300.23","open":"300.27"}
{"volume":"1031.0","ticker":"AAPL","high":"300.24","amount":"300.24","period":"PT1M","low":"300.24","multiplier":"1","beginTime":"1640549862","endTime":"2020-01-07T05:42-05:00[America/New_York]","close":"300.24","open":"300.24"}
{"volume":"1234.0","ticker":"AAPL","high":"300.22","amount":"300.2161","period":"PT1M","low":"300.21","multiplier":"1","beginTime":"1640549862","endTime":"2020-01-07T05:43-05:00[America/New_York]","close":"300.21","open":"300.22"}
{"volume":"2434.0","ticker":"AAPL","high":"300.24","amount":"300.2214","period":"PT1M","low":"300.2","multiplier":"1","beginTime":"1640549862","endTime":"2020-01-07T05:45-05:00[America/New_York]","close":"300.2","open":"300.24"}
{"volume":"325.0","ticker":"AAPL","high":"300.23","amount":"300.2283","period":"PT1M","low":"300.2","multiplier":"1","beginTime":"1640549862","endTime":"2020-01-07T05:46-05:00[America/New_York]","close":"300.2","open":"300.23"}
{"volume":"171.0","ticker":"AAPL","high":"300.2","amount":"300.2","period":"PT1M","low":"300.2","multiplier":"1","beginTime":"1640549862","endTime":"2020-01-07T05:50-05:00[America/New_York]","close":"300.2","open":"300.2"}
{"volume":"1172.0","ticker":"AAPL","high":"300.32","amount":"300.3185","period":"PT1M","low":"300.32","multiplier":"1","beginTime":"1640549862","endTime":"2020-01-07T05:51-05:00[America/New_York]","close":"300.32","open":"300.32"}
{"volume":"2345.0","ticker":"AAPL","high":"300.33","amount":"300.3509","period":"PT1M","low":"300.33","multiplier":"1","beginTime":"1640549862","endTime":"2020-01-07T05:54-05:00[America/New_York]","close":"300.33","open":"300.33"}
{"volume":"2345.0","ticker":"AAPL","high":"300.32","amount":"300.32","period":"PT1M","low":"300.32","multiplier":"1","beginTime":"1640549862","endTime":"2020-01-07T05:56-05:00[America/New_York]","close":"300.32","open":"300.32"}
{"volume":"2668.0","ticker":"AAPL","high":"300.32","amount":"300.32","period":"PT1M","low":"300.32","multiplier":"1","beginTime":"1640549862","endTime":"2020-01-07T05:57-05:00[America/New_York]","close":"300.32","open":"300.32"}
{"volume":"1183.0","ticker":"AAPL","high":"300.32","amount":"300.3219","period":"PT1M","low":"300.32","multiplier":"1","beginTime":"1640549862","endTime":"2020-01-07T05:59-05:00[America/New_York]","close":"300.32","open":"300.32"}
{"volume":"747.0","ticker":"AAPL","high":"300.33","amount":"300.3332","period":"PT1M","low":"300.33","multiplier":"1","beginTime":"1640549862","endTime":"2020-01-07T06:00-05:00[America/New_York]","close":"300.33","open":"300.33"}
{"volume":"2924.0","ticker":"AAPL","high":"300.42","amount":"300.4089","period":"PT1M","low":"300.4","multiplier":"1","beginTime":"1640549862","endTime":"2020-01-07T06:01-05:00[America/New_York]","close":"300.4","open":"300.4"}
{"volume":"1075.0","ticker":"AAPL","high":"300.42","amount":"300.4192","period":"PT1M","low":"300.42","multiplier":"1","beginTime":"1640549862","endTime":"2020-01-07T06:04-05:00[America/New_York]","close":"300.42","open":"300.42"}
{"volume":"1238.0","ticker":"AAPL","high":"300.45","amount":"300.4492","period":"PT1M","low":"300.44","multiplier":"1","beginTime":"1640549862","endTime":"2020-01-07T06:05-05:00[America/New_York]","close":"300.45","open":"300.44"}
{"volume":"1282.0","ticker":"AAPL","high":"300.37","amount":"300.37","period":"PT1M","low":"300.37","multiplier":"1","beginTime":"1640549862","endTime":"2020-01-07T06:06-05:00[America/New_York]","close":"300.37","open":"300.37"}
{"volume":"1050.0","ticker":"AAPL","high":"300.38","amount":"300.38","period":"PT1M","low":"300.38","multiplier":"1","beginTime":"1640549862","endTime":"2020-01-07T06:08-05:00[America/New_York]","close":"300.38","open":"300.38"}
{"volume":"1245.0","ticker":"AAPL","high":"300.38","amount":"300.38","period":"PT1M","low":"300.38","multiplier":"1","beginTime":"1640549862","endTime":"2020-01-07T06:10-05:00[America/New_York]","close":"300.38","open":"300.38"}
{"volume":"597.0","ticker":"AAPL","high":"300.38","amount":"300.38","period":"PT1M","low":"300.38","multiplier":"1","beginTime":"1640549862","endTime":"2020-01-07T06:14-05:00[America/New_York]","close":"300.38","open":"300.38"}
{"volume":"1648.0","ticker":"AAPL","high":"300.38","amount":"300.38","period":"PT1M","low":"300.38","multiplier":"1","beginTime":"1640549862","endTime":"2020-01-07T06:15-05:00[America/New_York]","close":"300.38","open":"300.38"}
{"volume":"351.0","ticker":"AAPL","high":"300.3","amount":"300.3015","period":"PT1M","low":"300.3","multiplier":"1","beginTime":"1640549862","endTime":"2020-01-07T06:16-05:00[America/New_York]","close":"300.3","open":"300.3"}
{"volume":"400.0","ticker":"AAPL","high":"300.3","amount":"300.3","period":"PT1M","low":"300.3","multiplier":"1","beginTime":"1640549862","endTime":"2020-01-07T06:17-05:00[America/New_York]","close":"300.3","open":"300.3"}
{"volume":"901.0","ticker":"AAPL","high":"300.31","amount":"300.3034","period":"PT1M","low":"300.3","multiplier":"1","beginTime":"1640549862","endTime":"2020-01-07T06:18-05:00[America/New_York]","close":"300.3","open":"300.3"}
{"volume":"1080.0","ticker":"AAPL","high":"300.3","amount":"300.2298","period":"PT1M","low":"300.2","multiplier":"1","beginTime":"1640549862","endTime":"2020-01-07T06:21-05:00[America/New_York]","close":"300.2","open":"300.3"}
{"volume":"739.0","ticker":"AAPL","high":"300.15","amount":"300.135","period":"PT1M","low":"300.13","multiplier":"1","beginTime":"1640549862","endTime":"2020-01-07T06:22-05:00[America/New_York]","close":"300.13","open":"300.15"}
{"volume":"350.0","ticker":"AAPL","high":"300.19","amount":"300.1957","period":"PT1M","low":"300.19","multiplier":"1","beginTime":"1640549862","endTime":"2020-01-07T06:23-05:00[America/New_York]","close":"300.19","open":"300.19"}
{"volume":"303.0","ticker":"AAPL","high":"300.28","amount":"300.2233","period":"PT1M","low":"300.11","multiplier":"1","beginTime":"1640549862","endTime":"2020-01-07T06:25-05:00[America/New_York]","close":"300.11","open":"300.28"}
{"volume":"175.0","ticker":"AAPL","high":"300.2","amount":"300.2","period":"PT1M","low":"300.2","multiplier":"1","beginTime":"1640549862","endTime":"2020-01-07T06:28-05:00[America/New_York]","close":"300.2","open":"300.2"}
{"volume":"335.0","ticker":"AAPL","high":"300.2","amount":"300.2018","period":"PT1M","low":"300.2","multiplier":"1","beginTime":"1640549862","endTime":"2020-01-07T06:29-05:00[America/New_York]","close":"300.2","open":"300.2"}
{"volume":"320.0","ticker":"AAPL","high":"300.11","amount":"300.0662","period":"PT1M","low":"300.09","multiplier":"1","beginTime":"1640549862","endTime":"2020-01-07T06:30-05:00[America/New_York]","close":"300.09","open":"300.11"}
{"volume":"202.0","ticker":"AAPL","high":"300.09","amount":"300.0901","period":"PT1M","low":"300.09","multiplier":"1","beginTime":"1640549862","endTime":"2020-01-07T06:31-05:00[America/New_York]","close":"300.09","open":"300.09"}
{"volume":"3289.0","ticker":"AAPL","high":"300.09","amount":"300.0364","period":"PT1M","low":"300.0","multiplier":"1","beginTime":"1640549862","endTime":"2020-01-07T06:32-05:00[America/New_York]","close":"300.0","open":"300.09"}
{"volume":"1547.0","ticker":"AAPL","high":"300.2","amount":"300.082","period":"PT1M","low":"300.0","multiplier":"1","beginTime":"1640549862","endTime":"2020-01-07T06:34-05:00[America/New_York]","close":"300.2","open":"300.05"}
{"volume":"618.0","ticker":"AAPL","high":"300.2","amount":"300.2","period":"PT1M","low":"300.2","multiplier":"1","beginTime":"1640549862","endTime":"2020-01-07T06:35-05:00[America/New_York]","close":"300.2","open":"300.2"}
{"volume":"245.0","ticker":"AAPL","high":"300.06","amount":"300.0747","period":"PT1M","low":"300.06","multiplier":"1","beginTime":"1640549862","endTime":"2020-01-07T06:38-05:00[America/New_York]","close":"300.06","open":"300.06"}
{"volume":"274.0","ticker":"AAPL","high":"300.05","amount":"300.0507","period":"PT1M","low":"300.05","multiplier":"1","beginTime":"1640549862","endTime":"2020-01-07T06:39-05:00[America/New_York]","close":"300.05","open":"300.05"}
{"volume":"533.0","ticker":"AAPL","high":"300.14","amount":"300.1065","period":"PT1M","low":"300.06","multiplier":"1","beginTime":"1640549862","endTime":"2020-01-07T06:40-05:00[America/New_York]","close":"300.06","open":"300.14"}
{"volume":"220.0","ticker":"AAPL","high":"300.05","amount":"300.0488","period":"PT1M","low":"300.05","multiplier":"1","beginTime":"1640549862","endTime":"2020-01-07T06:41-05:00[America/New_York]","close":"300.05","open":"300.05"}
{"volume":"1409.0","ticker":"AAPL","high":"300.07","amount":"299.9754","period":"PT1M","low":"299.91","multiplier":"1","beginTime":"1640549862","endTime":"2020-01-07T06:46-05:00[America/New_York]","close":"299.91","open":"300.07"}
{"volume":"997.0","ticker":"AAPL","high":"299.87","amount":"299.8644","period":"PT1M","low":"299.86","multiplier":"1","beginTime":"1640549862","endTime":"2020-01-07T06:48-05:00[America/New_York]","close":"299.86","open":"299.87"}
{"volume":"420.0","ticker":"AAPL","high":"300.12","amount":"299.9825","period":"PT1M","low":"299.84","multiplier":"1","beginTime":"1640549862","endTime":"2020-01-07T06:49-05:00[America/New_York]","close":"299.84","open":"300.12"}
{"volume":"200.0","ticker":"AAPL","high":"299.91","amount":"299.91","period":"PT1M","low":"299.91","multiplier":"1","beginTime":"1640549862","endTime":"2020-01-07T06:51-05:00[America/New_York]","close":"299.91","open":"299.91"}
{"volume":"520.0","ticker":"AAPL","high":"299.9","amount":"299.8958","period":"PT1M","low":"299.9","multiplier":"1","beginTime":"1640549862","endTime":"2020-01-07T06:52-05:00[America/New_York]","close":"299.9","open":"299.9"}
{"volume":"453.0","ticker":"AAPL","high":"299.91","amount":"299.9126","period":"PT1M","low":"299.91","multiplier":"1","beginTime":"1640549862","endTime":"2020-01-07T06:54-05:00[America/New_York]","close":"299.91","open":"299.91"}
{"volume":"340.0","ticker":"AAPL","high":"299.91","amount":"299.91","period":"PT1M","low":"299.91","multiplier":"1","beginTime":"1640549862","endTime":"2020-01-07T06:55-05:00[America/New_York]","close":"299.91","open":"299.91"}
{"volume":"370.0","ticker":"AAPL","high":"299.91","amount":"299.9158","period":"PT1M","low":"299.91","multiplier":"1","beginTime":"1640549862","endTime":"2020-01-07T06:56-05:00[America/New_York]","close":"299.91","open":"299.91"}
{"volume":"100.0","ticker":"AAPL","high":"299.91","amount":"299.91","period":"PT1M","low":"299.91","multiplier":"1","beginTime":"1640549862","endTime":"2020-01-07T06:57-05:00[America/New_York]","close":"299.91","open":"299.91"}
{"volume":"4070.0","ticker":"AAPL","high":"300.0","amount":"299.9684","period":"PT1M","low":"299.92","multiplier":"1","beginTime":"1640549862","endTime":"2020-01-07T07:00-05:00[America/New_York]","close":"299.95","open":"300.0"}
{"volume":"3215.0","ticker":"AAPL","high":"299.98","amount":"299.9389","period":"PT1M","low":"299.9","multiplier":"1","beginTime":"1640549862","endTime":"2020-01-07T07:01-05:00[America/New_York]","close":"299.98","open":"299.91"}
{"volume":"20495.0","ticker":"AAPL","high":"300.0","amount":"299.9995","period":"PT1M","low":"299.98","multiplier":"1","beginTime":"1640549862","endTime":"2020-01-07T07:02-05:00[America/New_York]","close":"300.0","open":"299.98"}
{"volume":"7155.0","ticker":"AAPL","high":"300.2","amount":"300.1483","period":"PT1M","low":"300.1","multiplier":"1","beginTime":"1640549862","endTime":"2020-01-07T07:03-05:00[America/New_York]","close":"300.15","open":"300.1"}
{"volume":"4308.0","ticker":"AAPL","high":"300.34","amount":"300.2331","period":"PT1M","low":"300.19","multiplier":"1","beginTime":"1640549862","endTime":"2020-01-07T07:04-05:00[America/New_York]","close":"300.3","open":"300.19"}
{"volume":"951.0","ticker":"AAPL","high":"300.3","amount":"300.2896","period":"PT1M","low":"300.24","multiplier":"1","beginTime":"1640549862","endTime":"2020-01-07T07:05-05:00[America/New_York]","close":"300.24","open":"300.3"}
{"volume":"3563.0","ticker":"AAPL","high":"300.38","amount":"300.3473","period":"PT1M","low":"300.29","multiplier":"1","beginTime":"1640549862","endTime":"2020-01-07T07:06-05:00[America/New_York]","close":"300.37","open":"300.29"}
{"volume":"1722.0","ticker":"AAPL","high":"300.37","amount":"300.3174","period":"PT1M","low":"300.3","multiplier":"1","beginTime":"1640549862","endTime":"2020-01-07T07:07-05:00[America/New_York]","close":"300.32","open":"300.37"}
{"volume":"3163.0","ticker":"AAPL","high":"300.4","amount":"300.3688","period":"PT1M","low":"300.34","multiplier":"1","beginTime":"1640549862","endTime":"2020-01-07T07:08-05:00[America/New_York]","close":"300.4","open":"300.34"}
{"volume":"4438.0","ticker":"AAPL","high":"300.5","amount":"300.4814","period":"PT1M","low":"300.38","multiplier":"1","beginTime":"1640549862","endTime":"2020-01-07T07:09-05:00[America/New_York]","close":"300.5","open":"300.38"}
{"volume":"1098.0","ticker":"AAPL","high":"300.59","amount":"300.4938","period":"PT1M","low":"300.45","multiplier":"1","beginTime":"1640549862","endTime":"2020-01-07T07:10-05:00[America/New_York]","close":"300.45","open":"300.59"}
{"volume":"800.0","ticker":"AAPL","high":"300.59","amount":"300.57","period":"PT1M","low":"300.52","multiplier":"1","beginTime":"1640549862","endTime":"2020-01-07T07:11-05:00[America/New_York]","close":"300.55","open":"300.52"}
{"volume":"646.0","ticker":"AAPL","high":"300.58","amount":"300.5303","period":"PT1M","low":"300.5","multiplier":"1","beginTime":"1640549862","endTime":"2020-01-07T07:12-05:00[America/New_York]","close":"300.58","open":"300.5"}
{"volume":"3819.0","ticker":"AAPL","high":"300.6","amount":"300.5609","period":"PT1M","low":"300.42","multiplier":"1","beginTime":"1640549862","endTime":"2020-01-07T07:13-05:00[America/New_York]","close":"300.42","open":"300.53"}
{"volume":"1251.0","ticker":"AAPL","high":"300.57","amount":"300.5023","period":"PT1M","low":"300.45","multiplier":"1","beginTime":"1640549862","endTime":"2020-01-07T07:14-05:00[America/New_York]","close":"300.5","open":"300.48"}
{"volume":"555.0","ticker":"AAPL","high":"300.5","amount":"300.5001","period":"PT1M","low":"300.5","multiplier":"1","beginTime":"1640549862","endTime":"2020-01-07T07:15-05:00[America/New_York]","close":"300.5","open":"300.5"}
{"volume":"1575.0","ticker":"AAPL","high":"300.55","amount":"300.5204","period":"PT1M","low":"300.5","multiplier":"1","beginTime":"1640549862","endTime":"2020-01-07T07:16-05:00[America/New_York]","close":"300.55","open":"300.5"}
{"volume":"1053.0","ticker":"AAPL","high":"300.35","amount":"300.3353","period":"PT1M","low":"300.34","multiplier":"1","beginTime":"1640549862","endTime":"2020-01-07T07:17-05:00[America/New_York]","close":"300.34","open":"300.35"}
{"volume":"466.0","ticker":"AAPL","high":"300.49","amount":"300.4771","period":"PT1M","low":"300.46","multiplier":"1","beginTime":"1640549862","endTime":"2020-01-07T07:18-05:00[America/New_York]","close":"300.46","open":"300.49"}
{"volume":"138.0","ticker":"AAPL","high":"300.49","amount":"300.4886","period":"PT1M","low":"300.49","multiplier":"1","beginTime":"1640549862","endTime":"2020-01-07T07:19-05:00[America/New_York]","close":"300.49","open":"300.49"}
{"volume":"205.0","ticker":"AAPL","high":"300.4","amount":"300.4363","period":"PT1M","low":"300.4","multiplier":"1","beginTime":"1640549862","endTime":"2020-01-07T07:20-05:00[America/New_York]","close":"300.4","open":"300.4"}
{"volume":"1165.0","ticker":"AAPL","high":"300.41","amount":"300.3804","period":"PT1M","low":"300.35","multiplier":"1","beginTime":"1640549862","endTime":"2020-01-07T07:21-05:00[America/New_York]","close":"300.36","open":"300.35"}
{"volume":"930.0","ticker":"AAPL","high":"300.57","amount":"300.5446","period":"PT1M","low":"300.51","multiplier":"1","beginTime":"1640549862","endTime":"2020-01-07T07:22-05:00[America/New_York]","close":"300.57","open":"300.51"}
{"volume":"1768.0","ticker":"AAPL","high":"300.43","amount":"300.4086","period":"PT1M","low":"300.4","multiplier":"1","beginTime":"1640549862","endTime":"2020-01-07T07:23-05:00[America/New_York]","close":"300.4","open":"300.42"}
{"volume":"605.0","ticker":"AAPL","high":"300.48","amount":"300.419","period":"PT1M","low":"300.36","multiplier":"1","beginTime":"1640549862","endTime":"2020-01-07T07:24-05:00[America/New_York]","close":"300.4","open":"300.48"}
{"volume":"259.0","ticker":"AAPL","high":"300.4","amount":"300.3942","period":"PT1M","low":"300.4","multiplier":"1","beginTime":"1640549862","endTime":"2020-01-07T07:25-05:00[America/New_York]","close":"300.4","open":"300.4"}
{"volume":"3053.0","ticker":"AAPL","high":"300.37","amount":"300.3024","period":"PT1M","low":"300.25","multiplier":"1","beginTime":"1640549862","endTime":"2020-01-07T07:26-05:00[America/New_York]","close":"300.26","open":"300.37"}
{"volume":"1423.0","ticker":"AAPL","high":"300.3","amount":"300.2629","period":"PT1M","low":"300.25","multiplier":"1","beginTime":"1640549862","endTime":"2020-01-07T07:27-05:00[America/New_York]","close":"300.25","open":"300.3"}
{"volume":"443.0","ticker":"AAPL","high":"300.3","amount":"300.286","period":"PT1M","low":"300.28","multiplier":"1","beginTime":"1640549862","endTime":"2020-01-07T07:28-05:00[America/New_York]","close":"300.3","open":"300.28"}
{"volume":"7468.0","ticker":"AAPL","high":"300.66","amount":"300.4134","period":"PT1M","low":"300.35","multiplier":"1","beginTime":"1640549862","endTime":"2020-01-07T07:29-05:00[America/New_York]","close":"300.66","open":"300.35"}
{"volume":"1107.0","ticker":"AAPL","high":"300.59","amount":"300.5469","period":"PT1M","low":"300.51","multiplier":"1","beginTime":"1640549862","endTime":"2020-01-07T07:30-05:00[America/New_York]","close":"300.51","open":"300.59"}
{"volume":"1510.0","ticker":"AAPL","high":"300.5","amount":"300.4572","period":"PT1M","low":"300.45","multiplier":"1","beginTime":"1640549862","endTime":"2020-01-07T07:32-05:00[America/New_York]","close":"300.5","open":"300.45"}
{"volume":"632.0","ticker":"AAPL","high":"300.49","amount":"300.4304","period":"PT1M","low":"300.35","multiplier":"1","beginTime":"1640549862","endTime":"2020-01-07T07:33-05:00[America/New_York]","close":"300.48","open":"300.35"}
{"volume":"497.0","ticker":"AAPL","high":"300.27","amount":"300.2746","period":"PT1M","low":"300.26","multiplier":"1","beginTime":"1640549862","endTime":"2020-01-07T07:34-05:00[America/New_York]","close":"300.26","open":"300.27"}
{"volume":"1415.0","ticker":"AAPL","high":"300.27","amount":"300.2715","period":"PT1M","low":"300.25","multiplier":"1","beginTime":"1640549862","endTime":"2020-01-07T07:35-05:00[America/New_York]","close":"300.25","open":"300.27"}
{"volume":"1611.0","ticker":"AAPL","high":"300.44","amount":"300.4288","period":"PT1M","low":"300.3","multiplier":"1","beginTime":"1640549862","endTime":"2020-01-07T07:36-05:00[America/New_York]","close":"300.44","open":"300.3"}
{"volume":"662.0","ticker":"AAPL","high":"300.48","amount":"300.4481","period":"PT1M","low":"300.44","multiplier":"1","beginTime":"1640549862","endTime":"2020-01-07T07:37-05:00[America/New_York]","close":"300.48","open":"300.44"}
{"volume":"771.0","ticker":"AAPL","high":"300.5","amount":"300.4885","period":"PT1M","low":"300.46","multiplier":"1","beginTime":"1640549862","endTime":"2020-01-07T07:39-05:00[America/New_York]","close":"300.5","open":"300.46"}
{"volume":"3633.0","ticker":"AAPL","high":"300.5","amount":"300.4977","period":"PT1M","low":"300.5","multiplier":"1","beginTime":"1640549862","endTime":"2020-01-07T07:40-05:00[America/New_York]","close":"300.5","open":"300.5"}
{"volume":"1669.0","ticker":"AAPL","high":"300.57","amount":"300.5334","period":"PT1M","low":"300.5","multiplier":"1","beginTime":"1640549862","endTime":"2020-01-07T07:41-05:00[America/New_York]","close":"300.57","open":"300.5"}
{"volume":"1100.0","ticker":"AAPL","high":"300.59","amount":"300.5797","period":"PT1M","low":"300.57","multiplier":"1","beginTime":"1640549862","endTime":"2020-01-07T07:42-05:00[America/New_York]","close":"300.59","open":"300.57"}
{"volume":"2839.0","ticker":"AAPL","high":"300.57","amount":"300.4973","period":"PT1M","low":"300.41","multiplier":"1","beginTime":"1640549862","endTime":"2020-01-07T07:43-05:00[America/New_York]","close":"300.41","open":"300.57"}
{"volume":"900.0","ticker":"AAPL","high":"300.48","amount":"300.4633","period":"PT1M","low":"300.45","multiplier":"1","beginTime":"1640549862","endTime":"2020-01-07T07:44-05:00[America/New_York]","close":"300.48","open":"300.45"}
{"volume":"209.0","ticker":"AAPL","high":"300.45","amount":"300.4623","period":"PT1M","low":"300.45","multiplier":"1","beginTime":"1640549862","endTime":"2020-01-07T07:46-05:00[America/New_York]","close":"300.45","open":"300.45"}
{"volume":"679.0","ticker":"AAPL","high":"300.48","amount":"300.46","period":"PT1M","low":"300.48","multiplier":"1","beginTime":"1640549862","endTime":"2020-01-07T07:47-05:00[America/New_York]","close":"300.48","open":"300.48"}
{"volume":"628.0","ticker":"AAPL","high":"300.47","amount":"300.4377","period":"PT1M","low":"300.4","multiplier":"1","beginTime":"1640549862","endTime":"2020-01-07T07:51-05:00[America/New_York]","close":"300.47","open":"300.4"}
{"volume":"267.0","ticker":"AAPL","high":"300.45","amount":"300.4262","period":"PT1M","low":"300.4","multiplier":"1","beginTime":"1640549862","endTime":"2020-01-07T07:53-05:00[America/New_York]","close":"300.45","open":"300.4"}
{"volume":"295.0","ticker":"AAPL","high":"300.35","amount":"300.3508","period":"PT1M","low":"300.35","multiplier":"1","beginTime":"1640549862","endTime":"2020-01-07T07:54-05:00[America/New_York]","close":"300.35","open":"300.35"}
{"volume":"9189.0","ticker":"AAPL","high":"300.6","amount":"300.5056","period":"PT1M","low":"300.4","multiplier":"1","beginTime":"1640549862","endTime":"2020-01-07T07:55-05:00[America/New_York]","close":"300.59","open":"300.4"}
{"volume":"1600.0","ticker":"AAPL","high":"300.6","amount":"300.5836","period":"PT1M","low":"300.5","multiplier":"1","beginTime":"1640549862","endTime":"2020-01-07T07:56-05:00[America/New_York]","close":"300.57","open":"300.58"}
{"volume":"1363.0","ticker":"AAPL","high":"300.56","amount":"300.5589","period":"PT1M","low":"300.55","multiplier":"1","beginTime":"1640549862","endTime":"2020-01-07T07:59-05:00[America/New_York]","close":"300.56","open":"300.55"}
{"volume":"47090.0","ticker":"AAPL","high":"300.6","amount":"300.2749","period":"PT1M","low":"299.9","multiplier":"1","beginTime":"1640549862","endTime":"2020-01-07T08:00-05:00[America/New_York]","close":"300.49","open":"299.99"}
{"volume":"1741.0","ticker":"AAPL","high":"300.52","amount":"300.5065","period":"PT1M","low":"300.49","multiplier":"1","beginTime":"1640549862","endTime":"2020-01-07T08:01-05:00[America/New_York]","close":"300.49","open":"300.52"}
{"volume":"2817.0","ticker":"AAPL","high":"300.49","amount":"300.4022","period":"PT1M","low":"300.35","multiplier":"1","beginTime":"1640549862","endTime":"2020-01-07T08:02-05:00[America/New_York]","close":"300.4371","open":"300.49"}
{"volume":"610.0","ticker":"AAPL","high":"300.399","amount":"300.3295","period":"PT1M","low":"300.3","multiplier":"1","beginTime":"1640549862","endTime":"2020-01-07T08:03-05:00[America/New_York]","close":"300.3","open":"300.399"}
{"volume":"2012.0","ticker":"AAPL","high":"300.35","amount":"300.2714","period":"PT1M","low":"300.24","multiplier":"1","beginTime":"1640549862","endTime":"2020-01-07T08:04-05:00[America/New_York]","close":"300.24","open":"300.25"}
{"volume":"573.0","ticker":"AAPL","high":"300.35","amount":"300.3065","period":"PT1M","low":"300.2964","multiplier":"1","beginTime":"1640549862","endTime":"2020-01-07T08:05-05:00[America/New_York]","close":"300.2964","open":"300.35"}
{"volume":"351.0","ticker":"AAPL","high":"300.37","amount":"300.3642","period":"PT1M","low":"300.3699","multiplier":"1","beginTime":"1640549862","endTime":"2020-01-07T08:06-05:00[America/New_York]","close":"300.37","open":"300.3699"}
{"volume":"942.0","ticker":"AAPL","high":"300.32","amount":"300.3012","period":"PT1M","low":"300.27","multiplier":"1","beginTime":"1640549862","endTime":"2020-01-07T08:07-05:00[America/New_York]","close":"300.27","open":"300.3"}
{"volume":"7625.0","ticker":"AAPL","high":"300.37","amount":"300.3413","period":"PT1M","low":"300.24","multiplier":"1","beginTime":"1640549862","endTime":"2020-01-07T08:08-05:00[America/New_York]","close":"300.24","open":"300.27"}
{"volume":"2023.0","ticker":"AAPL","high":"300.35","amount":"300.3486","period":"PT1M","low":"300.35","multiplier":"1","beginTime":"1640549862","endTime":"2020-01-07T08:09-05:00[America/New_York]","close":"300.35","open":"300.35"}
{"volume":"1114.0","ticker":"AAPL","high":"300.3","amount":"300.2459","period":"PT1M","low":"300.2301","multiplier":"1","beginTime":"1640549862","endTime":"2020-01-07T08:10-05:00[America/New_York]","close":"300.2301","open":"300.3"}
{"volume":"5900.0","ticker":"AAPL","high":"300.3039","amount":"300.1702","period":"PT1M","low":"300.03","multiplier":"1","beginTime":"1640549862","endTime":"2020-01-07T08:12-05:00[America/New_York]","close":"300.1","open":"300.3"}
{"volume":"2169.0","ticker":"AAPL","high":"300.24","amount":"300.1778","period":"PT1M","low":"300.15","multiplier":"1","beginTime":"1640549862","endTime":"2020-01-07T08:13-05:00[America/New_York]","close":"300.24","open":"300.16"}
{"volume":"1519.0","ticker":"AAPL","high":"300.24","amount":"300.1876","period":"PT1M","low":"300.16","multiplier":"1","beginTime":"1640549862","endTime":"2020-01-07T08:14-05:00[America/New_York]","close":"300.2","open":"300.16"}
{"volume":"1706.0","ticker":"AAPL","high":"300.24","amount":"300.2113","period":"PT1M","low":"300.21","multiplier":"1","beginTime":"1640549862","endTime":"2020-01-07T08:15-05:00[America/New_York]","close":"300.21","open":"300.24"}
{"volume":"1322.0","ticker":"AAPL","high":"300.23","amount":"300.2247","period":"PT1M","low":"300.23","multiplier":"1","beginTime":"1640549862","endTime":"2020-01-07T08:16-05:00[America/New_York]","close":"300.23","open":"300.23"}
{"volume":"710.0","ticker":"AAPL","high":"300.22","amount":"300.2201","period":"PT1M","low":"300.22","multiplier":"1","beginTime":"1640549862","endTime":"2020-01-07T08:17-05:00[America/New_York]","close":"300.22","open":"300.22"}
{"volume":"503.0","ticker":"AAPL","high":"300.2","amount":"300.1681","period":"PT1M","low":"300.1506","multiplier":"1","beginTime":"1640549862","endTime":"2020-01-07T08:18-05:00[America/New_York]","close":"300.2","open":"300.1692"}
{"volume":"4140.0","ticker":"AAPL","high":"300.16","amount":"300.1124","period":"PT1M","low":"300.07","multiplier":"1","beginTime":"1640549862","endTime":"2020-01-07T08:19-05:00[America/New_York]","close":"300.11","open":"300.16"}
{"volume":"4413.0","ticker":"AAPL","high":"300.12","amount":"300.073","period":"PT1M","low":"300.02","multiplier":"1","beginTime":"1640549862","endTime":"2020-01-07T08:20-05:00[America/New_York]","close":"300.02","open":"300.11"}
{"volume":"12706.0","ticker":"AAPL","high":"300.02","amount":"299.9869","period":"PT1M","low":"299.93","multiplier":"1","beginTime":"1640549862","endTime":"2020-01-07T08:21-05:00[America/New_York]","close":"300.0001","open":"300.0"}
{"volume":"2791.0","ticker":"AAPL","high":"300.22","amount":"300.139","period":"PT1M","low":"299.96","multiplier":"1","beginTime":"1640549862","endTime":"2020-01-07T08:22-05:00[America/New_York]","close":"300.06","open":"300.0"}
{"volume":"285.0","ticker":"AAPL","high":"300.16","amount":"300.153","period":"PT1M","low":"300.16","multiplier":"1","beginTime":"1640549862","endTime":"2020-01-07T08:23-05:00[America/New_York]","close":"300.16","open":"300.16"}
{"volume":"5081.0","ticker":"AAPL","high":"300.17","amount":"300.1411","period":"PT1M","low":"300.1","multiplier":"1","beginTime":"1640549862","endTime":"2020-01-07T08:24-05:00[America/New_York]","close":"300.16","open":"300.17"}
{"volume":"1980.0","ticker":"AAPL","high":"300.17","amount":"300.1657","period":"PT1M","low":"300.14","multiplier":"1","beginTime":"1640549862","endTime":"2020-01-07T08:25-05:00[America/New_York]","close":"300.15","open":"300.17"}
{"volume":"734.0","ticker":"AAPL","high":"300.14","amount":"300.1271","period":"PT1M","low":"300.1","multiplier":"1","beginTime":"1640549862","endTime":"2020-01-07T08:26-05:00[America/New_York]","close":"300.13","open":"300.14"}
{"volume":"218.0","ticker":"AAPL","high":"300.06","amount":"300.0883","period":"PT1M","low":"300.06","multiplier":"1","beginTime":"1640549862","endTime":"2020-01-07T08:27-05:00[America/New_York]","close":"300.06","open":"300.06"}
{"volume":"995.0","ticker":"AAPL","high":"300.0706","amount":"300.0611","period":"PT1M","low":"300.05","multiplier":"1","beginTime":"1640549862","endTime":"2020-01-07T08:28-05:00[America/New_York]","close":"300.05","open":"300.0706"}
{"volume":"1235.0","ticker":"AAPL","high":"300.1","amount":"300.0774","period":"PT1M","low":"300.01","multiplier":"1","beginTime":"1640549862","endTime":"2020-01-07T08:29-05:00[America/New_York]","close":"300.09","open":"300.1"}
{"volume":"4784.0","ticker":"AAPL","high":"300.02","amount":"299.9887","period":"PT1M","low":"299.95","multiplier":"1","beginTime":"1640549862","endTime":"2020-01-07T08:30-05:00[America/New_York]","close":"299.9508","open":"300.01"}
{"volume":"1683.0","ticker":"AAPL","high":"300.0","amount":"299.9978","period":"PT1M","low":"300.0","multiplier":"1","beginTime":"1640549862","endTime":"2020-01-07T08:31-05:00[America/New_York]","close":"300.0","open":"300.0"}
{"volume":"2641.0","ticker":"AAPL","high":"300.06","amount":"299.9747","period":"PT1M","low":"299.9","multiplier":"1","beginTime":"1640549862","endTime":"2020-01-07T08:32-05:00[America/New_York]","close":"299.9","open":"300.0"}
{"volume":"1765.0","ticker":"AAPL","high":"299.95","amount":"299.9223","period":"PT1M","low":"299.9","multiplier":"1","beginTime":"1640549862","endTime":"2020-01-07T08:33-05:00[America/New_York]","close":"299.93","open":"299.95"}
{"volume":"2648.0","ticker":"AAPL","high":"300.0","amount":"299.9121","period":"PT1M","low":"299.9","multiplier":"1","beginTime":"1640549862","endTime":"2020-01-07T08:34-05:00[America/New_York]","close":"299.95","open":"300.0"}
{"volume":"7585.0","ticker":"AAPL","high":"299.91","amount":"299.8879","period":"PT1M","low":"299.85","multiplier":"1","beginTime":"1640549862","endTime":"2020-01-07T08:35-05:00[America/New_York]","close":"299.85","open":"299.91"}
{"volume":"1941.0","ticker":"AAPL","high":"299.86","amount":"299.8541","period":"PT1M","low":"299.85","multiplier":"1","beginTime":"1640549862","endTime":"2020-01-07T08:36-05:00[America/New_York]","close":"299.85","open":"299.8501"}
{"volume":"1886.0","ticker":"AAPL","high":"299.85","amount":"299.8552","period":"PT1M","low":"299.85","multiplier":"1","beginTime":"1640549862","endTime":"2020-01-07T08:37-05:00[America/New_York]","close":"299.85","open":"299.85"}
{"volume":"1711.0","ticker":"AAPL","high":"299.9","amount":"299.8632","period":"PT1M","low":"299.85","multiplier":"1","beginTime":"1640549862","endTime":"2020-01-07T08:38-05:00[America/New_York]","close":"299.86","open":"299.9"}
{"volume":"5165.0","ticker":"AAPL","high":"299.85","amount":"299.8047","period":"PT1M","low":"299.77","multiplier":"1","beginTime":"1640549862","endTime":"2020-01-07T08:39-05:00[America/New_York]","close":"299.77","open":"299.85"}
{"volume":"2874.0","ticker":"AAPL","high":"299.9","amount":"299.8475","period":"PT1M","low":"299.8","multiplier":"1","beginTime":"1640549862","endTime":"2020-01-07T08:40-05:00[America/New_York]","close":"299.9","open":"299.84"}
{"volume":"2755.0","ticker":"AAPL","high":"300.0","amount":"299.9381","period":"PT1M","low":"299.8","multiplier":"1","beginTime":"1640549862","endTime":"2020-01-07T08:41-05:00[America/New_York]","close":"300.0","open":"299.81"}
{"volume":"1047.0","ticker":"AAPL","high":"300.0","amount":"299.9926","period":"PT1M","low":"299.99","multiplier":"1","beginTime":"1640549862","endTime":"2020-01-07T08:42-05:00[America/New_York]","close":"300.0","open":"299.99"}
{"volume":"280.0","ticker":"AAPL","high":"299.95","amount":"299.9595","period":"PT1M","low":"299.95","multiplier":"1","beginTime":"1640549862","endTime":"2020-01-07T08:44-05:00[America/New_York]","close":"299.95","open":"299.95"}
{"volume":"9320.0","ticker":"AAPL","high":"299.98","amount":"299.794","period":"PT1M","low":"299.75","multiplier":"1","beginTime":"1640549862","endTime":"2020-01-07T08:45-05:00[America/New_York]","close":"299.8","open":"299.92"}
{"volume":"2946.0","ticker":"AAPL","high":"299.91","amount":"299.8796","period":"PT1M","low":"299.81","multiplier":"1","beginTime":"1640549862","endTime":"2020-01-07T08:46-05:00[America/New_York]","close":"299.89","open":"299.87"}
{"volume":"2741.0","ticker":"AAPL","high":"299.91","amount":"299.8967","period":"PT1M","low":"299.85","multiplier":"1","beginTime":"1640549862","endTime":"2020-01-07T08:47-05:00[America/New_York]","close":"299.91","open":"299.86"}
{"volume":"514.0","ticker":"AAPL","high":"299.85","amount":"299.8259","period":"PT1M","low":"299.8","multiplier":"1","beginTime":"1640549862","endTime":"2020-01-07T08:48-05:00[America/New_York]","close":"299.8","open":"299.85"}
{"volume":"2382.0","ticker":"AAPL","high":"299.86","amount":"299.8048","period":"PT1M","low":"299.75","multiplier":"1","beginTime":"1640549862","endTime":"2020-01-07T08:49-05:00[America/New_York]","close":"299.86","open":"299.81"}
{"volume":"3231.0","ticker":"AAPL","high":"299.71","amount":"299.6677","period":"PT1M","low":"299.6","multiplier":"1","beginTime":"1640549862","endTime":"2020-01-07T08:50-05:00[America/New_York]","close":"299.6","open":"299.7"}
{"volume":"9571.0","ticker":"AAPL","high":"299.62","amount":"299.541","period":"PT1M","low":"299.41","multiplier":"1","beginTime":"1640549862","endTime":"2020-01-07T08:51-05:00[America/New_York]","close":"299.41","open":"299.62"}
{"volume":"1169.0","ticker":"AAPL","high":"299.49","amount":"299.4657","period":"PT1M","low":"299.43","multiplier":"1","beginTime":"1640549862","endTime":"2020-01-07T08:52-05:00[America/New_York]","close":"299.43","open":"299.49"}
{"volume":"9483.0","ticker":"AAPL","high":"299.51","amount":"299.4584","period":"PT1M","low":"299.39","multiplier":"1","beginTime":"1640549862","endTime":"2020-01-07T08:53-05:00[America/New_York]","close":"299.51","open":"299.46"}
{"volume":"5234.0","ticker":"AAPL","high":"299.58","amount":"299.4696","period":"PT1M","low":"299.4501","multiplier":"1","beginTime":"1640549862","endTime":"2020-01-07T08:54-05:00[America/New_York]","close":"299.58","open":"299.46"}
{"volume":"5876.0","ticker":"AAPL","high":"299.63","amount":"299.5972","period":"PT1M","low":"299.5499","multiplier":"1","beginTime":"1640549862","endTime":"2020-01-07T08:55-05:00[America/New_York]","close":"299.56","open":"299.58"}
{"volume":"307.0","ticker":"AAPL","high":"299.6","amount":"299.5845","period":"PT1M","low":"299.6","multiplier":"1","beginTime":"1640549862","endTime":"2020-01-07T08:56-05:00[America/New_York]","close":"299.6","open":"299.6"}
{"volume":"592.0","ticker":"AAPL","high":"299.5599","amount":"299.5625","period":"PT1M","low":"299.55","multiplier":"1","beginTime":"1640549862","endTime":"2020-01-07T08:57-05:00[America/New_York]","close":"299.5599","open":"299.55"}
{"volume":"1476.0","ticker":"AAPL","high":"299.5001","amount":"299.4993","period":"PT1M","low":"299.45","multiplier":"1","beginTime":"1640549862","endTime":"2020-01-07T08:58-05:00[America/New_York]","close":"299.5","open":"299.5"}
{"volume":"559.0","ticker":"AAPL","high":"299.5911","amount":"299.5767","period":"PT1M","low":"299.565","multiplier":"1","beginTime":"1640549862","endTime":"2020-01-07T08:59-05:00[America/New_York]","close":"299.565","open":"299.5911"}
{"volume":"7789.0","ticker":"AAPL","high":"299.62","amount":"299.5322","period":"PT1M","low":"299.43","multiplier":"1","beginTime":"1640549862","endTime":"2020-01-07T09:00-05:00[America/New_York]","close":"299.6","open":"299.6"}
{"volume":"4711.0","ticker":"AAPL","high":"299.75","amount":"299.7244","period":"PT1M","low":"299.6","multiplier":"1","beginTime":"1640549862","endTime":"2020-01-07T09:01-05:00[America/New_York]","close":"299.75","open":"299.62"}
{"volume":"638.0","ticker":"AAPL","high":"299.59","amount":"299.571","period":"PT1M","low":"299.5","multiplier":"1","beginTime":"1640549862","endTime":"2020-01-07T09:02-05:00[America/New_York]","close":"299.59","open":"299.5"}
{"volume":"973.0","ticker":"AAPL","high":"299.6053","amount":"299.6045","period":"PT1M","low":"299.6","multiplier":"1","beginTime":"1640549862","endTime":"2020-01-07T09:03-05:00[America/New_York]","close":"299.6","open":"299.6"}
{"volume":"7075.0","ticker":"AAPL","high":"299.7","amount":"299.6284","period":"PT1M","low":"299.61","multiplier":"1","beginTime":"1640549862","endTime":"2020-01-07T09:05-05:00[America/New_York]","close":"299.6488","open":"299.7"}
{"volume":"3118.0","ticker":"AAPL","high":"299.74","amount":"299.7034","period":"PT1M","low":"299.7","multiplier":"1","beginTime":"1640549862","endTime":"2020-01-07T09:06-05:00[America/New_York]","close":"299.7","open":"299.74"}
{"volume":"10813.0","ticker":"AAPL","high":"299.98","amount":"299.9008","period":"PT1M","low":"299.77","multiplier":"1","beginTime":"1640549862","endTime":"2020-01-07T09:07-05:00[America/New_York]","close":"299.93","open":"299.77"}
{"volume":"2142.0","ticker":"AAPL","high":"299.9","amount":"299.8804","period":"PT1M","low":"299.85","multiplier":"1","beginTime":"1640549862","endTime":"2020-01-07T09:08-05:00[America/New_York]","close":"299.9","open":"299.85"}
{"volume":"1158.0","ticker":"AAPL","high":"299.84","amount":"299.8143","period":"PT1M","low":"299.8","multiplier":"1","beginTime":"1640549862","endTime":"2020-01-07T09:09-05:00[America/New_York]","close":"299.84","open":"299.84"}
{"volume":"1416.0","ticker":"AAPL","high":"299.8899","amount":"299.8183","period":"PT1M","low":"299.8","multiplier":"1","beginTime":"1640549862","endTime":"2020-01-07T09:10-05:00[America/New_York]","close":"299.8","open":"299.8899"}
{"volume":"1028.0","ticker":"AAPL","high":"299.84","amount":"299.7976","period":"PT1M","low":"299.69","multiplier":"1","beginTime":"1640549862","endTime":"2020-01-07T09:11-05:00[America/New_York]","close":"299.84","open":"299.69"}
{"volume":"595.0","ticker":"AAPL","high":"299.82","amount":"299.8247","period":"PT1M","low":"299.8","multiplier":"1","beginTime":"1640549862","endTime":"2020-01-07T09:12-05:00[America/New_York]","close":"299.8","open":"299.82"}
{"volume":"2699.0","ticker":"AAPL","high":"299.88","amount":"299.8514","period":"PT1M","low":"299.8102","multiplier":"1","beginTime":"1640549862","endTime":"2020-01-07T09:13-05:00[America/New_York]","close":"299.85","open":"299.8102"}
{"volume":"754.0","ticker":"AAPL","high":"299.85","amount":"299.8204","period":"PT1M","low":"299.81","multiplier":"1","beginTime":"1640549862","endTime":"2020-01-07T09:14-05:00[America/New_York]","close":"299.81","open":"299.85"}
{"volume":"675.0","ticker":"AAPL","high":"299.8","amount":"299.8016","period":"PT1M","low":"299.75","multiplier":"1","beginTime":"1640549862","endTime":"2020-01-07T09:15-05:00[America/New_York]","close":"299.8","open":"299.75"}
{"volume":"336.0","ticker":"AAPL","high":"299.75","amount":"299.766","period":"PT1M","low":"299.75","multiplier":"1","beginTime":"1640549862","endTime":"2020-01-07T09:16-05:00[America/New_York]","close":"299.75","open":"299.75"}
{"volume":"818.0","ticker":"AAPL","high":"299.75","amount":"299.6948","period":"PT1M","low":"299.65","multiplier":"1","beginTime":"1640549862","endTime":"2020-01-07T09:17-05:00[America/New_York]","close":"299.65","open":"299.75"}
{"volume":"4950.0","ticker":"AAPL","high":"299.67","amount":"299.6353","period":"PT1M","low":"299.6","multiplier":"1","beginTime":"1640549862","endTime":"2020-01-07T09:18-05:00[America/New_York]","close":"299.65","open":"299.67"}
{"volume":"4912.0","ticker":"AAPL","high":"299.6998","amount":"299.6796","period":"PT1M","low":"299.62","multiplier":"1","beginTime":"1640549862","endTime":"2020-01-07T09:19-05:00[America/New_York]","close":"299.65","open":"299.62"}
{"volume":"4270.0","ticker":"AAPL","high":"299.68","amount":"299.6147","period":"PT1M","low":"299.6","multiplier":"1","beginTime":"1640549862","endTime":"2020-01-07T09:21-05:00[America/New_York]","close":"299.6","open":"299.68"}
{"volume":"4348.0","ticker":"AAPL","high":"299.7","amount":"299.6157","period":"PT1M","low":"299.55","multiplier":"1","beginTime":"1640549862","endTime":"2020-01-07T09:22-05:00[America/New_York]","close":"299.7","open":"299.6"}
{"volume":"3205.0","ticker":"AAPL","high":"299.7","amount":"299.6852","period":"PT1M","low":"299.67","multiplier":"1","beginTime":"1640549862","endTime":"2020-01-07T09:23-05:00[America/New_York]","close":"299.67","open":"299.69"}
{"volume":"1692.0","ticker":"AAPL","high":"299.7","amount":"299.6919","period":"PT1M","low":"299.65","multiplier":"1","beginTime":"1640549862","endTime":"2020-01-07T09:24-05:00[America/New_York]","close":"299.7","open":"299.65"}
{"volume":"7680.0","ticker":"AAPL","high":"299.75","amount":"299.6919","period":"PT1M","low":"299.7","multiplier":"1","beginTime":"1640549862","endTime":"2020-01-07T09:25-05:00[America/New_York]","close":"299.75","open":"299.7"}
{"volume":"1514.0","ticker":"AAPL","high":"299.75","amount":"299.6902","period":"PT1M","low":"299.65","multiplier":"1","beginTime":"1640549862","endTime":"2020-01-07T09:26-05:00[America/New_York]","close":"299.7","open":"299.75"}
{"volume":"1611.0","ticker":"AAPL","high":"299.7502","amount":"299.7169","period":"PT1M","low":"299.65","multiplier":"1","beginTime":"1640549862","endTime":"2020-01-07T09:27-05:00[America/New_York]","close":"299.75","open":"299.7"}
{"volume":"34736.0","ticker":"AAPL","high":"300.08","amount":"299.9168","period":"PT1M","low":"299.8","multiplier":"1","beginTime":"1640549862","endTime":"2020-01-07T09:28-05:00[America/New_York]","close":"300.04","open":"299.8"}
{"volume":"14558.0","ticker":"AAPL","high":"299.98","amount":"299.9104","period":"PT1M","low":"299.9","multiplier":"1","beginTime":"1640549862","endTime":"2020-01-07T09:29-05:00[America/New_York]","close":"299.93","open":"299.98"}
{"volume":"809237.0","ticker":"AAPL","high":"300.2453","amount":"299.9357","period":"PT1M","low":"299.51","multiplier":"1","beginTime":"1640549862","endTime":"2020-01-07T09:30-05:00[America/New_York]","close":"299.8","open":"299.84"}
{"volume":"215622.0","ticker":"AAPL","high":"300.2","amount":"300.0","period":"PT1M","low":"299.7","multiplier":"1","beginTime":"1640549862","endTime":"2020-01-07T09:31-05:00[America/New_York]","close":"300.185","open":"299.8"}
{"volume":"260348.0","ticker":"AAPL","high":"300.6","amount":"300.2826","period":"PT1M","low":"299.85","multiplier":"1","beginTime":"1640549862","endTime":"2020-01-07T09:32-05:00[America/New_York]","close":"300.39","open":"300.14"}
{"volume":"212181.0","ticker":"AAPL","high":"300.73","amount":"300.6071","period":"PT1M","low":"300.3799","multiplier":"1","beginTime":"1640549862","endTime":"2020-01-07T09:33-05:00[America/New_York]","close":"300.5668","open":"300.38"}
{"volume":"190706.0","ticker":"AAPL","high":"300.9","amount":"300.7569","period":"PT1M","low":"300.57","multiplier":"1","beginTime":"1640549862","endTime":"2020-01-07T09:34-05:00[America/New_York]","close":"300.85","open":"300.57"}
{"volume":"231114.0","ticker":"AAPL","high":"300.86","amount":"300.6366","period":"PT1M","low":"300.4","multiplier":"1","beginTime":"1640549862","endTime":"2020-01-07T09:35-05:00[America/New_York]","close":"300.4324","open":"300.82"}
{"volume":"305246.0","ticker":"AAPL","high":"300.43","amount":"299.7977","period":"PT1M","low":"299.4101","multiplier":"1","beginTime":"1640549862","endTime":"2020-01-07T09:36-05:00[America/New_York]","close":"299.8111","open":"300.43"}
{"volume":"229575.0","ticker":"AAPL","high":"299.81","amount":"299.4778","period":"PT1M","low":"299.26","multiplier":"1","beginTime":"1640549862","endTime":"2020-01-07T09:37-05:00[America/New_York]","close":"299.59","open":"299.81"}
{"volume":"273337.0","ticker":"AAPL","high":"299.56","amount":"299.0887","period":"PT1M","low":"298.81","multiplier":"1","beginTime":"1640549862","endTime":"2020-01-07T09:38-05:00[America/New_York]","close":"298.8592","open":"299.5319"}
{"volume":"235239.0","ticker":"AAPL","high":"299.2299","amount":"298.7737","period":"PT1M","low":"298.34","multiplier":"1","beginTime":"1640549862","endTime":"2020-01-07T09:39-05:00[America/New_York]","close":"299.119","open":"298.85"}
{"volume":"135791.0","ticker":"AAPL","high":"299.1243","amount":"298.8049","period":"PT1M","low":"298.6301","multiplier":"1","beginTime":"1640549862","endTime":"2020-01-07T09:40-05:00[America/New_York]","close":"298.67","open":"299.1"}
{"volume":"150862.0","ticker":"AAPL","high":"299.04","amount":"298.7643","period":"PT1M","low":"298.5","multiplier":"1","beginTime":"1640549862","endTime":"2020-01-07T09:41-05:00[America/New_York]","close":"298.7","open":"298.67"}
{"volume":"125411.0","ticker":"AAPL","high":"298.92","amount":"298.727","period":"PT1M","low":"298.42","multiplier":"1","beginTime":"1640549862","endTime":"2020-01-07T09:42-05:00[America/New_York]","close":"298.4227","open":"298.8033"}
{"volume":"200923.0","ticker":"AAPL","high":"298.57","amount":"298.2942","period":"PT1M","low":"298.15","multiplier":"1","beginTime":"1640549862","endTime":"2020-01-07T09:43-05:00[America/New_York]","close":"298.32","open":"298.4202"}
{"volume":"175471.0","ticker":"AAPL","high":"298.5032","amount":"298.293","period":"PT1M","low":"298.07","multiplier":"1","beginTime":"1640549862","endTime":"2020-01-07T09:44-05:00[America/New_York]","close":"298.186","open":"298.336"}
{"volume":"189412.0","ticker":"AAPL","high":"298.88","amount":"298.5048","period":"PT1M","low":"298.045","multiplier":"1","beginTime":"1640549862","endTime":"2020-01-07T09:45-05:00[America/New_York]","close":"298.45","open":"298.14"}
{"volume":"222007.0","ticker":"AAPL","high":"298.43","amount":"298.0365","period":"PT1M","low":"297.75","multiplier":"1","beginTime":"1640549862","endTime":"2020-01-07T09:46-05:00[America/New_York]","close":"298.06","open":"298.415"}
{"volume":"186282.0","ticker":"AAPL","high":"298.48","amount":"298.2033","period":"PT1M","low":"297.984","multiplier":"1","beginTime":"1640549862","endTime":"2020-01-07T09:47-05:00[America/New_York]","close":"298.03","open":"298.03"}
{"volume":"188049.0","ticker":"AAPL","high":"298.668","amount":"298.306","period":"PT1M","low":"297.92","multiplier":"1","beginTime":"1640549862","endTime":"2020-01-07T09:48-05:00[America/New_York]","close":"298.647","open":"298.0"}
{"volume":"134374.0","ticker":"AAPL","high":"298.98","amount":"298.7658","period":"PT1M","low":"298.6005","multiplier":"1","beginTime":"1640549862","endTime":"2020-01-07T09:49-05:00[America/New_York]","close":"298.875","open":"298.6499"}
{"volume":"130903.0","ticker":"AAPL","high":"298.94","amount":"298.6781","period":"PT1M","low":"298.38","multiplier":"1","beginTime":"1640549862","endTime":"2020-01-07T09:50-05:00[America/New_York]","close":"298.52","open":"298.85"}
{"volume":"80578.0","ticker":"AAPL","high":"298.9","amount":"298.6777","period":"PT1M","low":"298.43","multiplier":"1","beginTime":"1640549862","endTime":"2020-01-07T09:51-05:00[America/New_York]","close":"298.885","open":"298.52"}
{"volume":"148895.0","ticker":"AAPL","high":"299.15","amount":"298.9713","period":"PT1M","low":"298.8","multiplier":"1","beginTime":"1640549862","endTime":"2020-01-07T09:52-05:00[America/New_York]","close":"298.88","open":"298.89"}
{"volume":"107574.0","ticker":"AAPL","high":"299.1","amount":"298.8693","period":"PT1M","low":"298.63","multiplier":"1","beginTime":"1640549862","endTime":"2020-01-07T09:53-05:00[America/New_York]","close":"298.9","open":"298.88"}
{"volume":"65388.0","ticker":"AAPL","high":"298.9439","amount":"298.7493","period":"PT1M","low":"298.57","multiplier":"1","beginTime":"1640549862","endTime":"2020-01-07T09:54-05:00[America/New_York]","close":"298.71","open":"298.93"}
{"volume":"70552.0","ticker":"AAPL","high":"298.8074","amount":"298.6761","period":"PT1M","low":"298.58","multiplier":"1","beginTime":"1640549862","endTime":"2020-01-07T09:55-05:00[America/New_York]","close":"298.625","open":"298.72"}
{"volume":"80502.0","ticker":"AAPL","high":"298.75","amount":"298.6231","period":"PT1M","low":"298.52","multiplier":"1","beginTime":"1640549862","endTime":"2020-01-07T09:56-05:00[America/New_York]","close":"298.73","open":"298.63"}
{"volume":"76311.0","ticker":"AAPL","high":"298.75","amount":"298.542","period":"PT1M","low":"298.42","multiplier":"1","beginTime":"1640549862","endTime":"2020-01-07T09:57-05:00[America/New_York]","close":"298.52","open":"298.6962"}
{"volume":"76576.0","ticker":"AAPL","high":"298.98","amount":"298.7385","period":"PT1M","low":"298.5","multiplier":"1","beginTime":"1640549862","endTime":"2020-01-07T09:58-05:00[America/New_York]","close":"298.98","open":"298.56"}
{"volume":"93756.0","ticker":"AAPL","high":"299.099","amount":"298.9817","period":"PT1M","low":"298.8245","multiplier":"1","beginTime":"1640549862","endTime":"2020-01-07T09:59-05:00[America/New_York]","close":"298.8245","open":"298.987"}
{"volume":"125573.0","ticker":"AAPL","high":"299.3632","amount":"299.1978","period":"PT1M","low":"298.89","multiplier":"1","beginTime":"1640549862","endTime":"2020-01-07T10:00-05:00[America/New_York]","close":"299.17","open":"298.89"}
{"volume":"89521.0","ticker":"AAPL","high":"299.24","amount":"299.1031","period":"PT1M","low":"298.93","multiplier":"1","beginTime":"1640549862","endTime":"2020-01-07T10:01-05:00[America/New_York]","close":"299.035","open":"299.13"}
{"volume":"80162.0","ticker":"AAPL","high":"299.16","amount":"299.0017","period":"PT1M","low":"298.85","multiplier":"1","beginTime":"1640549862","endTime":"2020-01-07T10:02-05:00[America/New_York]","close":"298.8816","open":"299.0"}
{"volume":"51639.0","ticker":"AAPL","high":"299.1","amount":"298.9867","period":"PT1M","low":"298.885","multiplier":"1","beginTime":"1640549862","endTime":"2020-01-07T10:03-05:00[America/New_York]","close":"298.98","open":"298.9"}
{"volume":"79990.0","ticker":"AAPL","high":"298.97","amount":"298.8186","period":"PT1M","low":"298.6313","multiplier":"1","beginTime":"1640549862","endTime":"2020-01-07T10:04-05:00[America/New_York]","close":"298.87","open":"298.97"}
{"volume":"40051.0","ticker":"AAPL","high":"298.9244","amount":"298.8459","period":"PT1M","low":"298.78","multiplier":"1","beginTime":"1640549862","endTime":"2020-01-07T10:05-05:00[America/New_York]","close":"298.84","open":"298.89"}
{"volume":"107702.0","ticker":"AAPL","high":"299.1","amount":"298.803","period":"PT1M","low":"298.52","multiplier":"1","beginTime":"1640549862","endTime":"2020-01-07T10:06-05:00[America/New_York]","close":"298.97","open":"298.84"}
{"volume":"108738.0","ticker":"AAPL","high":"299.3","amount":"299.0797","period":"PT1M","low":"298.8701","multiplier":"1","beginTime":"1640549862","endTime":"2020-01-07T10:07-05:00[America/New_York]","close":"298.8759","open":"299.0158"}
{"volume":"90366.0","ticker":"AAPL","high":"298.94","amount":"298.7139","period":"PT1M","low":"298.6002","multiplier":"1","beginTime":"1640549862","endTime":"2020-01-07T10:08-05:00[America/New_York]","close":"298.68","open":"298.91"}
{"volume":"102535.0","ticker":"AAPL","high":"298.7","amount":"298.5309","period":"PT1M","low":"298.36","multiplier":"1","beginTime":"1640549862","endTime":"2020-01-07T10:09-05:00[America/New_York]","close":"298.39","open":"298.69"}
{"volume":"57186.0","ticker":"AAPL","high":"298.65","amount":"298.4894","period":"PT1M","low":"298.37","multiplier":"1","beginTime":"1640549862","endTime":"2020-01-07T10:10-05:00[America/New_York]","close":"298.44","open":"298.407"}
{"volume":"47824.0","ticker":"AAPL","high":"298.56","amount":"298.4539","period":"PT1M","low":"298.34","multiplier":"1","beginTime":"1640549862","endTime":"2020-01-07T10:11-05:00[America/New_York]","close":"298.51","open":"298.47"}
{"volume":"83290.0","ticker":"AAPL","high":"298.74","amount":"298.6508","period":"PT1M","low":"298.53","multiplier":"1","beginTime":"1640549862","endTime":"2020-01-07T10:12-05:00[America/New_York]","close":"298.54","open":"298.53"}
{"volume":"61297.0","ticker":"AAPL","high":"298.625","amount":"298.5003","period":"PT1M","low":"298.4","multiplier":"1","beginTime":"1640549862","endTime":"2020-01-07T10:13-05:00[America/New_York]","close":"298.41","open":"298.54"}
{"volume":"87832.0","ticker":"AAPL","high":"298.44","amount":"298.3455","period":"PT1M","low":"298.26","multiplier":"1","beginTime":"1640549862","endTime":"2020-01-07T10:14-05:00[America/New_York]","close":"298.42","open":"298.43"}
{"volume":"100458.0","ticker":"AAPL","high":"298.47","amount":"298.2704","period":"PT1M","low":"298.11","multiplier":"1","beginTime":"1640549862","endTime":"2020-01-07T10:15-05:00[America/New_York]","close":"298.2","open":"298.42"}
{"volume":"72240.0","ticker":"AAPL","high":"298.2843","amount":"298.2004","period":"PT1M","low":"298.13","multiplier":"1","beginTime":"1640549862","endTime":"2020-01-07T10:16-05:00[America/New_York]","close":"298.195","open":"298.2"}
{"volume":"61166.0","ticker":"AAPL","high":"298.4","amount":"298.3112","period":"PT1M","low":"298.2","multiplier":"1","beginTime":"1640549862","endTime":"2020-01-07T10:17-05:00[America/New_York]","close":"298.395","open":"298.2"}
{"volume":"78228.0","ticker":"AAPL","high":"298.38","amount":"298.2116","period":"PT1M","low":"298.05","multiplier":"1","beginTime":"1640549862","endTime":"2020-01-07T10:18-05:00[America/New_York]","close":"298.13","open":"298.38"}
{"volume":"147015.0","ticker":"AAPL","high":"298.1462","amount":"298.0251","period":"PT1M","low":"297.9247","multiplier":"1","beginTime":"1640549862","endTime":"2020-01-07T10:19-05:00[America/New_York]","close":"298.127","open":"298.1462"}
{"volume":"154042.0","ticker":"AAPL","high":"298.79","amount":"298.2169","period":"PT1M","low":"298.0","multiplier":"1","beginTime":"1640549862","endTime":"2020-01-07T10:20-05:00[America/New_York]","close":"298.2889","open":"298.13"}
{"volume":"72463.0","ticker":"AAPL","high":"298.6","amount":"298.4607","period":"PT1M","low":"298.22","multiplier":"1","beginTime":"1640549862","endTime":"2020-01-07T10:21-05:00[America/New_York]","close":"298.45","open":"298.26"}
{"volume":"49627.0","ticker":"AAPL","high":"298.45","amount":"298.3268","period":"PT1M","low":"298.21","multiplier":"1","beginTime":"1640549862","endTime":"2020-01-07T10:22-05:00[America/New_York]","close":"298.37","open":"298.45"}
{"volume":"73632.0","ticker":"AAPL","high":"298.44","amount":"298.3035","period":"PT1M","low":"298.15","multiplier":"1","beginTime":"1640549862","endTime":"2020-01-07T10:23-05:00[America/New_York]","close":"298.15","open":"298.365"}
{"volume":"123271.0","ticker":"AAPL","high":"298.31","amount":"298.0743","period":"PT1M","low":"297.88","multiplier":"1","beginTime":"1640549862","endTime":"2020-01-07T10:24-05:00[America/New_York]","close":"297.99","open":"298.14"}
{"volume":"182715.0","ticker":"AAPL","high":"298.0699","amount":"297.7701","period":"PT1M","low":"297.55","multiplier":"1","beginTime":"1640549862","endTime":"2020-01-07T10:25-05:00[America/New_York]","close":"297.7487","open":"297.99"}
{"volume":"82747.0","ticker":"AAPL","high":"297.77","amount":"297.6911","period":"PT1M","low":"297.59","multiplier":"1","beginTime":"1640549862","endTime":"2020-01-07T10:26-05:00[America/New_York]","close":"297.63","open":"297.7528"}
{"volume":"67963.0","ticker":"AAPL","high":"297.7","amount":"297.595","period":"PT1M","low":"297.5","multiplier":"1","beginTime":"1640549862","endTime":"2020-01-07T10:27-05:00[America/New_York]","close":"297.5","open":"297.65"}
{"volume":"106820.0","ticker":"AAPL","high":"297.7963","amount":"297.6006","period":"PT1M","low":"297.48","multiplier":"1","beginTime":"1640549862","endTime":"2020-01-07T10:28-05:00[America/New_York]","close":"297.6237","open":"297.5108"}
{"volume":"88984.0","ticker":"AAPL","high":"298.04","amount":"297.8272","period":"PT1M","low":"297.62","multiplier":"1","beginTime":"1640549862","endTime":"2020-01-07T10:29-05:00[America/New_York]","close":"298.01","open":"297.65"}
{"volume":"176871.0","ticker":"AAPL","high":"298.5","amount":"298.2919","period":"PT1M","low":"297.96","multiplier":"1","beginTime":"1640549862","endTime":"2020-01-07T10:30-05:00[America/New_York]","close":"298.18","open":"297.97"}
{"volume":"119370.0","ticker":"AAPL","high":"298.33","amount":"298.0791","period":"PT1M","low":"297.75","multiplier":"1","beginTime":"1640549862","endTime":"2020-01-07T10:31-05:00[America/New_York]","close":"297.7794","open":"298.1701"}
{"volume":"99524.0","ticker":"AAPL","high":"298.04","amount":"297.8124","period":"PT1M","low":"297.54","multiplier":"1","beginTime":"1640549862","endTime":"2020-01-07T10:32-05:00[America/New_York]","close":"298.01","open":"297.74"}
{"volume":"56580.0","ticker":"AAPL","high":"298.1365","amount":"297.9946","period":"PT1M","low":"297.92","multiplier":"1","beginTime":"1640549862","endTime":"2020-01-07T10:33-05:00[America/New_York]","close":"297.95","open":"297.9689"}
{"volume":"77300.0","ticker":"AAPL","high":"298.22","amount":"298.0104","period":"PT1M","low":"297.85","multiplier":"1","beginTime":"1640549862","endTime":"2020-01-07T10:34-05:00[America/New_York]","close":"298.1475","open":"297.94"}
{"volume":"60629.0","ticker":"AAPL","high":"298.27","amount":"298.2117","period":"PT1M","low":"298.13","multiplier":"1","beginTime":"1640549862","endTime":"2020-01-07T10:35-05:00[America/New_York]","close":"298.21","open":"298.14"}
{"volume":"86136.0","ticker":"AAPL","high":"298.38","amount":"298.2785","period":"PT1M","low":"298.14","multiplier":"1","beginTime":"1640549862","endTime":"2020-01-07T10:36-05:00[America/New_York]","close":"298.38","open":"298.2348"}
{"volume":"114909.0","ticker":"AAPL","high":"298.56","amount":"298.4802","period":"PT1M","low":"298.385","multiplier":"1","beginTime":"1640549862","endTime":"2020-01-07T10:37-05:00[America/New_York]","close":"298.42","open":"298.4"}
{"volume":"37340.0","ticker":"AAPL","high":"298.51","amount":"298.4147","period":"PT1M","low":"298.32","multiplier":"1","beginTime":"1640549862","endTime":"2020-01-07T10:38-05:00[America/New_York]","close":"298.4","open":"298.4164"}
{"volume":"47948.0","ticker":"AAPL","high":"298.42","amount":"298.3473","period":"PT1M","low":"298.25","multiplier":"1","beginTime":"1640549862","endTime":"2020-01-07T10:39-05:00[America/New_York]","close":"298.33","open":"298.4155"}
{"volume":"65884.0","ticker":"AAPL","high":"298.5494","amount":"298.4245","period":"PT1M","low":"298.2301","multiplier":"1","beginTime":"1640549862","endTime":"2020-01-07T10:40-05:00[America/New_York]","close":"298.3601","open":"298.33"}
{"volume":"49436.0","ticker":"AAPL","high":"298.48","amount":"298.3902","period":"PT1M","low":"298.24","multiplier":"1","beginTime":"1640549862","endTime":"2020-01-07T10:41-05:00[America/New_York]","close":"298.24","open":"298.36"}
{"volume":"35631.0","ticker":"AAPL","high":"298.37","amount":"298.2876","period":"PT1M","low":"298.19","multiplier":"1","beginTime":"1640549862","endTime":"2020-01-07T10:42-05:00[America/New_York]","close":"298.3299","open":"298.2332"}
{"volume":"42860.0","ticker":"AAPL","high":"298.48","amount":"298.3996","period":"PT1M","low":"298.29","multiplier":"1","beginTime":"1640549862","endTime":"2020-01-07T10:43-05:00[America/New_York]","close":"298.39","open":"298.33"}
{"volume":"66351.0","ticker":"AAPL","high":"298.64","amount":"298.5667","period":"PT1M","low":"298.42","multiplier":"1","beginTime":"1640549862","endTime":"2020-01-07T10:44-05:00[America/New_York]","close":"298.58","open":"298.42"}
{"volume":"45350.0","ticker":"AAPL","high":"298.69","amount":"298.5878","period":"PT1M","low":"298.45","multiplier":"1","beginTime":"1640549862","endTime":"2020-01-07T10:45-05:00[America/New_York]","close":"298.66","open":"298.61"}
{"volume":"35001.0","ticker":"AAPL","high":"298.659","amount":"298.6034","period":"PT1M","low":"298.55","multiplier":"1","beginTime":"1640549862","endTime":"2020-01-07T10:46-05:00[America/New_York]","close":"298.61","open":"298.659"}
{"volume":"63436.0","ticker":"AAPL","high":"298.72","amount":"298.6782","period":"PT1M","low":"298.59","multiplier":"1","beginTime":"1640549862","endTime":"2020-01-07T10:47-05:00[America/New_York]","close":"298.6884","open":"298.6402"}
{"volume":"45782.0","ticker":"AAPL","high":"298.71","amount":"298.6639","period":"PT1M","low":"298.59","multiplier":"1","beginTime":"1640549862","endTime":"2020-01-07T10:48-05:00[America/New_York]","close":"298.6606","open":"298.65"}
{"volume":"45738.0","ticker":"AAPL","high":"298.76","amount":"298.7042","period":"PT1M","low":"298.63","multiplier":"1","beginTime":"1640549862","endTime":"2020-01-07T10:49-05:00[America/New_York]","close":"298.76","open":"298.661"}
{"volume":"80320.0","ticker":"AAPL","high":"298.84","amount":"298.7371","period":"PT1M","low":"298.59","multiplier":"1","beginTime":"1640549862","endTime":"2020-01-07T10:50-05:00[America/New_York]","close":"298.6899","open":"298.7464"}
{"volume":"86556.0","ticker":"AAPL","high":"298.84","amount":"298.6196","period":"PT1M","low":"298.46","multiplier":"1","beginTime":"1640549862","endTime":"2020-01-07T10:51-05:00[America/New_York]","close":"298.5447","open":"298.69"}
{"volume":"109140.0","ticker":"AAPL","high":"298.65","amount":"298.5729","period":"PT1M","low":"298.51","multiplier":"1","beginTime":"1640549862","endTime":"2020-01-07T10:52-05:00[America/New_York]","close":"298.6191","open":"298.56"}
{"volume":"76826.0","ticker":"AAPL","high":"298.75","amount":"298.6466","period":"PT1M","low":"298.57","multiplier":"1","beginTime":"1640549862","endTime":"2020-01-07T10:53-05:00[America/New_York]","close":"298.72","open":"298.6101"}
{"volume":"50603.0","ticker":"AAPL","high":"298.78","amount":"298.7354","period":"PT1M","low":"298.67","multiplier":"1","beginTime":"1640549862","endTime":"2020-01-07T10:54-05:00[America/New_York]","close":"298.74","open":"298.73"}
{"volume":"53793.0","ticker":"AAPL","high":"298.89","amount":"298.7934","period":"PT1M","low":"298.69","multiplier":"1","beginTime":"1640549862","endTime":"2020-01-07T10:55-05:00[America/New_York]","close":"298.85","open":"298.736"}
{"volume":"156361.0","ticker":"AAPL","high":"299.26","amount":"299.1257","period":"PT1M","low":"298.88","multiplier":"1","beginTime":"1640549862","endTime":"2020-01-07T10:56-05:00[America/New_York]","close":"299.24","open":"298.88"}
{"volume":"95092.0","ticker":"AAPL","high":"299.37","amount":"299.262","period":"PT1M","low":"299.16","multiplier":"1","beginTime":"1640549862","endTime":"2020-01-07T10:57-05:00[America/New_York]","close":"299.339","open":"299.24"}
{"volume":"126606.0","ticker":"AAPL","high":"299.57","amount":"299.4345","period":"PT1M","low":"299.22","multiplier":"1","beginTime":"1640549862","endTime":"2020-01-07T10:58-05:00[America/New_York]","close":"299.5455","open":"299.3201"}
{"volume":"116743.0","ticker":"AAPL","high":"299.56","amount":"299.4468","period":"PT1M","low":"299.3766","multiplier":"1","beginTime":"1640549862","endTime":"2020-01-07T10:59-05:00[America/New_York]","close":"299.4031","open":"299.545"}
{"volume":"166390.0","ticker":"AAPL","high":"299.5","amount":"299.3563","period":"PT1M","low":"299.25","multiplier":"1","beginTime":"1640549862","endTime":"2020-01-07T11:00-05:00[America/New_York]","close":"299.31","open":"299.38"}
{"volume":"59361.0","ticker":"AAPL","high":"299.5","amount":"299.4257","period":"PT1M","low":"299.3298","multiplier":"1","beginTime":"1640549862","endTime":"2020-01-07T11:01-05:00[America/New_York]","close":"299.4999","open":"299.33"}
{"volume":"53201.0","ticker":"AAPL","high":"299.544","amount":"299.4745","period":"PT1M","low":"299.38","multiplier":"1","beginTime":"1640549862","endTime":"2020-01-07T11:02-05:00[America/New_York]","close":"299.51","open":"299.5"}
{"volume":"79013.0","ticker":"AAPL","high":"299.62","amount":"299.5234","period":"PT1M","low":"299.47","multiplier":"1","beginTime":"1640549862","endTime":"2020-01-07T11:03-05:00[America/New_York]","close":"299.6035","open":"299.5143"}
{"volume":"79401.0","ticker":"AAPL","high":"299.6","amount":"299.4961","period":"PT1M","low":"299.39","multiplier":"1","beginTime":"1640549862","endTime":"2020-01-07T11:04-05:00[America/New_York]","close":"299.5","open":"299.6"}
{"volume":"37709.0","ticker":"AAPL","high":"299.5","amount":"299.421","period":"PT1M","low":"299.35","multiplier":"1","beginTime":"1640549862","endTime":"2020-01-07T11:05-05:00[America/New_York]","close":"299.3878","open":"299.48"}
{"volume":"47015.0","ticker":"AAPL","high":"299.53","amount":"299.4466","period":"PT1M","low":"299.38","multiplier":"1","beginTime":"1640549862","endTime":"2020-01-07T11:06-05:00[America/New_York]","close":"299.4693","open":"299.4"}
{"volume":"52731.0","ticker":"AAPL","high":"299.5","amount":"299.4143","period":"PT1M","low":"299.35","multiplier":"1","beginTime":"1640549862","endTime":"2020-01-07T11:07-05:00[America/New_York]","close":"299.37","open":"299.47"}
{"volume":"37587.0","ticker":"AAPL","high":"299.45","amount":"299.3904","period":"PT1M","low":"299.32","multiplier":"1","beginTime":"1640549862","endTime":"2020-01-07T11:08-05:00[America/New_York]","close":"299.35","open":"299.39"}
{"volume":"83448.0","ticker":"AAPL","high":"299.425","amount":"299.3652","period":"PT1M","low":"299.3","multiplier":"1","beginTime":"1640549862","endTime":"2020-01-07T11:09-05:00[America/New_York]","close":"299.3884","open":"299.3573"}
{"volume":"29719.0","ticker":"AAPL","high":"299.4881","amount":"299.4102","period":"PT1M","low":"299.3648","multiplier":"1","beginTime":"1640549862","endTime":"2020-01-07T11:10-05:00[America/New_York]","close":"299.37","open":"299.38"}
{"volume":"108725.0","ticker":"AAPL","high":"299.405","amount":"299.2803","period":"PT1M","low":"299.16","multiplier":"1","beginTime":"1640549862","endTime":"2020-01-07T11:11-05:00[America/New_York]","close":"299.25","open":"299.37"}
{"volume":"43654.0","ticker":"AAPL","high":"299.4","amount":"299.3297","period":"PT1M","low":"299.27","multiplier":"1","beginTime":"1640549862","endTime":"2020-01-07T11:12-05:00[America/New_York]","close":"299.3786","open":"299.27"}
{"volume":"41800.0","ticker":"AAPL","high":"299.4695","amount":"299.4098","period":"PT1M","low":"299.31","multiplier":"1","beginTime":"1640549862","endTime":"2020-01-07T11:13-05:00[America/New_York]","close":"299.3862","open":"299.37"}
{"volume":"44991.0","ticker":"AAPL","high":"299.44","amount":"299.3805","period":"PT1M","low":"299.29","multiplier":"1","beginTime":"1640549862","endTime":"2020-01-07T11:14-05:00[America/New_York]","close":"299.3627","open":"299.41"}
{"volume":"24457.0","ticker":"AAPL","high":"299.4399","amount":"299.3592","period":"PT1M","low":"299.28","multiplier":"1","beginTime":"1640549862","endTime":"2020-01-07T11:15-05:00[America/New_York]","close":"299.3563","open":"299.37"}
{"volume":"56294.0","ticker":"AAPL","high":"299.3706","amount":"299.291","period":"PT1M","low":"299.21","multiplier":"1","beginTime":"1640549862","endTime":"2020-01-07T11:16-05:00[America/New_York]","close":"299.21","open":"299.358"}
{"volume":"45976.0","ticker":"AAPL","high":"299.31","amount":"299.2537","period":"PT1M","low":"299.2","multiplier":"1","beginTime":"1640549862","endTime":"2020-01-07T11:17-05:00[America/New_York]","close":"299.24","open":"299.21"}
{"volume":"30840.0","ticker":"AAPL","high":"299.39","amount":"299.3223","period":"PT1M","low":"299.25","multiplier":"1","beginTime":"1640549862","endTime":"2020-01-07T11:18-05:00[America/New_York]","close":"299.291","open":"299.25"}
{"volume":"23678.0","ticker":"AAPL","high":"299.3476","amount":"299.3163","period":"PT1M","low":"299.27","multiplier":"1","beginTime":"1640549862","endTime":"2020-01-07T11:19-05:00[America/New_York]","close":"299.3368","open":"299.3"}
{"volume":"58424.0","ticker":"AAPL","high":"299.35","amount":"299.2416","period":"PT1M","low":"299.19","multiplier":"1","beginTime":"1640549862","endTime":"2020-01-07T11:20-05:00[America/New_York]","close":"299.2187","open":"299.325"}
{"volume":"29002.0","ticker":"AAPL","high":"299.32","amount":"299.2755","period":"PT1M","low":"299.23","multiplier":"1","beginTime":"1640549862","endTime":"2020-01-07T11:21-05:00[America/New_York]","close":"299.25","open":"299.23"}
{"volume":"30924.0","ticker":"AAPL","high":"299.34","amount":"299.2723","period":"PT1M","low":"299.23","multiplier":"1","beginTime":"1640549862","endTime":"2020-01-07T11:22-05:00[America/New_York]","close":"299.34","open":"299.2501"}
{"volume":"43553.0","ticker":"AAPL","high":"299.43","amount":"299.3772","period":"PT1M","low":"299.3104","multiplier":"1","beginTime":"1640549862","endTime":"2020-01-07T11:23-05:00[America/New_York]","close":"299.39","open":"299.335"}
{"volume":"51245.0","ticker":"AAPL","high":"299.505","amount":"299.4475","period":"PT1M","low":"299.36","multiplier":"1","beginTime":"1640549862","endTime":"2020-01-07T11:24-05:00[America/New_York]","close":"299.4499","open":"299.395"}
{"volume":"72555.0","ticker":"AAPL","high":"299.59","amount":"299.5025","period":"PT1M","low":"299.42","multiplier":"1","beginTime":"1640549862","endTime":"2020-01-07T11:25-05:00[America/New_York]","close":"299.5801","open":"299.42"}
{"volume":"46593.0","ticker":"AAPL","high":"299.6","amount":"299.571","period":"PT1M","low":"299.522","multiplier":"1","beginTime":"1640549862","endTime":"2020-01-07T11:26-05:00[America/New_York]","close":"299.58","open":"299.58"}
{"volume":"115716.0","ticker":"AAPL","high":"299.81","amount":"299.7374","period":"PT1M","low":"299.58","multiplier":"1","beginTime":"1640549862","endTime":"2020-01-07T11:27-05:00[America/New_York]","close":"299.8064","open":"299.582"}
{"volume":"73533.0","ticker":"AAPL","high":"299.8832","amount":"299.811","period":"PT1M","low":"299.72","multiplier":"1","beginTime":"1640549862","endTime":"2020-01-07T11:28-05:00[America/New_York]","close":"299.72","open":"299.8055"}
{"volume":"80735.0","ticker":"AAPL","high":"299.75","amount":"299.6595","period":"PT1M","low":"299.57","multiplier":"1","beginTime":"1640549862","endTime":"2020-01-07T11:29-05:00[America/New_York]","close":"299.75","open":"299.73"}
{"volume":"80550.0","ticker":"AAPL","high":"299.76","amount":"299.6413","period":"PT1M","low":"299.54","multiplier":"1","beginTime":"1640549862","endTime":"2020-01-07T11:30-05:00[America/New_York]","close":"299.7177","open":"299.76"}
{"volume":"63752.0","ticker":"AAPL","high":"299.82","amount":"299.7416","period":"PT1M","low":"299.625","multiplier":"1","beginTime":"1640549862","endTime":"2020-01-07T11:31-05:00[America/New_York]","close":"299.7222","open":"299.71"}
{"volume":"83071.0","ticker":"AAPL","high":"299.7625","amount":"299.6725","period":"PT1M","low":"299.5612","multiplier":"1","beginTime":"1640549862","endTime":"2020-01-07T11:32-05:00[America/New_York]","close":"299.5612","open":"299.7429"}
{"volume":"162997.0","ticker":"AAPL","high":"299.61","amount":"299.3873","period":"PT1M","low":"299.23","multiplier":"1","beginTime":"1640549862","endTime":"2020-01-07T11:33-05:00[America/New_York]","close":"299.3116","open":"299.57"}
{"volume":"99455.0","ticker":"AAPL","high":"299.33","amount":"299.2028","period":"PT1M","low":"299.1232","multiplier":"1","beginTime":"1640549862","endTime":"2020-01-07T11:34-05:00[America/New_York]","close":"299.28","open":"299.3094"}
{"volume":"73102.0","ticker":"AAPL","high":"299.47","amount":"299.3897","period":"PT1M","low":"299.25","multiplier":"1","beginTime":"1640549862","endTime":"2020-01-07T11:35-05:00[America/New_York]","close":"299.3841","open":"299.3"}
{"volume":"32189.0","ticker":"AAPL","high":"299.57","amount":"299.4817","period":"PT1M","low":"299.41","multiplier":"1","beginTime":"1640549862","endTime":"2020-01-07T11:36-05:00[America/New_York]","close":"299.561","open":"299.42"}
{"volume":"68243.0","ticker":"AAPL","high":"299.58","amount":"299.4382","period":"PT1M","low":"299.3278","multiplier":"1","beginTime":"1640549862","endTime":"2020-01-07T11:37-05:00[America/New_York]","close":"299.415","open":"299.56"}
{"volume":"28710.0","ticker":"AAPL","high":"299.56","amount":"299.4775","period":"PT1M","low":"299.4","multiplier":"1","beginTime":"1640549862","endTime":"2020-01-07T11:38-05:00[America/New_York]","close":"299.47","open":"299.4"}
{"volume":"27984.0","ticker":"AAPL","high":"299.52","amount":"299.479","period":"PT1M","low":"299.43","multiplier":"1","beginTime":"1640549862","endTime":"2020-01-07T11:39-05:00[America/New_York]","close":"299.43","open":"299.5159"}
{"volume":"26212.0","ticker":"AAPL","high":"299.5","amount":"299.4661","period":"PT1M","low":"299.43","multiplier":"1","beginTime":"1640549862","endTime":"2020-01-07T11:40-05:00[America/New_York]","close":"299.46","open":"299.45"}
{"volume":"28930.0","ticker":"AAPL","high":"299.47","amount":"299.3858","period":"PT1M","low":"299.33","multiplier":"1","beginTime":"1640549862","endTime":"2020-01-07T11:41-05:00[America/New_York]","close":"299.3401","open":"299.46"}
{"volume":"32388.0","ticker":"AAPL","high":"299.3879","amount":"299.3447","period":"PT1M","low":"299.31","multiplier":"1","beginTime":"1640549862","endTime":"2020-01-07T11:42-05:00[America/New_York]","close":"299.3491","open":"299.34"}
{"volume":"77603.0","ticker":"AAPL","high":"299.4","amount":"299.2936","period":"PT1M","low":"299.19","multiplier":"1","beginTime":"1640549862","endTime":"2020-01-07T11:43-05:00[America/New_York]","close":"299.4","open":"299.35"}
{"volume":"35037.0","ticker":"AAPL","high":"299.48","amount":"299.3984","period":"PT1M","low":"299.3","multiplier":"1","beginTime":"1640549862","endTime":"2020-01-07T11:44-05:00[America/New_York]","close":"299.35","open":"299.43"}
{"volume":"22190.0","ticker":"AAPL","high":"299.3962","amount":"299.3406","period":"PT1M","low":"299.28","multiplier":"1","beginTime":"1640549862","endTime":"2020-01-07T11:45-05:00[America/New_York]","close":"299.32","open":"299.3494"}
{"volume":"19316.0","ticker":"AAPL","high":"299.34","amount":"299.2999","period":"PT1M","low":"299.2583","multiplier":"1","beginTime":"1640549862","endTime":"2020-01-07T11:46-05:00[America/New_York]","close":"299.3","open":"299.3306"}
{"volume":"69657.0","ticker":"AAPL","high":"299.3","amount":"299.1623","period":"PT1M","low":"299.1","multiplier":"1","beginTime":"1640549862","endTime":"2020-01-07T11:47-05:00[America/New_York]","close":"299.1435","open":"299.284"}
{"volume":"82443.0","ticker":"AAPL","high":"299.17","amount":"299.0317","period":"PT1M","low":"298.9349","multiplier":"1","beginTime":"1640549862","endTime":"2020-01-07T11:48-05:00[America/New_York]","close":"298.9471","open":"299.15"}
{"volume":"192217.0","ticker":"AAPL","high":"298.98","amount":"298.766","period":"PT1M","low":"298.55","multiplier":"1","beginTime":"1640549862","endTime":"2020-01-07T11:49-05:00[America/New_York]","close":"298.5783","open":"298.95"}
{"volume":"71136.0","ticker":"AAPL","high":"298.86","amount":"298.6557","period":"PT1M","low":"298.57","multiplier":"1","beginTime":"1640549862","endTime":"2020-01-07T11:50-05:00[America/New_York]","close":"298.86","open":"298.58"}
{"volume":"48403.0","ticker":"AAPL","high":"298.94","amount":"298.8608","period":"PT1M","low":"298.82","multiplier":"1","beginTime":"1640549862","endTime":"2020-01-07T11:51-05:00[America/New_York]","close":"298.86","open":"298.8361"}
{"volume":"69659.0","ticker":"AAPL","high":"298.913","amount":"298.7955","period":"PT1M","low":"298.62","multiplier":"1","beginTime":"1640549862","endTime":"2020-01-07T11:52-05:00[America/New_York]","close":"298.65","open":"298.89"}
{"volume":"33765.0","ticker":"AAPL","high":"298.8","amount":"298.7313","period":"PT1M","low":"298.64","multiplier":"1","beginTime":"1640549862","endTime":"2020-01-07T11:53-05:00[America/New_York]","close":"298.72","open":"298.6499"}
{"volume":"43147.0","ticker":"AAPL","high":"298.7195","amount":"298.6818","period":"PT1M","low":"298.6301","multiplier":"1","beginTime":"1640549862","endTime":"2020-01-07T11:54-05:00[America/New_York]","close":"298.69","open":"298.7094"}
{"volume":"30381.0","ticker":"AAPL","high":"298.85","amount":"298.7821","period":"PT1M","low":"298.65","multiplier":"1","beginTime":"1640549862","endTime":"2020-01-07T11:55-05:00[America/New_York]","close":"298.8342","open":"298.68"}
{"volume":"70288.0","ticker":"AAPL","high":"298.82","amount":"298.7593","period":"PT1M","low":"298.67","multiplier":"1","beginTime":"1640549862","endTime":"2020-01-07T11:56-05:00[America/New_York]","close":"298.7101","open":"298.82"}
{"volume":"40605.0","ticker":"AAPL","high":"298.8501","amount":"298.7471","period":"PT1M","low":"298.65","multiplier":"1","beginTime":"1640549862","endTime":"2020-01-07T11:57-05:00[America/New_York]","close":"298.8501","open":"298.71"}
{"volume":"58667.0","ticker":"AAPL","high":"299.03","amount":"298.938","period":"PT1M","low":"298.8","multiplier":"1","beginTime":"1640549862","endTime":"2020-01-07T11:58-05:00[America/New_York]","close":"298.9901","open":"298.84"}
{"volume":"29381.0","ticker":"AAPL","high":"298.9873","amount":"298.9091","period":"PT1M","low":"298.85","multiplier":"1","beginTime":"1640549862","endTime":"2020-01-07T11:59-05:00[America/New_York]","close":"298.93","open":"298.9801"}
{"volume":"39121.0","ticker":"AAPL","high":"299.06","amount":"298.9795","period":"PT1M","low":"298.87","multiplier":"1","beginTime":"1640549862","endTime":"2020-01-07T12:00-05:00[America/New_York]","close":"298.99","open":"298.9499"}
{"volume":"38695.0","ticker":"AAPL","high":"299.1","amount":"299.0528","period":"PT1M","low":"298.95","multiplier":"1","beginTime":"1640549862","endTime":"2020-01-07T12:01-05:00[America/New_York]","close":"299.095","open":"298.99"}
{"volume":"60445.0","ticker":"AAPL","high":"299.25","amount":"299.1703","period":"PT1M","low":"299.09","multiplier":"1","beginTime":"1640549862","endTime":"2020-01-07T12:02-05:00[America/New_York]","close":"299.23","open":"299.1"}
{"volume":"37970.0","ticker":"AAPL","high":"299.25","amount":"299.2204","period":"PT1M","low":"299.18","multiplier":"1","beginTime":"1640549862","endTime":"2020-01-07T12:03-05:00[America/New_York]","close":"299.1857","open":"299.2425"}
{"volume":"35015.0","ticker":"AAPL","high":"299.25","amount":"299.2099","period":"PT1M","low":"299.1601","multiplier":"1","beginTime":"1640549862","endTime":"2020-01-07T12:04-05:00[America/New_York]","close":"299.18","open":"299.184"}
{"volume":"35188.0","ticker":"AAPL","high":"299.25","amount":"299.1584","period":"PT1M","low":"299.1442","multiplier":"1","beginTime":"1640549862","endTime":"2020-01-07T12:05-05:00[America/New_York]","close":"299.1506","open":"299.19"}
{"volume":"45007.0","ticker":"AAPL","high":"299.22","amount":"299.1853","period":"PT1M","low":"299.15","multiplier":"1","beginTime":"1640549862","endTime":"2020-01-07T12:06-05:00[America/New_York]","close":"299.19","open":"299.1523"}
{"volume":"45350.0","ticker":"AAPL","high":"299.2126","amount":"299.1684","period":"PT1M","low":"299.1","multiplier":"1","beginTime":"1640549862","endTime":"2020-01-07T12:07-05:00[America/New_York]","close":"299.1","open":"299.18"}
{"volume":"45041.0","ticker":"AAPL","high":"299.11","amount":"299.0285","period":"PT1M","low":"298.9657","multiplier":"1","beginTime":"1640549862","endTime":"2020-01-07T12:08-05:00[America/New_York]","close":"299.02","open":"299.096"}
{"volume":"57514.0","ticker":"AAPL","high":"299.0397","amount":"298.9728","period":"PT1M","low":"298.94","multiplier":"1","beginTime":"1640549862","endTime":"2020-01-07T12:09-05:00[America/New_York]","close":"298.9899","open":"299.0397"}
{"volume":"59049.0","ticker":"AAPL","high":"298.9899","amount":"298.8009","period":"PT1M","low":"298.69","multiplier":"1","beginTime":"1640549862","endTime":"2020-01-07T12:10-05:00[America/New_York]","close":"298.75","open":"298.96"}
{"volume":"27219.0","ticker":"AAPL","high":"298.7999","amount":"298.7425","period":"PT1M","low":"298.6901","multiplier":"1","beginTime":"1640549862","endTime":"2020-01-07T12:11-05:00[America/New_York]","close":"298.74","open":"298.714"}
{"volume":"71897.0","ticker":"AAPL","high":"298.77","amount":"298.7034","period":"PT1M","low":"298.65","multiplier":"1","beginTime":"1640549862","endTime":"2020-01-07T12:12-05:00[America/New_York]","close":"298.77","open":"298.73"}
{"volume":"31990.0","ticker":"AAPL","high":"298.93","amount":"298.8722","period":"PT1M","low":"298.78","multiplier":"1","beginTime":"1640549862","endTime":"2020-01-07T12:13-05:00[America/New_York]","close":"298.85","open":"298.78"}
{"volume":"34008.0","ticker":"AAPL","high":"298.84","amount":"298.7635","period":"PT1M","low":"298.688","multiplier":"1","beginTime":"1640549862","endTime":"2020-01-07T12:14-05:00[America/New_York]","close":"298.81","open":"298.84"}
{"volume":"13968.0","ticker":"AAPL","high":"298.88","amount":"298.8311","period":"PT1M","low":"298.79","multiplier":"1","beginTime":"1640549862","endTime":"2020-01-07T12:15-05:00[America/New_York]","close":"298.8743","open":"298.8"}
{"volume":"34033.0","ticker":"AAPL","high":"299.0","amount":"298.9296","period":"PT1M","low":"298.87","multiplier":"1","beginTime":"1640549862","endTime":"2020-01-07T12:16-05:00[America/New_York]","close":"298.9752","open":"298.8808"}
{"volume":"29220.0","ticker":"AAPL","high":"299.09","amount":"299.0097","period":"PT1M","low":"298.9243","multiplier":"1","beginTime":"1640549862","endTime":"2020-01-07T12:17-05:00[America/New_York]","close":"299.09","open":"298.97"}
{"volume":"28558.0","ticker":"AAPL","high":"299.18","amount":"299.1187","period":"PT1M","low":"299.0601","multiplier":"1","beginTime":"1640549862","endTime":"2020-01-07T12:18-05:00[America/New_York]","close":"299.1799","open":"299.09"}
{"volume":"57053.0","ticker":"AAPL","high":"299.27","amount":"299.2225","period":"PT1M","low":"299.15","multiplier":"1","beginTime":"1640549862","endTime":"2020-01-07T12:19-05:00[America/New_York]","close":"299.252","open":"299.1501"}
{"volume":"33843.0","ticker":"AAPL","high":"299.33","amount":"299.2853","period":"PT1M","low":"299.25","multiplier":"1","beginTime":"1640549862","endTime":"2020-01-07T12:20-05:00[America/New_York]","close":"299.279","open":"299.25"}
{"volume":"28873.0","ticker":"AAPL","high":"299.2547","amount":"299.2118","period":"PT1M","low":"299.16","multiplier":"1","beginTime":"1640549862","endTime":"2020-01-07T12:21-05:00[America/New_York]","close":"299.1908","open":"299.2547"}
{"volume":"22423.0","ticker":"AAPL","high":"299.259","amount":"299.2217","period":"PT1M","low":"299.18","multiplier":"1","beginTime":"1640549862","endTime":"2020-01-07T12:22-05:00[America/New_York]","close":"299.24","open":"299.1943"}
{"volume":"19741.0","ticker":"AAPL","high":"299.259","amount":"299.2254","period":"PT1M","low":"299.18","multiplier":"1","beginTime":"1640549862","endTime":"2020-01-07T12:23-05:00[America/New_York]","close":"299.2179","open":"299.24"}
{"volume":"34663.0","ticker":"AAPL","high":"299.2762","amount":"299.2293","period":"PT1M","low":"299.205","multiplier":"1","beginTime":"1640549862","endTime":"2020-01-07T12:24-05:00[America/New_York]","close":"299.2664","open":"299.2141"}
{"volume":"23711.0","ticker":"AAPL","high":"299.33","amount":"299.2601","period":"PT1M","low":"299.22","multiplier":"1","beginTime":"1640549862","endTime":"2020-01-07T12:25-05:00[America/New_York]","close":"299.31","open":"299.266"}
{"volume":"26106.0","ticker":"AAPL","high":"299.32","amount":"299.2741","period":"PT1M","low":"299.225","multiplier":"1","beginTime":"1640549862","endTime":"2020-01-07T12:26-05:00[America/New_York]","close":"299.26","open":"299.31"}
{"volume":"41315.0","ticker":"AAPL","high":"299.2699","amount":"299.2458","period":"PT1M","low":"299.2238","multiplier":"1","beginTime":"1640549862","endTime":"2020-01-07T12:27-05:00[America/New_York]","close":"299.2246","open":"299.2616"}
{"volume":"15018.0","ticker":"AAPL","high":"299.27","amount":"299.2421","period":"PT1M","low":"299.22","multiplier":"1","beginTime":"1640549862","endTime":"2020-01-07T12:28-05:00[America/New_York]","close":"299.24","open":"299.22"}
{"volume":"63626.0","ticker":"AAPL","high":"299.25","amount":"299.1128","period":"PT1M","low":"299.04","multiplier":"1","beginTime":"1640549862","endTime":"2020-01-07T12:29-05:00[America/New_York]","close":"299.11","open":"299.2301"}
{"volume":"31286.0","ticker":"AAPL","high":"299.1","amount":"299.0286","period":"PT1M","low":"298.96","multiplier":"1","beginTime":"1640549862","endTime":"2020-01-07T12:30-05:00[America/New_York]","close":"299.06","open":"299.1"}
{"volume":"35788.0","ticker":"AAPL","high":"299.07","amount":"298.9507","period":"PT1M","low":"298.85","multiplier":"1","beginTime":"1640549862","endTime":"2020-01-07T12:31-05:00[America/New_York]","close":"298.94","open":"299.07"}
{"volume":"20355.0","ticker":"AAPL","high":"299.1142","amount":"299.0442","period":"PT1M","low":"298.9246","multiplier":"1","beginTime":"1640549862","endTime":"2020-01-07T12:32-05:00[America/New_York]","close":"299.04","open":"298.9246"}
{"volume":"19894.0","ticker":"AAPL","high":"299.067","amount":"299.0157","period":"PT1M","low":"298.95","multiplier":"1","beginTime":"1640549862","endTime":"2020-01-07T12:33-05:00[America/New_York]","close":"298.96","open":"299.04"}
{"volume":"22984.0","ticker":"AAPL","high":"299.038","amount":"298.9944","period":"PT1M","low":"298.93","multiplier":"1","beginTime":"1640549862","endTime":"2020-01-07T12:34-05:00[America/New_York]","close":"299.016","open":"298.98"}
{"volume":"19031.0","ticker":"AAPL","high":"299.178","amount":"299.0894","period":"PT1M","low":"299.02","multiplier":"1","beginTime":"1640549862","endTime":"2020-01-07T12:35-05:00[America/New_York]","close":"299.1569","open":"299.04"}
{"volume":"16107.0","ticker":"AAPL","high":"299.175","amount":"299.1152","period":"PT1M","low":"299.032","multiplier":"1","beginTime":"1640549862","endTime":"2020-01-07T12:36-05:00[America/New_York]","close":"299.0523","open":"299.17"}
{"volume":"31324.0","ticker":"AAPL","high":"299.1099","amount":"299.0205","period":"PT1M","low":"298.94","multiplier":"1","beginTime":"1640549862","endTime":"2020-01-07T12:37-05:00[America/New_York]","close":"298.97","open":"299.05"}
{"volume":"23095.0","ticker":"AAPL","high":"299.0989","amount":"299.0179","period":"PT1M","low":"298.96","multiplier":"1","beginTime":"1640549862","endTime":"2020-01-07T12:38-05:00[America/New_York]","close":"299.045","open":"298.9759"}
{"volume":"15732.0","ticker":"AAPL","high":"299.08","amount":"299.0347","period":"PT1M","low":"298.99","multiplier":"1","beginTime":"1640549862","endTime":"2020-01-07T12:39-05:00[America/New_York]","close":"299.07","open":"299.04"}
{"volume":"14538.0","ticker":"AAPL","high":"299.09","amount":"299.0511","period":"PT1M","low":"299.02","multiplier":"1","beginTime":"1640549862","endTime":"2020-01-07T12:40-05:00[America/New_York]","close":"299.04","open":"299.07"}
{"volume":"27203.0","ticker":"AAPL","high":"299.16","amount":"299.0829","period":"PT1M","low":"299.0101","multiplier":"1","beginTime":"1640549862","endTime":"2020-01-07T12:41-05:00[America/New_York]","close":"299.07","open":"299.037"}
{"volume":"17219.0","ticker":"AAPL","high":"299.2062","amount":"299.1541","period":"PT1M","low":"299.08","multiplier":"1","beginTime":"1640549862","endTime":"2020-01-07T12:42-05:00[America/New_York]","close":"299.2062","open":"299.09"}
{"volume":"31948.0","ticker":"AAPL","high":"299.26","amount":"299.2163","period":"PT1M","low":"299.16","multiplier":"1","beginTime":"1640549862","endTime":"2020-01-07T12:43-05:00[America/New_York]","close":"299.21","open":"299.2115"}
{"volume":"32342.0","ticker":"AAPL","high":"299.3099","amount":"299.2659","period":"PT1M","low":"299.22","multiplier":"1","beginTime":"1640549862","endTime":"2020-01-07T12:44-05:00[America/New_York]","close":"299.25","open":"299.2201"}
{"volume":"63618.0","ticker":"AAPL","high":"299.2588","amount":"299.2075","period":"PT1M","low":"299.11","multiplier":"1","beginTime":"1640549862","endTime":"2020-01-07T12:45-05:00[America/New_York]","close":"299.11","open":"299.25"}
{"volume":"31716.0","ticker":"AAPL","high":"299.14","amount":"299.093","period":"PT1M","low":"299.06","multiplier":"1","beginTime":"1640549862","endTime":"2020-01-07T12:46-05:00[America/New_York]","close":"299.066","open":"299.1069"}
{"volume":"29355.0","ticker":"AAPL","high":"299.23","amount":"299.1194","period":"PT1M","low":"299.0656","multiplier":"1","beginTime":"1640549862","endTime":"2020-01-07T12:47-05:00[America/New_York]","close":"299.22","open":"299.1"}
{"volume":"39991.0","ticker":"AAPL","high":"299.22","amount":"299.1647","period":"PT1M","low":"299.07","multiplier":"1","beginTime":"1640549862","endTime":"2020-01-07T12:48-05:00[America/New_York]","close":"299.07","open":"299.2186"}
{"volume":"23150.0","ticker":"AAPL","high":"299.19","amount":"299.1304","period":"PT1M","low":"299.06","multiplier":"1","beginTime":"1640549862","endTime":"2020-01-07T12:49-05:00[America/New_York]","close":"299.17","open":"299.07"}
{"volume":"29707.0","ticker":"AAPL","high":"299.2671","amount":"299.1989","period":"PT1M","low":"299.12","multiplier":"1","beginTime":"1640549862","endTime":"2020-01-07T12:50-05:00[America/New_York]","close":"299.2671","open":"299.16"}
{"volume":"39914.0","ticker":"AAPL","high":"299.4","amount":"299.3051","period":"PT1M","low":"299.209","multiplier":"1","beginTime":"1640549862","endTime":"2020-01-07T12:51-05:00[America/New_York]","close":"299.3939","open":"299.2661"}
{"volume":"70204.0","ticker":"AAPL","high":"299.5","amount":"299.4475","period":"PT1M","low":"299.36","multiplier":"1","beginTime":"1640549862","endTime":"2020-01-07T12:52-05:00[America/New_York]","close":"299.47","open":"299.37"}
{"volume":"40525.0","ticker":"AAPL","high":"299.58","amount":"299.5081","period":"PT1M","low":"299.47","multiplier":"1","beginTime":"1640549862","endTime":"2020-01-07T12:53-05:00[America/New_York]","close":"299.58","open":"299.4781"}
{"volume":"56836.0","ticker":"AAPL","high":"299.65","amount":"299.5806","period":"PT1M","low":"299.5102","multiplier":"1","beginTime":"1640549862","endTime":"2020-01-07T12:54-05:00[America/New_York]","close":"299.54","open":"299.58"}
{"volume":"35748.0","ticker":"AAPL","high":"299.6352","amount":"299.5819","period":"PT1M","low":"299.47","multiplier":"1","beginTime":"1640549862","endTime":"2020-01-07T12:55-05:00[America/New_York]","close":"299.5765","open":"299.545"}
{"volume":"67217.0","ticker":"AAPL","high":"299.61","amount":"299.52","period":"PT1M","low":"299.44","multiplier":"1","beginTime":"1640549862","endTime":"2020-01-07T12:56-05:00[America/New_York]","close":"299.5","open":"299.5998"}
{"volume":"21537.0","ticker":"AAPL","high":"299.5657","amount":"299.5135","period":"PT1M","low":"299.4566","multiplier":"1","beginTime":"1640549862","endTime":"2020-01-07T12:57-05:00[America/New_York]","close":"299.538","open":"299.4906"}
{"volume":"17368.0","ticker":"AAPL","high":"299.55","amount":"299.5301","period":"PT1M","low":"299.5","multiplier":"1","beginTime":"1640549862","endTime":"2020-01-07T12:58-05:00[America/New_York]","close":"299.5173","open":"299.545"}
{"volume":"17676.0","ticker":"AAPL","high":"299.58","amount":"299.5353","period":"PT1M","low":"299.5","multiplier":"1","beginTime":"1640549862","endTime":"2020-01-07T12:59-05:00[America/New_York]","close":"299.57","open":"299.51"}
{"volume":"42297.0","ticker":"AAPL","high":"299.74","amount":"299.6647","period":"PT1M","low":"299.5735","multiplier":"1","beginTime":"1640549862","endTime":"2020-01-07T13:00-05:00[America/New_York]","close":"299.6702","open":"299.5735"}
{"volume":"46907.0","ticker":"AAPL","high":"299.77","amount":"299.7436","period":"PT1M","low":"299.6755","multiplier":"1","beginTime":"1640549862","endTime":"2020-01-07T13:01-05:00[America/New_York]","close":"299.7601","open":"299.685"}
{"volume":"45388.0","ticker":"AAPL","high":"299.84","amount":"299.7789","period":"PT1M","low":"299.68","multiplier":"1","beginTime":"1640549862","endTime":"2020-01-07T13:02-05:00[America/New_York]","close":"299.8069","open":"299.765"}
{"volume":"36187.0","ticker":"AAPL","high":"299.88","amount":"299.8363","period":"PT1M","low":"299.78","multiplier":"1","beginTime":"1640549862","endTime":"2020-01-07T13:03-05:00[America/New_York]","close":"299.865","open":"299.78"}
{"volume":"60762.0","ticker":"AAPL","high":"299.94","amount":"299.8863","period":"PT1M","low":"299.81","multiplier":"1","beginTime":"1640549862","endTime":"2020-01-07T13:04-05:00[America/New_York]","close":"299.8909","open":"299.8654"}
{"volume":"40113.0","ticker":"AAPL","high":"299.915","amount":"299.849","period":"PT1M","low":"299.78","multiplier":"1","beginTime":"1640549862","endTime":"2020-01-07T13:05-05:00[America/New_York]","close":"299.85","open":"299.8974"}
{"volume":"39262.0","ticker":"AAPL","high":"299.95","amount":"299.8942","period":"PT1M","low":"299.82","multiplier":"1","beginTime":"1640549862","endTime":"2020-01-07T13:06-05:00[America/New_York]","close":"299.89","open":"299.86"}
{"volume":"60552.0","ticker":"AAPL","high":"299.99","amount":"299.9498","period":"PT1M","low":"299.87","multiplier":"1","beginTime":"1640549862","endTime":"2020-01-07T13:07-05:00[America/New_York]","close":"299.9496","open":"299.89"}
{"volume":"142433.0","ticker":"AAPL","high":"300.07","amount":"300.0059","period":"PT1M","low":"299.9427","multiplier":"1","beginTime":"1640549862","endTime":"2020-01-07T13:08-05:00[America/New_York]","close":"300.0682","open":"299.95"}
{"volume":"97091.0","ticker":"AAPL","high":"300.24","amount":"300.1568","period":"PT1M","low":"300.0637","multiplier":"1","beginTime":"1640549862","endTime":"2020-01-07T13:09-05:00[America/New_York]","close":"300.2278","open":"300.0681"}
{"volume":"86359.0","ticker":"AAPL","high":"300.41","amount":"300.3121","period":"PT1M","low":"300.23","multiplier":"1","beginTime":"1640549862","endTime":"2020-01-07T13:10-05:00[America/New_York]","close":"300.39","open":"300.24"}
{"volume":"73411.0","ticker":"AAPL","high":"300.385","amount":"300.2666","period":"PT1M","low":"300.14","multiplier":"1","beginTime":"1640549862","endTime":"2020-01-07T13:11-05:00[America/New_York]","close":"300.167","open":"300.385"}
{"volume":"44702.0","ticker":"AAPL","high":"300.2111","amount":"300.1237","period":"PT1M","low":"300.04","multiplier":"1","beginTime":"1640549862","endTime":"2020-01-07T13:12-05:00[America/New_York]","close":"300.09","open":"300.19"}
{"volume":"46482.0","ticker":"AAPL","high":"300.1","amount":"300.0521","period":"PT1M","low":"300.0","multiplier":"1","beginTime":"1640549862","endTime":"2020-01-07T13:13-05:00[America/New_York]","close":"300.0775","open":"300.09"}
{"volume":"43202.0","ticker":"AAPL","high":"300.09","amount":"300.0447","period":"PT1M","low":"299.96","multiplier":"1","beginTime":"1640549862","endTime":"2020-01-07T13:14-05:00[America/New_York]","close":"299.96","open":"300.0658"}
{"volume":"42216.0","ticker":"AAPL","high":"300.09","amount":"300.0102","period":"PT1M","low":"299.9235","multiplier":"1","beginTime":"1640549862","endTime":"2020-01-07T13:15-05:00[America/New_York]","close":"299.98","open":"299.98"}
{"volume":"39162.0","ticker":"AAPL","high":"300.03","amount":"299.9381","period":"PT1M","low":"299.84","multiplier":"1","beginTime":"1640549862","endTime":"2020-01-07T13:16-05:00[America/New_York]","close":"299.9099","open":"299.97"}
{"volume":"32546.0","ticker":"AAPL","high":"300.0399","amount":"299.9778","period":"PT1M","low":"299.8738","multiplier":"1","beginTime":"1640549862","endTime":"2020-01-07T13:17-05:00[America/New_York]","close":"300.03","open":"299.895"}
{"volume":"33819.0","ticker":"AAPL","high":"300.11","amount":"300.0585","period":"PT1M","low":"299.979","multiplier":"1","beginTime":"1640549862","endTime":"2020-01-07T13:18-05:00[America/New_York]","close":"300.06","open":"300.01"}
{"volume":"24320.0","ticker":"AAPL","high":"300.1064","amount":"300.0763","period":"PT1M","low":"300.0214","multiplier":"1","beginTime":"1640549862","endTime":"2020-01-07T13:19-05:00[America/New_York]","close":"300.08","open":"300.06"}
{"volume":"24117.0","ticker":"AAPL","high":"300.075","amount":"300.0407","period":"PT1M","low":"300.0101","multiplier":"1","beginTime":"1640549862","endTime":"2020-01-07T13:20-05:00[America/New_York]","close":"300.0401","open":"300.075"}
{"volume":"30950.0","ticker":"AAPL","high":"300.13","amount":"300.1055","period":"PT1M","low":"300.05","multiplier":"1","beginTime":"1640549862","endTime":"2020-01-07T13:21-05:00[America/New_York]","close":"300.105","open":"300.06"}
{"volume":"30148.0","ticker":"AAPL","high":"300.2","amount":"300.1389","period":"PT1M","low":"300.1","multiplier":"1","beginTime":"1640549862","endTime":"2020-01-07T13:22-05:00[America/New_York]","close":"300.1395","open":"300.105"}
{"volume":"23272.0","ticker":"AAPL","high":"300.1399","amount":"300.0865","period":"PT1M","low":"300.0446","multiplier":"1","beginTime":"1640549862","endTime":"2020-01-07T13:23-05:00[America/New_York]","close":"300.08","open":"300.13"}
{"volume":"46468.0","ticker":"AAPL","high":"300.08","amount":"300.0017","period":"PT1M","low":"299.92","multiplier":"1","beginTime":"1640549862","endTime":"2020-01-07T13:24-05:00[America/New_York]","close":"299.995","open":"300.0791"}
{"volume":"59157.0","ticker":"AAPL","high":"299.98","amount":"299.8803","period":"PT1M","low":"299.81","multiplier":"1","beginTime":"1640549862","endTime":"2020-01-07T13:25-05:00[America/New_York]","close":"299.92","open":"299.97"}
{"volume":"31826.0","ticker":"AAPL","high":"299.9197","amount":"299.8339","period":"PT1M","low":"299.7201","multiplier":"1","beginTime":"1640549862","endTime":"2020-01-07T13:26-05:00[America/New_York]","close":"299.76","open":"299.9197"}
{"volume":"32942.0","ticker":"AAPL","high":"299.8699","amount":"299.776","period":"PT1M","low":"299.68","multiplier":"1","beginTime":"1640549862","endTime":"2020-01-07T13:27-05:00[America/New_York]","close":"299.8085","open":"299.78"}
{"volume":"31484.0","ticker":"AAPL","high":"299.955","amount":"299.9056","period":"PT1M","low":"299.82","multiplier":"1","beginTime":"1640549862","endTime":"2020-01-07T13:28-05:00[America/New_York]","close":"299.86","open":"299.83"}
{"volume":"18940.0","ticker":"AAPL","high":"299.8908","amount":"299.8632","period":"PT1M","low":"299.83","multiplier":"1","beginTime":"1640549862","endTime":"2020-01-07T13:29-05:00[America/New_York]","close":"299.88","open":"299.86"}
{"volume":"21834.0","ticker":"AAPL","high":"299.93","amount":"299.8801","period":"PT1M","low":"299.82","multiplier":"1","beginTime":"1640549862","endTime":"2020-01-07T13:30-05:00[America/New_York]","close":"299.93","open":"299.88"}
{"volume":"17701.0","ticker":"AAPL","high":"299.98","amount":"299.9413","period":"PT1M","low":"299.9","multiplier":"1","beginTime":"1640549862","endTime":"2020-01-07T13:31-05:00[America/New_York]","close":"299.93","open":"299.91"}
{"volume":"32465.0","ticker":"AAPL","high":"299.9507","amount":"299.9204","period":"PT1M","low":"299.87","multiplier":"1","beginTime":"1640549862","endTime":"2020-01-07T13:32-05:00[America/New_York]","close":"299.945","open":"299.91"}
{"volume":"28493.0","ticker":"AAPL","high":"300.0","amount":"299.9752","period":"PT1M","low":"299.95","multiplier":"1","beginTime":"1640549862","endTime":"2020-01-07T13:33-05:00[America/New_York]","close":"299.9754","open":"299.95"}
{"volume":"16221.0","ticker":"AAPL","high":"299.99","amount":"299.9503","period":"PT1M","low":"299.89","multiplier":"1","beginTime":"1640549862","endTime":"2020-01-07T13:34-05:00[America/New_York]","close":"299.91","open":"299.975"}
{"volume":"30875.0","ticker":"AAPL","high":"299.91","amount":"299.8479","period":"PT1M","low":"299.81","multiplier":"1","beginTime":"1640549862","endTime":"2020-01-07T13:35-05:00[America/New_York]","close":"299.84","open":"299.91"}
{"volume":"23616.0","ticker":"AAPL","high":"299.87","amount":"299.8146","period":"PT1M","low":"299.78","multiplier":"1","beginTime":"1640549862","endTime":"2020-01-07T13:36-05:00[America/New_York]","close":"299.78","open":"299.8352"}
{"volume":"20873.0","ticker":"AAPL","high":"299.9","amount":"299.8472","period":"PT1M","low":"299.79","multiplier":"1","beginTime":"1640549862","endTime":"2020-01-07T13:37-05:00[America/New_York]","close":"299.89","open":"299.79"}
{"volume":"25998.0","ticker":"AAPL","high":"299.95","amount":"299.9074","period":"PT1M","low":"299.85","multiplier":"1","beginTime":"1640549862","endTime":"2020-01-07T13:38-05:00[America/New_York]","close":"299.93","open":"299.8989"}
{"volume":"20663.0","ticker":"AAPL","high":"299.94","amount":"299.8842","period":"PT1M","low":"299.83","multiplier":"1","beginTime":"1640549862","endTime":"2020-01-07T13:39-05:00[America/New_York]","close":"299.85","open":"299.92"}
{"volume":"33467.0","ticker":"AAPL","high":"299.8699","amount":"299.9072","period":"PT1M","low":"299.8114","multiplier":"1","beginTime":"1640549862","endTime":"2020-01-07T13:40-05:00[America/New_York]","close":"299.8168","open":"299.85"}
{"volume":"20764.0","ticker":"AAPL","high":"299.915","amount":"299.8519","period":"PT1M","low":"299.8101","multiplier":"1","beginTime":"1640549862","endTime":"2020-01-07T13:41-05:00[America/New_York]","close":"299.8777","open":"299.8173"}
{"volume":"20389.0","ticker":"AAPL","high":"299.92","amount":"299.8852","period":"PT1M","low":"299.85","multiplier":"1","beginTime":"1640549862","endTime":"2020-01-07T13:42-05:00[America/New_York]","close":"299.8795","open":"299.88"}
{"volume":"45224.0","ticker":"AAPL","high":"299.8708","amount":"299.8175","period":"PT1M","low":"299.75","multiplier":"1","beginTime":"1640549862","endTime":"2020-01-07T13:43-05:00[America/New_York]","close":"299.78","open":"299.87"}
{"volume":"38139.0","ticker":"AAPL","high":"299.79","amount":"299.7255","period":"PT1M","low":"299.63","multiplier":"1","beginTime":"1640549862","endTime":"2020-01-07T13:44-05:00[America/New_York]","close":"299.7","open":"299.76"}
{"volume":"27475.0","ticker":"AAPL","high":"299.8473","amount":"299.7513","period":"PT1M","low":"299.68","multiplier":"1","beginTime":"1640549862","endTime":"2020-01-07T13:45-05:00[America/New_York]","close":"299.7201","open":"299.7"}
{"volume":"29795.0","ticker":"AAPL","high":"299.82","amount":"299.7641","period":"PT1M","low":"299.7","multiplier":"1","beginTime":"1640549862","endTime":"2020-01-07T13:46-05:00[America/New_York]","close":"299.8","open":"299.735"}
{"volume":"18425.0","ticker":"AAPL","high":"299.8399","amount":"299.8026","period":"PT1M","low":"299.76","multiplier":"1","beginTime":"1640549862","endTime":"2020-01-07T13:47-05:00[America/New_York]","close":"299.7604","open":"299.8099"}
{"volume":"11512.0","ticker":"AAPL","high":"299.89","amount":"299.8364","period":"PT1M","low":"299.77","multiplier":"1","beginTime":"1640549862","endTime":"2020-01-07T13:48-05:00[America/New_York]","close":"299.89","open":"299.77"}
{"volume":"26364.0","ticker":"AAPL","high":"299.9297","amount":"299.8717","period":"PT1M","low":"299.82","multiplier":"1","beginTime":"1640549862","endTime":"2020-01-07T13:49-05:00[America/New_York]","close":"299.9115","open":"299.89"}
{"volume":"20185.0","ticker":"AAPL","high":"299.8998","amount":"299.8495","period":"PT1M","low":"299.78","multiplier":"1","beginTime":"1640549862","endTime":"2020-01-07T13:50-05:00[America/New_York]","close":"299.8","open":"299.8998"}
{"volume":"28525.0","ticker":"AAPL","high":"299.88","amount":"299.8539","period":"PT1M","low":"299.78","multiplier":"1","beginTime":"1640549862","endTime":"2020-01-07T13:51-05:00[America/New_York]","close":"299.87","open":"299.7813"}
{"volume":"23736.0","ticker":"AAPL","high":"299.93","amount":"299.8852","period":"PT1M","low":"299.84","multiplier":"1","beginTime":"1640549862","endTime":"2020-01-07T13:52-05:00[America/New_York]","close":"299.8926","open":"299.85"}
{"volume":"13394.0","ticker":"AAPL","high":"299.93","amount":"299.9067","period":"PT1M","low":"299.88","multiplier":"1","beginTime":"1640549862","endTime":"2020-01-07T13:53-05:00[America/New_York]","close":"299.88","open":"299.89"}
{"volume":"21808.0","ticker":"AAPL","high":"299.9","amount":"299.8557","period":"PT1M","low":"299.81","multiplier":"1","beginTime":"1640549862","endTime":"2020-01-07T13:54-05:00[America/New_York]","close":"299.85","open":"299.87"}
{"volume":"13723.0","ticker":"AAPL","high":"299.9116","amount":"299.8839","period":"PT1M","low":"299.84","multiplier":"1","beginTime":"1640549862","endTime":"2020-01-07T13:55-05:00[America/New_York]","close":"299.9055","open":"299.8699"}
{"volume":"16561.0","ticker":"AAPL","high":"299.95","amount":"299.9312","period":"PT1M","low":"299.89","multiplier":"1","beginTime":"1640549862","endTime":"2020-01-07T13:56-05:00[America/New_York]","close":"299.9261","open":"299.89"}
{"volume":"33138.0","ticker":"AAPL","high":"299.99","amount":"299.9685","period":"PT1M","low":"299.9206","multiplier":"1","beginTime":"1640549862","endTime":"2020-01-07T13:57-05:00[America/New_York]","close":"299.9693","open":"299.921"}
{"volume":"19398.0","ticker":"AAPL","high":"299.99","amount":"299.9703","period":"PT1M","low":"299.96","multiplier":"1","beginTime":"1640549862","endTime":"2020-01-07T13:58-05:00[America/New_York]","close":"299.96","open":"299.977"}
{"volume":"80125.0","ticker":"AAPL","high":"300.08","amount":"300.0079","period":"PT1M","low":"299.96","multiplier":"1","beginTime":"1640549862","endTime":"2020-01-07T13:59-05:00[America/New_York]","close":"300.07","open":"299.9602"}
{"volume":"51677.0","ticker":"AAPL","high":"300.1","amount":"299.9858","period":"PT1M","low":"299.85","multiplier":"1","beginTime":"1640549862","endTime":"2020-01-07T14:00-05:00[America/New_York]","close":"299.85","open":"300.0745"}
{"volume":"76367.0","ticker":"AAPL","high":"299.82","amount":"299.6197","period":"PT1M","low":"299.45","multiplier":"1","beginTime":"1640549862","endTime":"2020-01-07T14:01-05:00[America/New_York]","close":"299.5605","open":"299.81"}
{"volume":"40343.0","ticker":"AAPL","high":"299.65","amount":"299.6159","period":"PT1M","low":"299.56","multiplier":"1","beginTime":"1640549862","endTime":"2020-01-07T14:02-05:00[America/New_York]","close":"299.61","open":"299.5618"}
{"volume":"31210.0","ticker":"AAPL","high":"299.6399","amount":"299.5886","period":"PT1M","low":"299.5473","multiplier":"1","beginTime":"1640549862","endTime":"2020-01-07T14:03-05:00[America/New_York]","close":"299.5892","open":"299.6007"}
{"volume":"18501.0","ticker":"AAPL","high":"299.64","amount":"299.5695","period":"PT1M","low":"299.52","multiplier":"1","beginTime":"1640549862","endTime":"2020-01-07T14:04-05:00[America/New_York]","close":"299.5506","open":"299.5999"}
{"volume":"45785.0","ticker":"AAPL","high":"299.57","amount":"299.4869","period":"PT1M","low":"299.425","multiplier":"1","beginTime":"1640549862","endTime":"2020-01-07T14:05-05:00[America/New_York]","close":"299.4499","open":"299.57"}
{"volume":"17223.0","ticker":"AAPL","high":"299.4897","amount":"299.447","period":"PT1M","low":"299.42","multiplier":"1","beginTime":"1640549862","endTime":"2020-01-07T14:06-05:00[America/New_York]","close":"299.48","open":"299.4401"}
{"volume":"34160.0","ticker":"AAPL","high":"299.5597","amount":"299.5124","period":"PT1M","low":"299.47","multiplier":"1","beginTime":"1640549862","endTime":"2020-01-07T14:07-05:00[America/New_York]","close":"299.51","open":"299.47"}
{"volume":"18718.0","ticker":"AAPL","high":"299.53","amount":"299.4977","period":"PT1M","low":"299.4617","multiplier":"1","beginTime":"1640549862","endTime":"2020-01-07T14:08-05:00[America/New_York]","close":"299.47","open":"299.516"}
{"volume":"13885.0","ticker":"AAPL","high":"299.51","amount":"299.4852","period":"PT1M","low":"299.45","multiplier":"1","beginTime":"1640549862","endTime":"2020-01-07T14:09-05:00[America/New_York]","close":"299.5099","open":"299.46"}
{"volume":"35183.0","ticker":"AAPL","high":"299.5","amount":"299.3821","period":"PT1M","low":"299.3301","multiplier":"1","beginTime":"1640549862","endTime":"2020-01-07T14:10-05:00[America/New_York]","close":"299.385","open":"299.5"}
{"volume":"29975.0","ticker":"AAPL","high":"299.5","amount":"299.4292","period":"PT1M","low":"299.38","multiplier":"1","beginTime":"1640549862","endTime":"2020-01-07T14:11-05:00[America/New_York]","close":"299.5","open":"299.385"}
{"volume":"39443.0","ticker":"AAPL","high":"299.51","amount":"299.4558","period":"PT1M","low":"299.4","multiplier":"1","beginTime":"1640549862","endTime":"2020-01-07T14:12-05:00[America/New_York]","close":"299.45","open":"299.49"}
{"volume":"20004.0","ticker":"AAPL","high":"299.5","amount":"299.3958","period":"PT1M","low":"299.33","multiplier":"1","beginTime":"1640549862","endTime":"2020-01-07T14:13-05:00[America/New_York]","close":"299.33","open":"299.45"}
{"volume":"45506.0","ticker":"AAPL","high":"299.349","amount":"299.271","period":"PT1M","low":"299.19","multiplier":"1","beginTime":"1640549862","endTime":"2020-01-07T14:14-05:00[America/New_York]","close":"299.23","open":"299.33"}
{"volume":"45405.0","ticker":"AAPL","high":"299.32","amount":"299.2233","period":"PT1M","low":"299.1479","multiplier":"1","beginTime":"1640549862","endTime":"2020-01-07T14:15-05:00[America/New_York]","close":"299.31","open":"299.2301"}
{"volume":"40224.0","ticker":"AAPL","high":"299.35","amount":"299.3108","period":"PT1M","low":"299.2653","multiplier":"1","beginTime":"1640549862","endTime":"2020-01-07T14:16-05:00[America/New_York]","close":"299.34","open":"299.2804"}
{"volume":"42262.0","ticker":"AAPL","high":"299.35","amount":"299.2056","period":"PT1M","low":"299.08","multiplier":"1","beginTime":"1640549862","endTime":"2020-01-07T14:17-05:00[America/New_York]","close":"299.095","open":"299.35"}
{"volume":"42338.0","ticker":"AAPL","high":"299.2","amount":"299.1262","period":"PT1M","low":"299.05","multiplier":"1","beginTime":"1640549862","endTime":"2020-01-07T14:18-05:00[America/New_York]","close":"299.06","open":"299.1"}
{"volume":"25129.0","ticker":"AAPL","high":"299.1715","amount":"299.1241","period":"PT1M","low":"299.07","multiplier":"1","beginTime":"1640549862","endTime":"2020-01-07T14:19-05:00[America/New_York]","close":"299.162","open":"299.07"}
{"volume":"32170.0","ticker":"AAPL","high":"299.24","amount":"299.1933","period":"PT1M","low":"299.12","multiplier":"1","beginTime":"1640549862","endTime":"2020-01-07T14:20-05:00[America/New_York]","close":"299.23","open":"299.1501"}
{"volume":"26307.0","ticker":"AAPL","high":"299.3","amount":"299.2718","period":"PT1M","low":"299.2257","multiplier":"1","beginTime":"1640549862","endTime":"2020-01-07T14:21-05:00[America/New_York]","close":"299.27","open":"299.25"}
{"volume":"24969.0","ticker":"AAPL","high":"299.39","amount":"299.3127","period":"PT1M","low":"299.24","multiplier":"1","beginTime":"1640549862","endTime":"2020-01-07T14:22-05:00[America/New_York]","close":"299.3406","open":"299.2469"}
{"volume":"17240.0","ticker":"AAPL","high":"299.34","amount":"299.2975","period":"PT1M","low":"299.2535","multiplier":"1","beginTime":"1640549862","endTime":"2020-01-07T14:23-05:00[America/New_York]","close":"299.315","open":"299.3201"}
{"volume":"18308.0","ticker":"AAPL","high":"299.3508","amount":"299.323","period":"PT1M","low":"299.3","multiplier":"1","beginTime":"1640549862","endTime":"2020-01-07T14:24-05:00[America/New_York]","close":"299.32","open":"299.33"}
{"volume":"28754.0","ticker":"AAPL","high":"299.4288","amount":"299.3621","period":"PT1M","low":"299.31","multiplier":"1","beginTime":"1640549862","endTime":"2020-01-07T14:25-05:00[America/New_York]","close":"299.3401","open":"299.32"}
{"volume":"23319.0","ticker":"AAPL","high":"299.3907","amount":"299.3523","period":"PT1M","low":"299.315","multiplier":"1","beginTime":"1640549862","endTime":"2020-01-07T14:26-05:00[America/New_York]","close":"299.33","open":"299.34"}
{"volume":"23357.0","ticker":"AAPL","high":"299.3654","amount":"299.3167","period":"PT1M","low":"299.2701","multiplier":"1","beginTime":"1640549862","endTime":"2020-01-07T14:27-05:00[America/New_York]","close":"299.28","open":"299.3407"}
{"volume":"17981.0","ticker":"AAPL","high":"299.31","amount":"299.2904","period":"PT1M","low":"299.27","multiplier":"1","beginTime":"1640549862","endTime":"2020-01-07T14:28-05:00[America/New_York]","close":"299.28","open":"299.27"}
{"volume":"24992.0","ticker":"AAPL","high":"299.33","amount":"299.293","period":"PT1M","low":"299.27","multiplier":"1","beginTime":"1640549862","endTime":"2020-01-07T14:29-05:00[America/New_York]","close":"299.2746","open":"299.29"}
{"volume":"42396.0","ticker":"AAPL","high":"299.41","amount":"299.3184","period":"PT1M","low":"299.23","multiplier":"1","beginTime":"1640549862","endTime":"2020-01-07T14:30-05:00[America/New_York]","close":"299.35","open":"299.275"}
{"volume":"26742.0","ticker":"AAPL","high":"299.37","amount":"299.3381","period":"PT1M","low":"299.3","multiplier":"1","beginTime":"1640549862","endTime":"2020-01-07T14:31-05:00[America/New_York]","close":"299.31","open":"299.37"}
{"volume":"32625.0","ticker":"AAPL","high":"299.3001","amount":"299.2143","period":"PT1M","low":"299.13","multiplier":"1","beginTime":"1640549862","endTime":"2020-01-07T14:32-05:00[America/New_York]","close":"299.17","open":"299.3"}
{"volume":"32690.0","ticker":"AAPL","high":"299.3","amount":"299.2351","period":"PT1M","low":"299.18","multiplier":"1","beginTime":"1640549862","endTime":"2020-01-07T14:33-05:00[America/New_York]","close":"299.2093","open":"299.18"}
{"volume":"12444.0","ticker":"AAPL","high":"299.28","amount":"298.9867","period":"PT1M","low":"299.22","multiplier":"1","beginTime":"1640549862","endTime":"2020-01-07T14:34-05:00[America/New_York]","close":"299.22","open":"299.23"}
{"volume":"36421.0","ticker":"AAPL","high":"299.33","amount":"299.2665","period":"PT1M","low":"299.2","multiplier":"1","beginTime":"1640549862","endTime":"2020-01-07T14:35-05:00[America/New_York]","close":"299.23","open":"299.2246"}
{"volume":"19766.0","ticker":"AAPL","high":"299.2499","amount":"299.2196","period":"PT1M","low":"299.18","multiplier":"1","beginTime":"1640549862","endTime":"2020-01-07T14:36-05:00[America/New_York]","close":"299.23","open":"299.23"}
{"volume":"55537.0","ticker":"AAPL","high":"299.2262","amount":"299.1332","period":"PT1M","low":"299.01","multiplier":"1","beginTime":"1640549862","endTime":"2020-01-07T14:37-05:00[America/New_York]","close":"299.03","open":"299.2262"}
{"volume":"51694.0","ticker":"AAPL","high":"299.08","amount":"299.009","period":"PT1M","low":"298.96","multiplier":"1","beginTime":"1640549862","endTime":"2020-01-07T14:38-05:00[America/New_York]","close":"299.04","open":"299.0315"}
{"volume":"29461.0","ticker":"AAPL","high":"299.05","amount":"298.998","period":"PT1M","low":"298.96","multiplier":"1","beginTime":"1640549862","endTime":"2020-01-07T14:39-05:00[America/New_York]","close":"298.9886","open":"299.04"}
{"volume":"25331.0","ticker":"AAPL","high":"299.105","amount":"299.049","period":"PT1M","low":"298.975","multiplier":"1","beginTime":"1640549862","endTime":"2020-01-07T14:40-05:00[America/New_York]","close":"299.0392","open":"298.975"}
{"volume":"31353.0","ticker":"AAPL","high":"299.13","amount":"299.0735","period":"PT1M","low":"299.03","multiplier":"1","beginTime":"1640549862","endTime":"2020-01-07T14:41-05:00[America/New_York]","close":"299.11","open":"299.03"}
{"volume":"26555.0","ticker":"AAPL","high":"299.17","amount":"299.1225","period":"PT1M","low":"299.072","multiplier":"1","beginTime":"1640549862","endTime":"2020-01-07T14:42-05:00[America/New_York]","close":"299.16","open":"299.1128"}
{"volume":"13823.0","ticker":"AAPL","high":"299.181","amount":"299.1447","period":"PT1M","low":"299.12","multiplier":"1","beginTime":"1640549862","endTime":"2020-01-07T14:43-05:00[America/New_York]","close":"299.16","open":"299.155"}
{"volume":"15726.0","ticker":"AAPL","high":"299.194","amount":"299.1686","period":"PT1M","low":"299.1369","multiplier":"1","beginTime":"1640549862","endTime":"2020-01-07T14:44-05:00[America/New_York]","close":"299.19","open":"299.1474"}
{"volume":"18223.0","ticker":"AAPL","high":"299.25","amount":"299.2006","period":"PT1M","low":"299.17","multiplier":"1","beginTime":"1640549862","endTime":"2020-01-07T14:45-05:00[America/New_York]","close":"299.22","open":"299.18"}
{"volume":"16618.0","ticker":"AAPL","high":"299.2151","amount":"299.1774","period":"PT1M","low":"299.14","multiplier":"1","beginTime":"1640549862","endTime":"2020-01-07T14:46-05:00[America/New_York]","close":"299.1467","open":"299.2151"}
{"volume":"18594.0","ticker":"AAPL","high":"299.25","amount":"299.2011","period":"PT1M","low":"299.1305","multiplier":"1","beginTime":"1640549862","endTime":"2020-01-07T14:47-05:00[America/New_York]","close":"299.2","open":"299.14"}
{"volume":"17724.0","ticker":"AAPL","high":"299.25","amount":"299.2091","period":"PT1M","low":"299.17","multiplier":"1","beginTime":"1640549862","endTime":"2020-01-07T14:48-05:00[America/New_York]","close":"299.2407","open":"299.22"}
{"volume":"21195.0","ticker":"AAPL","high":"299.29","amount":"299.2635","period":"PT1M","low":"299.2201","multiplier":"1","beginTime":"1640549862","endTime":"2020-01-07T14:49-05:00[America/New_York]","close":"299.2713","open":"299.2472"}
{"volume":"26214.0","ticker":"AAPL","high":"299.36","amount":"299.3135","period":"PT1M","low":"299.26","multiplier":"1","beginTime":"1640549862","endTime":"2020-01-07T14:50-05:00[America/New_York]","close":"299.301","open":"299.26"}
{"volume":"25123.0","ticker":"AAPL","high":"299.37","amount":"299.3344","period":"PT1M","low":"299.3","multiplier":"1","beginTime":"1640549862","endTime":"2020-01-07T14:51-05:00[America/New_York]","close":"299.3505","open":"299.31"}
{"volume":"13928.0","ticker":"AAPL","high":"299.385","amount":"299.3589","period":"PT1M","low":"299.333","multiplier":"1","beginTime":"1640549862","endTime":"2020-01-07T14:52-05:00[America/New_York]","close":"299.38","open":"299.3419"}
{"volume":"29085.0","ticker":"AAPL","high":"299.38","amount":"299.3344","period":"PT1M","low":"299.29","multiplier":"1","beginTime":"1640549862","endTime":"2020-01-07T14:53-05:00[America/New_York]","close":"299.29","open":"299.3631"}
{"volume":"43257.0","ticker":"AAPL","high":"299.2904","amount":"299.2306","period":"PT1M","low":"299.2","multiplier":"1","beginTime":"1640549862","endTime":"2020-01-07T14:54-05:00[America/New_York]","close":"299.2","open":"299.29"}
{"volume":"27466.0","ticker":"AAPL","high":"299.245","amount":"299.1803","period":"PT1M","low":"299.1","multiplier":"1","beginTime":"1640549862","endTime":"2020-01-07T14:55-05:00[America/New_York]","close":"299.235","open":"299.19"}
{"volume":"32726.0","ticker":"AAPL","high":"299.24","amount":"299.1797","period":"PT1M","low":"299.14","multiplier":"1","beginTime":"1640549862","endTime":"2020-01-07T14:56-05:00[America/New_York]","close":"299.1447","open":"299.24"}
{"volume":"75186.0","ticker":"AAPL","high":"299.19","amount":"299.1088","period":"PT1M","low":"298.99","multiplier":"1","beginTime":"1640549862","endTime":"2020-01-07T14:57-05:00[America/New_York]","close":"299.0009","open":"299.145"}
{"volume":"52051.0","ticker":"AAPL","high":"299.0299","amount":"298.9912","period":"PT1M","low":"298.97","multiplier":"1","beginTime":"1640549862","endTime":"2020-01-07T14:58-05:00[America/New_York]","close":"298.99","open":"299.0108"}
{"volume":"28379.0","ticker":"AAPL","high":"299.02","amount":"298.9967","period":"PT1M","low":"298.97","multiplier":"1","beginTime":"1640549862","endTime":"2020-01-07T14:59-05:00[America/New_York]","close":"299.002","open":"298.99"}
{"volume":"45768.0","ticker":"AAPL","high":"299.06","amount":"298.9896","period":"PT1M","low":"298.93","multiplier":"1","beginTime":"1640549862","endTime":"2020-01-07T15:00-05:00[America/New_York]","close":"299.0","open":"299.01"}
{"volume":"60912.0","ticker":"AAPL","high":"299.0","amount":"298.9491","period":"PT1M","low":"298.9","multiplier":"1","beginTime":"1640549862","endTime":"2020-01-07T15:01-05:00[America/New_York]","close":"298.958","open":"298.99"}
{"volume":"25023.0","ticker":"AAPL","high":"299.0","amount":"298.9628","period":"PT1M","low":"298.92","multiplier":"1","beginTime":"1640549862","endTime":"2020-01-07T15:02-05:00[America/New_York]","close":"298.975","open":"298.945"}
{"volume":"42433.0","ticker":"AAPL","high":"299.16","amount":"299.0961","period":"PT1M","low":"298.97","multiplier":"1","beginTime":"1640549862","endTime":"2020-01-07T15:03-05:00[America/New_York]","close":"299.05","open":"298.98"}
{"volume":"25460.0","ticker":"AAPL","high":"299.1699","amount":"299.1274","period":"PT1M","low":"299.0699","multiplier":"1","beginTime":"1640549862","endTime":"2020-01-07T15:04-05:00[America/New_York]","close":"299.09","open":"299.0699"}
{"volume":"23226.0","ticker":"AAPL","high":"299.23","amount":"299.1215","period":"PT1M","low":"299.0638","multiplier":"1","beginTime":"1640549862","endTime":"2020-01-07T15:05-05:00[America/New_York]","close":"299.19","open":"299.0801"}
{"volume":"22085.0","ticker":"AAPL","high":"299.21","amount":"299.1467","period":"PT1M","low":"299.1094","multiplier":"1","beginTime":"1640549862","endTime":"2020-01-07T15:06-05:00[America/New_York]","close":"299.12","open":"299.19"}
{"volume":"24672.0","ticker":"AAPL","high":"299.1095","amount":"299.0588","period":"PT1M","low":"299.0101","multiplier":"1","beginTime":"1640549862","endTime":"2020-01-07T15:07-05:00[America/New_York]","close":"299.0399","open":"299.1095"}
{"volume":"40636.0","ticker":"AAPL","high":"299.24","amount":"299.1476","period":"PT1M","low":"299.03","multiplier":"1","beginTime":"1640549862","endTime":"2020-01-07T15:08-05:00[America/New_York]","close":"299.11","open":"299.03"}
{"volume":"24776.0","ticker":"AAPL","high":"299.16","amount":"299.1339","period":"PT1M","low":"299.11","multiplier":"1","beginTime":"1640549862","endTime":"2020-01-07T15:09-05:00[America/New_York]","close":"299.15","open":"299.11"}
{"volume":"26147.0","ticker":"AAPL","high":"299.145","amount":"299.1128","period":"PT1M","low":"299.07","multiplier":"1","beginTime":"1640549862","endTime":"2020-01-07T15:10-05:00[America/New_York]","close":"299.13","open":"299.14"}
{"volume":"55972.0","ticker":"AAPL","high":"299.19","amount":"299.1285","period":"PT1M","low":"299.08","multiplier":"1","beginTime":"1640549862","endTime":"2020-01-07T15:11-05:00[America/New_York]","close":"299.1","open":"299.15"}
{"volume":"48757.0","ticker":"AAPL","high":"299.1","amount":"299.0634","period":"PT1M","low":"299.04","multiplier":"1","beginTime":"1640549862","endTime":"2020-01-07T15:12-05:00[America/New_York]","close":"299.0464","open":"299.09"}
{"volume":"52061.0","ticker":"AAPL","high":"299.16","amount":"299.0637","period":"PT1M","low":"299.025","multiplier":"1","beginTime":"1640549862","endTime":"2020-01-07T15:13-05:00[America/New_York]","close":"299.14","open":"299.055"}
{"volume":"40965.0","ticker":"AAPL","high":"299.1971","amount":"299.1397","period":"PT1M","low":"299.09","multiplier":"1","beginTime":"1640549862","endTime":"2020-01-07T15:14-05:00[America/New_York]","close":"299.19","open":"299.1231"}
{"volume":"30493.0","ticker":"AAPL","high":"299.19","amount":"299.1538","period":"PT1M","low":"299.11","multiplier":"1","beginTime":"1640549862","endTime":"2020-01-07T15:15-05:00[America/New_York]","close":"299.15","open":"299.1762"}
{"volume":"36321.0","ticker":"AAPL","high":"299.21","amount":"299.171","period":"PT1M","low":"299.12","multiplier":"1","beginTime":"1640549862","endTime":"2020-01-07T15:16-05:00[America/New_York]","close":"299.18","open":"299.15"}
{"volume":"49339.0","ticker":"AAPL","high":"299.2597","amount":"299.2155","period":"PT1M","low":"299.1524","multiplier":"1","beginTime":"1640549862","endTime":"2020-01-07T15:17-05:00[America/New_York]","close":"299.2262","open":"299.19"}
{"volume":"49382.0","ticker":"AAPL","high":"299.2229","amount":"299.1869","period":"PT1M","low":"299.14","multiplier":"1","beginTime":"1640549862","endTime":"2020-01-07T15:18-05:00[America/New_York]","close":"299.1662","open":"299.2229"}
{"volume":"25451.0","ticker":"AAPL","high":"299.24","amount":"299.2019","period":"PT1M","low":"299.1702","multiplier":"1","beginTime":"1640549862","endTime":"2020-01-07T15:19-05:00[America/New_York]","close":"299.2055","open":"299.18"}
{"volume":"31836.0","ticker":"AAPL","high":"299.25","amount":"299.2254","period":"PT1M","low":"299.1906","multiplier":"1","beginTime":"1640549862","endTime":"2020-01-07T15:20-05:00[America/New_York]","close":"299.241","open":"299.21"}
{"volume":"26301.0","ticker":"AAPL","high":"299.24","amount":"299.2061","period":"PT1M","low":"299.17","multiplier":"1","beginTime":"1640549862","endTime":"2020-01-07T15:21-05:00[America/New_York]","close":"299.185","open":"299.24"}
{"volume":"20692.0","ticker":"AAPL","high":"299.22","amount":"299.1937","period":"PT1M","low":"299.1699","multiplier":"1","beginTime":"1640549862","endTime":"2020-01-07T15:22-05:00[America/New_York]","close":"299.17","open":"299.1836"}
{"volume":"38054.0","ticker":"AAPL","high":"299.175","amount":"299.149","period":"PT1M","low":"299.12","multiplier":"1","beginTime":"1640549862","endTime":"2020-01-07T15:23-05:00[America/New_York]","close":"299.15","open":"299.1735"}
{"volume":"22083.0","ticker":"AAPL","high":"299.1745","amount":"299.145","period":"PT1M","low":"299.13","multiplier":"1","beginTime":"1640549862","endTime":"2020-01-07T15:24-05:00[America/New_York]","close":"299.15","open":"299.16"}
{"volume":"40406.0","ticker":"AAPL","high":"299.1894","amount":"299.1254","period":"PT1M","low":"299.08","multiplier":"1","beginTime":"1640549862","endTime":"2020-01-07T15:25-05:00[America/New_York]","close":"299.141","open":"299.17"}
{"volume":"44830.0","ticker":"AAPL","high":"299.26","amount":"299.2207","period":"PT1M","low":"299.16","multiplier":"1","beginTime":"1640549862","endTime":"2020-01-07T15:26-05:00[America/New_York]","close":"299.2177","open":"299.16"}
{"volume":"43568.0","ticker":"AAPL","high":"299.3","amount":"299.2436","period":"PT1M","low":"299.19","multiplier":"1","beginTime":"1640549862","endTime":"2020-01-07T15:27-05:00[America/New_York]","close":"299.27","open":"299.2113"}
{"volume":"36387.0","ticker":"AAPL","high":"299.29","amount":"299.2469","period":"PT1M","low":"299.2","multiplier":"1","beginTime":"1640549862","endTime":"2020-01-07T15:28-05:00[America/New_York]","close":"299.2","open":"299.277"}
{"volume":"60685.0","ticker":"AAPL","high":"299.34","amount":"299.2776","period":"PT1M","low":"299.21","multiplier":"1","beginTime":"1640549862","endTime":"2020-01-07T15:29-05:00[America/New_York]","close":"299.33","open":"299.21"}
{"volume":"64524.0","ticker":"AAPL","high":"299.36","amount":"299.3073","period":"PT1M","low":"299.2501","multiplier":"1","beginTime":"1640549862","endTime":"2020-01-07T15:30-05:00[America/New_York]","close":"299.2796","open":"299.33"}
{"volume":"46509.0","ticker":"AAPL","high":"299.37","amount":"299.33","period":"PT1M","low":"299.29","multiplier":"1","beginTime":"1640549862","endTime":"2020-01-07T15:31-05:00[America/New_York]","close":"299.36","open":"299.29"}
{"volume":"59952.0","ticker":"AAPL","high":"299.48","amount":"299.4097","period":"PT1M","low":"299.29","multiplier":"1","beginTime":"1640549862","endTime":"2020-01-07T15:32-05:00[America/New_York]","close":"299.44","open":"299.36"}
{"volume":"61723.0","ticker":"AAPL","high":"299.5098","amount":"299.4763","period":"PT1M","low":"299.4201","multiplier":"1","beginTime":"1640549862","endTime":"2020-01-07T15:33-05:00[America/New_York]","close":"299.49","open":"299.46"}
{"volume":"84713.0","ticker":"AAPL","high":"299.5643","amount":"299.4506","period":"PT1M","low":"299.25","multiplier":"1","beginTime":"1640549862","endTime":"2020-01-07T15:34-05:00[America/New_York]","close":"299.55","open":"299.4858"}
{"volume":"57843.0","ticker":"AAPL","high":"299.5561","amount":"299.4984","period":"PT1M","low":"299.47","multiplier":"1","beginTime":"1640549862","endTime":"2020-01-07T15:35-05:00[America/New_York]","close":"299.47","open":"299.5489"}
{"volume":"32505.0","ticker":"AAPL","high":"299.55","amount":"299.5159","period":"PT1M","low":"299.47","multiplier":"1","beginTime":"1640549862","endTime":"2020-01-07T15:36-05:00[America/New_York]","close":"299.515","open":"299.478"}
{"volume":"41550.0","ticker":"AAPL","high":"299.5299","amount":"299.4952","period":"PT1M","low":"299.4725","multiplier":"1","beginTime":"1640549862","endTime":"2020-01-07T15:37-05:00[America/New_York]","close":"299.498","open":"299.51"}
{"volume":"33922.0","ticker":"AAPL","high":"299.54","amount":"299.4921","period":"PT1M","low":"299.4107","multiplier":"1","beginTime":"1640549862","endTime":"2020-01-07T15:38-05:00[America/New_York]","close":"299.415","open":"299.5"}
{"volume":"37333.0","ticker":"AAPL","high":"299.43","amount":"299.3779","period":"PT1M","low":"299.33","multiplier":"1","beginTime":"1640549862","endTime":"2020-01-07T15:39-05:00[America/New_York]","close":"299.33","open":"299.42"}
{"volume":"90297.0","ticker":"AAPL","high":"299.4006","amount":"299.3487","period":"PT1M","low":"299.26","multiplier":"1","beginTime":"1640549862","endTime":"2020-01-07T15:40-05:00[America/New_York]","close":"299.37","open":"299.3385"}
{"volume":"31444.0","ticker":"AAPL","high":"299.4","amount":"299.3329","period":"PT1M","low":"299.27","multiplier":"1","beginTime":"1640549862","endTime":"2020-01-07T15:41-05:00[America/New_York]","close":"299.2992","open":"299.39"}
{"volume":"41940.0","ticker":"AAPL","high":"299.475","amount":"299.4079","period":"PT1M","low":"299.31","multiplier":"1","beginTime":"1640549862","endTime":"2020-01-07T15:42-05:00[America/New_York]","close":"299.46","open":"299.31"}
{"volume":"47819.0","ticker":"AAPL","high":"299.51","amount":"299.4874","period":"PT1M","low":"299.46","multiplier":"1","beginTime":"1640549862","endTime":"2020-01-07T15:43-05:00[America/New_York]","close":"299.48","open":"299.4601"}
{"volume":"28334.0","ticker":"AAPL","high":"299.51","amount":"299.4822","period":"PT1M","low":"299.45","multiplier":"1","beginTime":"1640549862","endTime":"2020-01-07T15:44-05:00[America/New_York]","close":"299.5","open":"299.49"}
{"volume":"48176.0","ticker":"AAPL","high":"299.49","amount":"299.4247","period":"PT1M","low":"299.35","multiplier":"1","beginTime":"1640549862","endTime":"2020-01-07T15:45-05:00[America/New_York]","close":"299.36","open":"299.49"}
{"volume":"38309.0","ticker":"AAPL","high":"299.41","amount":"299.38","period":"PT1M","low":"299.34","multiplier":"1","beginTime":"1640549862","endTime":"2020-01-07T15:46-05:00[America/New_York]","close":"299.35","open":"299.35"}
{"volume":"20576.0","ticker":"AAPL","high":"299.3911","amount":"299.3646","period":"PT1M","low":"299.34","multiplier":"1","beginTime":"1640549862","endTime":"2020-01-07T15:47-05:00[America/New_York]","close":"299.3899","open":"299.3507"}
{"volume":"53703.0","ticker":"AAPL","high":"299.39","amount":"299.3372","period":"PT1M","low":"299.25","multiplier":"1","beginTime":"1640549862","endTime":"2020-01-07T15:48-05:00[America/New_York]","close":"299.28","open":"299.385"}
{"volume":"57973.0","ticker":"AAPL","high":"299.31","amount":"299.2357","period":"PT1M","low":"299.15","multiplier":"1","beginTime":"1640549862","endTime":"2020-01-07T15:49-05:00[America/New_York]","close":"299.22","open":"299.2753"}
{"volume":"187336.0","ticker":"AAPL","high":"299.215","amount":"298.9477","period":"PT1M","low":"298.71","multiplier":"1","beginTime":"1640549862","endTime":"2020-01-07T15:50-05:00[America/New_York]","close":"298.73","open":"299.2"}
{"volume":"86198.0","ticker":"AAPL","high":"298.77","amount":"298.643","period":"PT1M","low":"298.53","multiplier":"1","beginTime":"1640549862","endTime":"2020-01-07T15:51-05:00[America/New_York]","close":"298.5621","open":"298.73"}
{"volume":"147333.0","ticker":"AAPL","high":"298.67","amount":"298.5546","period":"PT1M","low":"298.43","multiplier":"1","beginTime":"1640549862","endTime":"2020-01-07T15:52-05:00[America/New_York]","close":"298.435","open":"298.565"}
{"volume":"102229.0","ticker":"AAPL","high":"298.53","amount":"298.4384","period":"PT1M","low":"298.34","multiplier":"1","beginTime":"1640549862","endTime":"2020-01-07T15:53-05:00[America/New_York]","close":"298.34","open":"298.43"}
{"volume":"169224.0","ticker":"AAPL","high":"298.45","amount":"298.2865","period":"PT1M","low":"298.17","multiplier":"1","beginTime":"1640549862","endTime":"2020-01-07T15:54-05:00[America/New_York]","close":"298.39","open":"298.33"}
{"volume":"110403.0","ticker":"AAPL","high":"298.42","amount":"298.2975","period":"PT1M","low":"298.15","multiplier":"1","beginTime":"1640549862","endTime":"2020-01-07T15:55-05:00[America/New_York]","close":"298.1577","open":"298.38"}
{"volume":"191003.0","ticker":"AAPL","high":"298.224","amount":"298.0658","period":"PT1M","low":"297.95","multiplier":"1","beginTime":"1640549862","endTime":"2020-01-07T15:56-05:00[America/New_York]","close":"298.0766","open":"298.1512"}
{"volume":"131909.0","ticker":"AAPL","high":"298.1599","amount":"298.0836","period":"PT1M","low":"298.011","multiplier":"1","beginTime":"1640549862","endTime":"2020-01-07T15:57-05:00[America/New_York]","close":"298.095","open":"298.0701"}
{"volume":"145731.0","ticker":"AAPL","high":"298.25","amount":"298.1732","period":"PT1M","low":"298.08","multiplier":"1","beginTime":"1640549862","endTime":"2020-01-07T15:58-05:00[America/New_York]","close":"298.15","open":"298.08"}
{"volume":"319353.0","ticker":"AAPL","high":"298.39","amount":"298.2749","period":"PT1M","low":"298.13","multiplier":"1","beginTime":"1640549862","endTime":"2020-01-07T15:59-05:00[America/New_York]","close":"298.27","open":"298.16"}
{"volume":"400971.0","ticker":"AAPL","high":"298.39","amount":"298.388","period":"PT1M","low":"298.06","multiplier":"1","beginTime":"1640549862","endTime":"2020-01-07T16:00-05:00[America/New_York]","close":"298.25","open":"298.39"}
{"volume":"6172.0","ticker":"AAPL","high":"298.26","amount":"298.7363","period":"PT1M","low":"298.23","multiplier":"1","beginTime":"1640549862","endTime":"2020-01-07T16:01-05:00[America/New_York]","close":"298.25","open":"298.23"}
{"volume":"5136.0","ticker":"AAPL","high":"298.24","amount":"298.1641","period":"PT1M","low":"298.15","multiplier":"1","beginTime":"1640549862","endTime":"2020-01-07T16:02-05:00[America/New_York]","close":"298.15","open":"298.2"}
{"volume":"1673.0","ticker":"AAPL","high":"298.11","amount":"298.104","period":"PT1M","low":"298.09","multiplier":"1","beginTime":"1640549862","endTime":"2020-01-07T16:03-05:00[America/New_York]","close":"298.11","open":"298.1"}
{"volume":"993.0","ticker":"AAPL","high":"298.17","amount":"298.1496","period":"PT1M","low":"298.14","multiplier":"1","beginTime":"1640549862","endTime":"2020-01-07T16:04-05:00[America/New_York]","close":"298.17","open":"298.14"}
{"volume":"1552.0","ticker":"AAPL","high":"298.2","amount":"298.183","period":"PT1M","low":"298.18","multiplier":"1","beginTime":"1640549862","endTime":"2020-01-07T16:05-05:00[America/New_York]","close":"298.19","open":"298.18"}
{"volume":"247.0","ticker":"AAPL","high":"298.19","amount":"298.1866","period":"PT1M","low":"298.19","multiplier":"1","beginTime":"1640549862","endTime":"2020-01-07T16:06-05:00[America/New_York]","close":"298.19","open":"298.19"}
{"volume":"930.0","ticker":"AAPL","high":"298.19","amount":"298.1811","period":"PT1M","low":"298.19","multiplier":"1","beginTime":"1640549862","endTime":"2020-01-07T16:07-05:00[America/New_York]","close":"298.19","open":"298.19"}
{"volume":"1241.0","ticker":"AAPL","high":"298.21","amount":"298.2006","period":"PT1M","low":"298.16","multiplier":"1","beginTime":"1640549862","endTime":"2020-01-07T16:08-05:00[America/New_York]","close":"298.16","open":"298.21"}
{"volume":"2919.0","ticker":"AAPL","high":"298.2","amount":"298.1415","period":"PT1M","low":"298.12","multiplier":"1","beginTime":"1640549862","endTime":"2020-01-07T16:09-05:00[America/New_York]","close":"298.12","open":"298.2"}
{"volume":"276.0","ticker":"AAPL","high":"298.2","amount":"298.1908","period":"PT1M","low":"298.2","multiplier":"1","beginTime":"1640549862","endTime":"2020-01-07T16:12-05:00[America/New_York]","close":"298.2","open":"298.2"}
{"volume":"512.0","ticker":"AAPL","high":"298.15","amount":"298.1701","period":"PT1M","low":"298.15","multiplier":"1","beginTime":"1640549862","endTime":"2020-01-07T16:13-05:00[America/New_York]","close":"298.15","open":"298.15"}
{"volume":"2819.0","ticker":"AAPL","high":"298.2","amount":"298.1772","period":"PT1M","low":"298.15","multiplier":"1","beginTime":"1640549862","endTime":"2020-01-07T16:14-05:00[America/New_York]","close":"298.19","open":"298.19"}
{"volume":"2140.0","ticker":"AAPL","high":"298.19","amount":"298.147","period":"PT1M","low":"298.1","multiplier":"1","beginTime":"1640549862","endTime":"2020-01-07T16:15-05:00[America/New_York]","close":"298.1","open":"298.19"}
{"volume":"3723.0","ticker":"AAPL","high":"298.39","amount":"298.3418","period":"PT1M","low":"298.08","multiplier":"1","beginTime":"1640549862","endTime":"2020-01-07T16:16-05:00[America/New_York]","close":"298.39","open":"298.08"}
{"volume":"272.0","ticker":"AAPL","high":"298.08","amount":"298.0878","period":"PT1M","low":"298.08","multiplier":"1","beginTime":"1640549862","endTime":"2020-01-07T16:17-05:00[America/New_York]","close":"298.08","open":"298.08"}
{"volume":"1099.0","ticker":"AAPL","high":"298.2","amount":"298.1843","period":"PT1M","low":"298.17","multiplier":"1","beginTime":"1640549862","endTime":"2020-01-07T16:21-05:00[America/New_York]","close":"298.2","open":"298.17"}
{"volume":"392193.0","ticker":"AAPL","high":"298.39","amount":"298.3895","period":"PT1M","low":"298.18","multiplier":"1","beginTime":"1640549862","endTime":"2020-01-07T16:22-05:00[America/New_York]","close":"298.18","open":"298.39"}
{"volume":"241.0","ticker":"AAPL","high":"298.15","amount":"298.1559","period":"PT1M","low":"298.15","multiplier":"1","beginTime":"1640549862","endTime":"2020-01-07T16:23-05:00[America/New_York]","close":"298.15","open":"298.15"}
{"volume":"1538.0","ticker":"AAPL","high":"298.19","amount":"298.1823","period":"PT1M","low":"298.14","multiplier":"1","beginTime":"1640549862","endTime":"2020-01-07T16:25-05:00[America/New_York]","close":"298.14","open":"298.19"}
{"volume":"671.0","ticker":"AAPL","high":"298.14","amount":"298.1272","period":"PT1M","low":"298.11","multiplier":"1","beginTime":"1640549862","endTime":"2020-01-07T16:28-05:00[America/New_York]","close":"298.14","open":"298.12"}
{"volume":"1343.0","ticker":"AAPL","high":"298.19","amount":"298.176","period":"PT1M","low":"298.15","multiplier":"1","beginTime":"1640549862","endTime":"2020-01-07T16:29-05:00[America/New_York]","close":"298.19","open":"298.15"}
{"volume":"8718.0","ticker":"AAPL","high":"298.11","amount":"298.03","period":"PT1M","low":"297.95","multiplier":"1","beginTime":"1640549862","endTime":"2020-01-07T16:30-05:00[America/New_York]","close":"297.95","open":"298.11"}
{"volume":"20488.0","ticker":"AAPL","high":"297.93","amount":"297.828","period":"PT1M","low":"297.78","multiplier":"1","beginTime":"1640549862","endTime":"2020-01-07T16:31-05:00[America/New_York]","close":"297.78","open":"297.93"}
{"volume":"3749.0","ticker":"AAPL","high":"297.86","amount":"297.7949","period":"PT1M","low":"297.67","multiplier":"1","beginTime":"1640549862","endTime":"2020-01-07T16:32-05:00[America/New_York]","close":"297.8","open":"297.67"}
{"volume":"4442.0","ticker":"AAPL","high":"297.86","amount":"297.7876","period":"PT1M","low":"297.65","multiplier":"1","beginTime":"1640549862","endTime":"2020-01-07T16:33-05:00[America/New_York]","close":"297.75","open":"297.82"}
{"volume":"439.0","ticker":"AAPL","high":"297.75","amount":"297.7548","period":"PT1M","low":"297.67","multiplier":"1","beginTime":"1640549862","endTime":"2020-01-07T16:34-05:00[America/New_York]","close":"297.67","open":"297.75"}
{"volume":"9795.0","ticker":"AAPL","high":"298.39","amount":"297.6228","period":"PT1M","low":"297.5","multiplier":"1","beginTime":"1640549862","endTime":"2020-01-07T16:35-05:00[America/New_York]","close":"297.65","open":"297.65"}
{"volume":"672.0","ticker":"AAPL","high":"297.62","amount":"297.5643","period":"PT1M","low":"297.53","multiplier":"1","beginTime":"1640549862","endTime":"2020-01-07T16:36-05:00[America/New_York]","close":"297.53","open":"297.62"}
{"volume":"1654.0","ticker":"AAPL","high":"297.65","amount":"297.5565","period":"PT1M","low":"297.51","multiplier":"1","beginTime":"1640549862","endTime":"2020-01-07T16:37-05:00[America/New_York]","close":"297.65","open":"297.52"}
{"volume":"2526.0","ticker":"AAPL","high":"297.68","amount":"297.6707","period":"PT1M","low":"297.64","multiplier":"1","beginTime":"1640549862","endTime":"2020-01-07T16:38-05:00[America/New_York]","close":"297.675","open":"297.64"}
{"volume":"8239.0","ticker":"AAPL","high":"297.74","amount":"297.5156","period":"PT1M","low":"297.4","multiplier":"1","beginTime":"1640549862","endTime":"2020-01-07T16:39-05:00[America/New_York]","close":"297.45","open":"297.73"}
{"volume":"6003.0","ticker":"AAPL","high":"297.48","amount":"297.4065","period":"PT1M","low":"297.39","multiplier":"1","beginTime":"1640549862","endTime":"2020-01-07T16:40-05:00[America/New_York]","close":"297.4","open":"297.45"}
{"volume":"3714.0","ticker":"AAPL","high":"297.91","amount":"297.7545","period":"PT1M","low":"297.68","multiplier":"1","beginTime":"1640549862","endTime":"2020-01-07T16:43-05:00[America/New_York]","close":"297.91","open":"297.69"}
{"volume":"56498.0","ticker":"AAPL","high":"298.39","amount":"298.3858","period":"PT1M","low":"297.8","multiplier":"1","beginTime":"1640549862","endTime":"2020-01-07T16:44-05:00[America/New_York]","close":"297.8","open":"297.8"}
{"volume":"1928.0","ticker":"AAPL","high":"297.8","amount":"297.7895","period":"PT1M","low":"297.78","multiplier":"1","beginTime":"1640549862","endTime":"2020-01-07T16:45-05:00[America/New_York]","close":"297.78","open":"297.8"}
{"volume":"1124.0","ticker":"AAPL","high":"297.7","amount":"297.6602","period":"PT1M","low":"297.63","multiplier":"1","beginTime":"1640549862","endTime":"2020-01-07T16:46-05:00[America/New_York]","close":"297.63","open":"297.7"}
{"volume":"3167.0","ticker":"AAPL","high":"297.9","amount":"297.8175","period":"PT1M","low":"297.76","multiplier":"1","beginTime":"1640549862","endTime":"2020-01-07T16:47-05:00[America/New_York]","close":"297.8001","open":"297.78"}
{"volume":"628.0","ticker":"AAPL","high":"297.86","amount":"297.8851","period":"PT1M","low":"297.86","multiplier":"1","beginTime":"1640549862","endTime":"2020-01-07T16:48-05:00[America/New_York]","close":"297.86","open":"297.86"}
{"volume":"15181.0","ticker":"AAPL","high":"298.39","amount":"298.368","period":"PT1M","low":"297.76","multiplier":"1","beginTime":"1640549862","endTime":"2020-01-07T16:50-05:00[America/New_York]","close":"297.98","open":"297.76"}
{"volume":"2576.0","ticker":"AAPL","high":"298.0","amount":"297.9392","period":"PT1M","low":"297.86","multiplier":"1","beginTime":"1640549862","endTime":"2020-01-07T16:51-05:00[America/New_York]","close":"297.99","open":"297.97"}
{"volume":"1015.0","ticker":"AAPL","high":"297.83","amount":"297.8466","period":"PT1M","low":"297.83","multiplier":"1","beginTime":"1640549862","endTime":"2020-01-07T16:52-05:00[America/New_York]","close":"297.83","open":"297.83"}
{"volume":"182.0","ticker":"AAPL","high":"297.84","amount":"297.8929","period":"PT1M","low":"297.84","multiplier":"1","beginTime":"1640549862","endTime":"2020-01-07T16:53-05:00[America/New_York]","close":"297.84","open":"297.84"}
{"volume":"935.0","ticker":"AAPL","high":"297.98","amount":"297.8849","period":"PT1M","low":"297.84","multiplier":"1","beginTime":"1640549862","endTime":"2020-01-07T16:55-05:00[America/New_York]","close":"297.84","open":"297.98"}
{"volume":"680.0","ticker":"AAPL","high":"297.97","amount":"297.9316","period":"PT1M","low":"297.84","multiplier":"1","beginTime":"1640549862","endTime":"2020-01-07T16:56-05:00[America/New_York]","close":"297.84","open":"297.94"}
{"volume":"355.0","ticker":"AAPL","high":"297.9","amount":"297.8885","period":"PT1M","low":"297.86","multiplier":"1","beginTime":"1640549862","endTime":"2020-01-07T16:59-05:00[America/New_York]","close":"297.9","open":"297.86"}
{"volume":"8051.0","ticker":"AAPL","high":"297.85","amount":"299.0921","period":"PT1M","low":"297.8","multiplier":"1","beginTime":"1640549862","endTime":"2020-01-07T17:00-05:00[America/New_York]","close":"297.83","open":"297.85"}
{"volume":"464.0","ticker":"AAPL","high":"297.9","amount":"297.8346","period":"PT1M","low":"297.8","multiplier":"1","beginTime":"1640549862","endTime":"2020-01-07T17:01-05:00[America/New_York]","close":"297.8","open":"297.8"}
{"volume":"103.0","ticker":"AAPL","high":"297.8","amount":"297.8026","period":"PT1M","low":"297.8","multiplier":"1","beginTime":"1640549862","endTime":"2020-01-07T17:02-05:00[America/New_York]","close":"297.8","open":"297.8"}
{"volume":"604.0","ticker":"AAPL","high":"297.85","amount":"297.8501","period":"PT1M","low":"297.85","multiplier":"1","beginTime":"1640549862","endTime":"2020-01-07T17:04-05:00[America/New_York]","close":"297.85","open":"297.85"}
{"volume":"685.0","ticker":"AAPL","high":"297.85","amount":"297.7683","period":"PT1M","low":"297.7001","multiplier":"1","beginTime":"1640549862","endTime":"2020-01-07T17:05-05:00[America/New_York]","close":"297.85","open":"297.7001"}
{"volume":"1093.0","ticker":"AAPL","high":"297.8","amount":"297.7662","period":"PT1M","low":"297.75","multiplier":"1","beginTime":"1640549862","endTime":"2020-01-07T17:06-05:00[America/New_York]","close":"297.75","open":"297.8"}
{"volume":"639.0","ticker":"AAPL","high":"297.85","amount":"297.8259","period":"PT1M","low":"297.84","multiplier":"1","beginTime":"1640549862","endTime":"2020-01-07T17:07-05:00[America/New_York]","close":"297.85","open":"297.84"}
{"volume":"480.0","ticker":"AAPL","high":"297.85","amount":"297.7954","period":"PT1M","low":"297.75","multiplier":"1","beginTime":"1640549862","endTime":"2020-01-07T17:08-05:00[America/New_York]","close":"297.85","open":"297.75"}
{"volume":"265538.0","ticker":"AAPL","high":"297.8","amount":"298.3897","period":"PT1M","low":"297.8","multiplier":"1","beginTime":"1640549862","endTime":"2020-01-07T17:10-05:00[America/New_York]","close":"297.8","open":"297.8"}
{"volume":"742.0","ticker":"AAPL","high":"297.8","amount":"297.7804","period":"PT1M","low":"297.75","multiplier":"1","beginTime":"1640549862","endTime":"2020-01-07T17:13-05:00[America/New_York]","close":"297.8","open":"297.75"}
{"volume":"819.0","ticker":"AAPL","high":"298.39","amount":"298.3038","period":"PT1M","low":"297.8","multiplier":"1","beginTime":"1640549862","endTime":"2020-01-07T17:14-05:00[America/New_York]","close":"297.8","open":"298.39"}
{"volume":"425.0","ticker":"AAPL","high":"297.84","amount":"297.8229","period":"PT1M","low":"297.8","multiplier":"1","beginTime":"1640549862","endTime":"2020-01-07T17:20-05:00[America/New_York]","close":"297.84","open":"297.8"}
{"volume":"342.0","ticker":"AAPL","high":"297.85","amount":"297.8498","period":"PT1M","low":"297.85","multiplier":"1","beginTime":"1640549862","endTime":"2020-01-07T17:26-05:00[America/New_York]","close":"297.85","open":"297.85"}
{"volume":"1571.0","ticker":"AAPL","high":"298.39","amount":"298.2589","period":"PT1M","low":"297.8","multiplier":"1","beginTime":"1640549862","endTime":"2020-01-07T17:27-05:00[America/New_York]","close":"297.82","open":"298.39"}
{"volume":"285.0","ticker":"AAPL","high":"297.82","amount":"297.8198","period":"PT1M","low":"297.82","multiplier":"1","beginTime":"1640549862","endTime":"2020-01-07T17:31-05:00[America/New_York]","close":"297.82","open":"297.82"}
{"volume":"1005.0","ticker":"AAPL","high":"297.77","amount":"297.7604","period":"PT1M","low":"297.75","multiplier":"1","beginTime":"1640549862","endTime":"2020-01-07T17:37-05:00[America/New_York]","close":"297.75","open":"297.77"}
{"volume":"358.0","ticker":"AAPL","high":"298.39","amount":"298.0311","period":"PT1M","low":"298.39","multiplier":"1","beginTime":"1640549862","endTime":"2020-01-07T17:39-05:00[America/New_York]","close":"298.39","open":"298.39"}
{"volume":"214.0","ticker":"AAPL","high":"297.85","amount":"297.8475","period":"PT1M","low":"297.85","multiplier":"1","beginTime":"1640549862","endTime":"2020-01-07T17:41-05:00[America/New_York]","close":"297.85","open":"297.85"}
{"volume":"1040.0","ticker":"AAPL","high":"297.89","amount":"297.8833","period":"PT1M","low":"297.88","multiplier":"1","beginTime":"1640549862","endTime":"2020-01-07T17:42-05:00[America/New_York]","close":"297.89","open":"297.88"}
{"volume":"1025.0","ticker":"AAPL","high":"297.9","amount":"297.8934","period":"PT1M","low":"297.89","multiplier":"1","beginTime":"1640549862","endTime":"2020-01-07T17:43-05:00[America/New_York]","close":"297.9","open":"297.89"}
{"volume":"1023.0","ticker":"AAPL","high":"297.85","amount":"297.8507","period":"PT1M","low":"297.85","multiplier":"1","beginTime":"1640549862","endTime":"2020-01-07T17:45-05:00[America/New_York]","close":"297.85","open":"297.85"}
{"volume":"102.0","ticker":"AAPL","high":"297.9","amount":"297.9","period":"PT1M","low":"297.9","multiplier":"1","beginTime":"1640549862","endTime":"2020-01-07T17:46-05:00[America/New_York]","close":"297.9","open":"297.9"}
{"volume":"130.0","ticker":"AAPL","high":"297.8","amount":"297.8015","period":"PT1M","low":"297.8","multiplier":"1","beginTime":"1640549862","endTime":"2020-01-07T17:51-05:00[America/New_York]","close":"297.8","open":"297.8"}
{"volume":"1812.0","ticker":"AAPL","high":"297.8","amount":"297.7999","period":"PT1M","low":"297.8","multiplier":"1","beginTime":"1640549862","endTime":"2020-01-07T17:54-05:00[America/New_York]","close":"297.8","open":"297.8"}
{"volume":"201.0","ticker":"AAPL","high":"297.76","amount":"297.7607","period":"PT1M","low":"297.76","multiplier":"1","beginTime":"1640549862","endTime":"2020-01-07T17:57-05:00[America/New_York]","close":"297.76","open":"297.76"}
{"volume":"513.0","ticker":"AAPL","high":"297.85","amount":"297.8425","period":"PT1M","low":"297.85","multiplier":"1","beginTime":"1640549862","endTime":"2020-01-07T17:58-05:00[America/New_York]","close":"297.85","open":"297.85"}
{"volume":"325.0","ticker":"AAPL","high":"297.85","amount":"297.8162","period":"PT1M","low":"297.76","multiplier":"1","beginTime":"1640549862","endTime":"2020-01-07T18:00-05:00[America/New_York]","close":"297.85","open":"297.76"}
{"volume":"3091.0","ticker":"AAPL","high":"297.9","amount":"297.8616","period":"PT1M","low":"297.85","multiplier":"1","beginTime":"1640549862","endTime":"2020-01-07T18:01-05:00[America/New_York]","close":"297.9","open":"297.85"}
{"volume":"249.0","ticker":"AAPL","high":"297.93","amount":"297.9297","period":"PT1M","low":"297.93","multiplier":"1","beginTime":"1640549862","endTime":"2020-01-07T18:03-05:00[America/New_York]","close":"297.93","open":"297.93"}
{"volume":"2742.0","ticker":"AAPL","high":"298.0","amount":"297.8959","period":"PT1M","low":"297.76","multiplier":"1","beginTime":"1640549862","endTime":"2020-01-07T18:04-05:00[America/New_York]","close":"297.76","open":"297.92"}
{"volume":"3073.0","ticker":"AAPL","high":"297.77","amount":"297.7285","period":"PT1M","low":"297.65","multiplier":"1","beginTime":"1640549862","endTime":"2020-01-07T18:05-05:00[America/New_York]","close":"297.74","open":"297.76"}
{"volume":"1500.0","ticker":"AAPL","high":"297.87","amount":"297.7998","period":"PT1M","low":"297.65","multiplier":"1","beginTime":"1640549862","endTime":"2020-01-07T18:06-05:00[America/New_York]","close":"297.65","open":"297.87"}
{"volume":"1847.0","ticker":"AAPL","high":"297.65","amount":"297.6314","period":"PT1M","low":"297.59","multiplier":"1","beginTime":"1640549862","endTime":"2020-01-07T18:08-05:00[America/New_York]","close":"297.59","open":"297.65"}
{"volume":"531.0","ticker":"AAPL","high":"297.59","amount":"297.59","period":"PT1M","low":"297.59","multiplier":"1","beginTime":"1640549862","endTime":"2020-01-07T18:09-05:00[America/New_York]","close":"297.59","open":"297.59"}
{"volume":"8555.0","ticker":"AAPL","high":"297.59","amount":"297.5042","period":"PT1M","low":"297.5","multiplier":"1","beginTime":"1640549862","endTime":"2020-01-07T18:11-05:00[America/New_York]","close":"297.5","open":"297.59"}
{"volume":"1091.0","ticker":"AAPL","high":"297.5","amount":"297.5","period":"PT1M","low":"297.5","multiplier":"1","beginTime":"1640549862","endTime":"2020-01-07T18:12-05:00[America/New_York]","close":"297.5","open":"297.5"}
{"volume":"3395.0","ticker":"AAPL","high":"297.59","amount":"297.548","period":"PT1M","low":"297.5","multiplier":"1","beginTime":"1640549862","endTime":"2020-01-07T18:13-05:00[America/New_York]","close":"297.5","open":"297.59"}
{"volume":"312.0","ticker":"AAPL","high":"297.52","amount":"297.5203","period":"PT1M","low":"297.52","multiplier":"1","beginTime":"1640549862","endTime":"2020-01-07T18:14-05:00[America/New_York]","close":"297.52","open":"297.52"}
{"volume":"455.0","ticker":"AAPL","high":"297.55","amount":"297.5486","period":"PT1M","low":"297.55","multiplier":"1","beginTime":"1640549862","endTime":"2020-01-07T18:15-05:00[America/New_York]","close":"297.55","open":"297.55"}
{"volume":"620.0","ticker":"AAPL","high":"297.52","amount":"297.5219","period":"PT1M","low":"297.51","multiplier":"1","beginTime":"1640549862","endTime":"2020-01-07T18:16-05:00[America/New_York]","close":"297.51","open":"297.52"}
{"volume":"2160.0","ticker":"AAPL","high":"297.51","amount":"297.3415","period":"PT1M","low":"297.26","multiplier":"1","beginTime":"1640549862","endTime":"2020-01-07T18:17-05:00[America/New_York]","close":"297.26","open":"297.51"}
{"volume":"1364.0","ticker":"AAPL","high":"297.35","amount":"297.2488","period":"PT1M","low":"297.2","multiplier":"1","beginTime":"1640549862","endTime":"2020-01-07T18:18-05:00[America/New_York]","close":"297.2","open":"297.35"}
{"volume":"2563.0","ticker":"AAPL","high":"297.2","amount":"297.1693","period":"PT1M","low":"297.12","multiplier":"1","beginTime":"1640549862","endTime":"2020-01-07T18:19-05:00[America/New_York]","close":"297.12","open":"297.2"}
{"volume":"599.0","ticker":"AAPL","high":"297.15","amount":"297.1651","period":"PT1M","low":"297.15","multiplier":"1","beginTime":"1640549862","endTime":"2020-01-07T18:20-05:00[America/New_York]","close":"297.15","open":"297.15"}
{"volume":"5065.0","ticker":"AAPL","high":"297.12","amount":"297.0806","period":"PT1M","low":"297.0","multiplier":"1","beginTime":"1640549862","endTime":"2020-01-07T18:21-05:00[America/New_York]","close":"297.0","open":"297.12"}
{"volume":"7393.0","ticker":"AAPL","high":"297.01","amount":"296.7606","period":"PT1M","low":"296.32","multiplier":"1","beginTime":"1640549862","endTime":"2020-01-07T18:22-05:00[America/New_York]","close":"296.32","open":"297.01"}
{"volume":"7868.0","ticker":"AAPL","high":"296.3","amount":"296.1314","period":"PT1M","low":"296.0","multiplier":"1","beginTime":"1640549862","endTime":"2020-01-07T18:23-05:00[America/New_York]","close":"296.0","open":"296.3"}
{"volume":"2363.0","ticker":"AAPL","high":"296.4","amount":"296.1142","period":"PT1M","low":"296.0","multiplier":"1","beginTime":"1640549862","endTime":"2020-01-07T18:24-05:00[America/New_York]","close":"296.4","open":"296.0"}
{"volume":"2239.0","ticker":"AAPL","high":"296.5","amount":"296.2727","period":"PT1M","low":"296.05","multiplier":"1","beginTime":"1640549862","endTime":"2020-01-07T18:25-05:00[America/New_York]","close":"296.05","open":"296.4"}
{"volume":"3009.0","ticker":"AAPL","high":"296.06","amount":"296.029","period":"PT1M","low":"296.0","multiplier":"1","beginTime":"1640549862","endTime":"2020-01-07T18:26-05:00[America/New_York]","close":"296.06","open":"296.05"}
{"volume":"5249.0","ticker":"AAPL","high":"296.0","amount":"295.7392","period":"PT1M","low":"295.51","multiplier":"1","beginTime":"1640549862","endTime":"2020-01-07T18:27-05:00[America/New_York]","close":"295.7","open":"296.0"}
{"volume":"14426.0","ticker":"AAPL","high":"295.7","amount":"295.5563","period":"PT1M","low":"295.42","multiplier":"1","beginTime":"1640549862","endTime":"2020-01-07T18:28-05:00[America/New_York]","close":"295.6","open":"295.5"}
{"volume":"1916.0","ticker":"AAPL","high":"296.0","amount":"295.8538","period":"PT1M","low":"295.64","multiplier":"1","beginTime":"1640549862","endTime":"2020-01-07T18:29-05:00[America/New_York]","close":"296.0","open":"295.64"}
{"volume":"14536.0","ticker":"AAPL","high":"296.2","amount":"295.7957","period":"PT1M","low":"295.72","multiplier":"1","beginTime":"1640549862","endTime":"2020-01-07T18:30-05:00[America/New_York]","close":"295.75","open":"296.2"}
{"volume":"1520.0","ticker":"AAPL","high":"296.2","amount":"295.936","period":"PT1M","low":"295.75","multiplier":"1","beginTime":"1640549862","endTime":"2020-01-07T18:31-05:00[America/New_York]","close":"296.2","open":"296.0"}
{"volume":"4456.0","ticker":"AAPL","high":"296.17","amount":"295.745","period":"PT1M","low":"295.5","multiplier":"1","beginTime":"1640549862","endTime":"2020-01-07T18:32-05:00[America/New_York]","close":"295.5","open":"296.17"}
{"volume":"3150.0","ticker":"AAPL","high":"295.58","amount":"295.5355","period":"PT1M","low":"295.4","multiplier":"1","beginTime":"1640549862","endTime":"2020-01-07T18:33-05:00[America/New_York]","close":"295.5","open":"295.5"}
{"volume":"2809.0","ticker":"AAPL","high":"295.58","amount":"295.4489","period":"PT1M","low":"295.35","multiplier":"1","beginTime":"1640549862","endTime":"2020-01-07T18:34-05:00[America/New_York]","close":"295.5","open":"295.41"}
{"volume":"3048.0","ticker":"AAPL","high":"295.58","amount":"295.5275","period":"PT1M","low":"295.4999","multiplier":"1","beginTime":"1640549862","endTime":"2020-01-07T18:35-05:00[America/New_York]","close":"295.5","open":"295.4999"}
{"volume":"3641.0","ticker":"AAPL","high":"295.35","amount":"295.3153","period":"PT1M","low":"295.3","multiplier":"1","beginTime":"1640549862","endTime":"2020-01-07T18:36-05:00[America/New_York]","close":"295.3","open":"295.35"}
{"volume":"3128.0","ticker":"AAPL","high":"295.35","amount":"295.2919","period":"PT1M","low":"295.26","multiplier":"1","beginTime":"1640549862","endTime":"2020-01-07T18:37-05:00[America/New_York]","close":"295.26","open":"295.28"}
{"volume":"9161.0","ticker":"AAPL","high":"295.43","amount":"295.1997","period":"PT1M","low":"295.11","multiplier":"1","beginTime":"1640549862","endTime":"2020-01-07T18:38-05:00[America/New_York]","close":"295.25","open":"295.43"}
{"volume":"5635.0","ticker":"AAPL","high":"295.26","amount":"295.0911","period":"PT1M","low":"295.0","multiplier":"1","beginTime":"1640549862","endTime":"2020-01-07T18:39-05:00[America/New_York]","close":"295.0","open":"295.26"}
{"volume":"8866.0","ticker":"AAPL","high":"295.25","amount":"294.9966","period":"PT1M","low":"294.85","multiplier":"1","beginTime":"1640549862","endTime":"2020-01-07T18:40-05:00[America/New_York]","close":"294.85","open":"295.0"}
{"volume":"5908.0","ticker":"AAPL","high":"295.0","amount":"294.793","period":"PT1M","low":"294.56","multiplier":"1","beginTime":"1640549862","endTime":"2020-01-07T18:41-05:00[America/New_York]","close":"294.56","open":"295.0"}
{"volume":"6650.0","ticker":"AAPL","high":"294.85","amount":"294.7086","period":"PT1M","low":"294.56","multiplier":"1","beginTime":"1640549862","endTime":"2020-01-07T18:42-05:00[America/New_York]","close":"294.65","open":"294.8"}
{"volume":"9611.0","ticker":"AAPL","high":"294.67","amount":"294.3564","period":"PT1M","low":"294.0","multiplier":"1","beginTime":"1640549862","endTime":"2020-01-07T18:43-05:00[America/New_York]","close":"294.5","open":"294.67"}
{"volume":"4359.0","ticker":"AAPL","high":"294.98","amount":"294.5408","period":"PT1M","low":"294.4","multiplier":"1","beginTime":"1640549862","endTime":"2020-01-07T18:44-05:00[America/New_York]","close":"294.54","open":"294.4"}
{"volume":"3005.0","ticker":"AAPL","high":"294.7","amount":"294.4446","period":"PT1M","low":"294.2","multiplier":"1","beginTime":"1640549862","endTime":"2020-01-07T18:45-05:00[America/New_York]","close":"294.5","open":"294.7"}
{"volume":"4106.0","ticker":"AAPL","high":"294.5","amount":"294.2931","period":"PT1M","low":"294.15","multiplier":"1","beginTime":"1640549862","endTime":"2020-01-07T18:46-05:00[America/New_York]","close":"294.49","open":"294.5"}
{"volume":"4686.0","ticker":"AAPL","high":"294.47","amount":"294.1538","period":"PT1M","low":"294.06","multiplier":"1","beginTime":"1640549862","endTime":"2020-01-07T18:47-05:00[America/New_York]","close":"294.16","open":"294.1"}
{"volume":"22344.0","ticker":"AAPL","high":"294.25","amount":"294.1047","period":"PT1M","low":"293.92","multiplier":"1","beginTime":"1640549862","endTime":"2020-01-07T18:48-05:00[America/New_York]","close":"293.92","open":"294.1501"}
{"volume":"6177.0","ticker":"AAPL","high":"294.0","amount":"293.8979","period":"PT1M","low":"293.72","multiplier":"1","beginTime":"1640549862","endTime":"2020-01-07T18:49-05:00[America/New_York]","close":"293.81","open":"293.99"}
{"volume":"6650.0","ticker":"AAPL","high":"294.12","amount":"293.8881","period":"PT1M","low":"293.7","multiplier":"1","beginTime":"1640549862","endTime":"2020-01-07T18:50-05:00[America/New_York]","close":"294.12","open":"294.0"}
{"volume":"22217.0","ticker":"AAPL","high":"294.12","amount":"294.0954","period":"PT1M","low":"294.0","multiplier":"1","beginTime":"1640549862","endTime":"2020-01-07T18:51-05:00[America/New_York]","close":"294.06","open":"294.02"}
{"volume":"2970.0","ticker":"AAPL","high":"294.0","amount":"293.9455","period":"PT1M","low":"293.9","multiplier":"1","beginTime":"1640549862","endTime":"2020-01-07T18:52-05:00[America/New_York]","close":"294.0","open":"294.0"}
{"volume":"12776.0","ticker":"AAPL","high":"294.25","amount":"294.1456","period":"PT1M","low":"293.95","multiplier":"1","beginTime":"1640549862","endTime":"2020-01-07T18:53-05:00[America/New_York]","close":"294.25","open":"294.0"}
{"volume":"2675.0","ticker":"AAPL","high":"294.5101","amount":"294.4915","period":"PT1M","low":"294.4","multiplier":"1","beginTime":"1640549862","endTime":"2020-01-07T18:54-05:00[America/New_York]","close":"294.51","open":"294.4"}
{"volume":"5492.0","ticker":"AAPL","high":"294.75","amount":"294.6348","period":"PT1M","low":"294.51","multiplier":"1","beginTime":"1640549862","endTime":"2020-01-07T18:55-05:00[America/New_York]","close":"294.75","open":"294.68"}
{"volume":"5435.0","ticker":"AAPL","high":"294.9","amount":"294.7591","period":"PT1M","low":"294.6","multiplier":"1","beginTime":"1640549862","endTime":"2020-01-07T18:56-05:00[America/New_York]","close":"294.9","open":"294.6"}
{"volume":"2379.0","ticker":"AAPL","high":"294.9","amount":"294.7902","period":"PT1M","low":"294.7","multiplier":"1","beginTime":"1640549862","endTime":"2020-01-07T18:57-05:00[America/New_York]","close":"294.7","open":"294.8"}
{"volume":"4328.0","ticker":"AAPL","high":"294.7","amount":"294.6234","period":"PT1M","low":"294.56","multiplier":"1","beginTime":"1640549862","endTime":"2020-01-07T18:58-05:00[America/New_York]","close":"294.6","open":"294.66"}
{"volume":"4242.0","ticker":"AAPL","high":"294.6","amount":"294.54","period":"PT1M","low":"294.5","multiplier":"1","beginTime":"1640549862","endTime":"2020-01-07T18:59-05:00[America/New_York]","close":"294.6","open":"294.56"}
{"volume":"4470.0","ticker":"AAPL","high":"294.66","amount":"294.5359","period":"PT1M","low":"294.5","multiplier":"1","beginTime":"1640549862","endTime":"2020-01-07T19:00-05:00[America/New_York]","close":"294.5","open":"294.56"}
{"volume":"8098.0","ticker":"AAPL","high":"294.65","amount":"294.5228","period":"PT1M","low":"294.5","multiplier":"1","beginTime":"1640549862","endTime":"2020-01-07T19:01-05:00[America/New_York]","close":"294.51","open":"294.5"}
{"volume":"2389.0","ticker":"AAPL","high":"294.52","amount":"294.513","period":"PT1M","low":"294.5","multiplier":"1","beginTime":"1640549862","endTime":"2020-01-07T19:02-05:00[America/New_York]","close":"294.51","open":"294.5001"}
{"volume":"3697.0","ticker":"AAPL","high":"294.69","amount":"294.6013","period":"PT1M","low":"294.51","multiplier":"1","beginTime":"1640549862","endTime":"2020-01-07T19:03-05:00[America/New_York]","close":"294.51","open":"294.67"}
{"volume":"4883.0","ticker":"AAPL","high":"294.6","amount":"294.5249","period":"PT1M","low":"294.51","multiplier":"1","beginTime":"1640549862","endTime":"2020-01-07T19:04-05:00[America/New_York]","close":"294.51","open":"294.53"}
{"volume":"7153.0","ticker":"AAPL","high":"294.51","amount":"294.4771","period":"PT1M","low":"294.37","multiplier":"1","beginTime":"1640549862","endTime":"2020-01-07T19:05-05:00[America/New_York]","close":"294.4","open":"294.51"}
{"volume":"8284.0","ticker":"AAPL","high":"294.6","amount":"294.4869","period":"PT1M","low":"294.4","multiplier":"1","beginTime":"1640549862","endTime":"2020-01-07T19:06-05:00[America/New_York]","close":"294.4","open":"294.5"}
{"volume":"5300.0","ticker":"AAPL","high":"294.4","amount":"294.3849","period":"PT1M","low":"294.37","multiplier":"1","beginTime":"1640549862","endTime":"2020-01-07T19:07-05:00[America/New_York]","close":"294.37","open":"294.4"}
{"volume":"5083.0","ticker":"AAPL","high":"294.45","amount":"294.3708","period":"PT1M","low":"294.35","multiplier":"1","beginTime":"1640549862","endTime":"2020-01-07T19:08-05:00[America/New_York]","close":"294.45","open":"294.35"}
{"volume":"5119.0","ticker":"AAPL","high":"294.49","amount":"294.3524","period":"PT1M","low":"294.27","multiplier":"1","beginTime":"1640549862","endTime":"2020-01-07T19:09-05:00[America/New_York]","close":"294.28","open":"294.4"}
{"volume":"6197.0","ticker":"AAPL","high":"294.45","amount":"294.2507","period":"PT1M","low":"294.09","multiplier":"1","beginTime":"1640549862","endTime":"2020-01-07T19:10-05:00[America/New_York]","close":"294.1","open":"294.25"}
{"volume":"2356.0","ticker":"AAPL","high":"294.04","amount":"294.0232","period":"PT1M","low":"294.0","multiplier":"1","beginTime":"1640549862","endTime":"2020-01-07T19:11-05:00[America/New_York]","close":"294.0","open":"294.04"}
{"volume":"3095.0","ticker":"AAPL","high":"294.1","amount":"294.0325","period":"PT1M","low":"293.91","multiplier":"1","beginTime":"1640549862","endTime":"2020-01-07T19:12-05:00[America/New_York]","close":"294.08","open":"294.0"}
{"volume":"1380.0","ticker":"AAPL","high":"294.0","amount":"293.9526","period":"PT1M","low":"293.87","multiplier":"1","beginTime":"1640549862","endTime":"2020-01-07T19:13-05:00[America/New_York]","close":"293.87","open":"294.0"}
{"volume":"3772.0","ticker":"AAPL","high":"293.91","amount":"293.8238","period":"PT1M","low":"293.76","multiplier":"1","beginTime":"1640549862","endTime":"2020-01-07T19:14-05:00[America/New_York]","close":"293.76","open":"293.9"}
{"volume":"8312.0","ticker":"AAPL","high":"293.93","amount":"293.8108","period":"PT1M","low":"293.79","multiplier":"1","beginTime":"1640549862","endTime":"2020-01-07T19:15-05:00[America/New_York]","close":"293.8","open":"293.79"}
{"volume":"3165.0","ticker":"AAPL","high":"293.7","amount":"293.6708","period":"PT1M","low":"293.6","multiplier":"1","beginTime":"1640549862","endTime":"2020-01-07T19:16-05:00[America/New_York]","close":"293.6","open":"293.7"}
{"volume":"2880.0","ticker":"AAPL","high":"293.7","amount":"293.6855","period":"PT1M","low":"293.66","multiplier":"1","beginTime":"1640549862","endTime":"2020-01-07T19:17-05:00[America/New_York]","close":"293.67","open":"293.7"}
{"volume":"3281.0","ticker":"AAPL","high":"293.6","amount":"293.5535","period":"PT1M","low":"293.51","multiplier":"1","beginTime":"1640549862","endTime":"2020-01-07T19:18-05:00[America/New_York]","close":"293.51","open":"293.585"}
{"volume":"8254.0","ticker":"AAPL","high":"293.55","amount":"293.4582","period":"PT1M","low":"293.24","multiplier":"1","beginTime":"1640549862","endTime":"2020-01-07T19:19-05:00[America/New_York]","close":"293.4","open":"293.55"}
{"volume":"15114.0","ticker":"AAPL","high":"293.4","amount":"293.272","period":"PT1M","low":"293.12","multiplier":"1","beginTime":"1640549862","endTime":"2020-01-07T19:20-05:00[America/New_York]","close":"293.17","open":"293.4"}
{"volume":"4344.0","ticker":"AAPL","high":"293.2","amount":"293.1345","period":"PT1M","low":"293.06","multiplier":"1","beginTime":"1640549862","endTime":"2020-01-07T19:21-05:00[America/New_York]","close":"293.1","open":"293.12"}
{"volume":"4172.0","ticker":"AAPL","high":"293.2","amount":"293.1203","period":"PT1M","low":"293.06","multiplier":"1","beginTime":"1640549862","endTime":"2020-01-07T19:22-05:00[America/New_York]","close":"293.06","open":"293.12"}
{"volume":"6208.0","ticker":"AAPL","high":"293.15","amount":"293.0359","period":"PT1M","low":"293.0","multiplier":"1","beginTime":"1640549862","endTime":"2020-01-07T19:23-05:00[America/New_York]","close":"293.06","open":"293.07"}
{"volume":"11230.0","ticker":"AAPL","high":"293.05","amount":"292.9972","period":"PT1M","low":"292.9","multiplier":"1","beginTime":"1640549862","endTime":"2020-01-07T19:24-05:00[America/New_York]","close":"293.0","open":"293.05"}
{"volume":"5626.0","ticker":"AAPL","high":"293.1","amount":"293.0218","period":"PT1M","low":"292.99","multiplier":"1","beginTime":"1640549862","endTime":"2020-01-07T19:25-05:00[America/New_York]","close":"293.035","open":"293.0"}
{"volume":"4561.0","ticker":"AAPL","high":"293.05","amount":"292.913","period":"PT1M","low":"292.8","multiplier":"1","beginTime":"1640549862","endTime":"2020-01-07T19:26-05:00[America/New_York]","close":"293.0","open":"293.02"}
{"volume":"2772.0","ticker":"AAPL","high":"293.02","amount":"292.971","period":"PT1M","low":"292.85","multiplier":"1","beginTime":"1640549862","endTime":"2020-01-07T19:27-05:00[America/New_York]","close":"292.88","open":"293.0"}
{"volume":"2902.0","ticker":"AAPL","high":"293.0","amount":"292.9571","period":"PT1M","low":"292.85","multiplier":"1","beginTime":"1640549862","endTime":"2020-01-07T19:28-05:00[America/New_York]","close":"292.85","open":"292.88"}
{"volume":"2324.0","ticker":"AAPL","high":"293.0","amount":"292.9372","period":"PT1M","low":"292.85","multiplier":"1","beginTime":"1640549862","endTime":"2020-01-07T19:29-05:00[America/New_York]","close":"292.88","open":"292.85"}
{"volume":"3105.0","ticker":"AAPL","high":"292.95","amount":"292.9151","period":"PT1M","low":"292.88","multiplier":"1","beginTime":"1640549862","endTime":"2020-01-07T19:30-05:00[America/New_York]","close":"292.9","open":"292.9"}
{"volume":"2525.0","ticker":"AAPL","high":"292.88","amount":"292.8453","period":"PT1M","low":"292.81","multiplier":"1","beginTime":"1640549862","endTime":"2020-01-07T19:31-05:00[America/New_York]","close":"292.85","open":"292.88"}
{"volume":"1396.0","ticker":"AAPL","high":"292.85","amount":"292.8491","period":"PT1M","low":"292.81","multiplier":"1","beginTime":"1640549862","endTime":"2020-01-07T19:32-05:00[America/New_York]","close":"292.85","open":"292.85"}
{"volume":"5849.0","ticker":"AAPL","high":"292.95","amount":"292.7307","period":"PT1M","low":"292.68","multiplier":"1","beginTime":"1640549862","endTime":"2020-01-07T19:33-05:00[America/New_York]","close":"292.7","open":"292.95"}
{"volume":"8094.0","ticker":"AAPL","high":"292.87","amount":"292.7703","period":"PT1M","low":"292.6","multiplier":"1","beginTime":"1640549862","endTime":"2020-01-07T19:34-05:00[America/New_York]","close":"292.82","open":"292.6"}
{"volume":"7628.0","ticker":"AAPL","high":"293.0","amount":"292.8305","period":"PT1M","low":"292.5","multiplier":"1","beginTime":"1640549862","endTime":"2020-01-07T19:35-05:00[America/New_York]","close":"292.83","open":"293.0"}
{"volume":"3422.0","ticker":"AAPL","high":"292.89","amount":"292.8182","period":"PT1M","low":"292.76","multiplier":"1","beginTime":"1640549862","endTime":"2020-01-07T19:36-05:00[America/New_York]","close":"292.76","open":"292.83"}
{"volume":"2974.0","ticker":"AAPL","high":"292.78","amount":"292.6599","period":"PT1M","low":"292.6","multiplier":"1","beginTime":"1640549862","endTime":"2020-01-07T19:37-05:00[America/New_York]","close":"292.7","open":"292.62"}
{"volume":"13821.0","ticker":"AAPL","high":"292.78","amount":"292.509","period":"PT1M","low":"292.3","multiplier":"1","beginTime":"1640549862","endTime":"2020-01-07T19:38-05:00[America/New_York]","close":"292.38","open":"292.6"}
{"volume":"4698.0","ticker":"AAPL","high":"292.39","amount":"292.2905","period":"PT1M","low":"292.2","multiplier":"1","beginTime":"1640549862","endTime":"2020-01-07T19:39-05:00[America/New_York]","close":"292.3","open":"292.35"}
{"volume":"6625.0","ticker":"AAPL","high":"292.3","amount":"292.1422","period":"PT1M","low":"292.07","multiplier":"1","beginTime":"1640549862","endTime":"2020-01-07T19:40-05:00[America/New_York]","close":"292.105","open":"292.25"}
{"volume":"10200.0","ticker":"AAPL","high":"292.2","amount":"292.0967","period":"PT1M","low":"292.01","multiplier":"1","beginTime":"1640549862","endTime":"2020-01-07T19:41-05:00[America/New_York]","close":"292.13","open":"292.105"}
{"volume":"12009.0","ticker":"AAPL","high":"292.18","amount":"292.0496","period":"PT1M","low":"292.0","multiplier":"1","beginTime":"1640549862","endTime":"2020-01-07T19:42-05:00[America/New_York]","close":"292.15","open":"292.13"}
{"volume":"12031.0","ticker":"AAPL","high":"292.2","amount":"292.1349","period":"PT1M","low":"292.0","multiplier":"1","beginTime":"1640549862","endTime":"2020-01-07T19:43-05:00[America/New_York]","close":"292.15","open":"292.14"}
{"volume":"4467.0","ticker":"AAPL","high":"292.2","amount":"292.1715","period":"PT1M","low":"292.04","multiplier":"1","beginTime":"1640549862","endTime":"2020-01-07T19:44-05:00[America/New_York]","close":"292.2","open":"292.05"}
{"volume":"5488.0","ticker":"AAPL","high":"292.2","amount":"292.1148","period":"PT1M","low":"292.03","multiplier":"1","beginTime":"1640549862","endTime":"2020-01-07T19:45-05:00[America/New_York]","close":"292.03","open":"292.19"}
{"volume":"5880.0","ticker":"AAPL","high":"292.1","amount":"292.0256","period":"PT1M","low":"292.0","multiplier":"1","beginTime":"1640549862","endTime":"2020-01-07T19:46-05:00[America/New_York]","close":"292.01","open":"292.07"}
{"volume":"13293.0","ticker":"AAPL","high":"292.05","amount":"292.0324","period":"PT1M","low":"292.0","multiplier":"1","beginTime":"1640549862","endTime":"2020-01-07T19:47-05:00[America/New_York]","close":"292.05","open":"292.01"}
{"volume":"12632.0","ticker":"AAPL","high":"292.2","amount":"292.1916","period":"PT1M","low":"292.1","multiplier":"1","beginTime":"1640549862","endTime":"2020-01-07T19:48-05:00[America/New_York]","close":"292.2","open":"292.13"}
{"volume":"30169.0","ticker":"AAPL","high":"292.45","amount":"292.2011","period":"PT1M","low":"292.12","multiplier":"1","beginTime":"1640549862","endTime":"2020-01-07T19:49-05:00[America/New_York]","close":"292.35","open":"292.15"}
{"volume":"4284.0","ticker":"AAPL","high":"293.0","amount":"292.7573","period":"PT1M","low":"292.35","multiplier":"1","beginTime":"1640549862","endTime":"2020-01-07T19:50-05:00[America/New_York]","close":"292.57","open":"292.35"}
{"volume":"8141.0","ticker":"AAPL","high":"293.0","amount":"292.5074","period":"PT1M","low":"292.22","multiplier":"1","beginTime":"1640549862","endTime":"2020-01-07T19:51-05:00[America/New_York]","close":"292.54","open":"293.0"}
{"volume":"5871.0","ticker":"AAPL","high":"292.57","amount":"292.5071","period":"PT1M","low":"292.4","multiplier":"1","beginTime":"1640549862","endTime":"2020-01-07T19:52-05:00[America/New_York]","close":"292.4","open":"292.49"}
{"volume":"3774.0","ticker":"AAPL","high":"292.95","amount":"292.5598","period":"PT1M","low":"292.25","multiplier":"1","beginTime":"1640549862","endTime":"2020-01-07T19:53-05:00[America/New_York]","close":"292.25","open":"292.4"}
{"volume":"5938.0","ticker":"AAPL","high":"292.5","amount":"292.3675","period":"PT1M","low":"292.23","multiplier":"1","beginTime":"1640549862","endTime":"2020-01-07T19:54-05:00[America/New_York]","close":"292.4","open":"292.23"}
{"volume":"5860.0","ticker":"AAPL","high":"292.7","amount":"292.5781","period":"PT1M","low":"292.49","multiplier":"1","beginTime":"1640549862","endTime":"2020-01-07T19:55-05:00[America/New_York]","close":"292.65","open":"292.59"}
{"volume":"5473.0","ticker":"AAPL","high":"292.65","amount":"292.612","period":"PT1M","low":"292.55","multiplier":"1","beginTime":"1640549862","endTime":"2020-01-07T19:56-05:00[America/New_York]","close":"292.6","open":"292.62"}
{"volume":"4461.0","ticker":"AAPL","high":"292.7","amount":"292.6573","period":"PT1M","low":"292.6","multiplier":"1","beginTime":"1640549862","endTime":"2020-01-07T19:57-05:00[America/New_York]","close":"292.6","open":"292.6"}
{"volume":"8322.0","ticker":"AAPL","high":"292.75","amount":"292.6269","period":"PT1M","low":"292.5","multiplier":"1","beginTime":"1640549862","endTime":"2020-01-07T19:58-05:00[America/New_York]","close":"292.75","open":"292.6"}
{"volume":"8273.0","ticker":"AAPL","high":"292.93","amount":"292.7051","period":"PT1M","low":"292.55","multiplier":"1","beginTime":"1640549862","endTime":"2020-01-07T19:59-05:00[America/New_York]","close":"292.6","open":"292.8"}
{"volume":"1232.0","ticker":"AAPL","high":"296.51","amount":"296.5112","period":"PT1M","low":"296.5","multiplier":"1","beginTime":"1640549862","endTime":"2020-01-08T04:00-05:00[America/New_York]","close":"296.51","open":"296.5"}
{"volume":"1404.0","ticker":"AAPL","high":"296.89","amount":"296.589","period":"PT1M","low":"296.52","multiplier":"1","beginTime":"1640549862","endTime":"2020-01-08T04:01-05:00[America/New_York]","close":"296.89","open":"296.52"}
{"volume":"1652.0","ticker":"AAPL","high":"297.0","amount":"296.9795","period":"PT1M","low":"296.84","multiplier":"1","beginTime":"1640549862","endTime":"2020-01-08T04:02-05:00[America/New_York]","close":"297.0","open":"296.89"}
{"volume":"282.0","ticker":"AAPL","high":"297.35","amount":"297.3154","period":"PT1M","low":"297.35","multiplier":"1","beginTime":"1640549862","endTime":"2020-01-08T04:03-05:00[America/New_York]","close":"297.35","open":"297.35"}
{"volume":"611.0","ticker":"AAPL","high":"297.2","amount":"297.0728","period":"PT1M","low":"297.0","multiplier":"1","beginTime":"1640549862","endTime":"2020-01-08T04:04-05:00[America/New_York]","close":"297.0","open":"297.2"}
{"volume":"275.0","ticker":"AAPL","high":"297.28","amount":"297.2224","period":"PT1M","low":"297.28","multiplier":"1","beginTime":"1640549862","endTime":"2020-01-08T04:05-05:00[America/New_York]","close":"297.28","open":"297.28"}
{"volume":"1440.0","ticker":"AAPL","high":"297.0","amount":"297.0073","period":"PT1M","low":"296.99","multiplier":"1","beginTime":"1640549862","endTime":"2020-01-08T04:06-05:00[America/New_York]","close":"297.0","open":"297.0"}
{"volume":"920.0","ticker":"AAPL","high":"297.17","amount":"297.1591","period":"PT1M","low":"297.12","multiplier":"1","beginTime":"1640549862","endTime":"2020-01-08T04:07-05:00[America/New_York]","close":"297.12","open":"297.17"}
{"volume":"1237.0","ticker":"AAPL","high":"296.99","amount":"296.9662","period":"PT1M","low":"296.86","multiplier":"1","beginTime":"1640549862","endTime":"2020-01-08T04:09-05:00[America/New_York]","close":"296.99","open":"296.86"}
{"volume":"2452.0","ticker":"AAPL","high":"297.05","amount":"296.9301","period":"PT1M","low":"296.86","multiplier":"1","beginTime":"1640549862","endTime":"2020-01-08T04:10-05:00[America/New_York]","close":"297.05","open":"296.94"}
{"volume":"2565.0","ticker":"AAPL","high":"297.38","amount":"297.0134","period":"PT1M","low":"296.94","multiplier":"1","beginTime":"1640549862","endTime":"2020-01-08T04:11-05:00[America/New_York]","close":"297.07","open":"296.94"}
{"volume":"224.0","ticker":"AAPL","high":"297.25","amount":"297.246","period":"PT1M","low":"297.25","multiplier":"1","beginTime":"1640549862","endTime":"2020-01-08T04:12-05:00[America/New_York]","close":"297.25","open":"297.25"}
{"volume":"778.0","ticker":"AAPL","high":"297.25","amount":"297.225","period":"PT1M","low":"297.07","multiplier":"1","beginTime":"1640549862","endTime":"2020-01-08T04:13-05:00[America/New_York]","close":"297.24","open":"297.25"}
{"volume":"180.0","ticker":"AAPL","high":"297.23","amount":"297.233","period":"PT1M","low":"297.23","multiplier":"1","beginTime":"1640549862","endTime":"2020-01-08T04:14-05:00[America/New_York]","close":"297.23","open":"297.23"}
{"volume":"433.0","ticker":"AAPL","high":"297.17","amount":"297.1423","period":"PT1M","low":"297.05","multiplier":"1","beginTime":"1640549862","endTime":"2020-01-08T04:15-05:00[America/New_York]","close":"297.05","open":"297.17"}
{"volume":"332.0","ticker":"AAPL","high":"297.05","amount":"297.05","period":"PT1M","low":"297.05","multiplier":"1","beginTime":"1640549862","endTime":"2020-01-08T04:16-05:00[America/New_York]","close":"297.05","open":"297.05"}
{"volume":"553.0","ticker":"AAPL","high":"297.05","amount":"297.0499","period":"PT1M","low":"297.05","multiplier":"1","beginTime":"1640549862","endTime":"2020-01-08T04:17-05:00[America/New_York]","close":"297.05","open":"297.05"}
{"volume":"2310.0","ticker":"AAPL","high":"297.05","amount":"296.967","period":"PT1M","low":"296.92","multiplier":"1","beginTime":"1640549862","endTime":"2020-01-08T04:18-05:00[America/New_York]","close":"297.05","open":"297.01"}
{"volume":"302.0","ticker":"AAPL","high":"297.01","amount":"296.9296","period":"PT1M","low":"296.86","multiplier":"1","beginTime":"1640549862","endTime":"2020-01-08T04:20-05:00[America/New_York]","close":"296.86","open":"297.01"}
{"volume":"1202.0","ticker":"AAPL","high":"297.05","amount":"296.9212","period":"PT1M","low":"296.84","multiplier":"1","beginTime":"1640549862","endTime":"2020-01-08T04:21-05:00[America/New_York]","close":"296.84","open":"297.03"}
{"volume":"1116.0","ticker":"AAPL","high":"297.05","amount":"296.9741","period":"PT1M","low":"296.94","multiplier":"1","beginTime":"1640549862","endTime":"2020-01-08T04:22-05:00[America/New_York]","close":"297.05","open":"296.94"}
{"volume":"464.0","ticker":"AAPL","high":"297.0","amount":"296.9777","period":"PT1M","low":"296.96","multiplier":"1","beginTime":"1640549862","endTime":"2020-01-08T04:23-05:00[America/New_York]","close":"297.0","open":"296.96"}
{"volume":"248.0","ticker":"AAPL","high":"297.0","amount":"296.9694","period":"PT1M","low":"297.0","multiplier":"1","beginTime":"1640549862","endTime":"2020-01-08T04:24-05:00[America/New_York]","close":"297.0","open":"297.0"}
{"volume":"226.0","ticker":"AAPL","high":"296.99","amount":"296.99","period":"PT1M","low":"296.99","multiplier":"1","beginTime":"1640549862","endTime":"2020-01-08T04:26-05:00[America/New_York]","close":"296.99","open":"296.99"}
{"volume":"1690.0","ticker":"AAPL","high":"297.15","amount":"296.9717","period":"PT1M","low":"296.85","multiplier":"1","beginTime":"1640549862","endTime":"2020-01-08T04:27-05:00[America/New_York]","close":"297.15","open":"296.99"}
{"volume":"759.0","ticker":"AAPL","high":"297.15","amount":"297.1391","period":"PT1M","low":"297.13","multiplier":"1","beginTime":"1640549862","endTime":"2020-01-08T04:28-05:00[America/New_York]","close":"297.15","open":"297.15"}
{"volume":"1423.0","ticker":"AAPL","high":"297.0","amount":"296.9004","period":"PT1M","low":"296.85","multiplier":"1","beginTime":"1640549862","endTime":"2020-01-08T04:29-05:00[America/New_York]","close":"296.99","open":"296.85"}
{"volume":"880.0","ticker":"AAPL","high":"297.25","amount":"297.0124","period":"PT1M","low":"296.69","multiplier":"1","beginTime":"1640549862","endTime":"2020-01-08T04:30-05:00[America/New_York]","close":"296.9","open":"297.05"}
{"volume":"574.0","ticker":"AAPL","high":"296.9","amount":"296.9098","period":"PT1M","low":"296.9","multiplier":"1","beginTime":"1640549862","endTime":"2020-01-08T04:31-05:00[America/New_York]","close":"296.9","open":"296.9"}
{"volume":"631.0","ticker":"AAPL","high":"297.2","amount":"297.0512","period":"PT1M","low":"296.7","multiplier":"1","beginTime":"1640549862","endTime":"2020-01-08T04:32-05:00[America/New_York]","close":"296.7","open":"297.01"}
{"volume":"1105.0","ticker":"AAPL","high":"297.08","amount":"297.0199","period":"PT1M","low":"296.8","multiplier":"1","beginTime":"1640549862","endTime":"2020-01-08T04:33-05:00[America/New_York]","close":"296.8","open":"297.08"}
{"volume":"1108.0","ticker":"AAPL","high":"297.05","amount":"297.0347","period":"PT1M","low":"296.88","multiplier":"1","beginTime":"1640549862","endTime":"2020-01-08T04:36-05:00[America/New_York]","close":"297.05","open":"296.88"}
{"volume":"819.0","ticker":"AAPL","high":"296.91","amount":"296.8981","period":"PT1M","low":"296.89","multiplier":"1","beginTime":"1640549862","endTime":"2020-01-08T04:38-05:00[America/New_York]","close":"296.89","open":"296.91"}
{"volume":"248.0","ticker":"AAPL","high":"296.89","amount":"296.9148","period":"PT1M","low":"296.89","multiplier":"1","beginTime":"1640549862","endTime":"2020-01-08T04:40-05:00[America/New_York]","close":"296.89","open":"296.89"}
{"volume":"105.0","ticker":"AAPL","high":"297.1","amount":"297.099","period":"PT1M","low":"297.1","multiplier":"1","beginTime":"1640549862","endTime":"2020-01-08T04:43-05:00[America/New_York]","close":"297.1","open":"297.1"}
{"volume":"428.0","ticker":"AAPL","high":"297.1","amount":"297.0999","period":"PT1M","low":"297.1","multiplier":"1","beginTime":"1640549862","endTime":"2020-01-08T04:44-05:00[America/New_York]","close":"297.1","open":"297.1"}
{"volume":"300.0","ticker":"AAPL","high":"297.0","amount":"296.9757","period":"PT1M","low":"297.0","multiplier":"1","beginTime":"1640549862","endTime":"2020-01-08T04:45-05:00[America/New_York]","close":"297.0","open":"297.0"}
{"volume":"105.0","ticker":"AAPL","high":"297.0","amount":"297.0","period":"PT1M","low":"297.0","multiplier":"1","beginTime":"1640549862","endTime":"2020-01-08T04:50-05:00[America/New_York]","close":"297.0","open":"297.0"}
{"volume":"905.0","ticker":"AAPL","high":"297.2","amount":"297.1255","period":"PT1M","low":"297.1","multiplier":"1","beginTime":"1640549862","endTime":"2020-01-08T04:54-05:00[America/New_York]","close":"297.2","open":"297.1"}
{"volume":"284.0","ticker":"AAPL","high":"297.0","amount":"296.9988","period":"PT1M","low":"297.0","multiplier":"1","beginTime":"1640549862","endTime":"2020-01-08T05:03-05:00[America/New_York]","close":"297.0","open":"297.0"}
{"volume":"100.0","ticker":"AAPL","high":"297.06","amount":"297.06","period":"PT1M","low":"297.06","multiplier":"1","beginTime":"1640549862","endTime":"2020-01-08T05:05-05:00[America/New_York]","close":"297.06","open":"297.06"}
{"volume":"230.0","ticker":"AAPL","high":"297.05","amount":"297.0435","period":"PT1M","low":"297.05","multiplier":"1","beginTime":"1640549862","endTime":"2020-01-08T05:06-05:00[America/New_York]","close":"297.05","open":"297.05"}
{"volume":"134.0","ticker":"AAPL","high":"297.05","amount":"297.0728","period":"PT1M","low":"297.05","multiplier":"1","beginTime":"1640549862","endTime":"2020-01-08T05:08-05:00[America/New_York]","close":"297.05","open":"297.05"}
{"volume":"184.0","ticker":"AAPL","high":"297.05","amount":"297.05","period":"PT1M","low":"297.05","multiplier":"1","beginTime":"1640549862","endTime":"2020-01-08T05:10-05:00[America/New_York]","close":"297.05","open":"297.05"}
{"volume":"610.0","ticker":"AAPL","high":"297.0","amount":"297.0015","period":"PT1M","low":"297.0","multiplier":"1","beginTime":"1640549862","endTime":"2020-01-08T05:11-05:00[America/New_York]","close":"297.0","open":"297.0"}
{"volume":"642.0","ticker":"AAPL","high":"297.05","amount":"297.05","period":"PT1M","low":"297.05","multiplier":"1","beginTime":"1640549862","endTime":"2020-01-08T05:14-05:00[America/New_York]","close":"297.05","open":"297.05"}
{"volume":"735.0","ticker":"AAPL","high":"297.17","amount":"297.1197","period":"PT1M","low":"297.1","multiplier":"1","beginTime":"1640549862","endTime":"2020-01-08T05:15-05:00[America/New_York]","close":"297.17","open":"297.1"}
{"volume":"1884.0","ticker":"AAPL","high":"297.53","amount":"297.4328","period":"PT1M","low":"297.25","multiplier":"1","beginTime":"1640549862","endTime":"2020-01-08T05:16-05:00[America/New_York]","close":"297.53","open":"297.25"}
{"volume":"1107.0","ticker":"AAPL","high":"297.75","amount":"297.7357","period":"PT1M","low":"297.75","multiplier":"1","beginTime":"1640549862","endTime":"2020-01-08T05:19-05:00[America/New_York]","close":"297.75","open":"297.75"}
{"volume":"802.0","ticker":"AAPL","high":"298.0","amount":"297.9225","period":"PT1M","low":"297.87","multiplier":"1","beginTime":"1640549862","endTime":"2020-01-08T05:20-05:00[America/New_York]","close":"298.0","open":"297.87"}
{"volume":"865.0","ticker":"AAPL","high":"297.92","amount":"297.9247","period":"PT1M","low":"297.92","multiplier":"1","beginTime":"1640549862","endTime":"2020-01-08T05:21-05:00[America/New_York]","close":"297.92","open":"297.92"}
{"volume":"1000.0","ticker":"AAPL","high":"297.78","amount":"297.78","period":"PT1M","low":"297.78","multiplier":"1","beginTime":"1640549862","endTime":"2020-01-08T05:22-05:00[America/New_York]","close":"297.78","open":"297.78"}
{"volume":"1000.0","ticker":"AAPL","high":"297.75","amount":"297.7502","period":"PT1M","low":"297.75","multiplier":"1","beginTime":"1640549862","endTime":"2020-01-08T05:24-05:00[America/New_York]","close":"297.75","open":"297.75"}
{"volume":"1290.0","ticker":"AAPL","high":"297.8","amount":"297.7564","period":"PT1M","low":"297.61","multiplier":"1","beginTime":"1640549862","endTime":"2020-01-08T05:29-05:00[America/New_York]","close":"297.8","open":"297.61"}
{"volume":"731.0","ticker":"AAPL","high":"297.9","amount":"297.9","period":"PT1M","low":"297.9","multiplier":"1","beginTime":"1640549862","endTime":"2020-01-08T05:33-05:00[America/New_York]","close":"297.9","open":"297.9"}
{"volume":"405.0","ticker":"AAPL","high":"297.9","amount":"297.9","period":"PT1M","low":"297.9","multiplier":"1","beginTime":"1640549862","endTime":"2020-01-08T05:34-05:00[America/New_York]","close":"297.9","open":"297.9"}
{"volume":"205.0","ticker":"AAPL","high":"297.9","amount":"297.9","period":"PT1M","low":"297.9","multiplier":"1","beginTime":"1640549862","endTime":"2020-01-08T05:35-05:00[America/New_York]","close":"297.9","open":"297.9"}
{"volume":"205.0","ticker":"AAPL","high":"297.81","amount":"297.8051","period":"PT1M","low":"297.8","multiplier":"1","beginTime":"1640549862","endTime":"2020-01-08T05:36-05:00[America/New_York]","close":"297.8","open":"297.81"}
{"volume":"530.0","ticker":"AAPL","high":"297.89","amount":"297.8704","period":"PT1M","low":"297.85","multiplier":"1","beginTime":"1640549862","endTime":"2020-01-08T05:41-05:00[America/New_York]","close":"297.89","open":"297.85"}
{"volume":"375.0","ticker":"AAPL","high":"297.88","amount":"297.8831","period":"PT1M","low":"297.88","multiplier":"1","beginTime":"1640549862","endTime":"2020-01-08T05:45-05:00[America/New_York]","close":"297.88","open":"297.88"}
{"volume":"100.0","ticker":"AAPL","high":"297.8","amount":"297.8","period":"PT1M","low":"297.8","multiplier":"1","beginTime":"1640549862","endTime":"2020-01-08T05:53-05:00[America/New_York]","close":"297.8","open":"297.8"}
{"volume":"268.0","ticker":"AAPL","high":"298.0","amount":"297.997","period":"PT1M","low":"298.0","multiplier":"1","beginTime":"1640549862","endTime":"2020-01-08T05:55-05:00[America/New_York]","close":"298.0","open":"298.0"}
{"volume":"1521.0","ticker":"AAPL","high":"298.25","amount":"298.2494","period":"PT1M","low":"298.25","multiplier":"1","beginTime":"1640549862","endTime":"2020-01-08T06:01-05:00[America/New_York]","close":"298.25","open":"298.25"}
{"volume":"325.0","ticker":"AAPL","high":"298.25","amount":"298.2525","period":"PT1M","low":"298.25","multiplier":"1","beginTime":"1640549862","endTime":"2020-01-08T06:03-05:00[America/New_York]","close":"298.25","open":"298.25"}
{"volume":"180.0","ticker":"AAPL","high":"298.13","amount":"298.1513","period":"PT1M","low":"298.13","multiplier":"1","beginTime":"1640549862","endTime":"2020-01-08T06:04-05:00[America/New_York]","close":"298.13","open":"298.13"}
{"volume":"2650.0","ticker":"AAPL","high":"298.13","amount":"298.0324","period":"PT1M","low":"298.0","multiplier":"1","beginTime":"1640549862","endTime":"2020-01-08T06:05-05:00[America/New_York]","close":"298.0","open":"298.13"}
{"volume":"102.0","ticker":"AAPL","high":"298.0","amount":"298.0","period":"PT1M","low":"298.0","multiplier":"1","beginTime":"1640549862","endTime":"2020-01-08T06:06-05:00[America/New_York]","close":"298.0","open":"298.0"}
{"volume":"816.0","ticker":"AAPL","high":"298.0","amount":"297.9911","period":"PT1M","low":"298.0","multiplier":"1","beginTime":"1640549862","endTime":"2020-01-08T06:07-05:00[America/New_York]","close":"298.0","open":"298.0"}
{"volume":"120.0","ticker":"AAPL","high":"298.0","amount":"298.0083","period":"PT1M","low":"298.0","multiplier":"1","beginTime":"1640549862","endTime":"2020-01-08T06:20-05:00[America/New_York]","close":"298.0","open":"298.0"}
{"volume":"200.0","ticker":"AAPL","high":"298.15","amount":"298.125","period":"PT1M","low":"298.1","multiplier":"1","beginTime":"1640549862","endTime":"2020-01-08T06:21-05:00[America/New_York]","close":"298.15","open":"298.1"}
{"volume":"2520.0","ticker":"AAPL","high":"298.41","amount":"298.2775","period":"PT1M","low":"298.19","multiplier":"1","beginTime":"1640549862","endTime":"2020-01-08T06:22-05:00[America/New_York]","close":"298.41","open":"298.19"}
{"volume":"150.0","ticker":"AAPL","high":"298.41","amount":"298.4064","period":"PT1M","low":"298.41","multiplier":"1","beginTime":"1640549862","endTime":"2020-01-08T06:23-05:00[America/New_York]","close":"298.41","open":"298.41"}
{"volume":"1180.0","ticker":"AAPL","high":"298.53","amount":"298.4576","period":"PT1M","low":"298.41","multiplier":"1","beginTime":"1640549862","endTime":"2020-01-08T06:28-05:00[America/New_York]","close":"298.53","open":"298.41"}
{"volume":"193.0","ticker":"AAPL","high":"298.65","amount":"298.667","period":"PT1M","low":"298.65","multiplier":"1","beginTime":"1640549862","endTime":"2020-01-08T06:30-05:00[America/New_York]","close":"298.65","open":"298.65"}
{"volume":"1200.0","ticker":"AAPL","high":"298.75","amount":"298.7224","period":"PT1M","low":"298.63","multiplier":"1","beginTime":"1640549862","endTime":"2020-01-08T06:31-05:00[America/New_York]","close":"298.75","open":"298.63"}
{"volume":"2300.0","ticker":"AAPL","high":"298.54","amount":"298.444","period":"PT1M","low":"298.3","multiplier":"1","beginTime":"1640549862","endTime":"2020-01-08T06:34-05:00[America/New_York]","close":"298.5","open":"298.54"}
{"volume":"115.0","ticker":"AAPL","high":"298.63","amount":"298.6235","period":"PT1M","low":"298.63","multiplier":"1","beginTime":"1640549862","endTime":"2020-01-08T06:35-05:00[America/New_York]","close":"298.63","open":"298.63"}
{"volume":"250.0","ticker":"AAPL","high":"298.53","amount":"298.524","period":"PT1M","low":"298.52","multiplier":"1","beginTime":"1640549862","endTime":"2020-01-08T06:36-05:00[America/New_York]","close":"298.53","open":"298.52"}
{"volume":"1036.0","ticker":"AAPL","high":"298.57","amount":"298.5611","period":"PT1M","low":"298.53","multiplier":"1","beginTime":"1640549862","endTime":"2020-01-08T06:38-05:00[America/New_York]","close":"298.53","open":"298.57"}
{"volume":"308.0","ticker":"AAPL","high":"298.43","amount":"298.4294","period":"PT1M","low":"298.43","multiplier":"1","beginTime":"1640549862","endTime":"2020-01-08T06:39-05:00[America/New_York]","close":"298.43","open":"298.43"}
{"volume":"814.0","ticker":"AAPL","high":"298.49","amount":"298.4564","period":"PT1M","low":"298.44","multiplier":"1","beginTime":"1640549862","endTime":"2020-01-08T06:41-05:00[America/New_York]","close":"298.44","open":"298.44"}
{"volume":"2000.0","ticker":"AAPL","high":"298.45","amount":"298.4495","period":"PT1M","low":"298.44","multiplier":"1","beginTime":"1640549862","endTime":"2020-01-08T06:47-05:00[America/New_York]","close":"298.45","open":"298.44"}
{"volume":"1029.0","ticker":"AAPL","high":"298.45","amount":"298.4405","period":"PT1M","low":"298.44","multiplier":"1","beginTime":"1640549862","endTime":"2020-01-08T06:48-05:00[America/New_York]","close":"298.45","open":"298.44"}
{"volume":"250.0","ticker":"AAPL","high":"298.45","amount":"298.4318","period":"PT1M","low":"298.45","multiplier":"1","beginTime":"1640549862","endTime":"2020-01-08T06:50-05:00[America/New_York]","close":"298.45","open":"298.45"}
{"volume":"280.0","ticker":"AAPL","high":"298.42","amount":"298.4164","period":"PT1M","low":"298.42","multiplier":"1","beginTime":"1640549862","endTime":"2020-01-08T06:52-05:00[America/New_York]","close":"298.42","open":"298.42"}
{"volume":"4326.0","ticker":"AAPL","high":"298.5","amount":"298.4515","period":"PT1M","low":"298.39","multiplier":"1","beginTime":"1640549862","endTime":"2020-01-08T06:55-05:00[America/New_York]","close":"298.49","open":"298.39"}
{"volume":"500.0","ticker":"AAPL","high":"298.27","amount":"298.2648","period":"PT1M","low":"298.27","multiplier":"1","beginTime":"1640549862","endTime":"2020-01-08T06:56-05:00[America/New_York]","close":"298.27","open":"298.27"}
{"volume":"1092.0","ticker":"AAPL","high":"298.37","amount":"298.364","period":"PT1M","low":"298.34","multiplier":"1","beginTime":"1640549862","endTime":"2020-01-08T06:58-05:00[America/New_York]","close":"298.37","open":"298.34"}
{"volume":"15537.0","ticker":"AAPL","high":"298.36","amount":"298.0241","period":"PT1M","low":"297.76","multiplier":"1","beginTime":"1640549862","endTime":"2020-01-08T07:00-05:00[America/New_York]","close":"297.81","open":"298.16"}
{"volume":"5272.0","ticker":"AAPL","high":"297.75","amount":"297.6928","period":"PT1M","low":"297.6","multiplier":"1","beginTime":"1640549862","endTime":"2020-01-08T07:01-05:00[America/New_York]","close":"297.7","open":"297.75"}
{"volume":"1923.0","ticker":"AAPL","high":"297.75","amount":"297.709","period":"PT1M","low":"297.65","multiplier":"1","beginTime":"1640549862","endTime":"2020-01-08T07:02-05:00[America/New_York]","close":"297.65","open":"297.7"}
{"volume":"967.0","ticker":"AAPL","high":"297.85","amount":"297.8163","period":"PT1M","low":"297.79","multiplier":"1","beginTime":"1640549862","endTime":"2020-01-08T07:03-05:00[America/New_York]","close":"297.8","open":"297.79"}
{"volume":"2352.0","ticker":"AAPL","high":"297.99","amount":"297.8786","period":"PT1M","low":"297.8","multiplier":"1","beginTime":"1640549862","endTime":"2020-01-08T07:04-05:00[America/New_York]","close":"297.99","open":"297.9"}
{"volume":"4222.0","ticker":"AAPL","high":"298.0","amount":"297.9348","period":"PT1M","low":"297.8","multiplier":"1","beginTime":"1640549862","endTime":"2020-01-08T07:05-05:00[America/New_York]","close":"298.0","open":"297.8"}
{"volume":"4431.0","ticker":"AAPL","high":"298.2","amount":"298.0191","period":"PT1M","low":"297.82","multiplier":"1","beginTime":"1640549862","endTime":"2020-01-08T07:06-05:00[America/New_York]","close":"298.06","open":"298.0"}
{"volume":"4084.0","ticker":"AAPL","high":"298.06","amount":"298.0144","period":"PT1M","low":"298.0","multiplier":"1","beginTime":"1640549862","endTime":"2020-01-08T07:07-05:00[America/New_York]","close":"298.0","open":"298.06"}
{"volume":"535.0","ticker":"AAPL","high":"298.0","amount":"298.0002","period":"PT1M","low":"298.0","multiplier":"1","beginTime":"1640549862","endTime":"2020-01-08T07:08-05:00[America/New_York]","close":"298.0","open":"298.0"}
{"volume":"1520.0","ticker":"AAPL","high":"297.99","amount":"297.9701","period":"PT1M","low":"297.91","multiplier":"1","beginTime":"1640549862","endTime":"2020-01-08T07:09-05:00[America/New_York]","close":"297.93","open":"297.99"}
{"volume":"2320.0","ticker":"AAPL","high":"298.05","amount":"297.9997","period":"PT1M","low":"297.92","multiplier":"1","beginTime":"1640549862","endTime":"2020-01-08T07:10-05:00[America/New_York]","close":"298.05","open":"297.92"}
{"volume":"1018.0","ticker":"AAPL","high":"298.05","amount":"298.0501","period":"PT1M","low":"298.05","multiplier":"1","beginTime":"1640549862","endTime":"2020-01-08T07:11-05:00[America/New_York]","close":"298.05","open":"298.05"}
{"volume":"498.0","ticker":"AAPL","high":"298.01","amount":"297.9831","period":"PT1M","low":"298.0","multiplier":"1","beginTime":"1640549862","endTime":"2020-01-08T07:12-05:00[America/New_York]","close":"298.0","open":"298.01"}
{"volume":"1150.0","ticker":"AAPL","high":"297.93","amount":"297.9095","period":"PT1M","low":"297.9","multiplier":"1","beginTime":"1640549862","endTime":"2020-01-08T07:13-05:00[America/New_York]","close":"297.9","open":"297.93"}
{"volume":"2650.0","ticker":"AAPL","high":"298.0","amount":"297.9165","period":"PT1M","low":"297.9","multiplier":"1","beginTime":"1640549862","endTime":"2020-01-08T07:14-05:00[America/New_York]","close":"298.0","open":"297.9"}
{"volume":"505.0","ticker":"AAPL","high":"297.99","amount":"297.958","period":"PT1M","low":"297.95","multiplier":"1","beginTime":"1640549862","endTime":"2020-01-08T07:15-05:00[America/New_York]","close":"297.95","open":"297.99"}
{"volume":"1641.0","ticker":"AAPL","high":"297.91","amount":"297.8528","period":"PT1M","low":"297.8","multiplier":"1","beginTime":"1640549862","endTime":"2020-01-08T07:16-05:00[America/New_York]","close":"297.8","open":"297.91"}
{"volume":"501.0","ticker":"AAPL","high":"297.83","amount":"297.81","period":"PT1M","low":"297.8","multiplier":"1","beginTime":"1640549862","endTime":"2020-01-08T07:17-05:00[America/New_York]","close":"297.83","open":"297.8"}
{"volume":"2095.0","ticker":"AAPL","high":"297.9","amount":"297.8972","period":"PT1M","low":"297.88","multiplier":"1","beginTime":"1640549862","endTime":"2020-01-08T07:18-05:00[America/New_York]","close":"297.9","open":"297.88"}
{"volume":"250.0","ticker":"AAPL","high":"297.9","amount":"297.9","period":"PT1M","low":"297.9","multiplier":"1","beginTime":"1640549862","endTime":"2020-01-08T07:19-05:00[America/New_York]","close":"297.9","open":"297.9"}
{"volume":"2548.0","ticker":"AAPL","high":"297.95","amount":"297.8815","period":"PT1M","low":"297.82","multiplier":"1","beginTime":"1640549862","endTime":"2020-01-08T07:20-05:00[America/New_York]","close":"297.95","open":"297.85"}
{"volume":"1408.0","ticker":"AAPL","high":"298.18","amount":"298.0846","period":"PT1M","low":"297.95","multiplier":"1","beginTime":"1640549862","endTime":"2020-01-08T07:21-05:00[America/New_York]","close":"298.18","open":"297.95"}
{"volume":"826.0","ticker":"AAPL","high":"298.18","amount":"298.1283","period":"PT1M","low":"298.0","multiplier":"1","beginTime":"1640549862","endTime":"2020-01-08T07:22-05:00[America/New_York]","close":"298.0","open":"298.16"}
{"volume":"100.0","ticker":"AAPL","high":"298.03","amount":"298.03","period":"PT1M","low":"298.03","multiplier":"1","beginTime":"1640549862","endTime":"2020-01-08T07:23-05:00[America/New_York]","close":"298.03","open":"298.03"}
{"volume":"2882.0","ticker":"AAPL","high":"298.03","amount":"297.9866","period":"PT1M","low":"297.85","multiplier":"1","beginTime":"1640549862","endTime":"2020-01-08T07:24-05:00[America/New_York]","close":"297.85","open":"298.03"}
{"volume":"561.0","ticker":"AAPL","high":"298.1","amount":"298.0126","period":"PT1M","low":"298.05","multiplier":"1","beginTime":"1640549862","endTime":"2020-01-08T07:25-05:00[America/New_York]","close":"298.05","open":"298.1"}
{"volume":"8160.0","ticker":"AAPL","high":"298.05","amount":"298.0414","period":"PT1M","low":"297.99","multiplier":"1","beginTime":"1640549862","endTime":"2020-01-08T07:29-05:00[America/New_York]","close":"298.05","open":"298.0"}
{"volume":"1007.0","ticker":"AAPL","high":"298.0","amount":"297.9583","period":"PT1M","low":"297.94","multiplier":"1","beginTime":"1640549862","endTime":"2020-01-08T07:32-05:00[America/New_York]","close":"298.0","open":"297.94"}
{"volume":"1585.0","ticker":"AAPL","high":"298.18","amount":"298.0827","period":"PT1M","low":"297.99","multiplier":"1","beginTime":"1640549862","endTime":"2020-01-08T07:34-05:00[America/New_York]","close":"298.18","open":"298.0"}
{"volume":"1794.0","ticker":"AAPL","high":"298.05","amount":"298.0505","period":"PT1M","low":"298.05","multiplier":"1","beginTime":"1640549862","endTime":"2020-01-08T07:35-05:00[America/New_York]","close":"298.05","open":"298.05"}
{"volume":"1055.0","ticker":"AAPL","high":"298.02","amount":"298.0093","period":"PT1M","low":"298.0","multiplier":"1","beginTime":"1640549862","endTime":"2020-01-08T07:37-05:00[America/New_York]","close":"298.01","open":"298.01"}
{"volume":"300.0","ticker":"AAPL","high":"298.01","amount":"298.0057","period":"PT1M","low":"298.0","multiplier":"1","beginTime":"1640549862","endTime":"2020-01-08T07:38-05:00[America/New_York]","close":"298.0","open":"298.01"}
{"volume":"1530.0","ticker":"AAPL","high":"298.1","amount":"298.088","period":"PT1M","low":"298.04","multiplier":"1","beginTime":"1640549862","endTime":"2020-01-08T07:39-05:00[America/New_York]","close":"298.1","open":"298.05"}
{"volume":"2910.0","ticker":"AAPL","high":"298.18","amount":"298.1623","period":"PT1M","low":"298.17","multiplier":"1","beginTime":"1640549862","endTime":"2020-01-08T07:40-05:00[America/New_York]","close":"298.18","open":"298.17"}
{"volume":"1219.0","ticker":"AAPL","high":"298.25","amount":"298.2045","period":"PT1M","low":"298.2","multiplier":"1","beginTime":"1640549862","endTime":"2020-01-08T07:41-05:00[America/New_York]","close":"298.25","open":"298.2"}
{"volume":"3369.0","ticker":"AAPL","high":"298.37","amount":"298.2992","period":"PT1M","low":"298.25","multiplier":"1","beginTime":"1640549862","endTime":"2020-01-08T07:42-05:00[America/New_York]","close":"298.3","open":"298.3"}
{"volume":"610.0","ticker":"AAPL","high":"298.34","amount":"298.3155","period":"PT1M","low":"298.29","multiplier":"1","beginTime":"1640549862","endTime":"2020-01-08T07:43-05:00[America/New_York]","close":"298.32","open":"298.29"}
{"volume":"941.0","ticker":"AAPL","high":"298.35","amount":"298.3481","period":"PT1M","low":"298.34","multiplier":"1","beginTime":"1640549862","endTime":"2020-01-08T07:44-05:00[America/New_York]","close":"298.35","open":"298.34"}
{"volume":"2428.0","ticker":"AAPL","high":"298.4","amount":"298.3743","period":"PT1M","low":"298.32","multiplier":"1","beginTime":"1640549862","endTime":"2020-01-08T07:45-05:00[America/New_York]","close":"298.35","open":"298.39"}
{"volume":"2208.0","ticker":"AAPL","high":"298.35","amount":"298.327","period":"PT1M","low":"298.3","multiplier":"1","beginTime":"1640549862","endTime":"2020-01-08T07:46-05:00[America/New_York]","close":"298.3","open":"298.35"}
{"volume":"3350.0","ticker":"AAPL","high":"298.3","amount":"298.3009","period":"PT1M","low":"298.3","multiplier":"1","beginTime":"1640549862","endTime":"2020-01-08T07:48-05:00[America/New_York]","close":"298.3","open":"298.3"}
{"volume":"376.0","ticker":"AAPL","high":"298.36","amount":"298.3527","period":"PT1M","low":"298.35","multiplier":"1","beginTime":"1640549862","endTime":"2020-01-08T07:49-05:00[America/New_York]","close":"298.36","open":"298.35"}
{"volume":"234.0","ticker":"AAPL","high":"298.35","amount":"298.3515","period":"PT1M","low":"298.35","multiplier":"1","beginTime":"1640549862","endTime":"2020-01-08T07:50-05:00[America/New_York]","close":"298.35","open":"298.35"}
{"volume":"594.0","ticker":"AAPL","high":"298.35","amount":"298.3415","period":"PT1M","low":"298.34","multiplier":"1","beginTime":"1640549862","endTime":"2020-01-08T07:51-05:00[America/New_York]","close":"298.35","open":"298.34"}
{"volume":"244.0","ticker":"AAPL","high":"298.3","amount":"298.3285","period":"PT1M","low":"298.3","multiplier":"1","beginTime":"1640549862","endTime":"2020-01-08T07:52-05:00[America/New_York]","close":"298.3","open":"298.3"}
{"volume":"865.0","ticker":"AAPL","high":"298.38","amount":"298.3628","period":"PT1M","low":"298.3","multiplier":"1","beginTime":"1640549862","endTime":"2020-01-08T07:53-05:00[America/New_York]","close":"298.38","open":"298.3"}
{"volume":"3198.0","ticker":"AAPL","high":"298.46","amount":"298.4138","period":"PT1M","low":"298.38","multiplier":"1","beginTime":"1640549862","endTime":"2020-01-08T07:54-05:00[America/New_York]","close":"298.46","open":"298.38"}
{"volume":"9320.0","ticker":"AAPL","high":"298.51","amount":"298.4958","period":"PT1M","low":"298.48","multiplier":"1","beginTime":"1640549862","endTime":"2020-01-08T07:55-05:00[America/New_York]","close":"298.51","open":"298.48"}
{"volume":"844.0","ticker":"AAPL","high":"298.54","amount":"298.5205","period":"PT1M","low":"298.51","multiplier":"1","beginTime":"1640549862","endTime":"2020-01-08T07:56-05:00[America/New_York]","close":"298.54","open":"298.51"}
{"volume":"2281.0","ticker":"AAPL","high":"298.54","amount":"298.4422","period":"PT1M","low":"298.44","multiplier":"1","beginTime":"1640549862","endTime":"2020-01-08T07:57-05:00[America/New_York]","close":"298.44","open":"298.54"}
{"volume":"566.0","ticker":"AAPL","high":"298.39","amount":"298.3905","period":"PT1M","low":"298.35","multiplier":"1","beginTime":"1640549862","endTime":"2020-01-08T07:58-05:00[America/New_York]","close":"298.35","open":"298.39"}
{"volume":"791.0","ticker":"AAPL","high":"298.47","amount":"298.3997","period":"PT1M","low":"298.39","multiplier":"1","beginTime":"1640549862","endTime":"2020-01-08T07:59-05:00[America/New_York]","close":"298.47","open":"298.39"}
{"volume":"492884.0","ticker":"AAPL","high":"298.55","amount":"298.3437","period":"PT1M","low":"297.55","multiplier":"1","beginTime":"1640549862","endTime":"2020-01-08T08:00-05:00[America/New_York]","close":"298.45","open":"297.7"}
{"volume":"2736.0","ticker":"AAPL","high":"298.55","amount":"298.4307","period":"PT1M","low":"298.35","multiplier":"1","beginTime":"1640549862","endTime":"2020-01-08T08:01-05:00[America/New_York]","close":"298.35","open":"298.41"}
{"volume":"5130.0","ticker":"AAPL","high":"299.13","amount":"298.5099","period":"PT1M","low":"298.25","multiplier":"1","beginTime":"1640549862","endTime":"2020-01-08T08:02-05:00[America/New_York]","close":"299.13","open":"298.45"}
{"volume":"1320.0","ticker":"AAPL","high":"298.4001","amount":"298.3977","period":"PT1M","low":"298.34","multiplier":"1","beginTime":"1640549862","endTime":"2020-01-08T08:03-05:00[America/New_York]","close":"298.4001","open":"298.35"}
{"volume":"2237.0","ticker":"AAPL","high":"298.35","amount":"298.3471","period":"PT1M","low":"298.31","multiplier":"1","beginTime":"1640549862","endTime":"2020-01-08T08:04-05:00[America/New_York]","close":"298.32","open":"298.35"}
{"volume":"607.0","ticker":"AAPL","high":"298.48","amount":"298.4372","period":"PT1M","low":"298.45","multiplier":"1","beginTime":"1640549862","endTime":"2020-01-08T08:06-05:00[America/New_York]","close":"298.48","open":"298.45"}
{"volume":"1596.0","ticker":"AAPL","high":"298.4885","amount":"298.429","period":"PT1M","low":"298.38","multiplier":"1","beginTime":"1640549862","endTime":"2020-01-08T08:07-05:00[America/New_York]","close":"298.4885","open":"298.38"}
{"volume":"1701.0","ticker":"AAPL","high":"298.5","amount":"298.4006","period":"PT1M","low":"298.32","multiplier":"1","beginTime":"1640549862","endTime":"2020-01-08T08:08-05:00[America/New_York]","close":"298.32","open":"298.5"}
{"volume":"1375.0","ticker":"AAPL","high":"298.43","amount":"298.3757","period":"PT1M","low":"298.3","multiplier":"1","beginTime":"1640549862","endTime":"2020-01-08T08:09-05:00[America/New_York]","close":"298.3","open":"298.41"}
{"volume":"1457.0","ticker":"AAPL","high":"298.4199","amount":"298.3764","period":"PT1M","low":"298.3","multiplier":"1","beginTime":"1640549862","endTime":"2020-01-08T08:10-05:00[America/New_York]","close":"298.41","open":"298.3"}
{"volume":"2247.0","ticker":"AAPL","high":"298.5","amount":"298.4638","period":"PT1M","low":"298.41","multiplier":"1","beginTime":"1640549862","endTime":"2020-01-08T08:11-05:00[America/New_York]","close":"298.49","open":"298.41"}
{"volume":"3620.0","ticker":"AAPL","high":"298.64","amount":"298.5688","period":"PT1M","low":"298.5","multiplier":"1","beginTime":"1640549862","endTime":"2020-01-08T08:12-05:00[America/New_York]","close":"298.64","open":"298.57"}
{"volume":"3331.0","ticker":"AAPL","high":"298.6","amount":"298.5436","period":"PT1M","low":"298.5","multiplier":"1","beginTime":"1640549862","endTime":"2020-01-08T08:13-05:00[America/New_York]","close":"298.5","open":"298.52"}
{"volume":"602.0","ticker":"AAPL","high":"298.5","amount":"298.4769","period":"PT1M","low":"298.45","multiplier":"1","beginTime":"1640549862","endTime":"2020-01-08T08:14-05:00[America/New_York]","close":"298.5","open":"298.45"}
{"volume":"6593.0","ticker":"AAPL","high":"298.9","amount":"298.7291","period":"PT1M","low":"298.57","multiplier":"1","beginTime":"1640549862","endTime":"2020-01-08T08:15-05:00[America/New_York]","close":"298.84","open":"298.57"}
{"volume":"1952.0","ticker":"AAPL","high":"298.84","amount":"298.6908","period":"PT1M","low":"298.68","multiplier":"1","beginTime":"1640549862","endTime":"2020-01-08T08:16-05:00[America/New_York]","close":"298.84","open":"298.71"}
{"volume":"5831.0","ticker":"AAPL","high":"298.87","amount":"298.8159","period":"PT1M","low":"298.7","multiplier":"1","beginTime":"1640549862","endTime":"2020-01-08T08:17-05:00[America/New_York]","close":"298.84","open":"298.7"}
{"volume":"3160.0","ticker":"AAPL","high":"298.94","amount":"298.8044","period":"PT1M","low":"298.73","multiplier":"1","beginTime":"1640549862","endTime":"2020-01-08T08:18-05:00[America/New_York]","close":"298.74","open":"298.7439"}
{"volume":"5355.0","ticker":"AAPL","high":"299.0","amount":"298.9429","period":"PT1M","low":"298.81","multiplier":"1","beginTime":"1640549862","endTime":"2020-01-08T08:19-05:00[America/New_York]","close":"298.81","open":"298.9"}
{"volume":"1807.0","ticker":"AAPL","high":"298.9899","amount":"298.8935","period":"PT1M","low":"298.8301","multiplier":"1","beginTime":"1640549862","endTime":"2020-01-08T08:20-05:00[America/New_York]","close":"298.8301","open":"298.91"}
{"volume":"2659.0","ticker":"AAPL","high":"298.99","amount":"298.9854","period":"PT1M","low":"298.92","multiplier":"1","beginTime":"1640549862","endTime":"2020-01-08T08:21-05:00[America/New_York]","close":"298.99","open":"298.92"}
{"volume":"7129.0","ticker":"AAPL","high":"298.99","amount":"298.8901","period":"PT1M","low":"298.85","multiplier":"1","beginTime":"1640549862","endTime":"2020-01-08T08:22-05:00[America/New_York]","close":"298.88","open":"298.94"}
{"volume":"3807.0","ticker":"AAPL","high":"298.98","amount":"298.8659","period":"PT1M","low":"298.77","multiplier":"1","beginTime":"1640549862","endTime":"2020-01-08T08:23-05:00[America/New_York]","close":"298.8","open":"298.8"}
{"volume":"5541.0","ticker":"AAPL","high":"298.77","amount":"298.7299","period":"PT1M","low":"298.68","multiplier":"1","beginTime":"1640549862","endTime":"2020-01-08T08:24-05:00[America/New_York]","close":"298.69","open":"298.7699"}
{"volume":"3982.0","ticker":"AAPL","high":"298.7499","amount":"298.6617","period":"PT1M","low":"298.61","multiplier":"1","beginTime":"1640549862","endTime":"2020-01-08T08:25-05:00[America/New_York]","close":"298.7","open":"298.69"}
{"volume":"1320.0","ticker":"AAPL","high":"298.75","amount":"298.6883","period":"PT1M","low":"298.66","multiplier":"1","beginTime":"1640549862","endTime":"2020-01-08T08:26-05:00[America/New_York]","close":"298.66","open":"298.75"}
{"volume":"2316.0","ticker":"AAPL","high":"298.74","amount":"298.7041","period":"PT1M","low":"298.66","multiplier":"1","beginTime":"1640549862","endTime":"2020-01-08T08:27-05:00[America/New_York]","close":"298.66","open":"298.74"}
{"volume":"2052.0","ticker":"AAPL","high":"298.68","amount":"298.6789","period":"PT1M","low":"298.66","multiplier":"1","beginTime":"1640549862","endTime":"2020-01-08T08:28-05:00[America/New_York]","close":"298.68","open":"298.68"}
{"volume":"2329.0","ticker":"AAPL","high":"298.68","amount":"298.6735","period":"PT1M","low":"298.66","multiplier":"1","beginTime":"1640549862","endTime":"2020-01-08T08:29-05:00[America/New_York]","close":"298.68","open":"298.68"}
{"volume":"459.0","ticker":"AAPL","high":"298.79","amount":"298.7812","period":"PT1M","low":"298.79","multiplier":"1","beginTime":"1640549862","endTime":"2020-01-08T08:30-05:00[America/New_York]","close":"298.79","open":"298.79"}
{"volume":"2597.0","ticker":"AAPL","high":"298.8","amount":"298.7221","period":"PT1M","low":"298.6714","multiplier":"1","beginTime":"1640549862","endTime":"2020-01-08T08:31-05:00[America/New_York]","close":"298.8","open":"298.73"}
{"volume":"694.0","ticker":"AAPL","high":"298.8","amount":"298.7903","period":"PT1M","low":"298.74","multiplier":"1","beginTime":"1640549862","endTime":"2020-01-08T08:32-05:00[America/New_York]","close":"298.8","open":"298.74"}
{"volume":"1347.0","ticker":"AAPL","high":"298.8001","amount":"298.8","period":"PT1M","low":"298.7999","multiplier":"1","beginTime":"1640549862","endTime":"2020-01-08T08:33-05:00[America/New_York]","close":"298.7999","open":"298.8001"}
{"volume":"1093.0","ticker":"AAPL","high":"298.8","amount":"298.7551","period":"PT1M","low":"298.75","multiplier":"1","beginTime":"1640549862","endTime":"2020-01-08T08:34-05:00[America/New_York]","close":"298.75","open":"298.8"}
{"volume":"777.0","ticker":"AAPL","high":"298.75","amount":"298.7312","period":"PT1M","low":"298.72","multiplier":"1","beginTime":"1640549862","endTime":"2020-01-08T08:35-05:00[America/New_York]","close":"298.75","open":"298.72"}
{"volume":"3417.0","ticker":"AAPL","high":"298.79","amount":"298.73","period":"PT1M","low":"298.66","multiplier":"1","beginTime":"1640549862","endTime":"2020-01-08T08:36-05:00[America/New_York]","close":"298.66","open":"298.75"}
{"volume":"2083.0","ticker":"AAPL","high":"298.7","amount":"298.6434","period":"PT1M","low":"298.6","multiplier":"1","beginTime":"1640549862","endTime":"2020-01-08T08:37-05:00[America/New_York]","close":"298.63","open":"298.66"}
{"volume":"1952.0","ticker":"AAPL","high":"298.6","amount":"298.5974","period":"PT1M","low":"298.6","multiplier":"1","beginTime":"1640549862","endTime":"2020-01-08T08:38-05:00[America/New_York]","close":"298.6","open":"298.6"}
{"volume":"1282.0","ticker":"AAPL","high":"298.6","amount":"298.5957","period":"PT1M","low":"298.59","multiplier":"1","beginTime":"1640549862","endTime":"2020-01-08T08:39-05:00[America/New_York]","close":"298.6","open":"298.5902"}
{"volume":"3448.0","ticker":"AAPL","high":"298.57","amount":"298.5228","period":"PT1M","low":"298.4898","multiplier":"1","beginTime":"1640549862","endTime":"2020-01-08T08:40-05:00[America/New_York]","close":"298.49","open":"298.57"}
{"volume":"3275.0","ticker":"AAPL","high":"298.49","amount":"298.4402","period":"PT1M","low":"298.42","multiplier":"1","beginTime":"1640549862","endTime":"2020-01-08T08:41-05:00[America/New_York]","close":"298.42","open":"298.45"}
{"volume":"1847.0","ticker":"AAPL","high":"298.42","amount":"298.3895","period":"PT1M","low":"298.3508","multiplier":"1","beginTime":"1640549862","endTime":"2020-01-08T08:42-05:00[America/New_York]","close":"298.4099","open":"298.42"}
{"volume":"2326.0","ticker":"AAPL","high":"298.41","amount":"298.3319","period":"PT1M","low":"298.2743","multiplier":"1","beginTime":"1640549862","endTime":"2020-01-08T08:43-05:00[America/New_York]","close":"298.41","open":"298.31"}
{"volume":"1836.0","ticker":"AAPL","high":"298.41","amount":"298.3034","period":"PT1M","low":"298.25","multiplier":"1","beginTime":"1640549862","endTime":"2020-01-08T08:45-05:00[America/New_York]","close":"298.25","open":"298.41"}
{"volume":"1277.0","ticker":"AAPL","high":"298.34","amount":"298.3191","period":"PT1M","low":"298.3","multiplier":"1","beginTime":"1640549862","endTime":"2020-01-08T08:46-05:00[America/New_York]","close":"298.34","open":"298.3"}
{"volume":"3053.0","ticker":"AAPL","high":"298.35","amount":"298.2467","period":"PT1M","low":"298.12","multiplier":"1","beginTime":"1640549862","endTime":"2020-01-08T08:47-05:00[America/New_York]","close":"298.12","open":"298.34"}
{"volume":"10293.0","ticker":"AAPL","high":"298.12","amount":"298.0345","period":"PT1M","low":"297.91","multiplier":"1","beginTime":"1640549862","endTime":"2020-01-08T08:48-05:00[America/New_York]","close":"297.99","open":"298.12"}
{"volume":"3392.0","ticker":"AAPL","high":"298.11","amount":"297.993","period":"PT1M","low":"297.9209","multiplier":"1","beginTime":"1640549862","endTime":"2020-01-08T08:49-05:00[America/New_York]","close":"298.0001","open":"297.9209"}
{"volume":"1983.0","ticker":"AAPL","high":"298.14","amount":"298.1","period":"PT1M","low":"298.1","multiplier":"1","beginTime":"1640549862","endTime":"2020-01-08T08:50-05:00[America/New_York]","close":"298.1001","open":"298.14"}
{"volume":"5879.0","ticker":"AAPL","high":"298.1","amount":"298.0086","period":"PT1M","low":"297.94","multiplier":"1","beginTime":"1640549862","endTime":"2020-01-08T08:51-05:00[America/New_York]","close":"297.94","open":"298.1"}
{"volume":"1049.0","ticker":"AAPL","high":"297.88","amount":"297.8783","period":"PT1M","low":"297.86","multiplier":"1","beginTime":"1640549862","endTime":"2020-01-08T08:52-05:00[America/New_York]","close":"297.86","open":"297.88"}
{"volume":"5917.0","ticker":"AAPL","high":"297.86","amount":"297.8651","period":"PT1M","low":"297.86","multiplier":"1","beginTime":"1640549862","endTime":"2020-01-08T08:53-05:00[America/New_York]","close":"297.86","open":"297.86"}
{"volume":"4528.0","ticker":"AAPL","high":"297.84","amount":"297.7855","period":"PT1M","low":"297.75","multiplier":"1","beginTime":"1640549862","endTime":"2020-01-08T08:54-05:00[America/New_York]","close":"297.8","open":"297.81"}
{"volume":"3610.0","ticker":"AAPL","high":"298.0","amount":"297.9206","period":"PT1M","low":"297.77","multiplier":"1","beginTime":"1640549862","endTime":"2020-01-08T08:55-05:00[America/New_York]","close":"297.85","open":"297.77"}
{"volume":"1138.0","ticker":"AAPL","high":"298.13","amount":"298.0723","period":"PT1M","low":"298.0","multiplier":"1","beginTime":"1640549862","endTime":"2020-01-08T08:56-05:00[America/New_York]","close":"298.1236","open":"298.0"}
{"volume":"438.0","ticker":"AAPL","high":"298.13","amount":"298.1279","period":"PT1M","low":"298.1275","multiplier":"1","beginTime":"1640549862","endTime":"2020-01-08T08:57-05:00[America/New_York]","close":"298.13","open":"298.1275"}
{"volume":"626.0","ticker":"AAPL","high":"298.18","amount":"298.1711","period":"PT1M","low":"298.18","multiplier":"1","beginTime":"1640549862","endTime":"2020-01-08T08:58-05:00[America/New_York]","close":"298.18","open":"298.18"}
{"volume":"1389.0","ticker":"AAPL","high":"298.1","amount":"298.0532","period":"PT1M","low":"298.0","multiplier":"1","beginTime":"1640549862","endTime":"2020-01-08T08:59-05:00[America/New_York]","close":"298.1","open":"298.0153"}
{"volume":"3530.0","ticker":"AAPL","high":"298.25","amount":"298.1744","period":"PT1M","low":"298.1","multiplier":"1","beginTime":"1640549862","endTime":"2020-01-08T09:00-05:00[America/New_York]","close":"298.25","open":"298.179"}
{"volume":"543.0","ticker":"AAPL","high":"298.1501","amount":"298.1941","period":"PT1M","low":"298.1501","multiplier":"1","beginTime":"1640549862","endTime":"2020-01-08T09:01-05:00[America/New_York]","close":"298.1501","open":"298.1501"}
{"volume":"3115.0","ticker":"AAPL","high":"298.3","amount":"298.2203","period":"PT1M","low":"298.1201","multiplier":"1","beginTime":"1640549862","endTime":"2020-01-08T09:02-05:00[America/New_York]","close":"298.28","open":"298.3"}
{"volume":"1147.0","ticker":"AAPL","high":"298.3","amount":"298.1753","period":"PT1M","low":"298.12","multiplier":"1","beginTime":"1640549862","endTime":"2020-01-08T09:03-05:00[America/New_York]","close":"298.13","open":"298.3"}
{"volume":"1741.0","ticker":"AAPL","high":"298.15","amount":"298.1382","period":"PT1M","low":"298.1001","multiplier":"1","beginTime":"1640549862","endTime":"2020-01-08T09:04-05:00[America/New_York]","close":"298.15","open":"298.1289"}
{"volume":"698.0","ticker":"AAPL","high":"298.1049","amount":"298.0996","period":"PT1M","low":"298.1002","multiplier":"1","beginTime":"1640549862","endTime":"2020-01-08T09:05-05:00[America/New_York]","close":"298.1002","open":"298.1049"}
{"volume":"2533.0","ticker":"AAPL","high":"298.13","amount":"298.101","period":"PT1M","low":"298.1","multiplier":"1","beginTime":"1640549862","endTime":"2020-01-08T09:06-05:00[America/New_York]","close":"298.1","open":"298.13"}
{"volume":"908.0","ticker":"AAPL","high":"298.2","amount":"298.1375","period":"PT1M","low":"298.1","multiplier":"1","beginTime":"1640549862","endTime":"2020-01-08T09:07-05:00[America/New_York]","close":"298.1","open":"298.2"}
{"volume":"517.0","ticker":"AAPL","high":"298.2","amount":"298.1631","period":"PT1M","low":"298.12","multiplier":"1","beginTime":"1640549862","endTime":"2020-01-08T09:08-05:00[America/New_York]","close":"298.2","open":"298.12"}
{"volume":"666.0","ticker":"AAPL","high":"298.235","amount":"298.1627","period":"PT1M","low":"298.12","multiplier":"1","beginTime":"1640549862","endTime":"2020-01-08T09:09-05:00[America/New_York]","close":"298.15","open":"298.235"}
{"volume":"1721.0","ticker":"AAPL","high":"298.21","amount":"298.1621","period":"PT1M","low":"298.1201","multiplier":"1","beginTime":"1640549862","endTime":"2020-01-08T09:10-05:00[America/New_York]","close":"298.21","open":"298.15"}
{"volume":"5109.0","ticker":"AAPL","high":"298.16","amount":"298.0614","period":"PT1M","low":"298.01","multiplier":"1","beginTime":"1640549862","endTime":"2020-01-08T09:11-05:00[America/New_York]","close":"298.05","open":"298.12"}
{"volume":"2358.0","ticker":"AAPL","high":"298.2","amount":"298.1699","period":"PT1M","low":"298.1","multiplier":"1","beginTime":"1640549862","endTime":"2020-01-08T09:13-05:00[America/New_York]","close":"298.19","open":"298.1"}
{"volume":"3203.0","ticker":"AAPL","high":"298.25","amount":"298.203","period":"PT1M","low":"298.19","multiplier":"1","beginTime":"1640549862","endTime":"2020-01-08T09:14-05:00[America/New_York]","close":"298.25","open":"298.19"}
{"volume":"5175.0","ticker":"AAPL","high":"298.25","amount":"298.1898","period":"PT1M","low":"298.06","multiplier":"1","beginTime":"1640549862","endTime":"2020-01-08T09:15-05:00[America/New_York]","close":"298.06","open":"298.21"}
{"volume":"8324.0","ticker":"AAPL","high":"298.2","amount":"298.1358","period":"PT1M","low":"298.01","multiplier":"1","beginTime":"1640549862","endTime":"2020-01-08T09:16-05:00[America/New_York]","close":"298.05","open":"298.06"}
{"volume":"3573.0","ticker":"AAPL","high":"298.0832","amount":"298.0562","period":"PT1M","low":"298.0","multiplier":"1","beginTime":"1640549862","endTime":"2020-01-08T09:17-05:00[America/New_York]","close":"298.0832","open":"298.06"}
{"volume":"6257.0","ticker":"AAPL","high":"298.0","amount":"297.9812","period":"PT1M","low":"297.86","multiplier":"1","beginTime":"1640549862","endTime":"2020-01-08T09:18-05:00[America/New_York]","close":"297.86","open":"298.0"}
{"volume":"2180.0","ticker":"AAPL","high":"298.05","amount":"298.0034","period":"PT1M","low":"297.98","multiplier":"1","beginTime":"1640549862","endTime":"2020-01-08T09:19-05:00[America/New_York]","close":"298.0","open":"297.98"}
{"volume":"1054.0","ticker":"AAPL","high":"298.12","amount":"298.0419","period":"PT1M","low":"298.0","multiplier":"1","beginTime":"1640549862","endTime":"2020-01-08T09:20-05:00[America/New_York]","close":"298.12","open":"298.0"}
{"volume":"1696.0","ticker":"AAPL","high":"298.13","amount":"298.1026","period":"PT1M","low":"298.07","multiplier":"1","beginTime":"1640549862","endTime":"2020-01-08T09:21-05:00[America/New_York]","close":"298.07","open":"298.12"}
{"volume":"643.0","ticker":"AAPL","high":"298.1","amount":"298.0881","period":"PT1M","low":"298.07","multiplier":"1","beginTime":"1640549862","endTime":"2020-01-08T09:22-05:00[America/New_York]","close":"298.1","open":"298.07"}
{"volume":"3206.0","ticker":"AAPL","high":"298.25","amount":"298.142","period":"PT1M","low":"298.0702","multiplier":"1","beginTime":"1640549862","endTime":"2020-01-08T09:23-05:00[America/New_York]","close":"298.0702","open":"298.13"}
{"volume":"1706.0","ticker":"AAPL","high":"298.15","amount":"298.1337","period":"PT1M","low":"298.13","multiplier":"1","beginTime":"1640549862","endTime":"2020-01-08T09:24-05:00[America/New_York]","close":"298.15","open":"298.15"}
{"volume":"4617.0","ticker":"AAPL","high":"298.1251","amount":"298.0628","period":"PT1M","low":"298.0","multiplier":"1","beginTime":"1640549862","endTime":"2020-01-08T09:25-05:00[America/New_York]","close":"298.0","open":"298.1251"}
{"volume":"3003.0","ticker":"AAPL","high":"297.9417","amount":"297.8478","period":"PT1M","low":"297.8","multiplier":"1","beginTime":"1640549862","endTime":"2020-01-08T09:26-05:00[America/New_York]","close":"297.9417","open":"297.93"}
{"volume":"366.0","ticker":"AAPL","high":"297.8456","amount":"297.8509","period":"PT1M","low":"297.8456","multiplier":"1","beginTime":"1640549862","endTime":"2020-01-08T09:27-05:00[America/New_York]","close":"297.8456","open":"297.8456"}
{"volume":"41088.0","ticker":"AAPL","high":"297.81","amount":"297.2754","period":"PT1M","low":"296.95","multiplier":"1","beginTime":"1640549862","endTime":"2020-01-08T09:28-05:00[America/New_York]","close":"297.24","open":"297.81"}
{"volume":"22180.0","ticker":"AAPL","high":"297.27","amount":"297.0975","period":"PT1M","low":"296.93","multiplier":"1","beginTime":"1640549862","endTime":"2020-01-08T09:29-05:00[America/New_York]","close":"297.17","open":"297.23"}
{"volume":"664955.0","ticker":"AAPL","high":"297.9","amount":"297.3019","period":"PT1M","low":"297.156","multiplier":"1","beginTime":"1640549862","endTime":"2020-01-08T09:30-05:00[America/New_York]","close":"297.416","open":"297.16"}
{"volume":"290234.0","ticker":"AAPL","high":"298.63","amount":"298.22","period":"PT1M","low":"297.35","multiplier":"1","beginTime":"1640549862","endTime":"2020-01-08T09:31-05:00[America/New_York]","close":"298.1826","open":"297.37"}
{"volume":"273501.0","ticker":"AAPL","high":"299.04","amount":"298.7629","period":"PT1M","low":"298.17","multiplier":"1","beginTime":"1640549862","endTime":"2020-01-08T09:32-05:00[America/New_York]","close":"298.83","open":"298.1825"}
{"volume":"192726.0","ticker":"AAPL","high":"299.1","amount":"298.8625","period":"PT1M","low":"298.4701","multiplier":"1","beginTime":"1640549862","endTime":"2020-01-08T09:33-05:00[America/New_York]","close":"298.53","open":"298.86"}
{"volume":"104311.0","ticker":"AAPL","high":"298.812","amount":"298.6436","period":"PT1M","low":"298.45","multiplier":"1","beginTime":"1640549862","endTime":"2020-01-08T09:34-05:00[America/New_York]","close":"298.4875","open":"298.4701"}
{"volume":"116215.0","ticker":"AAPL","high":"298.63","amount":"298.4818","period":"PT1M","low":"298.345","multiplier":"1","beginTime":"1640549862","endTime":"2020-01-08T09:35-05:00[America/New_York]","close":"298.495","open":"298.49"}
{"volume":"139008.0","ticker":"AAPL","high":"298.57","amount":"298.204","period":"PT1M","low":"298.01","multiplier":"1","beginTime":"1640549862","endTime":"2020-01-08T09:36-05:00[America/New_York]","close":"298.02","open":"298.5"}
{"volume":"152137.0","ticker":"AAPL","high":"298.3699","amount":"298.0315","period":"PT1M","low":"297.85","multiplier":"1","beginTime":"1640549862","endTime":"2020-01-08T09:37-05:00[America/New_York]","close":"298.2901","open":"298.0305"}
{"volume":"158199.0","ticker":"AAPL","high":"298.73","amount":"298.5554","period":"PT1M","low":"298.3","multiplier":"1","beginTime":"1640549862","endTime":"2020-01-08T09:38-05:00[America/New_York]","close":"298.43","open":"298.32"}
{"volume":"106696.0","ticker":"AAPL","high":"298.51","amount":"298.332","period":"PT1M","low":"298.07","multiplier":"1","beginTime":"1640549862","endTime":"2020-01-08T09:39-05:00[America/New_York]","close":"298.07","open":"298.4805"}
{"volume":"104335.0","ticker":"AAPL","high":"298.36","amount":"298.0661","period":"PT1M","low":"297.89","multiplier":"1","beginTime":"1640549862","endTime":"2020-01-08T09:40-05:00[America/New_York]","close":"298.36","open":"298.08"}
{"volume":"85819.0","ticker":"AAPL","high":"298.5876","amount":"298.4233","period":"PT1M","low":"298.26","multiplier":"1","beginTime":"1640549862","endTime":"2020-01-08T09:41-05:00[America/New_York]","close":"298.43","open":"298.39"}
{"volume":"89620.0","ticker":"AAPL","high":"298.61","amount":"298.4589","period":"PT1M","low":"298.33","multiplier":"1","beginTime":"1640549862","endTime":"2020-01-08T09:42-05:00[America/New_York]","close":"298.53","open":"298.45"}
{"volume":"50056.0","ticker":"AAPL","high":"298.56","amount":"298.3779","period":"PT1M","low":"298.21","multiplier":"1","beginTime":"1640549862","endTime":"2020-01-08T09:43-05:00[America/New_York]","close":"298.43","open":"298.53"}
{"volume":"100800.0","ticker":"AAPL","high":"298.72","amount":"298.6122","period":"PT1M","low":"298.39","multiplier":"1","beginTime":"1640549862","endTime":"2020-01-08T09:44-05:00[America/New_York]","close":"298.7","open":"298.41"}
{"volume":"77602.0","ticker":"AAPL","high":"298.7","amount":"298.4284","period":"PT1M","low":"298.25","multiplier":"1","beginTime":"1640549862","endTime":"2020-01-08T09:45-05:00[America/New_York]","close":"298.26","open":"298.7"}
{"volume":"160542.0","ticker":"AAPL","high":"298.3524","amount":"297.974","period":"PT1M","low":"297.75","multiplier":"1","beginTime":"1640549862","endTime":"2020-01-08T09:46-05:00[America/New_York]","close":"297.89","open":"298.29"}
{"volume":"79070.0","ticker":"AAPL","high":"298.3042","amount":"298.1328","period":"PT1M","low":"297.8774","multiplier":"1","beginTime":"1640549862","endTime":"2020-01-08T09:47-05:00[America/New_York]","close":"298.255","open":"297.9"}
{"volume":"60849.0","ticker":"AAPL","high":"298.4","amount":"298.285","period":"PT1M","low":"298.2","multiplier":"1","beginTime":"1640549862","endTime":"2020-01-08T09:48-05:00[America/New_York]","close":"298.21","open":"298.27"}
{"volume":"48846.0","ticker":"AAPL","high":"298.26","amount":"298.152","period":"PT1M","low":"298.02","multiplier":"1","beginTime":"1640549862","endTime":"2020-01-08T09:49-05:00[America/New_York]","close":"298.06","open":"298.21"}
{"volume":"46956.0","ticker":"AAPL","high":"298.18","amount":"298.1223","period":"PT1M","low":"298.04","multiplier":"1","beginTime":"1640549862","endTime":"2020-01-08T09:50-05:00[America/New_York]","close":"298.15","open":"298.1"}
{"volume":"63932.0","ticker":"AAPL","high":"298.21","amount":"298.1391","period":"PT1M","low":"298.0","multiplier":"1","beginTime":"1640549862","endTime":"2020-01-08T09:51-05:00[America/New_York]","close":"298.0088","open":"298.17"}
{"volume":"77634.0","ticker":"AAPL","high":"298.1","amount":"298.0111","period":"PT1M","low":"297.9","multiplier":"1","beginTime":"1640549862","endTime":"2020-01-08T09:52-05:00[America/New_York]","close":"298.0279","open":"298.0"}
{"volume":"53171.0","ticker":"AAPL","high":"298.1","amount":"298.0343","period":"PT1M","low":"297.98","multiplier":"1","beginTime":"1640549862","endTime":"2020-01-08T09:53-05:00[America/New_York]","close":"298.0012","open":"298.02"}
{"volume":"75084.0","ticker":"AAPL","high":"298.34","amount":"298.1986","period":"PT1M","low":"298.0068","multiplier":"1","beginTime":"1640549862","endTime":"2020-01-08T09:54-05:00[America/New_York]","close":"298.25","open":"298.0068"}
{"volume":"79151.0","ticker":"AAPL","high":"298.58","amount":"298.4299","period":"PT1M","low":"298.25","multiplier":"1","beginTime":"1640549862","endTime":"2020-01-08T09:55-05:00[America/New_York]","close":"298.43","open":"298.2501"}
{"volume":"79852.0","ticker":"AAPL","high":"298.52","amount":"298.46","period":"PT1M","low":"298.4","multiplier":"1","beginTime":"1640549862","endTime":"2020-01-08T09:56-05:00[America/New_York]","close":"298.43","open":"298.44"}
{"volume":"71881.0","ticker":"AAPL","high":"298.43","amount":"298.294","period":"PT1M","low":"298.15","multiplier":"1","beginTime":"1640549862","endTime":"2020-01-08T09:57-05:00[America/New_York]","close":"298.25","open":"298.43"}
{"volume":"40842.0","ticker":"AAPL","high":"298.28","amount":"298.2268","period":"PT1M","low":"298.1621","multiplier":"1","beginTime":"1640549862","endTime":"2020-01-08T09:58-05:00[America/New_York]","close":"298.25","open":"298.2259"}
{"volume":"48224.0","ticker":"AAPL","high":"298.44","amount":"298.2985","period":"PT1M","low":"298.18","multiplier":"1","beginTime":"1640549862","endTime":"2020-01-08T09:59-05:00[America/New_York]","close":"298.37","open":"298.23"}
{"volume":"57961.0","ticker":"AAPL","high":"298.55","amount":"298.472","period":"PT1M","low":"298.38","multiplier":"1","beginTime":"1640549862","endTime":"2020-01-08T10:00-05:00[America/New_York]","close":"298.4701","open":"298.38"}
{"volume":"58259.0","ticker":"AAPL","high":"298.58","amount":"298.4933","period":"PT1M","low":"298.38","multiplier":"1","beginTime":"1640549862","endTime":"2020-01-08T10:01-05:00[America/New_York]","close":"298.43","open":"298.48"}
{"volume":"57640.0","ticker":"AAPL","high":"298.6167","amount":"298.5151","period":"PT1M","low":"298.4","multiplier":"1","beginTime":"1640549862","endTime":"2020-01-08T10:02-05:00[America/New_York]","close":"298.58","open":"298.4035"}
{"volume":"60979.0","ticker":"AAPL","high":"298.69","amount":"298.5815","period":"PT1M","low":"298.44","multiplier":"1","beginTime":"1640549862","endTime":"2020-01-08T10:03-05:00[America/New_York]","close":"298.4478","open":"298.5675"}
{"volume":"53702.0","ticker":"AAPL","high":"298.5","amount":"298.4095","period":"PT1M","low":"298.3","multiplier":"1","beginTime":"1640549862","endTime":"2020-01-08T10:04-05:00[America/New_York]","close":"298.43","open":"298.4407"}
{"volume":"61453.0","ticker":"AAPL","high":"298.45","amount":"298.3177","period":"PT1M","low":"298.15","multiplier":"1","beginTime":"1640549862","endTime":"2020-01-08T10:05-05:00[America/New_York]","close":"298.15","open":"298.43"}
{"volume":"49383.0","ticker":"AAPL","high":"298.33","amount":"298.219","period":"PT1M","low":"298.11","multiplier":"1","beginTime":"1640549862","endTime":"2020-01-08T10:06-05:00[America/New_York]","close":"298.33","open":"298.16"}
{"volume":"45884.0","ticker":"AAPL","high":"298.5","amount":"298.4023","period":"PT1M","low":"298.34","multiplier":"1","beginTime":"1640549862","endTime":"2020-01-08T10:07-05:00[America/New_York]","close":"298.41","open":"298.34"}
{"volume":"45232.0","ticker":"AAPL","high":"298.48","amount":"298.3842","period":"PT1M","low":"298.2843","multiplier":"1","beginTime":"1640549862","endTime":"2020-01-08T10:08-05:00[America/New_York]","close":"298.4755","open":"298.41"}
{"volume":"57681.0","ticker":"AAPL","high":"298.51","amount":"298.4036","period":"PT1M","low":"298.265","multiplier":"1","beginTime":"1640549862","endTime":"2020-01-08T10:09-05:00[America/New_York]","close":"298.27","open":"298.49"}
{"volume":"89757.0","ticker":"AAPL","high":"298.3388","amount":"298.2502","period":"PT1M","low":"298.16","multiplier":"1","beginTime":"1640549862","endTime":"2020-01-08T10:10-05:00[America/New_York]","close":"298.26","open":"298.26"}
{"volume":"48637.0","ticker":"AAPL","high":"298.26","amount":"298.1824","period":"PT1M","low":"298.11","multiplier":"1","beginTime":"1640549862","endTime":"2020-01-08T10:11-05:00[America/New_York]","close":"298.2","open":"298.25"}
{"volume":"60711.0","ticker":"AAPL","high":"298.52","amount":"298.3672","period":"PT1M","low":"298.2","multiplier":"1","beginTime":"1640549862","endTime":"2020-01-08T10:12-05:00[America/New_York]","close":"298.5","open":"298.2052"}
{"volume":"62947.0","ticker":"AAPL","high":"298.58","amount":"298.4911","period":"PT1M","low":"298.3396","multiplier":"1","beginTime":"1640549862","endTime":"2020-01-08T10:13-05:00[America/New_York]","close":"298.4","open":"298.5"}
{"volume":"46053.0","ticker":"AAPL","high":"298.6132","amount":"298.5559","period":"PT1M","low":"298.41","multiplier":"1","beginTime":"1640549862","endTime":"2020-01-08T10:14-05:00[America/New_York]","close":"298.54","open":"298.4219"}
{"volume":"77604.0","ticker":"AAPL","high":"298.76","amount":"298.6606","period":"PT1M","low":"298.506","multiplier":"1","beginTime":"1640549862","endTime":"2020-01-08T10:15-05:00[America/New_York]","close":"298.7","open":"298.57"}
{"volume":"80841.0","ticker":"AAPL","high":"298.69","amount":"298.4908","period":"PT1M","low":"298.37","multiplier":"1","beginTime":"1640549862","endTime":"2020-01-08T10:16-05:00[America/New_York]","close":"298.4","open":"298.69"}
{"volume":"43496.0","ticker":"AAPL","high":"298.4932","amount":"298.4166","period":"PT1M","low":"298.36","multiplier":"1","beginTime":"1640549862","endTime":"2020-01-08T10:17-05:00[America/New_York]","close":"298.49","open":"298.42"}
{"volume":"31828.0","ticker":"AAPL","high":"298.5199","amount":"298.4459","period":"PT1M","low":"298.3701","multiplier":"1","beginTime":"1640549862","endTime":"2020-01-08T10:18-05:00[America/New_York]","close":"298.42","open":"298.49"}
{"volume":"28821.0","ticker":"AAPL","high":"298.6","amount":"298.4787","period":"PT1M","low":"298.415","multiplier":"1","beginTime":"1640549862","endTime":"2020-01-08T10:19-05:00[America/New_York]","close":"298.598","open":"298.42"}
{"volume":"39261.0","ticker":"AAPL","high":"298.63","amount":"298.521","period":"PT1M","low":"298.4","multiplier":"1","beginTime":"1640549862","endTime":"2020-01-08T10:20-05:00[America/New_York]","close":"298.4","open":"298.6"}
{"volume":"185455.0","ticker":"AAPL","high":"298.42","amount":"298.1222","period":"PT1M","low":"297.95","multiplier":"1","beginTime":"1640549862","endTime":"2020-01-08T10:21-05:00[America/New_York]","close":"298.168","open":"298.4015"}
{"volume":"53835.0","ticker":"AAPL","high":"298.35","amount":"298.2257","period":"PT1M","low":"298.0786","multiplier":"1","beginTime":"1640549862","endTime":"2020-01-08T10:22-05:00[America/New_York]","close":"298.25","open":"298.17"}
{"volume":"60247.0","ticker":"AAPL","high":"298.38","amount":"298.27","period":"PT1M","low":"298.17","multiplier":"1","beginTime":"1640549862","endTime":"2020-01-08T10:23-05:00[America/New_York]","close":"298.3601","open":"298.26"}
{"volume":"37862.0","ticker":"AAPL","high":"298.4","amount":"298.3358","period":"PT1M","low":"298.24","multiplier":"1","beginTime":"1640549862","endTime":"2020-01-08T10:24-05:00[America/New_York]","close":"298.28","open":"298.36"}
{"volume":"42817.0","ticker":"AAPL","high":"298.445","amount":"298.3409","period":"PT1M","low":"298.24","multiplier":"1","beginTime":"1640549862","endTime":"2020-01-08T10:25-05:00[America/New_York]","close":"298.27","open":"298.3"}
{"volume":"38637.0","ticker":"AAPL","high":"298.35","amount":"298.2815","period":"PT1M","low":"298.19","multiplier":"1","beginTime":"1640549862","endTime":"2020-01-08T10:26-05:00[America/New_York]","close":"298.33","open":"298.27"}
{"volume":"37332.0","ticker":"AAPL","high":"298.49","amount":"298.3852","period":"PT1M","low":"298.2796","multiplier":"1","beginTime":"1640549862","endTime":"2020-01-08T10:27-05:00[America/New_York]","close":"298.35","open":"298.3215"}
{"volume":"32283.0","ticker":"AAPL","high":"298.49","amount":"298.4189","period":"PT1M","low":"298.35","multiplier":"1","beginTime":"1640549862","endTime":"2020-01-08T10:28-05:00[America/New_York]","close":"298.41","open":"298.365"}
{"volume":"50032.0","ticker":"AAPL","high":"298.54","amount":"298.481","period":"PT1M","low":"298.41","multiplier":"1","beginTime":"1640549862","endTime":"2020-01-08T10:29-05:00[America/New_York]","close":"298.47","open":"298.4243"}
{"volume":"32788.0","ticker":"AAPL","high":"298.49","amount":"298.388","period":"PT1M","low":"298.2852","multiplier":"1","beginTime":"1640549862","endTime":"2020-01-08T10:30-05:00[America/New_York]","close":"298.42","open":"298.47"}
{"volume":"40201.0","ticker":"AAPL","high":"298.52","amount":"298.4185","period":"PT1M","low":"298.29","multiplier":"1","beginTime":"1640549862","endTime":"2020-01-08T10:31-05:00[America/New_York]","close":"298.43","open":"298.45"}
{"volume":"69092.0","ticker":"AAPL","high":"298.66","amount":"298.5511","period":"PT1M","low":"298.3914","multiplier":"1","beginTime":"1640549862","endTime":"2020-01-08T10:32-05:00[America/New_York]","close":"298.44","open":"298.41"}
{"volume":"34418.0","ticker":"AAPL","high":"298.45","amount":"298.3227","period":"PT1M","low":"298.25","multiplier":"1","beginTime":"1640549862","endTime":"2020-01-08T10:33-05:00[America/New_York]","close":"298.35","open":"298.45"}
{"volume":"42951.0","ticker":"AAPL","high":"298.42","amount":"298.3079","period":"PT1M","low":"298.236","multiplier":"1","beginTime":"1640549862","endTime":"2020-01-08T10:34-05:00[America/New_York]","close":"298.3","open":"298.36"}
{"volume":"97949.0","ticker":"AAPL","high":"298.31","amount":"298.1656","period":"PT1M","low":"298.0666","multiplier":"1","beginTime":"1640549862","endTime":"2020-01-08T10:35-05:00[America/New_York]","close":"298.1305","open":"298.29"}
{"volume":"65756.0","ticker":"AAPL","high":"298.33","amount":"298.2326","period":"PT1M","low":"298.1288","multiplier":"1","beginTime":"1640549862","endTime":"2020-01-08T10:36-05:00[America/New_York]","close":"298.1764","open":"298.14"}
{"volume":"43942.0","ticker":"AAPL","high":"298.2143","amount":"298.1431","period":"PT1M","low":"298.08","multiplier":"1","beginTime":"1640549862","endTime":"2020-01-08T10:37-05:00[America/New_York]","close":"298.14","open":"298.18"}
{"volume":"46256.0","ticker":"AAPL","high":"298.25","amount":"298.136","period":"PT1M","low":"298.03","multiplier":"1","beginTime":"1640549862","endTime":"2020-01-08T10:38-05:00[America/New_York]","close":"298.12","open":"298.1201"}
{"volume":"44754.0","ticker":"AAPL","high":"298.22","amount":"298.1443","period":"PT1M","low":"298.11","multiplier":"1","beginTime":"1640549862","endTime":"2020-01-08T10:39-05:00[America/New_York]","close":"298.15","open":"298.14"}
{"volume":"38179.0","ticker":"AAPL","high":"298.2","amount":"298.1411","period":"PT1M","low":"298.06","multiplier":"1","beginTime":"1640549862","endTime":"2020-01-08T10:40-05:00[America/New_York]","close":"298.11","open":"298.15"}
{"volume":"74757.0","ticker":"AAPL","high":"298.1778","amount":"298.0472","period":"PT1M","low":"297.98","multiplier":"1","beginTime":"1640549862","endTime":"2020-01-08T10:41-05:00[America/New_York]","close":"298.03","open":"298.1"}
{"volume":"32594.0","ticker":"AAPL","high":"298.14","amount":"298.0568","period":"PT1M","low":"297.99","multiplier":"1","beginTime":"1640549862","endTime":"2020-01-08T10:42-05:00[America/New_York]","close":"298.099","open":"298.0225"}
{"volume":"44494.0","ticker":"AAPL","high":"298.13","amount":"298.0601","period":"PT1M","low":"298.0","multiplier":"1","beginTime":"1640549862","endTime":"2020-01-08T10:43-05:00[America/New_York]","close":"298.03","open":"298.07"}
{"volume":"75294.0","ticker":"AAPL","high":"298.03","amount":"297.8711","period":"PT1M","low":"297.79","multiplier":"1","beginTime":"1640549862","endTime":"2020-01-08T10:44-05:00[America/New_York]","close":"297.8305","open":"298.03"}
{"volume":"64079.0","ticker":"AAPL","high":"297.92","amount":"297.829","period":"PT1M","low":"297.7633","multiplier":"1","beginTime":"1640549862","endTime":"2020-01-08T10:45-05:00[America/New_York]","close":"297.88","open":"297.8265"}
{"volume":"33174.0","ticker":"AAPL","high":"297.93","amount":"297.8984","period":"PT1M","low":"297.84","multiplier":"1","beginTime":"1640549862","endTime":"2020-01-08T10:46-05:00[America/New_York]","close":"297.8761","open":"297.8783"}
{"volume":"30763.0","ticker":"AAPL","high":"297.95","amount":"297.8981","period":"PT1M","low":"297.85","multiplier":"1","beginTime":"1640549862","endTime":"2020-01-08T10:47-05:00[America/New_York]","close":"297.87","open":"297.86"}
{"volume":"140769.0","ticker":"AAPL","high":"297.9","amount":"297.6775","period":"PT1M","low":"297.5204","multiplier":"1","beginTime":"1640549862","endTime":"2020-01-08T10:48-05:00[America/New_York]","close":"297.6","open":"297.86"}
{"volume":"84030.0","ticker":"AAPL","high":"297.64","amount":"297.512","period":"PT1M","low":"297.37","multiplier":"1","beginTime":"1640549862","endTime":"2020-01-08T10:49-05:00[America/New_York]","close":"297.6343","open":"297.5883"}
{"volume":"47551.0","ticker":"AAPL","high":"297.72","amount":"297.6447","period":"PT1M","low":"297.5701","multiplier":"1","beginTime":"1640549862","endTime":"2020-01-08T10:50-05:00[America/New_York]","close":"297.61","open":"297.62"}
{"volume":"40552.0","ticker":"AAPL","high":"297.76","amount":"297.6893","period":"PT1M","low":"297.59","multiplier":"1","beginTime":"1640549862","endTime":"2020-01-08T10:51-05:00[America/New_York]","close":"297.7094","open":"297.6"}
{"volume":"48109.0","ticker":"AAPL","high":"297.84","amount":"297.745","period":"PT1M","low":"297.6613","multiplier":"1","beginTime":"1640549862","endTime":"2020-01-08T10:52-05:00[America/New_York]","close":"297.74","open":"297.7082"}
{"volume":"35437.0","ticker":"AAPL","high":"297.89","amount":"297.8152","period":"PT1M","low":"297.7168","multiplier":"1","beginTime":"1640549862","endTime":"2020-01-08T10:53-05:00[America/New_York]","close":"297.89","open":"297.7168"}
{"volume":"42202.0","ticker":"AAPL","high":"297.9","amount":"297.8502","period":"PT1M","low":"297.81","multiplier":"1","beginTime":"1640549862","endTime":"2020-01-08T10:54-05:00[America/New_York]","close":"297.85","open":"297.8964"}
{"volume":"62613.0","ticker":"AAPL","high":"297.9","amount":"297.888","period":"PT1M","low":"297.7612","multiplier":"1","beginTime":"1640549862","endTime":"2020-01-08T10:55-05:00[America/New_York]","close":"297.78","open":"297.8781"}
{"volume":"37703.0","ticker":"AAPL","high":"297.82","amount":"297.7463","period":"PT1M","low":"297.66","multiplier":"1","beginTime":"1640549862","endTime":"2020-01-08T10:56-05:00[America/New_York]","close":"297.69","open":"297.78"}
{"volume":"29541.0","ticker":"AAPL","high":"297.9","amount":"297.831","period":"PT1M","low":"297.6974","multiplier":"1","beginTime":"1640549862","endTime":"2020-01-08T10:57-05:00[America/New_York]","close":"297.87","open":"297.6974"}
{"volume":"45239.0","ticker":"AAPL","high":"297.91","amount":"297.8792","period":"PT1M","low":"297.81","multiplier":"1","beginTime":"1640549862","endTime":"2020-01-08T10:58-05:00[America/New_York]","close":"297.88","open":"297.8773"}
{"volume":"51947.0","ticker":"AAPL","high":"297.8805","amount":"297.7857","period":"PT1M","low":"297.71","multiplier":"1","beginTime":"1640549862","endTime":"2020-01-08T10:59-05:00[America/New_York]","close":"297.73","open":"297.8784"}
{"volume":"47862.0","ticker":"AAPL","high":"297.8187","amount":"297.7036","period":"PT1M","low":"297.6","multiplier":"1","beginTime":"1640549862","endTime":"2020-01-08T11:00-05:00[America/New_York]","close":"297.73","open":"297.73"}
{"volume":"59276.0","ticker":"AAPL","high":"297.74","amount":"297.593","period":"PT1M","low":"297.5","multiplier":"1","beginTime":"1640549862","endTime":"2020-01-08T11:01-05:00[America/New_York]","close":"297.58","open":"297.73"}
{"volume":"62157.0","ticker":"AAPL","high":"297.76","amount":"297.6901","period":"PT1M","low":"297.5886","multiplier":"1","beginTime":"1640549862","endTime":"2020-01-08T11:02-05:00[America/New_York]","close":"297.67","open":"297.59"}
{"volume":"62207.0","ticker":"AAPL","high":"297.69","amount":"297.625","period":"PT1M","low":"297.56","multiplier":"1","beginTime":"1640549862","endTime":"2020-01-08T11:03-05:00[America/New_York]","close":"297.6705","open":"297.67"}
{"volume":"32681.0","ticker":"AAPL","high":"297.85","amount":"297.7429","period":"PT1M","low":"297.67","multiplier":"1","beginTime":"1640549862","endTime":"2020-01-08T11:04-05:00[America/New_York]","close":"297.84","open":"297.67"}
{"volume":"45078.0","ticker":"AAPL","high":"297.92","amount":"297.8306","period":"PT1M","low":"297.7","multiplier":"1","beginTime":"1640549862","endTime":"2020-01-08T11:05-05:00[America/New_York]","close":"297.91","open":"297.84"}
{"volume":"32237.0","ticker":"AAPL","high":"297.94","amount":"297.8784","period":"PT1M","low":"297.82","multiplier":"1","beginTime":"1640549862","endTime":"2020-01-08T11:06-05:00[America/New_York]","close":"297.94","open":"297.89"}
{"volume":"90792.0","ticker":"AAPL","high":"298.14","amount":"297.9783","period":"PT1M","low":"297.8801","multiplier":"1","beginTime":"1640549862","endTime":"2020-01-08T11:07-05:00[America/New_York]","close":"298.0","open":"297.93"}
{"volume":"78796.0","ticker":"AAPL","high":"298.111","amount":"298.0119","period":"PT1M","low":"297.97","multiplier":"1","beginTime":"1640549862","endTime":"2020-01-08T11:08-05:00[America/New_York]","close":"298.1044","open":"298.01"}
{"volume":"55457.0","ticker":"AAPL","high":"298.13","amount":"298.106","period":"PT1M","low":"298.05","multiplier":"1","beginTime":"1640549862","endTime":"2020-01-08T11:09-05:00[America/New_York]","close":"298.12","open":"298.11"}
{"volume":"60896.0","ticker":"AAPL","high":"298.27","amount":"298.185","period":"PT1M","low":"298.0857","multiplier":"1","beginTime":"1640549862","endTime":"2020-01-08T11:10-05:00[America/New_York]","close":"298.09","open":"298.12"}
{"volume":"31853.0","ticker":"AAPL","high":"298.24","amount":"298.1745","period":"PT1M","low":"298.0929","multiplier":"1","beginTime":"1640549862","endTime":"2020-01-08T11:11-05:00[America/New_York]","close":"298.21","open":"298.11"}
{"volume":"25142.0","ticker":"AAPL","high":"298.2354","amount":"298.1596","period":"PT1M","low":"298.082","multiplier":"1","beginTime":"1640549862","endTime":"2020-01-08T11:12-05:00[America/New_York]","close":"298.11","open":"298.21"}
{"volume":"43206.0","ticker":"AAPL","high":"298.1344","amount":"298.0879","period":"PT1M","low":"298.03","multiplier":"1","beginTime":"1640549862","endTime":"2020-01-08T11:13-05:00[America/New_York]","close":"298.08","open":"298.1142"}
{"volume":"31003.0","ticker":"AAPL","high":"298.19","amount":"298.1045","period":"PT1M","low":"298.0347","multiplier":"1","beginTime":"1640549862","endTime":"2020-01-08T11:14-05:00[America/New_York]","close":"298.18","open":"298.09"}
{"volume":"30983.0","ticker":"AAPL","high":"298.28","amount":"298.2163","period":"PT1M","low":"298.1601","multiplier":"1","beginTime":"1640549862","endTime":"2020-01-08T11:15-05:00[America/New_York]","close":"298.2401","open":"298.1999"}
{"volume":"59511.0","ticker":"AAPL","high":"298.39","amount":"298.3049","period":"PT1M","low":"298.21","multiplier":"1","beginTime":"1640549862","endTime":"2020-01-08T11:16-05:00[America/New_York]","close":"298.37","open":"298.2598"}
{"volume":"43346.0","ticker":"AAPL","high":"298.44","amount":"298.4073","period":"PT1M","low":"298.36","multiplier":"1","beginTime":"1640549862","endTime":"2020-01-08T11:17-05:00[America/New_York]","close":"298.4107","open":"298.377"}
{"volume":"54723.0","ticker":"AAPL","high":"298.49","amount":"298.4562","period":"PT1M","low":"298.3901","multiplier":"1","beginTime":"1640549862","endTime":"2020-01-08T11:18-05:00[America/New_York]","close":"298.4598","open":"298.3901"}
{"volume":"33867.0","ticker":"AAPL","high":"298.5","amount":"298.4454","period":"PT1M","low":"298.3901","multiplier":"1","beginTime":"1640549862","endTime":"2020-01-08T11:19-05:00[America/New_York]","close":"298.47","open":"298.45"}
{"volume":"29052.0","ticker":"AAPL","high":"298.4899","amount":"298.4599","period":"PT1M","low":"298.39","multiplier":"1","beginTime":"1640549862","endTime":"2020-01-08T11:20-05:00[America/New_York]","close":"298.4389","open":"298.479"}
{"volume":"40846.0","ticker":"AAPL","high":"298.5","amount":"298.3941","period":"PT1M","low":"298.27","multiplier":"1","beginTime":"1640549862","endTime":"2020-01-08T11:21-05:00[America/New_York]","close":"298.3105","open":"298.47"}
{"volume":"40986.0","ticker":"AAPL","high":"298.42","amount":"298.3193","period":"PT1M","low":"298.23","multiplier":"1","beginTime":"1640549862","endTime":"2020-01-08T11:22-05:00[America/New_York]","close":"298.2819","open":"298.3189"}
{"volume":"13087.0","ticker":"AAPL","high":"298.4","amount":"298.3577","period":"PT1M","low":"298.27","multiplier":"1","beginTime":"1640549862","endTime":"2020-01-08T11:23-05:00[America/New_York]","close":"298.3401","open":"298.285"}
{"volume":"27073.0","ticker":"AAPL","high":"298.3807","amount":"298.3228","period":"PT1M","low":"298.25","multiplier":"1","beginTime":"1640549862","endTime":"2020-01-08T11:24-05:00[America/New_York]","close":"298.345","open":"298.3492"}
{"volume":"22113.0","ticker":"AAPL","high":"298.4","amount":"298.3218","period":"PT1M","low":"298.27","multiplier":"1","beginTime":"1640549862","endTime":"2020-01-08T11:25-05:00[America/New_York]","close":"298.2823","open":"298.345"}
{"volume":"22721.0","ticker":"AAPL","high":"298.335","amount":"298.2867","period":"PT1M","low":"298.2357","multiplier":"1","beginTime":"1640549862","endTime":"2020-01-08T11:26-05:00[America/New_York]","close":"298.29","open":"298.27"}
{"volume":"46359.0","ticker":"AAPL","high":"298.3299","amount":"298.2289","period":"PT1M","low":"298.15","multiplier":"1","beginTime":"1640549862","endTime":"2020-01-08T11:27-05:00[America/New_York]","close":"298.15","open":"298.3082"}
{"volume":"163605.0","ticker":"AAPL","high":"298.6","amount":"298.2737","period":"PT1M","low":"297.99","multiplier":"1","beginTime":"1640549862","endTime":"2020-01-08T11:28-05:00[America/New_York]","close":"298.5716","open":"298.18"}
{"volume":"300812.0","ticker":"AAPL","high":"299.49","amount":"299.0018","period":"PT1M","low":"298.57","multiplier":"1","beginTime":"1640549862","endTime":"2020-01-08T11:29-05:00[America/New_York]","close":"298.87","open":"298.6"}
{"volume":"123733.0","ticker":"AAPL","high":"299.09","amount":"298.765","period":"PT1M","low":"298.42","multiplier":"1","beginTime":"1640549862","endTime":"2020-01-08T11:30-05:00[America/New_York]","close":"299.01","open":"298.8736"}
{"volume":"100017.0","ticker":"AAPL","high":"299.04","amount":"298.7768","period":"PT1M","low":"298.45","multiplier":"1","beginTime":"1640549862","endTime":"2020-01-08T11:31-05:00[America/New_York]","close":"298.65","open":"299.0"}
{"volume":"98818.0","ticker":"AAPL","high":"298.83","amount":"298.6243","period":"PT1M","low":"298.44","multiplier":"1","beginTime":"1640549862","endTime":"2020-01-08T11:32-05:00[America/New_York]","close":"298.5","open":"298.6926"}
{"volume":"67985.0","ticker":"AAPL","high":"298.678","amount":"298.5347","period":"PT1M","low":"298.41","multiplier":"1","beginTime":"1640549862","endTime":"2020-01-08T11:33-05:00[America/New_York]","close":"298.678","open":"298.47"}
{"volume":"104739.0","ticker":"AAPL","high":"298.96","amount":"298.7671","period":"PT1M","low":"298.56","multiplier":"1","beginTime":"1640549862","endTime":"2020-01-08T11:34-05:00[America/New_York]","close":"298.57","open":"298.68"}
{"volume":"60571.0","ticker":"AAPL","high":"298.85","amount":"298.7202","period":"PT1M","low":"298.56","multiplier":"1","beginTime":"1640549862","endTime":"2020-01-08T11:35-05:00[America/New_York]","close":"298.8404","open":"298.63"}
{"volume":"108330.0","ticker":"AAPL","high":"299.01","amount":"298.8232","period":"PT1M","low":"298.58","multiplier":"1","beginTime":"1640549862","endTime":"2020-01-08T11:36-05:00[America/New_York]","close":"298.98","open":"298.86"}
{"volume":"111068.0","ticker":"AAPL","high":"299.28","amount":"299.1327","period":"PT1M","low":"298.9352","multiplier":"1","beginTime":"1640549862","endTime":"2020-01-08T11:37-05:00[America/New_York]","close":"299.1517","open":"298.9636"}
{"volume":"194309.0","ticker":"AAPL","high":"299.59","amount":"299.4437","period":"PT1M","low":"299.2","multiplier":"1","beginTime":"1640549862","endTime":"2020-01-08T11:38-05:00[America/New_York]","close":"299.4102","open":"299.2"}
{"volume":"137068.0","ticker":"AAPL","high":"299.6766","amount":"299.5026","period":"PT1M","low":"299.21","multiplier":"1","beginTime":"1640549862","endTime":"2020-01-08T11:39-05:00[America/New_York]","close":"299.6","open":"299.4"}
{"volume":"146869.0","ticker":"AAPL","high":"299.96","amount":"299.7764","period":"PT1M","low":"299.6","multiplier":"1","beginTime":"1640549862","endTime":"2020-01-08T11:40-05:00[America/New_York]","close":"299.8805","open":"299.63"}
{"volume":"242595.0","ticker":"AAPL","high":"300.05","amount":"299.9791","period":"PT1M","low":"299.8602","multiplier":"1","beginTime":"1640549862","endTime":"2020-01-08T11:41-05:00[America/New_York]","close":"300.0011","open":"299.89"}
{"volume":"156524.0","ticker":"AAPL","high":"300.05","amount":"299.888","period":"PT1M","low":"299.752","multiplier":"1","beginTime":"1640549862","endTime":"2020-01-08T11:42-05:00[America/New_York]","close":"300.03","open":"300.0273"}
{"volume":"110794.0","ticker":"AAPL","high":"300.0769","amount":"299.9958","period":"PT1M","low":"299.86","multiplier":"1","beginTime":"1640549862","endTime":"2020-01-08T11:43-05:00[America/New_York]","close":"299.95","open":"300.0198"}
{"volume":"72399.0","ticker":"AAPL","high":"300.03","amount":"299.917","period":"PT1M","low":"299.82","multiplier":"1","beginTime":"1640549862","endTime":"2020-01-08T11:44-05:00[America/New_York]","close":"299.93","open":"299.9506"}
{"volume":"129208.0","ticker":"AAPL","high":"300.04","amount":"299.9409","period":"PT1M","low":"299.81","multiplier":"1","beginTime":"1640549862","endTime":"2020-01-08T11:45-05:00[America/New_York]","close":"299.81","open":"299.9162"}
{"volume":"129458.0","ticker":"AAPL","high":"299.9264","amount":"299.7368","period":"PT1M","low":"299.56","multiplier":"1","beginTime":"1640549862","endTime":"2020-01-08T11:46-05:00[America/New_York]","close":"299.6464","open":"299.81"}
{"volume":"143552.0","ticker":"AAPL","high":"299.77","amount":"299.5883","period":"PT1M","low":"299.48","multiplier":"1","beginTime":"1640549862","endTime":"2020-01-08T11:47-05:00[America/New_York]","close":"299.681","open":"299.6467"}
{"volume":"95648.0","ticker":"AAPL","high":"299.92","amount":"299.8175","period":"PT1M","low":"299.68","multiplier":"1","beginTime":"1640549862","endTime":"2020-01-08T11:48-05:00[America/New_York]","close":"299.8205","open":"299.6802"}
{"volume":"84647.0","ticker":"AAPL","high":"299.96","amount":"299.8415","period":"PT1M","low":"299.76","multiplier":"1","beginTime":"1640549862","endTime":"2020-01-08T11:49-05:00[America/New_York]","close":"299.8816","open":"299.81"}
{"volume":"61769.0","ticker":"AAPL","high":"299.96","amount":"299.8689","period":"PT1M","low":"299.79","multiplier":"1","beginTime":"1640549862","endTime":"2020-01-08T11:50-05:00[America/New_York]","close":"299.8923","open":"299.8983"}
{"volume":"101255.0","ticker":"AAPL","high":"300.09","amount":"300.0171","period":"PT1M","low":"299.8766","multiplier":"1","beginTime":"1640549862","endTime":"2020-01-08T11:51-05:00[America/New_York]","close":"300.0301","open":"299.8795"}
{"volume":"119575.0","ticker":"AAPL","high":"300.13","amount":"300.0494","period":"PT1M","low":"299.96","multiplier":"1","beginTime":"1640549862","endTime":"2020-01-08T11:52-05:00[America/New_York]","close":"300.03","open":"300.0317"}
{"volume":"88925.0","ticker":"AAPL","high":"300.1299","amount":"300.0405","period":"PT1M","low":"299.95","multiplier":"1","beginTime":"1640549862","endTime":"2020-01-08T11:53-05:00[America/New_York]","close":"300.0365","open":"300.0389"}
{"volume":"82358.0","ticker":"AAPL","high":"300.19","amount":"300.1185","period":"PT1M","low":"300.0","multiplier":"1","beginTime":"1640549862","endTime":"2020-01-08T11:54-05:00[America/New_York]","close":"300.19","open":"300.01"}
{"volume":"61870.0","ticker":"AAPL","high":"300.21","amount":"300.1199","period":"PT1M","low":"300.02","multiplier":"1","beginTime":"1640549862","endTime":"2020-01-08T11:55-05:00[America/New_York]","close":"300.1","open":"300.17"}
{"volume":"92515.0","ticker":"AAPL","high":"300.13","amount":"300.01","period":"PT1M","low":"299.94","multiplier":"1","beginTime":"1640549862","endTime":"2020-01-08T11:56-05:00[America/New_York]","close":"299.9591","open":"300.13"}
{"volume":"66198.0","ticker":"AAPL","high":"300.02","amount":"299.9431","period":"PT1M","low":"299.85","multiplier":"1","beginTime":"1640549862","endTime":"2020-01-08T11:57-05:00[America/New_York]","close":"300.02","open":"299.93"}
{"volume":"80930.0","ticker":"AAPL","high":"300.1","amount":"300.0376","period":"PT1M","low":"299.97","multiplier":"1","beginTime":"1640549862","endTime":"2020-01-08T11:58-05:00[America/New_York]","close":"300.05","open":"300.03"}
{"volume":"61799.0","ticker":"AAPL","high":"300.1405","amount":"300.0801","period":"PT1M","low":"300.01","multiplier":"1","beginTime":"1640549862","endTime":"2020-01-08T11:59-05:00[America/New_York]","close":"300.09","open":"300.0535"}
{"volume":"205092.0","ticker":"AAPL","high":"300.35","amount":"300.2143","period":"PT1M","low":"300.0799","multiplier":"1","beginTime":"1640549862","endTime":"2020-01-08T12:00-05:00[America/New_York]","close":"300.333","open":"300.09"}
{"volume":"147566.0","ticker":"AAPL","high":"300.8","amount":"300.445","period":"PT1M","low":"300.22","multiplier":"1","beginTime":"1640549862","endTime":"2020-01-08T12:01-05:00[America/New_York]","close":"300.4527","open":"300.35"}
{"volume":"65397.0","ticker":"AAPL","high":"300.6","amount":"300.5389","period":"PT1M","low":"300.44","multiplier":"1","beginTime":"1640549862","endTime":"2020-01-08T12:02-05:00[America/New_York]","close":"300.52","open":"300.44"}
{"volume":"60410.0","ticker":"AAPL","high":"300.6","amount":"300.5392","period":"PT1M","low":"300.47","multiplier":"1","beginTime":"1640549862","endTime":"2020-01-08T12:03-05:00[America/New_York]","close":"300.5706","open":"300.49"}
{"volume":"67094.0","ticker":"AAPL","high":"300.68","amount":"300.5859","period":"PT1M","low":"300.5","multiplier":"1","beginTime":"1640549862","endTime":"2020-01-08T12:04-05:00[America/New_York]","close":"300.65","open":"300.56"}
{"volume":"114376.0","ticker":"AAPL","high":"300.88","amount":"300.7896","period":"PT1M","low":"300.64","multiplier":"1","beginTime":"1640549862","endTime":"2020-01-08T12:05-05:00[America/New_York]","close":"300.86","open":"300.6425"}
{"volume":"76437.0","ticker":"AAPL","high":"300.88","amount":"300.7611","period":"PT1M","low":"300.67","multiplier":"1","beginTime":"1640549862","endTime":"2020-01-08T12:06-05:00[America/New_York]","close":"300.77","open":"300.85"}
{"volume":"64352.0","ticker":"AAPL","high":"300.89","amount":"300.8342","period":"PT1M","low":"300.7184","multiplier":"1","beginTime":"1640549862","endTime":"2020-01-08T12:07-05:00[America/New_York]","close":"300.8877","open":"300.75"}
{"volume":"187556.0","ticker":"AAPL","high":"301.08","amount":"300.9815","period":"PT1M","low":"300.87","multiplier":"1","beginTime":"1640549862","endTime":"2020-01-08T12:08-05:00[America/New_York]","close":"301.07","open":"300.8822"}
{"volume":"144842.0","ticker":"AAPL","high":"301.19","amount":"301.0903","period":"PT1M","low":"301.02","multiplier":"1","beginTime":"1640549862","endTime":"2020-01-08T12:09-05:00[America/New_York]","close":"301.05","open":"301.07"}
{"volume":"101161.0","ticker":"AAPL","high":"301.23","amount":"301.1502","period":"PT1M","low":"301.03","multiplier":"1","beginTime":"1640549862","endTime":"2020-01-08T12:10-05:00[America/New_York]","close":"301.2265","open":"301.03"}
{"volume":"102632.0","ticker":"AAPL","high":"301.24","amount":"301.0943","period":"PT1M","low":"301.0","multiplier":"1","beginTime":"1640549862","endTime":"2020-01-08T12:11-05:00[America/New_York]","close":"301.06","open":"301.23"}
{"volume":"69527.0","ticker":"AAPL","high":"301.14","amount":"301.0511","period":"PT1M","low":"300.93","multiplier":"1","beginTime":"1640549862","endTime":"2020-01-08T12:12-05:00[America/New_York]","close":"301.0243","open":"301.05"}
{"volume":"58013.0","ticker":"AAPL","high":"301.15","amount":"301.0664","period":"PT1M","low":"300.99","multiplier":"1","beginTime":"1640549862","endTime":"2020-01-08T12:13-05:00[America/New_York]","close":"301.0499","open":"301.06"}
{"volume":"52441.0","ticker":"AAPL","high":"301.2","amount":"301.1039","period":"PT1M","low":"301.032","multiplier":"1","beginTime":"1640549862","endTime":"2020-01-08T12:14-05:00[America/New_York]","close":"301.2","open":"301.032"}
{"volume":"90731.0","ticker":"AAPL","high":"301.3176","amount":"301.2334","period":"PT1M","low":"301.16","multiplier":"1","beginTime":"1640549862","endTime":"2020-01-08T12:15-05:00[America/New_York]","close":"301.2581","open":"301.19"}
{"volume":"63772.0","ticker":"AAPL","high":"301.29","amount":"301.2299","period":"PT1M","low":"301.13","multiplier":"1","beginTime":"1640549862","endTime":"2020-01-08T12:16-05:00[America/New_York]","close":"301.27","open":"301.26"}
{"volume":"78078.0","ticker":"AAPL","high":"301.4","amount":"301.3313","period":"PT1M","low":"301.25","multiplier":"1","beginTime":"1640549862","endTime":"2020-01-08T12:17-05:00[America/New_York]","close":"301.3892","open":"301.26"}
{"volume":"63676.0","ticker":"AAPL","high":"301.49","amount":"301.4025","period":"PT1M","low":"301.33","multiplier":"1","beginTime":"1640549862","endTime":"2020-01-08T12:18-05:00[America/New_York]","close":"301.48","open":"301.3802"}
{"volume":"121740.0","ticker":"AAPL","high":"301.68","amount":"301.551","period":"PT1M","low":"301.4501","multiplier":"1","beginTime":"1640549862","endTime":"2020-01-08T12:19-05:00[America/New_York]","close":"301.668","open":"301.4709"}
{"volume":"81809.0","ticker":"AAPL","high":"301.79","amount":"301.7039","period":"PT1M","low":"301.61","multiplier":"1","beginTime":"1640549862","endTime":"2020-01-08T12:20-05:00[America/New_York]","close":"301.7217","open":"301.6639"}
{"volume":"79047.0","ticker":"AAPL","high":"301.82","amount":"301.7231","period":"PT1M","low":"301.6356","multiplier":"1","beginTime":"1640549862","endTime":"2020-01-08T12:21-05:00[America/New_York]","close":"301.817","open":"301.72"}
{"volume":"195345.0","ticker":"AAPL","high":"302.06","amount":"301.9469","period":"PT1M","low":"301.77","multiplier":"1","beginTime":"1640549862","endTime":"2020-01-08T12:22-05:00[America/New_York]","close":"302.02","open":"301.8"}
{"volume":"159293.0","ticker":"AAPL","high":"302.11","amount":"302.027","period":"PT1M","low":"301.9201","multiplier":"1","beginTime":"1640549862","endTime":"2020-01-08T12:23-05:00[America/New_York]","close":"302.0762","open":"302.0001"}
{"volume":"129431.0","ticker":"AAPL","high":"302.137","amount":"301.9214","period":"PT1M","low":"301.72","multiplier":"1","beginTime":"1640549862","endTime":"2020-01-08T12:24-05:00[America/New_York]","close":"301.784","open":"302.0703"}
{"volume":"89654.0","ticker":"AAPL","high":"301.988","amount":"301.8794","period":"PT1M","low":"301.74","multiplier":"1","beginTime":"1640549862","endTime":"2020-01-08T12:25-05:00[America/New_York]","close":"301.85","open":"301.78"}
{"volume":"76908.0","ticker":"AAPL","high":"301.9","amount":"301.8021","period":"PT1M","low":"301.73","multiplier":"1","beginTime":"1640549862","endTime":"2020-01-08T12:26-05:00[America/New_York]","close":"301.9","open":"301.86"}
{"volume":"137071.0","ticker":"AAPL","high":"302.1773","amount":"302.0577","period":"PT1M","low":"301.89","multiplier":"1","beginTime":"1640549862","endTime":"2020-01-08T12:27-05:00[America/New_York]","close":"302.1768","open":"301.8955"}
{"volume":"83011.0","ticker":"AAPL","high":"302.26","amount":"302.2008","period":"PT1M","low":"302.17","multiplier":"1","beginTime":"1640549862","endTime":"2020-01-08T12:28-05:00[America/New_York]","close":"302.199","open":"302.18"}
{"volume":"106376.0","ticker":"AAPL","high":"302.44","amount":"302.3205","period":"PT1M","low":"302.1101","multiplier":"1","beginTime":"1640549862","endTime":"2020-01-08T12:29-05:00[America/New_York]","close":"302.3891","open":"302.1979"}
{"volume":"149142.0","ticker":"AAPL","high":"302.66","amount":"302.5197","period":"PT1M","low":"302.3796","multiplier":"1","beginTime":"1640549862","endTime":"2020-01-08T12:30-05:00[America/New_York]","close":"302.6478","open":"302.3981"}
{"volume":"165512.0","ticker":"AAPL","high":"302.87","amount":"302.7773","period":"PT1M","low":"302.62","multiplier":"1","beginTime":"1640549862","endTime":"2020-01-08T12:31-05:00[America/New_York]","close":"302.82","open":"302.6555"}
{"volume":"129947.0","ticker":"AAPL","high":"302.99","amount":"302.8691","period":"PT1M","low":"302.76","multiplier":"1","beginTime":"1640549862","endTime":"2020-01-08T12:32-05:00[America/New_York]","close":"302.94","open":"302.8185"}
{"volume":"204252.0","ticker":"AAPL","high":"303.04","amount":"302.873","period":"PT1M","low":"302.7","multiplier":"1","beginTime":"1640549862","endTime":"2020-01-08T12:33-05:00[America/New_York]","close":"302.7801","open":"302.93"}
{"volume":"125358.0","ticker":"AAPL","high":"302.84","amount":"302.6003","period":"PT1M","low":"302.4538","multiplier":"1","beginTime":"1640549862","endTime":"2020-01-08T12:34-05:00[America/New_York]","close":"302.475","open":"302.79"}
{"volume":"157819.0","ticker":"AAPL","high":"302.5","amount":"302.305","period":"PT1M","low":"302.19","multiplier":"1","beginTime":"1640549862","endTime":"2020-01-08T12:35-05:00[America/New_York]","close":"302.3","open":"302.48"}
{"volume":"156553.0","ticker":"AAPL","high":"302.29","amount":"302.051","period":"PT1M","low":"301.83","multiplier":"1","beginTime":"1640549862","endTime":"2020-01-08T12:36-05:00[America/New_York]","close":"302.04","open":"302.26"}
{"volume":"121023.0","ticker":"AAPL","high":"302.14","amount":"302.0107","period":"PT1M","low":"301.81","multiplier":"1","beginTime":"1640549862","endTime":"2020-01-08T12:37-05:00[America/New_York]","close":"301.89","open":"302.03"}
{"volume":"134219.0","ticker":"AAPL","high":"301.93","amount":"301.7498","period":"PT1M","low":"301.53","multiplier":"1","beginTime":"1640549862","endTime":"2020-01-08T12:38-05:00[America/New_York]","close":"301.76","open":"301.905"}
{"volume":"71098.0","ticker":"AAPL","high":"301.98","amount":"301.8676","period":"PT1M","low":"301.73","multiplier":"1","beginTime":"1640549862","endTime":"2020-01-08T12:39-05:00[America/New_York]","close":"301.93","open":"301.7637"}
{"volume":"74795.0","ticker":"AAPL","high":"301.94","amount":"301.8098","period":"PT1M","low":"301.68","multiplier":"1","beginTime":"1640549862","endTime":"2020-01-08T12:40-05:00[America/New_York]","close":"301.88","open":"301.9299"}
{"volume":"103775.0","ticker":"AAPL","high":"301.98","amount":"301.725","period":"PT1M","low":"301.81","multiplier":"1","beginTime":"1640549862","endTime":"2020-01-08T12:41-05:00[America/New_York]","close":"301.9441","open":"301.87"}
{"volume":"121595.0","ticker":"AAPL","high":"302.25","amount":"302.1214","period":"PT1M","low":"301.9433","multiplier":"1","beginTime":"1640549862","endTime":"2020-01-08T12:42-05:00[America/New_York]","close":"302.25","open":"301.95"}
{"volume":"131662.0","ticker":"AAPL","high":"302.41","amount":"302.291","period":"PT1M","low":"302.18","multiplier":"1","beginTime":"1640549862","endTime":"2020-01-08T12:43-05:00[America/New_York]","close":"302.19","open":"302.269"}
{"volume":"49560.0","ticker":"AAPL","high":"302.34","amount":"302.2851","period":"PT1M","low":"302.2","multiplier":"1","beginTime":"1640549862","endTime":"2020-01-08T12:44-05:00[America/New_York]","close":"302.3108","open":"302.2298"}
{"volume":"105552.0","ticker":"AAPL","high":"302.52","amount":"302.4311","period":"PT1M","low":"302.31","multiplier":"1","beginTime":"1640549862","endTime":"2020-01-08T12:45-05:00[America/New_York]","close":"302.415","open":"302.31"}
{"volume":"66116.0","ticker":"AAPL","high":"302.49","amount":"302.4523","period":"PT1M","low":"302.4","multiplier":"1","beginTime":"1640549862","endTime":"2020-01-08T12:46-05:00[America/New_York]","close":"302.4826","open":"302.4344"}
{"volume":"119158.0","ticker":"AAPL","high":"302.67","amount":"302.5978","period":"PT1M","low":"302.45","multiplier":"1","beginTime":"1640549862","endTime":"2020-01-08T12:47-05:00[America/New_York]","close":"302.5427","open":"302.49"}
{"volume":"81302.0","ticker":"AAPL","high":"302.75","amount":"302.6447","period":"PT1M","low":"302.5526","multiplier":"1","beginTime":"1640549862","endTime":"2020-01-08T12:48-05:00[America/New_York]","close":"302.61","open":"302.555"}
{"volume":"46118.0","ticker":"AAPL","high":"302.6891","amount":"302.5854","period":"PT1M","low":"302.46","multiplier":"1","beginTime":"1640549862","endTime":"2020-01-08T12:49-05:00[America/New_York]","close":"302.461","open":"302.6"}
{"volume":"62203.0","ticker":"AAPL","high":"302.47","amount":"302.384","period":"PT1M","low":"302.31","multiplier":"1","beginTime":"1640549862","endTime":"2020-01-08T12:50-05:00[America/New_York]","close":"302.47","open":"302.46"}
{"volume":"44465.0","ticker":"AAPL","high":"302.64","amount":"302.5447","period":"PT1M","low":"302.46","multiplier":"1","beginTime":"1640549862","endTime":"2020-01-08T12:51-05:00[America/New_York]","close":"302.61","open":"302.49"}
{"volume":"49440.0","ticker":"AAPL","high":"302.63","amount":"302.5304","period":"PT1M","low":"302.4447","multiplier":"1","beginTime":"1640549862","endTime":"2020-01-08T12:52-05:00[America/New_York]","close":"302.63","open":"302.6"}
{"volume":"36769.0","ticker":"AAPL","high":"302.65","amount":"302.585","period":"PT1M","low":"302.53","multiplier":"1","beginTime":"1640549862","endTime":"2020-01-08T12:53-05:00[America/New_York]","close":"302.6","open":"302.6134"}
{"volume":"46177.0","ticker":"AAPL","high":"302.7199","amount":"302.627","period":"PT1M","low":"302.55","multiplier":"1","beginTime":"1640549862","endTime":"2020-01-08T12:54-05:00[America/New_York]","close":"302.64","open":"302.63"}
{"volume":"57005.0","ticker":"AAPL","high":"302.7","amount":"302.6145","period":"PT1M","low":"302.54","multiplier":"1","beginTime":"1640549862","endTime":"2020-01-08T12:55-05:00[America/New_York]","close":"302.5844","open":"302.63"}
{"volume":"45256.0","ticker":"AAPL","high":"302.7","amount":"302.6319","period":"PT1M","low":"302.57","multiplier":"1","beginTime":"1640549862","endTime":"2020-01-08T12:56-05:00[America/New_York]","close":"302.639","open":"302.58"}
{"volume":"36787.0","ticker":"AAPL","high":"302.6776","amount":"302.6314","period":"PT1M","low":"302.57","multiplier":"1","beginTime":"1640549862","endTime":"2020-01-08T12:57-05:00[America/New_York]","close":"302.6776","open":"302.65"}
{"volume":"91517.0","ticker":"AAPL","high":"302.84","amount":"302.5878","period":"PT1M","low":"302.67","multiplier":"1","beginTime":"1640549862","endTime":"2020-01-08T12:58-05:00[America/New_York]","close":"302.735","open":"302.6752"}
{"volume":"54945.0","ticker":"AAPL","high":"302.8211","amount":"302.7486","period":"PT1M","low":"302.6313","multiplier":"1","beginTime":"1640549862","endTime":"2020-01-08T12:59-05:00[America/New_York]","close":"302.6313","open":"302.7358"}
{"volume":"39595.0","ticker":"AAPL","high":"302.77","amount":"302.6931","period":"PT1M","low":"302.62","multiplier":"1","beginTime":"1640549862","endTime":"2020-01-08T13:00-05:00[America/New_York]","close":"302.7632","open":"302.645"}
{"volume":"37583.0","ticker":"AAPL","high":"302.7819","amount":"302.7131","period":"PT1M","low":"302.6269","multiplier":"1","beginTime":"1640549862","endTime":"2020-01-08T13:01-05:00[America/New_York]","close":"302.6683","open":"302.7683"}
{"volume":"63673.0","ticker":"AAPL","high":"302.78","amount":"302.5552","period":"PT1M","low":"302.42","multiplier":"1","beginTime":"1640549862","endTime":"2020-01-08T13:02-05:00[America/New_York]","close":"302.53","open":"302.67"}
{"volume":"26433.0","ticker":"AAPL","high":"302.605","amount":"302.5515","period":"PT1M","low":"302.51","multiplier":"1","beginTime":"1640549862","endTime":"2020-01-08T13:03-05:00[America/New_York]","close":"302.5298","open":"302.53"}
{"volume":"49465.0","ticker":"AAPL","high":"302.61","amount":"302.4973","period":"PT1M","low":"302.4","multiplier":"1","beginTime":"1640549862","endTime":"2020-01-08T13:04-05:00[America/New_York]","close":"302.58","open":"302.535"}
{"volume":"29286.0","ticker":"AAPL","high":"302.64","amount":"302.5807","period":"PT1M","low":"302.53","multiplier":"1","beginTime":"1640549862","endTime":"2020-01-08T13:05-05:00[America/New_York]","close":"302.6355","open":"302.59"}
{"volume":"43541.0","ticker":"AAPL","high":"302.79","amount":"302.7255","period":"PT1M","low":"302.63","multiplier":"1","beginTime":"1640549862","endTime":"2020-01-08T13:06-05:00[America/New_York]","close":"302.73","open":"302.6301"}
{"volume":"69645.0","ticker":"AAPL","high":"302.82","amount":"302.7633","period":"PT1M","low":"302.66","multiplier":"1","beginTime":"1640549862","endTime":"2020-01-08T13:07-05:00[America/New_York]","close":"302.68","open":"302.745"}
{"volume":"55112.0","ticker":"AAPL","high":"302.9","amount":"302.8219","period":"PT1M","low":"302.64","multiplier":"1","beginTime":"1640549862","endTime":"2020-01-08T13:08-05:00[America/New_York]","close":"302.867","open":"302.67"}
{"volume":"44991.0","ticker":"AAPL","high":"302.91","amount":"302.862","period":"PT1M","low":"302.82","multiplier":"1","beginTime":"1640549862","endTime":"2020-01-08T13:09-05:00[America/New_York]","close":"302.835","open":"302.8699"}
{"volume":"52040.0","ticker":"AAPL","high":"302.82","amount":"302.7217","period":"PT1M","low":"302.6258","multiplier":"1","beginTime":"1640549862","endTime":"2020-01-08T13:10-05:00[America/New_York]","close":"302.749","open":"302.82"}
{"volume":"18692.0","ticker":"AAPL","high":"302.7699","amount":"302.7245","period":"PT1M","low":"302.69","multiplier":"1","beginTime":"1640549862","endTime":"2020-01-08T13:11-05:00[America/New_York]","close":"302.69","open":"302.73"}
{"volume":"29022.0","ticker":"AAPL","high":"302.83","amount":"302.7629","period":"PT1M","low":"302.7","multiplier":"1","beginTime":"1640549862","endTime":"2020-01-08T13:12-05:00[America/New_York]","close":"302.7891","open":"302.72"}
{"volume":"51641.0","ticker":"AAPL","high":"302.92","amount":"302.875","period":"PT1M","low":"302.81","multiplier":"1","beginTime":"1640549862","endTime":"2020-01-08T13:13-05:00[America/New_York]","close":"302.92","open":"302.81"}
{"volume":"171774.0","ticker":"AAPL","high":"303.11","amount":"303.0151","period":"PT1M","low":"302.9101","multiplier":"1","beginTime":"1640549862","endTime":"2020-01-08T13:14-05:00[America/New_York]","close":"303.0637","open":"302.92"}
{"volume":"58430.0","ticker":"AAPL","high":"303.0698","amount":"302.9565","period":"PT1M","low":"302.88","multiplier":"1","beginTime":"1640549862","endTime":"2020-01-08T13:15-05:00[America/New_York]","close":"302.9223","open":"303.0552"}
{"volume":"83813.0","ticker":"AAPL","high":"302.99","amount":"302.8454","period":"PT1M","low":"302.69","multiplier":"1","beginTime":"1640549862","endTime":"2020-01-08T13:16-05:00[America/New_York]","close":"302.7","open":"302.923"}
{"volume":"40380.0","ticker":"AAPL","high":"302.72","amount":"302.6693","period":"PT1M","low":"302.6102","multiplier":"1","beginTime":"1640549862","endTime":"2020-01-08T13:17-05:00[America/New_York]","close":"302.63","open":"302.7098"}
{"volume":"50665.0","ticker":"AAPL","high":"302.6999","amount":"302.6443","period":"PT1M","low":"302.6","multiplier":"1","beginTime":"1640549862","endTime":"2020-01-08T13:18-05:00[America/New_York]","close":"302.6139","open":"302.65"}
{"volume":"44880.0","ticker":"AAPL","high":"302.67","amount":"302.6185","period":"PT1M","low":"302.5649","multiplier":"1","beginTime":"1640549862","endTime":"2020-01-08T13:19-05:00[America/New_York]","close":"302.6422","open":"302.625"}
{"volume":"44115.0","ticker":"AAPL","high":"302.67","amount":"302.5851","period":"PT1M","low":"302.51","multiplier":"1","beginTime":"1640549862","endTime":"2020-01-08T13:20-05:00[America/New_York]","close":"302.51","open":"302.63"}
{"volume":"46343.0","ticker":"AAPL","high":"302.54","amount":"302.4785","period":"PT1M","low":"302.4","multiplier":"1","beginTime":"1640549862","endTime":"2020-01-08T13:21-05:00[America/New_York]","close":"302.46","open":"302.525"}
{"volume":"37630.0","ticker":"AAPL","high":"302.63","amount":"302.5518","period":"PT1M","low":"302.42","multiplier":"1","beginTime":"1640549862","endTime":"2020-01-08T13:22-05:00[America/New_York]","close":"302.58","open":"302.47"}
{"volume":"37332.0","ticker":"AAPL","high":"302.59","amount":"302.5403","period":"PT1M","low":"302.5","multiplier":"1","beginTime":"1640549862","endTime":"2020-01-08T13:23-05:00[America/New_York]","close":"302.5607","open":"302.5837"}
{"volume":"35990.0","ticker":"AAPL","high":"302.67","amount":"302.6215","period":"PT1M","low":"302.5301","multiplier":"1","beginTime":"1640549862","endTime":"2020-01-08T13:24-05:00[America/New_York]","close":"302.5466","open":"302.585"}
{"volume":"48652.0","ticker":"AAPL","high":"302.75","amount":"302.6477","period":"PT1M","low":"302.53","multiplier":"1","beginTime":"1640549862","endTime":"2020-01-08T13:25-05:00[America/New_York]","close":"302.7491","open":"302.605"}
{"volume":"61622.0","ticker":"AAPL","high":"302.902","amount":"302.8652","period":"PT1M","low":"302.75","multiplier":"1","beginTime":"1640549862","endTime":"2020-01-08T13:26-05:00[America/New_York]","close":"302.9","open":"302.76"}
{"volume":"26304.0","ticker":"AAPL","high":"302.97","amount":"302.9332","period":"PT1M","low":"302.9","multiplier":"1","beginTime":"1640549862","endTime":"2020-01-08T13:27-05:00[America/New_York]","close":"302.9299","open":"302.9097"}
{"volume":"36529.0","ticker":"AAPL","high":"302.99","amount":"302.9432","period":"PT1M","low":"302.9","multiplier":"1","beginTime":"1640549862","endTime":"2020-01-08T13:28-05:00[America/New_York]","close":"302.925","open":"302.92"}
{"volume":"35224.0","ticker":"AAPL","high":"302.95","amount":"302.9291","period":"PT1M","low":"302.9","multiplier":"1","beginTime":"1640549862","endTime":"2020-01-08T13:29-05:00[America/New_York]","close":"302.9212","open":"302.914"}
{"volume":"54055.0","ticker":"AAPL","high":"302.97","amount":"302.9243","period":"PT1M","low":"302.86","multiplier":"1","beginTime":"1640549862","endTime":"2020-01-08T13:30-05:00[America/New_York]","close":"302.9307","open":"302.9314"}
{"volume":"37163.0","ticker":"AAPL","high":"303.0","amount":"302.9632","period":"PT1M","low":"302.9","multiplier":"1","beginTime":"1640549862","endTime":"2020-01-08T13:31-05:00[America/New_York]","close":"302.9733","open":"302.9536"}
{"volume":"62430.0","ticker":"AAPL","high":"303.09","amount":"303.0308","period":"PT1M","low":"302.97","multiplier":"1","beginTime":"1640549862","endTime":"2020-01-08T13:32-05:00[America/New_York]","close":"303.09","open":"302.9755"}
{"volume":"116946.0","ticker":"AAPL","high":"303.23","amount":"303.1527","period":"PT1M","low":"303.06","multiplier":"1","beginTime":"1640549862","endTime":"2020-01-08T13:33-05:00[America/New_York]","close":"303.19","open":"303.09"}
{"volume":"63940.0","ticker":"AAPL","high":"303.19","amount":"303.0728","period":"PT1M","low":"302.97","multiplier":"1","beginTime":"1640549862","endTime":"2020-01-08T13:34-05:00[America/New_York]","close":"302.97","open":"303.1898"}
{"volume":"52860.0","ticker":"AAPL","high":"303.0437","amount":"302.9728","period":"PT1M","low":"302.8501","multiplier":"1","beginTime":"1640549862","endTime":"2020-01-08T13:35-05:00[America/New_York]","close":"302.98","open":"302.9517"}
{"volume":"53608.0","ticker":"AAPL","high":"303.1","amount":"303.0281","period":"PT1M","low":"302.97","multiplier":"1","beginTime":"1640549862","endTime":"2020-01-08T13:36-05:00[America/New_York]","close":"303.01","open":"302.98"}
{"volume":"40742.0","ticker":"AAPL","high":"303.07","amount":"303.0113","period":"PT1M","low":"302.9301","multiplier":"1","beginTime":"1640549862","endTime":"2020-01-08T13:37-05:00[America/New_York]","close":"303.06","open":"303.0"}
{"volume":"26193.0","ticker":"AAPL","high":"303.07","amount":"302.9969","period":"PT1M","low":"302.9","multiplier":"1","beginTime":"1640549862","endTime":"2020-01-08T13:38-05:00[America/New_York]","close":"302.915","open":"303.07"}
{"volume":"67291.0","ticker":"AAPL","high":"303.12","amount":"303.0313","period":"PT1M","low":"302.9096","multiplier":"1","beginTime":"1640549862","endTime":"2020-01-08T13:39-05:00[America/New_York]","close":"303.01","open":"302.9199"}
{"volume":"28736.0","ticker":"AAPL","high":"303.04","amount":"302.9913","period":"PT1M","low":"302.94","multiplier":"1","beginTime":"1640549862","endTime":"2020-01-08T13:40-05:00[America/New_York]","close":"302.9668","open":"303.02"}
{"volume":"33378.0","ticker":"AAPL","high":"303.02","amount":"302.993","period":"PT1M","low":"302.9653","multiplier":"1","beginTime":"1640549862","endTime":"2020-01-08T13:41-05:00[America/New_York]","close":"303.02","open":"302.98"}
{"volume":"40901.0","ticker":"AAPL","high":"303.1","amount":"303.0426","period":"PT1M","low":"302.99","multiplier":"1","beginTime":"1640549862","endTime":"2020-01-08T13:42-05:00[America/New_York]","close":"303.0682","open":"303.0395"}
{"volume":"26265.0","ticker":"AAPL","high":"303.14","amount":"303.1057","period":"PT1M","low":"303.0668","multiplier":"1","beginTime":"1640549862","endTime":"2020-01-08T13:43-05:00[America/New_York]","close":"303.11","open":"303.07"}
{"volume":"39303.0","ticker":"AAPL","high":"303.15","amount":"303.1259","period":"PT1M","low":"303.07","multiplier":"1","beginTime":"1640549862","endTime":"2020-01-08T13:44-05:00[America/New_York]","close":"303.07","open":"303.12"}
{"volume":"71974.0","ticker":"AAPL","high":"303.07","amount":"302.9161","period":"PT1M","low":"302.79","multiplier":"1","beginTime":"1640549862","endTime":"2020-01-08T13:45-05:00[America/New_York]","close":"302.93","open":"303.07"}
{"volume":"24391.0","ticker":"AAPL","high":"302.98","amount":"302.9354","period":"PT1M","low":"302.885","multiplier":"1","beginTime":"1640549862","endTime":"2020-01-08T13:46-05:00[America/New_York]","close":"302.96","open":"302.9403"}
{"volume":"29612.0","ticker":"AAPL","high":"303.0","amount":"302.9329","period":"PT1M","low":"302.8684","multiplier":"1","beginTime":"1640549862","endTime":"2020-01-08T13:47-05:00[America/New_York]","close":"302.88","open":"302.96"}
{"volume":"33274.0","ticker":"AAPL","high":"302.92","amount":"302.8648","period":"PT1M","low":"302.78","multiplier":"1","beginTime":"1640549862","endTime":"2020-01-08T13:48-05:00[America/New_York]","close":"302.83","open":"302.88"}
{"volume":"49209.0","ticker":"AAPL","high":"302.81","amount":"302.7447","period":"PT1M","low":"302.7","multiplier":"1","beginTime":"1640549862","endTime":"2020-01-08T13:49-05:00[America/New_York]","close":"302.79","open":"302.81"}
[{}, {}, {}, {}, {}, {}, {}, {}, {}, {}, {}, {}, {}, {}, {}, {}, {}, {}, {}, {}, {}, {}, {}, {}, {}, {}, {}, {}, {}, {}, {}, {}, {}, {}, {}, {}, {}, {}, {}, {}, {}, {}, {}, {}, {}, {}, {}, {}, {}, {}, {}, {}, {}, {}, {}, {}, {}, {}, {}, {}, {}, {}, {}, {}, {}, {}, {}, {}, {}, {}, {}, {}, {}, {}, {}, {}, {}, {}, {}, {}, {}, {}, {}, {}, {}, {}, {}, {}, {}, {}, {}, {}, {}, {}, {}, {}, {}, {}, {}, {}, {}, {}, {}, {}, {}, {}, {}, {}, {}, {}, {}, {}, {}, {}, {}, {}, {}, {}, {}, {}, {}, {}, {}, {}, {}, {}, {}, {}, {}, {}, {}, {}, {}, {}, {}, {}, {}, {}, {}, {}, {}, {}, {}, {}, {}, {}, {}, {}, {}, {}, {}, {}, {}, {}, {}, {}, {}, {}, {}, {}, {}, {}, {}, {}, {}, {}, {}, {}, {}, {}, {}, {}, {}, {}, {}, {}, {}, {}, {}, {}, {}, {}, {}, {}, {}, {}, {}, {}, {}, {}, {}, {}, {}, {}, {}, {}, {}, {}, {}, {}, {}, {}, {}, {}, {}, {}, {}, {}, {}, {}, {}, {}, {}, {}, {}, {}, {}, {}, {}, {}, {}, {}, {}, {}, {}, {}, {}, {}, {}, {}, {}, {}, {}, {}, {}, {}, {}, {}, {}, {}, {}, {}, {}, {}, {}, {}, {}, {}, {}, {}, {}, {}, {}, {}, {}, {}, {}, {}, {}, {}, {}, {}, {}, {}, {}, {}, {}, {}, {}, {}, {}, {}, {}, {}, {}, {}, {}, {}, {}, {}, {}, {}, {}, {}, {}, {}, {}, {}, {}, {}, {}, {}, {}, {}, {}, {}, {}, {}, {}, {}, {}, {}, {}, {}, {}, {}, {}, {}, {}, {}, {}, {}, {}, {}, {}, {}, {}, {}, {}, {}, {}, {}, {}, {}, {}, {}, {}, {}, {}, {}, {}, {}, {}, {}, {}, {}, {}, {}, {}, {}, {}, {}, {}, {}, {}, {}, {}, {}, {}, {}, {}, {}, {}, {}, {}, {}, {}, {}, {}, {}, {}, {}, {}, {}, {}, {}, {}, {}, {}, {}, {}, {}, {}, {}, {}, {}, {}, {}, {}, {}, {}, {}, {}, {}, {}, {}, {}, {}, {}, {}, {}, {}, {}, {}, {}, {}, {}, {}, {}, {}, {}, {}, {}, {}, {}, {}, {}, {}, {}, {}, {}, {}, {}, {}, {}, {}, {}, {}, {}, {}, {}, {}, {}, {}, {}, {}, {}, {}, {}, {}, {}, {}, {}, {}, {}, {}, {}, {}, {}, {}, {}, {}, {}, {}, {}, {}, {}, {}, {}, {}, {}, {}, {}, {}, {}, {}, {}, {}, {}, {}, {}, {}, {}, {}, {}, {}, {}, {}, {}, {}, {}, {}, {}, {}, {}, {}, {}, {}, {}, {}, {}, {}, {}, {}, {}, {}, {}, {}, {}, {}, {}, {}, {}, {}, {}, {}, {}, {}, {}, {}, {}, {}, {}, {}, {}, {}, {}, {}, {}, {}, {}, {}, {}, {}, {}, {}, {}, {}, {}, {}, {}, {}, {}, {}, {}, {}, {}, {}, {}, {}, {}, {}, {}, {}, {}, {}, {}, {}, {}, {}, {}, {}, {}, {}, {}, {}, {}, {}, {}, {}, {}, {}, {}, {}, {}, {}, {}, {}, {}, {}, {}, {}, {}, {}, {}, {}, {}, {}, {}, {}, {}, {}, {}, {}, {}, {}, {}, {}, {}, {}, {}, {}, {}, {}, {}, {}, {}, {}, {}, {}, {}, {}, {}, {}, {}, {}, {}, {}, {}, {}, {}, {}, {}, {}, {}, {}, {}, {}, {}, {}, {}, {}, {}, {}, {}, {}, {}, {}, {}, {}, {}, {}, {}, {}, {}, {}, {}, {}, {}, {}, {}, {}, {}, {}, {}, {}, {}, {}, {}, {}, {}, {}, {}, {}, {}, {}, {}, {}, {}, {}, {}, {}, {}, {}, {}, {}, {}, {}, {}, {}, {}, {}, {}, {}, {}, {}, {}, {}, {}, {}, {}, {}, {}, {}, {}, {}, {}, {}, {}, {}, {}, {}, {}, {}, {}, {}, {}, {}, {}, {}, {}, {}, {}, {}, {}, {}, {}, {}, {}, {}, {}, {}, {}, {}, {}, {}, {}, {}, {}, {}, {}, {}, {}, {}, {}, {}, {}, {}, {}, {}, {}, {}, {}, {}, {}, {}, {}, {}, {}, {}, {}, {}, {}, {}, {}, {}, {}, {}, {}, {}, {}, {}, {}, {}, {}, {}, {}, {}, {}, {}, {}, {}, {}, {}, {}, {}, {}, {}, {}, {}, {}, {}, {}, {}, {}, {}, {}, {}, {}, {}, {}, {}, {}, {}, {}, {}, {}, {}, {}, {}, {}, {}, {}, {}, {}, {}, {}, {}, {}, {}, {}, {}, {}, {}, {}, {}, {}, {}, {}, {}, {}, {}, {}, {}, {}, {}, {}, {}, {}, {}, {}, {}, {}, {}, {}, {}, {}, {}, {}, {}, {}, {}, {}, {}, {}, {}, {}, {}, {}, {}, {}, {}, {}, {}, {}, {}, {}, {}, {}, {}, {}, {}, {}, {}, {}, {}, {}, {}, {}, {}, {}, {}, {}, {}, {}, {}, {}, {}, {}, {}, {}, {}, {}, {}, {}, {}, {}, {}, {}, {}, {}, {}, {}, {}, {}, {}, {}, {}, {}, {}, {}, {}, {}, {}, {}, {}, {}, {}, {}, {}, {}, {}, {}, {}, {}, {}, {}, {}, {}, {}, {}, {}, {}, {}, {}, {}, {}, {}, {}, {}, {}, {}, {}, {}, {}, {}, {}, {}, {}, {}, {}, {}, {}, {}, {}, {}, {}, {}, {}, {}, {}, {}, {}, {}, {}, {}, {}, {}, {}, {}, {}, {}, {}, {}, {}, {}, {}, {}, {}, {}, {}, {}, {}, {}, {}, {}, {}, {}, {}, {}, {}, {}, {}, {}, {}, {}, {}, {}, {}, {}, {}, {}, {}, {}, {}, {}, {}, {}, {}, {}, {}, {}, {}, {}, {}, {}, {}, {}, {}, {}, {}, {}, {}, {}, {}, {}, {}, {}, {}, {}, {}, {}, {}, {}, {}, {}, {}, {}, {}, {}, {}, {}, {}, {}, {}, {}, {}, {}, {}, {}, {}, {}, {}, {}, {}, {}, {}, {}, {}, {}, {}, {}, {}, {}, {}, {}, {}, {}, {}, {}, {}, {}, {}, {}, {}, {}, {}, {}, {}, {}, {}, {}, {}, {}, {}, {}, {}, {}, {}, {}, {}, {}, {}, {}, {}, {}, {}, {}, {}, {}, {}, {}, {}, {}, {}, {}, {}, {}, {}, {}, {}, {}, {}, {}, {}, {}, {}, {}, {}, {}, {}, {}, {}, {}, {}, {}, {}, {}, {}, {}, {}, {}, {}, {}, {}, {}, {}, {}, {}, {}, {}, {}, {}, {}, {}, {}, {}, {}, {}, {}, {}, {}, {}, {}, {}, {}, {}, {}, {}, {}, {}, {}, {}, {}, {}, {}, {}, {}, {}, {}, {}, {}, {}, {}, {}, {}, {}, {}, {}, {}, {}, {}, {}, {}, {}, {}, {}, {}, {}, {}, {}, {}, {}, {}, {}, {}, {}, {}, {}, {}, {}, {}, {}, {}, {}, {}, {}, {}, {}, {}, {}, {}, {}, {}, {}, {}, {}, {}, {}, {}, {}, {}, {}, {}, {}, {}, {}, {}, {}, {}, {}, {}, {}, {}, {}, {}, {}, {}, {}, {}, {}, {}, {}, {}, {}, {}, {}, {}, {}, {}, {}, {}, {}, {}, {}, {}, {}, {}, {}, {}, {}, {}, {}, {}, {}, {}, {}, {}, {}, {}, {}, {}, {}, {}, {}, {}, {}, {}, {}, {}, {}, {}, {}, {}, {}, {}, {}, {}, {}, {}, {}, {}, {}, {}, {}, {}, {}, {}, {}, {}, {}, {}, {}, {}, {}, {}, {}, {}, {}, {}, {}, {}, {}, {}, {}, {}, {}, {}, {}, {}, {}, {}, {}, {}, {}, {}, {}, {}, {}, {}, {}, {}, {}, {}, {}, {}, {}, {}, {}, {}, {}, {}, {}, {}, {}, {}, {}, {}, {}, {}, {}, {}, {}, {}, {}, {}, {}, {}, {}, {}, {}, {}, {}, {}, {}, {}, {}, {}, {}, {}, {}, {}, {}, {}, {}, {}, {}, {}, {}, {}, {}, {}, {}, {}, {}, {}, {}, {}, {}, {}, {}, {}, {}, {}, {}, {}, {}, {}, {}, {}, {}, {}, {}, {}, {}, {}, {}, {}, {}, {}, {}, {}, {}, {}, {}, {}, {}, {}, {}, {}, {}, {}, {}, {}, {}, {}, {}, {}, {}, {}, {}, {}, {}, {}, {}, {}, {}, {}, {}, {}, {}, {}, {}, {}, {}, {}, {}, {}, {}, {}, {}, {}, {}, {}, {}, {}, {}, {}, {}, {}, {}, {}, {}, {}, {}, {}, {}, {}, {}, {}, {}, {}, {}, {}, {}, {}, {}, {}, {}, {}, {}, {}, {}, {}, {}, {}, {}, {}, {}, {}, {}, {}, {}, {}, {}, {}, {}, {}, {}, {}, {}, {}, {}, {}, {}, {}, {}, {}, {}, {}, {}, {}, {}, {}, {}, {}, {}, {}, {}, {}, {}, {}, {}, {}, {}, {}, {}, {}, {}, {}, {}, {}, {}, {}, {}, {}, {}, {}, {}, {}, {}, {}, {}, {}, {}, {}, {}, {}, {}, {}, {}, {}, {}, {}, {}, {}, {}, {}, {}, {}, {}, {}, {}, {}, {}, {}, {}, {}, {}, {}, {}, {}, {}, {}, {}, {}, {}, {}, {}, {}, {}, {}, {}, {}, {}, {}, {}, {}, {}, {}, {}, {}, {}, {}, {}, {}, {}, {}, {}, {}, {}, {}, {}, {}, {}, {}, {}, {}, {}, {}, {}, {}, {}, {}, {}, {}, {}, {}, {}, {}, {}, {}, {}, {}, {}, {}, {}, {}, {}, {}, {}, {}, {}, {}, {}, {}, {}, {}, {}, {}, {}, {}, {}, {}, {}, {}, {}, {}, {}, {}, {}, {}, {}, {}, {}, {}, {}, {}, {}, {}, {}, {}, {}, {}, {}, {}, {}, {}, {}, {}, {}, {}, {}, {}, {}, {}, {}, {}, {}, {}, {}, {}, {}, {}, {}, {}, {}, {}, {}, {}, {}, {}, {}, {}, {}, {}, {}, {}, {}, {}, {}, {}, {}, {}, {}, {}, {}, {}, {}, {}, {}, {}, {}, {}, {}, {}, {}, {}, {}, {}, {}, {}, {}, {}, {}, {}, {}, {}, {}, {}, {}, {}, {}, {}, {}, {}, {}, {}, {}, {}, {}, {}, {}, {}, {}, {}, {}, {}, {}, {}, {}, {}, {}, {}, {}, {}, {}, {}, {}, {}, {}, {}, {}, {}, {}, {}, {}, {}, {}, {}, {}, {}, {}, {}, {}, {}, {}, {}, {}, {}, {}, {}, {}, {}, {}, {}, {}, {}, {}, {}, {}, {}, {}, {}, {}, {}, {}, {}, {}, {}, {}, {}, {}, {}, {}, {}, {}, {}, {}, {}, {}, {}, {}, {}, {}, {}, {}, {}, {}, {}, {}, {}, {}, {}, {}, {}, {}, {}, {}, {}, {}, {}, {}, {}, {}, {}, {}, {}, {}, {}, {}, {}, {}, {}, {}, {}, {}, {}, {}, {}, {}, {}, {}, {}, {}, {}, {}, {}, {}, {}, {}, {}, {}, {}, {}, {}, {}, {}, {}, {}, {}, {}, {}, {}, {}, {}, {}, {}, {}, {}, {}, {}, {}, {}, {}, {}, {}, {}, {}, {}, {}, {}, {}, {}, {}, {}, {}, {}, {}, {}, {}, {}, {}, {}, {}, {}, {}, {}, {}, {}, {}, {}, {}, {}, {}, {}, {}, {}, {}, {}, {}, {}, {}, {}, {}, {}, {}, {}, {}, {}, {}, {}, {}, {}, {}, {}, {}, {}, {}, {}, {}, {}, {}, {}, {}, {}, {}, {}, {}, {}, {}, {}, {}, {}, {}, {}, {}, {}, {}, {}, {}, {}, {}, {}, {}, {}, {}, {}, {}, {}, {}, {}, {}, {}, {}, {}, {}, {}, {}, {}, {}, {}, {}, {}, {}, {}, {}, {}, {}, {}, {}, {}, {}, {}, {}, {}, {}, {}, {}, {}, {}, {}, {}, {}, {}, {}, {}, {}, {}, {}, {}, {}, {}, {}, {}, {}, {}, {}, {}, {}, {}, {}, {}, {}, {}, {}, {}, {}, {}, {}, {}, {}, {}, {}, {}, {}, {}, {}, {}, {}, {}, {}, {}, {}, {}, {}, {}, {}, {}, {}, {}, {}, {}, {}, {}, {}, {}, {}, {}, {}, {}, {}, {}, {}, {}, {}, {}, {}, {}, {}, {}, {}, {}, {}, {}, {}, {}, {}, {}, {}, {}, {}, {}, {}, {}, {}, {}, {}, {}, {}, {}, {}, {}, {}, {}, {}, {}, {}, {}, {}, {}, {}, {}, {}, {}, {}, {}, {}, {}, {}, {}, {}, {}, {}, {}, {}, {}, {}, {}, {}, {}, {}, {}, {}, {}, {}, {}, {}, {}, {}, {}, {}, {}, {}, {}, {}, {}, {}, {}, {}, {}, {}, {}, {}, {}, {}, {}, {}, {}, {}, {}, {}, {}, {}, {}, {}, {}, {}, {}, {}, {}, {}, {}, {}, {}, {}, {}, {}, {}, {}, {}, {}, {}, {}, {}, {}, {}, {}, {}, {}, {}, {}, {}, {}, {}, {}, {}, {}, {}, {}, {}, {}, {}, {}, {}, {}, {}, {}, {}, {}, {}, {}, {}, {}, {}, {}, {}, {}, {}, {}, {}, {}, {}, {}, {}, {}, {}, {}, {}, {}, {}, {}, {}, {}, {}, {}, {}, {}, {}, {}, {}, {}, {}, {}, {}, {}, {}, {}, {}, {}, {}, {}, {}, {}, {}, {}, {}, {}, {}, {}, {}, {}, {}, {}, {}, {}, {}, {}, {}, {}, {}, {}, {}, {}, {}, {}, {}, {}, {}, {}, {}, {}, {}, {}, {}, {}, {}, {}, {}, {}, {}, {}, {}, {}, {}, {}, {}, {}, {}, {}, {}, {}, {}, {}, {}, {}, {}, {}, {}, {}, {}, {}, {}, {}, {}, {}, {}, {}, {}, {}, {}, {}, {}, {}, {}, {}, {}, {}, {}, {}, {}, {}, {}, {}, {}, {}, {}, {}, {}, {}, {}, {}, {}, {}, {}, {}, {}, {}, {}, {}, {}, {}, {}, {}, {}, {}, {}, {}, {}, {}, {}, {}, {}, {}, {}, {}, {}, {}, {}, {}, {}, {}, {}, {}, {}, {}, {}, {}, {}, {}, {}, {}, {}, {}, {}, {}, {}, {}, {}, {}, {}, {}, {}, {}, {}, {}, {}, {}, {}, {}, {}, {}, {}, {}, {}, {}, {}, {}, {}, {}, {}, {}, {}, {}, {}, {}, {}, {}, {}, {}, {}, {}, {}, {}, {}, {}, {}, {}, {}, {}, {}, {}, {}, {}, {}, {}, {}, {}, {}, {}, {}, {}, {}, {}, {}, {}, {}, {}, {}, {}, {}, {}, {}, {}, {}, {}, {}, {}, {}, {}, {}, {}, {}, {}, {}, {}, {}, {}, {}, {}, {}, {}, {}, {}, {}, {}, {}, {}, {}, {}, {}, {}, {}, {}, {}, {}, {}, {}, {}, {}, {}, {}, {}, {}, {}, {}, {}, {}, {}, {}, {}, {}, {}, {}, {}, {}, {}, {}, {}, {}, {}, {}, {}, {}, {}, {}, {}, {}, {}, {}, {}, {}, {}, {}, {}, {}, {}, {}, {}, {}, {}, {}, {}, {}, {}, {}, {}, {}, {}, {}, {}, {}, {}, {}, {}, {}, {}, {}, {}, {}, {}, {}, {}, {}, {}, {}, {}, {}, {}, {}, {}, {}, {}, {}, {}, {}, {}, {}, {}, {}, {}, {}, {}, {}, {}, {}, {}, {}, {}, {}, {}, {}, {}, {}, {}, {}, {}, {}, {}, {}, {}, {}, {}, {}, {}, {}, {}, {}, {}, {}, {}, {}, {}, {}, {}, {}, {}, {}, {}, {}, {}, {}, {}, {}, {}, {}, {}, {}, {}, {}, {}, {}, {}, {}, {}, {}, {}, {}, {}, {}, {}, {}, {}, {}, {}, {}, {}, {}, {}, {}, {}, {}, {}, {}, {}, {}, {}, {}, {}, {}, {}, {}, {}, {}, {}, {}, {}, {}, {}, {}, {}, {}, {}, {}, {}, {}, {}, {}, {}, {}, {}, {}, {}, {}, {}, {}, {}, {}, {}, {}, {}, {}, {}, {}, {}, {}, {}, {}, {}, {}, {}, {}, {}, {}, {}, {}, {}, {}, {}, {}, {}, {}, {}, {}, {}, {}, {}, {}, {}, {}, {}, {}, {}, {}, {}, {}, {}, {}, {}, {}, {}, {}, {}, {}, {}, {}, {}, {}, {}, {}, {}, {}, {}, {}, {}, {}, {}, {}, {}, {}, {}, {}, {}, {}, {}, {}, {}, {}, {}, {}, {}, {}, {}, {}, {}, {}, {}, {}, {}, {}, {}, {}, {}, {}, {}, {}, {}, {}, {}, {}, {}, {}, {}, {}, {}, {}, {}, {}, {}, {}, {}, {}, {}, {}, {}, {}, {}, {}, {}, {}, {}, {}, {}, {}, {}, {}, {}, {}, {}, {}, {}, {}, {}, {}, {}, {}, {}, {}, {}, {}, {}, {}, {}, {}, {}, {}, {}, {}, {}, {}, {}, {}, {}, {}, {}, {}, {}, {}, {}, {}, {}, {}, {}, {}, {}, {}, {}, {}, {}, {}, {}, {}, {}, {}, {}, {}, {}, {}, {}, {}, {}, {}, {}, {}, {}, {}, {}, {}, {}, {}, {}, {}, {}, {}, {}, {}, {}, {}, {}, {}, {}, {}, {}, {}, {}, {}, {}, {}, {}, {}, {}, {}, {}, {}, {}, {}, {}, {}, {}, {}, {}, {}, {}, {}, {}, {}, {}, {}, {}, {}, {}, {}, {}, {}, {}, {}, {}, {}, {}, {}, {}, {}, {}, {}, {}, {}, {}, {}, {}, {}, {}, {}, {}, {}, {}, {}, {}, {}, {}, {}, {}, {}, {}, {}, {}, {}, {}, {}, {}, {}, {}, {}, {}, {}, {}, {}, {}, {}, {}, {}, {}, {}, {}, {}, {}, {}, {}, {}, {}, {}, {}, {}, {}, {}, {}, {}, {}, {}, {}, {}, {}, {}, {}, {}, {}, {}, {}, {}, {}, {}, {}, {}, {}, {}, {}, {}, {}, {}, {}, {}, {}, {}, {}, {}, {}, {}, {}, {}, {}, {}, {}, {}, {}, {}, {}, {}, {}, {}, {}, {}, {}, {}, {}, {}, {}, {}, {}, {}, {}, {}, {}, {}, {}, {}, {}, {}, {}, {}, {}, {}, {}, {}, {}, {}, {}, {}, {}, {}, {}, {}, {}, {}, {}, {}, {}, {}, {}, {}, {}, {}, {}, {}, {}, {}, {}, {}, {}, {}, {}, {}, {}, {}, {}, {}, {}, {}, {}, {}, {}, {}, {}, {}, {}, {}, {}, {}, {}, {}, {}, {}, {}, {}, {}, {}, {}, {}, {}, {}, {}, {}, {}, {}, {}, {}, {}, {}, {}, {}, {}, {}, {}, {}, {}, {}, {}, {}, {}, {}, {}, {}, {}, {}, {}, {}, {}, {}, {}, {}, {}, {}, {}, {}, {}, {}, {}, {}, {}, {}, {}, {}, {}, {}, {}, {}, {}, {}, {}, {}, {}, {}, {}, {}, {}, {}, {}, {}, {}, {}, {}, {}, {}, {}, {}, {}, {}, {}, {}, {}, {}, {}, {}, {}, {}, {}, {}, {}, {}, {}, {}, {}, {}, {}, {}, {}, {}, {}, {}, {}, {}, {}, {}, {}, {}, {}, {}, {}, {}, {}, {}, {}, {}, {}, {}, {}, {}, {}, {}, {}, {}, {}, {}, {}, {}, {}, {}, {}, {}, {}, {}, {}, {}, {}, {}, {}, {}, {}, {}, {}, {}, {}, {}, {}, {}, {}, {}, {}, {}, {}, {}, {}, {}, {}, {}, {}, {}, {}, {}, {}, {}, {}, {}, {}, {}, {}, {}, {}, {}, {}, {}, {}, {}, {}, {}, {}, {}, {}, {}, {}, {}, {}, {}, {}, {}, {}, {}, {}, {}, {}, {}, {}, {}, {}, {}, {}, {}, {}, {}, {}, {}, {}, {}, {}, {}, {}, {}, {}, {}, {}, {}, {}, {}, {}, {}, {}, {}, {}, {}, {}, {}, {}, {}, {}, {}, {}, {}, {}, {}, {}, {}, {}, {}, {}, {}, {}, {}, {}, {}, {}, {}, {}, {}, {}, {}, {}, {}, {}, {}, {}, {}, {}, {}, {}, {}, {}, {}, {}, {}, {}, {}, {}, {}, {}, {}, {}, {}, {}, {}, {}, {}, {}, {}, {}, {}, {}, {}, {}, {}, {}, {}, {}, {}, {}, {}, {}, {}, {}, {}, {}, {}, {}, {}, {}, {}, {}, {}, {}, {}, {}, {}, {}, {}, {}, {}, {}, {}, {}, {}, {}, {}, {}, {}, {}, {}, {}, {}, {}, {}, {}, {}, {}, {}, {}, {}, {}, {}, {}, {}, {}, {}, {}, {}, {}, {}, {}, {}, {}, {}, {}, {}, {}, {}, {}, {}, {}, {}, {}, {}, {}, {}, {}, {}, {}, {}, {}, {}, {}, {}, {}, {}, {}, {}, {}, {}, {}, {}, {}, {}, {}, {}, {}, {}, {}, {}, {}, {}, {}, {}, {}, {}, {}, {}, {}, {}, {}, {}, {}, {}, {}, {}, {}, {}, {}, {}, {}, {}, {}, {}, {}, {}, {}, {}, {}, {}, {}, {}, {}, {}, {}, {}, {}, {}, {}, {}, {}, {}, {}, {}, {}, {}, {}, {}, {}, {}, {}, {}, {}, {}, {}, {}, {}, {}, {}, {}, {}, {}, {}, {}, {}, {}, {}, {}, {}, {}, {}, {}, {}, {}, {}, {}, {}, {}, {}, {}, {}, {}, {}, {}, {}, {}, {}, {}, {}, {}, {}, {}, {}, {}, {}, {}, {}, {}, {}, {}, {}, {}, {}, {}, {}, {}, {}, {}, {}, {}, {}, {}, {}, {}, {}, {}, {}, {}, {}, {}, {}, {}, {}, {}, {}, {}, {}, {}, {}, {}, {}, {}, {}, {}, {}, {}, {}, {}, {}, {}, {}, {}, {}, {}, {}, {}, {}, {}, {}, {}, {}, {}, {}, {}, {}, {}, {}, {}, {}, {}, {}, {}, {}, {}, {}, {}, {}, {}, {}, {}, {}, {}, {}, {}, {}, {}, {}, {}, {}, {}, {}, {}, {}, {}, {}, {}, {}, {}, {}, {}, {}, {}, {}, {}, {}, {}, {}, {}, {}, {}, {}, {}, {}, {}, {}, {}, {}, {}, {}, {}, {}, {}, {}, {}, {}, {}, {}, {}, {}, {}, {}, {}, {}, {}, {}, {}, {}, {}, {}, {}, {}, {}, {}, {}, {}, {}, {}, {}, {}, {}, {}, {}, {}, {}, {}, {}, {}, {}, {}, {}, {}, {}, {}, {}, {}, {}, {}, {}, {}, {}, {}, {}, {}, {}, {}, {}, {}, {}, {}, {}, {}, {}, {}, {}, {}, {}, {}, {}, {}, {}, {}, {}, {}, {}, {}, {}, {}, {}, {}, {}, {}, {}, {}, {}, {}, {}, {}, {}, {}, {}, {}, {}, {}, {}, {}, {}, {}, {}, {}, {}, {}, {}, {}, {}, {}, {}, {}, {}, {}, {}, {}, {}, {}, {}, {}, {}, {}, {}, {}, {}, {}, {}, {}, {}, {}, {}, {}, {}, {}, {}, {}, {}, {}, {}, {}, {}, {}, {}, {}, {}, {}, {}, {}, {}, {}, {}, {}, {}, {}, {}, {}, {}, {}, {}, {}, {}, {}, {}, {}, {}, {}, {}, {}, {}, {}, {}, {}, {}, {}, {}, {}, {}, {}, {}, {}, {}, {}, {}, {}, {}, {}, {}, {}, {}, {}, {}, {}, {}, {}, {}, {}, {}, {}, {}, {}, {}, {}, {}, {}, {}, {}, {}, {}, {}, {}, {}, {}, {}, {}, {}, {}, {}, {}, {}, {}, {}, {}, {}, {}, {}, {}, {}, {}, {}, {}, {}, {}, {}, {}, {}, {}, {}, {}, {}, {}, {}, {}, {}, {}, {}, {}, {}, {}, {}, {}, {}, {}, {}, {}, {}, {}, {}, {}, {}, {}, {}, {}, {}, {}, {}, {}, {}, {}, {}, {}, {}, {}, {}, {}, {}, {}, {}, {}, {}, {}, {}, {}, {}, {}, {}, {}, {}, {}, {}, {}, {}, {}, {}, {}, {}, {}, {}, {}, {}, {}, {}, {}, {}, {}, {}, {}, {}, {}, {}, {}, {}, {}, {}, {}, {}, {}, {}, {}, {}, {}, {}, {}, {}, {}, {}, {}, {}, {}, {}, {}, {}, {}, {}, {}, {}, {}, {}, {}, {}, {}, {}, {}, {}, {}, {}, {}, {}, {}, {}, {}, {}, {}, {}, {}, {}, {}, {}, {}, {}, {}, {}, {}, {}, {}, {}, {}, {}, {}, {}, {}, {}, {}, {}, {}, {}, {}, {}, {}, {}, {}, {}, {}, {}, {}, {}, {}, {}, {}, {}, {}, {}, {}, {}, {}, {}, {}, {}, {}, {}, {}, {}, {}, {}, {}, {}, {}, {}, {}, {}, {}, {}, {}, {}, {}, {}, {}, {}, {}, {}, {}, {}, {}, {}, {}, {}, {}, {}, {}, {}, {}, {}, {}, {}, {}, {}, {}, {}, {}, {}, {}, {}, {}, {}, {}, {}, {}, {}, {}, {}, {}, {}, {}, {}, {}, {}, {}, {}, {}, {}, {}, {}, {}, {}, {}, {}, {}, {}, {}, {}, {}, {}, {}, {}, {}, {}, {}, {}, {}, {}, {}, {}, {}, {}, {}, {}, {}, {}, {}, {}, {}, {}, {}, {}, {}, {}, {}, {}, {}, {}, {}, {}, {}, {}, {}, {}, {}, {}, {}, {}, {}, {}, {}, {}, {}, {}, {}, {}, {}, {}, {}, {}, {}, {}, {}, {}, {}, {}, {}, {}, {}, {}, {}, {}, {}, {}, {}, {}, {}, {}, {}, {}, {}, {}, {}, {}, {}, {}, {}, {}, {}, {}, {}, {}, {}, {}, {}, {}, {}, {}, {}, {}, {}, {}, {}, {}, {}, {}, {}, {}, {}, {}, {}, {}, {}, {}, {}, {}, {}, {}, {}, {}, {}, {}, {}, {}, {}, {}, {}, {}, {}, {}, {}, {}, {}, {}, {}, {}, {}, {}, {}, {}, {}, {}, {}, {}, {}, {}, {}, {}, {}, {}, {}, {}, {}, {}, {}, {}, {}, {}, {}, {}, {}, {}, {}, {}, {}, {}, {}, {}, {}, {}, {}, {}, {}, {}, {}, {}, {}, {}, {}, {}, {}, {}, {}, {}, {}, {}, {}, {}, {}, {}, {}, {}, {}, {}, {}, {}, {}, {}, {}, {}, {}, {}, {}, {}, {}, {}, {}, {}, {}, {}, {}, {}, {}, {}, {}, {}, {}, {}, {}, {}, {}, {}, {}, {}, {}, {}, {}, {}, {}, {}, {}, {}, {}, {}, {}, {}, {}, {}, {}, {}, {}, {}, {}, {}, {}, {}, {}, {}, {}, {}, {}, {}, {}, {}, {}, {}, {}, {}, {}, {}, {}, {}, {}, {}, {}, {}, {}, {}, {}, {}, {}, {}, {}, {}, {}, {}, {}, {}, {}, {}, {}, {}, {}, {}, {}, {}, {}, {}, {}, {}, {}, {}, {}, {}, {}, {}, {}, {}, {}, {}, {}, {}, {}, {}, {}, {}, {}, {}, {}, {}, {}, {}, {}, {}, {}, {}, {}, {}, {}, {}, {}, {}, {}, {}, {}, {}, {}, {}, {}, {}, {}, {}, {}, {}, {}, {}, {}, {}, {}, {}, {}, {}, {}, {}, {}, {}, {}, {}, {}, {}, {}, {}, {}, {}, {}, {}, {}, {}, {}, {}, {}, {}, {}, {}, {}, {}, {}, {}, {}, {}, {}, {}, {}, {}, {}, {}, {}, {}, {}, {}, {}, {}, {}, {}, {}, {}, {}, {}, {}, {}, {}, {}, {}, {}, {}, {}, {}, {}, {}, {}, {}, {}, {}, {}, {}, {}, {}, {}, {}, {}, {}, {}, {}, {}, {}, {}, {}, {}, {}, {}, {}, {}, {}, {}, {}, {}, {}, {}, {}, {}, {}, {}, {}, {}, {}, {}, {}, {}, {}, {}, {}, {}, {}, {}, {}, {}, {}, {}, {}, {}, {}, {}, {}, {}, {}, {}, {}, {}, {}, {}, {}, {}, {}, {}, {}, {}, {}, {}, {}, {}, {}, {}, {}, {}, {}, {}, {}, {}, {}, {}, {}, {}, {}, {}, {}, {}, {}, {}, {}, {}, {}, {}, {}, {}, {}, {}, {}, {}, {}, {}, {}, {}, {}, {}, {}, {}, {}, {}, {}, {}, {}, {}, {}, {}, {}, {}, {}, {}, {}, {}, {}, {}, {}, {}, {}, {}, {}, {}, {}, {}, {}, {}, {}, {}, {}, {}, {}, {}, {}, {}, {}, {}, {}, {}, {}, {}, {}, {}, {}, {}, {}, {}, {}, {}, {}, {}, {}, {}, {}, {}, {}, {}, {}, {}, {}, {}, {}, {}, {}, {}, {}, {}, {}, {}, {}, {}, {}, {}, {}, {}, {}, {}, {}, {}, {}, {}, {}, {}, {}, {}, {}, {}, {}, {}, {}, {}, {}, {}, {}, {}, {}, {}, {}, {}, {}, {}, {}, {}, {}, {}, {}, {}, {}, {}, {}, {}, {}, {}, {}, {}, {}, {}, {}, {}, {}, {}, {}, {}, {}, {}, {}, {}, {}, {}, {}, {}, {}, {}, {}, {}, {}, {}, {}, {}, {}, {}, {}, {}, {}, {}, {}, {}, {}, {}, {}, {}, {}, {}, {}, {}, {}, {}, {}, {}, {}, {}, {}, {}, {}, {}, {}, {}, {}, {}, {}, {}, {}, {}, {}, {}, {}, {}, {}, {}, {}, {}, {}, {}, {}, {}, {}, {}, {}, {}, {}, {}, {}, {}, {}, {}, {}, {}, {}, {}, {}, {}, {}, {}, {}, {}, {}, {}, {}, {}, {}, {}, {}, {}, {}, {}, {}, {}, {}, {}, {}, {}, {}, {}, {}, {}, {}, {}, {}, {}, {}, {}, {}, {}, {}, {}, {}, {}, {}, {}, {}, {}, {}, {}, {}, {}, {}, {}, {}, {}, {}, {}, {}, {}, {}, {}, {}, {}, {}, {}, {}, {}, {}, {}, {}, {}, {}, {}, {}, {}, {}, {}, {}, {}, {}, {}, {}, {}, {}, {}, {}, {}, {}, {}, {}, {}, {}, {}, {}, {}, {}, {}, {}, {}, {}, {}, {}, {}, {}, {}, {}, {}, {}, {}, {}, {}, {}, {}, {}, {}, {}, {}, {}, {}, {}, {}, {}, {}, {}, {}, {}, {}, {}, {}, {}, {}, {}, {}, {}, {}, {}, {}, {}, {}, {}, {}, {}, {}, {}, {}, {}, {}, {}, {}, {}, {}, {}, {}, {}, {}, {}, {}, {}, {}, {}, {}, {}, {}, {}, {}, {}, {}, {}, {}, {}, {}, {}, {}, {}, {}, {}, {}, {}, {}, {}, {}, {}, {}, {}, {}, {}, {}, {}, {}, {}, {}, {}, {}, {}, {}, {}, {}, {}, {}, {}, {}, {}, {}, {}, {}, {}, {}, {}, {}, {}, {}, {}, {}, {}, {}, {}, {}, {}, {}, {}, {}, {}]
Intercepting application level
Intercepting network level
]]></system-out>
  <system-err><![CDATA[SLF4J: Failed to load class "org.slf4j.impl.StaticLoggerBinder".
SLF4J: Defaulting to no-operation (NOP) logger implementation
SLF4J: See http://www.slf4j.org/codes.html#StaticLoggerBinder for further details.
]]></system-err>
</testsuite>
