<?xml version="1.0" encoding="UTF-8"?>
<testsuite name="lib.taac4k.analysis.ta.conditions.PositionalConditionsTests" tests="5" skipped="0" failures="0" errors="0" timestamp="2021-12-30T03:09:44" hostname="DESKTOP-LSLE137" time="0.094">
  <properties/>
  <testcase name="crossUnderOtherData()" classname="lib.taac4k.analysis.ta.conditions.PositionalConditionsTests" time="0.078"/>
  <testcase name="isOverOtherDataWithIndex()" classname="lib.taac4k.analysis.ta.conditions.PositionalConditionsTests" time="0.004"/>
  <testcase name="isUnderOtherData()" classname="lib.taac4k.analysis.ta.conditions.PositionalConditionsTests" time="0.004"/>
  <testcase name="crossOverOtherDataWithIndex()" classname="lib.taac4k.analysis.ta.conditions.PositionalConditionsTests" time="0.003"/>
  <testcase name="isOverOtherData()" classname="lib.taac4k.analysis.ta.conditions.PositionalConditionsTests" time="0.003"/>
  <system-out><![CDATA[]]></system-out>
  <system-err><![CDATA[SLF4J: Failed to load class "org.slf4j.impl.StaticLoggerBinder".
SLF4J: Defaulting to no-operation (NOP) logger implementation
SLF4J: See http://www.slf4j.org/codes.html#StaticLoggerBinder for further details.
]]></system-err>
</testsuite>
