<?xml version="1.0" encoding="UTF-8"?>
<testsuite name="lib.dank.markets.MarketDataIOTest" tests="3" skipped="0" failures="0" errors="0" timestamp="2021-12-27T21:09:24" hostname="DESKTOP-LSLE137" time="2.05">
  <properties/>
  <testcase name="read()" classname="lib.dank.markets.MarketDataIOTest" time="0.101"/>
  <testcase name="write()" classname="lib.dank.markets.MarketDataIOTest" time="1.853"/>
  <testcase name="toBarSeries()" classname="lib.dank.markets.MarketDataIOTest" time="0.095"/>
  <system-out><![CDATA[Intercepting application level
Intercepting network level
]]></system-out>
  <system-err><![CDATA[SLF4J: Failed to load class "org.slf4j.impl.StaticLoggerBinder".
SLF4J: Defaulting to no-operation (NOP) logger implementation
SLF4J: See http://www.slf4j.org/codes.html#StaticLoggerBinder for further details.
]]></system-err>
</testsuite>
