<?xml version="1.0" encoding="UTF-8"?>
<testsuite name="PolygonTest" tests="1" skipped="0" failures="0" errors="0" timestamp="2021-12-18T15:02:25" hostname="DESKTOP-LSLE137" time="1.168">
  <properties/>
  <testcase name="Test Polygon Client Impl()" classname="PolygonTest" time="1.168"/>
  <system-out><![CDATA[Intercepting application level
Intercepting network level
{end time: 2019-12-19T10:02-05:00[America/New_York], close price: 280.260000, open price: 280.320000, low price: 280.222700, high price: 280.340000, volume: 48142.000000}
{end time: 2019-12-19T10:03-05:00[America/New_York], close price: 280.345300, open price: 280.261500, low price: 280.239200, high price: 280.350000, volume: 42681.000000}
{end time: 2019-12-19T10:04-05:00[America/New_York], close price: 280.230000, open price: 280.350000, low price: 280.195000, high price: 280.350000, volume: 63714.000000}
{end time: 2019-12-19T10:05-05:00[America/New_York], close price: 280.170000, open price: 280.230000, low price: 280.130000, high price: 280.300000, volume: 77161.000000}
{end time: 2019-12-19T10:06-05:00[America/New_York], close price: 280.310000, open price: 280.170000, low price: 280.170000, high price: 280.350000, volume: 57301.000000}
{end time: 2019-12-19T10:07-05:00[America/New_York], close price: 280.160000, open price: 280.322000, low price: 280.120000, high price: 280.328000, volume: 39988.000000}
{end time: 2019-12-19T10:08-05:00[America/New_York], close price: 280.160000, open price: 280.160000, low price: 280.090000, high price: 280.179900, volume: 35500.000000}
{end time: 2019-12-19T10:09-05:00[America/New_York], close price: 280.081000, open price: 280.150000, low price: 280.060000, high price: 280.189500, volume: 49877.000000}
{end time: 2019-12-19T10:10-05:00[America/New_York], close price: 279.910100, open price: 280.100000, low price: 279.910000, high price: 280.130500, volume: 78323.000000}
{end time: 2019-12-19T10:11-05:00[America/New_York], close price: 279.900000, open price: 279.921600, low price: 279.860000, high price: 279.960000, volume: 56385.000000}
{end time: 2019-12-19T10:12-05:00[America/New_York], close price: 279.890000, open price: 279.910000, low price: 279.890000, high price: 280.079900, volume: 64761.000000}
{end time: 2019-12-19T10:13-05:00[America/New_York], close price: 279.950000, open price: 279.896800, low price: 279.820000, high price: 280.040000, volume: 82877.000000}
{end time: 2019-12-19T10:14-05:00[America/New_York], close price: 279.970000, open price: 279.960000, low price: 279.960000, high price: 280.095500, volume: 68999.000000}
{end time: 2019-12-19T10:15-05:00[America/New_York], close price: 280.012100, open price: 279.970000, low price: 279.970000, high price: 280.100000, volume: 51289.000000}
{end time: 2019-12-19T10:16-05:00[America/New_York], close price: 279.877800, open price: 280.020000, low price: 279.860000, high price: 280.050000, volume: 37275.000000}
{end time: 2019-12-19T10:17-05:00[America/New_York], close price: 279.768800, open price: 279.870000, low price: 279.760000, high price: 279.924000, volume: 75919.000000}
{end time: 2019-12-19T10:18-05:00[America/New_York], close price: 279.650000, open price: 279.762300, low price: 279.650000, high price: 279.780000, volume: 50457.000000}
{end time: 2019-12-19T10:19-05:00[America/New_York], close price: 279.660000, open price: 279.640000, low price: 279.570000, high price: 279.680000, volume: 63594.000000}
{end time: 2019-12-19T10:20-05:00[America/New_York], close price: 279.915900, open price: 279.670000, low price: 279.645000, high price: 279.930000, volume: 69447.000000}
{end time: 2019-12-19T10:21-05:00[America/New_York], close price: 279.840000, open price: 279.920000, low price: 279.810100, high price: 279.950000, volume: 73131.000000}
{end time: 2019-12-19T10:22-05:00[America/New_York], close price: 279.980000, open price: 279.830000, low price: 279.820000, high price: 280.080000, volume: 77092.000000}
{end time: 2019-12-19T10:23-05:00[America/New_York], close price: 279.940000, open price: 279.980000, low price: 279.855200, high price: 280.060000, volume: 43127.000000}
{end time: 2019-12-19T10:24-05:00[America/New_York], close price: 279.949900, open price: 279.955000, low price: 279.920000, high price: 280.000000, volume: 34969.000000}
{end time: 2019-12-19T10:25-05:00[America/New_York], close price: 279.980000, open price: 279.946100, low price: 279.920000, high price: 280.050000, volume: 47017.000000}
{end time: 2019-12-19T10:26-05:00[America/New_York], close price: 279.930000, open price: 279.975000, low price: 279.860100, high price: 280.010000, volume: 55629.000000}
{end time: 2019-12-19T10:27-05:00[America/New_York], close price: 280.100000, open price: 279.920500, low price: 279.810000, high price: 280.100000, volume: 48395.000000}
{end time: 2019-12-19T10:28-05:00[America/New_York], close price: 280.159000, open price: 280.094000, low price: 280.070000, high price: 280.200000, volume: 59772.000000}
{end time: 2019-12-19T10:29-05:00[America/New_York], close price: 280.300000, open price: 280.170000, low price: 280.170000, high price: 280.380000, volume: 103753.000000}
{end time: 2019-12-19T10:30-05:00[America/New_York], close price: 280.199800, open price: 280.300000, low price: 280.180000, high price: 280.321700, volume: 46808.000000}
{end time: 2019-12-19T10:31-05:00[America/New_York], close price: 280.090000, open price: 280.192600, low price: 280.090000, high price: 280.249900, volume: 45496.000000}
{end time: 2019-12-19T10:32-05:00[America/New_York], close price: 279.970000, open price: 280.100000, low price: 279.970000, high price: 280.120000, volume: 64913.000000}
{end time: 2019-12-19T10:33-05:00[America/New_York], close price: 279.825300, open price: 279.970100, low price: 279.820000, high price: 279.980000, volume: 48840.000000}
{end time: 2019-12-19T10:34-05:00[America/New_York], close price: 279.790000, open price: 279.840000, low price: 279.710000, high price: 279.875800, volume: 62838.000000}
{end time: 2019-12-19T10:35-05:00[America/New_York], close price: 279.840000, open price: 279.790000, low price: 279.780000, high price: 279.860000, volume: 40545.000000}
{end time: 2019-12-19T10:36-05:00[America/New_York], close price: 279.966700, open price: 279.840000, low price: 279.835000, high price: 280.050000, volume: 59601.000000}
{end time: 2019-12-19T10:37-05:00[America/New_York], close price: 279.788200, open price: 279.950000, low price: 279.760000, high price: 279.959700, volume: 42982.000000}
{end time: 2019-12-19T10:38-05:00[America/New_York], close price: 279.864600, open price: 279.770000, low price: 279.710000, high price: 279.900000, volume: 54649.000000}
{end time: 2019-12-19T10:39-05:00[America/New_York], close price: 279.855000, open price: 279.870000, low price: 279.820000, high price: 279.910000, volume: 102435.000000}
{end time: 2019-12-19T10:40-05:00[America/New_York], close price: 279.800000, open price: 279.852400, low price: 279.800000, high price: 279.880000, volume: 27096.000000}
{end time: 2019-12-19T10:41-05:00[America/New_York], close price: 279.800000, open price: 279.789900, low price: 279.789900, high price: 279.840000, volume: 33031.000000}
{end time: 2019-12-19T10:42-05:00[America/New_York], close price: 279.880000, open price: 279.790000, low price: 279.785000, high price: 279.884600, volume: 40262.000000}
{end time: 2019-12-19T10:43-05:00[America/New_York], close price: 280.050000, open price: 279.870000, low price: 279.830000, high price: 280.080000, volume: 56903.000000}
{end time: 2019-12-19T10:44-05:00[America/New_York], close price: 279.980000, open price: 280.040000, low price: 279.955400, high price: 280.050000, volume: 37190.000000}
{end time: 2019-12-19T10:45-05:00[America/New_York], close price: 280.010000, open price: 279.970000, low price: 279.962000, high price: 280.110000, volume: 48362.000000}
{end time: 2019-12-19T10:46-05:00[America/New_York], close price: 279.960100, open price: 280.030000, low price: 279.960000, high price: 280.100000, volume: 79081.000000}
{end time: 2019-12-19T10:47-05:00[America/New_York], close price: 279.920000, open price: 279.972100, low price: 279.880000, high price: 279.972100, volume: 38488.000000}
{end time: 2019-12-19T10:48-05:00[America/New_York], close price: 279.900000, open price: 279.910000, low price: 279.880000, high price: 279.930000, volume: 25825.000000}
{end time: 2019-12-19T10:49-05:00[America/New_York], close price: 279.900000, open price: 279.905000, low price: 279.880000, high price: 279.950000, volume: 24027.000000}
{end time: 2019-12-19T10:50-05:00[America/New_York], close price: 279.760000, open price: 279.900000, low price: 279.740000, high price: 279.920000, volume: 48447.000000}
{end time: 2019-12-19T10:51-05:00[America/New_York], close price: 279.790400, open price: 279.760000, low price: 279.750000, high price: 279.847300, volume: 39825.000000}
{end time: 2019-12-19T10:52-05:00[America/New_York], close price: 279.700000, open price: 279.780000, low price: 279.660000, high price: 279.780000, volume: 61450.000000}
{end time: 2019-12-19T10:53-05:00[America/New_York], close price: 279.670800, open price: 279.689900, low price: 279.620000, high price: 279.714100, volume: 31462.000000}
{end time: 2019-12-19T10:54-05:00[America/New_York], close price: 279.705000, open price: 279.680000, low price: 279.650000, high price: 279.705000, volume: 22240.000000}
{end time: 2019-12-19T10:55-05:00[America/New_York], close price: 279.735000, open price: 279.706200, low price: 279.700000, high price: 279.850000, volume: 53290.000000}
{end time: 2019-12-19T10:56-05:00[America/New_York], close price: 279.729000, open price: 279.730000, low price: 279.700000, high price: 279.749900, volume: 29559.000000}
{end time: 2019-12-19T10:57-05:00[America/New_York], close price: 279.720000, open price: 279.725000, low price: 279.683200, high price: 279.800000, volume: 42587.000000}
{end time: 2019-12-19T10:58-05:00[America/New_York], close price: 279.654200, open price: 279.720000, low price: 279.620000, high price: 279.720000, volume: 30206.000000}
{end time: 2019-12-19T10:59-05:00[America/New_York], close price: 279.487700, open price: 279.660000, low price: 279.460000, high price: 279.682000, volume: 82634.000000}
{end time: 2019-12-19T11:00-05:00[America/New_York], close price: 279.600000, open price: 279.490000, low price: 279.490000, high price: 279.610000, volume: 50166.000000}
{end time: 2019-12-19T11:01-05:00[America/New_York], close price: 279.670200, open price: 279.596600, low price: 279.590000, high price: 279.730000, volume: 48350.000000}
{end time: 2019-12-19T11:02-05:00[America/New_York], close price: 279.930000, open price: 279.670000, low price: 279.670000, high price: 279.990000, volume: 69053.000000}
{end time: 2019-12-19T11:03-05:00[America/New_York], close price: 279.980000, open price: 279.930000, low price: 279.890000, high price: 279.980000, volume: 56443.000000}
{end time: 2019-12-19T11:04-05:00[America/New_York], close price: 279.940000, open price: 279.980000, low price: 279.920000, high price: 280.090000, volume: 80393.000000}
{end time: 2019-12-19T11:05-05:00[America/New_York], close price: 279.970000, open price: 279.930000, low price: 279.880000, high price: 279.990000, volume: 37026.000000}
{end time: 2019-12-19T11:06-05:00[America/New_York], close price: 279.924900, open price: 279.980000, low price: 279.850100, high price: 279.990000, volume: 28802.000000}
{end time: 2019-12-19T11:07-05:00[America/New_York], close price: 279.910000, open price: 279.910000, low price: 279.870000, high price: 279.920100, volume: 16714.000000}
{end time: 2019-12-19T11:08-05:00[America/New_York], close price: 279.850000, open price: 279.900000, low price: 279.830000, high price: 279.926700, volume: 26225.000000}
{end time: 2019-12-19T11:09-05:00[America/New_York], close price: 279.850100, open price: 279.840000, low price: 279.720000, high price: 279.860000, volume: 45811.000000}
{end time: 2019-12-19T11:10-05:00[America/New_York], close price: 279.704100, open price: 279.860000, low price: 279.700000, high price: 279.923200, volume: 42524.000000}
{end time: 2019-12-19T11:11-05:00[America/New_York], close price: 279.700200, open price: 279.700000, low price: 279.642100, high price: 279.710000, volume: 41446.000000}
{end time: 2019-12-19T11:12-05:00[America/New_York], close price: 279.650000, open price: 279.710000, low price: 279.640000, high price: 279.780000, volume: 28419.000000}
{end time: 2019-12-19T11:13-05:00[America/New_York], close price: 279.620000, open price: 279.650000, low price: 279.550000, high price: 279.651400, volume: 56717.000000}
{end time: 2019-12-19T11:14-05:00[America/New_York], close price: 279.600000, open price: 279.610000, low price: 279.570000, high price: 279.660000, volume: 41160.000000}
{end time: 2019-12-19T11:15-05:00[America/New_York], close price: 279.630000, open price: 279.598900, low price: 279.540000, high price: 279.650000, volume: 38372.000000}
{end time: 2019-12-19T11:16-05:00[America/New_York], close price: 279.640000, open price: 279.624800, low price: 279.553200, high price: 279.650000, volume: 25378.000000}
{end time: 2019-12-19T11:17-05:00[America/New_York], close price: 279.600000, open price: 279.635000, low price: 279.560000, high price: 279.640000, volume: 34286.000000}
{end time: 2019-12-19T11:18-05:00[America/New_York], close price: 279.580000, open price: 279.600000, low price: 279.555000, high price: 279.620000, volume: 25754.000000}
{end time: 2019-12-19T11:19-05:00[America/New_York], close price: 279.578600, open price: 279.596500, low price: 279.560000, high price: 279.620000, volume: 19458.000000}
{end time: 2019-12-19T11:20-05:00[America/New_York], close price: 279.740000, open price: 279.585000, low price: 279.585000, high price: 279.760000, volume: 53330.000000}
{end time: 2019-12-19T11:21-05:00[America/New_York], close price: 279.923900, open price: 279.740000, low price: 279.740000, high price: 279.930000, volume: 69094.000000}
{end time: 2019-12-19T11:22-05:00[America/New_York], close price: 279.960000, open price: 279.930000, low price: 279.850100, high price: 279.980000, volume: 44281.000000}
{end time: 2019-12-19T11:23-05:00[America/New_York], close price: 279.980000, open price: 279.940000, low price: 279.940000, high price: 280.030000, volume: 86523.000000}
{end time: 2019-12-19T11:24-05:00[America/New_York], close price: 279.920000, open price: 279.993700, low price: 279.890000, high price: 280.006600, volume: 53079.000000}
{end time: 2019-12-19T11:25-05:00[America/New_York], close price: 279.950000, open price: 279.910000, low price: 279.900000, high price: 279.960000, volume: 27118.000000}
{end time: 2019-12-19T11:26-05:00[America/New_York], close price: 279.870000, open price: 279.940000, low price: 279.840000, high price: 279.950000, volume: 22522.000000}
{end time: 2019-12-19T11:27-05:00[America/New_York], close price: 279.912300, open price: 279.899900, low price: 279.850000, high price: 279.920000, volume: 16491.000000}
{end time: 2019-12-19T11:28-05:00[America/New_York], close price: 279.994500, open price: 279.918000, low price: 279.840000, high price: 280.000000, volume: 34048.000000}
{end time: 2019-12-19T11:29-05:00[America/New_York], close price: 279.979000, open price: 279.990000, low price: 279.940000, high price: 279.990000, volume: 14660.000000}
{end time: 2019-12-19T11:30-05:00[America/New_York], close price: 279.980000, open price: 279.977900, low price: 279.960000, high price: 279.997800, volume: 13436.000000}
{end time: 2019-12-19T11:31-05:00[America/New_York], close price: 279.920000, open price: 279.970000, low price: 279.920000, high price: 279.970000, volume: 20617.000000}
{end time: 2019-12-19T11:32-05:00[America/New_York], close price: 280.010000, open price: 279.911000, low price: 279.911000, high price: 280.030000, volume: 36507.000000}
{end time: 2019-12-19T11:33-05:00[America/New_York], close price: 280.227300, open price: 280.030000, low price: 280.010000, high price: 280.270000, volume: 85501.000000}
{end time: 2019-12-19T11:34-05:00[America/New_York], close price: 280.180000, open price: 280.233100, low price: 280.080000, high price: 280.233100, volume: 43805.000000}
{end time: 2019-12-19T11:35-05:00[America/New_York], close price: 280.050100, open price: 280.190000, low price: 280.020000, high price: 280.210000, volume: 28724.000000}
{end time: 2019-12-19T11:36-05:00[America/New_York], close price: 280.050000, open price: 280.050000, low price: 279.970000, high price: 280.060000, volume: 29414.000000}
{end time: 2019-12-19T11:37-05:00[America/New_York], close price: 279.970000, open price: 280.050000, low price: 279.960000, high price: 280.098400, volume: 24665.000000}
{end time: 2019-12-19T11:38-05:00[America/New_York], close price: 279.840000, open price: 279.960000, low price: 279.840000, high price: 279.960000, volume: 29713.000000}
{end time: 2019-12-19T11:39-05:00[America/New_York], close price: 279.848200, open price: 279.850000, low price: 279.830000, high price: 279.880000, volume: 43418.000000}
{end time: 2019-12-19T11:40-05:00[America/New_York], close price: 279.861400, open price: 279.845200, low price: 279.820000, high price: 279.870000, volume: 60148.000000}
{end time: 2019-12-19T11:41-05:00[America/New_York], close price: 279.900000, open price: 279.869800, low price: 279.840000, high price: 279.900000, volume: 24457.000000}
{end time: 2019-12-19T11:42-05:00[America/New_York], close price: 279.935500, open price: 279.890000, low price: 279.860000, high price: 279.959900, volume: 30699.000000}
{end time: 2019-12-19T11:43-05:00[America/New_York], close price: 279.977500, open price: 279.933900, low price: 279.920000, high price: 279.986000, volume: 24414.000000}
{end time: 2019-12-19T11:44-05:00[America/New_York], close price: 280.058000, open price: 279.970000, low price: 279.970000, high price: 280.058000, volume: 19216.000000}
{end time: 2019-12-19T11:45-05:00[America/New_York], close price: 280.100100, open price: 280.060000, low price: 280.050000, high price: 280.150000, volume: 49087.000000}
{end time: 2019-12-19T11:46-05:00[America/New_York], close price: 280.067800, open price: 280.100000, low price: 279.970000, high price: 280.110000, volume: 26085.000000}
{end time: 2019-12-19T11:47-05:00[America/New_York], close price: 280.055000, open price: 280.070000, low price: 280.004500, high price: 280.090000, volume: 14531.000000}
{end time: 2019-12-19T11:48-05:00[America/New_York], close price: 279.986600, open price: 280.050000, low price: 279.970000, high price: 280.050000, volume: 17041.000000}
{end time: 2019-12-19T11:49-05:00[America/New_York], close price: 280.035400, open price: 279.981500, low price: 279.981500, high price: 280.060000, volume: 14727.000000}
{end time: 2019-12-19T11:50-05:00[America/New_York], close price: 279.859900, open price: 280.020000, low price: 279.840400, high price: 280.020000, volume: 54086.000000}
{end time: 2019-12-19T11:51-05:00[America/New_York], close price: 279.823000, open price: 279.857400, low price: 279.800000, high price: 279.870000, volume: 39631.000000}
{end time: 2019-12-19T11:52-05:00[America/New_York], close price: 279.875000, open price: 279.835000, low price: 279.820000, high price: 279.930000, volume: 19866.000000}
{end time: 2019-12-19T11:53-05:00[America/New_York], close price: 279.895000, open price: 279.870000, low price: 279.840000, high price: 279.895000, volume: 20034.000000}
{end time: 2019-12-19T11:54-05:00[America/New_York], close price: 279.790700, open price: 279.897900, low price: 279.788800, high price: 279.897900, volume: 20487.000000}
{end time: 2019-12-19T11:55-05:00[America/New_York], close price: 279.800000, open price: 279.810000, low price: 279.764000, high price: 279.820000, volume: 16149.000000}
{end time: 2019-12-19T11:56-05:00[America/New_York], close price: 279.866300, open price: 279.790000, low price: 279.770000, high price: 279.866300, volume: 18623.000000}
{end time: 2019-12-19T11:57-05:00[America/New_York], close price: 279.760000, open price: 279.868000, low price: 279.760000, high price: 279.868000, volume: 16495.000000}
{end time: 2019-12-19T11:58-05:00[America/New_York], close price: 279.774300, open price: 279.760100, low price: 279.722000, high price: 279.810000, volume: 39920.000000}
{end time: 2019-12-19T11:59-05:00[America/New_York], close price: 279.825500, open price: 279.760000, low price: 279.750000, high price: 279.880000, volume: 23130.000000}
{end time: 2019-12-19T12:00-05:00[America/New_York], close price: 279.830000, open price: 279.820000, low price: 279.810000, high price: 279.860000, volume: 23914.000000}
{end time: 2019-12-19T12:01-05:00[America/New_York], close price: 279.915800, open price: 279.830200, low price: 279.819500, high price: 279.930000, volume: 43423.000000}
{end time: 2019-12-19T12:02-05:00[America/New_York], close price: 279.929000, open price: 279.920000, low price: 279.904200, high price: 279.950000, volume: 23828.000000}
{end time: 2019-12-19T12:03-05:00[America/New_York], close price: 279.810000, open price: 279.922700, low price: 279.780000, high price: 279.950000, volume: 30739.000000}
{end time: 2019-12-19T12:04-05:00[America/New_York], close price: 279.810000, open price: 279.808800, low price: 279.794500, high price: 279.920000, volume: 23236.000000}
{end time: 2019-12-19T12:05-05:00[America/New_York], close price: 279.785800, open price: 279.820000, low price: 279.770000, high price: 279.830000, volume: 22115.000000}
{end time: 2019-12-19T12:06-05:00[America/New_York], close price: 279.750100, open price: 279.785000, low price: 279.700000, high price: 279.799900, volume: 29392.000000}
{end time: 2019-12-19T12:07-05:00[America/New_York], close price: 279.824900, open price: 279.771000, low price: 279.730000, high price: 279.850000, volume: 20650.000000}
{end time: 2019-12-19T12:08-05:00[America/New_York], close price: 279.790000, open price: 279.823400, low price: 279.750000, high price: 279.860000, volume: 24255.000000}
{end time: 2019-12-19T12:09-05:00[America/New_York], close price: 279.788700, open price: 279.782100, low price: 279.740000, high price: 279.800000, volume: 15115.000000}
{end time: 2019-12-19T12:10-05:00[America/New_York], close price: 279.690000, open price: 279.770000, low price: 279.690000, high price: 279.770000, volume: 24131.000000}
{end time: 2019-12-19T12:11-05:00[America/New_York], close price: 279.670000, open price: 279.681500, low price: 279.635000, high price: 279.700000, volume: 26863.000000}
{end time: 2019-12-19T12:12-05:00[America/New_York], close price: 279.700000, open price: 279.688000, low price: 279.668800, high price: 279.720000, volume: 20163.000000}
{end time: 2019-12-19T12:13-05:00[America/New_York], close price: 279.710000, open price: 279.700000, low price: 279.660000, high price: 279.740000, volume: 28667.000000}
{end time: 2019-12-19T12:14-05:00[America/New_York], close price: 279.780000, open price: 279.713400, low price: 279.680000, high price: 279.780000, volume: 32871.000000}
{end time: 2019-12-19T12:15-05:00[America/New_York], close price: 279.800100, open price: 279.775000, low price: 279.762000, high price: 279.879900, volume: 31082.000000}
{end time: 2019-12-19T12:16-05:00[America/New_York], close price: 279.798800, open price: 279.810000, low price: 279.770000, high price: 279.830000, volume: 17480.000000}
{end time: 2019-12-19T12:17-05:00[America/New_York], close price: 279.740000, open price: 279.805800, low price: 279.710000, high price: 279.805800, volume: 27375.000000}
{end time: 2019-12-19T12:18-05:00[America/New_York], close price: 279.739900, open price: 279.744200, low price: 279.720000, high price: 279.778000, volume: 11439.000000}
{end time: 2019-12-19T12:19-05:00[America/New_York], close price: 279.769900, open price: 279.731000, low price: 279.724200, high price: 279.790000, volume: 19256.000000}
{end time: 2019-12-19T12:20-05:00[America/New_York], close price: 279.760000, open price: 279.760000, low price: 279.734100, high price: 279.800000, volume: 16243.000000}
{end time: 2019-12-19T12:21-05:00[America/New_York], close price: 279.733900, open price: 279.780000, low price: 279.730000, high price: 279.800000, volume: 8275.000000}
{end time: 2019-12-19T12:22-05:00[America/New_York], close price: 279.778000, open price: 279.730000, low price: 279.730000, high price: 279.780000, volume: 16040.000000}
{end time: 2019-12-19T12:23-05:00[America/New_York], close price: 279.730000, open price: 279.770000, low price: 279.730000, high price: 279.780000, volume: 12244.000000}
{end time: 2019-12-19T12:24-05:00[America/New_York], close price: 279.650000, open price: 279.731500, low price: 279.640000, high price: 279.740000, volume: 36925.000000}
{end time: 2019-12-19T12:25-05:00[America/New_York], close price: 279.670000, open price: 279.650000, low price: 279.630200, high price: 279.700000, volume: 20588.000000}
{end time: 2019-12-19T12:26-05:00[America/New_York], close price: 279.666100, open price: 279.678000, low price: 279.660000, high price: 279.720000, volume: 13179.000000}
{end time: 2019-12-19T12:27-05:00[America/New_York], close price: 279.640000, open price: 279.660100, low price: 279.611100, high price: 279.700000, volume: 27366.000000}
{end time: 2019-12-19T12:28-05:00[America/New_York], close price: 279.605000, open price: 279.640000, low price: 279.550000, high price: 279.650000, volume: 47047.000000}
{end time: 2019-12-19T12:29-05:00[America/New_York], close price: 279.580000, open price: 279.600000, low price: 279.540000, high price: 279.600000, volume: 18452.000000}
{end time: 2019-12-19T12:30-05:00[America/New_York], close price: 279.580000, open price: 279.570000, low price: 279.540000, high price: 279.580000, volume: 20398.000000}
{end time: 2019-12-19T12:31-05:00[America/New_York], close price: 279.552000, open price: 279.579900, low price: 279.520000, high price: 279.580000, volume: 27771.000000}
{end time: 2019-12-19T12:32-05:00[America/New_York], close price: 279.490000, open price: 279.550000, low price: 279.480000, high price: 279.560000, volume: 55924.000000}
{end time: 2019-12-19T12:33-05:00[America/New_York], close price: 279.540200, open price: 279.510000, low price: 279.480200, high price: 279.570000, volume: 31470.000000}
{end time: 2019-12-19T12:34-05:00[America/New_York], close price: 279.520500, open price: 279.540100, low price: 279.500000, high price: 279.542200, volume: 20894.000000}
{end time: 2019-12-19T12:35-05:00[America/New_York], close price: 279.490000, open price: 279.512000, low price: 279.460000, high price: 279.515000, volume: 38467.000000}
{end time: 2019-12-19T12:36-05:00[America/New_York], close price: 279.480000, open price: 279.480000, low price: 279.480000, high price: 279.550000, volume: 28732.000000}
{end time: 2019-12-19T12:37-05:00[America/New_York], close price: 279.464500, open price: 279.470000, low price: 279.410000, high price: 279.480000, volume: 30961.000000}
{end time: 2019-12-19T12:38-05:00[America/New_York], close price: 279.436100, open price: 279.460000, low price: 279.410600, high price: 279.490000, volume: 22490.000000}
{end time: 2019-12-19T12:39-05:00[America/New_York], close price: 279.466000, open price: 279.435600, low price: 279.430000, high price: 279.490000, volume: 14767.000000}
{end time: 2019-12-19T12:40-05:00[America/New_York], close price: 279.390000, open price: 279.460000, low price: 279.380000, high price: 279.460000, volume: 29400.000000}
{end time: 2019-12-19T12:41-05:00[America/New_York], close price: 279.370000, open price: 279.380000, low price: 279.300000, high price: 279.380000, volume: 39597.000000}
{end time: 2019-12-19T12:42-05:00[America/New_York], close price: 279.320000, open price: 279.355800, low price: 279.295000, high price: 279.355800, volume: 28177.000000}
{end time: 2019-12-19T12:43-05:00[America/New_York], close price: 279.210000, open price: 279.310000, low price: 279.200100, high price: 279.327000, volume: 47386.000000}
{end time: 2019-12-19T12:44-05:00[America/New_York], close price: 279.052100, open price: 279.210000, low price: 279.050000, high price: 279.211600, volume: 61704.000000}
{end time: 2019-12-19T12:45-05:00[America/New_York], close price: 279.120000, open price: 279.050000, low price: 278.980000, high price: 279.170000, volume: 134784.000000}
{end time: 2019-12-19T12:46-05:00[America/New_York], close price: 279.160000, open price: 279.119900, low price: 279.106400, high price: 279.190000, volume: 46686.000000}
{end time: 2019-12-19T12:47-05:00[America/New_York], close price: 279.110000, open price: 279.160000, low price: 279.070000, high price: 279.190000, volume: 29266.000000}
{end time: 2019-12-19T12:48-05:00[America/New_York], close price: 279.040000, open price: 279.101500, low price: 279.040000, high price: 279.120000, volume: 28372.000000}
{end time: 2019-12-19T12:49-05:00[America/New_York], close price: 279.035300, open price: 279.030000, low price: 279.010000, high price: 279.042000, volume: 23191.000000}
{end time: 2019-12-19T12:50-05:00[America/New_York], close price: 279.050000, open price: 279.030000, low price: 279.010000, high price: 279.120000, volume: 53416.000000}
{end time: 2019-12-19T12:51-05:00[America/New_York], close price: 279.110000, open price: 279.049500, low price: 279.040000, high price: 279.118500, volume: 23782.000000}
{end time: 2019-12-19T12:52-05:00[America/New_York], close price: 279.190000, open price: 279.100100, low price: 279.100100, high price: 279.250000, volume: 44794.000000}
{end time: 2019-12-19T12:53-05:00[America/New_York], close price: 279.310000, open price: 279.185000, low price: 279.180000, high price: 279.310000, volume: 30225.000000}
{end time: 2019-12-19T12:54-05:00[America/New_York], close price: 279.311400, open price: 279.303100, low price: 279.240700, high price: 279.320000, volume: 22609.000000}
{end time: 2019-12-19T12:55-05:00[America/New_York], close price: 279.350000, open price: 279.310000, low price: 279.310000, high price: 279.400000, volume: 29218.000000}
{end time: 2019-12-19T12:56-05:00[America/New_York], close price: 279.520000, open price: 279.351100, low price: 279.351100, high price: 279.520000, volume: 53600.000000}
{end time: 2019-12-19T12:57-05:00[America/New_York], close price: 279.433900, open price: 279.501000, low price: 279.410000, high price: 279.513100, volume: 29274.000000}
{end time: 2019-12-19T12:58-05:00[America/New_York], close price: 279.471400, open price: 279.449900, low price: 279.443500, high price: 279.490000, volume: 16304.000000}
{end time: 2019-12-19T12:59-05:00[America/New_York], close price: 279.475000, open price: 279.460000, low price: 279.450000, high price: 279.480000, volume: 20169.000000}
{end time: 2019-12-19T13:00-05:00[America/New_York], close price: 279.340000, open price: 279.480000, low price: 279.340000, high price: 279.504300, volume: 39354.000000}
{end time: 2019-12-19T13:01-05:00[America/New_York], close price: 279.349900, open price: 279.350500, low price: 279.280000, high price: 279.370500, volume: 35036.000000}
{end time: 2019-12-19T13:02-05:00[America/New_York], close price: 279.315000, open price: 279.350000, low price: 279.280700, high price: 279.379900, volume: 19826.000000}
{end time: 2019-12-19T13:03-05:00[America/New_York], close price: 279.230000, open price: 279.310000, low price: 279.175300, high price: 279.318400, volume: 40099.000000}
{end time: 2019-12-19T13:04-05:00[America/New_York], close price: 279.264200, open price: 279.216800, low price: 279.205000, high price: 279.300000, volume: 23209.000000}
{end time: 2019-12-19T13:05-05:00[America/New_York], close price: 279.310000, open price: 279.260000, low price: 279.250000, high price: 279.380000, volume: 29786.000000}
{end time: 2019-12-19T13:06-05:00[America/New_York], close price: 279.199900, open price: 279.326500, low price: 279.189900, high price: 279.338600, volume: 29249.000000}
{end time: 2019-12-19T13:07-05:00[America/New_York], close price: 279.270000, open price: 279.190000, low price: 279.180000, high price: 279.280000, volume: 17402.000000}
{end time: 2019-12-19T13:08-05:00[America/New_York], close price: 279.350000, open price: 279.260000, low price: 279.260000, high price: 279.350000, volume: 17937.000000}
{end time: 2019-12-19T13:09-05:00[America/New_York], close price: 279.400100, open price: 279.345000, low price: 279.320000, high price: 279.409600, volume: 20955.000000}
{end time: 2019-12-19T13:10-05:00[America/New_York], close price: 279.359900, open price: 279.398800, low price: 279.310000, high price: 279.420000, volume: 28229.000000}
{end time: 2019-12-19T13:11-05:00[America/New_York], close price: 279.345000, open price: 279.350000, low price: 279.340000, high price: 279.380000, volume: 13262.000000}
{end time: 2019-12-19T13:12-05:00[America/New_York], close price: 279.400000, open price: 279.349100, low price: 279.330000, high price: 279.420000, volume: 21944.000000}
{end time: 2019-12-19T13:13-05:00[America/New_York], close price: 279.555000, open price: 279.420000, low price: 279.418000, high price: 279.590000, volume: 48190.000000}
{end time: 2019-12-19T13:14-05:00[America/New_York], close price: 279.574700, open price: 279.560000, low price: 279.560000, high price: 279.600000, volume: 26266.000000}
{end time: 2019-12-19T13:15-05:00[America/New_York], close price: 279.650000, open price: 279.580000, low price: 279.570000, high price: 279.730000, volume: 54387.000000}
{end time: 2019-12-19T13:16-05:00[America/New_York], close price: 279.760000, open price: 279.651700, low price: 279.650000, high price: 279.770000, volume: 36944.000000}
{end time: 2019-12-19T13:17-05:00[America/New_York], close price: 279.760000, open price: 279.765900, low price: 279.720000, high price: 279.781900, volume: 22757.000000}
{end time: 2019-12-19T13:18-05:00[America/New_York], close price: 279.755000, open price: 279.780000, low price: 279.743800, high price: 279.780000, volume: 16937.000000}
{end time: 2019-12-19T13:19-05:00[America/New_York], close price: 279.709400, open price: 279.750000, low price: 279.630000, high price: 279.750000, volume: 36792.000000}
{end time: 2019-12-19T13:20-05:00[America/New_York], close price: 279.604200, open price: 279.720000, low price: 279.585000, high price: 279.720000, volume: 20570.000000}
{end time: 2019-12-19T13:21-05:00[America/New_York], close price: 279.617700, open price: 279.602200, low price: 279.590000, high price: 279.650000, volume: 18305.000000}
{end time: 2019-12-19T13:22-05:00[America/New_York], close price: 279.480100, open price: 279.615000, low price: 279.480000, high price: 279.630000, volume: 43764.000000}
{end time: 2019-12-19T13:23-05:00[America/New_York], close price: 279.405200, open price: 279.490000, low price: 279.400000, high price: 279.500000, volume: 39927.000000}
{end time: 2019-12-19T13:24-05:00[America/New_York], close price: 279.409200, open price: 279.400000, low price: 279.360000, high price: 279.410000, volume: 23962.000000}
{end time: 2019-12-19T13:25-05:00[America/New_York], close price: 279.475200, open price: 279.400000, low price: 279.398500, high price: 279.480000, volume: 18529.000000}
{end time: 2019-12-19T13:26-05:00[America/New_York], close price: 279.416800, open price: 279.479900, low price: 279.410000, high price: 279.480000, volume: 10632.000000}
{end time: 2019-12-19T13:27-05:00[America/New_York], close price: 279.370000, open price: 279.410000, low price: 279.370000, high price: 279.430000, volume: 23262.000000}
{end time: 2019-12-19T13:28-05:00[America/New_York], close price: 279.417300, open price: 279.370000, low price: 279.370000, high price: 279.430000, volume: 12194.000000}
{end time: 2019-12-19T13:29-05:00[America/New_York], close price: 279.312400, open price: 279.415300, low price: 279.270000, high price: 279.420000, volume: 24873.000000}
{end time: 2019-12-19T13:30-05:00[America/New_York], close price: 279.277200, open price: 279.310000, low price: 279.210000, high price: 279.310000, volume: 24650.000000}
{end time: 2019-12-19T13:31-05:00[America/New_York], close price: 279.220000, open price: 279.280000, low price: 279.140000, high price: 279.307200, volume: 41411.000000}
{end time: 2019-12-19T13:32-05:00[America/New_York], close price: 279.250000, open price: 279.220000, low price: 279.131900, high price: 279.250000, volume: 24968.000000}
{end time: 2019-12-19T13:33-05:00[America/New_York], close price: 279.267000, open price: 279.253400, low price: 279.226900, high price: 279.334300, volume: 48095.000000}
{end time: 2019-12-19T13:34-05:00[America/New_York], close price: 279.330700, open price: 279.260000, low price: 279.200000, high price: 279.330700, volume: 26140.000000}
{end time: 2019-12-19T13:35-05:00[America/New_York], close price: 279.340000, open price: 279.320000, low price: 279.240000, high price: 279.360000, volume: 42222.000000}
{end time: 2019-12-19T13:36-05:00[America/New_York], close price: 279.440000, open price: 279.324700, low price: 279.324700, high price: 279.489900, volume: 40311.000000}
{end time: 2019-12-19T13:37-05:00[America/New_York], close price: 279.505000, open price: 279.438400, low price: 279.420000, high price: 279.550000, volume: 33190.000000}
{end time: 2019-12-19T13:38-05:00[America/New_York], close price: 279.500000, open price: 279.500000, low price: 279.480000, high price: 279.585800, volume: 43179.000000}
{end time: 2019-12-19T13:39-05:00[America/New_York], close price: 279.529300, open price: 279.500000, low price: 279.490000, high price: 279.540000, volume: 13702.000000}
{end time: 2019-12-19T13:40-05:00[America/New_York], close price: 279.580000, open price: 279.530000, low price: 279.505000, high price: 279.610000, volume: 22689.000000}
{end time: 2019-12-19T13:41-05:00[America/New_York], close price: 279.400000, open price: 279.566800, low price: 279.390000, high price: 279.566800, volume: 45032.000000}
{end time: 2019-12-19T13:42-05:00[America/New_York], close price: 279.261600, open price: 279.395000, low price: 279.240000, high price: 279.395000, volume: 51624.000000}
{end time: 2019-12-19T13:43-05:00[America/New_York], close price: 279.249000, open price: 279.260000, low price: 279.200000, high price: 279.276600, volume: 29659.000000}
{end time: 2019-12-19T13:44-05:00[America/New_York], close price: 279.270400, open price: 279.240000, low price: 279.201900, high price: 279.290000, volume: 28503.000000}
{end time: 2019-12-19T13:45-05:00[America/New_York], close price: 279.315500, open price: 279.270000, low price: 279.230300, high price: 279.330000, volume: 23557.000000}
{end time: 2019-12-19T13:46-05:00[America/New_York], close price: 279.305000, open price: 279.320000, low price: 279.260000, high price: 279.330000, volume: 16299.000000}
{end time: 2019-12-19T13:47-05:00[America/New_York], close price: 279.350000, open price: 279.290000, low price: 279.290000, high price: 279.400000, volume: 20642.000000}
{end time: 2019-12-19T13:48-05:00[America/New_York], close price: 279.230000, open price: 279.360000, low price: 279.210000, high price: 279.360000, volume: 28841.000000}
{end time: 2019-12-19T13:49-05:00[America/New_York], close price: 279.254200, open price: 279.220100, low price: 279.190000, high price: 279.270100, volume: 30502.000000}
{end time: 2019-12-19T13:50-05:00[America/New_York], close price: 279.215000, open price: 279.250000, low price: 279.210000, high price: 279.260000, volume: 16846.000000}
{end time: 2019-12-19T13:51-05:00[America/New_York], close price: 279.190000, open price: 279.210000, low price: 279.160000, high price: 279.220000, volume: 26796.000000}
{end time: 2019-12-19T13:52-05:00[America/New_York], close price: 279.220000, open price: 279.190800, low price: 279.170000, high price: 279.229800, volume: 24427.000000}
{end time: 2019-12-19T13:53-05:00[America/New_York], close price: 279.151700, open price: 279.190000, low price: 279.146700, high price: 279.210000, volume: 17374.000000}
{end time: 2019-12-19T13:54-05:00[America/New_York], close price: 279.200000, open price: 279.146900, low price: 279.100000, high price: 279.200000, volume: 24032.000000}
{end time: 2019-12-19T13:55-05:00[America/New_York], close price: 279.159000, open price: 279.190000, low price: 279.159000, high price: 279.250000, volume: 21075.000000}
{end time: 2019-12-19T13:56-05:00[America/New_York], close price: 279.088800, open price: 279.160000, low price: 279.080000, high price: 279.180000, volume: 41309.000000}
{end time: 2019-12-19T13:57-05:00[America/New_York], close price: 279.120000, open price: 279.080000, low price: 279.080000, high price: 279.161500, volume: 26261.000000}
{end time: 2019-12-19T13:58-05:00[America/New_York], close price: 279.065000, open price: 279.120000, low price: 279.060000, high price: 279.120000, volume: 27208.000000}
{end time: 2019-12-19T13:59-05:00[America/New_York], close price: 279.095000, open price: 279.065000, low price: 279.065000, high price: 279.140000, volume: 29477.000000}
{end time: 2019-12-19T14:00-05:00[America/New_York], close price: 279.025000, open price: 279.095600, low price: 279.020000, high price: 279.095800, volume: 124194.000000}
{end time: 2019-12-19T14:01-05:00[America/New_York], close price: 279.105000, open price: 279.030000, low price: 279.020000, high price: 279.179900, volume: 33065.000000}
{end time: 2019-12-19T14:02-05:00[America/New_York], close price: 279.040000, open price: 279.105000, low price: 279.025000, high price: 279.105000, volume: 29508.000000}
{end time: 2019-12-19T14:03-05:00[America/New_York], close price: 279.030000, open price: 279.040000, low price: 279.010000, high price: 279.050000, volume: 25818.000000}
{end time: 2019-12-19T14:04-05:00[America/New_York], close price: 279.030000, open price: 279.039900, low price: 278.950000, high price: 279.059500, volume: 124915.000000}
{end time: 2019-12-19T14:05-05:00[America/New_York], close price: 279.135000, open price: 279.030000, low price: 279.020000, high price: 279.160000, volume: 65640.000000}
{end time: 2019-12-19T14:06-05:00[America/New_York], close price: 279.240000, open price: 279.140000, low price: 279.100000, high price: 279.240000, volume: 27222.000000}
{end time: 2019-12-19T14:07-05:00[America/New_York], close price: 279.265000, open price: 279.230300, low price: 279.230000, high price: 279.270000, volume: 35167.000000}
{end time: 2019-12-19T14:08-05:00[America/New_York], close price: 279.250000, open price: 279.269900, low price: 279.240000, high price: 279.300000, volume: 25571.000000}
{end time: 2019-12-19T14:09-05:00[America/New_York], close price: 279.230000, open price: 279.250000, low price: 279.170000, high price: 279.260000, volume: 34513.000000}
{end time: 2019-12-19T14:10-05:00[America/New_York], close price: 279.289800, open price: 279.220000, low price: 279.210000, high price: 279.340000, volume: 37288.000000}
{end time: 2019-12-19T14:11-05:00[America/New_York], close price: 279.327200, open price: 279.285000, low price: 279.240000, high price: 279.360000, volume: 41318.000000}
{end time: 2019-12-19T14:12-05:00[America/New_York], close price: 279.320000, open price: 279.330000, low price: 279.280000, high price: 279.360000, volume: 29901.000000}
{end time: 2019-12-19T14:13-05:00[America/New_York], close price: 279.350000, open price: 279.324200, low price: 279.310000, high price: 279.380000, volume: 19842.000000}
{end time: 2019-12-19T14:14-05:00[America/New_York], close price: 279.340000, open price: 279.344200, low price: 279.340000, high price: 279.400000, volume: 32641.000000}
{end time: 2019-12-19T14:15-05:00[America/New_York], close price: 279.310000, open price: 279.350000, low price: 279.310000, high price: 279.399000, volume: 25863.000000}
{end time: 2019-12-19T14:16-05:00[America/New_York], close price: 279.305000, open price: 279.312000, low price: 279.300000, high price: 279.349900, volume: 12803.000000}
{end time: 2019-12-19T14:17-05:00[America/New_York], close price: 279.310100, open price: 279.300100, low price: 279.280200, high price: 279.320000, volume: 11455.000000}
{end time: 2019-12-19T14:18-05:00[America/New_York], close price: 279.320000, open price: 279.320000, low price: 279.313200, high price: 279.330000, volume: 8124.000000}
{end time: 2019-12-19T14:19-05:00[America/New_York], close price: 279.340000, open price: 279.325300, low price: 279.310000, high price: 279.370000, volume: 13905.000000}
{end time: 2019-12-19T14:20-05:00[America/New_York], close price: 279.450000, open price: 279.350000, low price: 279.340000, high price: 279.459900, volume: 22230.000000}
{end time: 2019-12-19T14:21-05:00[America/New_York], close price: 279.510000, open price: 279.452600, low price: 279.440300, high price: 279.539900, volume: 113904.000000}
{end time: 2019-12-19T14:22-05:00[America/New_York], close price: 279.640000, open price: 279.510000, low price: 279.490000, high price: 279.660000, volume: 47325.000000}
{end time: 2019-12-19T14:23-05:00[America/New_York], close price: 279.590000, open price: 279.630000, low price: 279.510000, high price: 279.680000, volume: 52995.000000}
{end time: 2019-12-19T14:24-05:00[America/New_York], close price: 279.628300, open price: 279.600000, low price: 279.570000, high price: 279.670000, volume: 23230.000000}
{end time: 2019-12-19T14:25-05:00[America/New_York], close price: 279.640000, open price: 279.620000, low price: 279.620000, high price: 279.660000, volume: 20830.000000}
{end time: 2019-12-19T14:26-05:00[America/New_York], close price: 279.610000, open price: 279.630000, low price: 279.550000, high price: 279.630100, volume: 34025.000000}
{end time: 2019-12-19T14:27-05:00[America/New_York], close price: 279.660000, open price: 279.590100, low price: 279.590000, high price: 279.740000, volume: 43663.000000}
{end time: 2019-12-19T14:28-05:00[America/New_York], close price: 279.680000, open price: 279.670600, low price: 279.650000, high price: 279.730000, volume: 17868.000000}
{end time: 2019-12-19T14:29-05:00[America/New_York], close price: 279.685500, open price: 279.680000, low price: 279.650000, high price: 279.709900, volume: 23184.000000}
{end time: 2019-12-19T14:30-05:00[America/New_York], close price: 279.730000, open price: 279.686500, low price: 279.654500, high price: 279.740000, volume: 24091.000000}
{end time: 2019-12-19T14:31-05:00[America/New_York], close price: 279.740000, open price: 279.730000, low price: 279.710000, high price: 279.740000, volume: 11830.000000}
{end time: 2019-12-19T14:32-05:00[America/New_York], close price: 279.690000, open price: 279.730000, low price: 279.640000, high price: 279.730000, volume: 22672.000000}
{end time: 2019-12-19T14:33-05:00[America/New_York], close price: 279.625000, open price: 279.693500, low price: 279.620000, high price: 279.740000, volume: 21155.000000}
{end time: 2019-12-19T14:34-05:00[America/New_York], close price: 279.740000, open price: 279.623500, low price: 279.610000, high price: 279.740000, volume: 35008.000000}
{end time: 2019-12-19T14:35-05:00[America/New_York], close price: 279.672000, open price: 279.740000, low price: 279.670000, high price: 279.750000, volume: 39920.000000}
{end time: 2019-12-19T14:36-05:00[America/New_York], close price: 279.680000, open price: 279.680000, low price: 279.660000, high price: 279.700000, volume: 15246.000000}
{end time: 2019-12-19T14:37-05:00[America/New_York], close price: 279.700000, open price: 279.670000, low price: 279.590000, high price: 279.700000, volume: 22781.000000}
{end time: 2019-12-19T14:38-05:00[America/New_York], close price: 279.710000, open price: 279.700000, low price: 279.697600, high price: 279.745500, volume: 21132.000000}
{end time: 2019-12-19T14:39-05:00[America/New_York], close price: 279.710000, open price: 279.705300, low price: 279.680000, high price: 279.740000, volume: 28916.000000}
{end time: 2019-12-19T14:40-05:00[America/New_York], close price: 279.690000, open price: 279.715000, low price: 279.660000, high price: 279.730000, volume: 34741.000000}
{end time: 2019-12-19T14:41-05:00[America/New_York], close price: 279.680200, open price: 279.693300, low price: 279.670000, high price: 279.730000, volume: 19415.000000}
{end time: 2019-12-19T14:42-05:00[America/New_York], close price: 279.855000, open price: 279.680000, low price: 279.677500, high price: 279.890000, volume: 82860.000000}
{end time: 2019-12-19T14:43-05:00[America/New_York], close price: 279.990000, open price: 279.850700, low price: 279.840000, high price: 279.990000, volume: 84562.000000}
{end time: 2019-12-19T14:44-05:00[America/New_York], close price: 279.973500, open price: 279.976100, low price: 279.903200, high price: 280.080000, volume: 127580.000000}
{end time: 2019-12-19T14:45-05:00[America/New_York], close price: 279.880000, open price: 279.993600, low price: 279.870000, high price: 279.993600, volume: 61407.000000}
{end time: 2019-12-19T14:46-05:00[America/New_York], close price: 279.730000, open price: 279.885000, low price: 279.690000, high price: 279.950000, volume: 69186.000000}
{end time: 2019-12-19T14:47-05:00[America/New_York], close price: 279.675200, open price: 279.710000, low price: 279.670000, high price: 279.789900, volume: 27844.000000}
{end time: 2019-12-19T14:48-05:00[America/New_York], close price: 279.442500, open price: 279.675000, low price: 279.440000, high price: 279.675000, volume: 71964.000000}
{end time: 2019-12-19T14:49-05:00[America/New_York], close price: 279.510000, open price: 279.460000, low price: 279.420000, high price: 279.540000, volume: 58092.000000}
{end time: 2019-12-19T14:50-05:00[America/New_York], close price: 279.595000, open price: 279.503400, low price: 279.503400, high price: 279.618500, volume: 24948.000000}
{end time: 2019-12-19T14:51-05:00[America/New_York], close price: 279.620000, open price: 279.593900, low price: 279.550000, high price: 279.625000, volume: 30794.000000}
{end time: 2019-12-19T14:52-05:00[America/New_York], close price: 279.590000, open price: 279.610000, low price: 279.550400, high price: 279.610000, volume: 19845.000000}
{end time: 2019-12-19T14:53-05:00[America/New_York], close price: 279.540000, open price: 279.584700, low price: 279.480000, high price: 279.590000, volume: 41046.000000}
{end time: 2019-12-19T14:54-05:00[America/New_York], close price: 279.529400, open price: 279.530000, low price: 279.500000, high price: 279.581300, volume: 32343.000000}
{end time: 2019-12-19T14:55-05:00[America/New_York], close price: 279.581800, open price: 279.520000, low price: 279.510000, high price: 279.600000, volume: 23215.000000}
{end time: 2019-12-19T14:56-05:00[America/New_York], close price: 279.700000, open price: 279.585000, low price: 279.570000, high price: 279.700000, volume: 33883.000000}
{end time: 2019-12-19T14:57-05:00[America/New_York], close price: 279.710000, open price: 279.700000, low price: 279.655000, high price: 279.730000, volume: 35990.000000}
{end time: 2019-12-19T14:58-05:00[America/New_York], close price: 279.735000, open price: 279.720000, low price: 279.700000, high price: 279.810000, volume: 53848.000000}
{end time: 2019-12-19T14:59-05:00[America/New_York], close price: 279.680000, open price: 279.730100, low price: 279.617300, high price: 279.735000, volume: 28219.000000}
{end time: 2019-12-19T15:00-05:00[America/New_York], close price: 279.708400, open price: 279.690000, low price: 279.650000, high price: 279.708400, volume: 26271.000000}
{end time: 2019-12-19T15:01-05:00[America/New_York], close price: 279.700000, open price: 279.705600, low price: 279.690000, high price: 279.770000, volume: 18983.000000}
{end time: 2019-12-19T15:02-05:00[America/New_York], close price: 279.675000, open price: 279.700000, low price: 279.670000, high price: 279.703100, volume: 15917.000000}
{end time: 2019-12-19T15:03-05:00[America/New_York], close price: 279.730000, open price: 279.670000, low price: 279.600000, high price: 279.769900, volume: 32212.000000}
{end time: 2019-12-19T15:04-05:00[America/New_York], close price: 279.690000, open price: 279.730000, low price: 279.690000, high price: 279.730000, volume: 24026.000000}
{end time: 2019-12-19T15:05-05:00[America/New_York], close price: 279.640000, open price: 279.700000, low price: 279.630100, high price: 279.720000, volume: 23263.000000}
{end time: 2019-12-19T15:06-05:00[America/New_York], close price: 279.675000, open price: 279.640000, low price: 279.636900, high price: 279.710000, volume: 15856.000000}
{end time: 2019-12-19T15:07-05:00[America/New_York], close price: 279.610000, open price: 279.670000, low price: 279.602000, high price: 279.680000, volume: 16640.000000}
{end time: 2019-12-19T15:08-05:00[America/New_York], close price: 279.580000, open price: 279.620000, low price: 279.550000, high price: 279.620000, volume: 24599.000000}
{end time: 2019-12-19T15:09-05:00[America/New_York], close price: 279.610600, open price: 279.570000, low price: 279.560000, high price: 279.630000, volume: 28875.000000}
{end time: 2019-12-19T15:10-05:00[America/New_York], close price: 279.650000, open price: 279.618800, low price: 279.590000, high price: 279.680200, volume: 38667.000000}
{end time: 2019-12-19T15:11-05:00[America/New_York], close price: 279.620100, open price: 279.640300, low price: 279.600000, high price: 279.640300, volume: 19276.000000}
{end time: 2019-12-19T15:12-05:00[America/New_York], close price: 279.780000, open price: 279.630000, low price: 279.625000, high price: 279.800000, volume: 60763.000000}
{end time: 2019-12-19T15:13-05:00[America/New_York], close price: 279.750000, open price: 279.800000, low price: 279.740000, high price: 279.820000, volume: 25033.000000}
{end time: 2019-12-19T15:14-05:00[America/New_York], close price: 279.770000, open price: 279.755000, low price: 279.755000, high price: 279.821800, volume: 43832.000000}
{end time: 2019-12-19T15:15-05:00[America/New_York], close price: 279.620000, open price: 279.777900, low price: 279.610000, high price: 279.778000, volume: 41194.000000}
{end time: 2019-12-19T15:16-05:00[America/New_York], close price: 279.640700, open price: 279.610000, low price: 279.610000, high price: 279.670000, volume: 25195.000000}
{end time: 2019-12-19T15:17-05:00[America/New_York], close price: 279.620000, open price: 279.640100, low price: 279.600000, high price: 279.660000, volume: 21599.000000}
{end time: 2019-12-19T15:18-05:00[America/New_York], close price: 279.630100, open price: 279.620100, low price: 279.620100, high price: 279.650000, volume: 9868.000000}
{end time: 2019-12-19T15:19-05:00[America/New_York], close price: 279.710100, open price: 279.640000, low price: 279.630000, high price: 279.722600, volume: 27209.000000}
{end time: 2019-12-19T15:20-05:00[America/New_York], close price: 279.750000, open price: 279.715000, low price: 279.670000, high price: 279.750000, volume: 23591.000000}
{end time: 2019-12-19T15:21-05:00[America/New_York], close price: 279.710000, open price: 279.750000, low price: 279.705000, high price: 279.750000, volume: 24783.000000}
{end time: 2019-12-19T15:22-05:00[America/New_York], close price: 279.617000, open price: 279.714400, low price: 279.617000, high price: 279.730000, volume: 17349.000000}
{end time: 2019-12-19T15:23-05:00[America/New_York], close price: 279.509000, open price: 279.600000, low price: 279.509000, high price: 279.619900, volume: 33047.000000}
{end time: 2019-12-19T15:24-05:00[America/New_York], close price: 279.459900, open price: 279.510000, low price: 279.410000, high price: 279.520000, volume: 55032.000000}
{end time: 2019-12-19T15:25-05:00[America/New_York], close price: 279.390000, open price: 279.459900, low price: 279.300000, high price: 279.459900, volume: 60035.000000}
{end time: 2019-12-19T15:26-05:00[America/New_York], close price: 279.429900, open price: 279.380000, low price: 279.370000, high price: 279.450000, volume: 25052.000000}
{end time: 2019-12-19T15:27-05:00[America/New_York], close price: 279.560000, open price: 279.430000, low price: 279.430000, high price: 279.565000, volume: 38248.000000}
{end time: 2019-12-19T15:28-05:00[America/New_York], close price: 279.570000, open price: 279.552100, low price: 279.540000, high price: 279.580000, volume: 17215.000000}
{end time: 2019-12-19T15:29-05:00[America/New_York], close price: 279.529900, open price: 279.560000, low price: 279.510000, high price: 279.570000, volume: 19719.000000}
{end time: 2019-12-19T15:30-05:00[America/New_York], close price: 279.490000, open price: 279.510000, low price: 279.450000, high price: 279.550000, volume: 48142.000000}
{end time: 2019-12-19T15:31-05:00[America/New_York], close price: 279.580000, open price: 279.480000, low price: 279.465000, high price: 279.580000, volume: 23073.000000}
{end time: 2019-12-19T15:32-05:00[America/New_York], close price: 279.722700, open price: 279.580000, low price: 279.570000, high price: 279.729900, volume: 78602.000000}
{end time: 2019-12-19T15:33-05:00[America/New_York], close price: 279.650000, open price: 279.722200, low price: 279.630000, high price: 279.755000, volume: 50648.000000}
{end time: 2019-12-19T15:34-05:00[America/New_York], close price: 279.760000, open price: 279.640000, low price: 279.640000, high price: 279.760000, volume: 39461.000000}
{end time: 2019-12-19T15:35-05:00[America/New_York], close price: 279.780100, open price: 279.740000, low price: 279.740000, high price: 279.800000, volume: 51003.000000}
{end time: 2019-12-19T15:36-05:00[America/New_York], close price: 279.772400, open price: 279.780000, low price: 279.730000, high price: 279.790000, volume: 64455.000000}
{end time: 2019-12-19T15:37-05:00[America/New_York], close price: 279.742500, open price: 279.770000, low price: 279.720000, high price: 279.772100, volume: 33588.000000}
{end time: 2019-12-19T15:38-05:00[America/New_York], close price: 279.770000, open price: 279.740000, low price: 279.717900, high price: 279.780000, volume: 36967.000000}
{end time: 2019-12-19T15:39-05:00[America/New_York], close price: 279.780000, open price: 279.760000, low price: 279.750000, high price: 279.785000, volume: 46099.000000}
{end time: 2019-12-19T15:40-05:00[America/New_York], close price: 279.820000, open price: 279.770000, low price: 279.760000, high price: 279.820000, volume: 99119.000000}
{end time: 2019-12-19T15:41-05:00[America/New_York], close price: 279.850000, open price: 279.820100, low price: 279.800000, high price: 279.860000, volume: 40928.000000}
{end time: 2019-12-19T15:42-05:00[America/New_York], close price: 279.900000, open price: 279.840100, low price: 279.830000, high price: 279.920000, volume: 52795.000000}
{end time: 2019-12-19T15:43-05:00[America/New_York], close price: 279.940000, open price: 279.904200, low price: 279.880100, high price: 279.980000, volume: 85926.000000}
{end time: 2019-12-19T15:44-05:00[America/New_York], close price: 280.069500, open price: 279.950000, low price: 279.935000, high price: 280.090000, volume: 77040.000000}
{end time: 2019-12-19T15:45-05:00[America/New_York], close price: 280.040000, open price: 280.060000, low price: 280.020000, high price: 280.070000, volume: 76437.000000}
{end time: 2019-12-19T15:46-05:00[America/New_York], close price: 279.860100, open price: 280.034100, low price: 279.860000, high price: 280.050000, volume: 62954.000000}
{end time: 2019-12-19T15:47-05:00[America/New_York], close price: 279.882200, open price: 279.860000, low price: 279.830000, high price: 279.930000, volume: 82247.000000}
{end time: 2019-12-19T15:48-05:00[America/New_York], close price: 279.900000, open price: 279.885000, low price: 279.870000, high price: 279.920000, volume: 38270.000000}
{end time: 2019-12-19T15:49-05:00[America/New_York], close price: 279.840000, open price: 279.911300, low price: 279.790000, high price: 279.920000, volume: 56356.000000}
{end time: 2019-12-19T15:50-05:00[America/New_York], close price: 279.855000, open price: 279.850000, low price: 279.640000, high price: 279.890000, volume: 200921.000000}
{end time: 2019-12-19T15:51-05:00[America/New_York], close price: 279.780000, open price: 279.850000, low price: 279.750000, high price: 279.860000, volume: 63501.000000}
{end time: 2019-12-19T15:52-05:00[America/New_York], close price: 279.850000, open price: 279.800000, low price: 279.790000, high price: 279.860000, volume: 71643.000000}
{end time: 2019-12-19T15:53-05:00[America/New_York], close price: 279.810000, open price: 279.840000, low price: 279.770000, high price: 279.860000, volume: 87299.000000}
{end time: 2019-12-19T15:54-05:00[America/New_York], close price: 279.850000, open price: 279.800000, low price: 279.770000, high price: 279.910000, volume: 131463.000000}
{end time: 2019-12-19T15:55-05:00[America/New_York], close price: 279.855000, open price: 279.850000, low price: 279.820000, high price: 279.890000, volume: 88854.000000}
{end time: 2019-12-19T15:56-05:00[America/New_York], close price: 279.824700, open price: 279.855000, low price: 279.800000, high price: 279.890000, volume: 86862.000000}
{end time: 2019-12-19T15:57-05:00[America/New_York], close price: 279.900000, open price: 279.830000, low price: 279.800000, high price: 279.910000, volume: 119890.000000}
{end time: 2019-12-19T15:58-05:00[America/New_York], close price: 279.910000, open price: 279.900000, low price: 279.870000, high price: 279.910000, volume: 146984.000000}
{end time: 2019-12-19T15:59-05:00[America/New_York], close price: 280.030000, open price: 279.910000, low price: 279.890000, high price: 280.100000, volume: 327894.000000}
{end time: 2019-12-19T16:00-05:00[America/New_York], close price: 280.030000, open price: 280.020000, low price: 280.020000, high price: 280.030000, volume: 385327.000000}
{end time: 2019-12-19T16:01-05:00[America/New_York], close price: 279.970000, open price: 280.030000, low price: 279.970000, high price: 280.030000, volume: 6339.000000}
{end time: 2019-12-19T16:02-05:00[America/New_York], close price: 279.970000, open price: 279.970000, low price: 279.970000, high price: 279.980000, volume: 1904.000000}
{end time: 2019-12-19T16:03-05:00[America/New_York], close price: 280.040000, open price: 279.980000, low price: 279.980000, high price: 280.040000, volume: 1419.000000}
{end time: 2019-12-19T16:04-05:00[America/New_York], close price: 280.050000, open price: 279.950000, low price: 279.910000, high price: 280.050000, volume: 12345.000000}
{end time: 2019-12-19T16:05-05:00[America/New_York], close price: 280.000000, open price: 279.614000, low price: 279.614000, high price: 280.020000, volume: 6315.000000}
{end time: 2019-12-19T16:06-05:00[America/New_York], close price: 280.060000, open price: 280.000000, low price: 280.000000, high price: 280.060000, volume: 1696.000000}
{end time: 2019-12-19T16:07-05:00[America/New_York], close price: 279.865500, open price: 279.865500, low price: 279.865500, high price: 279.865500, volume: 19214.000000}
{end time: 2019-12-19T16:08-05:00[America/New_York], close price: 280.050000, open price: 280.070000, low price: 280.050000, high price: 280.070000, volume: 570.000000}
{end time: 2019-12-19T16:09-05:00[America/New_York], close price: 280.150000, open price: 280.070000, low price: 280.070000, high price: 280.150000, volume: 7132.000000}
{end time: 2019-12-19T16:10-05:00[America/New_York], close price: 280.190000, open price: 280.150000, low price: 280.150000, high price: 280.200000, volume: 2872.000000}
{end time: 2019-12-19T16:11-05:00[America/New_York], close price: 280.150000, open price: 280.100000, low price: 280.100000, high price: 280.150000, volume: 489.000000}
{end time: 2019-12-19T16:15-05:00[America/New_York], close price: 280.060000, open price: 280.110000, low price: 280.060000, high price: 280.180000, volume: 7535.000000}
{end time: 2019-12-19T16:21-05:00[America/New_York], close price: 280.060000, open price: 280.060000, low price: 280.060000, high price: 280.060000, volume: 395.000000}
{end time: 2019-12-19T16:22-05:00[America/New_York], close price: 280.070000, open price: 280.070000, low price: 280.070000, high price: 280.070000, volume: 261.000000}
{end time: 2019-12-19T16:24-05:00[America/New_York], close price: 280.050000, open price: 280.130000, low price: 280.050000, high price: 280.250000, volume: 3901.000000}
{end time: 2019-12-19T16:25-05:00[America/New_York], close price: 280.050000, open price: 280.050000, low price: 280.050000, high price: 280.050000, volume: 176.000000}
{end time: 2019-12-19T16:26-05:00[America/New_York], close price: 280.050000, open price: 280.050000, low price: 280.050000, high price: 280.050000, volume: 364.000000}
{end time: 2019-12-19T16:27-05:00[America/New_York], close price: 280.020000, open price: 280.050000, low price: 280.020000, high price: 280.050000, volume: 1175419.000000}
{end time: 2019-12-19T16:28-05:00[America/New_York], close price: 280.070000, open price: 280.070000, low price: 280.070000, high price: 280.070000, volume: 597.000000}
{end time: 2019-12-19T16:29-05:00[America/New_York], close price: 280.100000, open price: 280.100000, low price: 280.100000, high price: 280.100000, volume: 137.000000}
{end time: 2019-12-19T16:30-05:00[America/New_York], close price: 280.090000, open price: 280.090000, low price: 280.090000, high price: 280.090000, volume: 500.000000}
{end time: 2019-12-19T16:32-05:00[America/New_York], close price: 280.150000, open price: 280.150000, low price: 280.150000, high price: 280.150000, volume: 4354.000000}
{end time: 2019-12-19T16:33-05:00[America/New_York], close price: 280.180000, open price: 280.180000, low price: 280.180000, high price: 280.180000, volume: 101.000000}
{end time: 2019-12-19T16:34-05:00[America/New_York], close price: 280.180000, open price: 280.180000, low price: 280.180000, high price: 280.180000, volume: 262.000000}
{end time: 2019-12-19T16:35-05:00[America/New_York], close price: 280.200000, open price: 280.190000, low price: 280.190000, high price: 280.200000, volume: 1572.000000}
{end time: 2019-12-19T16:36-05:00[America/New_York], close price: 280.220000, open price: 280.220000, low price: 280.220000, high price: 280.220000, volume: 872.000000}
{end time: 2019-12-19T16:39-05:00[America/New_York], close price: 280.160000, open price: 280.160100, low price: 280.160000, high price: 280.160100, volume: 544.000000}
{end time: 2019-12-19T16:40-05:00[America/New_York], close price: 280.230000, open price: 280.230000, low price: 280.230000, high price: 280.230000, volume: 3737.000000}
{end time: 2019-12-19T16:44-05:00[America/New_York], close price: 280.180000, open price: 280.190000, low price: 280.180000, high price: 280.190000, volume: 737.000000}
{end time: 2019-12-19T16:45-05:00[America/New_York], close price: 280.170000, open price: 280.170000, low price: 280.170000, high price: 280.170000, volume: 100.000000}
{end time: 2019-12-19T16:48-05:00[America/New_York], close price: 280.110000, open price: 280.110000, low price: 280.110000, high price: 280.110000, volume: 170.000000}
{end time: 2019-12-19T16:50-05:00[America/New_York], close price: 280.150000, open price: 280.150000, low price: 280.150000, high price: 280.150000, volume: 262.000000}
{end time: 2019-12-19T16:53-05:00[America/New_York], close price: 280.110000, open price: 280.110000, low price: 280.110000, high price: 280.110000, volume: 205.000000}
{end time: 2019-12-19T16:55-05:00[America/New_York], close price: 280.150000, open price: 280.150000, low price: 280.150000, high price: 280.150000, volume: 364899.000000}
{end time: 2019-12-19T16:57-05:00[America/New_York], close price: 280.150000, open price: 280.150000, low price: 280.150000, high price: 280.150000, volume: 256.000000}
{end time: 2019-12-19T16:58-05:00[America/New_York], close price: 280.020000, open price: 280.020000, low price: 280.020000, high price: 280.020000, volume: 297214.000000}
{end time: 2019-12-19T16:59-05:00[America/New_York], close price: 280.180000, open price: 280.180000, low price: 280.180000, high price: 280.180000, volume: 1307.000000}
{end time: 2019-12-19T17:01-05:00[America/New_York], close price: 280.180000, open price: 280.180000, low price: 280.180000, high price: 280.180000, volume: 101.000000}
{end time: 2019-12-19T17:03-05:00[America/New_York], close price: 280.150000, open price: 280.160000, low price: 280.150000, high price: 280.160000, volume: 34146.000000}
{end time: 2019-12-19T17:10-05:00[America/New_York], close price: 280.020000, open price: 280.120000, low price: 280.020000, high price: 280.120000, volume: 88210.000000}
{end time: 2019-12-19T17:13-05:00[America/New_York], close price: 280.110000, open price: 280.110000, low price: 280.110000, high price: 280.110000, volume: 101.000000}
{end time: 2019-12-19T17:20-05:00[America/New_York], close price: 280.110100, open price: 280.110100, low price: 280.110100, high price: 280.110100, volume: 180.000000}
{end time: 2019-12-19T17:21-05:00[America/New_York], close price: 280.110000, open price: 280.110000, low price: 280.110000, high price: 280.110000, volume: 200.000000}
{end time: 2019-12-19T17:22-05:00[America/New_York], close price: 280.110000, open price: 280.110000, low price: 280.110000, high price: 280.110000, volume: 1240.000000}
{end time: 2019-12-19T17:33-05:00[America/New_York], close price: 280.180000, open price: 280.180000, low price: 280.180000, high price: 280.180000, volume: 1102.000000}
{end time: 2019-12-19T17:38-05:00[America/New_York], close price: 280.150000, open price: 280.150000, low price: 280.150000, high price: 280.150000, volume: 117.000000}
{end time: 2019-12-19T17:40-05:00[America/New_York], close price: 280.170000, open price: 280.170000, low price: 280.170000, high price: 280.170000, volume: 641.000000}
{end time: 2019-12-19T17:42-05:00[America/New_York], close price: 280.130000, open price: 280.130000, low price: 280.130000, high price: 280.130000, volume: 165.000000}
{end time: 2019-12-19T17:44-05:00[America/New_York], close price: 280.150000, open price: 280.150000, low price: 280.150000, high price: 280.150000, volume: 100.000000}
{end time: 2019-12-19T17:50-05:00[America/New_York], close price: 280.170000, open price: 280.170000, low price: 280.170000, high price: 280.170000, volume: 215.000000}
{end time: 2019-12-19T17:51-05:00[America/New_York], close price: 280.170000, open price: 280.170000, low price: 280.170000, high price: 280.170000, volume: 345.000000}
{end time: 2019-12-19T18:09-05:00[America/New_York], close price: 280.150000, open price: 280.150000, low price: 280.150000, high price: 280.150000, volume: 400.000000}
{end time: 2019-12-19T18:10-05:00[America/New_York], close price: 280.110000, open price: 280.110000, low price: 280.110000, high price: 280.110000, volume: 325.000000}
{end time: 2019-12-19T18:12-05:00[America/New_York], close price: 280.150000, open price: 280.150000, low price: 280.150000, high price: 280.150000, volume: 300.000000}
{end time: 2019-12-19T18:14-05:00[America/New_York], close price: 280.170000, open price: 280.170000, low price: 280.170000, high price: 280.170000, volume: 216.000000}
{end time: 2019-12-19T18:15-05:00[America/New_York], close price: 280.170000, open price: 280.170000, low price: 280.170000, high price: 280.170000, volume: 690.000000}
{end time: 2019-12-19T18:17-05:00[America/New_York], close price: 280.170000, open price: 280.170000, low price: 280.170000, high price: 280.170000, volume: 301.000000}
{end time: 2019-12-19T18:20-05:00[America/New_York], close price: 280.180000, open price: 280.180000, low price: 280.180000, high price: 280.190000, volume: 800.000000}
{end time: 2019-12-19T18:23-05:00[America/New_York], close price: 280.180000, open price: 280.180000, low price: 280.180000, high price: 280.180000, volume: 101.000000}
{end time: 2019-12-19T18:27-05:00[America/New_York], close price: 280.180000, open price: 280.180000, low price: 280.180000, high price: 280.180000, volume: 100.000000}
{end time: 2019-12-19T18:31-05:00[America/New_York], close price: 280.180000, open price: 280.180000, low price: 280.180000, high price: 280.180000, volume: 141.000000}
{end time: 2019-12-19T18:42-05:00[America/New_York], close price: 280.160000, open price: 280.160000, low price: 280.160000, high price: 280.160000, volume: 145.000000}
{end time: 2019-12-19T18:48-05:00[America/New_York], close price: 280.160000, open price: 280.160000, low price: 280.160000, high price: 280.160000, volume: 786.000000}
{end time: 2019-12-19T18:49-05:00[America/New_York], close price: 280.150000, open price: 280.150000, low price: 280.150000, high price: 280.150000, volume: 250.000000}
{end time: 2019-12-19T18:53-05:00[America/New_York], close price: 280.160000, open price: 280.100000, low price: 280.100000, high price: 280.160000, volume: 19499.000000}
{end time: 2019-12-19T19:02-05:00[America/New_York], close price: 280.110000, open price: 280.110000, low price: 280.110000, high price: 280.110000, volume: 290.000000}
{end time: 2019-12-19T19:04-05:00[America/New_York], close price: 280.180000, open price: 280.180000, low price: 280.180000, high price: 280.180000, volume: 200.000000}
{end time: 2019-12-19T19:06-05:00[America/New_York], close price: 280.180000, open price: 280.180000, low price: 280.180000, high price: 280.180000, volume: 1227.000000}
{end time: 2019-12-19T19:12-05:00[America/New_York], close price: 280.150000, open price: 280.150000, low price: 280.150000, high price: 280.150000, volume: 420.000000}
{end time: 2019-12-19T19:20-05:00[America/New_York], close price: 280.180000, open price: 280.180000, low price: 280.180000, high price: 280.180000, volume: 300.000000}
{end time: 2019-12-19T19:21-05:00[America/New_York], close price: 280.180000, open price: 280.180000, low price: 280.180000, high price: 280.180000, volume: 164.000000}
{end time: 2019-12-19T19:29-05:00[America/New_York], close price: 280.180000, open price: 280.180000, low price: 280.180000, high price: 280.180000, volume: 808.000000}
{end time: 2019-12-19T19:32-05:00[America/New_York], close price: 280.180000, open price: 280.180000, low price: 280.180000, high price: 280.180000, volume: 1221.000000}
{end time: 2019-12-19T19:34-05:00[America/New_York], close price: 280.200000, open price: 280.200000, low price: 280.200000, high price: 280.200000, volume: 203.000000}
{end time: 2019-12-19T19:45-05:00[America/New_York], close price: 280.240000, open price: 280.220000, low price: 280.220000, high price: 280.240000, volume: 2082.000000}
{end time: 2019-12-19T19:46-05:00[America/New_York], close price: 280.160000, open price: 280.160000, low price: 280.160000, high price: 280.160000, volume: 240.000000}
{end time: 2019-12-19T19:58-05:00[America/New_York], close price: 280.250000, open price: 280.200000, low price: 280.200000, high price: 280.250000, volume: 2445.000000}
{end time: 2019-12-19T19:59-05:00[America/New_York], close price: 280.240000, open price: 280.240000, low price: 280.240000, high price: 280.240000, volume: 1204.000000}
{end time: 2019-12-20T04:04-05:00[America/New_York], close price: 280.100000, open price: 280.100000, low price: 280.100000, high price: 280.100000, volume: 560.000000}
{end time: 2019-12-20T04:34-05:00[America/New_York], close price: 280.000000, open price: 280.020000, low price: 280.000000, high price: 280.020000, volume: 300.000000}
{end time: 2019-12-20T05:30-05:00[America/New_York], close price: 280.330000, open price: 280.330000, low price: 280.330000, high price: 280.330000, volume: 487.000000}
{end time: 2019-12-20T05:51-05:00[America/New_York], close price: 280.480000, open price: 280.480000, low price: 280.480000, high price: 280.480000, volume: 343.000000}
{end time: 2019-12-20T06:00-05:00[America/New_York], close price: 280.460000, open price: 280.460000, low price: 280.460000, high price: 280.460000, volume: 250.000000}
{end time: 2019-12-20T06:06-05:00[America/New_York], close price: 280.400000, open price: 280.400000, low price: 280.400000, high price: 280.400000, volume: 400.000000}
{end time: 2019-12-20T06:16-05:00[America/New_York], close price: 280.340000, open price: 280.340000, low price: 280.340000, high price: 280.340000, volume: 473.000000}
{end time: 2019-12-20T06:17-05:00[America/New_York], close price: 280.340000, open price: 280.340000, low price: 280.340000, high price: 280.340000, volume: 311.000000}
{end time: 2019-12-20T06:21-05:00[America/New_York], close price: 280.670000, open price: 280.670000, low price: 280.670000, high price: 280.670000, volume: 110.000000}
{end time: 2019-12-20T06:28-05:00[America/New_York], close price: 280.350000, open price: 280.350000, low price: 280.350000, high price: 280.350000, volume: 338.000000}
{end time: 2019-12-20T06:43-05:00[America/New_York], close price: 280.450000, open price: 280.450000, low price: 280.450000, high price: 280.450000, volume: 300.000000}
{end time: 2019-12-20T06:44-05:00[America/New_York], close price: 280.450000, open price: 280.450000, low price: 280.450000, high price: 280.450000, volume: 600.000000}
{end time: 2019-12-20T06:58-05:00[America/New_York], close price: 280.300000, open price: 280.400000, low price: 280.300000, high price: 280.400000, volume: 643.000000}
{end time: 2019-12-20T07:00-05:00[America/New_York], close price: 280.280000, open price: 280.300000, low price: 280.280000, high price: 280.300000, volume: 2107.000000}
{end time: 2019-12-20T07:01-05:00[America/New_York], close price: 280.280000, open price: 280.340000, low price: 280.280000, high price: 280.340000, volume: 875.000000}
{end time: 2019-12-20T07:02-05:00[America/New_York], close price: 280.300000, open price: 280.300000, low price: 280.300000, high price: 280.300000, volume: 125.000000}
{end time: 2019-12-20T07:03-05:00[America/New_York], close price: 280.330000, open price: 280.330000, low price: 280.330000, high price: 280.330000, volume: 329.000000}
{end time: 2019-12-20T07:04-05:00[America/New_York], close price: 280.300000, open price: 280.300000, low price: 280.300000, high price: 280.300000, volume: 1150.000000}
{end time: 2019-12-20T07:07-05:00[America/New_York], close price: 280.150000, open price: 280.230000, low price: 280.150000, high price: 280.230000, volume: 845.000000}
{end time: 2019-12-20T07:11-05:00[America/New_York], close price: 280.130000, open price: 280.130000, low price: 280.130000, high price: 280.130000, volume: 300.000000}
{end time: 2019-12-20T07:13-05:00[America/New_York], close price: 280.160000, open price: 280.260000, low price: 280.160000, high price: 280.280000, volume: 809.000000}
{end time: 2019-12-20T07:20-05:00[America/New_York], close price: 280.210000, open price: 280.210000, low price: 280.210000, high price: 280.210000, volume: 253.000000}
{end time: 2019-12-20T07:21-05:00[America/New_York], close price: 280.150000, open price: 280.200000, low price: 280.150000, high price: 280.200000, volume: 1587.000000}
{end time: 2019-12-20T07:26-05:00[America/New_York], close price: 280.170000, open price: 280.170000, low price: 280.170000, high price: 280.170000, volume: 500.000000}
{end time: 2019-12-20T07:28-05:00[America/New_York], close price: 280.250000, open price: 280.240000, low price: 280.240000, high price: 280.250000, volume: 300.000000}
{end time: 2019-12-20T07:30-05:00[America/New_York], close price: 280.240000, open price: 280.240000, low price: 280.240000, high price: 280.240000, volume: 222.000000}
{end time: 2019-12-20T07:31-05:00[America/New_York], close price: 280.220000, open price: 280.220000, low price: 280.220000, high price: 280.220000, volume: 477.000000}
{end time: 2019-12-20T07:33-05:00[America/New_York], close price: 280.220000, open price: 280.220000, low price: 280.220000, high price: 280.220000, volume: 294.000000}
{end time: 2019-12-20T07:35-05:00[America/New_York], close price: 280.280000, open price: 280.250000, low price: 280.250000, high price: 280.280000, volume: 1000.000000}
{end time: 2019-12-20T07:36-05:00[America/New_York], close price: 280.280000, open price: 280.260000, low price: 280.260000, high price: 280.280000, volume: 797.000000}
{end time: 2019-12-20T07:37-05:00[America/New_York], close price: 280.380000, open price: 280.380000, low price: 280.380000, high price: 280.380000, volume: 689.000000}
{end time: 2019-12-20T07:38-05:00[America/New_York], close price: 280.380000, open price: 280.360000, low price: 280.360000, high price: 280.380000, volume: 854.000000}
{end time: 2019-12-20T07:39-05:00[America/New_York], close price: 280.800000, open price: 280.500000, low price: 280.500000, high price: 280.800000, volume: 9294.000000}
{end time: 2019-12-20T07:40-05:00[America/New_York], close price: 280.800000, open price: 280.800000, low price: 280.800000, high price: 280.800000, volume: 741.000000}
{end time: 2019-12-20T07:42-05:00[America/New_York], close price: 280.610000, open price: 280.650000, low price: 280.610000, high price: 280.650000, volume: 573.000000}
{end time: 2019-12-20T07:43-05:00[America/New_York], close price: 280.600000, open price: 280.600000, low price: 280.600000, high price: 280.600000, volume: 535.000000}
{end time: 2019-12-20T07:44-05:00[America/New_York], close price: 280.600000, open price: 280.600000, low price: 280.600000, high price: 280.600000, volume: 800.000000}
{end time: 2019-12-20T07:46-05:00[America/New_York], close price: 280.550000, open price: 280.550000, low price: 280.550000, high price: 280.550000, volume: 390.000000}
{end time: 2019-12-20T07:50-05:00[America/New_York], close price: 280.650000, open price: 280.650000, low price: 280.650000, high price: 280.650000, volume: 925.000000}
{end time: 2019-12-20T07:51-05:00[America/New_York], close price: 280.780000, open price: 280.730000, low price: 280.730000, high price: 280.780000, volume: 711.000000}
{end time: 2019-12-20T07:52-05:00[America/New_York], close price: 280.870000, open price: 280.780000, low price: 280.780000, high price: 280.870000, volume: 685.000000}
{end time: 2019-12-20T07:53-05:00[America/New_York], close price: 280.840000, open price: 280.770000, low price: 280.760000, high price: 280.840000, volume: 1762.000000}
{end time: 2019-12-20T07:56-05:00[America/New_York], close price: 280.900000, open price: 280.890000, low price: 280.890000, high price: 280.900000, volume: 806.000000}
{end time: 2019-12-20T07:57-05:00[America/New_York], close price: 280.910000, open price: 280.950000, low price: 280.910000, high price: 281.000000, volume: 1161.000000}
{end time: 2019-12-20T07:58-05:00[America/New_York], close price: 280.880000, open price: 280.880000, low price: 280.880000, high price: 280.880000, volume: 413.000000}
{end time: 2019-12-20T07:59-05:00[America/New_York], close price: 280.990000, open price: 280.990000, low price: 280.980000, high price: 280.990000, volume: 675.000000}
{end time: 2019-12-20T08:00-05:00[America/New_York], close price: 280.820000, open price: 280.280000, low price: 280.160100, high price: 281.000000, volume: 6924.000000}
{end time: 2019-12-20T08:01-05:00[America/New_York], close price: 280.970000, open price: 280.970000, low price: 280.970000, high price: 281.000000, volume: 1351.000000}
{end time: 2019-12-20T08:02-05:00[America/New_York], close price: 280.930000, open price: 280.950000, low price: 280.930000, high price: 280.980000, volume: 1255.000000}
{end time: 2019-12-20T08:03-05:00[America/New_York], close price: 281.000000, open price: 280.970000, low price: 280.970000, high price: 281.000000, volume: 1205.000000}
{end time: 2019-12-20T08:04-05:00[America/New_York], close price: 280.950000, open price: 280.950000, low price: 280.950000, high price: 280.950000, volume: 379.000000}
{end time: 2019-12-20T08:05-05:00[America/New_York], close price: 280.950000, open price: 280.980000, low price: 280.940000, high price: 280.990000, volume: 2164.000000}
{end time: 2019-12-20T08:06-05:00[America/New_York], close price: 280.960000, open price: 280.960000, low price: 280.960000, high price: 280.960000, volume: 281.000000}
{end time: 2019-12-20T08:07-05:00[America/New_York], close price: 281.000000, open price: 280.950000, low price: 280.950000, high price: 281.050000, volume: 2089.000000}
{end time: 2019-12-20T08:08-05:00[America/New_York], close price: 281.050000, open price: 281.000000, low price: 281.000000, high price: 281.050000, volume: 520.000000}
{end time: 2019-12-20T08:09-05:00[America/New_York], close price: 280.980000, open price: 281.080000, low price: 280.980000, high price: 281.100000, volume: 3626.000000}
{end time: 2019-12-20T08:10-05:00[America/New_York], close price: 281.080000, open price: 281.080000, low price: 281.080000, high price: 281.080000, volume: 470.000000}
{end time: 2019-12-20T08:11-05:00[America/New_York], close price: 281.000000, open price: 281.060000, low price: 281.000000, high price: 281.080000, volume: 4650.000000}
{end time: 2019-12-20T08:12-05:00[America/New_York], close price: 281.060000, open price: 281.070000, low price: 281.000000, high price: 281.070000, volume: 1118.000000}
{end time: 2019-12-20T08:13-05:00[America/New_York], close price: 281.080000, open price: 281.090000, low price: 281.050000, high price: 281.090000, volume: 1022.000000}
{end time: 2019-12-20T08:14-05:00[America/New_York], close price: 281.110000, open price: 281.050000, low price: 281.050000, high price: 281.110000, volume: 989.000000}
{end time: 2019-12-20T08:15-05:00[America/New_York], close price: 281.120000, open price: 281.050000, low price: 281.050000, high price: 281.170000, volume: 2678.000000}
{end time: 2019-12-20T08:16-05:00[America/New_York], close price: 281.150000, open price: 281.120000, low price: 281.120000, high price: 281.150000, volume: 460.000000}
{end time: 2019-12-20T08:17-05:00[America/New_York], close price: 281.100000, open price: 281.050000, low price: 281.020000, high price: 281.100000, volume: 868.000000}
{end time: 2019-12-20T08:18-05:00[America/New_York], close price: 281.080000, open price: 281.080000, low price: 281.080000, high price: 281.080000, volume: 220.000000}
{end time: 2019-12-20T08:19-05:00[America/New_York], close price: 281.000000, open price: 281.070000, low price: 281.000000, high price: 281.070000, volume: 3887.000000}
{end time: 2019-12-20T08:20-05:00[America/New_York], close price: 281.050000, open price: 281.030000, low price: 281.000000, high price: 281.050000, volume: 2300.000000}
{end time: 2019-12-20T08:21-05:00[America/New_York], close price: 281.080000, open price: 281.010000, low price: 281.010000, high price: 281.080000, volume: 2120.000000}
{end time: 2019-12-20T08:22-05:00[America/New_York], close price: 281.100000, open price: 281.090000, low price: 281.090000, high price: 281.150000, volume: 5252.000000}
{end time: 2019-12-20T08:23-05:00[America/New_York], close price: 281.050000, open price: 281.100000, low price: 281.050000, high price: 281.100000, volume: 606.000000}
{end time: 2019-12-20T08:24-05:00[America/New_York], close price: 281.050000, open price: 281.050200, low price: 281.050000, high price: 281.050200, volume: 1433.000000}
{end time: 2019-12-20T08:25-05:00[America/New_York], close price: 281.100000, open price: 281.100000, low price: 281.090000, high price: 281.100000, volume: 2170.000000}
{end time: 2019-12-20T08:26-05:00[America/New_York], close price: 281.020000, open price: 281.040000, low price: 281.020000, high price: 281.040000, volume: 368.000000}
{end time: 2019-12-20T08:27-05:00[America/New_York], close price: 281.080000, open price: 281.080000, low price: 281.080000, high price: 281.080000, volume: 390.000000}
{end time: 2019-12-20T08:28-05:00[America/New_York], close price: 281.050000, open price: 281.110000, low price: 281.030000, high price: 281.110000, volume: 830.000000}
{end time: 2019-12-20T08:29-05:00[America/New_York], close price: 281.030000, open price: 281.070000, low price: 281.020000, high price: 281.070000, volume: 1104.000000}
{end time: 2019-12-20T08:30-05:00[America/New_York], close price: 281.000000, open price: 281.000000, low price: 281.000000, high price: 281.050000, volume: 1483.000000}
{end time: 2019-12-20T08:31-05:00[America/New_York], close price: 280.950000, open price: 281.000000, low price: 280.950000, high price: 281.000000, volume: 1221.000000}
{end time: 2019-12-20T08:32-05:00[America/New_York], close price: 281.090000, open price: 281.000000, low price: 281.000000, high price: 281.090000, volume: 2156.000000}
{end time: 2019-12-20T08:33-05:00[America/New_York], close price: 281.140000, open price: 281.079800, low price: 281.079800, high price: 281.140000, volume: 2862.000000}
{end time: 2019-12-20T08:34-05:00[America/New_York], close price: 281.020200, open price: 281.110000, low price: 281.020200, high price: 281.110000, volume: 1354.000000}
{end time: 2019-12-20T08:35-05:00[America/New_York], close price: 281.030000, open price: 281.030000, low price: 281.030000, high price: 281.030000, volume: 434.000000}
{end time: 2019-12-20T08:36-05:00[America/New_York], close price: 281.040000, open price: 281.080000, low price: 281.040000, high price: 281.080000, volume: 743.000000}
{end time: 2019-12-20T08:37-05:00[America/New_York], close price: 281.140000, open price: 281.100000, low price: 281.100000, high price: 281.140000, volume: 1106.000000}
{end time: 2019-12-20T08:38-05:00[America/New_York], close price: 281.050000, open price: 281.139700, low price: 281.050000, high price: 281.139700, volume: 4752.000000}
{end time: 2019-12-20T08:39-05:00[America/New_York], close price: 281.050000, open price: 281.050000, low price: 281.050000, high price: 281.050000, volume: 215.000000}
{end time: 2019-12-20T08:40-05:00[America/New_York], close price: 281.060000, open price: 281.080000, low price: 281.060000, high price: 281.120000, volume: 1701.000000}
{end time: 2019-12-20T08:41-05:00[America/New_York], close price: 281.080000, open price: 281.080000, low price: 281.080000, high price: 281.080000, volume: 100.000000}
{end time: 2019-12-20T08:42-05:00[America/New_York], close price: 281.090000, open price: 281.075000, low price: 281.075000, high price: 281.120000, volume: 868.000000}
{end time: 2019-12-20T08:43-05:00[America/New_York], close price: 281.160000, open price: 281.130000, low price: 281.120000, high price: 281.160000, volume: 7309.000000}
{end time: 2019-12-20T08:44-05:00[America/New_York], close price: 281.200000, open price: 281.165000, low price: 281.150000, high price: 281.200000, volume: 1598.000000}
{end time: 2019-12-20T08:45-05:00[America/New_York], close price: 281.200000, open price: 281.160000, low price: 281.140000, high price: 281.200000, volume: 1182.000000}
{end time: 2019-12-20T08:46-05:00[America/New_York], close price: 281.200000, open price: 281.200000, low price: 281.199900, high price: 281.200000, volume: 938.000000}
{end time: 2019-12-20T08:47-05:00[America/New_York], close price: 281.179900, open price: 281.180000, low price: 281.140000, high price: 281.180000, volume: 1133.000000}
{end time: 2019-12-20T08:48-05:00[America/New_York], close price: 281.200000, open price: 281.180000, low price: 281.180000, high price: 281.200000, volume: 943.000000}
{end time: 2019-12-20T08:49-05:00[America/New_York], close price: 281.149800, open price: 281.180000, low price: 281.149800, high price: 281.200000, volume: 853.000000}
{end time: 2019-12-20T08:50-05:00[America/New_York], close price: 281.140000, open price: 281.150000, low price: 281.130000, high price: 281.200000, volume: 3536.000000}
{end time: 2019-12-20T08:51-05:00[America/New_York], close price: 281.130200, open price: 281.130200, low price: 281.120000, high price: 281.130200, volume: 2018.000000}
{end time: 2019-12-20T08:52-05:00[America/New_York], close price: 281.100000, open price: 281.120000, low price: 281.100000, high price: 281.130000, volume: 919.000000}
{end time: 2019-12-20T08:53-05:00[America/New_York], close price: 281.100000, open price: 281.100000, low price: 281.100000, high price: 281.100000, volume: 1100.000000}
{end time: 2019-12-20T08:54-05:00[America/New_York], close price: 281.050000, open price: 281.050000, low price: 281.050000, high price: 281.050000, volume: 1449.000000}
{end time: 2019-12-20T08:55-05:00[America/New_York], close price: 281.020000, open price: 281.050000, low price: 281.020000, high price: 281.100000, volume: 3794.000000}
{end time: 2019-12-20T08:56-05:00[America/New_York], close price: 281.020000, open price: 281.020000, low price: 281.010000, high price: 281.020000, volume: 900.000000}
{end time: 2019-12-20T08:57-05:00[America/New_York], close price: 281.010000, open price: 281.010000, low price: 281.000000, high price: 281.100000, volume: 3962.000000}
{end time: 2019-12-20T08:58-05:00[America/New_York], close price: 281.000000, open price: 281.000000, low price: 281.000000, high price: 281.000000, volume: 1101.000000}
{end time: 2019-12-20T08:59-05:00[America/New_York], close price: 281.010000, open price: 281.010000, low price: 281.010000, high price: 281.010000, volume: 535.000000}
{end time: 2019-12-20T09:00-05:00[America/New_York], close price: 280.950000, open price: 281.050000, low price: 280.950000, high price: 281.050000, volume: 1573.000000}
{end time: 2019-12-20T09:01-05:00[America/New_York], close price: 280.960000, open price: 281.000000, low price: 280.960000, high price: 281.000000, volume: 1058.000000}
{end time: 2019-12-20T09:02-05:00[America/New_York], close price: 280.850000, open price: 280.920000, low price: 280.850000, high price: 281.000000, volume: 5260.000000}
{end time: 2019-12-20T09:03-05:00[America/New_York], close price: 280.870000, open price: 281.000000, low price: 280.870000, high price: 281.000000, volume: 4332.000000}
{end time: 2019-12-20T09:04-05:00[America/New_York], close price: 280.870100, open price: 281.000000, low price: 280.870000, high price: 281.000000, volume: 2028.000000}
{end time: 2019-12-20T09:05-05:00[America/New_York], close price: 280.970000, open price: 280.950000, low price: 280.940000, high price: 280.970000, volume: 1113.000000}
{end time: 2019-12-20T09:06-05:00[America/New_York], close price: 280.900000, open price: 280.900000, low price: 280.900000, high price: 280.900000, volume: 1323.000000}
{end time: 2019-12-20T09:07-05:00[America/New_York], close price: 280.960000, open price: 280.900000, low price: 280.860000, high price: 280.960000, volume: 1785.000000}
{end time: 2019-12-20T09:08-05:00[America/New_York], close price: 280.920000, open price: 280.860000, low price: 280.860000, high price: 280.920000, volume: 3114.000000}
{end time: 2019-12-20T09:09-05:00[America/New_York], close price: 281.000000, open price: 281.000000, low price: 280.990000, high price: 281.000000, volume: 2159.000000}
{end time: 2019-12-20T09:10-05:00[America/New_York], close price: 281.000000, open price: 280.970000, low price: 280.970000, high price: 281.000000, volume: 1623.000000}
{end time: 2019-12-20T09:11-05:00[America/New_York], close price: 280.930000, open price: 281.000000, low price: 280.930000, high price: 281.000000, volume: 1047.000000}
{end time: 2019-12-20T09:12-05:00[America/New_York], close price: 280.990000, open price: 280.990000, low price: 280.990000, high price: 280.990000, volume: 277.000000}
{end time: 2019-12-20T09:13-05:00[America/New_York], close price: 280.800000, open price: 280.900000, low price: 280.800000, high price: 280.990000, volume: 3479.000000}
{end time: 2019-12-20T09:14-05:00[America/New_York], close price: 280.850000, open price: 280.810000, low price: 280.800000, high price: 280.850000, volume: 1235.000000}
{end time: 2019-12-20T09:15-05:00[America/New_York], close price: 280.940000, open price: 280.800200, low price: 280.800200, high price: 280.940000, volume: 2288.000000}
{end time: 2019-12-20T09:16-05:00[America/New_York], close price: 281.050000, open price: 280.850100, low price: 280.850100, high price: 281.050000, volume: 4216.000000}
{end time: 2019-12-20T09:17-05:00[America/New_York], close price: 280.980000, open price: 281.000000, low price: 280.900000, high price: 281.050000, volume: 4697.000000}
{end time: 2019-12-20T09:18-05:00[America/New_York], close price: 281.090000, open price: 280.920000, low price: 280.900000, high price: 281.090000, volume: 8108.000000}
{end time: 2019-12-20T09:19-05:00[America/New_York], close price: 281.040000, open price: 281.040000, low price: 281.030000, high price: 281.100000, volume: 7928.000000}
{end time: 2019-12-20T09:20-05:00[America/New_York], close price: 281.149900, open price: 281.100000, low price: 281.050000, high price: 281.190000, volume: 5346.000000}
{end time: 2019-12-20T09:21-05:00[America/New_York], close price: 281.200000, open price: 281.100000, low price: 281.010000, high price: 281.200000, volume: 3788.000000}
{end time: 2019-12-20T09:22-05:00[America/New_York], close price: 281.260000, open price: 281.200000, low price: 281.200000, high price: 281.260000, volume: 4255.000000}
{end time: 2019-12-20T09:23-05:00[America/New_York], close price: 281.300000, open price: 281.270000, low price: 281.270000, high price: 281.300000, volume: 7077.000000}
{end time: 2019-12-20T09:24-05:00[America/New_York], close price: 281.410000, open price: 281.310000, low price: 281.300000, high price: 281.410000, volume: 4445.000000}
{end time: 2019-12-20T09:25-05:00[America/New_York], close price: 281.500200, open price: 281.400000, low price: 281.390000, high price: 281.500200, volume: 11335.000000}
{end time: 2019-12-20T09:26-05:00[America/New_York], close price: 281.600000, open price: 281.500000, low price: 281.350000, high price: 281.600000, volume: 7767.000000}
{end time: 2019-12-20T09:27-05:00[America/New_York], close price: 281.730000, open price: 281.600000, low price: 281.600000, high price: 281.730000, volume: 6474.000000}
{end time: 2019-12-20T09:28-05:00[America/New_York], close price: 282.030000, open price: 281.740000, low price: 281.630000, high price: 283.540000, volume: 237191.000000}
{end time: 2019-12-20T09:29-05:00[America/New_York], close price: 282.210000, open price: 282.000000, low price: 281.970000, high price: 282.650000, volume: 195173.000000}
{end time: 2019-12-20T09:30-05:00[America/New_York], close price: 282.080000, open price: 282.230000, low price: 281.220000, high price: 282.650000, volume: 6604847.000000}
{end time: 2019-12-20T09:31-05:00[America/New_York], close price: 282.060000, open price: 282.010000, low price: 281.880000, high price: 282.180000, volume: 194919.000000}
{end time: 2019-12-20T09:32-05:00[America/New_York], close price: 281.815000, open price: 282.042500, low price: 281.540000, high price: 282.170000, volume: 211350.000000}
{end time: 2019-12-20T09:33-05:00[America/New_York], close price: 281.620000, open price: 281.820000, low price: 281.510000, high price: 281.870000, volume: 154248.000000}
{end time: 2019-12-20T09:34-05:00[America/New_York], close price: 281.740000, open price: 281.650000, low price: 281.620000, high price: 281.830000, volume: 153767.000000}
{end time: 2019-12-20T09:35-05:00[America/New_York], close price: 281.870000, open price: 281.720000, low price: 281.680000, high price: 282.250000, volume: 225246.000000}
{end time: 2019-12-20T09:36-05:00[America/New_York], close price: 281.700000, open price: 281.919900, low price: 281.600000, high price: 281.940000, volume: 179063.000000}
{end time: 2019-12-20T09:37-05:00[America/New_York], close price: 281.745000, open price: 281.695000, low price: 281.410000, high price: 281.770000, volume: 143147.000000}
{end time: 2019-12-20T09:38-05:00[America/New_York], close price: 281.260000, open price: 281.745000, low price: 281.250000, high price: 281.820000, volume: 151783.000000}
{end time: 2019-12-20T09:39-05:00[America/New_York], close price: 281.380000, open price: 281.270600, low price: 281.250000, high price: 281.480000, volume: 126295.000000}
{end time: 2019-12-20T09:40-05:00[America/New_York], close price: 281.180000, open price: 281.380000, low price: 281.020000, high price: 281.380000, volume: 150103.000000}
{end time: 2019-12-20T09:41-05:00[America/New_York], close price: 281.120000, open price: 281.194500, low price: 281.060000, high price: 281.213900, volume: 72321.000000}
{end time: 2019-12-20T09:42-05:00[America/New_York], close price: 281.360000, open price: 281.160000, low price: 281.160000, high price: 281.410000, volume: 88989.000000}
{end time: 2019-12-20T09:43-05:00[America/New_York], close price: 281.334000, open price: 281.339000, low price: 281.320100, high price: 281.590000, volume: 120341.000000}
{end time: 2019-12-20T09:44-05:00[America/New_York], close price: 281.320000, open price: 281.345000, low price: 281.320000, high price: 281.420000, volume: 54274.000000}
{end time: 2019-12-20T09:45-05:00[America/New_York], close price: 281.420000, open price: 281.320000, low price: 281.320000, high price: 281.490000, volume: 78400.000000}
{end time: 2019-12-20T09:46-05:00[America/New_York], close price: 280.890000, open price: 281.410000, low price: 280.870000, high price: 281.410000, volume: 192433.000000}
{end time: 2019-12-20T09:47-05:00[America/New_York], close price: 280.879900, open price: 280.913900, low price: 280.860000, high price: 281.060000, volume: 94056.000000}
{end time: 2019-12-20T09:48-05:00[America/New_York], close price: 281.135000, open price: 280.870800, low price: 280.870800, high price: 281.240000, volume: 104329.000000}
{end time: 2019-12-20T09:49-05:00[America/New_York], close price: 281.170000, open price: 281.124800, low price: 280.981500, high price: 281.296200, volume: 111987.000000}
{end time: 2019-12-20T09:50-05:00[America/New_York], close price: 281.220000, open price: 281.160000, low price: 281.140000, high price: 281.290000, volume: 77820.000000}
{end time: 2019-12-20T09:51-05:00[America/New_York], close price: 281.360000, open price: 281.240000, low price: 281.240000, high price: 281.480000, volume: 103268.000000}
{end time: 2019-12-20T09:52-05:00[America/New_York], close price: 281.340000, open price: 281.380000, low price: 281.340000, high price: 281.570000, volume: 86054.000000}
{end time: 2019-12-20T09:53-05:00[America/New_York], close price: 281.270000, open price: 281.350000, low price: 281.260000, high price: 281.450000, volume: 67780.000000}
{end time: 2019-12-20T09:54-05:00[America/New_York], close price: 281.580000, open price: 281.280000, low price: 281.260000, high price: 281.580000, volume: 94559.000000}
{end time: 2019-12-20T09:55-05:00[America/New_York], close price: 281.600000, open price: 281.560500, low price: 281.500000, high price: 281.695000, volume: 75794.000000}
{end time: 2019-12-20T09:56-05:00[America/New_York], close price: 281.540000, open price: 281.600000, low price: 281.530000, high price: 281.650000, volume: 45333.000000}
{end time: 2019-12-20T09:57-05:00[America/New_York], close price: 281.270000, open price: 281.540000, low price: 281.140000, high price: 281.560000, volume: 88092.000000}
{end time: 2019-12-20T09:58-05:00[America/New_York], close price: 281.190000, open price: 281.260000, low price: 281.040000, high price: 281.300000, volume: 91096.000000}
{end time: 2019-12-20T09:59-05:00[America/New_York], close price: 280.990000, open price: 281.210000, low price: 280.920000, high price: 281.220000, volume: 79704.000000}
{end time: 2019-12-20T10:00-05:00[America/New_York], close price: 281.070000, open price: 280.995000, low price: 280.909600, high price: 281.220000, volume: 71515.000000}
{end time: 2019-12-20T10:01-05:00[America/New_York], close price: 280.995000, open price: 281.070000, low price: 280.950000, high price: 281.149900, volume: 63987.000000}
{end time: 2019-12-20T10:02-05:00[America/New_York], close price: 281.105000, open price: 281.004000, low price: 280.980000, high price: 281.180000, volume: 67669.000000}
{end time: 2019-12-20T10:03-05:00[America/New_York], close price: 281.400000, open price: 281.110000, low price: 281.085100, high price: 281.400000, volume: 63874.000000}
{end time: 2019-12-20T10:04-05:00[America/New_York], close price: 281.552900, open price: 281.390000, low price: 281.390000, high price: 281.670000, volume: 121653.000000}
{end time: 2019-12-20T10:05-05:00[America/New_York], close price: 281.510000, open price: 281.560000, low price: 281.480000, high price: 281.720000, volume: 85228.000000}
{end time: 2019-12-20T10:06-05:00[America/New_York], close price: 281.520000, open price: 281.530000, low price: 281.480000, high price: 281.560000, volume: 47357.000000}
{end time: 2019-12-20T10:07-05:00[America/New_York], close price: 281.490000, open price: 281.520000, low price: 281.440000, high price: 281.580000, volume: 40281.000000}
{end time: 2019-12-20T10:08-05:00[America/New_York], close price: 281.480000, open price: 281.485000, low price: 281.320000, high price: 281.490000, volume: 43383.000000}
{end time: 2019-12-20T10:09-05:00[America/New_York], close price: 281.530000, open price: 281.470000, low price: 281.420000, high price: 281.650000, volume: 50349.000000}
{end time: 2019-12-20T10:10-05:00[America/New_York], close price: 281.719900, open price: 281.534300, low price: 281.530000, high price: 281.830000, volume: 116864.000000}
{end time: 2019-12-20T10:11-05:00[America/New_York], close price: 281.510000, open price: 281.700400, low price: 281.490000, high price: 281.740000, volume: 57258.000000}
{end time: 2019-12-20T10:12-05:00[America/New_York], close price: 281.420000, open price: 281.490000, low price: 281.340000, high price: 281.510000, volume: 49599.000000}
{end time: 2019-12-20T10:13-05:00[America/New_York], close price: 281.300000, open price: 281.420000, low price: 281.280000, high price: 281.470000, volume: 48102.000000}
{end time: 2019-12-20T10:14-05:00[America/New_York], close price: 281.260000, open price: 281.290000, low price: 281.120000, high price: 281.310000, volume: 85791.000000}
{end time: 2019-12-20T10:15-05:00[America/New_York], close price: 281.140100, open price: 281.260000, low price: 281.100000, high price: 281.350000, volume: 69138.000000}
{end time: 2019-12-20T10:16-05:00[America/New_York], close price: 281.290000, open price: 281.140000, low price: 281.140000, high price: 281.380000, volume: 52854.000000}
{end time: 2019-12-20T10:17-05:00[America/New_York], close price: 281.320000, open price: 281.280000, low price: 281.210000, high price: 281.389900, volume: 49103.000000}
{end time: 2019-12-20T10:18-05:00[America/New_York], close price: 281.160000, open price: 281.310700, low price: 281.135000, high price: 281.340000, volume: 45822.000000}
{end time: 2019-12-20T10:19-05:00[America/New_York], close price: 281.060000, open price: 281.160000, low price: 281.060000, high price: 281.190000, volume: 47583.000000}
{end time: 2019-12-20T10:20-05:00[America/New_York], close price: 281.050000, open price: 281.050000, low price: 280.972200, high price: 281.190000, volume: 64421.000000}
{end time: 2019-12-20T10:21-05:00[America/New_York], close price: 281.050000, open price: 281.060000, low price: 281.020000, high price: 281.106000, volume: 36740.000000}
{end time: 2019-12-20T10:22-05:00[America/New_York], close price: 281.007900, open price: 281.040000, low price: 280.970000, high price: 281.060000, volume: 64788.000000}
{end time: 2019-12-20T10:23-05:00[America/New_York], close price: 280.800000, open price: 281.006300, low price: 280.650000, high price: 281.006300, volume: 184548.000000}
{end time: 2019-12-20T10:24-05:00[America/New_York], close price: 280.879700, open price: 280.809500, low price: 280.796300, high price: 280.920000, volume: 46195.000000}
{end time: 2019-12-20T10:25-05:00[America/New_York], close price: 280.970000, open price: 280.870000, low price: 280.870000, high price: 281.115000, volume: 55753.000000}
{end time: 2019-12-20T10:26-05:00[America/New_York], close price: 280.800000, open price: 281.000000, low price: 280.770000, high price: 281.000000, volume: 51583.000000}
{end time: 2019-12-20T10:27-05:00[America/New_York], close price: 281.006100, open price: 280.800000, low price: 280.789900, high price: 281.030000, volume: 44536.000000}
{end time: 2019-12-20T10:28-05:00[America/New_York], close price: 281.040000, open price: 281.030000, low price: 281.010100, high price: 281.150000, volume: 36111.000000}
{end time: 2019-12-20T10:29-05:00[America/New_York], close price: 281.130000, open price: 281.040000, low price: 281.040000, high price: 281.150000, volume: 33872.000000}
{end time: 2019-12-20T10:30-05:00[America/New_York], close price: 281.120100, open price: 281.115900, low price: 281.050000, high price: 281.135500, volume: 33060.000000}
{end time: 2019-12-20T10:31-05:00[America/New_York], close price: 281.000000, open price: 281.130000, low price: 280.870000, high price: 281.130000, volume: 40819.000000}
{end time: 2019-12-20T10:32-05:00[America/New_York], close price: 280.875200, open price: 281.000000, low price: 280.850000, high price: 281.005000, volume: 20414.000000}
{end time: 2019-12-20T10:33-05:00[America/New_York], close price: 280.880000, open price: 280.880000, low price: 280.790000, high price: 281.020000, volume: 47145.000000}
{end time: 2019-12-20T10:34-05:00[America/New_York], close price: 281.030000, open price: 280.880000, low price: 280.810100, high price: 281.030000, volume: 30089.000000}
{end time: 2019-12-20T10:35-05:00[America/New_York], close price: 280.989900, open price: 281.040000, low price: 280.961200, high price: 281.080000, volume: 26180.000000}
{end time: 2019-12-20T10:36-05:00[America/New_York], close price: 280.950000, open price: 280.989100, low price: 280.920300, high price: 281.030000, volume: 27332.000000}
{end time: 2019-12-20T10:37-05:00[America/New_York], close price: 280.975000, open price: 280.960000, low price: 280.900100, high price: 281.000000, volume: 47992.000000}
{end time: 2019-12-20T10:38-05:00[America/New_York], close price: 280.990000, open price: 280.985000, low price: 280.930000, high price: 281.010000, volume: 31663.000000}
{end time: 2019-12-20T10:39-05:00[America/New_York], close price: 281.020000, open price: 280.997300, low price: 280.980000, high price: 281.080000, volume: 36876.000000}
{end time: 2019-12-20T10:40-05:00[America/New_York], close price: 281.166500, open price: 281.039000, low price: 281.022100, high price: 281.240000, volume: 68805.000000}
{end time: 2019-12-20T10:41-05:00[America/New_York], close price: 281.220000, open price: 281.160000, low price: 281.160000, high price: 281.288800, volume: 54254.000000}
{end time: 2019-12-20T10:42-05:00[America/New_York], close price: 281.356000, open price: 281.220000, low price: 281.200000, high price: 281.380000, volume: 58234.000000}
{end time: 2019-12-20T10:43-05:00[America/New_York], close price: 281.215000, open price: 281.355100, low price: 281.150000, high price: 281.390000, volume: 49363.000000}
{end time: 2019-12-20T10:44-05:00[America/New_York], close price: 281.213800, open price: 281.230000, low price: 281.200200, high price: 281.270000, volume: 33039.000000}
{end time: 2019-12-20T10:45-05:00[America/New_York], close price: 281.235600, open price: 281.218200, low price: 281.170000, high price: 281.315100, volume: 27155.000000}
{end time: 2019-12-20T10:46-05:00[America/New_York], close price: 281.250000, open price: 281.234400, low price: 281.210100, high price: 281.330000, volume: 35507.000000}
{end time: 2019-12-20T10:47-05:00[America/New_York], close price: 281.270000, open price: 281.260000, low price: 281.240000, high price: 281.340000, volume: 33229.000000}
{end time: 2019-12-20T10:48-05:00[America/New_York], close price: 281.310000, open price: 281.270000, low price: 281.260000, high price: 281.345000, volume: 25607.000000}
{end time: 2019-12-20T10:49-05:00[America/New_York], close price: 281.467200, open price: 281.320000, low price: 281.320000, high price: 281.490000, volume: 89713.000000}
{end time: 2019-12-20T10:50-05:00[America/New_York], close price: 281.390000, open price: 281.460000, low price: 281.310000, high price: 281.480000, volume: 46051.000000}
{end time: 2019-12-20T10:51-05:00[America/New_York], close price: 281.230000, open price: 281.385000, low price: 281.160000, high price: 281.385000, volume: 68424.000000}
{end time: 2019-12-20T10:52-05:00[America/New_York], close price: 281.250000, open price: 281.235000, low price: 281.230000, high price: 281.287300, volume: 17315.000000}
{end time: 2019-12-20T10:53-05:00[America/New_York], close price: 281.325000, open price: 281.260000, low price: 281.250000, high price: 281.330000, volume: 27691.000000}
{end time: 2019-12-20T10:54-05:00[America/New_York], close price: 281.375000, open price: 281.325000, low price: 281.310000, high price: 281.390000, volume: 27366.000000}
{end time: 2019-12-20T10:55-05:00[America/New_York], close price: 281.344300, open price: 281.375000, low price: 281.244600, high price: 281.375000, volume: 35620.000000}
{end time: 2019-12-20T10:56-05:00[America/New_York], close price: 281.270000, open price: 281.350000, low price: 281.270000, high price: 281.389900, volume: 30249.000000}
{end time: 2019-12-20T10:57-05:00[America/New_York], close price: 281.325000, open price: 281.280300, low price: 281.256400, high price: 281.340000, volume: 32986.000000}
{end time: 2019-12-20T10:58-05:00[America/New_York], close price: 281.347300, open price: 281.323300, low price: 281.300000, high price: 281.370000, volume: 26213.000000}
{end time: 2019-12-20T10:59-05:00[America/New_York], close price: 281.390000, open price: 281.335000, low price: 281.280000, high price: 281.420000, volume: 41132.000000}
{end time: 2019-12-20T11:00-05:00[America/New_York], close price: 281.490000, open price: 281.390000, low price: 281.376300, high price: 281.500000, volume: 71594.000000}
{end time: 2019-12-20T11:01-05:00[America/New_York], close price: 281.550000, open price: 281.490000, low price: 281.490000, high price: 281.600000, volume: 70470.000000}
{end time: 2019-12-20T11:02-05:00[America/New_York], close price: 281.600000, open price: 281.550000, low price: 281.520000, high price: 281.630000, volume: 55738.000000}
{end time: 2019-12-20T11:03-05:00[America/New_York], close price: 281.770000, open price: 281.610000, low price: 281.590000, high price: 281.780000, volume: 109782.000000}
{end time: 2019-12-20T11:04-05:00[America/New_York], close price: 281.850000, open price: 281.760000, low price: 281.740000, high price: 281.870000, volume: 113969.000000}
{end time: 2019-12-20T11:05-05:00[America/New_York], close price: 281.839000, open price: 281.864300, low price: 281.800100, high price: 281.880000, volume: 52085.000000}
{end time: 2019-12-20T11:06-05:00[America/New_York], close price: 281.780000, open price: 281.840000, low price: 281.770100, high price: 281.879000, volume: 61100.000000}
{end time: 2019-12-20T11:07-05:00[America/New_York], close price: 281.775000, open price: 281.780000, low price: 281.730000, high price: 281.810000, volume: 77076.000000}
{end time: 2019-12-20T11:08-05:00[America/New_York], close price: 281.780900, open price: 281.776300, low price: 281.755000, high price: 281.831500, volume: 59460.000000}
{end time: 2019-12-20T11:09-05:00[America/New_York], close price: 281.810000, open price: 281.790000, low price: 281.760000, high price: 281.930000, volume: 92692.000000}
{end time: 2019-12-20T11:10-05:00[America/New_York], close price: 281.780000, open price: 281.816400, low price: 281.780000, high price: 281.860000, volume: 31843.000000}
{end time: 2019-12-20T11:11-05:00[America/New_York], close price: 281.725000, open price: 281.780000, low price: 281.700000, high price: 281.790000, volume: 39043.000000}
{end time: 2019-12-20T11:12-05:00[America/New_York], close price: 281.830000, open price: 281.726000, low price: 281.726000, high price: 281.840000, volume: 31870.000000}
{end time: 2019-12-20T11:13-05:00[America/New_York], close price: 281.740000, open price: 281.820000, low price: 281.680000, high price: 281.830000, volume: 57396.000000}
{end time: 2019-12-20T11:14-05:00[America/New_York], close price: 281.585200, open price: 281.745700, low price: 281.550000, high price: 281.745700, volume: 75987.000000}
{end time: 2019-12-20T11:15-05:00[America/New_York], close price: 281.620000, open price: 281.585100, low price: 281.530000, high price: 281.650000, volume: 59476.000000}
{end time: 2019-12-20T11:16-05:00[America/New_York], close price: 281.580000, open price: 281.615500, low price: 281.560000, high price: 281.640000, volume: 37977.000000}
{end time: 2019-12-20T11:17-05:00[America/New_York], close price: 281.530000, open price: 281.580000, low price: 281.480000, high price: 281.590000, volume: 46719.000000}
{end time: 2019-12-20T11:18-05:00[America/New_York], close price: 281.555000, open price: 281.550000, low price: 281.520000, high price: 281.590000, volume: 19072.000000}
{end time: 2019-12-20T11:19-05:00[America/New_York], close price: 281.450000, open price: 281.555000, low price: 281.450000, high price: 281.590000, volume: 48854.000000}
{end time: 2019-12-20T11:20-05:00[America/New_York], close price: 281.320000, open price: 281.450000, low price: 281.300000, high price: 281.470000, volume: 67905.000000}
{end time: 2019-12-20T11:21-05:00[America/New_York], close price: 281.280000, open price: 281.320000, low price: 281.280000, high price: 281.360000, volume: 62976.000000}
{end time: 2019-12-20T11:22-05:00[America/New_York], close price: 281.240000, open price: 281.280000, low price: 281.160000, high price: 281.285000, volume: 65322.000000}
{end time: 2019-12-20T11:23-05:00[America/New_York], close price: 281.370000, open price: 281.234900, low price: 281.234900, high price: 281.410000, volume: 58181.000000}
{end time: 2019-12-20T11:24-05:00[America/New_York], close price: 281.235000, open price: 281.363300, low price: 281.230000, high price: 281.363300, volume: 46191.000000}
{end time: 2019-12-20T11:25-05:00[America/New_York], close price: 281.209900, open price: 281.226000, low price: 281.173500, high price: 281.310000, volume: 44153.000000}
{end time: 2019-12-20T11:26-05:00[America/New_York], close price: 281.255000, open price: 281.200000, low price: 281.200000, high price: 281.279900, volume: 40210.000000}
{end time: 2019-12-20T11:27-05:00[America/New_York], close price: 281.245000, open price: 281.246800, low price: 281.230000, high price: 281.260000, volume: 37559.000000}
{end time: 2019-12-20T11:28-05:00[America/New_York], close price: 281.240000, open price: 281.245100, low price: 281.235000, high price: 281.260000, volume: 18538.000000}
{end time: 2019-12-20T11:29-05:00[America/New_York], close price: 281.270000, open price: 281.250000, low price: 281.240100, high price: 281.349000, volume: 37358.000000}
{end time: 2019-12-20T11:30-05:00[America/New_York], close price: 281.435000, open price: 281.290000, low price: 281.290000, high price: 281.540000, volume: 90487.000000}
{end time: 2019-12-20T11:31-05:00[America/New_York], close price: 281.421400, open price: 281.430100, low price: 281.400000, high price: 281.510000, volume: 35365.000000}
{end time: 2019-12-20T11:32-05:00[America/New_York], close price: 281.520000, open price: 281.420100, low price: 281.400000, high price: 281.520000, volume: 30016.000000}
{end time: 2019-12-20T11:33-05:00[America/New_York], close price: 281.465000, open price: 281.510700, low price: 281.450000, high price: 281.590000, volume: 51706.000000}
{end time: 2019-12-20T11:34-05:00[America/New_York], close price: 281.530000, open price: 281.470000, low price: 281.460000, high price: 281.560000, volume: 30423.000000}
{end time: 2019-12-20T11:35-05:00[America/New_York], close price: 281.430000, open price: 281.530000, low price: 281.420000, high price: 281.550000, volume: 52869.000000}
{end time: 2019-12-20T11:36-05:00[America/New_York], close price: 281.384500, open price: 281.435000, low price: 281.350000, high price: 281.435000, volume: 36658.000000}
{end time: 2019-12-20T11:37-05:00[America/New_York], close price: 281.215000, open price: 281.388400, low price: 281.180000, high price: 281.400000, volume: 54382.000000}
{end time: 2019-12-20T11:38-05:00[America/New_York], close price: 281.205000, open price: 281.220000, low price: 281.190000, high price: 281.270000, volume: 38337.000000}
{end time: 2019-12-20T11:39-05:00[America/New_York], close price: 281.219900, open price: 281.200000, low price: 281.160300, high price: 281.270000, volume: 42697.000000}
{end time: 2019-12-20T11:40-05:00[America/New_York], close price: 281.052700, open price: 281.219500, low price: 281.040000, high price: 281.219500, volume: 48678.000000}
{end time: 2019-12-20T11:41-05:00[America/New_York], close price: 281.080000, open price: 281.043000, low price: 281.040000, high price: 281.130000, volume: 53279.000000}
{end time: 2019-12-20T11:42-05:00[America/New_York], close price: 280.980000, open price: 281.080000, low price: 280.960000, high price: 281.080000, volume: 72285.000000}
{end time: 2019-12-20T11:43-05:00[America/New_York], close price: 280.860000, open price: 280.985000, low price: 280.850000, high price: 280.985000, volume: 109207.000000}
{end time: 2019-12-20T11:44-05:00[America/New_York], close price: 280.949800, open price: 280.870000, low price: 280.840000, high price: 280.960000, volume: 73615.000000}
{end time: 2019-12-20T11:45-05:00[America/New_York], close price: 280.980000, open price: 280.940100, low price: 280.940000, high price: 281.070000, volume: 54983.000000}
{end time: 2019-12-20T11:46-05:00[America/New_York], close price: 280.940000, open price: 280.980000, low price: 280.930000, high price: 281.000000, volume: 46289.000000}
{end time: 2019-12-20T11:47-05:00[America/New_York], close price: 280.980000, open price: 280.940000, low price: 280.940000, high price: 281.010000, volume: 44471.000000}
{end time: 2019-12-20T11:48-05:00[America/New_York], close price: 281.005000, open price: 280.975000, low price: 280.930000, high price: 281.010000, volume: 50678.000000}
{end time: 2019-12-20T11:49-05:00[America/New_York], close price: 281.010000, open price: 281.010000, low price: 281.000000, high price: 281.072600, volume: 38211.000000}
{end time: 2019-12-20T11:50-05:00[America/New_York], close price: 281.040000, open price: 281.020000, low price: 281.000000, high price: 281.080000, volume: 57216.000000}
{end time: 2019-12-20T11:51-05:00[America/New_York], close price: 281.063700, open price: 281.040000, low price: 281.020000, high price: 281.100000, volume: 33711.000000}
{end time: 2019-12-20T11:52-05:00[America/New_York], close price: 281.029100, open price: 281.060300, low price: 281.010000, high price: 281.070000, volume: 24471.000000}
{end time: 2019-12-20T11:53-05:00[America/New_York], close price: 280.935000, open price: 281.018500, low price: 280.930000, high price: 281.030000, volume: 31903.000000}
{end time: 2019-12-20T11:54-05:00[America/New_York], close price: 280.920000, open price: 280.930000, low price: 280.880000, high price: 280.930000, volume: 59093.000000}
{end time: 2019-12-20T11:55-05:00[America/New_York], close price: 280.980200, open price: 280.930000, low price: 280.895700, high price: 280.985000, volume: 27841.000000}
{end time: 2019-12-20T11:56-05:00[America/New_York], close price: 280.950000, open price: 280.990000, low price: 280.950000, high price: 281.090000, volume: 48939.000000}
{end time: 2019-12-20T11:57-05:00[America/New_York], close price: 280.970000, open price: 280.943000, low price: 280.890300, high price: 281.024600, volume: 42122.000000}
{end time: 2019-12-20T11:58-05:00[America/New_York], close price: 280.990000, open price: 280.970000, low price: 280.903900, high price: 280.990000, volume: 28614.000000}
{end time: 2019-12-20T11:59-05:00[America/New_York], close price: 281.040000, open price: 280.980000, low price: 280.971400, high price: 281.120000, volume: 67196.000000}
{end time: 2019-12-20T12:00-05:00[America/New_York], close price: 281.010000, open price: 281.030000, low price: 280.920000, high price: 281.040000, volume: 49023.000000}
{end time: 2019-12-20T12:01-05:00[America/New_York], close price: 280.990000, open price: 281.000000, low price: 280.950000, high price: 281.080000, volume: 37999.000000}
{end time: 2019-12-20T12:02-05:00[America/New_York], close price: 280.940000, open price: 280.980000, low price: 280.926000, high price: 280.990000, volume: 24515.000000}
{end time: 2019-12-20T12:03-05:00[America/New_York], close price: 280.940100, open price: 280.950000, low price: 280.930000, high price: 280.974300, volume: 20501.000000}
{end time: 2019-12-20T12:04-05:00[America/New_York], close price: 280.820000, open price: 280.950000, low price: 280.810000, high price: 280.960000, volume: 38651.000000}
{end time: 2019-12-20T12:05-05:00[America/New_York], close price: 280.867000, open price: 280.825000, low price: 280.780000, high price: 280.869200, volume: 71550.000000}
{end time: 2019-12-20T12:06-05:00[America/New_York], close price: 280.900000, open price: 280.866600, low price: 280.800000, high price: 280.910000, volume: 77755.000000}
{end time: 2019-12-20T12:07-05:00[America/New_York], close price: 280.850000, open price: 280.895000, low price: 280.850000, high price: 280.897200, volume: 17707.000000}
{end time: 2019-12-20T12:08-05:00[America/New_York], close price: 280.909900, open price: 280.855000, low price: 280.830000, high price: 280.910000, volume: 29659.000000}
{end time: 2019-12-20T12:09-05:00[America/New_York], close price: 280.969900, open price: 280.909900, low price: 280.900000, high price: 280.980000, volume: 23055.000000}
{end time: 2019-12-20T12:10-05:00[America/New_York], close price: 281.020000, open price: 280.960000, low price: 280.947100, high price: 281.020000, volume: 16792.000000}
{end time: 2019-12-20T12:11-05:00[America/New_York], close price: 281.110100, open price: 281.014000, low price: 280.997000, high price: 281.120000, volume: 52932.000000}
{end time: 2019-12-20T12:12-05:00[America/New_York], close price: 281.096800, open price: 281.120000, low price: 281.040000, high price: 281.150000, volume: 32238.000000}
{end time: 2019-12-20T12:13-05:00[America/New_York], close price: 281.100000, open price: 281.100100, low price: 281.100000, high price: 281.169900, volume: 22520.000000}
{end time: 2019-12-20T12:14-05:00[America/New_York], close price: 281.100000, open price: 281.100000, low price: 281.080000, high price: 281.140000, volume: 23171.000000}
{end time: 2019-12-20T12:15-05:00[America/New_York], close price: 281.158500, open price: 281.100000, low price: 281.099400, high price: 281.168900, volume: 25134.000000}
{end time: 2019-12-20T12:16-05:00[America/New_York], close price: 281.160000, open price: 281.160000, low price: 281.121000, high price: 281.170000, volume: 28673.000000}
{end time: 2019-12-20T12:17-05:00[America/New_York], close price: 281.140000, open price: 281.150000, low price: 281.120000, high price: 281.160000, volume: 17006.000000}
{end time: 2019-12-20T12:18-05:00[America/New_York], close price: 281.015000, open price: 281.130000, low price: 281.015000, high price: 281.150000, volume: 35549.000000}
{end time: 2019-12-20T12:19-05:00[America/New_York], close price: 280.910100, open price: 281.010000, low price: 280.900000, high price: 281.040000, volume: 38562.000000}
{end time: 2019-12-20T12:20-05:00[America/New_York], close price: 280.980000, open price: 280.920000, low price: 280.920000, high price: 281.000000, volume: 23932.000000}
{end time: 2019-12-20T12:21-05:00[America/New_York], close price: 280.883100, open price: 280.977600, low price: 280.880000, high price: 280.982400, volume: 40280.000000}
{end time: 2019-12-20T12:22-05:00[America/New_York], close price: 280.874500, open price: 280.890000, low price: 280.870000, high price: 280.900000, volume: 15056.000000}
{end time: 2019-12-20T12:23-05:00[America/New_York], close price: 280.890000, open price: 280.870100, low price: 280.830000, high price: 280.920000, volume: 40268.000000}
{end time: 2019-12-20T12:24-05:00[America/New_York], close price: 280.910000, open price: 280.891300, low price: 280.880000, high price: 280.940000, volume: 46258.000000}
{end time: 2019-12-20T12:25-05:00[America/New_York], close price: 280.860000, open price: 280.898600, low price: 280.830000, high price: 280.925000, volume: 40412.000000}
{end time: 2019-12-20T12:26-05:00[America/New_York], close price: 280.890000, open price: 280.849400, low price: 280.834900, high price: 280.920000, volume: 21498.000000}
{end time: 2019-12-20T12:27-05:00[America/New_York], close price: 280.899000, open price: 280.899200, low price: 280.890000, high price: 280.920000, volume: 21591.000000}
{end time: 2019-12-20T12:28-05:00[America/New_York], close price: 280.910000, open price: 280.900000, low price: 280.890000, high price: 280.950000, volume: 20384.000000}
{end time: 2019-12-20T12:29-05:00[America/New_York], close price: 280.914400, open price: 280.911500, low price: 280.900000, high price: 280.940000, volume: 20823.000000}
{end time: 2019-12-20T12:30-05:00[America/New_York], close price: 280.870000, open price: 280.916800, low price: 280.853100, high price: 280.920000, volume: 123152.000000}
{end time: 2019-12-20T12:31-05:00[America/New_York], close price: 280.879300, open price: 280.880000, low price: 280.870100, high price: 280.910000, volume: 23677.000000}
{end time: 2019-12-20T12:32-05:00[America/New_York], close price: 280.890000, open price: 280.880000, low price: 280.880000, high price: 280.910000, volume: 20903.000000}
{end time: 2019-12-20T12:33-05:00[America/New_York], close price: 280.920000, open price: 280.890000, low price: 280.875000, high price: 280.930000, volume: 28337.000000}
{end time: 2019-12-20T12:34-05:00[America/New_York], close price: 280.850000, open price: 280.920000, low price: 280.830000, high price: 280.948000, volume: 43585.000000}
{end time: 2019-12-20T12:35-05:00[America/New_York], close price: 280.891500, open price: 280.850000, low price: 280.830000, high price: 280.900000, volume: 30074.000000}
{end time: 2019-12-20T12:36-05:00[America/New_York], close price: 280.850000, open price: 280.895100, low price: 280.840000, high price: 280.925500, volume: 19807.000000}
{end time: 2019-12-20T12:37-05:00[America/New_York], close price: 280.760000, open price: 280.850000, low price: 280.750000, high price: 280.850000, volume: 43231.000000}
{end time: 2019-12-20T12:38-05:00[America/New_York], close price: 280.765000, open price: 280.760000, low price: 280.680000, high price: 280.765000, volume: 55173.000000}
{end time: 2019-12-20T12:39-05:00[America/New_York], close price: 280.779800, open price: 280.760000, low price: 280.726900, high price: 280.790000, volume: 29776.000000}
{end time: 2019-12-20T12:40-05:00[America/New_York], close price: 280.779900, open price: 280.795000, low price: 280.720000, high price: 280.910000, volume: 85372.000000}
{end time: 2019-12-20T12:41-05:00[America/New_York], close price: 280.780000, open price: 280.775600, low price: 280.720000, high price: 280.780000, volume: 25957.000000}
{end time: 2019-12-20T12:42-05:00[America/New_York], close price: 280.846400, open price: 280.780000, low price: 280.775600, high price: 280.869900, volume: 42820.000000}
{end time: 2019-12-20T12:43-05:00[America/New_York], close price: 280.855000, open price: 280.835600, low price: 280.827600, high price: 280.970000, volume: 46952.000000}
{end time: 2019-12-20T12:44-05:00[America/New_York], close price: 280.860000, open price: 280.840000, low price: 280.820000, high price: 280.860000, volume: 15161.000000}
{end time: 2019-12-20T12:45-05:00[America/New_York], close price: 280.937800, open price: 280.857500, low price: 280.851200, high price: 280.937800, volume: 22367.000000}
{end time: 2019-12-20T12:46-05:00[America/New_York], close price: 280.960100, open price: 280.940000, low price: 280.935000, high price: 280.990000, volume: 32333.000000}
{end time: 2019-12-20T12:47-05:00[America/New_York], close price: 281.010000, open price: 280.962400, low price: 280.962400, high price: 281.020000, volume: 641703.000000}
{end time: 2019-12-20T12:48-05:00[America/New_York], close price: 281.010500, open price: 281.010000, low price: 281.000100, high price: 281.020000, volume: 13127.000000}
{end time: 2019-12-20T12:49-05:00[America/New_York], close price: 281.005000, open price: 281.013000, low price: 281.005000, high price: 281.040000, volume: 21168.000000}
{end time: 2019-12-20T12:50-05:00[America/New_York], close price: 281.090000, open price: 281.001500, low price: 280.955000, high price: 281.130000, volume: 71262.000000}
{end time: 2019-12-20T12:51-05:00[America/New_York], close price: 281.091500, open price: 281.100000, low price: 281.075000, high price: 281.140000, volume: 31842.000000}
{end time: 2019-12-20T12:52-05:00[America/New_York], close price: 281.041500, open price: 281.095000, low price: 281.030000, high price: 281.097700, volume: 18172.000000}
{end time: 2019-12-20T12:53-05:00[America/New_York], close price: 281.020000, open price: 281.040000, low price: 281.010000, high price: 281.045000, volume: 16443.000000}
{end time: 2019-12-20T12:54-05:00[America/New_York], close price: 281.093000, open price: 281.019900, low price: 280.990000, high price: 281.125000, volume: 40379.000000}
{end time: 2019-12-20T12:55-05:00[America/New_York], close price: 280.971500, open price: 281.090200, low price: 280.971500, high price: 281.100000, volume: 20264.000000}
{end time: 2019-12-20T12:56-05:00[America/New_York], close price: 281.020000, open price: 280.970000, low price: 280.930000, high price: 281.060000, volume: 38964.000000}
{end time: 2019-12-20T12:57-05:00[America/New_York], close price: 280.970000, open price: 281.020000, low price: 280.960000, high price: 281.021600, volume: 13133.000000}
{end time: 2019-12-20T12:58-05:00[America/New_York], close price: 280.951300, open price: 280.970000, low price: 280.930000, high price: 280.977200, volume: 18493.000000}
{end time: 2019-12-20T12:59-05:00[America/New_York], close price: 280.885000, open price: 280.950000, low price: 280.885000, high price: 280.960000, volume: 34885.000000}
{end time: 2019-12-20T13:00-05:00[America/New_York], close price: 280.920000, open price: 280.885000, low price: 280.881000, high price: 280.937700, volume: 34909.000000}
{end time: 2019-12-20T13:01-05:00[America/New_York], close price: 280.910000, open price: 280.920000, low price: 280.885000, high price: 280.939900, volume: 13141.000000}
{end time: 2019-12-20T13:02-05:00[America/New_York], close price: 280.900000, open price: 280.905000, low price: 280.900000, high price: 280.930000, volume: 11372.000000}
{end time: 2019-12-20T13:03-05:00[America/New_York], close price: 280.880000, open price: 280.865400, low price: 280.850000, high price: 280.900000, volume: 29315.000000}
{end time: 2019-12-20T13:04-05:00[America/New_York], close price: 280.925000, open price: 280.895100, low price: 280.875000, high price: 280.930000, volume: 11677.000000}
{end time: 2019-12-20T13:05-05:00[America/New_York], close price: 280.920000, open price: 280.923600, low price: 280.885000, high price: 280.930000, volume: 13440.000000}
{end time: 2019-12-20T13:06-05:00[America/New_York], close price: 280.932300, open price: 280.920000, low price: 280.895100, high price: 280.937800, volume: 15663.000000}
{end time: 2019-12-20T13:07-05:00[America/New_York], close price: 280.970000, open price: 280.925000, low price: 280.920000, high price: 280.970000, volume: 25393.000000}
{end time: 2019-12-20T13:08-05:00[America/New_York], close price: 280.935000, open price: 280.960000, low price: 280.900000, high price: 280.960000, volume: 18987.000000}
{end time: 2019-12-20T13:09-05:00[America/New_York], close price: 281.040000, open price: 280.935000, low price: 280.930000, high price: 281.040000, volume: 27835.000000}
{end time: 2019-12-20T13:10-05:00[America/New_York], close price: 280.980000, open price: 281.039900, low price: 280.970000, high price: 281.053600, volume: 26421.000000}
{end time: 2019-12-20T13:11-05:00[America/New_York], close price: 280.968500, open price: 280.975000, low price: 280.940000, high price: 280.975000, volume: 10971.000000}
{end time: 2019-12-20T13:12-05:00[America/New_York], close price: 280.905000, open price: 280.960000, low price: 280.880000, high price: 280.960000, volume: 17536.000000}
{end time: 2019-12-20T13:13-05:00[America/New_York], close price: 280.910000, open price: 280.910000, low price: 280.910000, high price: 280.970000, volume: 27192.000000}
{end time: 2019-12-20T13:14-05:00[America/New_York], close price: 280.910000, open price: 280.918700, low price: 280.860000, high price: 280.940000, volume: 15121.000000}
{end time: 2019-12-20T13:15-05:00[America/New_York], close price: 280.900000, open price: 280.910000, low price: 280.880000, high price: 280.938700, volume: 11839.000000}
{end time: 2019-12-20T13:16-05:00[America/New_York], close price: 280.948800, open price: 280.900600, low price: 280.900600, high price: 280.950000, volume: 15254.000000}
{end time: 2019-12-20T13:17-05:00[America/New_York], close price: 280.933100, open price: 280.959800, low price: 280.930000, high price: 280.970000, volume: 12377.000000}
{end time: 2019-12-20T13:18-05:00[America/New_York], close price: 280.960000, open price: 280.940000, low price: 280.936500, high price: 280.970000, volume: 15019.000000}
{end time: 2019-12-20T13:19-05:00[America/New_York], close price: 280.945000, open price: 280.960000, low price: 280.930000, high price: 280.970000, volume: 14688.000000}
{end time: 2019-12-20T13:20-05:00[America/New_York], close price: 280.979900, open price: 280.936100, low price: 280.925000, high price: 280.980000, volume: 11848.000000}
{end time: 2019-12-20T13:21-05:00[America/New_York], close price: 280.981500, open price: 280.970000, low price: 280.960000, high price: 280.990000, volume: 18419.000000}
{end time: 2019-12-20T13:22-05:00[America/New_York], close price: 281.070000, open price: 280.990000, low price: 280.990000, high price: 281.090000, volume: 56471.000000}
{end time: 2019-12-20T13:23-05:00[America/New_York], close price: 281.030000, open price: 281.079900, low price: 281.020000, high price: 281.080000, volume: 28344.000000}
{end time: 2019-12-20T13:24-05:00[America/New_York], close price: 280.980100, open price: 281.025000, low price: 280.971600, high price: 281.050000, volume: 27345.000000}
{end time: 2019-12-20T13:25-05:00[America/New_York], close price: 280.962300, open price: 280.990000, low price: 280.960000, high price: 281.020000, volume: 20314.000000}
{end time: 2019-12-20T13:26-05:00[America/New_York], close price: 280.934800, open price: 280.965000, low price: 280.930000, high price: 280.970000, volume: 16453.000000}
{end time: 2019-12-20T13:27-05:00[America/New_York], close price: 280.931800, open price: 280.940000, low price: 280.910000, high price: 280.985000, volume: 30645.000000}
{end time: 2019-12-20T13:28-05:00[America/New_York], close price: 280.869500, open price: 280.940000, low price: 280.860000, high price: 280.960000, volume: 19930.000000}
{end time: 2019-12-20T13:29-05:00[America/New_York], close price: 280.860000, open price: 280.870000, low price: 280.820000, high price: 280.870000, volume: 30418.000000}
{end time: 2019-12-20T13:30-05:00[America/New_York], close price: 280.890000, open price: 280.865300, low price: 280.860000, high price: 280.910000, volume: 52885.000000}
{end time: 2019-12-20T13:31-05:00[America/New_York], close price: 280.858800, open price: 280.890000, low price: 280.830000, high price: 280.895700, volume: 25738.000000}
{end time: 2019-12-20T13:32-05:00[America/New_York], close price: 280.919900, open price: 280.870000, low price: 280.864000, high price: 280.929100, volume: 19129.000000}
{end time: 2019-12-20T13:33-05:00[America/New_York], close price: 280.909900, open price: 280.918100, low price: 280.895100, high price: 280.920000, volume: 19109.000000}
{end time: 2019-12-20T13:34-05:00[America/New_York], close price: 280.950000, open price: 280.910000, low price: 280.900000, high price: 281.000000, volume: 33746.000000}
{end time: 2019-12-20T13:35-05:00[America/New_York], close price: 280.940000, open price: 280.950000, low price: 280.930000, high price: 280.960000, volume: 11981.000000}
{end time: 2019-12-20T13:36-05:00[America/New_York], close price: 280.944500, open price: 280.930000, low price: 280.920000, high price: 280.950000, volume: 16013.000000}
{end time: 2019-12-20T13:37-05:00[America/New_York], close price: 280.910000, open price: 280.950000, low price: 280.910000, high price: 280.970000, volume: 13996.000000}
{end time: 2019-12-20T13:38-05:00[America/New_York], close price: 280.925000, open price: 280.919900, low price: 280.890000, high price: 280.925000, volume: 14662.000000}
{end time: 2019-12-20T13:39-05:00[America/New_York], close price: 280.970000, open price: 280.930000, low price: 280.930000, high price: 280.975000, volume: 23915.000000}
{end time: 2019-12-20T13:40-05:00[America/New_York], close price: 280.965000, open price: 280.960000, low price: 280.940000, high price: 280.970000, volume: 12241.000000}
{end time: 2019-12-20T13:41-05:00[America/New_York], close price: 280.920000, open price: 280.970000, low price: 280.887500, high price: 280.970000, volume: 21754.000000}
{end time: 2019-12-20T13:42-05:00[America/New_York], close price: 280.845000, open price: 280.910000, low price: 280.845000, high price: 280.915000, volume: 24884.000000}
{end time: 2019-12-20T13:43-05:00[America/New_York], close price: 280.810000, open price: 280.850000, low price: 280.800000, high price: 280.860000, volume: 17453.000000}
{end time: 2019-12-20T13:44-05:00[America/New_York], close price: 280.840000, open price: 280.809900, low price: 280.800000, high price: 280.860000, volume: 20583.000000}
{end time: 2019-12-20T13:45-05:00[America/New_York], close price: 280.800000, open price: 280.835000, low price: 280.800000, high price: 280.845000, volume: 16681.000000}
{end time: 2019-12-20T13:46-05:00[America/New_York], close price: 280.780000, open price: 280.800000, low price: 280.760000, high price: 280.810000, volume: 37547.000000}
{end time: 2019-12-20T13:47-05:00[America/New_York], close price: 280.800000, open price: 280.798000, low price: 280.780000, high price: 280.820000, volume: 18278.000000}
{end time: 2019-12-20T13:48-05:00[America/New_York], close price: 280.830000, open price: 280.799900, low price: 280.799900, high price: 280.849800, volume: 14856.000000}
{end time: 2019-12-20T13:49-05:00[America/New_York], close price: 280.885000, open price: 280.823000, low price: 280.820000, high price: 280.894800, volume: 22998.000000}
{end time: 2019-12-20T13:50-05:00[America/New_York], close price: 280.900000, open price: 280.880000, low price: 280.870000, high price: 280.920000, volume: 41946.000000}
{end time: 2019-12-20T13:51-05:00[America/New_York], close price: 280.870000, open price: 280.895000, low price: 280.850000, high price: 280.895200, volume: 22090.000000}
{end time: 2019-12-20T13:52-05:00[America/New_York], close price: 280.870000, open price: 280.880000, low price: 280.860000, high price: 280.880000, volume: 9517.000000}
{end time: 2019-12-20T13:53-05:00[America/New_York], close price: 280.892800, open price: 280.863200, low price: 280.861200, high price: 280.929600, volume: 19423.000000}
{end time: 2019-12-20T13:54-05:00[America/New_York], close price: 280.955100, open price: 280.900000, low price: 280.896600, high price: 280.980000, volume: 22390.000000}
{end time: 2019-12-20T13:55-05:00[America/New_York], close price: 280.919900, open price: 280.960000, low price: 280.900100, high price: 280.960000, volume: 13647.000000}
{end time: 2019-12-20T13:56-05:00[America/New_York], close price: 280.880000, open price: 280.910000, low price: 280.880000, high price: 280.910000, volume: 12212.000000}
{end time: 2019-12-20T13:57-05:00[America/New_York], close price: 280.855000, open price: 280.875000, low price: 280.855000, high price: 280.900000, volume: 14492.000000}
{end time: 2019-12-20T13:58-05:00[America/New_York], close price: 280.751000, open price: 280.850000, low price: 280.750000, high price: 280.850000, volume: 30033.000000}
{end time: 2019-12-20T13:59-05:00[America/New_York], close price: 280.750000, open price: 280.759600, low price: 280.745000, high price: 280.810000, volume: 33345.000000}
{end time: 2019-12-20T14:00-05:00[America/New_York], close price: 280.670000, open price: 280.750000, low price: 280.670000, high price: 280.752000, volume: 203922.000000}
{end time: 2019-12-20T14:01-05:00[America/New_York], close price: 280.520000, open price: 280.660100, low price: 280.520000, high price: 280.664000, volume: 75732.000000}
{end time: 2019-12-20T14:02-05:00[America/New_York], close price: 280.680000, open price: 280.530000, low price: 280.440000, high price: 280.769000, volume: 131796.000000}
{end time: 2019-12-20T14:03-05:00[America/New_York], close price: 280.639200, open price: 280.686800, low price: 280.610000, high price: 280.700000, volume: 33420.000000}
{end time: 2019-12-20T14:04-05:00[America/New_York], close price: 280.650000, open price: 280.640000, low price: 280.550000, high price: 280.650000, volume: 40221.000000}
{end time: 2019-12-20T14:05-05:00[America/New_York], close price: 280.680000, open price: 280.650000, low price: 280.610000, high price: 280.720000, volume: 33173.000000}
{end time: 2019-12-20T14:06-05:00[America/New_York], close price: 280.694300, open price: 280.686100, low price: 280.670000, high price: 280.730000, volume: 26592.000000}
{end time: 2019-12-20T14:07-05:00[America/New_York], close price: 280.611500, open price: 280.690000, low price: 280.560000, high price: 280.690000, volume: 36577.000000}
{end time: 2019-12-20T14:08-05:00[America/New_York], close price: 280.610000, open price: 280.630000, low price: 280.580000, high price: 280.650000, volume: 23280.000000}
{end time: 2019-12-20T14:09-05:00[America/New_York], close price: 280.618000, open price: 280.597500, low price: 280.583400, high price: 280.680000, volume: 47256.000000}
{end time: 2019-12-20T14:10-05:00[America/New_York], close price: 280.559900, open price: 280.610000, low price: 280.540000, high price: 280.653200, volume: 21787.000000}
{end time: 2019-12-20T14:11-05:00[America/New_York], close price: 280.595000, open price: 280.555000, low price: 280.520000, high price: 280.619900, volume: 17451.000000}
{end time: 2019-12-20T14:12-05:00[America/New_York], close price: 280.660000, open price: 280.600000, low price: 280.590000, high price: 280.680000, volume: 24973.000000}
{end time: 2019-12-20T14:13-05:00[America/New_York], close price: 280.660000, open price: 280.660000, low price: 280.614700, high price: 280.680000, volume: 28832.000000}
{end time: 2019-12-20T14:14-05:00[America/New_York], close price: 280.709500, open price: 280.655000, low price: 280.640000, high price: 280.740000, volume: 40563.000000}
{end time: 2019-12-20T14:15-05:00[America/New_York], close price: 280.700100, open price: 280.704800, low price: 280.678000, high price: 280.731200, volume: 26338.000000}
{end time: 2019-12-20T14:16-05:00[America/New_York], close price: 280.684900, open price: 280.703100, low price: 280.664600, high price: 280.730000, volume: 21629.000000}
{end time: 2019-12-20T14:17-05:00[America/New_York], close price: 280.670000, open price: 280.690000, low price: 280.650000, high price: 280.720000, volume: 19941.000000}
{end time: 2019-12-20T14:18-05:00[America/New_York], close price: 280.650000, open price: 280.660000, low price: 280.650000, high price: 280.710000, volume: 28123.000000}
{end time: 2019-12-20T14:19-05:00[America/New_York], close price: 280.655000, open price: 280.650100, low price: 280.650000, high price: 280.695600, volume: 21115.000000}
{end time: 2019-12-20T14:20-05:00[America/New_York], close price: 280.655000, open price: 280.653000, low price: 280.650000, high price: 280.660000, volume: 13586.000000}
{end time: 2019-12-20T14:21-05:00[America/New_York], close price: 280.674100, open price: 280.653400, low price: 280.650000, high price: 280.679700, volume: 15863.000000}
{end time: 2019-12-20T14:22-05:00[America/New_York], close price: 280.656700, open price: 280.674400, low price: 280.650000, high price: 280.680000, volume: 14454.000000}
{end time: 2019-12-20T14:23-05:00[America/New_York], close price: 280.635000, open price: 280.650000, low price: 280.620000, high price: 280.669900, volume: 23481.000000}
{end time: 2019-12-20T14:24-05:00[America/New_York], close price: 280.619900, open price: 280.635000, low price: 280.600000, high price: 280.640000, volume: 14111.000000}
{end time: 2019-12-20T14:25-05:00[America/New_York], close price: 280.642800, open price: 280.619900, low price: 280.610000, high price: 280.650000, volume: 12631.000000}
{end time: 2019-12-20T14:26-05:00[America/New_York], close price: 280.610000, open price: 280.641000, low price: 280.590000, high price: 280.645000, volume: 14761.000000}
{end time: 2019-12-20T14:27-05:00[America/New_York], close price: 280.595000, open price: 280.616700, low price: 280.590000, high price: 280.620000, volume: 18324.000000}
{end time: 2019-12-20T14:28-05:00[America/New_York], close price: 280.580000, open price: 280.590000, low price: 280.570000, high price: 280.600000, volume: 17674.000000}
{end time: 2019-12-20T14:29-05:00[America/New_York], close price: 280.580000, open price: 280.576100, low price: 280.570000, high price: 280.608800, volume: 32198.000000}
{end time: 2019-12-20T14:30-05:00[America/New_York], close price: 280.535300, open price: 280.585000, low price: 280.530000, high price: 280.608700, volume: 29046.000000}
{end time: 2019-12-20T14:31-05:00[America/New_York], close price: 280.538000, open price: 280.540000, low price: 280.520000, high price: 280.570000, volume: 32252.000000}
{end time: 2019-12-20T14:32-05:00[America/New_York], close price: 280.490000, open price: 280.535000, low price: 280.470000, high price: 280.550000, volume: 44804.000000}
{end time: 2019-12-20T14:33-05:00[America/New_York], close price: 280.460000, open price: 280.480000, low price: 280.410000, high price: 280.490000, volume: 34515.000000}
{end time: 2019-12-20T14:34-05:00[America/New_York], close price: 280.493100, open price: 280.460000, low price: 280.455000, high price: 280.525600, volume: 20320.000000}
{end time: 2019-12-20T14:35-05:00[America/New_York], close price: 280.485700, open price: 280.492500, low price: 280.460000, high price: 280.530000, volume: 21627.000000}
{end time: 2019-12-20T14:36-05:00[America/New_York], close price: 280.475100, open price: 280.490000, low price: 280.467000, high price: 280.530000, volume: 22912.000000}
{end time: 2019-12-20T14:37-05:00[America/New_York], close price: 280.420000, open price: 280.472800, low price: 280.400000, high price: 280.480000, volume: 39012.000000}
{end time: 2019-12-20T14:38-05:00[America/New_York], close price: 280.340000, open price: 280.415000, low price: 280.320000, high price: 280.415000, volume: 44225.000000}
{end time: 2019-12-20T14:39-05:00[America/New_York], close price: 280.270000, open price: 280.340000, low price: 280.260000, high price: 280.340000, volume: 37453.000000}
{end time: 2019-12-20T14:40-05:00[America/New_York], close price: 280.190000, open price: 280.280000, low price: 280.190000, high price: 280.280000, volume: 47391.000000}
{end time: 2019-12-20T14:41-05:00[America/New_York], close price: 280.254000, open price: 280.190000, low price: 280.150000, high price: 280.270000, volume: 77828.000000}
{end time: 2019-12-20T14:42-05:00[America/New_York], close price: 280.374000, open price: 280.257000, low price: 280.245000, high price: 280.380000, volume: 58759.000000}
{end time: 2019-12-20T14:43-05:00[America/New_York], close price: 280.440000, open price: 280.380000, low price: 280.370000, high price: 280.470000, volume: 44542.000000}
{end time: 2019-12-20T14:44-05:00[America/New_York], close price: 280.530000, open price: 280.440000, low price: 280.440000, high price: 280.560000, volume: 46238.000000}
{end time: 2019-12-20T14:45-05:00[America/New_York], close price: 280.599900, open price: 280.540000, low price: 280.530000, high price: 280.610000, volume: 50292.000000}
{end time: 2019-12-20T14:46-05:00[America/New_York], close price: 280.625900, open price: 280.585000, low price: 280.540000, high price: 280.640000, volume: 48627.000000}
{end time: 2019-12-20T14:47-05:00[America/New_York], close price: 280.580000, open price: 280.630000, low price: 280.580000, high price: 280.640000, volume: 61002.000000}
{end time: 2019-12-20T14:48-05:00[America/New_York], close price: 280.655000, open price: 280.580000, low price: 280.550000, high price: 280.669900, volume: 35886.000000}
{end time: 2019-12-20T14:49-05:00[America/New_York], close price: 280.635000, open price: 280.650700, low price: 280.630000, high price: 280.670000, volume: 29948.000000}
{end time: 2019-12-20T14:50-05:00[America/New_York], close price: 280.680100, open price: 280.630000, low price: 280.570000, high price: 280.700000, volume: 52798.000000}
{end time: 2019-12-20T14:51-05:00[America/New_York], close price: 280.680000, open price: 280.690100, low price: 280.630500, high price: 280.730000, volume: 46005.000000}
{end time: 2019-12-20T14:52-05:00[America/New_York], close price: 280.670000, open price: 280.700000, low price: 280.660000, high price: 280.700000, volume: 40233.000000}
{end time: 2019-12-20T14:53-05:00[America/New_York], close price: 280.679900, open price: 280.680000, low price: 280.630000, high price: 280.760000, volume: 47213.000000}
{end time: 2019-12-20T14:54-05:00[America/New_York], close price: 280.660000, open price: 280.680000, low price: 280.630000, high price: 280.691200, volume: 20466.000000}
{end time: 2019-12-20T14:55-05:00[America/New_York], close price: 280.635600, open price: 280.660100, low price: 280.630000, high price: 280.680000, volume: 36367.000000}
{end time: 2019-12-20T14:56-05:00[America/New_York], close price: 280.740000, open price: 280.635000, low price: 280.630100, high price: 280.750000, volume: 37738.000000}
{end time: 2019-12-20T14:57-05:00[America/New_York], close price: 280.649900, open price: 280.735000, low price: 280.630000, high price: 280.760000, volume: 44739.000000}
{end time: 2019-12-20T14:58-05:00[America/New_York], close price: 280.485000, open price: 280.649900, low price: 280.480500, high price: 280.650000, volume: 57053.000000}
{end time: 2019-12-20T14:59-05:00[America/New_York], close price: 280.470000, open price: 280.490000, low price: 280.380000, high price: 280.540000, volume: 78863.000000}
{end time: 2019-12-20T15:00-05:00[America/New_York], close price: 280.380000, open price: 280.455000, low price: 280.340000, high price: 280.490000, volume: 47685.000000}
{end time: 2019-12-20T15:01-05:00[America/New_York], close price: 280.360000, open price: 280.390000, low price: 280.350000, high price: 280.400000, volume: 30569.000000}
{end time: 2019-12-20T15:02-05:00[America/New_York], close price: 280.344100, open price: 280.350000, low price: 280.341400, high price: 280.400000, volume: 30226.000000}
{end time: 2019-12-20T15:03-05:00[America/New_York], close price: 280.320000, open price: 280.340000, low price: 280.300000, high price: 280.350000, volume: 37804.000000}
{end time: 2019-12-20T15:04-05:00[America/New_York], close price: 280.374700, open price: 280.325000, low price: 280.280000, high price: 280.390000, volume: 65173.000000}
{end time: 2019-12-20T15:05-05:00[America/New_York], close price: 280.430000, open price: 280.378000, low price: 280.336300, high price: 280.430000, volume: 47690.000000}
{end time: 2019-12-20T15:06-05:00[America/New_York], close price: 280.350000, open price: 280.425000, low price: 280.340000, high price: 280.425000, volume: 30112.000000}
{end time: 2019-12-20T15:07-05:00[America/New_York], close price: 280.260100, open price: 280.345000, low price: 280.230000, high price: 280.351200, volume: 45791.000000}
{end time: 2019-12-20T15:08-05:00[America/New_York], close price: 280.247000, open price: 280.260000, low price: 280.210000, high price: 280.270000, volume: 38824.000000}
{end time: 2019-12-20T15:09-05:00[America/New_York], close price: 280.170000, open price: 280.250000, low price: 280.170000, high price: 280.250000, volume: 33146.000000}
{end time: 2019-12-20T15:10-05:00[America/New_York], close price: 280.230300, open price: 280.165000, low price: 280.100000, high price: 280.240000, volume: 68851.000000}
{end time: 2019-12-20T15:11-05:00[America/New_York], close price: 280.145000, open price: 280.220100, low price: 280.131300, high price: 280.230000, volume: 39973.000000}
{end time: 2019-12-20T15:12-05:00[America/New_York], close price: 280.175000, open price: 280.145000, low price: 280.140000, high price: 280.200000, volume: 29829.000000}
{end time: 2019-12-20T15:13-05:00[America/New_York], close price: 280.130100, open price: 280.178800, low price: 280.090000, high price: 280.180000, volume: 46409.000000}
{end time: 2019-12-20T15:14-05:00[America/New_York], close price: 280.139000, open price: 280.138800, low price: 280.080000, high price: 280.160000, volume: 42033.000000}
{end time: 2019-12-20T15:15-05:00[America/New_York], close price: 280.190000, open price: 280.135000, low price: 280.120000, high price: 280.229900, volume: 55186.000000}
{end time: 2019-12-20T15:16-05:00[America/New_York], close price: 280.140000, open price: 280.170000, low price: 280.130000, high price: 280.210000, volume: 33830.000000}
{end time: 2019-12-20T15:17-05:00[America/New_York], close price: 280.190100, open price: 280.135000, low price: 280.120000, high price: 280.210000, volume: 34746.000000}
{end time: 2019-12-20T15:18-05:00[America/New_York], close price: 280.185000, open price: 280.196400, low price: 280.100000, high price: 280.210000, volume: 43431.000000}
{end time: 2019-12-20T15:19-05:00[America/New_York], close price: 280.200000, open price: 280.185000, low price: 280.150000, high price: 280.210000, volume: 28926.000000}
{end time: 2019-12-20T15:20-05:00[America/New_York], close price: 280.070100, open price: 280.195000, low price: 280.060000, high price: 280.210000, volume: 52556.000000}
{end time: 2019-12-20T15:21-05:00[America/New_York], close price: 280.125000, open price: 280.075000, low price: 280.070000, high price: 280.170000, volume: 37910.000000}
{end time: 2019-12-20T15:22-05:00[America/New_York], close price: 280.082100, open price: 280.125000, low price: 280.082100, high price: 280.130000, volume: 47787.000000}
{end time: 2019-12-20T15:23-05:00[America/New_York], close price: 280.110000, open price: 280.090000, low price: 280.090000, high price: 280.120000, volume: 22461.000000}
{end time: 2019-12-20T15:24-05:00[America/New_York], close price: 280.030000, open price: 280.100100, low price: 280.010000, high price: 280.130000, volume: 56879.000000}
{end time: 2019-12-20T15:25-05:00[America/New_York], close price: 280.090000, open price: 280.031600, low price: 280.000000, high price: 280.160000, volume: 192994.000000}
{end time: 2019-12-20T15:26-05:00[America/New_York], close price: 280.155000, open price: 280.100000, low price: 280.100000, high price: 280.210000, volume: 44852.000000}
{end time: 2019-12-20T15:27-05:00[America/New_York], close price: 280.036700, open price: 280.155000, low price: 280.020000, high price: 280.155000, volume: 51918.000000}
{end time: 2019-12-20T15:28-05:00[America/New_York], close price: 280.010000, open price: 280.035000, low price: 280.000000, high price: 280.080000, volume: 30539.000000}
{end time: 2019-12-20T15:29-05:00[America/New_York], close price: 279.865000, open price: 280.000000, low price: 279.865000, high price: 280.010000, volume: 156717.000000}
{end time: 2019-12-20T15:30-05:00[America/New_York], close price: 279.820000, open price: 279.870000, low price: 279.791000, high price: 279.890000, volume: 114454.000000}
{end time: 2019-12-20T15:31-05:00[America/New_York], close price: 279.820000, open price: 279.820000, low price: 279.800000, high price: 279.880000, volume: 70265.000000}
{end time: 2019-12-20T15:32-05:00[America/New_York], close price: 279.828000, open price: 279.820000, low price: 279.800000, high price: 279.970000, volume: 75927.000000}
{end time: 2019-12-20T15:33-05:00[America/New_York], close price: 279.805000, open price: 279.820000, low price: 279.800000, high price: 279.840000, volume: 45383.000000}
{end time: 2019-12-20T15:34-05:00[America/New_York], close price: 279.810000, open price: 279.800000, low price: 279.740000, high price: 279.820000, volume: 73282.000000}
{end time: 2019-12-20T15:35-05:00[America/New_York], close price: 279.855000, open price: 279.800000, low price: 279.760000, high price: 279.870000, volume: 71480.000000}
{end time: 2019-12-20T15:36-05:00[America/New_York], close price: 279.845000, open price: 279.870000, low price: 279.810000, high price: 279.880000, volume: 40497.000000}
{end time: 2019-12-20T15:37-05:00[America/New_York], close price: 279.865000, open price: 279.840000, low price: 279.830000, high price: 279.910000, volume: 56565.000000}
{end time: 2019-12-20T15:38-05:00[America/New_York], close price: 279.730000, open price: 279.870000, low price: 279.710100, high price: 279.880000, volume: 80055.000000}
{end time: 2019-12-20T15:39-05:00[America/New_York], close price: 279.610000, open price: 279.730100, low price: 279.560000, high price: 279.730100, volume: 83284.000000}
{end time: 2019-12-20T15:40-05:00[America/New_York], close price: 279.580000, open price: 279.595000, low price: 279.510000, high price: 279.625000, volume: 109012.000000}
{end time: 2019-12-20T15:41-05:00[America/New_York], close price: 279.415000, open price: 279.580000, low price: 279.410000, high price: 279.580000, volume: 106762.000000}
{end time: 2019-12-20T15:42-05:00[America/New_York], close price: 279.340000, open price: 279.411000, low price: 279.260000, high price: 279.440000, volume: 169305.000000}
{end time: 2019-12-20T15:43-05:00[America/New_York], close price: 279.300000, open price: 279.335000, low price: 279.280000, high price: 279.380000, volume: 100739.000000}
{end time: 2019-12-20T15:44-05:00[America/New_York], close price: 279.270000, open price: 279.290000, low price: 279.270000, high price: 279.480000, volume: 114304.000000}
{end time: 2019-12-20T15:45-05:00[America/New_York], close price: 279.139200, open price: 279.260000, low price: 279.090000, high price: 279.300000, volume: 157697.000000}
{end time: 2019-12-20T15:46-05:00[America/New_York], close price: 279.079900, open price: 279.130000, low price: 279.050000, high price: 279.170000, volume: 120124.000000}
{end time: 2019-12-20T15:47-05:00[America/New_York], close price: 278.900000, open price: 279.078800, low price: 278.880000, high price: 279.120000, volume: 193392.000000}
{end time: 2019-12-20T15:48-05:00[America/New_York], close price: 278.880000, open price: 278.880000, low price: 278.624700, high price: 278.980000, volume: 281587.000000}
{end time: 2019-12-20T15:49-05:00[America/New_York], close price: 279.330000, open price: 278.880000, low price: 278.850200, high price: 279.379900, volume: 262792.000000}
{end time: 2019-12-20T15:50-05:00[America/New_York], close price: 279.460000, open price: 279.380000, low price: 279.290000, high price: 279.610000, volume: 231816.000000}
{end time: 2019-12-20T15:51-05:00[America/New_York], close price: 279.300100, open price: 279.480000, low price: 279.300100, high price: 279.530000, volume: 137873.000000}
{end time: 2019-12-20T15:52-05:00[America/New_York], close price: 279.460000, open price: 279.320000, low price: 279.320000, high price: 279.570000, volume: 122687.000000}
{end time: 2019-12-20T15:53-05:00[America/New_York], close price: 279.710000, open price: 279.500000, low price: 279.480000, high price: 279.790000, volume: 117743.000000}
{end time: 2019-12-20T15:54-05:00[America/New_York], close price: 279.530000, open price: 279.718500, low price: 279.451700, high price: 279.750000, volume: 249512.000000}
{end time: 2019-12-20T15:55-05:00[America/New_York], close price: 279.620000, open price: 279.536000, low price: 279.440000, high price: 279.720000, volume: 228077.000000}
{end time: 2019-12-20T15:56-05:00[America/New_York], close price: 279.645000, open price: 279.630000, low price: 279.620000, high price: 279.750000, volume: 146183.000000}
{end time: 2019-12-20T15:57-05:00[America/New_York], close price: 279.630000, open price: 279.640000, low price: 279.600000, high price: 279.690000, volume: 150782.000000}
{end time: 2019-12-20T15:58-05:00[America/New_York], close price: 279.710000, open price: 279.635000, low price: 279.600000, high price: 279.810000, volume: 223897.000000}
{end time: 2019-12-20T15:59-05:00[America/New_York], close price: 279.280000, open price: 279.710000, low price: 278.560000, high price: 279.757400, volume: 618205.000000}
{end time: 2019-12-20T16:00-05:00[America/New_York], close price: 279.490000, open price: 279.440000, low price: 279.050000, high price: 279.490000, volume: 4855489.000000}
{end time: 2019-12-20T16:01-05:00[America/New_York], close price: 279.440000, open price: 279.350000, low price: 279.350000, high price: 279.600000, volume: 33796.000000}
{end time: 2019-12-20T16:02-05:00[America/New_York], close price: 279.440000, open price: 279.620000, low price: 279.440000, high price: 279.620000, volume: 1211564.000000}
{end time: 2019-12-20T16:03-05:00[America/New_York], close price: 279.450000, open price: 279.440000, low price: 279.370000, high price: 279.460000, volume: 9984.000000}
{end time: 2019-12-20T16:04-05:00[America/New_York], close price: 279.450000, open price: 279.460000, low price: 279.450000, high price: 279.550000, volume: 5367.000000}
{end time: 2019-12-20T16:05-05:00[America/New_York], close price: 279.350000, open price: 279.450000, low price: 279.350000, high price: 279.450000, volume: 6564.000000}
{end time: 2019-12-20T16:06-05:00[America/New_York], close price: 279.300000, open price: 279.260000, low price: 279.240000, high price: 279.330000, volume: 3876.000000}
{end time: 2019-12-20T16:07-05:00[America/New_York], close price: 279.350000, open price: 279.250200, low price: 279.250200, high price: 279.350000, volume: 1831241.000000}
{end time: 2019-12-20T16:08-05:00[America/New_York], close price: 279.450000, open price: 279.340000, low price: 279.340000, high price: 279.450000, volume: 1834267.000000}
{end time: 2019-12-20T16:09-05:00[America/New_York], close price: 279.450000, open price: 279.450000, low price: 279.450000, high price: 279.450000, volume: 6441.000000}
{end time: 2019-12-20T16:10-05:00[America/New_York], close price: 279.440000, open price: 279.450200, low price: 279.400000, high price: 279.490000, volume: 8530.000000}
{end time: 2019-12-20T16:11-05:00[America/New_York], close price: 279.490000, open price: 279.490000, low price: 279.490000, high price: 279.490000, volume: 12777.000000}
{end time: 2019-12-20T16:12-05:00[America/New_York], close price: 279.400000, open price: 279.470000, low price: 279.400000, high price: 279.470000, volume: 121609.000000}
{end time: 2019-12-20T16:13-05:00[America/New_York], close price: 279.440000, open price: 279.400000, low price: 279.400000, high price: 279.440000, volume: 1437.000000}
{end time: 2019-12-20T16:14-05:00[America/New_York], close price: 279.450000, open price: 279.440000, low price: 279.440000, high price: 279.450000, volume: 432928.000000}
{end time: 2019-12-20T16:15-05:00[America/New_York], close price: 279.490000, open price: 279.480000, low price: 279.480000, high price: 279.490000, volume: 1183.000000}
{end time: 2019-12-20T16:16-05:00[America/New_York], close price: 279.490000, open price: 279.510000, low price: 279.490000, high price: 279.510000, volume: 780.000000}
{end time: 2019-12-20T16:17-05:00[America/New_York], close price: 279.580000, open price: 279.490200, low price: 279.490200, high price: 279.590000, volume: 1028.000000}
{end time: 2019-12-20T16:18-05:00[America/New_York], close price: 279.580000, open price: 279.580000, low price: 279.580000, high price: 279.580000, volume: 34651.000000}
{end time: 2019-12-20T16:19-05:00[America/New_York], close price: 279.540000, open price: 279.580000, low price: 279.540000, high price: 279.580000, volume: 473183.000000}
{end time: 2019-12-20T16:21-05:00[America/New_York], close price: 279.540000, open price: 279.540000, low price: 279.540000, high price: 279.540000, volume: 219.000000}
{end time: 2019-12-20T16:22-05:00[America/New_York], close price: 279.540000, open price: 279.540000, low price: 279.540000, high price: 279.540000, volume: 239.000000}
{end time: 2019-12-20T16:23-05:00[America/New_York], close price: 279.540000, open price: 279.580000, low price: 279.540000, high price: 279.580000, volume: 1589553.000000}
{end time: 2019-12-20T16:24-05:00[America/New_York], close price: 279.560000, open price: 279.560000, low price: 279.560000, high price: 279.560000, volume: 558.000000}
{end time: 2019-12-20T16:26-05:00[America/New_York], close price: 279.445000, open price: 279.445000, low price: 279.445000, high price: 279.445000, volume: 1527.000000}
{end time: 2019-12-20T16:27-05:00[America/New_York], close price: 279.500000, open price: 279.500000, low price: 279.500000, high price: 279.500000, volume: 389519.000000}
{end time: 2019-12-20T16:28-05:00[America/New_York], close price: 279.500000, open price: 279.500000, low price: 279.490000, high price: 279.500000, volume: 845.000000}
{end time: 2019-12-20T16:29-05:00[America/New_York], close price: 279.440000, open price: 279.500000, low price: 279.440000, high price: 279.500000, volume: 426865.000000}
{end time: 2019-12-20T16:30-05:00[America/New_York], close price: 279.490000, open price: 279.490000, low price: 279.490000, high price: 279.490000, volume: 105047.000000}
{end time: 2019-12-20T16:32-05:00[America/New_York], close price: 279.530000, open price: 279.530000, low price: 279.530000, high price: 279.530000, volume: 159.000000}
{end time: 2019-12-20T16:33-05:00[America/New_York], close price: 279.530000, open price: 279.530000, low price: 279.530000, high price: 279.530000, volume: 117.000000}
{end time: 2019-12-20T16:34-05:00[America/New_York], close price: 279.470000, open price: 279.470000, low price: 279.470000, high price: 279.470000, volume: 128.000000}
{end time: 2019-12-20T16:35-05:00[America/New_York], close price: 279.530000, open price: 279.530000, low price: 279.530000, high price: 279.530000, volume: 103.000000}
{end time: 2019-12-20T16:36-05:00[America/New_York], close price: 279.500000, open price: 279.500000, low price: 279.500000, high price: 279.500000, volume: 303.000000}
{end time: 2019-12-20T16:37-05:00[America/New_York], close price: 279.550000, open price: 279.480000, low price: 279.480000, high price: 279.550000, volume: 1349.000000}
{end time: 2019-12-20T16:38-05:00[America/New_York], close price: 279.480000, open price: 279.440000, low price: 279.440000, high price: 279.480000, volume: 907.000000}
{end time: 2019-12-20T16:39-05:00[America/New_York], close price: 279.500000, open price: 279.500000, low price: 279.500000, high price: 279.500000, volume: 662.000000}
{end time: 2019-12-20T16:40-05:00[America/New_York], close price: 279.470000, open price: 279.470000, low price: 279.470000, high price: 279.470000, volume: 244.000000}
{end time: 2019-12-20T16:43-05:00[America/New_York], close price: 279.500000, open price: 279.500000, low price: 279.500000, high price: 279.500000, volume: 652.000000}
{end time: 2019-12-20T16:44-05:00[America/New_York], close price: 279.440000, open price: 279.460000, low price: 279.440000, high price: 279.460000, volume: 1755.000000}
{end time: 2019-12-20T16:45-05:00[America/New_York], close price: 279.440000, open price: 279.440000, low price: 279.440000, high price: 279.440000, volume: 305.000000}
{end time: 2019-12-20T16:46-05:00[America/New_York], close price: 279.440000, open price: 279.440000, low price: 279.440000, high price: 279.440000, volume: 2889.000000}
{end time: 2019-12-20T16:47-05:00[America/New_York], close price: 279.400000, open price: 279.400000, low price: 279.400000, high price: 279.400000, volume: 119.000000}
{end time: 2019-12-20T16:48-05:00[America/New_York], close price: 279.440000, open price: 279.440000, low price: 279.440000, high price: 279.440000, volume: 250.000000}
{end time: 2019-12-20T16:49-05:00[America/New_York], close price: 279.000000, open price: 279.380000, low price: 279.000000, high price: 279.380000, volume: 2353854.000000}
{end time: 2019-12-20T16:50-05:00[America/New_York], close price: 279.440000, open price: 279.440000, low price: 279.440000, high price: 279.440000, volume: 2257936.000000}
{end time: 2019-12-20T16:52-05:00[America/New_York], close price: 279.210000, open price: 279.220000, low price: 279.150000, high price: 279.440000, volume: 751228.000000}
{end time: 2019-12-20T16:55-05:00[America/New_York], close price: 279.410000, open price: 279.410000, low price: 279.410000, high price: 279.410000, volume: 1102.000000}
{end time: 2019-12-20T17:01-05:00[America/New_York], close price: 279.320000, open price: 279.320000, low price: 279.320000, high price: 279.320000, volume: 208.000000}
{end time: 2019-12-20T17:02-05:00[America/New_York], close price: 279.280000, open price: 279.280000, low price: 279.280000, high price: 279.280000, volume: 136.000000}
{end time: 2019-12-20T17:04-05:00[America/New_York], close price: 279.290000, open price: 279.280000, low price: 279.260000, high price: 279.290000, volume: 453.000000}
{end time: 2019-12-20T17:05-05:00[America/New_York], close price: 279.280000, open price: 279.280000, low price: 279.280000, high price: 279.280000, volume: 216.000000}
{end time: 2019-12-20T17:06-05:00[America/New_York], close price: 279.300000, open price: 279.300000, low price: 279.300000, high price: 279.300000, volume: 156.000000}
{end time: 2019-12-20T17:07-05:00[America/New_York], close price: 279.320000, open price: 279.300000, low price: 279.300000, high price: 279.320000, volume: 578.000000}
{end time: 2019-12-20T17:10-05:00[America/New_York], close price: 279.414200, open price: 279.250000, low price: 279.250000, high price: 279.414200, volume: 714.000000}
{end time: 2019-12-20T17:12-05:00[America/New_York], close price: 279.372100, open price: 279.310000, low price: 279.310000, high price: 279.372100, volume: 298320.000000}
{end time: 2019-12-20T17:13-05:00[America/New_York], close price: 279.360000, open price: 279.360000, low price: 279.360000, high price: 279.360000, volume: 161.000000}
{end time: 2019-12-20T17:14-05:00[America/New_York], close price: 279.360000, open price: 279.360000, low price: 279.360000, high price: 279.360000, volume: 106.000000}
{end time: 2019-12-20T17:16-05:00[America/New_York], close price: 279.330000, open price: 279.330000, low price: 279.330000, high price: 279.330000, volume: 197.000000}
{end time: 2019-12-20T17:18-05:00[America/New_York], close price: 279.300000, open price: 279.300100, low price: 279.300000, high price: 279.300100, volume: 374.000000}
{end time: 2019-12-20T17:20-05:00[America/New_York], close price: 279.230000, open price: 279.300000, low price: 279.230000, high price: 279.300000, volume: 1511.000000}
{end time: 2019-12-20T17:21-05:00[America/New_York], close price: 279.190000, open price: 279.210000, low price: 279.020000, high price: 279.210000, volume: 2416.000000}
{end time: 2019-12-20T17:22-05:00[America/New_York], close price: 279.030000, open price: 279.050000, low price: 279.030000, high price: 279.050000, volume: 575.000000}
{end time: 2019-12-20T17:23-05:00[America/New_York], close price: 279.200000, open price: 279.200000, low price: 279.200000, high price: 279.200000, volume: 144.000000}
{end time: 2019-12-20T17:24-05:00[America/New_York], close price: 279.081700, open price: 279.081700, low price: 279.081700, high price: 279.081700, volume: 202.000000}
{end time: 2019-12-20T17:25-05:00[America/New_York], close price: 279.090000, open price: 279.097000, low price: 279.090000, high price: 279.097000, volume: 254.000000}
{end time: 2019-12-20T17:26-05:00[America/New_York], close price: 279.100000, open price: 279.150000, low price: 279.100000, high price: 279.180000, volume: 3002.000000}
{end time: 2019-12-20T17:28-05:00[America/New_York], close price: 279.120000, open price: 279.120000, low price: 279.120000, high price: 279.120000, volume: 322.000000}
{end time: 2019-12-20T17:29-05:00[America/New_York], close price: 279.180000, open price: 279.180000, low price: 279.180000, high price: 279.180000, volume: 454.000000}
{end time: 2019-12-20T17:30-05:00[America/New_York], close price: 279.120000, open price: 279.120000, low price: 279.120000, high price: 279.120000, volume: 603.000000}
{end time: 2019-12-20T17:34-05:00[America/New_York], close price: 279.200000, open price: 279.200000, low price: 279.200000, high price: 279.200000, volume: 800.000000}
{end time: 2019-12-20T17:36-05:00[America/New_York], close price: 279.170000, open price: 279.180000, low price: 279.170000, high price: 279.180000, volume: 2335.000000}
{end time: 2019-12-20T17:37-05:00[America/New_York], close price: 279.150000, open price: 279.150000, low price: 279.150000, high price: 279.150000, volume: 208.000000}
{end time: 2019-12-20T17:38-05:00[America/New_York], close price: 279.150000, open price: 279.150000, low price: 279.150000, high price: 279.150000, volume: 401.000000}
{end time: 2019-12-20T17:39-05:00[America/New_York], close price: 279.150000, open price: 279.150000, low price: 279.150000, high price: 279.180000, volume: 594.000000}
{end time: 2019-12-20T17:40-05:00[America/New_York], close price: 279.130000, open price: 279.130000, low price: 279.130000, high price: 279.130000, volume: 287.000000}
{end time: 2019-12-20T17:41-05:00[America/New_York], close price: 279.220000, open price: 279.150000, low price: 279.150000, high price: 279.220000, volume: 712.000000}
{end time: 2019-12-20T17:43-05:00[America/New_York], close price: 279.200000, open price: 279.200000, low price: 279.200000, high price: 279.200000, volume: 1204.000000}
{end time: 2019-12-20T17:44-05:00[America/New_York], close price: 279.230000, open price: 279.210000, low price: 279.210000, high price: 279.240000, volume: 1118.000000}
{end time: 2019-12-20T17:45-05:00[America/New_York], close price: 279.300000, open price: 279.250000, low price: 279.250000, high price: 279.300000, volume: 2352.000000}
{end time: 2019-12-20T17:46-05:00[America/New_York], close price: 279.400000, open price: 279.340000, low price: 279.340000, high price: 279.400000, volume: 1157.000000}
{end time: 2019-12-20T17:48-05:00[America/New_York], close price: 279.350000, open price: 279.350000, low price: 279.350000, high price: 279.350000, volume: 302.000000}
{end time: 2019-12-20T17:50-05:00[America/New_York], close price: 279.380000, open price: 279.350000, low price: 279.350000, high price: 279.380000, volume: 965.000000}
{end time: 2019-12-20T17:53-05:00[America/New_York], close price: 279.380000, open price: 279.380000, low price: 279.380000, high price: 279.380000, volume: 381.000000}
{end time: 2019-12-20T17:54-05:00[America/New_York], close price: 279.390000, open price: 279.390000, low price: 279.390000, high price: 279.390000, volume: 270.000000}
{end time: 2019-12-20T17:57-05:00[America/New_York], close price: 279.300000, open price: 279.300000, low price: 279.300000, high price: 279.300000, volume: 110.000000}
{end time: 2019-12-20T18:01-05:00[America/New_York], close price: 279.400000, open price: 279.400000, low price: 279.400000, high price: 279.400000, volume: 103.000000}
{end time: 2019-12-20T18:03-05:00[America/New_York], close price: 279.390000, open price: 279.400000, low price: 279.390000, high price: 279.400000, volume: 1641.000000}
{end time: 2019-12-20T18:04-05:00[America/New_York], close price: 279.400000, open price: 279.420000, low price: 279.400000, high price: 279.420000, volume: 501.000000}
{end time: 2019-12-20T18:05-05:00[America/New_York], close price: 279.450000, open price: 279.450000, low price: 279.450000, high price: 279.450000, volume: 400.000000}
{end time: 2019-12-20T18:06-05:00[America/New_York], close price: 279.450000, open price: 279.450000, low price: 279.450000, high price: 279.450000, volume: 151.000000}
{end time: 2019-12-20T18:08-05:00[America/New_York], close price: 279.500000, open price: 279.500000, low price: 279.500000, high price: 279.500000, volume: 104.000000}
{end time: 2019-12-20T18:09-05:00[America/New_York], close price: 279.500000, open price: 279.500000, low price: 279.500000, high price: 279.500000, volume: 400.000000}
{end time: 2019-12-20T18:11-05:00[America/New_York], close price: 279.430000, open price: 279.430000, low price: 279.430000, high price: 279.430000, volume: 100.000000}
{end time: 2019-12-20T18:13-05:00[America/New_York], close price: 279.520000, open price: 279.520000, low price: 279.520000, high price: 279.520000, volume: 420.000000}
{end time: 2019-12-20T18:16-05:00[America/New_York], close price: 279.499900, open price: 279.499900, low price: 279.499900, high price: 279.499900, volume: 3506.000000}
{end time: 2019-12-20T18:17-05:00[America/New_York], close price: 279.400000, open price: 279.400000, low price: 279.400000, high price: 279.400000, volume: 440.000000}
{end time: 2019-12-20T18:20-05:00[America/New_York], close price: 279.420000, open price: 279.420000, low price: 279.420000, high price: 279.420000, volume: 210.000000}
{end time: 2019-12-20T18:24-05:00[America/New_York], close price: 279.490000, open price: 279.490000, low price: 279.490000, high price: 279.490000, volume: 253.000000}
{end time: 2019-12-20T18:28-05:00[America/New_York], close price: 279.400000, open price: 279.400000, low price: 279.400000, high price: 279.400000, volume: 103.000000}
{end time: 2019-12-20T18:29-05:00[America/New_York], close price: 279.400000, open price: 279.420000, low price: 279.400000, high price: 279.420000, volume: 1171.000000}
{end time: 2019-12-20T18:30-05:00[America/New_York], close price: 279.400000, open price: 279.400000, low price: 279.400000, high price: 279.400000, volume: 1426.000000}
{end time: 2019-12-20T18:34-05:00[America/New_York], close price: 279.380000, open price: 279.380000, low price: 279.380000, high price: 279.380000, volume: 125.000000}
{end time: 2019-12-20T18:36-05:00[America/New_York], close price: 279.440000, open price: 279.440000, low price: 279.440000, high price: 279.440000, volume: 100.000000}
{end time: 2019-12-20T18:37-05:00[America/New_York], close price: 279.480000, open price: 279.480000, low price: 279.480000, high price: 279.480000, volume: 100.000000}
{end time: 2019-12-20T18:38-05:00[America/New_York], close price: 279.490000, open price: 279.490000, low price: 279.490000, high price: 279.490000, volume: 100.000000}
{end time: 2019-12-20T18:39-05:00[America/New_York], close price: 279.490000, open price: 279.490000, low price: 279.490000, high price: 279.490000, volume: 161.000000}
{end time: 2019-12-20T18:40-05:00[America/New_York], close price: 279.300000, open price: 279.410000, low price: 279.300000, high price: 279.410000, volume: 3584.000000}
{end time: 2019-12-20T18:41-05:00[America/New_York], close price: 279.300000, open price: 279.300000, low price: 279.300000, high price: 279.300000, volume: 2810.000000}
{end time: 2019-12-20T18:42-05:00[America/New_York], close price: 279.270000, open price: 279.300000, low price: 279.270000, high price: 279.300000, volume: 888.000000}
{end time: 2019-12-20T18:50-05:00[America/New_York], close price: 279.100000, open price: 279.220000, low price: 279.100000, high price: 279.230000, volume: 1740.000000}
{end time: 2019-12-20T18:52-05:00[America/New_York], close price: 279.300000, open price: 279.300000, low price: 279.300000, high price: 279.300000, volume: 418.000000}
{end time: 2019-12-20T18:53-05:00[America/New_York], close price: 279.150000, open price: 279.150000, low price: 279.150000, high price: 279.150000, volume: 100.000000}
{end time: 2019-12-20T18:54-05:00[America/New_York], close price: 279.150000, open price: 279.150000, low price: 279.150000, high price: 279.150000, volume: 100.000000}
{end time: 2019-12-20T18:56-05:00[America/New_York], close price: 279.200000, open price: 279.300000, low price: 279.200000, high price: 279.300000, volume: 2064.000000}
{end time: 2019-12-20T18:59-05:00[America/New_York], close price: 279.210000, open price: 279.210000, low price: 279.210000, high price: 279.210000, volume: 300.000000}
{end time: 2019-12-20T19:01-05:00[America/New_York], close price: 279.310000, open price: 279.310000, low price: 279.310000, high price: 279.310000, volume: 400.000000}
{end time: 2019-12-20T19:07-05:00[America/New_York], close price: 279.390000, open price: 279.390000, low price: 279.390000, high price: 279.390000, volume: 500.000000}
{end time: 2019-12-20T19:08-05:00[America/New_York], close price: 279.350000, open price: 279.300000, low price: 279.300000, high price: 279.350000, volume: 500.000000}
{end time: 2019-12-20T19:10-05:00[America/New_York], close price: 279.340000, open price: 279.340000, low price: 279.340000, high price: 279.340000, volume: 508.000000}
{end time: 2019-12-20T19:12-05:00[America/New_York], close price: 279.310000, open price: 279.310000, low price: 279.310000, high price: 279.310000, volume: 150.000000}
{end time: 2019-12-20T19:17-05:00[America/New_York], close price: 279.250000, open price: 279.330000, low price: 279.250000, high price: 279.330000, volume: 990.000000}
{end time: 2019-12-20T19:18-05:00[America/New_York], close price: 279.250000, open price: 279.250000, low price: 279.250000, high price: 279.250000, volume: 500.000000}
{end time: 2019-12-20T19:19-05:00[America/New_York], close price: 279.320000, open price: 279.320000, low price: 279.320000, high price: 279.320000, volume: 500.000000}
{end time: 2019-12-20T19:22-05:00[America/New_York], close price: 279.300000, open price: 279.300000, low price: 279.300000, high price: 279.300000, volume: 300.000000}
{end time: 2019-12-20T19:29-05:00[America/New_York], close price: 279.370000, open price: 279.350000, low price: 279.350000, high price: 279.400000, volume: 1111.000000}
{end time: 2019-12-20T19:30-05:00[America/New_York], close price: 279.370000, open price: 279.370000, low price: 279.370000, high price: 279.370000, volume: 125.000000}
{end time: 2019-12-20T19:32-05:00[America/New_York], close price: 279.360000, open price: 279.360000, low price: 279.360000, high price: 279.360000, volume: 619.000000}
{end time: 2019-12-20T19:33-05:00[America/New_York], close price: 279.370000, open price: 279.370000, low price: 279.370000, high price: 279.370000, volume: 311.000000}
{end time: 2019-12-20T19:35-05:00[America/New_York], close price: 279.370000, open price: 279.370000, low price: 279.370000, high price: 279.370000, volume: 309.000000}
{end time: 2019-12-20T19:39-05:00[America/New_York], close price: 279.320000, open price: 279.320000, low price: 279.320000, high price: 279.320000, volume: 208.000000}
{end time: 2019-12-20T19:41-05:00[America/New_York], close price: 279.320000, open price: 279.320000, low price: 279.320000, high price: 279.320000, volume: 209.000000}
{end time: 2019-12-20T19:42-05:00[America/New_York], close price: 279.350000, open price: 279.350000, low price: 279.350000, high price: 279.350000, volume: 420.000000}
{end time: 2019-12-20T19:43-05:00[America/New_York], close price: 279.350000, open price: 279.350000, low price: 279.350000, high price: 279.350000, volume: 120.000000}
{end time: 2019-12-20T19:45-05:00[America/New_York], close price: 279.330000, open price: 279.330000, low price: 279.330000, high price: 279.330000, volume: 198.000000}
{end time: 2019-12-20T19:47-05:00[America/New_York], close price: 279.340000, open price: 279.340000, low price: 279.340000, high price: 279.340000, volume: 507.000000}
{end time: 2019-12-20T19:48-05:00[America/New_York], close price: 279.320000, open price: 279.340000, low price: 279.320000, high price: 279.340000, volume: 673.000000}
{end time: 2019-12-20T19:49-05:00[America/New_York], close price: 279.310000, open price: 279.350000, low price: 279.310000, high price: 279.350000, volume: 2071.000000}
{end time: 2019-12-20T19:50-05:00[America/New_York], close price: 279.400000, open price: 279.400000, low price: 279.400000, high price: 279.400000, volume: 220.000000}
{end time: 2019-12-20T19:51-05:00[America/New_York], close price: 279.390000, open price: 279.310000, low price: 279.310000, high price: 279.390000, volume: 510.000000}
{end time: 2019-12-20T19:54-05:00[America/New_York], close price: 279.390000, open price: 279.380000, low price: 279.380000, high price: 279.390000, volume: 525.000000}
{end time: 2019-12-20T19:55-05:00[America/New_York], close price: 279.390000, open price: 279.390000, low price: 279.390000, high price: 279.390000, volume: 120.000000}
{end time: 2019-12-20T19:56-05:00[America/New_York], close price: 279.400000, open price: 279.400000, low price: 279.400000, high price: 279.400000, volume: 264.000000}
{end time: 2019-12-20T19:57-05:00[America/New_York], close price: 279.400000, open price: 279.400000, low price: 279.400000, high price: 279.400000, volume: 631.000000}
{end time: 2019-12-20T19:58-05:00[America/New_York], close price: 279.400000, open price: 279.440000, low price: 279.400000, high price: 279.440000, volume: 1888.000000}
{end time: 2019-12-20T19:59-05:00[America/New_York], close price: 279.500000, open price: 279.440000, low price: 279.400000, high price: 279.500000, volume: 1811.000000}
{end time: 2019-12-23T04:00-05:00[America/New_York], close price: 280.150000, open price: 279.820000, low price: 279.820000, high price: 280.150000, volume: 1366.000000}
{end time: 2019-12-23T04:03-05:00[America/New_York], close price: 280.200000, open price: 280.200000, low price: 280.200000, high price: 280.200000, volume: 445.000000}
{end time: 2019-12-23T04:08-05:00[America/New_York], close price: 280.200000, open price: 280.200000, low price: 280.200000, high price: 280.200000, volume: 139.000000}
{end time: 2019-12-23T04:17-05:00[America/New_York], close price: 280.300000, open price: 280.300000, low price: 280.300000, high price: 280.300000, volume: 105.000000}
{end time: 2019-12-23T04:41-05:00[America/New_York], close price: 280.300000, open price: 280.300000, low price: 280.300000, high price: 280.300000, volume: 100.000000}
{end time: 2019-12-23T04:54-05:00[America/New_York], close price: 280.250000, open price: 280.250000, low price: 280.250000, high price: 280.250000, volume: 150.000000}
{end time: 2019-12-23T05:06-05:00[America/New_York], close price: 280.250000, open price: 280.250000, low price: 280.250000, high price: 280.250000, volume: 120.000000}
{end time: 2019-12-23T05:07-05:00[America/New_York], close price: 280.260000, open price: 280.260000, low price: 280.260000, high price: 280.260000, volume: 874.000000}
{end time: 2019-12-23T05:09-05:00[America/New_York], close price: 280.250000, open price: 280.250000, low price: 280.250000, high price: 280.250000, volume: 100.000000}
{end time: 2019-12-23T05:38-05:00[America/New_York], close price: 280.250000, open price: 280.250000, low price: 280.250000, high price: 280.280000, volume: 1552.000000}
{end time: 2019-12-23T06:00-05:00[America/New_York], close price: 280.250000, open price: 280.240000, low price: 280.240000, high price: 280.250000, volume: 658.000000}
{end time: 2019-12-23T06:01-05:00[America/New_York], close price: 280.440000, open price: 280.400000, low price: 280.400000, high price: 280.450000, volume: 1502.000000}
{end time: 2019-12-23T06:05-05:00[America/New_York], close price: 280.530000, open price: 280.500000, low price: 280.500000, high price: 280.530000, volume: 516.000000}
{end time: 2019-12-23T06:11-05:00[America/New_York], close price: 280.500000, open price: 280.500000, low price: 280.500000, high price: 280.500000, volume: 500.000000}
{end time: 2019-12-23T06:21-05:00[America/New_York], close price: 280.500000, open price: 280.500000, low price: 280.500000, high price: 280.500000, volume: 201.000000}
{end time: 2019-12-23T06:23-05:00[America/New_York], close price: 280.500000, open price: 280.500000, low price: 280.500000, high price: 280.500000, volume: 500.000000}
{end time: 2019-12-23T06:48-05:00[America/New_York], close price: 280.240000, open price: 280.240000, low price: 280.240000, high price: 280.240000, volume: 100.000000}
{end time: 2019-12-23T06:55-05:00[America/New_York], close price: 280.250000, open price: 280.270000, low price: 280.250000, high price: 280.270000, volume: 1228.000000}
{end time: 2019-12-23T06:56-05:00[America/New_York], close price: 280.250000, open price: 280.250000, low price: 280.240000, high price: 280.250000, volume: 1480.000000}
{end time: 2019-12-23T07:00-05:00[America/New_York], close price: 280.350000, open price: 280.270000, low price: 280.250000, high price: 280.350000, volume: 1842.000000}
{end time: 2019-12-23T07:01-05:00[America/New_York], close price: 280.350000, open price: 280.360000, low price: 280.350000, high price: 280.360000, volume: 608.000000}
{end time: 2019-12-23T07:02-05:00[America/New_York], close price: 280.350000, open price: 280.400000, low price: 280.350000, high price: 280.440000, volume: 5761.000000}
{end time: 2019-12-23T07:03-05:00[America/New_York], close price: 280.270000, open price: 280.350000, low price: 280.270000, high price: 280.350000, volume: 500.000000}
{end time: 2019-12-23T07:04-05:00[America/New_York], close price: 280.250000, open price: 280.260000, low price: 280.200000, high price: 280.260000, volume: 3705.000000}
{end time: 2019-12-23T07:05-05:00[America/New_York], close price: 280.200000, open price: 280.200000, low price: 280.200000, high price: 280.200000, volume: 286.000000}
{end time: 2019-12-23T07:07-05:00[America/New_York], close price: 280.340000, open price: 280.250000, low price: 280.120000, high price: 280.350000, volume: 3480.000000}
{end time: 2019-12-23T07:08-05:00[America/New_York], close price: 280.350000, open price: 280.340000, low price: 280.300000, high price: 280.350000, volume: 3130.000000}
{end time: 2019-12-23T07:09-05:00[America/New_York], close price: 280.500000, open price: 280.340000, low price: 280.340000, high price: 280.600000, volume: 2065.000000}
{end time: 2019-12-23T07:10-05:00[America/New_York], close price: 280.560000, open price: 280.560000, low price: 280.560000, high price: 280.560000, volume: 200.000000}
{end time: 2019-12-23T07:11-05:00[America/New_York], close price: 280.550000, open price: 280.480000, low price: 280.480000, high price: 280.550000, volume: 1526.000000}
{end time: 2019-12-23T07:12-05:00[America/New_York], close price: 280.400000, open price: 280.440000, low price: 280.400000, high price: 280.440000, volume: 474.000000}
{end time: 2019-12-23T07:13-05:00[America/New_York], close price: 280.450000, open price: 280.430000, low price: 280.430000, high price: 280.450000, volume: 1854.000000}
{end time: 2019-12-23T07:15-05:00[America/New_York], close price: 280.490000, open price: 280.490000, low price: 280.490000, high price: 280.490000, volume: 450.000000}
{end time: 2019-12-23T07:16-05:00[America/New_York], close price: 280.310000, open price: 280.450000, low price: 280.310000, high price: 280.470000, volume: 1700.000000}
{end time: 2019-12-23T07:17-05:00[America/New_York], close price: 280.450000, open price: 280.450000, low price: 280.450000, high price: 280.450000, volume: 100.000000}
{end time: 2019-12-23T07:18-05:00[America/New_York], close price: 280.350000, open price: 280.350000, low price: 280.350000, high price: 280.350000, volume: 458.000000}
{end time: 2019-12-23T07:20-05:00[America/New_York], close price: 280.350000, open price: 280.400000, low price: 280.350000, high price: 280.400000, volume: 389.000000}
{end time: 2019-12-23T07:23-05:00[America/New_York], close price: 280.370000, open price: 280.350000, low price: 280.350000, high price: 280.370000, volume: 1065.000000}
{end time: 2019-12-23T07:24-05:00[America/New_York], close price: 280.470000, open price: 280.440000, low price: 280.440000, high price: 280.470000, volume: 1085.000000}
{end time: 2019-12-23T07:25-05:00[America/New_York], close price: 280.450000, open price: 280.450000, low price: 280.450000, high price: 280.450000, volume: 508.000000}
{end time: 2019-12-23T07:26-05:00[America/New_York], close price: 280.470000, open price: 280.470000, low price: 280.470000, high price: 280.470000, volume: 702.000000}
{end time: 2019-12-23T07:27-05:00[America/New_York], close price: 280.450000, open price: 280.470000, low price: 280.450000, high price: 280.470000, volume: 2385.000000}
{end time: 2019-12-23T07:29-05:00[America/New_York], close price: 280.450000, open price: 280.450000, low price: 280.450000, high price: 280.450000, volume: 1960.000000}
{end time: 2019-12-23T07:30-05:00[America/New_York], close price: 280.420000, open price: 280.440000, low price: 280.420000, high price: 280.450000, volume: 1492.000000}
{end time: 2019-12-23T07:31-05:00[America/New_York], close price: 280.400000, open price: 280.410000, low price: 280.400000, high price: 280.410000, volume: 2255.000000}
{end time: 2019-12-23T07:33-05:00[America/New_York], close price: 280.440000, open price: 280.440000, low price: 280.440000, high price: 280.440000, volume: 420.000000}
{end time: 2019-12-23T07:35-05:00[America/New_York], close price: 280.400000, open price: 280.400000, low price: 280.400000, high price: 280.400000, volume: 657.000000}
{end time: 2019-12-23T07:37-05:00[America/New_York], close price: 280.280000, open price: 280.300000, low price: 280.280000, high price: 280.300000, volume: 694.000000}
{end time: 2019-12-23T07:38-05:00[America/New_York], close price: 280.300000, open price: 280.280000, low price: 280.280000, high price: 280.300000, volume: 320.000000}
{end time: 2019-12-23T07:39-05:00[America/New_York], close price: 280.280000, open price: 280.280000, low price: 280.280000, high price: 280.280000, volume: 500.000000}
{end time: 2019-12-23T07:40-05:00[America/New_York], close price: 280.300000, open price: 280.300000, low price: 280.300000, high price: 280.300000, volume: 300.000000}
{end time: 2019-12-23T07:41-05:00[America/New_York], close price: 280.300000, open price: 280.300000, low price: 280.300000, high price: 280.300000, volume: 525.000000}
{end time: 2019-12-23T07:42-05:00[America/New_York], close price: 280.300000, open price: 280.260000, low price: 280.260000, high price: 280.300000, volume: 607.000000}
{end time: 2019-12-23T07:44-05:00[America/New_York], close price: 280.290000, open price: 280.270000, low price: 280.250000, high price: 280.290000, volume: 1350.000000}
{end time: 2019-12-23T07:45-05:00[America/New_York], close price: 280.290000, open price: 280.300000, low price: 280.290000, high price: 280.300000, volume: 1176.000000}
{end time: 2019-12-23T07:47-05:00[America/New_York], close price: 280.300000, open price: 280.300000, low price: 280.300000, high price: 280.300000, volume: 1350.000000}
{end time: 2019-12-23T07:51-05:00[America/New_York], close price: 280.300000, open price: 280.300000, low price: 280.290000, high price: 280.300000, volume: 600.000000}
{end time: 2019-12-23T07:52-05:00[America/New_York], close price: 280.300000, open price: 280.300000, low price: 280.300000, high price: 280.300000, volume: 108.000000}
{end time: 2019-12-23T07:53-05:00[America/New_York], close price: 280.300000, open price: 280.300000, low price: 280.300000, high price: 280.300000, volume: 1428.000000}
{end time: 2019-12-23T07:54-05:00[America/New_York], close price: 280.330000, open price: 280.250000, low price: 280.250000, high price: 280.330000, volume: 784.000000}
{end time: 2019-12-23T07:57-05:00[America/New_York], close price: 280.380000, open price: 280.330000, low price: 280.330000, high price: 280.380000, volume: 600.000000}
{end time: 2019-12-23T07:59-05:00[America/New_York], close price: 280.300000, open price: 280.320000, low price: 280.300000, high price: 280.320000, volume: 200.000000}
{end time: 2019-12-23T08:00-05:00[America/New_York], close price: 280.300000, open price: 280.200000, low price: 280.150000, high price: 280.599900, volume: 15040.000000}
{end time: 2019-12-23T08:01-05:00[America/New_York], close price: 280.300000, open price: 280.300000, low price: 280.300000, high price: 280.300000, volume: 175.000000}
{end time: 2019-12-23T08:02-05:00[America/New_York], close price: 280.350000, open price: 280.350000, low price: 280.350000, high price: 280.350000, volume: 103.000000}
{end time: 2019-12-23T08:03-05:00[America/New_York], close price: 280.260000, open price: 280.350000, low price: 280.260000, high price: 280.350000, volume: 1857.000000}
{end time: 2019-12-23T08:04-05:00[America/New_York], close price: 280.280000, open price: 280.260100, low price: 280.260100, high price: 280.300000, volume: 530.000000}
{end time: 2019-12-23T08:05-05:00[America/New_York], close price: 280.340000, open price: 280.300000, low price: 280.300000, high price: 280.340000, volume: 1391.000000}
{end time: 2019-12-23T08:06-05:00[America/New_York], close price: 280.300000, open price: 280.300100, low price: 280.300000, high price: 280.300100, volume: 2965.000000}
{end time: 2019-12-23T08:07-05:00[America/New_York], close price: 280.310000, open price: 280.280000, low price: 280.280000, high price: 280.340000, volume: 577.000000}
{end time: 2019-12-23T08:08-05:00[America/New_York], close price: 280.300000, open price: 280.300000, low price: 280.300000, high price: 280.300000, volume: 645.000000}
{end time: 2019-12-23T08:09-05:00[America/New_York], close price: 280.310000, open price: 280.310000, low price: 280.310000, high price: 280.310000, volume: 362.000000}
{end time: 2019-12-23T08:10-05:00[America/New_York], close price: 280.270000, open price: 280.270000, low price: 280.250000, high price: 280.270000, volume: 2325.000000}
{end time: 2019-12-23T08:11-05:00[America/New_York], close price: 280.290000, open price: 280.290000, low price: 280.290000, high price: 280.290000, volume: 540.000000}
{end time: 2019-12-23T08:12-05:00[America/New_York], close price: 280.250000, open price: 280.250000, low price: 280.250000, high price: 280.250000, volume: 1301.000000}
{end time: 2019-12-23T08:13-05:00[America/New_York], close price: 280.290000, open price: 280.240000, low price: 280.240000, high price: 280.290000, volume: 629.000000}
{end time: 2019-12-23T08:14-05:00[America/New_York], close price: 280.280000, open price: 280.280000, low price: 280.280000, high price: 280.280000, volume: 123.000000}
{end time: 2019-12-23T08:16-05:00[America/New_York], close price: 280.210000, open price: 280.230000, low price: 280.210000, high price: 280.230000, volume: 1217.000000}
{end time: 2019-12-23T08:17-05:00[America/New_York], close price: 280.200000, open price: 280.210000, low price: 280.200000, high price: 280.210000, volume: 2424.000000}
{end time: 2019-12-23T08:18-05:00[America/New_York], close price: 280.100000, open price: 280.150000, low price: 280.100000, high price: 280.150000, volume: 1450.000000}
{end time: 2019-12-23T08:21-05:00[America/New_York], close price: 280.190000, open price: 280.170000, low price: 280.170000, high price: 280.200000, volume: 2139.000000}
{end time: 2019-12-23T08:22-05:00[America/New_York], close price: 280.200000, open price: 280.200000, low price: 280.200000, high price: 280.200000, volume: 1567.000000}
{end time: 2019-12-23T08:23-05:00[America/New_York], close price: 280.300000, open price: 280.240000, low price: 280.240000, high price: 280.300000, volume: 3050.000000}
{end time: 2019-12-23T08:24-05:00[America/New_York], close price: 280.310000, open price: 280.300000, low price: 280.210000, high price: 280.310000, volume: 6714.000000}
{end time: 2019-12-23T08:25-05:00[America/New_York], close price: 280.380000, open price: 280.350000, low price: 280.350000, high price: 280.380000, volume: 3411.000000}
{end time: 2019-12-23T08:26-05:00[America/New_York], close price: 280.350000, open price: 280.330000, low price: 280.330000, high price: 280.350000, volume: 401.000000}
{end time: 2019-12-23T08:27-05:00[America/New_York], close price: 280.380000, open price: 280.350000, low price: 280.350000, high price: 280.380000, volume: 682.000000}
{end time: 2019-12-23T08:28-05:00[America/New_York], close price: 280.440000, open price: 280.400000, low price: 280.350000, high price: 280.440000, volume: 5097.000000}
{end time: 2019-12-23T08:29-05:00[America/New_York], close price: 280.450000, open price: 280.430000, low price: 280.430000, high price: 280.450000, volume: 2985.000000}
{end time: 2019-12-23T08:30-05:00[America/New_York], close price: 280.350000, open price: 280.470000, low price: 280.350000, high price: 280.490000, volume: 2001.000000}
{end time: 2019-12-23T08:31-05:00[America/New_York], close price: 280.390000, open price: 280.390000, low price: 280.390000, high price: 280.390000, volume: 259.000000}
{end time: 2019-12-23T08:32-05:00[America/New_York], close price: 280.390000, open price: 280.350000, low price: 280.350000, high price: 280.390000, volume: 1086.000000}
{end time: 2019-12-23T08:33-05:00[America/New_York], close price: 280.350000, open price: 280.389800, low price: 280.350000, high price: 280.389800, volume: 819.000000}
{end time: 2019-12-23T08:34-05:00[America/New_York], close price: 280.400000, open price: 280.400000, low price: 280.400000, high price: 280.400000, volume: 137.000000}
{end time: 2019-12-23T08:35-05:00[America/New_York], close price: 280.420000, open price: 280.400000, low price: 280.390000, high price: 280.420000, volume: 1964.000000}
{end time: 2019-12-23T08:36-05:00[America/New_York], close price: 280.450000, open price: 280.430000, low price: 280.430000, high price: 280.450000, volume: 1210.000000}
{end time: 2019-12-23T08:37-05:00[America/New_York], close price: 280.450000, open price: 280.450000, low price: 280.450000, high price: 280.450000, volume: 3420.000000}
{end time: 2019-12-23T08:38-05:00[America/New_York], close price: 280.550000, open price: 280.490000, low price: 280.490000, high price: 280.550000, volume: 8687.000000}
{end time: 2019-12-23T08:39-05:00[America/New_York], close price: 280.600000, open price: 280.570000, low price: 280.570000, high price: 280.700000, volume: 3587.000000}
{end time: 2019-12-23T08:40-05:00[America/New_York], close price: 280.700000, open price: 280.690000, low price: 280.620000, high price: 280.730000, volume: 4222.000000}
{end time: 2019-12-23T08:41-05:00[America/New_York], close price: 280.900000, open price: 280.740000, low price: 280.700000, high price: 280.900000, volume: 7743.000000}
{end time: 2019-12-23T08:42-05:00[America/New_York], close price: 280.900000, open price: 280.850000, low price: 280.490000, high price: 280.930000, volume: 5789.000000}
{end time: 2019-12-23T08:43-05:00[America/New_York], close price: 280.970000, open price: 280.880000, low price: 280.810000, high price: 280.970000, volume: 8527.000000}
{end time: 2019-12-23T08:44-05:00[America/New_York], close price: 280.900000, open price: 280.950000, low price: 280.820000, high price: 280.970000, volume: 5919.000000}
{end time: 2019-12-23T08:45-05:00[America/New_York], close price: 280.900000, open price: 280.850200, low price: 280.850200, high price: 280.940000, volume: 2855.000000}
{end time: 2019-12-23T08:46-05:00[America/New_York], close price: 280.890000, open price: 280.939800, low price: 280.850000, high price: 280.940000, volume: 7148.000000}
{end time: 2019-12-23T08:47-05:00[America/New_York], close price: 280.780000, open price: 280.900000, low price: 280.680000, high price: 280.900000, volume: 4195.000000}
{end time: 2019-12-23T08:48-05:00[America/New_York], close price: 280.780000, open price: 280.770000, low price: 280.700000, high price: 280.780000, volume: 1735.000000}
{end time: 2019-12-23T08:49-05:00[America/New_York], close price: 280.800000, open price: 280.800000, low price: 280.800000, high price: 280.800000, volume: 1382.000000}
{end time: 2019-12-23T08:50-05:00[America/New_York], close price: 280.750000, open price: 280.840000, low price: 280.750000, high price: 280.870000, volume: 3492.000000}
{end time: 2019-12-23T08:51-05:00[America/New_York], close price: 280.710000, open price: 280.710000, low price: 280.710000, high price: 280.710000, volume: 550.000000}
{end time: 2019-12-23T08:52-05:00[America/New_York], close price: 280.760000, open price: 280.720000, low price: 280.710000, high price: 280.760000, volume: 1244.000000}
{end time: 2019-12-23T08:53-05:00[America/New_York], close price: 280.800000, open price: 280.700000, low price: 280.700000, high price: 280.800000, volume: 1423.000000}
{end time: 2019-12-23T08:54-05:00[America/New_York], close price: 280.800000, open price: 280.780000, low price: 280.780000, high price: 280.800000, volume: 1219.000000}
{end time: 2019-12-23T08:55-05:00[America/New_York], close price: 280.700000, open price: 280.700000, low price: 280.700000, high price: 280.780000, volume: 3500.000000}
{end time: 2019-12-23T08:56-05:00[America/New_York], close price: 280.600000, open price: 280.700000, low price: 280.600000, high price: 280.750000, volume: 4090.000000}
{end time: 2019-12-23T08:57-05:00[America/New_York], close price: 280.770000, open price: 280.600000, low price: 280.600000, high price: 280.770000, volume: 3400.000000}
{end time: 2019-12-23T08:58-05:00[America/New_York], close price: 280.780000, open price: 280.710000, low price: 280.700000, high price: 280.780000, volume: 1303.000000}
{end time: 2019-12-23T08:59-05:00[America/New_York], close price: 280.690000, open price: 280.780000, low price: 280.690000, high price: 280.780000, volume: 7967.000000}
{end time: 2019-12-23T09:00-05:00[America/New_York], close price: 280.690000, open price: 280.690000, low price: 280.600000, high price: 280.690000, volume: 1790.000000}
{end time: 2019-12-23T09:01-05:00[America/New_York], close price: 280.610000, open price: 280.640000, low price: 280.610000, high price: 280.640000, volume: 2377.000000}
{end time: 2019-12-23T09:02-05:00[America/New_York], close price: 280.610200, open price: 280.700000, low price: 280.610200, high price: 280.700000, volume: 578.000000}
{end time: 2019-12-23T09:03-05:00[America/New_York], close price: 280.570000, open price: 280.650000, low price: 280.570000, high price: 280.650000, volume: 1960.000000}
{end time: 2019-12-23T09:04-05:00[America/New_York], close price: 280.500000, open price: 280.550000, low price: 280.500000, high price: 280.580000, volume: 6265.000000}
{end time: 2019-12-23T09:05-05:00[America/New_York], close price: 280.560000, open price: 280.500000, low price: 280.400000, high price: 280.560000, volume: 1704.000000}
{end time: 2019-12-23T09:06-05:00[America/New_York], close price: 280.450000, open price: 280.520000, low price: 280.450000, high price: 280.560000, volume: 2108.000000}
{end time: 2019-12-23T09:07-05:00[America/New_York], close price: 280.380000, open price: 280.450000, low price: 280.250000, high price: 280.450000, volume: 4729.000000}
{end time: 2019-12-23T09:08-05:00[America/New_York], close price: 280.300000, open price: 280.400000, low price: 280.110000, high price: 280.400000, volume: 8080.000000}
{end time: 2019-12-23T09:09-05:00[America/New_York], close price: 280.380000, open price: 280.200000, low price: 280.200000, high price: 280.380000, volume: 2133.000000}
{end time: 2019-12-23T09:10-05:00[America/New_York], close price: 280.290000, open price: 280.280000, low price: 280.220000, high price: 280.330000, volume: 1969.000000}
{end time: 2019-12-23T09:11-05:00[America/New_York], close price: 280.300000, open price: 280.290000, low price: 280.290000, high price: 280.310000, volume: 1765.000000}
{end time: 2019-12-23T09:12-05:00[America/New_York], close price: 280.060000, open price: 280.300000, low price: 280.060000, high price: 280.300000, volume: 3400.000000}
{end time: 2019-12-23T09:13-05:00[America/New_York], close price: 280.060000, open price: 280.180000, low price: 280.020000, high price: 280.200000, volume: 3163.000000}
{end time: 2019-12-23T09:14-05:00[America/New_York], close price: 280.150000, open price: 280.100000, low price: 280.090200, high price: 280.150000, volume: 6270.000000}
{end time: 2019-12-23T09:15-05:00[America/New_York], close price: 280.200200, open price: 280.090000, low price: 280.090000, high price: 280.290000, volume: 12130.000000}
{end time: 2019-12-23T09:16-05:00[America/New_York], close price: 280.279800, open price: 280.150000, low price: 280.150000, high price: 280.279800, volume: 1456.000000}
{end time: 2019-12-23T09:17-05:00[America/New_York], close price: 280.279900, open price: 280.279900, low price: 280.279900, high price: 280.279900, volume: 1046.000000}
{end time: 2019-12-23T09:18-05:00[America/New_York], close price: 280.270000, open price: 280.220000, low price: 280.220000, high price: 280.270000, volume: 3610.000000}
{end time: 2019-12-23T09:19-05:00[America/New_York], close price: 280.270000, open price: 280.270000, low price: 280.270000, high price: 280.270000, volume: 1314.000000}
{end time: 2019-12-23T09:20-05:00[America/New_York], close price: 280.250000, open price: 280.270000, low price: 280.250000, high price: 280.300000, volume: 10906.000000}
{end time: 2019-12-23T09:21-05:00[America/New_York], close price: 280.199900, open price: 280.260000, low price: 279.440000, high price: 280.390000, volume: 5023.000000}
{end time: 2019-12-23T09:22-05:00[America/New_York], close price: 280.320000, open price: 280.260000, low price: 280.260000, high price: 280.320000, volume: 1430.000000}
{end time: 2019-12-23T09:23-05:00[America/New_York], close price: 280.380000, open price: 280.340000, low price: 280.250100, high price: 280.380000, volume: 2891.000000}
{end time: 2019-12-23T09:24-05:00[America/New_York], close price: 280.360000, open price: 280.360000, low price: 280.360000, high price: 280.360000, volume: 604.000000}
{end time: 2019-12-23T09:25-05:00[America/New_York], close price: 280.380000, open price: 280.380000, low price: 280.380000, high price: 280.380000, volume: 1105.000000}
{end time: 2019-12-23T09:27-05:00[America/New_York], close price: 280.300200, open price: 280.360000, low price: 280.300200, high price: 280.360000, volume: 678.000000}
{end time: 2019-12-23T09:28-05:00[America/New_York], close price: 280.630000, open price: 280.550000, low price: 280.380000, high price: 280.730000, volume: 9746.000000}
{end time: 2019-12-23T09:29-05:00[America/New_York], close price: 280.640000, open price: 280.650000, low price: 280.500000, high price: 280.950000, volume: 11894.000000}
{end time: 2019-12-23T09:30-05:00[America/New_York], close price: 281.480000, open price: 280.530000, low price: 280.373500, high price: 281.480000, volume: 619457.000000}
{end time: 2019-12-23T09:31-05:00[America/New_York], close price: 281.280000, open price: 281.470000, low price: 281.160000, high price: 281.480000, volume: 192354.000000}
{end time: 2019-12-23T09:32-05:00[America/New_York], close price: 281.330000, open price: 281.310000, low price: 281.210000, high price: 281.390000, volume: 97438.000000}
{end time: 2019-12-23T09:33-05:00[America/New_York], close price: 281.040000, open price: 281.330000, low price: 281.010000, high price: 281.360000, volume: 129651.000000}
{end time: 2019-12-23T09:34-05:00[America/New_York], close price: 281.358200, open price: 281.030000, low price: 280.890000, high price: 281.410000, volume: 171047.000000}
{end time: 2019-12-23T09:35-05:00[America/New_York], close price: 281.413100, open price: 281.368300, low price: 281.320000, high price: 281.725000, volume: 165277.000000}
{end time: 2019-12-23T09:36-05:00[America/New_York], close price: 281.470000, open price: 281.400000, low price: 281.350000, high price: 281.500000, volume: 91422.000000}
{end time: 2019-12-23T09:37-05:00[America/New_York], close price: 281.460000, open price: 281.450000, low price: 281.320000, high price: 281.490000, volume: 89400.000000}
{end time: 2019-12-23T09:38-05:00[America/New_York], close price: 281.620000, open price: 281.465000, low price: 281.460000, high price: 281.660000, volume: 130683.000000}
{end time: 2019-12-23T09:39-05:00[America/New_York], close price: 281.660000, open price: 281.630000, low price: 281.610100, high price: 281.770000, volume: 106161.000000}
{end time: 2019-12-23T09:40-05:00[America/New_York], close price: 281.670000, open price: 281.670000, low price: 281.570000, high price: 281.730000, volume: 101426.000000}
{end time: 2019-12-23T09:41-05:00[America/New_York], close price: 281.800000, open price: 281.670500, low price: 281.645100, high price: 281.820000, volume: 160011.000000}
{end time: 2019-12-23T09:42-05:00[America/New_York], close price: 281.619900, open price: 281.810000, low price: 281.570000, high price: 281.810500, volume: 94316.000000}
{end time: 2019-12-23T09:43-05:00[America/New_York], close price: 281.690000, open price: 281.620000, low price: 281.450000, high price: 281.690000, volume: 82435.000000}
{end time: 2019-12-23T09:44-05:00[America/New_York], close price: 281.750000, open price: 281.670000, low price: 281.630000, high price: 281.790000, volume: 90360.000000}
{end time: 2019-12-23T09:45-05:00[America/New_York], close price: 282.070000, open price: 281.740000, low price: 281.730000, high price: 282.090000, volume: 262083.000000}
{end time: 2019-12-23T09:46-05:00[America/New_York], close price: 281.986300, open price: 282.070000, low price: 281.970000, high price: 282.220000, volume: 171793.000000}
{end time: 2019-12-23T09:47-05:00[America/New_York], close price: 282.190000, open price: 281.970100, low price: 281.970100, high price: 282.250000, volume: 120270.000000}
{end time: 2019-12-23T09:48-05:00[America/New_York], close price: 282.330000, open price: 282.200000, low price: 282.133700, high price: 282.370000, volume: 150986.000000}
{end time: 2019-12-23T09:49-05:00[America/New_York], close price: 282.320000, open price: 282.340000, low price: 282.200000, high price: 282.390000, volume: 94318.000000}
{end time: 2019-12-23T09:50-05:00[America/New_York], close price: 282.330000, open price: 282.340000, low price: 282.220000, high price: 282.380000, volume: 101292.000000}
{end time: 2019-12-23T09:51-05:00[America/New_York], close price: 281.930000, open price: 282.340000, low price: 281.910000, high price: 282.380000, volume: 182496.000000}
{end time: 2019-12-23T09:52-05:00[America/New_York], close price: 282.140000, open price: 281.924600, low price: 281.910000, high price: 282.163400, volume: 85677.000000}
{end time: 2019-12-23T09:53-05:00[America/New_York], close price: 282.259000, open price: 282.140500, low price: 282.130000, high price: 282.270000, volume: 60710.000000}
{end time: 2019-12-23T09:54-05:00[America/New_York], close price: 282.300000, open price: 282.255300, low price: 282.230000, high price: 282.310000, volume: 75010.000000}
{end time: 2019-12-23T09:55-05:00[America/New_York], close price: 282.300000, open price: 282.290000, low price: 282.250000, high price: 282.420000, volume: 127339.000000}
{end time: 2019-12-23T09:56-05:00[America/New_York], close price: 282.239900, open price: 282.305000, low price: 282.200000, high price: 282.330000, volume: 76785.000000}
{end time: 2019-12-23T09:57-05:00[America/New_York], close price: 281.950000, open price: 282.230000, low price: 281.880000, high price: 282.250000, volume: 169503.000000}
{end time: 2019-12-23T09:58-05:00[America/New_York], close price: 281.990000, open price: 281.964800, low price: 281.920000, high price: 282.020000, volume: 64290.000000}
{end time: 2019-12-23T09:59-05:00[America/New_York], close price: 282.010000, open price: 281.980000, low price: 281.960000, high price: 282.030000, volume: 54301.000000}
{end time: 2019-12-23T10:00-05:00[America/New_York], close price: 281.930000, open price: 282.030000, low price: 281.830000, high price: 282.030000, volume: 59862.000000}
{end time: 2019-12-23T10:01-05:00[America/New_York], close price: 281.800100, open price: 281.950000, low price: 281.800000, high price: 282.000000, volume: 84406.000000}
{end time: 2019-12-23T10:02-05:00[America/New_York], close price: 281.980000, open price: 281.805000, low price: 281.805000, high price: 281.980000, volume: 73045.000000}
{end time: 2019-12-23T10:03-05:00[America/New_York], close price: 282.131500, open price: 281.975000, low price: 281.970000, high price: 282.180000, volume: 91736.000000}
{end time: 2019-12-23T10:04-05:00[America/New_York], close price: 282.176300, open price: 282.150000, low price: 282.150000, high price: 282.234000, volume: 61985.000000}
{end time: 2019-12-23T10:05-05:00[America/New_York], close price: 281.940100, open price: 282.170000, low price: 281.940000, high price: 282.195000, volume: 53102.000000}
{end time: 2019-12-23T10:06-05:00[America/New_York], close price: 282.035000, open price: 281.940000, low price: 281.900000, high price: 282.060000, volume: 42102.000000}
{end time: 2019-12-23T10:07-05:00[America/New_York], close price: 282.200000, open price: 282.020000, low price: 282.018700, high price: 282.220000, volume: 104784.000000}
{end time: 2019-12-23T10:08-05:00[America/New_York], close price: 282.245000, open price: 282.200000, low price: 282.180000, high price: 282.280000, volume: 54623.000000}
{end time: 2019-12-23T10:09-05:00[America/New_York], close price: 282.260000, open price: 282.240900, low price: 282.190000, high price: 282.299600, volume: 45348.000000}
{end time: 2019-12-23T10:10-05:00[America/New_York], close price: 282.340000, open price: 282.255000, low price: 282.250000, high price: 282.355000, volume: 92869.000000}
{end time: 2019-12-23T10:11-05:00[America/New_York], close price: 282.275000, open price: 282.340000, low price: 282.250000, high price: 282.360000, volume: 47924.000000}
{end time: 2019-12-23T10:12-05:00[America/New_York], close price: 282.260000, open price: 282.270900, low price: 282.250000, high price: 282.339900, volume: 47207.000000}
{end time: 2019-12-23T10:13-05:00[America/New_York], close price: 282.301700, open price: 282.279500, low price: 282.130000, high price: 282.301700, volume: 50052.000000}
{end time: 2019-12-23T10:14-05:00[America/New_York], close price: 282.236400, open price: 282.300000, low price: 282.215000, high price: 282.300000, volume: 30191.000000}
{end time: 2019-12-23T10:15-05:00[America/New_York], close price: 282.070000, open price: 282.230000, low price: 282.010000, high price: 282.240000, volume: 50934.000000}
{end time: 2019-12-23T10:16-05:00[America/New_York], close price: 282.110100, open price: 282.080000, low price: 282.030000, high price: 282.150000, volume: 51952.000000}
{end time: 2019-12-23T10:17-05:00[America/New_York], close price: 282.090000, open price: 282.119900, low price: 282.050000, high price: 282.230000, volume: 36739.000000}
{end time: 2019-12-23T10:18-05:00[America/New_York], close price: 282.120000, open price: 282.108000, low price: 281.970000, high price: 282.130000, volume: 50727.000000}
{end time: 2019-12-23T10:19-05:00[America/New_York], close price: 282.340100, open price: 282.121000, low price: 282.120000, high price: 282.349900, volume: 56352.000000}
{end time: 2019-12-23T10:20-05:00[America/New_York], close price: 282.350000, open price: 282.350000, low price: 282.280000, high price: 282.400000, volume: 96274.000000}
{end time: 2019-12-23T10:21-05:00[America/New_York], close price: 282.330000, open price: 282.370000, low price: 282.310000, high price: 282.390000, volume: 53253.000000}
{end time: 2019-12-23T10:22-05:00[America/New_York], close price: 282.400000, open price: 282.320000, low price: 282.320000, high price: 282.400000, volume: 43075.000000}
{end time: 2019-12-23T10:23-05:00[America/New_York], close price: 282.500000, open price: 282.396900, low price: 282.396900, high price: 282.560000, volume: 137049.000000}
{end time: 2019-12-23T10:24-05:00[America/New_York], close price: 282.470000, open price: 282.480000, low price: 282.442500, high price: 282.560000, volume: 54097.000000}
{end time: 2019-12-23T10:25-05:00[America/New_York], close price: 282.434800, open price: 282.454500, low price: 282.400000, high price: 282.510000, volume: 39018.000000}
{end time: 2019-12-23T10:26-05:00[America/New_York], close price: 282.210000, open price: 282.440000, low price: 282.210000, high price: 282.440000, volume: 55360.000000}
{end time: 2019-12-23T10:27-05:00[America/New_York], close price: 282.425000, open price: 282.230000, low price: 282.220000, high price: 282.440000, volume: 41612.000000}
{end time: 2019-12-23T10:28-05:00[America/New_York], close price: 282.480000, open price: 282.440000, low price: 282.430100, high price: 282.630000, volume: 135576.000000}
{end time: 2019-12-23T10:29-05:00[America/New_York], close price: 282.387000, open price: 282.480000, low price: 282.340000, high price: 282.480000, volume: 35769.000000}
{end time: 2019-12-23T10:30-05:00[America/New_York], close price: 282.429900, open price: 282.385000, low price: 282.355000, high price: 282.450000, volume: 34022.000000}
{end time: 2019-12-23T10:31-05:00[America/New_York], close price: 282.400000, open price: 282.445000, low price: 282.340000, high price: 282.462300, volume: 49634.000000}
{end time: 2019-12-23T10:32-05:00[America/New_York], close price: 282.290000, open price: 282.385000, low price: 282.288500, high price: 282.435000, volume: 35324.000000}
{end time: 2019-12-23T10:33-05:00[America/New_York], close price: 282.380000, open price: 282.290000, low price: 282.280000, high price: 282.391200, volume: 24463.000000}
{end time: 2019-12-23T10:34-05:00[America/New_York], close price: 282.355700, open price: 282.390000, low price: 282.336100, high price: 282.455000, volume: 41896.000000}
{end time: 2019-12-23T10:35-05:00[America/New_York], close price: 282.560000, open price: 282.350000, low price: 282.340000, high price: 282.560000, volume: 44660.000000}
{end time: 2019-12-23T10:36-05:00[America/New_York], close price: 282.560000, open price: 282.570000, low price: 282.510000, high price: 282.570000, volume: 30780.000000}
{end time: 2019-12-23T10:37-05:00[America/New_York], close price: 282.550000, open price: 282.550000, low price: 282.525000, high price: 282.600000, volume: 29075.000000}
{end time: 2019-12-23T10:38-05:00[America/New_York], close price: 282.580000, open price: 282.550000, low price: 282.530000, high price: 282.590000, volume: 42542.000000}
{end time: 2019-12-23T10:39-05:00[America/New_York], close price: 282.750000, open price: 282.566500, low price: 282.566500, high price: 282.770000, volume: 104866.000000}
{end time: 2019-12-23T10:40-05:00[America/New_York], close price: 282.840000, open price: 282.760300, low price: 282.710000, high price: 282.880000, volume: 95865.000000}
{end time: 2019-12-23T10:41-05:00[America/New_York], close price: 282.865000, open price: 282.839200, low price: 282.829500, high price: 282.958000, volume: 102260.000000}
{end time: 2019-12-23T10:42-05:00[America/New_York], close price: 282.919900, open price: 282.865000, low price: 282.850000, high price: 282.940000, volume: 64479.000000}
{end time: 2019-12-23T10:43-05:00[America/New_York], close price: 282.910000, open price: 282.915200, low price: 282.879900, high price: 282.930000, volume: 44411.000000}
{end time: 2019-12-23T10:44-05:00[America/New_York], close price: 282.790000, open price: 282.904500, low price: 282.740000, high price: 282.910000, volume: 54827.000000}
{end time: 2019-12-23T10:45-05:00[America/New_York], close price: 282.650000, open price: 282.820000, low price: 282.650000, high price: 282.830000, volume: 58117.000000}
{end time: 2019-12-23T10:46-05:00[America/New_York], close price: 282.680000, open price: 282.650000, low price: 282.640000, high price: 282.750000, volume: 52516.000000}
{end time: 2019-12-23T10:47-05:00[America/New_York], close price: 282.600000, open price: 282.680000, low price: 282.570000, high price: 282.739900, volume: 55614.000000}
{end time: 2019-12-23T10:48-05:00[America/New_York], close price: 282.497800, open price: 282.593000, low price: 282.380000, high price: 282.610000, volume: 107357.000000}
{end time: 2019-12-23T10:49-05:00[America/New_York], close price: 282.466400, open price: 282.480000, low price: 282.430000, high price: 282.548800, volume: 59979.000000}
{end time: 2019-12-23T10:50-05:00[America/New_York], close price: 282.515200, open price: 282.465000, low price: 282.450000, high price: 282.520000, volume: 35610.000000}
{end time: 2019-12-23T10:51-05:00[America/New_York], close price: 282.649900, open price: 282.519000, low price: 282.500000, high price: 282.649900, volume: 42670.000000}
{end time: 2019-12-23T10:52-05:00[America/New_York], close price: 282.533200, open price: 282.630000, low price: 282.510000, high price: 282.670000, volume: 38156.000000}
{end time: 2019-12-23T10:53-05:00[America/New_York], close price: 282.538500, open price: 282.535200, low price: 282.431000, high price: 282.555000, volume: 69299.000000}
{end time: 2019-12-23T10:54-05:00[America/New_York], close price: 282.590000, open price: 282.535600, low price: 282.443200, high price: 282.590000, volume: 39634.000000}
{end time: 2019-12-23T10:55-05:00[America/New_York], close price: 282.580100, open price: 282.610000, low price: 282.540200, high price: 282.670000, volume: 64011.000000}
{end time: 2019-12-23T10:56-05:00[America/New_York], close price: 282.640000, open price: 282.580000, low price: 282.580000, high price: 282.720000, volume: 36684.000000}
{end time: 2019-12-23T10:57-05:00[America/New_York], close price: 282.685100, open price: 282.611400, low price: 282.610000, high price: 282.690500, volume: 37147.000000}
{end time: 2019-12-23T10:58-05:00[America/New_York], close price: 282.689200, open price: 282.690000, low price: 282.670000, high price: 282.720000, volume: 50016.000000}
{end time: 2019-12-23T10:59-05:00[America/New_York], close price: 282.690000, open price: 282.697500, low price: 282.660100, high price: 282.710000, volume: 19043.000000}
{end time: 2019-12-23T11:00-05:00[America/New_York], close price: 282.840000, open price: 282.690000, low price: 282.690000, high price: 282.850000, volume: 68637.000000}
{end time: 2019-12-23T11:01-05:00[America/New_York], close price: 283.030000, open price: 282.830000, low price: 282.820000, high price: 283.030000, volume: 134912.000000}
{end time: 2019-12-23T11:02-05:00[America/New_York], close price: 283.070000, open price: 283.030000, low price: 282.950000, high price: 283.070000, volume: 62588.000000}
{end time: 2019-12-23T11:03-05:00[America/New_York], close price: 283.080000, open price: 283.070000, low price: 282.960000, high price: 283.110000, volume: 60441.000000}
{end time: 2019-12-23T11:04-05:00[America/New_York], close price: 283.215200, open price: 283.080000, low price: 283.030000, high price: 283.230000, volume: 136886.000000}
{end time: 2019-12-23T11:05-05:00[America/New_York], close price: 283.127100, open price: 283.210100, low price: 283.127100, high price: 283.260000, volume: 70833.000000}
{end time: 2019-12-23T11:06-05:00[America/New_York], close price: 283.270000, open price: 283.138300, low price: 283.070200, high price: 283.290000, volume: 78295.000000}
{end time: 2019-12-23T11:07-05:00[America/New_York], close price: 283.240100, open price: 283.259900, low price: 283.170000, high price: 283.270000, volume: 61743.000000}
{end time: 2019-12-23T11:08-05:00[America/New_York], close price: 283.300000, open price: 283.250000, low price: 283.225000, high price: 283.300000, volume: 38618.000000}
{end time: 2019-12-23T11:09-05:00[America/New_York], close price: 283.229900, open price: 283.300000, low price: 283.170000, high price: 283.370000, volume: 80410.000000}
{end time: 2019-12-23T11:10-05:00[America/New_York], close price: 283.227600, open price: 283.217300, low price: 283.170000, high price: 283.300000, volume: 47011.000000}
{end time: 2019-12-23T11:11-05:00[America/New_York], close price: 283.320000, open price: 283.230000, low price: 283.230000, high price: 283.350000, volume: 38009.000000}
{end time: 2019-12-23T11:12-05:00[America/New_York], close price: 283.340000, open price: 283.320000, low price: 283.282900, high price: 283.360000, volume: 34533.000000}
{end time: 2019-12-23T11:13-05:00[America/New_York], close price: 283.261500, open price: 283.350000, low price: 283.240000, high price: 283.370000, volume: 62780.000000}
{end time: 2019-12-23T11:14-05:00[America/New_York], close price: 283.260000, open price: 283.263100, low price: 283.190000, high price: 283.290000, volume: 44918.000000}
{end time: 2019-12-23T11:15-05:00[America/New_York], close price: 283.421500, open price: 283.269900, low price: 283.240000, high price: 283.430000, volume: 64710.000000}
{end time: 2019-12-23T11:16-05:00[America/New_York], close price: 283.380000, open price: 283.410000, low price: 283.332100, high price: 283.430000, volume: 54516.000000}
{end time: 2019-12-23T11:17-05:00[America/New_York], close price: 283.390000, open price: 283.389200, low price: 283.340000, high price: 283.390000, volume: 29789.000000}
{end time: 2019-12-23T11:18-05:00[America/New_York], close price: 283.440000, open price: 283.400000, low price: 283.375000, high price: 283.445000, volume: 33900.000000}
{end time: 2019-12-23T11:19-05:00[America/New_York], close price: 283.521500, open price: 283.424200, low price: 283.420000, high price: 283.550000, volume: 117426.000000}
{end time: 2019-12-23T11:20-05:00[America/New_York], close price: 283.520000, open price: 283.513000, low price: 283.500000, high price: 283.554300, volume: 68952.000000}
{end time: 2019-12-23T11:21-05:00[America/New_York], close price: 283.580000, open price: 283.520000, low price: 283.455000, high price: 283.600000, volume: 73233.000000}
{end time: 2019-12-23T11:22-05:00[America/New_York], close price: 283.673000, open price: 283.580000, low price: 283.579600, high price: 283.720000, volume: 59556.000000}
{end time: 2019-12-23T11:23-05:00[America/New_York], close price: 283.640200, open price: 283.678500, low price: 283.590000, high price: 283.700000, volume: 47476.000000}
{end time: 2019-12-23T11:24-05:00[America/New_York], close price: 283.700000, open price: 283.650000, low price: 283.510000, high price: 283.726000, volume: 62053.000000}
{end time: 2019-12-23T11:25-05:00[America/New_York], close price: 283.660000, open price: 283.700000, low price: 283.610000, high price: 283.760000, volume: 67157.000000}
{end time: 2019-12-23T11:26-05:00[America/New_York], close price: 283.663300, open price: 283.670000, low price: 283.620000, high price: 283.690000, volume: 39871.000000}
{end time: 2019-12-23T11:27-05:00[America/New_York], close price: 283.660000, open price: 283.665000, low price: 283.660000, high price: 283.700000, volume: 43801.000000}
{end time: 2019-12-23T11:28-05:00[America/New_York], close price: 283.580000, open price: 283.670000, low price: 283.540000, high price: 283.700000, volume: 59847.000000}
{end time: 2019-12-23T11:29-05:00[America/New_York], close price: 283.420100, open price: 283.570000, low price: 283.380000, high price: 283.580000, volume: 59712.000000}
{end time: 2019-12-23T11:30-05:00[America/New_York], close price: 283.440000, open price: 283.430000, low price: 283.400000, high price: 283.479900, volume: 32149.000000}
{end time: 2019-12-23T11:31-05:00[America/New_York], close price: 283.560000, open price: 283.442100, low price: 283.442100, high price: 283.639900, volume: 37203.000000}
{end time: 2019-12-23T11:32-05:00[America/New_York], close price: 283.565900, open price: 283.589800, low price: 283.493600, high price: 283.600000, volume: 28715.000000}
{end time: 2019-12-23T11:33-05:00[America/New_York], close price: 283.550000, open price: 283.550000, low price: 283.490000, high price: 283.560000, volume: 26049.000000}
{end time: 2019-12-23T11:34-05:00[America/New_York], close price: 283.540000, open price: 283.545000, low price: 283.500000, high price: 283.576200, volume: 25671.000000}
{end time: 2019-12-23T11:35-05:00[America/New_York], close price: 283.530000, open price: 283.538500, low price: 283.450000, high price: 283.546400, volume: 37902.000000}
{end time: 2019-12-23T11:36-05:00[America/New_York], close price: 283.391800, open price: 283.529300, low price: 283.390000, high price: 283.529900, volume: 39316.000000}
{end time: 2019-12-23T11:37-05:00[America/New_York], close price: 283.340100, open price: 283.400000, low price: 283.331800, high price: 283.460000, volume: 49207.000000}
{end time: 2019-12-23T11:38-05:00[America/New_York], close price: 283.450000, open price: 283.340000, low price: 283.310000, high price: 283.470000, volume: 40282.000000}
{end time: 2019-12-23T11:39-05:00[America/New_York], close price: 283.420600, open price: 283.445700, low price: 283.420000, high price: 283.520000, volume: 35226.000000}
{end time: 2019-12-23T11:40-05:00[America/New_York], close price: 283.440000, open price: 283.430000, low price: 283.395200, high price: 283.450000, volume: 23536.000000}
{end time: 2019-12-23T11:41-05:00[America/New_York], close price: 283.219100, open price: 283.435200, low price: 283.211900, high price: 283.449900, volume: 57539.000000}
{end time: 2019-12-23T11:42-05:00[America/New_York], close price: 283.358500, open price: 283.215000, low price: 283.215000, high price: 283.380000, volume: 27274.000000}
{end time: 2019-12-23T11:43-05:00[America/New_York], close price: 283.400000, open price: 283.350000, low price: 283.310000, high price: 283.405000, volume: 23473.000000}
{end time: 2019-12-23T11:44-05:00[America/New_York], close price: 283.420000, open price: 283.395000, low price: 283.370100, high price: 283.448400, volume: 55639.000000}
{end time: 2019-12-23T11:45-05:00[America/New_York], close price: 283.480000, open price: 283.422600, low price: 283.415100, high price: 283.500000, volume: 44946.000000}
{end time: 2019-12-23T11:46-05:00[America/New_York], close price: 283.420000, open price: 283.480000, low price: 283.410000, high price: 283.510000, volume: 26106.000000}
{end time: 2019-12-23T11:47-05:00[America/New_York], close price: 283.440000, open price: 283.410000, low price: 283.370000, high price: 283.440100, volume: 31844.000000}
{end time: 2019-12-23T11:48-05:00[America/New_York], close price: 283.510000, open price: 283.460000, low price: 283.430000, high price: 283.519000, volume: 24095.000000}
{end time: 2019-12-23T11:49-05:00[America/New_York], close price: 283.522700, open price: 283.520000, low price: 283.490000, high price: 283.600000, volume: 86460.000000}
{end time: 2019-12-23T11:50-05:00[America/New_York], close price: 283.510000, open price: 283.518900, low price: 283.470000, high price: 283.550000, volume: 33336.000000}
{end time: 2019-12-23T11:51-05:00[America/New_York], close price: 283.360000, open price: 283.500100, low price: 283.350000, high price: 283.510000, volume: 25552.000000}
{end time: 2019-12-23T11:52-05:00[America/New_York], close price: 283.330000, open price: 283.351500, low price: 283.270000, high price: 283.380000, volume: 60902.000000}
{end time: 2019-12-23T11:53-05:00[America/New_York], close price: 283.315100, open price: 283.321300, low price: 283.210000, high price: 283.341400, volume: 39138.000000}
{end time: 2019-12-23T11:54-05:00[America/New_York], close price: 283.366700, open price: 283.312700, low price: 283.312700, high price: 283.470000, volume: 69498.000000}
{end time: 2019-12-23T11:55-05:00[America/New_York], close price: 283.255000, open price: 283.364700, low price: 283.250000, high price: 283.380000, volume: 31250.000000}
{end time: 2019-12-23T11:56-05:00[America/New_York], close price: 283.330000, open price: 283.250000, low price: 283.250000, high price: 283.390000, volume: 26186.000000}
{end time: 2019-12-23T11:57-05:00[America/New_York], close price: 283.303500, open price: 283.320000, low price: 283.260000, high price: 283.320000, volume: 12537.000000}
{end time: 2019-12-23T11:58-05:00[America/New_York], close price: 283.480600, open price: 283.312300, low price: 283.312300, high price: 283.480600, volume: 20732.000000}
{end time: 2019-12-23T11:59-05:00[America/New_York], close price: 283.480000, open price: 283.470000, low price: 283.470000, high price: 283.520000, volume: 23787.000000}
{end time: 2019-12-23T12:00-05:00[America/New_York], close price: 283.470000, open price: 283.485000, low price: 283.380000, high price: 283.490000, volume: 38292.000000}
{end time: 2019-12-23T12:01-05:00[America/New_York], close price: 283.580000, open price: 283.490000, low price: 283.470000, high price: 283.580000, volume: 33991.000000}
{end time: 2019-12-23T12:02-05:00[America/New_York], close price: 283.560100, open price: 283.570000, low price: 283.510000, high price: 283.580000, volume: 21636.000000}
{end time: 2019-12-23T12:03-05:00[America/New_York], close price: 283.645300, open price: 283.570800, low price: 283.560000, high price: 283.650000, volume: 30225.000000}
{end time: 2019-12-23T12:04-05:00[America/New_York], close price: 283.611400, open price: 283.646300, low price: 283.600000, high price: 283.646300, volume: 26645.000000}
{end time: 2019-12-23T12:05-05:00[America/New_York], close price: 283.640000, open price: 283.620000, low price: 283.600000, high price: 283.650000, volume: 24555.000000}
{end time: 2019-12-23T12:06-05:00[America/New_York], close price: 283.650000, open price: 283.650000, low price: 283.620000, high price: 283.650000, volume: 36737.000000}
{end time: 2019-12-23T12:07-05:00[America/New_York], close price: 283.690000, open price: 283.650000, low price: 283.630000, high price: 283.700000, volume: 30284.000000}
{end time: 2019-12-23T12:08-05:00[America/New_York], close price: 283.660000, open price: 283.690100, low price: 283.640000, high price: 283.700000, volume: 25932.000000}
{end time: 2019-12-23T12:09-05:00[America/New_York], close price: 283.700000, open price: 283.660000, low price: 283.650000, high price: 283.740000, volume: 40725.000000}
{end time: 2019-12-23T12:10-05:00[America/New_York], close price: 283.670000, open price: 283.705000, low price: 283.660000, high price: 283.720000, volume: 30315.000000}
{end time: 2019-12-23T12:11-05:00[America/New_York], close price: 283.770000, open price: 283.680000, low price: 283.670000, high price: 283.786500, volume: 39262.000000}
{end time: 2019-12-23T12:12-05:00[America/New_York], close price: 283.795000, open price: 283.770000, low price: 283.750000, high price: 283.800000, volume: 45421.000000}
{end time: 2019-12-23T12:13-05:00[America/New_York], close price: 283.860000, open price: 283.791000, low price: 283.791000, high price: 283.890000, volume: 69477.000000}
{end time: 2019-12-23T12:14-05:00[America/New_York], close price: 283.830000, open price: 283.870000, low price: 283.790000, high price: 283.870000, volume: 26892.000000}
{end time: 2019-12-23T12:15-05:00[America/New_York], close price: 283.800000, open price: 283.830000, low price: 283.775000, high price: 283.870000, volume: 39457.000000}
{end time: 2019-12-23T12:16-05:00[America/New_York], close price: 283.830000, open price: 283.796300, low price: 283.780000, high price: 283.830000, volume: 17167.000000}
{end time: 2019-12-23T12:17-05:00[America/New_York], close price: 283.898200, open price: 283.810000, low price: 283.810000, high price: 283.940000, volume: 67387.000000}
{end time: 2019-12-23T12:18-05:00[America/New_York], close price: 283.930000, open price: 283.897300, low price: 283.897300, high price: 283.950000, volume: 21578.000000}
{end time: 2019-12-23T12:19-05:00[America/New_York], close price: 283.949000, open price: 283.940000, low price: 283.930000, high price: 283.960000, volume: 31338.000000}
{end time: 2019-12-23T12:20-05:00[America/New_York], close price: 283.944900, open price: 283.941000, low price: 283.930000, high price: 284.060000, volume: 159609.000000}
{end time: 2019-12-23T12:21-05:00[America/New_York], close price: 283.770000, open price: 283.950000, low price: 283.750000, high price: 283.959900, volume: 58856.000000}
{end time: 2019-12-23T12:22-05:00[America/New_York], close price: 283.727900, open price: 283.766500, low price: 283.720000, high price: 283.780000, volume: 43694.000000}
{end time: 2019-12-23T12:23-05:00[America/New_York], close price: 283.710200, open price: 283.725000, low price: 283.695000, high price: 283.760000, volume: 37594.000000}
{end time: 2019-12-23T12:24-05:00[America/New_York], close price: 283.645000, open price: 283.706400, low price: 283.590000, high price: 283.706400, volume: 39845.000000}
{end time: 2019-12-23T12:25-05:00[America/New_York], close price: 283.680000, open price: 283.642100, low price: 283.638500, high price: 283.709900, volume: 38505.000000}
{end time: 2019-12-23T12:26-05:00[America/New_York], close price: 283.718700, open price: 283.699900, low price: 283.670000, high price: 283.774300, volume: 54711.000000}
{end time: 2019-12-23T12:27-05:00[America/New_York], close price: 283.802500, open price: 283.740000, low price: 283.740000, high price: 283.859900, volume: 40011.000000}
{end time: 2019-12-23T12:28-05:00[America/New_York], close price: 283.767800, open price: 283.800000, low price: 283.760000, high price: 283.840000, volume: 28121.000000}
{end time: 2019-12-23T12:29-05:00[America/New_York], close price: 283.690000, open price: 283.767000, low price: 283.640000, high price: 283.767000, volume: 60222.000000}
{end time: 2019-12-23T12:30-05:00[America/New_York], close price: 283.720000, open price: 283.692000, low price: 283.680000, high price: 283.740000, volume: 34554.000000}
{end time: 2019-12-23T12:31-05:00[America/New_York], close price: 283.807800, open price: 283.710000, low price: 283.710000, high price: 283.840000, volume: 47939.000000}
{end time: 2019-12-23T12:32-05:00[America/New_York], close price: 283.790000, open price: 283.810700, low price: 283.740000, high price: 283.840000, volume: 27331.000000}
{end time: 2019-12-23T12:33-05:00[America/New_York], close price: 283.856800, open price: 283.783700, low price: 283.782900, high price: 283.870000, volume: 33414.000000}
{end time: 2019-12-23T12:34-05:00[America/New_York], close price: 283.813900, open price: 283.850600, low price: 283.740000, high price: 283.860000, volume: 41571.000000}
{end time: 2019-12-23T12:35-05:00[America/New_York], close price: 283.725000, open price: 283.808500, low price: 283.710000, high price: 283.820000, volume: 23373.000000}
{end time: 2019-12-23T12:36-05:00[America/New_York], close price: 283.669900, open price: 283.718900, low price: 283.600000, high price: 283.739900, volume: 49569.000000}
{end time: 2019-12-23T12:37-05:00[America/New_York], close price: 283.560000, open price: 283.663600, low price: 283.550000, high price: 283.670000, volume: 46254.000000}
{end time: 2019-12-23T12:38-05:00[America/New_York], close price: 283.559900, open price: 283.555000, low price: 283.550000, high price: 283.630000, volume: 45176.000000}
{end time: 2019-12-23T12:39-05:00[America/New_York], close price: 283.560000, open price: 283.570000, low price: 283.550000, high price: 283.593100, volume: 17377.000000}
{end time: 2019-12-23T12:40-05:00[America/New_York], close price: 283.580000, open price: 283.560000, low price: 283.550000, high price: 283.600000, volume: 27409.000000}
{end time: 2019-12-23T12:41-05:00[America/New_York], close price: 283.580000, open price: 283.600000, low price: 283.580000, high price: 283.700000, volume: 40390.000000}
{end time: 2019-12-23T12:42-05:00[America/New_York], close price: 283.450000, open price: 283.587700, low price: 283.410000, high price: 283.590000, volume: 46663.000000}
{end time: 2019-12-23T12:43-05:00[America/New_York], close price: 283.539900, open price: 283.450000, low price: 283.450000, high price: 283.539900, volume: 30692.000000}
{end time: 2019-12-23T12:44-05:00[America/New_York], close price: 283.540000, open price: 283.530000, low price: 283.490000, high price: 283.559000, volume: 18630.000000}
{end time: 2019-12-23T12:45-05:00[America/New_York], close price: 283.490000, open price: 283.540600, low price: 283.470000, high price: 283.550000, volume: 17111.000000}
{end time: 2019-12-23T12:46-05:00[America/New_York], close price: 283.504900, open price: 283.485400, low price: 283.430000, high price: 283.530000, volume: 37957.000000}
{end time: 2019-12-23T12:47-05:00[America/New_York], close price: 283.579000, open price: 283.505000, low price: 283.491400, high price: 283.580000, volume: 37167.000000}
{end time: 2019-12-23T12:48-05:00[America/New_York], close price: 283.520000, open price: 283.570000, low price: 283.500000, high price: 283.570000, volume: 16055.000000}
{end time: 2019-12-23T12:49-05:00[America/New_York], close price: 283.620000, open price: 283.530000, low price: 283.500000, high price: 283.625300, volume: 16099.000000}
{end time: 2019-12-23T12:50-05:00[America/New_York], close price: 283.595000, open price: 283.627200, low price: 283.550000, high price: 283.627200, volume: 18361.000000}
{end time: 2019-12-23T12:51-05:00[America/New_York], close price: 283.565000, open price: 283.580700, low price: 283.530000, high price: 283.582200, volume: 16938.000000}
{end time: 2019-12-23T12:52-05:00[America/New_York], close price: 283.590000, open price: 283.560000, low price: 283.560000, high price: 283.609800, volume: 34623.000000}
{end time: 2019-12-23T12:53-05:00[America/New_York], close price: 283.610000, open price: 283.599900, low price: 283.580000, high price: 283.650000, volume: 20558.000000}
{end time: 2019-12-23T12:54-05:00[America/New_York], close price: 283.530000, open price: 283.600000, low price: 283.529800, high price: 283.610000, volume: 23131.000000}
{end time: 2019-12-23T12:55-05:00[America/New_York], close price: 283.570000, open price: 283.535000, low price: 283.495000, high price: 283.570000, volume: 23502.000000}
{end time: 2019-12-23T12:56-05:00[America/New_York], close price: 283.518400, open price: 283.561800, low price: 283.510000, high price: 283.567200, volume: 10168.000000}
{end time: 2019-12-23T12:57-05:00[America/New_York], close price: 283.500000, open price: 283.510000, low price: 283.492300, high price: 283.530000, volume: 21671.000000}
{end time: 2019-12-23T12:58-05:00[America/New_York], close price: 283.497300, open price: 283.490000, low price: 283.480000, high price: 283.519100, volume: 12825.000000}
{end time: 2019-12-23T12:59-05:00[America/New_York], close price: 283.550000, open price: 283.484700, low price: 283.484700, high price: 283.573700, volume: 22702.000000}
{end time: 2019-12-23T13:00-05:00[America/New_York], close price: 283.566300, open price: 283.536700, low price: 283.520000, high price: 283.579900, volume: 16657.000000}
{end time: 2019-12-23T13:01-05:00[America/New_York], close price: 283.588600, open price: 283.580000, low price: 283.530000, high price: 283.590000, volume: 18642.000000}
{end time: 2019-12-23T13:02-05:00[America/New_York], close price: 283.580000, open price: 283.580000, low price: 283.570000, high price: 283.625000, volume: 18353.000000}
{end time: 2019-12-23T13:03-05:00[America/New_York], close price: 283.531200, open price: 283.570000, low price: 283.510000, high price: 283.580000, volume: 28234.000000}
{end time: 2019-12-23T13:04-05:00[America/New_York], close price: 283.501200, open price: 283.540000, low price: 283.490000, high price: 283.570000, volume: 18156.000000}
{end time: 2019-12-23T13:05-05:00[America/New_York], close price: 283.480000, open price: 283.491000, low price: 283.450000, high price: 283.500000, volume: 17301.000000}
{end time: 2019-12-23T13:06-05:00[America/New_York], close price: 283.539900, open price: 283.487000, low price: 283.460000, high price: 283.570000, volume: 25625.000000}
{end time: 2019-12-23T13:07-05:00[America/New_York], close price: 283.540000, open price: 283.530200, low price: 283.510000, high price: 283.565000, volume: 14798.000000}
{end time: 2019-12-23T13:08-05:00[America/New_York], close price: 283.540000, open price: 283.558700, low price: 283.505000, high price: 283.560000, volume: 20630.000000}
{end time: 2019-12-23T13:09-05:00[America/New_York], close price: 283.530000, open price: 283.539900, low price: 283.490000, high price: 283.556900, volume: 16656.000000}
{end time: 2019-12-23T13:10-05:00[America/New_York], close price: 283.465000, open price: 283.530000, low price: 283.450000, high price: 283.560000, volume: 22297.000000}
{end time: 2019-12-23T13:11-05:00[America/New_York], close price: 283.470000, open price: 283.470000, low price: 283.450000, high price: 283.493400, volume: 20301.000000}
{end time: 2019-12-23T13:12-05:00[America/New_York], close price: 283.569900, open price: 283.475000, low price: 283.475000, high price: 283.580000, volume: 23027.000000}
{end time: 2019-12-23T13:13-05:00[America/New_York], close price: 283.565000, open price: 283.565000, low price: 283.560000, high price: 283.610000, volume: 17259.000000}
{end time: 2019-12-23T13:14-05:00[America/New_York], close price: 283.590000, open price: 283.565000, low price: 283.565000, high price: 283.600000, volume: 13706.000000}
{end time: 2019-12-23T13:15-05:00[America/New_York], close price: 283.605000, open price: 283.582000, low price: 283.570000, high price: 283.610000, volume: 18002.000000}
{end time: 2019-12-23T13:16-05:00[America/New_York], close price: 283.642700, open price: 283.610000, low price: 283.590000, high price: 283.650000, volume: 16841.000000}
{end time: 2019-12-23T13:17-05:00[America/New_York], close price: 283.630200, open price: 283.640100, low price: 283.610000, high price: 283.649900, volume: 11264.000000}
{end time: 2019-12-23T13:18-05:00[America/New_York], close price: 283.675000, open price: 283.635000, low price: 283.630000, high price: 283.750000, volume: 43670.000000}
{end time: 2019-12-23T13:19-05:00[America/New_York], close price: 283.695000, open price: 283.680000, low price: 283.675000, high price: 283.710000, volume: 21306.000000}
{end time: 2019-12-23T13:20-05:00[America/New_York], close price: 283.785000, open price: 283.700000, low price: 283.695000, high price: 283.820000, volume: 30236.000000}
{end time: 2019-12-23T13:21-05:00[America/New_York], close price: 283.810000, open price: 283.782600, low price: 283.720000, high price: 283.820000, volume: 26608.000000}
{end time: 2019-12-23T13:22-05:00[America/New_York], close price: 283.840000, open price: 283.820000, low price: 283.770000, high price: 283.860000, volume: 34512.000000}
{end time: 2019-12-23T13:23-05:00[America/New_York], close price: 283.790000, open price: 283.832400, low price: 283.750100, high price: 283.832400, volume: 22589.000000}
{end time: 2019-12-23T13:24-05:00[America/New_York], close price: 283.775000, open price: 283.796500, low price: 283.730000, high price: 283.796500, volume: 25094.000000}
{end time: 2019-12-23T13:25-05:00[America/New_York], close price: 283.800000, open price: 283.777300, low price: 283.756500, high price: 283.810000, volume: 22187.000000}
{end time: 2019-12-23T13:26-05:00[America/New_York], close price: 283.880000, open price: 283.780000, low price: 283.780000, high price: 283.930000, volume: 32024.000000}
{end time: 2019-12-23T13:27-05:00[America/New_York], close price: 283.890000, open price: 283.870000, low price: 283.870000, high price: 283.940000, volume: 24648.000000}
{end time: 2019-12-23T13:28-05:00[America/New_York], close price: 283.859000, open price: 283.884900, low price: 283.848100, high price: 283.892400, volume: 23680.000000}
{end time: 2019-12-23T13:29-05:00[America/New_York], close price: 283.860000, open price: 283.850000, low price: 283.822300, high price: 283.890000, volume: 27926.000000}
{end time: 2019-12-23T13:30-05:00[America/New_York], close price: 283.900000, open price: 283.855000, low price: 283.855000, high price: 283.910000, volume: 98691.000000}
{end time: 2019-12-23T13:31-05:00[America/New_York], close price: 283.959900, open price: 283.900000, low price: 283.880000, high price: 283.960000, volume: 27604.000000}
{end time: 2019-12-23T13:32-05:00[America/New_York], close price: 283.930400, open price: 283.960000, low price: 283.890000, high price: 283.970000, volume: 20067.000000}
{end time: 2019-12-23T13:33-05:00[America/New_York], close price: 283.880000, open price: 283.925000, low price: 283.870000, high price: 283.940000, volume: 19849.000000}
{end time: 2019-12-23T13:34-05:00[America/New_York], close price: 283.880000, open price: 283.882100, low price: 283.880000, high price: 283.930000, volume: 9004.000000}
{end time: 2019-12-23T13:35-05:00[America/New_York], close price: 283.865000, open price: 283.890600, low price: 283.850000, high price: 283.900000, volume: 10096.000000}
{end time: 2019-12-23T13:36-05:00[America/New_York], close price: 283.852400, open price: 283.860000, low price: 283.808600, high price: 283.860000, volume: 15284.000000}
{end time: 2019-12-23T13:37-05:00[America/New_York], close price: 283.830000, open price: 283.857400, low price: 283.830000, high price: 283.870000, volume: 11766.000000}
{end time: 2019-12-23T13:38-05:00[America/New_York], close price: 283.761300, open price: 283.810000, low price: 283.760000, high price: 283.810400, volume: 14494.000000}
{end time: 2019-12-23T13:39-05:00[America/New_York], close price: 283.781300, open price: 283.764800, low price: 283.760000, high price: 283.790000, volume: 17191.000000}
{end time: 2019-12-23T13:40-05:00[America/New_York], close price: 283.790000, open price: 283.790000, low price: 283.770000, high price: 283.820000, volume: 15304.000000}
{end time: 2019-12-23T13:41-05:00[America/New_York], close price: 283.780000, open price: 283.794600, low price: 283.770000, high price: 283.810000, volume: 275321.000000}
{end time: 2019-12-23T13:42-05:00[America/New_York], close price: 283.760000, open price: 283.770000, low price: 283.760000, high price: 283.780000, volume: 8021.000000}
{end time: 2019-12-23T13:43-05:00[America/New_York], close price: 283.758000, open price: 283.765000, low price: 283.758000, high price: 283.770000, volume: 17367.000000}
{end time: 2019-12-23T13:44-05:00[America/New_York], close price: 283.725000, open price: 283.750000, low price: 283.720000, high price: 283.750000, volume: 30420.000000}
{end time: 2019-12-23T13:45-05:00[America/New_York], close price: 283.745700, open price: 283.720000, low price: 283.700000, high price: 283.750000, volume: 16216.000000}
{end time: 2019-12-23T13:46-05:00[America/New_York], close price: 283.754400, open price: 283.750000, low price: 283.749300, high price: 283.800000, volume: 20892.000000}
{end time: 2019-12-23T13:47-05:00[America/New_York], close price: 283.795000, open price: 283.750000, low price: 283.730000, high price: 283.795000, volume: 16615.000000}
{end time: 2019-12-23T13:48-05:00[America/New_York], close price: 283.750000, open price: 283.800000, low price: 283.700000, high price: 283.800000, volume: 27126.000000}
{end time: 2019-12-23T13:49-05:00[America/New_York], close price: 283.735000, open price: 283.750000, low price: 283.710000, high price: 283.760000, volume: 16114.000000}
{end time: 2019-12-23T13:50-05:00[America/New_York], close price: 283.759900, open price: 283.736300, low price: 283.720000, high price: 283.770000, volume: 23333.000000}
{end time: 2019-12-23T13:51-05:00[America/New_York], close price: 283.755000, open price: 283.750000, low price: 283.735000, high price: 283.760000, volume: 12026.000000}
{end time: 2019-12-23T13:52-05:00[America/New_York], close price: 283.660000, open price: 283.751200, low price: 283.660000, high price: 283.765000, volume: 27509.000000}
{end time: 2019-12-23T13:53-05:00[America/New_York], close price: 283.694000, open price: 283.660000, low price: 283.650000, high price: 283.735000, volume: 47512.000000}
{end time: 2019-12-23T13:54-05:00[America/New_York], close price: 283.710700, open price: 283.689300, low price: 283.670000, high price: 283.710700, volume: 14370.000000}
{end time: 2019-12-23T13:55-05:00[America/New_York], close price: 283.704400, open price: 283.710000, low price: 283.690000, high price: 283.720000, volume: 11724.000000}
{end time: 2019-12-23T13:56-05:00[America/New_York], close price: 283.680000, open price: 283.706600, low price: 283.650000, high price: 283.720000, volume: 24878.000000}
{end time: 2019-12-23T13:57-05:00[America/New_York], close price: 283.630000, open price: 283.680000, low price: 283.600100, high price: 283.681900, volume: 20460.000000}
{end time: 2019-12-23T13:58-05:00[America/New_York], close price: 283.660000, open price: 283.637500, low price: 283.580000, high price: 283.664700, volume: 18559.000000}
{end time: 2019-12-23T13:59-05:00[America/New_York], close price: 283.670000, open price: 283.655000, low price: 283.649300, high price: 283.700000, volume: 18908.000000}
{end time: 2019-12-23T14:00-05:00[America/New_York], close price: 283.650000, open price: 283.682400, low price: 283.610000, high price: 283.690000, volume: 17480.000000}
{end time: 2019-12-23T14:01-05:00[America/New_York], close price: 283.730000, open price: 283.665300, low price: 283.660000, high price: 283.739900, volume: 18879.000000}
{end time: 2019-12-23T14:02-05:00[America/New_York], close price: 283.849000, open price: 283.735000, low price: 283.715800, high price: 283.850000, volume: 45155.000000}
{end time: 2019-12-23T14:03-05:00[America/New_York], close price: 283.772100, open price: 283.841000, low price: 283.760000, high price: 283.841000, volume: 24295.000000}
{end time: 2019-12-23T14:04-05:00[America/New_York], close price: 283.835000, open price: 283.775500, low price: 283.766000, high price: 283.850000, volume: 19988.000000}
{end time: 2019-12-23T14:05-05:00[America/New_York], close price: 283.825200, open price: 283.815900, low price: 283.806000, high price: 283.830000, volume: 7647.000000}
{end time: 2019-12-23T14:06-05:00[America/New_York], close price: 283.820000, open price: 283.829000, low price: 283.810000, high price: 283.847000, volume: 15877.000000}
{end time: 2019-12-23T14:07-05:00[America/New_York], close price: 283.969900, open price: 283.838000, low price: 283.830000, high price: 283.990000, volume: 54649.000000}
{end time: 2019-12-23T14:08-05:00[America/New_York], close price: 283.990000, open price: 283.970000, low price: 283.963300, high price: 284.040000, volume: 74845.000000}
{end time: 2019-12-23T14:09-05:00[America/New_York], close price: 283.977400, open price: 283.985000, low price: 283.970000, high price: 284.020000, volume: 28368.000000}
{end time: 2019-12-23T14:10-05:00[America/New_York], close price: 283.940000, open price: 283.980000, low price: 283.940000, high price: 284.000000, volume: 28813.000000}
{end time: 2019-12-23T14:11-05:00[America/New_York], close price: 283.980000, open price: 283.930000, low price: 283.922000, high price: 283.990000, volume: 29539.000000}
{end time: 2019-12-23T14:12-05:00[America/New_York], close price: 283.975100, open price: 283.975000, low price: 283.919400, high price: 283.982000, volume: 20169.000000}
{end time: 2019-12-23T14:13-05:00[America/New_York], close price: 284.089700, open price: 283.975000, low price: 283.970000, high price: 284.090000, volume: 49048.000000}
{end time: 2019-12-23T14:14-05:00[America/New_York], close price: 284.159900, open price: 284.090000, low price: 284.080000, high price: 284.220000, volume: 78786.000000}
{end time: 2019-12-23T14:15-05:00[America/New_York], close price: 284.130000, open price: 284.156700, low price: 284.130000, high price: 284.190000, volume: 54813.000000}
{end time: 2019-12-23T14:16-05:00[America/New_York], close price: 284.180000, open price: 284.130000, low price: 284.120000, high price: 284.198600, volume: 23370.000000}
{end time: 2019-12-23T14:17-05:00[America/New_York], close price: 284.131500, open price: 284.180000, low price: 284.120000, high price: 284.190000, volume: 32705.000000}
{end time: 2019-12-23T14:18-05:00[America/New_York], close price: 284.087500, open price: 284.125000, low price: 284.080000, high price: 284.140000, volume: 20653.000000}
{end time: 2019-12-23T14:19-05:00[America/New_York], close price: 284.082300, open price: 284.089900, low price: 284.080000, high price: 284.110000, volume: 15903.000000}
{end time: 2019-12-23T14:20-05:00[America/New_York], close price: 284.050000, open price: 284.089900, low price: 284.030000, high price: 284.090000, volume: 26804.000000}
{end time: 2019-12-23T14:21-05:00[America/New_York], close price: 284.030000, open price: 284.060000, low price: 284.000000, high price: 284.110000, volume: 29872.000000}
{end time: 2019-12-23T14:22-05:00[America/New_York], close price: 283.980000, open price: 284.010000, low price: 283.961000, high price: 284.037500, volume: 23915.000000}
{end time: 2019-12-23T14:23-05:00[America/New_York], close price: 283.995000, open price: 283.970000, low price: 283.960000, high price: 284.006900, volume: 14542.000000}
{end time: 2019-12-23T14:24-05:00[America/New_York], close price: 284.020000, open price: 283.990000, low price: 283.920000, high price: 284.030000, volume: 21401.000000}
{end time: 2019-12-23T14:25-05:00[America/New_York], close price: 284.000000, open price: 284.020000, low price: 283.990000, high price: 284.050000, volume: 18960.000000}
{end time: 2019-12-23T14:26-05:00[America/New_York], close price: 283.945600, open price: 283.990000, low price: 283.920000, high price: 284.000000, volume: 23117.000000}
{end time: 2019-12-23T14:27-05:00[America/New_York], close price: 283.960000, open price: 283.945000, low price: 283.920700, high price: 283.979800, volume: 13754.000000}
{end time: 2019-12-23T14:28-05:00[America/New_York], close price: 283.950000, open price: 283.950000, low price: 283.928600, high price: 283.990000, volume: 16974.000000}
{end time: 2019-12-23T14:29-05:00[America/New_York], close price: 284.028500, open price: 283.960000, low price: 283.960000, high price: 284.040000, volume: 19878.000000}
{end time: 2019-12-23T14:30-05:00[America/New_York], close price: 284.059900, open price: 284.020000, low price: 284.020000, high price: 284.090000, volume: 30639.000000}
{end time: 2019-12-23T14:31-05:00[America/New_York], close price: 284.090500, open price: 284.054700, low price: 284.050000, high price: 284.100000, volume: 11974.000000}
{end time: 2019-12-23T14:32-05:00[America/New_York], close price: 284.085700, open price: 284.090000, low price: 284.050000, high price: 284.090000, volume: 16959.000000}
{end time: 2019-12-23T14:33-05:00[America/New_York], close price: 284.100000, open price: 284.095000, low price: 284.080000, high price: 284.120000, volume: 15363.000000}
{end time: 2019-12-23T14:34-05:00[America/New_York], close price: 284.090000, open price: 284.100000, low price: 284.080000, high price: 284.108500, volume: 10207.000000}
{end time: 2019-12-23T14:35-05:00[America/New_York], close price: 284.040000, open price: 284.090000, low price: 284.040000, high price: 284.110000, volume: 20875.000000}
{end time: 2019-12-23T14:36-05:00[America/New_York], close price: 284.097700, open price: 284.040000, low price: 284.040000, high price: 284.120000, volume: 22802.000000}
{end time: 2019-12-23T14:37-05:00[America/New_York], close price: 284.060000, open price: 284.080000, low price: 284.039800, high price: 284.080000, volume: 17012.000000}
{end time: 2019-12-23T14:38-05:00[America/New_York], close price: 284.040000, open price: 284.057100, low price: 284.030000, high price: 284.070000, volume: 11200.000000}
{end time: 2019-12-23T14:39-05:00[America/New_York], close price: 284.066500, open price: 284.040000, low price: 284.040000, high price: 284.080000, volume: 12922.000000}
{end time: 2019-12-23T14:40-05:00[America/New_York], close price: 284.062300, open price: 284.070000, low price: 284.040000, high price: 284.090000, volume: 29283.000000}
{end time: 2019-12-23T14:41-05:00[America/New_York], close price: 284.030000, open price: 284.051500, low price: 284.020000, high price: 284.060400, volume: 17749.000000}
{end time: 2019-12-23T14:42-05:00[America/New_York], close price: 284.100000, open price: 284.029900, low price: 284.020000, high price: 284.100000, volume: 17541.000000}
{end time: 2019-12-23T14:43-05:00[America/New_York], close price: 284.056500, open price: 284.090000, low price: 284.010000, high price: 284.100000, volume: 22515.000000}
{end time: 2019-12-23T14:44-05:00[America/New_York], close price: 284.008800, open price: 284.050000, low price: 283.950000, high price: 284.050000, volume: 32846.000000}
{end time: 2019-12-23T14:45-05:00[America/New_York], close price: 284.030000, open price: 284.000400, low price: 284.000000, high price: 284.040000, volume: 8619.000000}
{end time: 2019-12-23T14:46-05:00[America/New_York], close price: 284.060000, open price: 284.030000, low price: 284.030000, high price: 284.060000, volume: 16240.000000}
{end time: 2019-12-23T14:47-05:00[America/New_York], close price: 284.070000, open price: 284.070000, low price: 284.060000, high price: 284.120000, volume: 25182.000000}
{end time: 2019-12-23T14:48-05:00[America/New_York], close price: 284.121400, open price: 284.079200, low price: 284.060000, high price: 284.130000, volume: 10143.000000}
{end time: 2019-12-23T14:49-05:00[America/New_York], close price: 284.060000, open price: 284.114100, low price: 284.060000, high price: 284.130000, volume: 17358.000000}
{end time: 2019-12-23T14:50-05:00[America/New_York], close price: 284.030000, open price: 284.054700, low price: 284.030000, high price: 284.080000, volume: 17202.000000}
{end time: 2019-12-23T14:51-05:00[America/New_York], close price: 284.030000, open price: 284.040000, low price: 284.000000, high price: 284.060000, volume: 14613.000000}
{end time: 2019-12-23T14:52-05:00[America/New_York], close price: 284.090000, open price: 284.040000, low price: 284.040000, high price: 284.110000, volume: 25175.000000}
{end time: 2019-12-23T14:53-05:00[America/New_York], close price: 284.070000, open price: 284.090000, low price: 284.060000, high price: 284.094800, volume: 16891.000000}
{end time: 2019-12-23T14:54-05:00[America/New_York], close price: 284.020000, open price: 284.070000, low price: 284.010000, high price: 284.082900, volume: 18182.000000}
{end time: 2019-12-23T14:55-05:00[America/New_York], close price: 284.033000, open price: 284.030000, low price: 283.990000, high price: 284.040000, volume: 24540.000000}
{end time: 2019-12-23T14:56-05:00[America/New_York], close price: 284.060000, open price: 284.037000, low price: 284.030000, high price: 284.080000, volume: 28288.000000}
{end time: 2019-12-23T14:57-05:00[America/New_York], close price: 284.020000, open price: 284.060000, low price: 284.020000, high price: 284.070000, volume: 12795.000000}
{end time: 2019-12-23T14:58-05:00[America/New_York], close price: 284.075000, open price: 284.050000, low price: 284.020000, high price: 284.075900, volume: 14180.000000}
{end time: 2019-12-23T14:59-05:00[America/New_York], close price: 284.080000, open price: 284.060000, low price: 284.030200, high price: 284.080000, volume: 21470.000000}
{end time: 2019-12-23T15:00-05:00[America/New_York], close price: 284.100000, open price: 284.080000, low price: 284.080000, high price: 284.121400, volume: 22979.000000}
{end time: 2019-12-23T15:01-05:00[America/New_York], close price: 284.100000, open price: 284.100000, low price: 284.070000, high price: 284.110000, volume: 11816.000000}
{end time: 2019-12-23T15:02-05:00[America/New_York], close price: 284.100000, open price: 284.100000, low price: 284.080000, high price: 284.130000, volume: 17428.000000}
{end time: 2019-12-23T15:03-05:00[America/New_York], close price: 284.120000, open price: 284.100000, low price: 284.100000, high price: 284.130000, volume: 18832.000000}
{end time: 2019-12-23T15:04-05:00[America/New_York], close price: 284.120000, open price: 284.110000, low price: 284.100000, high price: 284.140000, volume: 27643.000000}
{end time: 2019-12-23T15:05-05:00[America/New_York], close price: 284.180000, open price: 284.110000, low price: 284.100000, high price: 284.190000, volume: 25777.000000}
{end time: 2019-12-23T15:06-05:00[America/New_York], close price: 284.220000, open price: 284.180000, low price: 284.180000, high price: 284.250000, volume: 61896.000000}
{end time: 2019-12-23T15:07-05:00[America/New_York], close price: 284.135000, open price: 284.228300, low price: 284.121800, high price: 284.231200, volume: 24053.000000}
{end time: 2019-12-23T15:08-05:00[America/New_York], close price: 284.100000, open price: 284.130300, low price: 284.100000, high price: 284.159000, volume: 29843.000000}
{end time: 2019-12-23T15:09-05:00[America/New_York], close price: 284.100000, open price: 284.100000, low price: 284.100000, high price: 284.115500, volume: 26016.000000}
{end time: 2019-12-23T15:10-05:00[America/New_York], close price: 284.100000, open price: 284.102500, low price: 284.090000, high price: 284.130000, volume: 24669.000000}
{end time: 2019-12-23T15:11-05:00[America/New_York], close price: 284.135000, open price: 284.105000, low price: 284.100000, high price: 284.135400, volume: 17984.000000}
{end time: 2019-12-23T15:12-05:00[America/New_York], close price: 284.190000, open price: 284.140000, low price: 284.130000, high price: 284.200000, volume: 45307.000000}
{end time: 2019-12-23T15:13-05:00[America/New_York], close price: 284.150000, open price: 284.190000, low price: 284.145000, high price: 284.190000, volume: 38742.000000}
{end time: 2019-12-23T15:14-05:00[America/New_York], close price: 284.080000, open price: 284.160000, low price: 284.060000, high price: 284.160000, volume: 45814.000000}
{end time: 2019-12-23T15:15-05:00[America/New_York], close price: 284.000000, open price: 284.080000, low price: 283.970000, high price: 284.080000, volume: 50161.000000}
{end time: 2019-12-23T15:16-05:00[America/New_York], close price: 283.981400, open price: 283.984600, low price: 283.940000, high price: 284.009900, volume: 28734.000000}
{end time: 2019-12-23T15:17-05:00[America/New_York], close price: 283.929900, open price: 283.976900, low price: 283.900000, high price: 284.000000, volume: 65953.000000}
{end time: 2019-12-23T15:18-05:00[America/New_York], close price: 283.995000, open price: 283.930000, low price: 283.930000, high price: 284.000000, volume: 24608.000000}
{end time: 2019-12-23T15:19-05:00[America/New_York], close price: 283.900000, open price: 283.994100, low price: 283.900000, high price: 283.995200, volume: 27210.000000}
{end time: 2019-12-23T15:20-05:00[America/New_York], close price: 283.930000, open price: 283.900000, low price: 283.890000, high price: 283.930000, volume: 34049.000000}
{end time: 2019-12-23T15:21-05:00[America/New_York], close price: 283.940000, open price: 283.924100, low price: 283.890000, high price: 283.950000, volume: 38462.000000}
{end time: 2019-12-23T15:22-05:00[America/New_York], close price: 283.960000, open price: 283.930000, low price: 283.900000, high price: 283.980000, volume: 20836.000000}
{end time: 2019-12-23T15:23-05:00[America/New_York], close price: 283.930000, open price: 283.954300, low price: 283.930000, high price: 283.970000, volume: 21810.000000}
{end time: 2019-12-23T15:24-05:00[America/New_York], close price: 283.950000, open price: 283.935000, low price: 283.930000, high price: 283.970000, volume: 22484.000000}
{end time: 2019-12-23T15:25-05:00[America/New_York], close price: 284.020000, open price: 283.960000, low price: 283.950000, high price: 284.040000, volume: 47485.000000}
{end time: 2019-12-23T15:26-05:00[America/New_York], close price: 283.990000, open price: 284.020000, low price: 283.960000, high price: 284.020000, volume: 15469.000000}
{end time: 2019-12-23T15:27-05:00[America/New_York], close price: 283.990000, open price: 283.995000, low price: 283.990000, high price: 284.050000, volume: 29907.000000}
{end time: 2019-12-23T15:28-05:00[America/New_York], close price: 284.040000, open price: 283.990000, low price: 283.980000, high price: 284.049900, volume: 16763.000000}
{end time: 2019-12-23T15:29-05:00[America/New_York], close price: 283.970200, open price: 284.039900, low price: 283.970000, high price: 284.040000, volume: 22235.000000}
{end time: 2019-12-23T15:30-05:00[America/New_York], close price: 283.970000, open price: 283.973000, low price: 283.910000, high price: 283.980200, volume: 39985.000000}
{end time: 2019-12-23T15:31-05:00[America/New_York], close price: 283.900000, open price: 283.975000, low price: 283.900000, high price: 283.980000, volume: 27180.000000}
{end time: 2019-12-23T15:32-05:00[America/New_York], close price: 283.770000, open price: 283.900000, low price: 283.760000, high price: 283.910000, volume: 69253.000000}
{end time: 2019-12-23T15:33-05:00[America/New_York], close price: 283.840000, open price: 283.790000, low price: 283.790000, high price: 283.880000, volume: 33813.000000}
{end time: 2019-12-23T15:34-05:00[America/New_York], close price: 283.830000, open price: 283.850000, low price: 283.770000, high price: 283.850000, volume: 26011.000000}
{end time: 2019-12-23T15:35-05:00[America/New_York], close price: 283.730000, open price: 283.830000, low price: 283.730000, high price: 283.840000, volume: 44253.000000}
{end time: 2019-12-23T15:36-05:00[America/New_York], close price: 283.650000, open price: 283.740000, low price: 283.639000, high price: 283.780000, volume: 42435.000000}
{end time: 2019-12-23T15:37-05:00[America/New_York], close price: 283.675000, open price: 283.660000, low price: 283.655000, high price: 283.726100, volume: 28320.000000}
{end time: 2019-12-23T15:38-05:00[America/New_York], close price: 283.680000, open price: 283.680000, low price: 283.670000, high price: 283.710000, volume: 28767.000000}
{end time: 2019-12-23T15:39-05:00[America/New_York], close price: 283.630000, open price: 283.685000, low price: 283.610000, high price: 283.700000, volume: 43271.000000}
{end time: 2019-12-23T15:40-05:00[America/New_York], close price: 283.690000, open price: 283.630000, low price: 283.620000, high price: 283.700000, volume: 42809.000000}
{end time: 2019-12-23T15:41-05:00[America/New_York], close price: 283.750000, open price: 283.680000, low price: 283.630000, high price: 283.800000, volume: 49185.000000}
{end time: 2019-12-23T15:42-05:00[America/New_York], close price: 283.700000, open price: 283.742000, low price: 283.700000, high price: 283.755000, volume: 32000.000000}
{end time: 2019-12-23T15:43-05:00[America/New_York], close price: 283.674400, open price: 283.700000, low price: 283.650000, high price: 283.759900, volume: 42150.000000}
{end time: 2019-12-23T15:44-05:00[America/New_York], close price: 283.686700, open price: 283.670000, low price: 283.643200, high price: 283.720000, volume: 55251.000000}
{end time: 2019-12-23T15:45-05:00[America/New_York], close price: 283.777200, open price: 283.682000, low price: 283.682000, high price: 283.819800, volume: 75191.000000}
{end time: 2019-12-23T15:46-05:00[America/New_York], close price: 283.820000, open price: 283.775000, low price: 283.710000, high price: 283.840000, volume: 38723.000000}
{end time: 2019-12-23T15:47-05:00[America/New_York], close price: 283.720000, open price: 283.817600, low price: 283.720000, high price: 283.820000, volume: 33515.000000}
{end time: 2019-12-23T15:48-05:00[America/New_York], close price: 283.630000, open price: 283.727400, low price: 283.616700, high price: 283.730000, volume: 63207.000000}
{end time: 2019-12-23T15:49-05:00[America/New_York], close price: 283.640000, open price: 283.640000, low price: 283.550000, high price: 283.662400, volume: 57239.000000}
{end time: 2019-12-23T15:50-05:00[America/New_York], close price: 283.660000, open price: 283.650000, low price: 283.610000, high price: 283.820000, volume: 104115.000000}
{end time: 2019-12-23T15:51-05:00[America/New_York], close price: 283.590000, open price: 283.665000, low price: 283.550000, high price: 283.690000, volume: 53848.000000}
{end time: 2019-12-23T15:52-05:00[America/New_York], close price: 283.710000, open price: 283.600000, low price: 283.560000, high price: 283.730000, volume: 63977.000000}
{end time: 2019-12-23T15:53-05:00[America/New_York], close price: 283.644200, open price: 283.690000, low price: 283.620000, high price: 283.760000, volume: 46811.000000}
{end time: 2019-12-23T15:54-05:00[America/New_York], close price: 283.730000, open price: 283.650000, low price: 283.600000, high price: 283.750000, volume: 70263.000000}
{end time: 2019-12-23T15:55-05:00[America/New_York], close price: 284.000000, open price: 283.730000, low price: 283.720000, high price: 284.000000, volume: 144166.000000}
{end time: 2019-12-23T15:56-05:00[America/New_York], close price: 284.040000, open price: 284.000000, low price: 283.980000, high price: 284.130000, volume: 125760.000000}
{end time: 2019-12-23T15:57-05:00[America/New_York], close price: 284.120000, open price: 284.050000, low price: 284.010000, high price: 284.150000, volume: 120966.000000}
{end time: 2019-12-23T15:58-05:00[America/New_York], close price: 283.985000, open price: 284.110000, low price: 283.950000, high price: 284.120000, volume: 128772.000000}
{end time: 2019-12-23T15:59-05:00[America/New_York], close price: 283.970000, open price: 283.990000, low price: 283.930000, high price: 284.080000, volume: 228469.000000}
{end time: 2019-12-23T16:00-05:00[America/New_York], close price: 284.020000, open price: 284.000000, low price: 283.980000, high price: 284.020000, volume: 699173.000000}
{end time: 2019-12-23T16:01-05:00[America/New_York], close price: 284.000000, open price: 283.989900, low price: 283.980000, high price: 284.000000, volume: 4619.000000}
{end time: 2019-12-23T16:03-05:00[America/New_York], close price: 284.070000, open price: 284.050000, low price: 284.050000, high price: 284.070000, volume: 2212.000000}
{end time: 2019-12-23T16:04-05:00[America/New_York], close price: 284.000100, open price: 284.010000, low price: 284.000100, high price: 284.010000, volume: 961.000000}
{end time: 2019-12-23T16:05-05:00[America/New_York], close price: 284.080000, open price: 284.070000, low price: 284.070000, high price: 284.080000, volume: 860.000000}
{end time: 2019-12-23T16:06-05:00[America/New_York], close price: 284.080000, open price: 284.090000, low price: 284.080000, high price: 284.100000, volume: 1608.000000}
{end time: 2019-12-23T16:07-05:00[America/New_York], close price: 284.080000, open price: 284.100000, low price: 284.080000, high price: 284.100000, volume: 2023.000000}
{end time: 2019-12-23T16:08-05:00[America/New_York], close price: 284.150000, open price: 284.130000, low price: 284.130000, high price: 284.150000, volume: 3204.000000}
{end time: 2019-12-23T16:09-05:00[America/New_York], close price: 284.200000, open price: 284.190000, low price: 284.180000, high price: 284.200000, volume: 3746.000000}
{end time: 2019-12-23T16:10-05:00[America/New_York], close price: 284.100000, open price: 284.100000, low price: 284.100000, high price: 284.100000, volume: 475.000000}
{end time: 2019-12-23T16:12-05:00[America/New_York], close price: 284.150000, open price: 284.180000, low price: 284.150000, high price: 284.180000, volume: 456.000000}
{end time: 2019-12-23T16:15-05:00[America/New_York], close price: 284.060000, open price: 284.000000, low price: 284.000000, high price: 284.100000, volume: 145912.000000}
{end time: 2019-12-23T16:17-05:00[America/New_York], close price: 284.100000, open price: 284.100000, low price: 284.100000, high price: 284.100000, volume: 556.000000}
{end time: 2019-12-23T16:20-05:00[America/New_York], close price: 284.000000, open price: 284.100000, low price: 284.000000, high price: 284.100000, volume: 628256.000000}
{end time: 2019-12-23T16:21-05:00[America/New_York], close price: 284.000000, open price: 284.060000, low price: 284.000000, high price: 284.060000, volume: 4551.000000}
{end time: 2019-12-23T16:22-05:00[America/New_York], close price: 284.160000, open price: 284.130000, low price: 284.130000, high price: 284.160000, volume: 5088.000000}
{end time: 2019-12-23T16:24-05:00[America/New_York], close price: 284.090000, open price: 284.100000, low price: 284.090000, high price: 284.100000, volume: 1101.000000}
{end time: 2019-12-23T16:30-05:00[America/New_York], close price: 284.140000, open price: 284.140000, low price: 284.140000, high price: 284.140000, volume: 556.000000}
{end time: 2019-12-23T16:33-05:00[America/New_York], close price: 284.130000, open price: 284.130000, low price: 284.130000, high price: 284.130000, volume: 260.000000}
{end time: 2019-12-23T16:35-05:00[America/New_York], close price: 284.130000, open price: 284.130000, low price: 284.130000, high price: 284.130000, volume: 282.000000}
{end time: 2019-12-23T16:36-05:00[America/New_York], close price: 284.130000, open price: 284.130000, low price: 284.130000, high price: 284.130000, volume: 391.000000}
{end time: 2019-12-23T16:37-05:00[America/New_York], close price: 284.100000, open price: 284.149800, low price: 284.080000, high price: 284.149800, volume: 2610.000000}
{end time: 2019-12-23T16:38-05:00[America/New_York], close price: 284.010000, open price: 284.010000, low price: 284.010000, high price: 284.010000, volume: 1520.000000}
{end time: 2019-12-23T16:39-05:00[America/New_York], close price: 284.100000, open price: 284.100000, low price: 284.100000, high price: 284.100000, volume: 318.000000}
{end time: 2019-12-23T16:40-05:00[America/New_York], close price: 284.100000, open price: 284.150000, low price: 284.100000, high price: 284.150000, volume: 292586.000000}
{end time: 2019-12-23T16:41-05:00[America/New_York], close price: 284.130000, open price: 284.140000, low price: 284.100000, high price: 284.140000, volume: 2913.000000}
{end time: 2019-12-23T16:42-05:00[America/New_York], close price: 284.150000, open price: 284.130000, low price: 284.130000, high price: 284.150000, volume: 22397.000000}
{end time: 2019-12-23T16:43-05:00[America/New_York], close price: 284.170000, open price: 284.150000, low price: 284.150000, high price: 284.170000, volume: 1405.000000}
{end time: 2019-12-23T16:44-05:00[America/New_York], close price: 284.170000, open price: 284.170000, low price: 284.170000, high price: 284.170000, volume: 375.000000}
{end time: 2019-12-23T16:45-05:00[America/New_York], close price: 284.170000, open price: 284.170000, low price: 284.170000, high price: 284.170000, volume: 578.000000}
{end time: 2019-12-23T16:47-05:00[America/New_York], close price: 284.190000, open price: 284.000000, low price: 284.000000, high price: 284.190000, volume: 24818.000000}
{end time: 2019-12-23T16:48-05:00[America/New_York], close price: 284.190000, open price: 284.180000, low price: 284.180000, high price: 284.190000, volume: 1824.000000}
{end time: 2019-12-23T16:50-05:00[America/New_York], close price: 284.180000, open price: 284.190000, low price: 284.180000, high price: 284.190000, volume: 2621.000000}
{end time: 2019-12-23T16:54-05:00[America/New_York], close price: 284.200000, open price: 284.180000, low price: 284.160000, high price: 284.200000, volume: 500.000000}
{end time: 2019-12-23T16:55-05:00[America/New_York], close price: 284.170000, open price: 284.160000, low price: 284.160000, high price: 284.170000, volume: 298.000000}
{end time: 2019-12-23T16:56-05:00[America/New_York], close price: 284.180000, open price: 284.180000, low price: 284.180000, high price: 284.180000, volume: 328.000000}
{end time: 2019-12-23T16:57-05:00[America/New_York], close price: 284.190000, open price: 284.190000, low price: 284.160000, high price: 284.190000, volume: 901.000000}
{end time: 2019-12-23T16:58-05:00[America/New_York], close price: 284.200000, open price: 284.200000, low price: 284.200000, high price: 284.200000, volume: 1847.000000}
{end time: 2019-12-23T17:00-05:00[America/New_York], close price: 284.190000, open price: 284.190000, low price: 284.190000, high price: 284.190000, volume: 154.000000}
{end time: 2019-12-23T17:01-05:00[America/New_York], close price: 284.170000, open price: 284.170000, low price: 284.170000, high price: 284.170000, volume: 200.000000}
{end time: 2019-12-23T17:06-05:00[America/New_York], close price: 284.150000, open price: 284.160000, low price: 284.150000, high price: 284.160000, volume: 2597.000000}
{end time: 2019-12-23T17:09-05:00[America/New_York], close price: 284.180000, open price: 284.180000, low price: 284.180000, high price: 284.180000, volume: 336.000000}
{end time: 2019-12-23T17:10-05:00[America/New_York], close price: 284.190000, open price: 284.190000, low price: 284.190000, high price: 284.190000, volume: 532409.000000}
{end time: 2019-12-23T17:12-05:00[America/New_York], close price: 284.180000, open price: 284.180000, low price: 284.180000, high price: 284.180000, volume: 255.000000}
{end time: 2019-12-23T17:13-05:00[America/New_York], close price: 284.250000, open price: 284.190000, low price: 284.190000, high price: 284.250000, volume: 11938.000000}
{end time: 2019-12-23T17:14-05:00[America/New_York], close price: 284.200000, open price: 284.200000, low price: 284.200000, high price: 284.200000, volume: 27587.000000}
{end time: 2019-12-23T17:15-05:00[America/New_York], close price: 284.260000, open price: 284.260000, low price: 284.260000, high price: 284.260000, volume: 287.000000}
{end time: 2019-12-23T17:16-05:00[America/New_York], close price: 284.260000, open price: 284.260000, low price: 284.260000, high price: 284.260000, volume: 625.000000}
{end time: 2019-12-23T17:17-05:00[America/New_York], close price: 284.260000, open price: 284.260000, low price: 284.260000, high price: 284.260000, volume: 414.000000}
{end time: 2019-12-23T17:18-05:00[America/New_York], close price: 284.300000, open price: 284.300000, low price: 284.290000, high price: 284.300000, volume: 1193.000000}
{end time: 2019-12-23T17:19-05:00[America/New_York], close price: 284.300000, open price: 284.300000, low price: 284.300000, high price: 284.300000, volume: 605.000000}
{end time: 2019-12-23T17:25-05:00[America/New_York], close price: 284.450000, open price: 284.450000, low price: 284.450000, high price: 284.450000, volume: 757.000000}
{end time: 2019-12-23T17:30-05:00[America/New_York], close price: 284.450000, open price: 284.450000, low price: 284.450000, high price: 284.450000, volume: 700.000000}
{end time: 2019-12-23T17:31-05:00[America/New_York], close price: 284.400000, open price: 284.470000, low price: 284.360000, high price: 284.470000, volume: 961.000000}
{end time: 2019-12-23T17:37-05:00[America/New_York], close price: 284.440000, open price: 284.440000, low price: 284.440000, high price: 284.440000, volume: 237.000000}
{end time: 2019-12-23T17:38-05:00[America/New_York], close price: 284.440000, open price: 284.450000, low price: 284.440000, high price: 284.480000, volume: 1171.000000}
{end time: 2019-12-23T17:39-05:00[America/New_York], close price: 284.400000, open price: 284.440000, low price: 284.400000, high price: 284.440000, volume: 1458.000000}
{end time: 2019-12-23T17:40-05:00[America/New_York], close price: 284.360000, open price: 284.360000, low price: 284.360000, high price: 284.360000, volume: 438.000000}
{end time: 2019-12-23T17:42-05:00[America/New_York], close price: 284.370000, open price: 284.370000, low price: 284.370000, high price: 284.370000, volume: 183.000000}
{end time: 2019-12-23T17:43-05:00[America/New_York], close price: 284.389900, open price: 284.389900, low price: 284.389900, high price: 284.389900, volume: 401.000000}
{end time: 2019-12-23T17:44-05:00[America/New_York], close price: 284.360000, open price: 284.380000, low price: 284.360000, high price: 284.380000, volume: 940.000000}
{end time: 2019-12-23T17:45-05:00[America/New_York], close price: 284.360000, open price: 284.360000, low price: 284.360000, high price: 284.360000, volume: 329.000000}
{end time: 2019-12-23T17:46-05:00[America/New_York], close price: 284.420000, open price: 284.390000, low price: 284.390000, high price: 284.420000, volume: 2952.000000}
{end time: 2019-12-23T17:47-05:00[America/New_York], close price: 284.360000, open price: 284.360000, low price: 284.360000, high price: 284.360000, volume: 703.000000}
{end time: 2019-12-23T17:49-05:00[America/New_York], close price: 284.400000, open price: 284.400000, low price: 284.400000, high price: 284.400000, volume: 504.000000}
{end time: 2019-12-23T17:50-05:00[America/New_York], close price: 284.400000, open price: 284.400000, low price: 284.400000, high price: 284.400000, volume: 3880.000000}
{end time: 2019-12-23T17:53-05:00[America/New_York], close price: 284.480000, open price: 284.470000, low price: 284.470000, high price: 284.480000, volume: 1033.000000}
{end time: 2019-12-23T17:55-05:00[America/New_York], close price: 284.430000, open price: 284.430000, low price: 284.420000, high price: 284.430000, volume: 5028.000000}
{end time: 2019-12-23T17:56-05:00[America/New_York], close price: 284.500000, open price: 284.460000, low price: 284.460000, high price: 284.500000, volume: 5883.000000}
{end time: 2019-12-23T17:57-05:00[America/New_York], close price: 284.600000, open price: 284.500000, low price: 284.500000, high price: 284.600000, volume: 1943.000000}
{end time: 2019-12-23T17:58-05:00[America/New_York], close price: 284.610000, open price: 284.600000, low price: 284.600000, high price: 284.610000, volume: 2559.000000}
{end time: 2019-12-23T17:59-05:00[America/New_York], close price: 284.560000, open price: 284.560000, low price: 284.560000, high price: 284.560000, volume: 116.000000}
{end time: 2019-12-23T18:00-05:00[America/New_York], close price: 284.550000, open price: 284.550000, low price: 284.550000, high price: 284.550000, volume: 300.000000}
{end time: 2019-12-23T18:01-05:00[America/New_York], close price: 284.550000, open price: 284.550000, low price: 284.550000, high price: 284.550000, volume: 301.000000}
{end time: 2019-12-23T18:03-05:00[America/New_York], close price: 284.500000, open price: 284.540000, low price: 284.500000, high price: 284.540000, volume: 808.000000}
{end time: 2019-12-23T18:04-05:00[America/New_York], close price: 284.600000, open price: 284.600000, low price: 284.600000, high price: 284.600000, volume: 1520.000000}
{end time: 2019-12-23T18:05-05:00[America/New_York], close price: 284.590000, open price: 284.590000, low price: 284.590000, high price: 284.590000, volume: 235.000000}
{end time: 2019-12-23T18:06-05:00[America/New_York], close price: 284.670000, open price: 284.600000, low price: 284.600000, high price: 284.670000, volume: 1241.000000}
{end time: 2019-12-23T18:07-05:00[America/New_York], close price: 284.620000, open price: 284.620000, low price: 284.620000, high price: 284.620000, volume: 101.000000}
{end time: 2019-12-23T18:08-05:00[America/New_York], close price: 284.650000, open price: 284.650000, low price: 284.640000, high price: 284.650000, volume: 700.000000}
{end time: 2019-12-23T18:13-05:00[America/New_York], close price: 284.640000, open price: 284.610000, low price: 284.610000, high price: 284.640000, volume: 315.000000}
{end time: 2019-12-23T18:14-05:00[America/New_York], close price: 284.600000, open price: 284.640000, low price: 284.600000, high price: 284.640000, volume: 750.000000}
{end time: 2019-12-23T18:16-05:00[America/New_York], close price: 284.610000, open price: 284.610000, low price: 284.610000, high price: 284.610000, volume: 233.000000}
{end time: 2019-12-23T18:17-05:00[America/New_York], close price: 284.610000, open price: 284.600000, low price: 284.600000, high price: 284.610000, volume: 1750.000000}
{end time: 2019-12-23T18:18-05:00[America/New_York], close price: 284.600000, open price: 284.610000, low price: 284.600000, high price: 284.610000, volume: 449.000000}
{end time: 2019-12-23T18:20-05:00[America/New_York], close price: 284.500000, open price: 284.550000, low price: 284.500000, high price: 284.550000, volume: 2240.000000}
{end time: 2019-12-23T18:22-05:00[America/New_York], close price: 284.500000, open price: 284.500000, low price: 284.500000, high price: 284.500000, volume: 235.000000}
{end time: 2019-12-23T18:25-05:00[America/New_York], close price: 284.480000, open price: 284.480000, low price: 284.480000, high price: 284.480000, volume: 651.000000}
{end time: 2019-12-23T18:26-05:00[America/New_York], close price: 284.480000, open price: 284.480000, low price: 284.480000, high price: 284.480000, volume: 471.000000}
{end time: 2019-12-23T18:32-05:00[America/New_York], close price: 284.410000, open price: 284.450000, low price: 284.410000, high price: 284.450000, volume: 299.000000}
{end time: 2019-12-23T18:34-05:00[America/New_York], close price: 284.390000, open price: 284.390000, low price: 284.390000, high price: 284.390000, volume: 362.000000}
{end time: 2019-12-23T18:36-05:00[America/New_York], close price: 284.500000, open price: 284.500000, low price: 284.500000, high price: 284.500000, volume: 525.000000}
{end time: 2019-12-23T18:37-05:00[America/New_York], close price: 284.500000, open price: 284.500000, low price: 284.500000, high price: 284.500000, volume: 200.000000}
{end time: 2019-12-23T18:39-05:00[America/New_York], close price: 284.430000, open price: 284.430000, low price: 284.430000, high price: 284.430000, volume: 155.000000}
{end time: 2019-12-23T18:46-05:00[America/New_York], close price: 284.489900, open price: 284.480000, low price: 284.480000, high price: 284.490000, volume: 400.000000}
{end time: 2019-12-23T18:47-05:00[America/New_York], close price: 284.490000, open price: 284.490000, low price: 284.490000, high price: 284.490000, volume: 735.000000}
{end time: 2019-12-23T18:55-05:00[America/New_York], close price: 284.490000, open price: 284.490000, low price: 284.490000, high price: 284.490000, volume: 173.000000}
{end time: 2019-12-23T18:56-05:00[America/New_York], close price: 284.500000, open price: 284.500000, low price: 284.500000, high price: 284.500000, volume: 427.000000}
{end time: 2019-12-23T18:58-05:00[America/New_York], close price: 284.410000, open price: 284.410000, low price: 284.410000, high price: 284.410000, volume: 310.000000}
{end time: 2019-12-23T18:59-05:00[America/New_York], close price: 284.450000, open price: 284.450000, low price: 284.450000, high price: 284.450000, volume: 227.000000}
{end time: 2019-12-23T19:01-05:00[America/New_York], close price: 284.410000, open price: 284.410000, low price: 284.410000, high price: 284.410000, volume: 228.000000}
{end time: 2019-12-23T19:05-05:00[America/New_York], close price: 284.500000, open price: 284.500000, low price: 284.500000, high price: 284.500000, volume: 605.000000}
{end time: 2019-12-23T19:06-05:00[America/New_York], close price: 284.420000, open price: 284.490000, low price: 284.420000, high price: 284.500000, volume: 1987.000000}
{end time: 2019-12-23T19:09-05:00[America/New_York], close price: 284.480000, open price: 284.480000, low price: 284.480000, high price: 284.480000, volume: 200.000000}
{end time: 2019-12-23T19:13-05:00[America/New_York], close price: 284.450000, open price: 284.460000, low price: 284.450000, high price: 284.460000, volume: 1002.000000}
{end time: 2019-12-23T19:14-05:00[America/New_York], close price: 284.450000, open price: 284.450000, low price: 284.450000, high price: 284.450000, volume: 100.000000}
{end time: 2019-12-23T19:19-05:00[America/New_York], close price: 284.450000, open price: 284.450000, low price: 284.450000, high price: 284.450000, volume: 100.000000}
{end time: 2019-12-23T19:20-05:00[America/New_York], close price: 284.420000, open price: 284.420000, low price: 284.420000, high price: 284.420000, volume: 100.000000}
{end time: 2019-12-23T19:22-05:00[America/New_York], close price: 284.550000, open price: 284.530000, low price: 284.530000, high price: 284.550000, volume: 500.000000}
{end time: 2019-12-23T19:24-05:00[America/New_York], close price: 284.560000, open price: 284.540000, low price: 284.540000, high price: 284.560000, volume: 1165.000000}
{end time: 2019-12-23T19:25-05:00[America/New_York], close price: 284.529900, open price: 284.529900, low price: 284.529900, high price: 284.529900, volume: 202.000000}
{end time: 2019-12-23T19:28-05:00[America/New_York], close price: 284.440000, open price: 284.420000, low price: 284.420000, high price: 284.440000, volume: 505.000000}
{end time: 2019-12-23T19:31-05:00[America/New_York], close price: 284.420000, open price: 284.440000, low price: 284.420000, high price: 284.440000, volume: 300.000000}
{end time: 2019-12-23T19:32-05:00[America/New_York], close price: 284.450000, open price: 284.450000, low price: 284.450000, high price: 284.450000, volume: 325.000000}
{end time: 2019-12-23T19:33-05:00[America/New_York], close price: 284.520000, open price: 284.520000, low price: 284.520000, high price: 284.520000, volume: 200.000000}
{end time: 2019-12-23T19:35-05:00[America/New_York], close price: 284.520000, open price: 284.520000, low price: 284.520000, high price: 284.520000, volume: 170.000000}
{end time: 2019-12-23T19:36-05:00[America/New_York], close price: 284.500000, open price: 284.450000, low price: 284.450000, high price: 284.510000, volume: 2300.000000}
{end time: 2019-12-23T19:37-05:00[America/New_York], close price: 284.450000, open price: 284.450000, low price: 284.450000, high price: 284.450000, volume: 403.000000}
{end time: 2019-12-23T19:38-05:00[America/New_York], close price: 284.420000, open price: 284.420000, low price: 284.420000, high price: 284.420000, volume: 208.000000}
{end time: 2019-12-23T19:40-05:00[America/New_York], close price: 284.490000, open price: 284.490000, low price: 284.490000, high price: 284.490000, volume: 116.000000}
{end time: 2019-12-23T19:41-05:00[America/New_York], close price: 284.450000, open price: 284.450000, low price: 284.450000, high price: 284.450000, volume: 530.000000}
{end time: 2019-12-23T19:42-05:00[America/New_York], close price: 284.500000, open price: 284.500000, low price: 284.500000, high price: 284.500000, volume: 100.000000}
{end time: 2019-12-23T19:44-05:00[America/New_York], close price: 284.500000, open price: 284.500000, low price: 284.500000, high price: 284.500000, volume: 251.000000}
{end time: 2019-12-23T19:45-05:00[America/New_York], close price: 284.470000, open price: 284.500000, low price: 284.470000, high price: 284.500000, volume: 720.000000}
{end time: 2019-12-23T19:50-05:00[America/New_York], close price: 284.490000, open price: 284.490000, low price: 284.490000, high price: 284.490000, volume: 100.000000}
{end time: 2019-12-23T19:52-05:00[America/New_York], close price: 284.520000, open price: 284.520000, low price: 284.500000, high price: 284.520000, volume: 775.000000}
{end time: 2019-12-23T19:53-05:00[America/New_York], close price: 284.500000, open price: 284.520000, low price: 284.499900, high price: 284.520000, volume: 876.000000}
{end time: 2019-12-23T19:54-05:00[America/New_York], close price: 284.520000, open price: 284.490000, low price: 284.490000, high price: 284.520000, volume: 468.000000}
{end time: 2019-12-23T19:55-05:00[America/New_York], close price: 284.550000, open price: 284.500000, low price: 284.500000, high price: 284.550000, volume: 720.000000}
{end time: 2019-12-23T19:56-05:00[America/New_York], close price: 284.500000, open price: 284.550000, low price: 284.500000, high price: 284.550000, volume: 2467.000000}
{end time: 2019-12-23T19:57-05:00[America/New_York], close price: 284.490000, open price: 284.540000, low price: 284.490000, high price: 284.540000, volume: 628.000000}
{end time: 2019-12-23T19:58-05:00[America/New_York], close price: 284.500000, open price: 284.500000, low price: 284.500000, high price: 284.500000, volume: 1312.000000}
{end time: 2019-12-23T19:59-05:00[America/New_York], close price: 284.560000, open price: 284.530000, low price: 284.530000, high price: 284.560000, volume: 2480.000000}
{end time: 2019-12-24T04:00-05:00[America/New_York], close price: 284.560000, open price: 284.560000, low price: 284.560000, high price: 284.560000, volume: 100.000000}
{end time: 2019-12-24T04:15-05:00[America/New_York], close price: 284.650000, open price: 284.650000, low price: 284.650000, high price: 284.650000, volume: 287.000000}
{end time: 2019-12-24T04:47-05:00[America/New_York], close price: 284.870000, open price: 284.900000, low price: 284.870000, high price: 285.000000, volume: 2180.000000}
{end time: 2019-12-24T04:49-05:00[America/New_York], close price: 285.200000, open price: 285.200000, low price: 285.200000, high price: 285.200000, volume: 519.000000}
{end time: 2019-12-24T04:50-05:00[America/New_York], close price: 285.200000, open price: 285.200000, low price: 285.200000, high price: 285.200000, volume: 813.000000}
{end time: 2019-12-24T04:53-05:00[America/New_York], close price: 285.200000, open price: 285.200000, low price: 285.200000, high price: 285.200000, volume: 400.000000}
{end time: 2019-12-24T05:01-05:00[America/New_York], close price: 285.200000, open price: 285.200000, low price: 285.200000, high price: 285.200000, volume: 150.000000}
{end time: 2019-12-24T05:30-05:00[America/New_York], close price: 285.280000, open price: 285.280000, low price: 285.280000, high price: 285.280000, volume: 200.000000}
{end time: 2019-12-24T05:49-05:00[America/New_York], close price: 285.000000, open price: 285.000000, low price: 285.000000, high price: 285.000000, volume: 400.000000}
{end time: 2019-12-24T06:29-05:00[America/New_York], close price: 285.280000, open price: 285.280000, low price: 285.280000, high price: 285.280000, volume: 300.000000}
{end time: 2019-12-24T06:44-05:00[America/New_York], close price: 285.200000, open price: 285.200000, low price: 285.200000, high price: 285.200000, volume: 112.000000}
{end time: 2019-12-24T06:55-05:00[America/New_York], close price: 285.190000, open price: 285.200000, low price: 285.190000, high price: 285.200000, volume: 888.000000}
{end time: 2019-12-24T06:57-05:00[America/New_York], close price: 285.050000, open price: 285.050000, low price: 285.050000, high price: 285.050000, volume: 2116.000000}
{end time: 2019-12-24T07:00-05:00[America/New_York], close price: 284.990000, open price: 285.130000, low price: 284.800000, high price: 285.170000, volume: 6777.000000}
{end time: 2019-12-24T07:01-05:00[America/New_York], close price: 284.900000, open price: 284.990000, low price: 284.900000, high price: 284.990000, volume: 754.000000}
{end time: 2019-12-24T07:02-05:00[America/New_York], close price: 284.850000, open price: 284.900000, low price: 284.850000, high price: 284.900000, volume: 1128.000000}
{end time: 2019-12-24T07:04-05:00[America/New_York], close price: 284.720000, open price: 284.730000, low price: 284.720000, high price: 284.730000, volume: 370.000000}
{end time: 2019-12-24T07:05-05:00[America/New_York], close price: 284.800000, open price: 284.720000, low price: 284.720000, high price: 284.800000, volume: 863.000000}
{end time: 2019-12-24T07:07-05:00[America/New_York], close price: 284.800000, open price: 284.850000, low price: 284.800000, high price: 284.850000, volume: 1873.000000}
{end time: 2019-12-24T07:09-05:00[America/New_York], close price: 284.790000, open price: 284.790000, low price: 284.790000, high price: 284.790000, volume: 543.000000}
{end time: 2019-12-24T07:11-05:00[America/New_York], close price: 284.800000, open price: 284.800000, low price: 284.800000, high price: 284.800000, volume: 985.000000}
{end time: 2019-12-24T07:12-05:00[America/New_York], close price: 284.810000, open price: 284.810000, low price: 284.810000, high price: 284.810000, volume: 574.000000}
{end time: 2019-12-24T07:13-05:00[America/New_York], close price: 284.810000, open price: 284.810000, low price: 284.800000, high price: 284.810000, volume: 1234.000000}
{end time: 2019-12-24T07:14-05:00[America/New_York], close price: 284.750000, open price: 284.750000, low price: 284.750000, high price: 284.750000, volume: 1195.000000}
{end time: 2019-12-24T07:15-05:00[America/New_York], close price: 284.730000, open price: 284.730000, low price: 284.730000, high price: 284.730000, volume: 121.000000}
{end time: 2019-12-24T07:17-05:00[America/New_York], close price: 284.650000, open price: 284.700000, low price: 284.650000, high price: 284.700000, volume: 3645.000000}
{end time: 2019-12-24T07:18-05:00[America/New_York], close price: 284.740000, open price: 284.740000, low price: 284.650000, high price: 284.740000, volume: 452.000000}
{end time: 2019-12-24T07:20-05:00[America/New_York], close price: 284.600000, open price: 284.660000, low price: 284.600000, high price: 284.660000, volume: 1697.000000}
{end time: 2019-12-24T07:21-05:00[America/New_York], close price: 284.650000, open price: 284.640000, low price: 284.640000, high price: 284.650000, volume: 2080.000000}
{end time: 2019-12-24T07:23-05:00[America/New_York], close price: 284.600000, open price: 284.600000, low price: 284.600000, high price: 284.600000, volume: 100.000000}
{end time: 2019-12-24T07:27-05:00[America/New_York], close price: 284.650000, open price: 284.650000, low price: 284.650000, high price: 284.650000, volume: 2763.000000}
{end time: 2019-12-24T07:28-05:00[America/New_York], close price: 284.630000, open price: 284.650000, low price: 284.630000, high price: 284.650000, volume: 1200.000000}
{end time: 2019-12-24T07:29-05:00[America/New_York], close price: 284.680000, open price: 284.680000, low price: 284.680000, high price: 284.680000, volume: 307.000000}
{end time: 2019-12-24T07:31-05:00[America/New_York], close price: 284.720000, open price: 284.720000, low price: 284.720000, high price: 284.720000, volume: 106.000000}
{end time: 2019-12-24T07:33-05:00[America/New_York], close price: 284.650000, open price: 284.700000, low price: 284.650000, high price: 284.700000, volume: 755.000000}
{end time: 2019-12-24T07:35-05:00[America/New_York], close price: 284.550000, open price: 284.570000, low price: 284.550000, high price: 284.570000, volume: 1478.000000}
{end time: 2019-12-24T07:36-05:00[America/New_York], close price: 284.570000, open price: 284.570000, low price: 284.570000, high price: 284.570000, volume: 451.000000}
{end time: 2019-12-24T07:42-05:00[America/New_York], close price: 284.650000, open price: 284.650000, low price: 284.650000, high price: 284.700000, volume: 2133.000000}
{end time: 2019-12-24T07:43-05:00[America/New_York], close price: 284.650000, open price: 284.650000, low price: 284.650000, high price: 284.650000, volume: 275.000000}
{end time: 2019-12-24T07:44-05:00[America/New_York], close price: 284.700000, open price: 284.650000, low price: 284.650000, high price: 284.700000, volume: 305.000000}
{end time: 2019-12-24T07:48-05:00[America/New_York], close price: 284.680000, open price: 284.680000, low price: 284.680000, high price: 284.680000, volume: 300.000000}
{end time: 2019-12-24T07:49-05:00[America/New_York], close price: 284.650000, open price: 284.680000, low price: 284.650000, high price: 284.680000, volume: 1000.000000}
{end time: 2019-12-24T07:50-05:00[America/New_York], close price: 284.710000, open price: 284.680000, low price: 284.680000, high price: 284.710000, volume: 942.000000}
{end time: 2019-12-24T07:52-05:00[America/New_York], close price: 284.720000, open price: 284.720000, low price: 284.720000, high price: 284.720000, volume: 595.000000}
{end time: 2019-12-24T07:53-05:00[America/New_York], close price: 284.720000, open price: 284.720000, low price: 284.720000, high price: 284.720000, volume: 1001.000000}
{end time: 2019-12-24T07:54-05:00[America/New_York], close price: 284.690000, open price: 284.710000, low price: 284.690000, high price: 284.720000, volume: 1450.000000}
{end time: 2019-12-24T07:55-05:00[America/New_York], close price: 284.690000, open price: 284.690000, low price: 284.690000, high price: 284.690000, volume: 119.000000}
{end time: 2019-12-24T07:56-05:00[America/New_York], close price: 284.700000, open price: 284.700000, low price: 284.700000, high price: 284.700000, volume: 383.000000}
{end time: 2019-12-24T07:57-05:00[America/New_York], close price: 284.730000, open price: 284.710000, low price: 284.710000, high price: 284.730000, volume: 1300.000000}
{end time: 2019-12-24T07:59-05:00[America/New_York], close price: 284.700000, open price: 284.700000, low price: 284.700000, high price: 284.700000, volume: 100.000000}
{end time: 2019-12-24T08:00-05:00[America/New_York], close price: 284.730000, open price: 284.800000, low price: 284.569800, high price: 285.000000, volume: 29916.000000}
{end time: 2019-12-24T08:01-05:00[America/New_York], close price: 284.700000, open price: 283.290000, low price: 283.290000, high price: 284.700000, volume: 1221.000000}
{end time: 2019-12-24T08:02-05:00[America/New_York], close price: 284.700000, open price: 284.700000, low price: 284.700000, high price: 284.700000, volume: 155.000000}
{end time: 2019-12-24T08:04-05:00[America/New_York], close price: 284.690000, open price: 284.690000, low price: 284.690000, high price: 284.690000, volume: 210.000000}
{end time: 2019-12-24T08:05-05:00[America/New_York], close price: 284.690000, open price: 284.690000, low price: 284.690000, high price: 284.690000, volume: 342.000000}
{end time: 2019-12-24T08:06-05:00[America/New_York], close price: 284.650000, open price: 284.650400, low price: 284.650000, high price: 284.650400, volume: 797.000000}
{end time: 2019-12-24T08:08-05:00[America/New_York], close price: 284.700000, open price: 284.690000, low price: 284.690000, high price: 284.740000, volume: 3546.000000}
{end time: 2019-12-24T08:09-05:00[America/New_York], close price: 284.653500, open price: 284.670000, low price: 284.653500, high price: 284.670000, volume: 503.000000}
{end time: 2019-12-24T08:10-05:00[America/New_York], close price: 284.750000, open price: 284.750000, low price: 284.750000, high price: 284.750000, volume: 232.000000}
{end time: 2019-12-24T08:11-05:00[America/New_York], close price: 284.700000, open price: 284.730000, low price: 284.700000, high price: 284.730000, volume: 595.000000}
{end time: 2019-12-24T08:13-05:00[America/New_York], close price: 284.704000, open price: 284.750000, low price: 284.704000, high price: 284.750000, volume: 1166.000000}
{end time: 2019-12-24T08:15-05:00[America/New_York], close price: 284.770000, open price: 284.700000, low price: 284.700000, high price: 284.770000, volume: 875.000000}
{end time: 2019-12-24T08:16-05:00[America/New_York], close price: 284.660000, open price: 284.660500, low price: 284.660000, high price: 284.660500, volume: 400.000000}
{end time: 2019-12-24T08:17-05:00[America/New_York], close price: 284.740000, open price: 284.740000, low price: 284.740000, high price: 284.750000, volume: 802.000000}
{end time: 2019-12-24T08:18-05:00[America/New_York], close price: 284.750000, open price: 284.750000, low price: 284.750000, high price: 284.750000, volume: 916.000000}
{end time: 2019-12-24T08:19-05:00[America/New_York], close price: 284.810000, open price: 284.799000, low price: 284.750000, high price: 284.810000, volume: 3585.000000}
{end time: 2019-12-24T08:21-05:00[America/New_York], close price: 284.840000, open price: 284.850000, low price: 284.840000, high price: 284.850000, volume: 1349.000000}
{end time: 2019-12-24T08:23-05:00[America/New_York], close price: 284.840000, open price: 284.820200, low price: 284.820200, high price: 284.840000, volume: 270.000000}
{end time: 2019-12-24T08:24-05:00[America/New_York], close price: 284.840000, open price: 284.820000, low price: 284.800000, high price: 284.840000, volume: 6069.000000}
{end time: 2019-12-24T08:26-05:00[America/New_York], close price: 284.850000, open price: 284.800000, low price: 284.800000, high price: 284.850000, volume: 1314.000000}
{end time: 2019-12-24T08:27-05:00[America/New_York], close price: 284.840000, open price: 284.840000, low price: 284.840000, high price: 284.840000, volume: 440.000000}
{end time: 2019-12-24T08:28-05:00[America/New_York], close price: 284.820100, open price: 284.840000, low price: 284.820000, high price: 284.850000, volume: 4985.000000}
{end time: 2019-12-24T08:29-05:00[America/New_York], close price: 284.840000, open price: 284.840000, low price: 284.840000, high price: 284.840000, volume: 1000.000000}
{end time: 2019-12-24T08:31-05:00[America/New_York], close price: 284.820000, open price: 284.830000, low price: 284.820000, high price: 284.830000, volume: 555.000000}
{end time: 2019-12-24T08:32-05:00[America/New_York], close price: 284.760000, open price: 284.820000, low price: 284.760000, high price: 284.820000, volume: 5171.000000}
{end time: 2019-12-24T08:34-05:00[America/New_York], close price: 284.770000, open price: 284.770000, low price: 284.770000, high price: 284.770000, volume: 515.000000}
{end time: 2019-12-24T08:35-05:00[America/New_York], close price: 284.760100, open price: 284.760100, low price: 284.760100, high price: 284.760100, volume: 525.000000}
{end time: 2019-12-24T08:36-05:00[America/New_York], close price: 284.660000, open price: 284.760000, low price: 284.660000, high price: 284.760000, volume: 2356.000000}
{end time: 2019-12-24T08:37-05:00[America/New_York], close price: 284.660000, open price: 284.670000, low price: 284.660000, high price: 284.670000, volume: 502.000000}
{end time: 2019-12-24T08:38-05:00[America/New_York], close price: 284.700000, open price: 284.660200, low price: 284.660000, high price: 284.739900, volume: 1055.000000}
{end time: 2019-12-24T08:39-05:00[America/New_York], close price: 284.700000, open price: 284.660000, low price: 284.660000, high price: 284.700000, volume: 553.000000}
{end time: 2019-12-24T08:40-05:00[America/New_York], close price: 284.700000, open price: 284.650000, low price: 284.650000, high price: 284.700000, volume: 1781.000000}
{end time: 2019-12-24T08:41-05:00[America/New_York], close price: 284.650000, open price: 284.700000, low price: 284.650000, high price: 284.700000, volume: 1144.000000}
{end time: 2019-12-24T08:42-05:00[America/New_York], close price: 284.650000, open price: 284.700000, low price: 284.650000, high price: 284.700000, volume: 1599.000000}
{end time: 2019-12-24T08:43-05:00[America/New_York], close price: 284.600100, open price: 284.600100, low price: 284.600100, high price: 284.600100, volume: 1105.000000}
{end time: 2019-12-24T08:44-05:00[America/New_York], close price: 284.600000, open price: 284.650000, low price: 284.600000, high price: 284.670000, volume: 1368.000000}
{end time: 2019-12-24T08:46-05:00[America/New_York], close price: 284.650000, open price: 284.610000, low price: 284.610000, high price: 284.650000, volume: 200.000000}
{end time: 2019-12-24T08:47-05:00[America/New_York], close price: 284.650000, open price: 284.650000, low price: 284.650000, high price: 284.650000, volume: 285.000000}
{end time: 2019-12-24T08:50-05:00[America/New_York], close price: 284.570000, open price: 284.600000, low price: 284.570000, high price: 284.610000, volume: 2072.000000}
{end time: 2019-12-24T08:51-05:00[America/New_York], close price: 284.649900, open price: 284.650000, low price: 284.649900, high price: 284.650000, volume: 1078.000000}
{end time: 2019-12-24T08:52-05:00[America/New_York], close price: 284.600000, open price: 284.600000, low price: 284.600000, high price: 284.600000, volume: 702.000000}
{end time: 2019-12-24T08:53-05:00[America/New_York], close price: 284.600000, open price: 284.600000, low price: 284.600000, high price: 284.600000, volume: 101.000000}
{end time: 2019-12-24T08:56-05:00[America/New_York], close price: 284.670000, open price: 284.670000, low price: 284.670000, high price: 284.670000, volume: 1463.000000}
{end time: 2019-12-24T08:57-05:00[America/New_York], close price: 284.700000, open price: 284.670000, low price: 284.670000, high price: 284.700000, volume: 1651.000000}
{end time: 2019-12-24T08:59-05:00[America/New_York], close price: 284.720000, open price: 284.700000, low price: 284.700000, high price: 284.720000, volume: 1387.000000}
{end time: 2019-12-24T09:00-05:00[America/New_York], close price: 284.720000, open price: 284.720000, low price: 284.700000, high price: 284.720000, volume: 1035.000000}
{end time: 2019-12-24T09:01-05:00[America/New_York], close price: 284.720000, open price: 284.720000, low price: 284.720000, high price: 284.720000, volume: 1068.000000}
{end time: 2019-12-24T09:02-05:00[America/New_York], close price: 284.720000, open price: 284.720000, low price: 284.700100, high price: 284.720000, volume: 1251.000000}
{end time: 2019-12-24T09:03-05:00[America/New_York], close price: 284.650000, open price: 284.670000, low price: 284.650000, high price: 284.670000, volume: 2212.000000}
{end time: 2019-12-24T09:04-05:00[America/New_York], close price: 284.630000, open price: 284.650000, low price: 284.000000, high price: 284.650000, volume: 260562.000000}
{end time: 2019-12-24T09:05-05:00[America/New_York], close price: 284.600000, open price: 284.610000, low price: 284.600000, high price: 284.610000, volume: 2221.000000}
{end time: 2019-12-24T09:06-05:00[America/New_York], close price: 284.610000, open price: 284.610000, low price: 284.610000, high price: 284.610000, volume: 660.000000}
{end time: 2019-12-24T09:07-05:00[America/New_York], close price: 284.610000, open price: 284.610100, low price: 284.610000, high price: 284.610100, volume: 574.000000}
{end time: 2019-12-24T09:08-05:00[America/New_York], close price: 284.599900, open price: 284.610000, low price: 284.599900, high price: 284.610000, volume: 1927.000000}
{end time: 2019-12-24T09:09-05:00[America/New_York], close price: 284.550000, open price: 284.590000, low price: 284.550000, high price: 284.590000, volume: 1860.000000}
{end time: 2019-12-24T09:10-05:00[America/New_York], close price: 284.570000, open price: 284.540000, low price: 284.540000, high price: 284.590000, volume: 1655.000000}
{end time: 2019-12-24T09:12-05:00[America/New_York], close price: 284.570000, open price: 284.600000, low price: 284.570000, high price: 284.600000, volume: 3081.000000}
{end time: 2019-12-24T09:13-05:00[America/New_York], close price: 284.500200, open price: 284.570000, low price: 284.500000, high price: 284.570000, volume: 3723.000000}
{end time: 2019-12-24T09:14-05:00[America/New_York], close price: 284.460000, open price: 284.550000, low price: 284.450000, high price: 284.550000, volume: 5982.000000}
{end time: 2019-12-24T09:15-05:00[America/New_York], close price: 284.400000, open price: 284.400000, low price: 284.400000, high price: 284.460000, volume: 1899.000000}
{end time: 2019-12-24T09:16-05:00[America/New_York], close price: 284.400000, open price: 284.400000, low price: 284.400000, high price: 284.400000, volume: 871.000000}
{end time: 2019-12-24T09:17-05:00[America/New_York], close price: 284.470000, open price: 284.450000, low price: 284.449800, high price: 284.470000, volume: 3377.000000}
{end time: 2019-12-24T09:18-05:00[America/New_York], close price: 284.400100, open price: 284.410000, low price: 284.400000, high price: 284.483300, volume: 711.000000}
{end time: 2019-12-24T09:19-05:00[America/New_York], close price: 284.500000, open price: 284.500000, low price: 284.499900, high price: 284.500000, volume: 1863.000000}
{end time: 2019-12-24T09:20-05:00[America/New_York], close price: 284.410200, open price: 284.430000, low price: 284.400000, high price: 284.430000, volume: 2105.000000}
{end time: 2019-12-24T09:21-05:00[America/New_York], close price: 284.530000, open price: 284.490000, low price: 284.490000, high price: 284.530200, volume: 6288.000000}
{end time: 2019-12-24T09:22-05:00[America/New_York], close price: 284.500000, open price: 284.510000, low price: 284.500000, high price: 284.510000, volume: 2009.000000}
{end time: 2019-12-24T09:23-05:00[America/New_York], close price: 284.490000, open price: 284.490000, low price: 284.490000, high price: 284.490000, volume: 376.000000}
{end time: 2019-12-24T09:24-05:00[America/New_York], close price: 284.490000, open price: 284.480000, low price: 284.410000, high price: 284.490000, volume: 2892.000000}
{end time: 2019-12-24T09:25-05:00[America/New_York], close price: 284.370000, open price: 284.440000, low price: 284.370000, high price: 284.449900, volume: 1780.000000}
{end time: 2019-12-24T09:26-05:00[America/New_York], close price: 284.390000, open price: 284.390000, low price: 284.390000, high price: 284.400000, volume: 1144.000000}
{end time: 2019-12-24T09:27-05:00[America/New_York], close price: 284.470000, open price: 284.000000, low price: 284.000000, high price: 284.470000, volume: 125251.000000}
{end time: 2019-12-24T09:28-05:00[America/New_York], close price: 284.680000, open price: 284.490000, low price: 284.480000, high price: 284.690000, volume: 10335.000000}
{end time: 2019-12-24T09:29-05:00[America/New_York], close price: 284.590000, open price: 284.610000, low price: 284.580000, high price: 284.690000, volume: 3489.000000}
{end time: 2019-12-24T09:30-05:00[America/New_York], close price: 284.470000, open price: 284.690000, low price: 284.310000, high price: 284.690000, volume: 414791.000000}
{end time: 2019-12-24T09:31-05:00[America/New_York], close price: 284.864700, open price: 284.472400, low price: 284.472400, high price: 284.890000, volume: 175760.000000}
{end time: 2019-12-24T09:32-05:00[America/New_York], close price: 284.619000, open price: 284.869900, low price: 284.590000, high price: 284.869900, volume: 118828.000000}
{end time: 2019-12-24T09:33-05:00[America/New_York], close price: 284.230000, open price: 284.626300, low price: 283.920000, high price: 284.705000, volume: 243078.000000}
{end time: 2019-12-24T09:34-05:00[America/New_York], close price: 283.968000, open price: 284.245900, low price: 283.820000, high price: 284.245900, volume: 181113.000000}
{end time: 2019-12-24T09:35-05:00[America/New_York], close price: 283.760000, open price: 283.994000, low price: 283.650000, high price: 284.000000, volume: 121678.000000}
{end time: 2019-12-24T09:36-05:00[America/New_York], close price: 283.940000, open price: 283.760000, low price: 283.730000, high price: 283.980000, volume: 122451.000000}
{end time: 2019-12-24T09:37-05:00[America/New_York], close price: 284.320000, open price: 283.925800, low price: 283.870000, high price: 284.410000, volume: 127367.000000}
{end time: 2019-12-24T09:38-05:00[America/New_York], close price: 284.240000, open price: 284.350000, low price: 284.150000, high price: 284.440000, volume: 141657.000000}
{end time: 2019-12-24T09:39-05:00[America/New_York], close price: 284.120000, open price: 284.240000, low price: 284.120000, high price: 284.250000, volume: 62774.000000}
{end time: 2019-12-24T09:40-05:00[America/New_York], close price: 283.920000, open price: 284.120000, low price: 283.890000, high price: 284.120000, volume: 85123.000000}
{end time: 2019-12-24T09:41-05:00[America/New_York], close price: 283.820000, open price: 283.920000, low price: 283.790000, high price: 283.990000, volume: 95020.000000}
{end time: 2019-12-24T09:42-05:00[America/New_York], close price: 283.679000, open price: 283.810000, low price: 283.640000, high price: 283.850000, volume: 102978.000000}
{end time: 2019-12-24T09:43-05:00[America/New_York], close price: 283.690000, open price: 283.675000, low price: 283.600000, high price: 283.770000, volume: 83230.000000}
{end time: 2019-12-24T09:44-05:00[America/New_York], close price: 283.440000, open price: 283.680100, low price: 283.360000, high price: 283.680100, volume: 129868.000000}
{end time: 2019-12-24T09:45-05:00[America/New_York], close price: 282.919700, open price: 283.440000, low price: 282.919700, high price: 283.494900, volume: 171770.000000}
{end time: 2019-12-24T09:46-05:00[America/New_York], close price: 283.060000, open price: 282.930000, low price: 282.929900, high price: 283.205000, volume: 130084.000000}
{end time: 2019-12-24T09:47-05:00[America/New_York], close price: 283.240000, open price: 283.060000, low price: 283.000000, high price: 283.260000, volume: 122864.000000}
{end time: 2019-12-24T09:48-05:00[America/New_York], close price: 283.069200, open price: 283.279600, low price: 283.050000, high price: 283.310000, volume: 85550.000000}
{end time: 2019-12-24T09:49-05:00[America/New_York], close price: 283.120000, open price: 283.085700, low price: 283.080000, high price: 283.210000, volume: 49243.000000}
{end time: 2019-12-24T09:50-05:00[America/New_York], close price: 283.152000, open price: 283.100000, low price: 283.024400, high price: 283.200000, volume: 53361.000000}
{end time: 2019-12-24T09:51-05:00[America/New_York], close price: 283.326000, open price: 283.152000, low price: 283.147500, high price: 283.440000, volume: 363855.000000}
{end time: 2019-12-24T09:52-05:00[America/New_York], close price: 283.392700, open price: 283.320000, low price: 283.230000, high price: 283.439900, volume: 80735.000000}
{end time: 2019-12-24T09:53-05:00[America/New_York], close price: 283.575000, open price: 283.390000, low price: 283.380000, high price: 283.580000, volume: 61958.000000}
{end time: 2019-12-24T09:54-05:00[America/New_York], close price: 283.540000, open price: 283.580000, low price: 283.430000, high price: 283.615500, volume: 76855.000000}
{end time: 2019-12-24T09:55-05:00[America/New_York], close price: 283.670000, open price: 283.518300, low price: 283.518300, high price: 283.720000, volume: 69480.000000}
{end time: 2019-12-24T09:56-05:00[America/New_York], close price: 283.701900, open price: 283.680900, low price: 283.660100, high price: 283.777500, volume: 50318.000000}
{end time: 2019-12-24T09:57-05:00[America/New_York], close price: 283.850000, open price: 283.710000, low price: 283.710000, high price: 284.030000, volume: 109706.000000}
{end time: 2019-12-24T09:58-05:00[America/New_York], close price: 283.920000, open price: 283.870000, low price: 283.840100, high price: 284.035000, volume: 85474.000000}
{end time: 2019-12-24T09:59-05:00[America/New_York], close price: 284.125000, open price: 283.940000, low price: 283.900000, high price: 284.198900, volume: 110257.000000}
{end time: 2019-12-24T10:00-05:00[America/New_York], close price: 284.185000, open price: 284.110000, low price: 284.000000, high price: 284.340000, volume: 114112.000000}
{end time: 2019-12-24T10:01-05:00[America/New_York], close price: 284.230600, open price: 284.180000, low price: 284.150000, high price: 284.320000, volume: 55559.000000}
{end time: 2019-12-24T10:02-05:00[America/New_York], close price: 284.235900, open price: 284.215000, low price: 284.150000, high price: 284.254100, volume: 52698.000000}
{end time: 2019-12-24T10:03-05:00[America/New_York], close price: 284.277100, open price: 284.234000, low price: 284.089200, high price: 284.277100, volume: 75161.000000}
{end time: 2019-12-24T10:04-05:00[America/New_York], close price: 284.410000, open price: 284.270000, low price: 284.250000, high price: 284.460000, volume: 67594.000000}
{end time: 2019-12-24T10:05-05:00[America/New_York], close price: 284.260000, open price: 284.400400, low price: 284.171900, high price: 284.476000, volume: 77062.000000}
{end time: 2019-12-24T10:06-05:00[America/New_York], close price: 284.060000, open price: 284.253900, low price: 284.040000, high price: 284.270000, volume: 72705.000000}
{end time: 2019-12-24T10:07-05:00[America/New_York], close price: 284.100000, open price: 284.053200, low price: 284.053200, high price: 284.184000, volume: 49153.000000}
{end time: 2019-12-24T10:08-05:00[America/New_York], close price: 284.110000, open price: 284.100000, low price: 284.050000, high price: 284.140000, volume: 38075.000000}
{end time: 2019-12-24T10:09-05:00[America/New_York], close price: 284.100000, open price: 284.100500, low price: 284.100000, high price: 284.265700, volume: 36789.000000}
{end time: 2019-12-24T10:10-05:00[America/New_York], close price: 283.927700, open price: 284.105000, low price: 283.910000, high price: 284.140000, volume: 57079.000000}
{end time: 2019-12-24T10:11-05:00[America/New_York], close price: 283.820000, open price: 283.924000, low price: 283.800000, high price: 283.990000, volume: 54586.000000}
{end time: 2019-12-24T10:12-05:00[America/New_York], close price: 284.060000, open price: 283.830000, low price: 283.826500, high price: 284.060000, volume: 33425.000000}
{end time: 2019-12-24T10:13-05:00[America/New_York], close price: 284.060000, open price: 284.075000, low price: 283.990000, high price: 284.190000, volume: 45663.000000}
{end time: 2019-12-24T10:14-05:00[America/New_York], close price: 284.008000, open price: 284.069500, low price: 284.000000, high price: 284.080000, volume: 28076.000000}
{end time: 2019-12-24T10:15-05:00[America/New_York], close price: 284.120000, open price: 284.010000, low price: 284.010000, high price: 284.140000, volume: 38116.000000}
{end time: 2019-12-24T10:16-05:00[America/New_York], close price: 284.074500, open price: 284.140000, low price: 284.020000, high price: 284.159000, volume: 28945.000000}
{end time: 2019-12-24T10:17-05:00[America/New_York], close price: 284.210000, open price: 284.080000, low price: 284.060100, high price: 284.267200, volume: 36532.000000}
{end time: 2019-12-24T10:18-05:00[America/New_York], close price: 284.260000, open price: 284.210000, low price: 284.150000, high price: 284.260000, volume: 23074.000000}
{end time: 2019-12-24T10:19-05:00[America/New_York], close price: 284.247600, open price: 284.240000, low price: 284.228000, high price: 284.310000, volume: 27641.000000}
{end time: 2019-12-24T10:20-05:00[America/New_York], close price: 284.290000, open price: 284.260000, low price: 284.260000, high price: 284.346700, volume: 52470.000000}
{end time: 2019-12-24T10:21-05:00[America/New_York], close price: 284.160000, open price: 284.280000, low price: 284.120000, high price: 284.290000, volume: 42551.000000}
{end time: 2019-12-24T10:22-05:00[America/New_York], close price: 284.090000, open price: 284.160000, low price: 284.070000, high price: 284.249900, volume: 43590.000000}
{end time: 2019-12-24T10:23-05:00[America/New_York], close price: 284.106200, open price: 284.090000, low price: 284.040600, high price: 284.210000, volume: 52908.000000}
{end time: 2019-12-24T10:24-05:00[America/New_York], close price: 284.190000, open price: 284.110000, low price: 284.110000, high price: 284.260000, volume: 30002.000000}
{end time: 2019-12-24T10:25-05:00[America/New_York], close price: 284.130000, open price: 284.193500, low price: 284.130000, high price: 284.220000, volume: 23520.000000}
{end time: 2019-12-24T10:26-05:00[America/New_York], close price: 284.180000, open price: 284.140000, low price: 284.110000, high price: 284.190000, volume: 17297.000000}
{end time: 2019-12-24T10:27-05:00[America/New_York], close price: 284.320100, open price: 284.170000, low price: 284.170000, high price: 284.370000, volume: 48707.000000}
{end time: 2019-12-24T10:28-05:00[America/New_York], close price: 284.360000, open price: 284.324600, low price: 284.311700, high price: 284.405000, volume: 35014.000000}
{end time: 2019-12-24T10:29-05:00[America/New_York], close price: 284.310000, open price: 284.365000, low price: 284.260000, high price: 284.365000, volume: 32618.000000}
{end time: 2019-12-24T10:30-05:00[America/New_York], close price: 284.239900, open price: 284.300100, low price: 284.206000, high price: 284.325600, volume: 28970.000000}
{end time: 2019-12-24T10:31-05:00[America/New_York], close price: 284.230000, open price: 284.230000, low price: 284.170000, high price: 284.250000, volume: 43409.000000}
{end time: 2019-12-24T10:32-05:00[America/New_York], close price: 284.300000, open price: 284.230000, low price: 284.220000, high price: 284.309900, volume: 34099.000000}
{end time: 2019-12-24T10:33-05:00[America/New_York], close price: 284.195000, open price: 284.280000, low price: 284.180000, high price: 284.307800, volume: 28561.000000}
{end time: 2019-12-24T10:34-05:00[America/New_York], close price: 284.140000, open price: 284.192000, low price: 284.104700, high price: 284.220000, volume: 31738.000000}
{end time: 2019-12-24T10:35-05:00[America/New_York], close price: 284.294000, open price: 284.130000, low price: 284.090000, high price: 284.300000, volume: 43002.000000}
{end time: 2019-12-24T10:36-05:00[America/New_York], close price: 284.330000, open price: 284.290000, low price: 284.220000, high price: 284.340000, volume: 25375.000000}
{end time: 2019-12-24T10:37-05:00[America/New_York], close price: 284.473400, open price: 284.340000, low price: 284.330000, high price: 284.480000, volume: 44669.000000}
{end time: 2019-12-24T10:38-05:00[America/New_York], close price: 284.505400, open price: 284.483100, low price: 284.403500, high price: 284.550000, volume: 76463.000000}
{end time: 2019-12-24T10:39-05:00[America/New_York], close price: 284.480000, open price: 284.510000, low price: 284.420000, high price: 284.510000, volume: 34354.000000}
{end time: 2019-12-24T10:40-05:00[America/New_York], close price: 284.450000, open price: 284.477800, low price: 284.350000, high price: 284.477800, volume: 29118.000000}
{end time: 2019-12-24T10:41-05:00[America/New_York], close price: 284.399900, open price: 284.450000, low price: 284.360000, high price: 284.478900, volume: 23435.000000}
{end time: 2019-12-24T10:42-05:00[America/New_York], close price: 284.343200, open price: 284.390000, low price: 284.340000, high price: 284.400000, volume: 23701.000000}
{end time: 2019-12-24T10:43-05:00[America/New_York], close price: 284.389100, open price: 284.345000, low price: 284.290000, high price: 284.390000, volume: 27866.000000}
{end time: 2019-12-24T10:44-05:00[America/New_York], close price: 284.340000, open price: 284.400000, low price: 284.300000, high price: 284.410000, volume: 33718.000000}
{end time: 2019-12-24T10:45-05:00[America/New_York], close price: 284.270000, open price: 284.320100, low price: 284.244700, high price: 284.331200, volume: 27168.000000}
{end time: 2019-12-24T10:46-05:00[America/New_York], close price: 284.176900, open price: 284.270000, low price: 284.160000, high price: 284.290000, volume: 35749.000000}
{end time: 2019-12-24T10:47-05:00[America/New_York], close price: 284.220100, open price: 284.180500, low price: 284.178500, high price: 284.270000, volume: 26572.000000}
{end time: 2019-12-24T10:48-05:00[America/New_York], close price: 284.303200, open price: 284.231100, low price: 284.230000, high price: 284.303200, volume: 20860.000000}
{end time: 2019-12-24T10:49-05:00[America/New_York], close price: 284.200300, open price: 284.310000, low price: 284.200000, high price: 284.315000, volume: 55783.000000}
{end time: 2019-12-24T10:50-05:00[America/New_York], close price: 284.119900, open price: 284.210000, low price: 284.100000, high price: 284.270000, volume: 39010.000000}
{end time: 2019-12-24T10:51-05:00[America/New_York], close price: 284.208000, open price: 284.130000, low price: 284.130000, high price: 284.290000, volume: 30846.000000}
{end time: 2019-12-24T10:52-05:00[America/New_York], close price: 284.208400, open price: 284.190000, low price: 284.160000, high price: 284.220000, volume: 25017.000000}
{end time: 2019-12-24T10:53-05:00[America/New_York], close price: 284.200000, open price: 284.202000, low price: 284.170000, high price: 284.260000, volume: 36308.000000}
{end time: 2019-12-24T10:54-05:00[America/New_York], close price: 284.240000, open price: 284.200000, low price: 284.180000, high price: 284.260000, volume: 14045.000000}
{end time: 2019-12-24T10:55-05:00[America/New_York], close price: 284.306000, open price: 284.239600, low price: 284.220000, high price: 284.340000, volume: 27504.000000}
{end time: 2019-12-24T10:56-05:00[America/New_York], close price: 284.190000, open price: 284.321000, low price: 284.150600, high price: 284.350000, volume: 32752.000000}
{end time: 2019-12-24T10:57-05:00[America/New_York], close price: 284.179900, open price: 284.210000, low price: 284.169500, high price: 284.250000, volume: 13469.000000}
{end time: 2019-12-24T10:58-05:00[America/New_York], close price: 284.162200, open price: 284.162600, low price: 284.153300, high price: 284.190000, volume: 8508.000000}
{end time: 2019-12-24T10:59-05:00[America/New_York], close price: 284.192500, open price: 284.169200, low price: 284.160000, high price: 284.210000, volume: 18995.000000}
{end time: 2019-12-24T11:00-05:00[America/New_York], close price: 284.210600, open price: 284.184000, low price: 284.150000, high price: 284.269900, volume: 32740.000000}
{end time: 2019-12-24T11:01-05:00[America/New_York], close price: 284.240000, open price: 284.210000, low price: 284.190000, high price: 284.250000, volume: 19358.000000}
{end time: 2019-12-24T11:02-05:00[America/New_York], close price: 284.274500, open price: 284.270000, low price: 284.260000, high price: 284.330000, volume: 31205.000000}
{end time: 2019-12-24T11:03-05:00[America/New_York], close price: 284.240000, open price: 284.269400, low price: 284.211100, high price: 284.277700, volume: 11895.000000}
{end time: 2019-12-24T11:04-05:00[America/New_York], close price: 284.240100, open price: 284.234100, low price: 284.180000, high price: 284.259900, volume: 22309.000000}
{end time: 2019-12-24T11:05-05:00[America/New_York], close price: 284.220000, open price: 284.240000, low price: 284.150000, high price: 284.240000, volume: 29122.000000}
{end time: 2019-12-24T11:06-05:00[America/New_York], close price: 284.177300, open price: 284.219400, low price: 284.150000, high price: 284.219400, volume: 13998.000000}
{end time: 2019-12-24T11:07-05:00[America/New_York], close price: 284.210000, open price: 284.170000, low price: 284.160000, high price: 284.219900, volume: 21895.000000}
{end time: 2019-12-24T11:08-05:00[America/New_York], close price: 284.211300, open price: 284.215600, low price: 284.190000, high price: 284.240000, volume: 17127.000000}
{end time: 2019-12-24T11:09-05:00[America/New_York], close price: 284.188800, open price: 284.220000, low price: 284.130400, high price: 284.220000, volume: 21896.000000}
{end time: 2019-12-24T11:10-05:00[America/New_York], close price: 284.230100, open price: 284.197300, low price: 284.197300, high price: 284.235000, volume: 23372.000000}
{end time: 2019-12-24T11:11-05:00[America/New_York], close price: 284.244000, open price: 284.230000, low price: 284.200900, high price: 284.260000, volume: 10341.000000}
{end time: 2019-12-24T11:12-05:00[America/New_York], close price: 284.253900, open price: 284.243600, low price: 284.230000, high price: 284.280000, volume: 23281.000000}
{end time: 2019-12-24T11:13-05:00[America/New_York], close price: 284.210000, open price: 284.245400, low price: 284.210000, high price: 284.290000, volume: 14313.000000}
{end time: 2019-12-24T11:14-05:00[America/New_York], close price: 284.160000, open price: 284.200000, low price: 284.120000, high price: 284.200000, volume: 30412.000000}
{end time: 2019-12-24T11:15-05:00[America/New_York], close price: 284.195400, open price: 284.175000, low price: 284.146600, high price: 284.210000, volume: 14962.000000}
{end time: 2019-12-24T11:16-05:00[America/New_York], close price: 284.216900, open price: 284.200000, low price: 284.160000, high price: 284.280000, volume: 29454.000000}
{end time: 2019-12-24T11:17-05:00[America/New_York], close price: 284.222000, open price: 284.240000, low price: 284.200000, high price: 284.250000, volume: 13216.000000}
{end time: 2019-12-24T11:18-05:00[America/New_York], close price: 284.250000, open price: 284.240000, low price: 284.207500, high price: 284.260000, volume: 17132.000000}
{end time: 2019-12-24T11:19-05:00[America/New_York], close price: 284.170000, open price: 284.245000, low price: 284.170000, high price: 284.260000, volume: 14246.000000}
{end time: 2019-12-24T11:20-05:00[America/New_York], close price: 284.150100, open price: 284.170000, low price: 284.140000, high price: 284.205600, volume: 35118.000000}
{end time: 2019-12-24T11:21-05:00[America/New_York], close price: 284.122700, open price: 284.162000, low price: 284.110000, high price: 284.170000, volume: 20143.000000}
{end time: 2019-12-24T11:22-05:00[America/New_York], close price: 284.080000, open price: 284.110000, low price: 284.060000, high price: 284.116900, volume: 24689.000000}
{end time: 2019-12-24T11:23-05:00[America/New_York], close price: 284.110900, open price: 284.080000, low price: 284.070000, high price: 284.140000, volume: 13593.000000}
{end time: 2019-12-24T11:24-05:00[America/New_York], close price: 284.150000, open price: 284.101000, low price: 284.100000, high price: 284.160000, volume: 18824.000000}
{end time: 2019-12-24T11:25-05:00[America/New_York], close price: 284.069900, open price: 284.150000, low price: 284.040000, high price: 284.175000, volume: 24420.000000}
{end time: 2019-12-24T11:26-05:00[America/New_York], close price: 284.041800, open price: 284.064000, low price: 284.030000, high price: 284.070000, volume: 18301.000000}
{end time: 2019-12-24T11:27-05:00[America/New_York], close price: 284.024800, open price: 284.040000, low price: 284.010000, high price: 284.049500, volume: 25451.000000}
{end time: 2019-12-24T11:28-05:00[America/New_York], close price: 284.060000, open price: 284.010000, low price: 284.010000, high price: 284.090000, volume: 24670.000000}
{end time: 2019-12-24T11:29-05:00[America/New_York], close price: 284.058300, open price: 284.060000, low price: 283.980000, high price: 284.090000, volume: 64925.000000}
{end time: 2019-12-24T11:30-05:00[America/New_York], close price: 284.090000, open price: 284.087900, low price: 284.060000, high price: 284.110000, volume: 13978.000000}
{end time: 2019-12-24T11:31-05:00[America/New_York], close price: 284.140000, open price: 284.080100, low price: 284.070100, high price: 284.189900, volume: 17100.000000}
{end time: 2019-12-24T11:32-05:00[America/New_York], close price: 284.120000, open price: 284.130000, low price: 284.055000, high price: 284.140000, volume: 23082.000000}
{end time: 2019-12-24T11:33-05:00[America/New_York], close price: 284.075000, open price: 284.119600, low price: 284.030000, high price: 284.120000, volume: 6910.000000}
{end time: 2019-12-24T11:34-05:00[America/New_York], close price: 284.105600, open price: 284.090000, low price: 284.050000, high price: 284.110000, volume: 14004.000000}
{end time: 2019-12-24T11:35-05:00[America/New_York], close price: 284.067900, open price: 284.100000, low price: 284.050000, high price: 284.150000, volume: 17784.000000}
{end time: 2019-12-24T11:36-05:00[America/New_York], close price: 284.080000, open price: 284.051200, low price: 284.003000, high price: 284.086900, volume: 20445.000000}
{end time: 2019-12-24T11:37-05:00[America/New_York], close price: 284.060000, open price: 284.090000, low price: 284.060000, high price: 284.130000, volume: 25356.000000}
{end time: 2019-12-24T11:38-05:00[America/New_York], close price: 284.015000, open price: 284.055000, low price: 283.990000, high price: 284.099800, volume: 40176.000000}
{end time: 2019-12-24T11:39-05:00[America/New_York], close price: 284.030000, open price: 284.015000, low price: 283.990000, high price: 284.070000, volume: 14174.000000}
{end time: 2019-12-24T11:40-05:00[America/New_York], close price: 284.030000, open price: 284.030000, low price: 284.006400, high price: 284.060000, volume: 13636.000000}
{end time: 2019-12-24T11:41-05:00[America/New_York], close price: 284.047800, open price: 284.030000, low price: 283.992600, high price: 284.048600, volume: 15916.000000}
{end time: 2019-12-24T11:42-05:00[America/New_York], close price: 283.990000, open price: 284.050000, low price: 283.930000, high price: 284.060000, volume: 34788.000000}
{end time: 2019-12-24T11:43-05:00[America/New_York], close price: 283.940000, open price: 283.982000, low price: 283.900100, high price: 283.990000, volume: 22579.000000}
{end time: 2019-12-24T11:44-05:00[America/New_York], close price: 283.951400, open price: 283.952600, low price: 283.900000, high price: 283.952600, volume: 14404.000000}
{end time: 2019-12-24T11:45-05:00[America/New_York], close price: 283.930000, open price: 283.957800, low price: 283.920000, high price: 283.988000, volume: 28171.000000}
{end time: 2019-12-24T11:46-05:00[America/New_York], close price: 283.830000, open price: 283.930000, low price: 283.810000, high price: 283.930000, volume: 35635.000000}
{end time: 2019-12-24T11:47-05:00[America/New_York], close price: 283.850000, open price: 283.835000, low price: 283.786000, high price: 283.880000, volume: 38960.000000}
{end time: 2019-12-24T11:48-05:00[America/New_York], close price: 283.880000, open price: 283.855000, low price: 283.820000, high price: 283.880000, volume: 29310.000000}
{end time: 2019-12-24T11:49-05:00[America/New_York], close price: 283.819900, open price: 283.872600, low price: 283.800800, high price: 283.900000, volume: 34086.000000}
{end time: 2019-12-24T11:50-05:00[America/New_York], close price: 283.770100, open price: 283.800000, low price: 283.710100, high price: 283.810000, volume: 32815.000000}
{end time: 2019-12-24T11:51-05:00[America/New_York], close price: 283.880600, open price: 283.800000, low price: 283.792000, high price: 283.890000, volume: 23412.000000}
{end time: 2019-12-24T11:52-05:00[America/New_York], close price: 283.803000, open price: 283.890000, low price: 283.780000, high price: 283.890000, volume: 12398.000000}
{end time: 2019-12-24T11:53-05:00[America/New_York], close price: 283.880000, open price: 283.810000, low price: 283.800000, high price: 283.884600, volume: 13383.000000}
{end time: 2019-12-24T11:54-05:00[America/New_York], close price: 283.830000, open price: 283.871500, low price: 283.810000, high price: 283.890000, volume: 20737.000000}
{end time: 2019-12-24T11:55-05:00[America/New_York], close price: 283.869400, open price: 283.830000, low price: 283.810000, high price: 283.890000, volume: 12001.000000}
{end time: 2019-12-24T11:56-05:00[America/New_York], close price: 283.874600, open price: 283.880000, low price: 283.820000, high price: 283.900000, volume: 20760.000000}
{end time: 2019-12-24T11:57-05:00[America/New_York], close price: 283.950000, open price: 283.860000, low price: 283.830100, high price: 283.980000, volume: 42839.000000}
{end time: 2019-12-24T11:58-05:00[America/New_York], close price: 283.910000, open price: 283.941400, low price: 283.880000, high price: 283.960000, volume: 25074.000000}
{end time: 2019-12-24T11:59-05:00[America/New_York], close price: 283.889400, open price: 283.920000, low price: 283.880100, high price: 283.945000, volume: 17521.000000}
{end time: 2019-12-24T12:00-05:00[America/New_York], close price: 283.800000, open price: 283.880000, low price: 283.800000, high price: 283.889900, volume: 27846.000000}
{end time: 2019-12-24T12:01-05:00[America/New_York], close price: 283.832600, open price: 283.803700, low price: 283.770000, high price: 283.850000, volume: 23599.000000}
{end time: 2019-12-24T12:02-05:00[America/New_York], close price: 283.805000, open price: 283.834000, low price: 283.790000, high price: 283.848700, volume: 15429.000000}
{end time: 2019-12-24T12:03-05:00[America/New_York], close price: 283.810000, open price: 283.800000, low price: 283.780000, high price: 283.849900, volume: 18778.000000}
{end time: 2019-12-24T12:04-05:00[America/New_York], close price: 283.770000, open price: 283.810000, low price: 283.750000, high price: 283.810000, volume: 27715.000000}
{end time: 2019-12-24T12:05-05:00[America/New_York], close price: 283.795000, open price: 283.779100, low price: 283.750100, high price: 283.825000, volume: 16973.000000}
{end time: 2019-12-24T12:06-05:00[America/New_York], close price: 283.840000, open price: 283.800000, low price: 283.760000, high price: 283.850000, volume: 18084.000000}
{end time: 2019-12-24T12:07-05:00[America/New_York], close price: 283.860000, open price: 283.840000, low price: 283.800000, high price: 283.870000, volume: 18577.000000}
{end time: 2019-12-24T12:08-05:00[America/New_York], close price: 283.795000, open price: 283.869900, low price: 283.790000, high price: 283.875000, volume: 11374.000000}
{end time: 2019-12-24T12:09-05:00[America/New_York], close price: 283.808500, open price: 283.790000, low price: 283.732600, high price: 283.820000, volume: 27800.000000}
{end time: 2019-12-24T12:10-05:00[America/New_York], close price: 283.810000, open price: 283.818000, low price: 283.800000, high price: 283.840000, volume: 15244.000000}
{end time: 2019-12-24T12:11-05:00[America/New_York], close price: 283.800000, open price: 283.799900, low price: 283.780000, high price: 283.810000, volume: 13797.000000}
{end time: 2019-12-24T12:12-05:00[America/New_York], close price: 283.780000, open price: 283.800000, low price: 283.780000, high price: 283.830000, volume: 13025.000000}
{end time: 2019-12-24T12:13-05:00[America/New_York], close price: 283.740000, open price: 283.780000, low price: 283.720000, high price: 283.789900, volume: 12262.000000}
{end time: 2019-12-24T12:14-05:00[America/New_York], close price: 283.745000, open price: 283.735000, low price: 283.690000, high price: 283.780000, volume: 31638.000000}
{end time: 2019-12-24T12:15-05:00[America/New_York], close price: 283.721300, open price: 283.740000, low price: 283.690000, high price: 283.741700, volume: 13290.000000}
{end time: 2019-12-24T12:16-05:00[America/New_York], close price: 283.740000, open price: 283.700000, low price: 283.700000, high price: 283.770000, volume: 21310.000000}
{end time: 2019-12-24T12:17-05:00[America/New_York], close price: 283.740000, open price: 283.732500, low price: 283.730000, high price: 283.750000, volume: 7674.000000}
{end time: 2019-12-24T12:18-05:00[America/New_York], close price: 283.800000, open price: 283.730000, low price: 283.730000, high price: 283.810000, volume: 41490.000000}
{end time: 2019-12-24T12:19-05:00[America/New_York], close price: 283.870000, open price: 283.790100, low price: 283.790100, high price: 283.870000, volume: 35519.000000}
{end time: 2019-12-24T12:20-05:00[America/New_York], close price: 283.910100, open price: 283.855000, low price: 283.850000, high price: 283.970000, volume: 40698.000000}
{end time: 2019-12-24T12:21-05:00[America/New_York], close price: 284.015000, open price: 283.916000, low price: 283.900000, high price: 284.057300, volume: 58694.000000}
{end time: 2019-12-24T12:22-05:00[America/New_York], close price: 284.127200, open price: 284.020000, low price: 284.020000, high price: 284.150000, volume: 67460.000000}
{end time: 2019-12-24T12:23-05:00[America/New_York], close price: 284.160000, open price: 284.112700, low price: 284.110000, high price: 284.180000, volume: 49379.000000}
{end time: 2019-12-24T12:24-05:00[America/New_York], close price: 284.245000, open price: 284.130000, low price: 284.130000, high price: 284.250000, volume: 44205.000000}
{end time: 2019-12-24T12:25-05:00[America/New_York], close price: 284.206000, open price: 284.250000, low price: 284.206000, high price: 284.289900, volume: 31732.000000}
{end time: 2019-12-24T12:26-05:00[America/New_York], close price: 284.187000, open price: 284.216900, low price: 284.110100, high price: 284.216900, volume: 35160.000000}
{end time: 2019-12-24T12:27-05:00[America/New_York], close price: 284.140200, open price: 284.190000, low price: 284.140000, high price: 284.220000, volume: 11397.000000}
{end time: 2019-12-24T12:28-05:00[America/New_York], close price: 284.150000, open price: 284.158800, low price: 284.110000, high price: 284.170000, volume: 17593.000000}
{end time: 2019-12-24T12:29-05:00[America/New_York], close price: 284.131200, open price: 284.140100, low price: 284.120000, high price: 284.160000, volume: 8639.000000}
{end time: 2019-12-24T12:30-05:00[America/New_York], close price: 284.085000, open price: 284.135000, low price: 284.040000, high price: 284.159900, volume: 23753.000000}
{end time: 2019-12-24T12:31-05:00[America/New_York], close price: 284.002200, open price: 284.078800, low price: 283.990000, high price: 284.080000, volume: 31142.000000}
{end time: 2019-12-24T12:32-05:00[America/New_York], close price: 284.007900, open price: 284.010000, low price: 283.970100, high price: 284.040000, volume: 18579.000000}
{end time: 2019-12-24T12:33-05:00[America/New_York], close price: 284.010300, open price: 284.001200, low price: 283.979400, high price: 284.020000, volume: 14464.000000}
{end time: 2019-12-24T12:34-05:00[America/New_York], close price: 284.136000, open price: 284.017200, low price: 283.955000, high price: 284.150000, volume: 38403.000000}
{end time: 2019-12-24T12:35-05:00[America/New_York], close price: 284.079300, open price: 284.140000, low price: 284.062200, high price: 284.140000, volume: 16666.000000}
{end time: 2019-12-24T12:36-05:00[America/New_York], close price: 284.125000, open price: 284.090000, low price: 284.088800, high price: 284.125000, volume: 6821.000000}
{end time: 2019-12-24T12:37-05:00[America/New_York], close price: 284.042000, open price: 284.129900, low price: 284.040000, high price: 284.129900, volume: 26669.000000}
{end time: 2019-12-24T12:38-05:00[America/New_York], close price: 284.105000, open price: 284.040000, low price: 283.980000, high price: 284.110000, volume: 35862.000000}
{end time: 2019-12-24T12:39-05:00[America/New_York], close price: 284.080000, open price: 284.100000, low price: 284.010000, high price: 284.100000, volume: 16023.000000}
{end time: 2019-12-24T12:40-05:00[America/New_York], close price: 284.060000, open price: 284.060000, low price: 284.020000, high price: 284.089700, volume: 18581.000000}
{end time: 2019-12-24T12:41-05:00[America/New_York], close price: 284.099900, open price: 284.050000, low price: 284.030000, high price: 284.110000, volume: 24846.000000}
{end time: 2019-12-24T12:42-05:00[America/New_York], close price: 284.088600, open price: 284.080000, low price: 284.050100, high price: 284.110000, volume: 28020.000000}
{end time: 2019-12-24T12:43-05:00[America/New_York], close price: 284.123500, open price: 284.101500, low price: 284.070000, high price: 284.180000, volume: 26815.000000}
{end time: 2019-12-24T12:44-05:00[America/New_York], close price: 284.171000, open price: 284.134400, low price: 284.080000, high price: 284.185000, volume: 37560.000000}
{end time: 2019-12-24T12:45-05:00[America/New_York], close price: 284.120000, open price: 284.178800, low price: 284.110000, high price: 284.190000, volume: 24778.000000}
{end time: 2019-12-24T12:46-05:00[America/New_York], close price: 284.174000, open price: 284.120000, low price: 284.110000, high price: 284.180000, volume: 21807.000000}
{end time: 2019-12-24T12:47-05:00[America/New_York], close price: 284.157600, open price: 284.165000, low price: 284.125000, high price: 284.180000, volume: 25205.000000}
{end time: 2019-12-24T12:48-05:00[America/New_York], close price: 284.150300, open price: 284.150000, low price: 284.132500, high price: 284.190000, volume: 16494.000000}
{end time: 2019-12-24T12:49-05:00[America/New_York], close price: 284.200000, open price: 284.170000, low price: 284.150000, high price: 284.200000, volume: 32480.000000}
{end time: 2019-12-24T12:50-05:00[America/New_York], close price: 284.210500, open price: 284.170000, low price: 284.140000, high price: 284.220000, volume: 33280.000000}
{end time: 2019-12-24T12:51-05:00[America/New_York], close price: 284.220000, open price: 284.210000, low price: 284.190000, high price: 284.270000, volume: 49839.000000}
{end time: 2019-12-24T12:52-05:00[America/New_York], close price: 284.383000, open price: 284.217600, low price: 284.212600, high price: 284.395300, volume: 60688.000000}
{end time: 2019-12-24T12:53-05:00[America/New_York], close price: 284.442300, open price: 284.380000, low price: 284.360000, high price: 284.500000, volume: 87607.000000}
{end time: 2019-12-24T12:54-05:00[America/New_York], close price: 284.490000, open price: 284.445000, low price: 284.431900, high price: 284.555500, volume: 103003.000000}
{end time: 2019-12-24T12:55-05:00[America/New_York], close price: 284.370000, open price: 284.480000, low price: 284.370000, high price: 284.495500, volume: 38749.000000}
{end time: 2019-12-24T12:56-05:00[America/New_York], close price: 284.370000, open price: 284.375000, low price: 284.310000, high price: 284.400000, volume: 48422.000000}
{end time: 2019-12-24T12:57-05:00[America/New_York], close price: 284.295800, open price: 284.360000, low price: 284.190000, high price: 284.380000, volume: 65697.000000}
{end time: 2019-12-24T12:58-05:00[America/New_York], close price: 284.280000, open price: 284.275000, low price: 284.180000, high price: 284.280000, volume: 46081.000000}
{end time: 2019-12-24T12:59-05:00[America/New_York], close price: 284.276200, open price: 284.270000, low price: 284.270000, high price: 284.460000, volume: 116443.000000}
{end time: 2019-12-24T13:00-05:00[America/New_York], close price: 284.270000, open price: 284.270000, low price: 284.270000, high price: 284.280000, volume: 403948.000000}
{end time: 2019-12-24T13:15-05:00[America/New_York], close price: 284.270000, open price: 284.270000, low price: 284.270000, high price: 284.270000, volume: 0.000000}
{end time: 2019-12-24T16:01-05:00[America/New_York], close price: 284.360000, open price: 284.360000, low price: 284.360000, high price: 284.360000, volume: 200.000000}
{end time: 2019-12-24T16:19-05:00[America/New_York], close price: 284.420000, open price: 284.420000, low price: 284.420000, high price: 284.420000, volume: 227.000000}
{end time: 2019-12-24T16:20-05:00[America/New_York], close price: 284.350000, open price: 284.350000, low price: 284.350000, high price: 284.350000, volume: 400.000000}
{end time: 2019-12-24T16:32-05:00[America/New_York], close price: 284.400000, open price: 284.400000, low price: 284.400000, high price: 284.400000, volume: 315.000000}
{end time: 2019-12-24T16:59-05:00[America/New_York], close price: 284.420000, open price: 284.420000, low price: 284.420000, high price: 284.420000, volume: 172.000000}
{end time: 2019-12-26T04:04-05:00[America/New_York], close price: 284.890000, open price: 284.890000, low price: 284.890000, high price: 284.890000, volume: 465.000000}
{end time: 2019-12-26T04:45-05:00[America/New_York], close price: 284.890000, open price: 284.890000, low price: 284.890000, high price: 284.890000, volume: 100.000000}
{end time: 2019-12-26T05:19-05:00[America/New_York], close price: 284.890000, open price: 284.890000, low price: 284.890000, high price: 284.890000, volume: 100.000000}
{end time: 2019-12-26T06:43-05:00[America/New_York], close price: 284.850000, open price: 284.850000, low price: 284.850000, high price: 284.850000, volume: 1032.000000}
{end time: 2019-12-26T06:44-05:00[America/New_York], close price: 284.850000, open price: 284.850000, low price: 284.850000, high price: 284.850000, volume: 218.000000}
{end time: 2019-12-26T06:59-05:00[America/New_York], close price: 284.720000, open price: 284.720000, low price: 284.720000, high price: 284.720000, volume: 116.000000}
{end time: 2019-12-26T07:00-05:00[America/New_York], close price: 284.750000, open price: 284.840000, low price: 284.610000, high price: 284.840000, volume: 1692.000000}
{end time: 2019-12-26T07:01-05:00[America/New_York], close price: 284.750000, open price: 284.750000, low price: 284.750000, high price: 284.750000, volume: 704.000000}
{end time: 2019-12-26T07:04-05:00[America/New_York], close price: 284.780000, open price: 284.780000, low price: 284.780000, high price: 284.780000, volume: 100.000000}
{end time: 2019-12-26T07:05-05:00[America/New_York], close price: 284.800000, open price: 284.790000, low price: 284.790000, high price: 284.800000, volume: 400.000000}
{end time: 2019-12-26T07:08-05:00[America/New_York], close price: 284.750000, open price: 284.750000, low price: 284.750000, high price: 284.750000, volume: 209.000000}
{end time: 2019-12-26T07:15-05:00[America/New_York], close price: 284.790000, open price: 284.790000, low price: 284.790000, high price: 284.790000, volume: 151.000000}
{end time: 2019-12-26T07:19-05:00[America/New_York], close price: 284.730000, open price: 284.730000, low price: 284.730000, high price: 284.730000, volume: 132.000000}
{end time: 2019-12-26T07:23-05:00[America/New_York], close price: 284.700000, open price: 284.700000, low price: 284.700000, high price: 284.700000, volume: 150.000000}
{end time: 2019-12-26T07:30-05:00[America/New_York], close price: 284.750000, open price: 284.750000, low price: 284.750000, high price: 284.750000, volume: 100.000000}
{end time: 2019-12-26T07:31-05:00[America/New_York], close price: 284.800000, open price: 284.800000, low price: 284.800000, high price: 284.800000, volume: 151.000000}
{end time: 2019-12-26T07:37-05:00[America/New_York], close price: 284.720000, open price: 284.720000, low price: 284.720000, high price: 284.720000, volume: 200.000000}
{end time: 2019-12-26T07:40-05:00[America/New_York], close price: 284.750000, open price: 284.750000, low price: 284.750000, high price: 284.750000, volume: 198.000000}
{end time: 2019-12-26T07:50-05:00[America/New_York], close price: 284.750000, open price: 284.790000, low price: 284.750000, high price: 284.790000, volume: 200.000000}
{end time: 2019-12-26T07:52-05:00[America/New_York], close price: 284.750000, open price: 284.750000, low price: 284.750000, high price: 284.750000, volume: 200.000000}
{end time: 2019-12-26T07:54-05:00[America/New_York], close price: 284.730000, open price: 284.730000, low price: 284.730000, high price: 284.730000, volume: 1196.000000}
{end time: 2019-12-26T08:00-05:00[America/New_York], close price: 284.790000, open price: 284.751700, low price: 284.660000, high price: 284.850000, volume: 21215.000000}
{end time: 2019-12-26T08:03-05:00[America/New_York], close price: 284.790000, open price: 284.790000, low price: 284.790000, high price: 284.790000, volume: 217.000000}
{end time: 2019-12-26T08:05-05:00[America/New_York], close price: 284.780000, open price: 284.750000, low price: 284.750000, high price: 284.780000, volume: 1559.000000}
{end time: 2019-12-26T08:06-05:00[America/New_York], close price: 284.770000, open price: 284.770000, low price: 284.770000, high price: 284.770000, volume: 401.000000}
{end time: 2019-12-26T08:07-05:00[America/New_York], close price: 284.780000, open price: 284.760200, low price: 284.760000, high price: 284.780000, volume: 6616.000000}
{end time: 2019-12-26T08:08-05:00[America/New_York], close price: 284.760000, open price: 284.760200, low price: 284.760000, high price: 284.780000, volume: 1942.000000}
{end time: 2019-12-26T08:09-05:00[America/New_York], close price: 284.760000, open price: 284.760000, low price: 284.760000, high price: 284.779900, volume: 785.000000}
{end time: 2019-12-26T08:10-05:00[America/New_York], close price: 284.730000, open price: 284.735700, low price: 284.730000, high price: 284.735700, volume: 1132.000000}
{end time: 2019-12-26T08:12-05:00[America/New_York], close price: 284.650000, open price: 284.670000, low price: 284.650000, high price: 284.670000, volume: 4480.000000}
{end time: 2019-12-26T08:14-05:00[America/New_York], close price: 284.650000, open price: 284.650000, low price: 284.650000, high price: 284.650000, volume: 517.000000}
{end time: 2019-12-26T08:15-05:00[America/New_York], close price: 284.650000, open price: 284.650000, low price: 284.650000, high price: 284.650000, volume: 222.000000}
{end time: 2019-12-26T08:16-05:00[America/New_York], close price: 284.650000, open price: 284.660000, low price: 284.650000, high price: 284.660000, volume: 1591.000000}
{end time: 2019-12-26T08:21-05:00[America/New_York], close price: 284.700000, open price: 284.670000, low price: 284.670000, high price: 284.700000, volume: 1692.000000}
{end time: 2019-12-26T08:22-05:00[America/New_York], close price: 284.700000, open price: 284.700000, low price: 284.700000, high price: 284.700000, volume: 950.000000}
{end time: 2019-12-26T08:23-05:00[America/New_York], close price: 284.680000, open price: 284.660000, low price: 284.660000, high price: 284.680000, volume: 510.000000}
{end time: 2019-12-26T08:24-05:00[America/New_York], close price: 284.700000, open price: 284.700000, low price: 284.700000, high price: 284.700000, volume: 574.000000}
{end time: 2019-12-26T08:29-05:00[America/New_York], close price: 284.880000, open price: 284.700000, low price: 284.700000, high price: 284.880000, volume: 5521.000000}
{end time: 2019-12-26T08:30-05:00[America/New_York], close price: 284.840000, open price: 284.840000, low price: 284.840000, high price: 284.840000, volume: 260.000000}
{end time: 2019-12-26T08:31-05:00[America/New_York], close price: 284.780000, open price: 284.799900, low price: 284.780000, high price: 284.800000, volume: 2161.000000}
{end time: 2019-12-26T08:34-05:00[America/New_York], close price: 284.800000, open price: 284.740000, low price: 284.740000, high price: 284.800000, volume: 1983.000000}
{end time: 2019-12-26T08:35-05:00[America/New_York], close price: 284.770000, open price: 284.740000, low price: 284.740000, high price: 284.770000, volume: 1128.000000}
{end time: 2019-12-26T08:36-05:00[America/New_York], close price: 284.750000, open price: 284.750000, low price: 284.750000, high price: 284.750000, volume: 1000.000000}
{end time: 2019-12-26T08:37-05:00[America/New_York], close price: 284.700000, open price: 284.670000, low price: 284.670000, high price: 284.700000, volume: 350.000000}
{end time: 2019-12-26T08:38-05:00[America/New_York], close price: 284.740000, open price: 284.740000, low price: 284.740000, high price: 284.740000, volume: 200.000000}
{end time: 2019-12-26T08:40-05:00[America/New_York], close price: 284.750000, open price: 284.700000, low price: 284.680000, high price: 284.750000, volume: 646.000000}
{end time: 2019-12-26T08:41-05:00[America/New_York], close price: 284.740000, open price: 284.740000, low price: 284.740000, high price: 284.740000, volume: 326.000000}
{end time: 2019-12-26T08:42-05:00[America/New_York], close price: 284.750000, open price: 284.730000, low price: 284.730000, high price: 284.750000, volume: 1216.000000}
{end time: 2019-12-26T08:44-05:00[America/New_York], close price: 284.730000, open price: 284.730000, low price: 284.730000, high price: 284.730000, volume: 501.000000}
{end time: 2019-12-26T08:45-05:00[America/New_York], close price: 284.750000, open price: 284.749700, low price: 284.749700, high price: 284.750000, volume: 300.000000}
{end time: 2019-12-26T08:46-05:00[America/New_York], close price: 284.680000, open price: 284.680000, low price: 284.680000, high price: 284.680000, volume: 234.000000}
{end time: 2019-12-26T08:49-05:00[America/New_York], close price: 284.660100, open price: 284.664600, low price: 284.660000, high price: 284.664600, volume: 2448.000000}
{end time: 2019-12-26T08:50-05:00[America/New_York], close price: 284.730000, open price: 284.730000, low price: 284.730000, high price: 284.730000, volume: 100.000000}
{end time: 2019-12-26T08:51-05:00[America/New_York], close price: 284.700000, open price: 284.710000, low price: 284.700000, high price: 284.710000, volume: 220.000000}
{end time: 2019-12-26T08:54-05:00[America/New_York], close price: 284.700000, open price: 284.740000, low price: 284.700000, high price: 284.740000, volume: 412.000000}
{end time: 2019-12-26T08:55-05:00[America/New_York], close price: 284.700000, open price: 284.700000, low price: 284.700000, high price: 284.700000, volume: 125.000000}
{end time: 2019-12-26T08:57-05:00[America/New_York], close price: 284.700000, open price: 284.739900, low price: 284.650000, high price: 284.739900, volume: 1556.000000}
{end time: 2019-12-26T08:58-05:00[America/New_York], close price: 284.700000, open price: 284.700000, low price: 284.700000, high price: 284.700000, volume: 102.000000}
{end time: 2019-12-26T08:59-05:00[America/New_York], close price: 284.650000, open price: 284.700000, low price: 284.650000, high price: 284.700000, volume: 730.000000}
{end time: 2019-12-26T09:00-05:00[America/New_York], close price: 284.560000, open price: 284.650000, low price: 284.560000, high price: 284.650000, volume: 4100.000000}
{end time: 2019-12-26T09:01-05:00[America/New_York], close price: 284.600000, open price: 284.650000, low price: 284.600000, high price: 284.650000, volume: 928.000000}
{end time: 2019-12-26T09:02-05:00[America/New_York], close price: 284.619300, open price: 284.600000, low price: 284.600000, high price: 284.620000, volume: 1256.000000}
{end time: 2019-12-26T09:03-05:00[America/New_York], close price: 284.660000, open price: 284.620000, low price: 284.620000, high price: 284.680000, volume: 1286.000000}
{end time: 2019-12-26T09:04-05:00[America/New_York], close price: 284.660000, open price: 284.610100, low price: 284.610100, high price: 284.660000, volume: 412.000000}
{end time: 2019-12-26T09:05-05:00[America/New_York], close price: 284.680000, open price: 284.680000, low price: 284.680000, high price: 284.680000, volume: 625.000000}
{end time: 2019-12-26T09:06-05:00[America/New_York], close price: 284.690000, open price: 284.670000, low price: 284.670000, high price: 284.690000, volume: 338.000000}
{end time: 2019-12-26T09:07-05:00[America/New_York], close price: 284.630100, open price: 284.630100, low price: 284.630100, high price: 284.630100, volume: 438.000000}
{end time: 2019-12-26T09:08-05:00[America/New_York], close price: 284.659900, open price: 284.679900, low price: 284.659900, high price: 284.679900, volume: 350.000000}
{end time: 2019-12-26T09:09-05:00[America/New_York], close price: 284.690000, open price: 284.660000, low price: 284.660000, high price: 284.690000, volume: 5893.000000}
{end time: 2019-12-26T09:10-05:00[America/New_York], close price: 284.660000, open price: 284.660000, low price: 284.660000, high price: 284.660000, volume: 115.000000}
{end time: 2019-12-26T09:11-05:00[America/New_York], close price: 284.685000, open price: 284.685000, low price: 284.685000, high price: 284.685000, volume: 230.000000}
{end time: 2019-12-26T09:13-05:00[America/New_York], close price: 284.650000, open price: 284.690000, low price: 284.650000, high price: 284.690000, volume: 996.000000}
{end time: 2019-12-26T09:14-05:00[America/New_York], close price: 284.650000, open price: 284.650000, low price: 284.650000, high price: 284.650000, volume: 2790.000000}
{end time: 2019-12-26T09:15-05:00[America/New_York], close price: 284.600000, open price: 284.630000, low price: 284.600000, high price: 284.630000, volume: 8170.000000}
{end time: 2019-12-26T09:16-05:00[America/New_York], close price: 284.669900, open price: 284.669900, low price: 284.580000, high price: 284.669900, volume: 1139.000000}
{end time: 2019-12-26T09:18-05:00[America/New_York], close price: 284.650000, open price: 284.640000, low price: 284.640000, high price: 284.650000, volume: 463.000000}
{end time: 2019-12-26T09:20-05:00[America/New_York], close price: 284.640000, open price: 284.640000, low price: 284.640000, high price: 284.640000, volume: 705.000000}
{end time: 2019-12-26T09:23-05:00[America/New_York], close price: 284.650000, open price: 284.650000, low price: 284.650000, high price: 284.650000, volume: 365.000000}
{end time: 2019-12-26T09:25-05:00[America/New_York], close price: 284.700000, open price: 284.690000, low price: 284.690000, high price: 284.700000, volume: 918.000000}
{end time: 2019-12-26T09:26-05:00[America/New_York], close price: 284.700000, open price: 284.700000, low price: 284.700000, high price: 284.700000, volume: 2439.000000}
{end time: 2019-12-26T09:27-05:00[America/New_York], close price: 284.700000, open price: 284.700000, low price: 284.700000, high price: 284.700000, volume: 642.000000}
{end time: 2019-12-26T09:28-05:00[America/New_York], close price: 284.830000, open price: 284.750000, low price: 284.750000, high price: 284.830000, volume: 2360.000000}
{end time: 2019-12-26T09:30-05:00[America/New_York], close price: 285.011800, open price: 284.820000, low price: 284.800000, high price: 285.210000, volume: 372961.000000}
{end time: 2019-12-26T09:31-05:00[America/New_York], close price: 284.780000, open price: 285.040000, low price: 284.700000, high price: 285.129900, volume: 98630.000000}
{end time: 2019-12-26T09:32-05:00[America/New_York], close price: 285.071500, open price: 284.800000, low price: 284.760000, high price: 285.071500, volume: 60824.000000}
{end time: 2019-12-26T09:33-05:00[America/New_York], close price: 285.475500, open price: 285.040000, low price: 285.040000, high price: 285.500000, volume: 149042.000000}
{end time: 2019-12-26T09:34-05:00[America/New_York], close price: 285.555100, open price: 285.478000, low price: 285.350000, high price: 285.620000, volume: 107628.000000}
{end time: 2019-12-26T09:35-05:00[America/New_York], close price: 285.580000, open price: 285.570000, low price: 285.570000, high price: 285.760000, volume: 129063.000000}
{end time: 2019-12-26T09:36-05:00[America/New_York], close price: 285.562300, open price: 285.590000, low price: 285.410000, high price: 285.660000, volume: 81747.000000}
{end time: 2019-12-26T09:37-05:00[America/New_York], close price: 285.389000, open price: 285.560600, low price: 285.360000, high price: 285.600000, volume: 63327.000000}
{end time: 2019-12-26T09:38-05:00[America/New_York], close price: 285.467000, open price: 285.370600, low price: 285.320000, high price: 285.467000, volume: 52178.000000}
{end time: 2019-12-26T09:39-05:00[America/New_York], close price: 285.540200, open price: 285.454700, low price: 285.360000, high price: 285.570000, volume: 64102.000000}
{end time: 2019-12-26T09:40-05:00[America/New_York], close price: 285.690900, open price: 285.540000, low price: 285.525100, high price: 285.690900, volume: 54453.000000}
{end time: 2019-12-26T09:41-05:00[America/New_York], close price: 285.788800, open price: 285.670000, low price: 285.670000, high price: 285.820000, volume: 70968.000000}
{end time: 2019-12-26T09:42-05:00[America/New_York], close price: 285.768100, open price: 285.780000, low price: 285.746900, high price: 285.830000, volume: 70142.000000}
{end time: 2019-12-26T09:43-05:00[America/New_York], close price: 285.670000, open price: 285.783500, low price: 285.570000, high price: 285.783500, volume: 89669.000000}
{end time: 2019-12-26T09:44-05:00[America/New_York], close price: 285.703900, open price: 285.660000, low price: 285.470000, high price: 285.719900, volume: 78473.000000}
{end time: 2019-12-26T09:45-05:00[America/New_York], close price: 285.630100, open price: 285.719800, low price: 285.630000, high price: 285.780000, volume: 44864.000000}
{end time: 2019-12-26T09:46-05:00[America/New_York], close price: 285.800000, open price: 285.660000, low price: 285.645300, high price: 285.810000, volume: 35507.000000}
{end time: 2019-12-26T09:47-05:00[America/New_York], close price: 285.789500, open price: 285.810000, low price: 285.720000, high price: 285.810000, volume: 33490.000000}
{end time: 2019-12-26T09:48-05:00[America/New_York], close price: 285.870000, open price: 285.800000, low price: 285.800000, high price: 285.910000, volume: 61726.000000}
{end time: 2019-12-26T09:49-05:00[America/New_York], close price: 285.906000, open price: 285.880000, low price: 285.874000, high price: 285.980000, volume: 113557.000000}
{end time: 2019-12-26T09:50-05:00[America/New_York], close price: 285.920000, open price: 285.910000, low price: 285.890000, high price: 285.950000, volume: 51038.000000}
{end time: 2019-12-26T09:51-05:00[America/New_York], close price: 285.769800, open price: 285.920000, low price: 285.730000, high price: 285.920000, volume: 63244.000000}
{end time: 2019-12-26T09:52-05:00[America/New_York], close price: 285.760000, open price: 285.762900, low price: 285.760000, high price: 285.870000, volume: 58152.000000}
{end time: 2019-12-26T09:53-05:00[America/New_York], close price: 285.680000, open price: 285.760000, low price: 285.640000, high price: 285.770000, volume: 55476.000000}
{end time: 2019-12-26T09:54-05:00[America/New_York], close price: 285.690000, open price: 285.670000, low price: 285.620000, high price: 285.770000, volume: 30233.000000}
{end time: 2019-12-26T09:55-05:00[America/New_York], close price: 285.810000, open price: 285.710000, low price: 285.710000, high price: 285.831600, volume: 29872.000000}
{end time: 2019-12-26T09:56-05:00[America/New_York], close price: 285.930000, open price: 285.829100, low price: 285.820000, high price: 285.940000, volume: 48218.000000}
{end time: 2019-12-26T09:57-05:00[America/New_York], close price: 285.930000, open price: 285.923300, low price: 285.880000, high price: 285.990000, volume: 55917.000000}
{end time: 2019-12-26T09:58-05:00[America/New_York], close price: 285.920000, open price: 285.943900, low price: 285.854000, high price: 285.970000, volume: 42036.000000}
{end time: 2019-12-26T09:59-05:00[America/New_York], close price: 285.930000, open price: 285.929800, low price: 285.850100, high price: 285.940000, volume: 33349.000000}
{end time: 2019-12-26T10:00-05:00[America/New_York], close price: 286.160000, open price: 285.910000, low price: 285.900000, high price: 286.175500, volume: 147012.000000}
{end time: 2019-12-26T10:01-05:00[America/New_York], close price: 286.150000, open price: 286.180000, low price: 286.087800, high price: 286.202000, volume: 65423.000000}
{end time: 2019-12-26T10:02-05:00[America/New_York], close price: 286.249400, open price: 286.145000, low price: 286.070000, high price: 286.250000, volume: 62782.000000}
{end time: 2019-12-26T10:03-05:00[America/New_York], close price: 286.240000, open price: 286.260000, low price: 286.220000, high price: 286.380000, volume: 66795.000000}
{end time: 2019-12-26T10:04-05:00[America/New_York], close price: 286.370000, open price: 286.246800, low price: 286.174700, high price: 286.389100, volume: 72115.000000}
{end time: 2019-12-26T10:05-05:00[America/New_York], close price: 286.359700, open price: 286.380000, low price: 286.230000, high price: 286.390000, volume: 95113.000000}
{end time: 2019-12-26T10:06-05:00[America/New_York], close price: 286.305800, open price: 286.348100, low price: 286.230000, high price: 286.380000, volume: 47466.000000}
{end time: 2019-12-26T10:07-05:00[America/New_York], close price: 286.340600, open price: 286.310000, low price: 286.270000, high price: 286.400000, volume: 43466.000000}
{end time: 2019-12-26T10:08-05:00[America/New_York], close price: 286.300000, open price: 286.351800, low price: 286.222300, high price: 286.378000, volume: 43478.000000}
{end time: 2019-12-26T10:09-05:00[America/New_York], close price: 286.370100, open price: 286.310000, low price: 286.278800, high price: 286.400000, volume: 33950.000000}
{end time: 2019-12-26T10:10-05:00[America/New_York], close price: 286.380000, open price: 286.381600, low price: 286.310000, high price: 286.390000, volume: 28186.000000}
{end time: 2019-12-26T10:11-05:00[America/New_York], close price: 286.300000, open price: 286.373400, low price: 286.280000, high price: 286.373400, volume: 37193.000000}
{end time: 2019-12-26T10:12-05:00[America/New_York], close price: 286.163300, open price: 286.290000, low price: 286.060000, high price: 286.310000, volume: 80188.000000}
{end time: 2019-12-26T10:13-05:00[America/New_York], close price: 286.250000, open price: 286.160000, low price: 286.050000, high price: 286.270000, volume: 72115.000000}
{end time: 2019-12-26T10:14-05:00[America/New_York], close price: 286.230000, open price: 286.260000, low price: 286.170100, high price: 286.260000, volume: 41087.000000}
{end time: 2019-12-26T10:15-05:00[America/New_York], close price: 286.210000, open price: 286.240000, low price: 286.210000, high price: 286.329900, volume: 36915.000000}
{end time: 2019-12-26T10:16-05:00[America/New_York], close price: 286.282200, open price: 286.230000, low price: 286.200000, high price: 286.290000, volume: 30617.000000}
{end time: 2019-12-26T10:17-05:00[America/New_York], close price: 286.460000, open price: 286.295200, low price: 286.295200, high price: 286.470000, volume: 85554.000000}
{end time: 2019-12-26T10:18-05:00[America/New_York], close price: 286.620000, open price: 286.440000, low price: 286.400600, high price: 286.630000, volume: 127888.000000}
{end time: 2019-12-26T10:19-05:00[America/New_York], close price: 286.725000, open price: 286.612500, low price: 286.612500, high price: 286.760000, volume: 82384.000000}
{end time: 2019-12-26T10:20-05:00[America/New_York], close price: 286.630000, open price: 286.716400, low price: 286.570000, high price: 286.728700, volume: 65380.000000}
{end time: 2019-12-26T10:21-05:00[America/New_York], close price: 286.645000, open price: 286.625000, low price: 286.600000, high price: 286.690000, volume: 31913.000000}
{end time: 2019-12-26T10:22-05:00[America/New_York], close price: 286.560000, open price: 286.640000, low price: 286.510000, high price: 286.640000, volume: 38481.000000}
{end time: 2019-12-26T10:23-05:00[America/New_York], close price: 286.570100, open price: 286.570000, low price: 286.530100, high price: 286.630000, volume: 30425.000000}
{end time: 2019-12-26T10:24-05:00[America/New_York], close price: 286.612000, open price: 286.570000, low price: 286.545000, high price: 286.630000, volume: 38068.000000}
{end time: 2019-12-26T10:25-05:00[America/New_York], close price: 286.580000, open price: 286.628300, low price: 286.574000, high price: 286.700000, volume: 46534.000000}
{end time: 2019-12-26T10:26-05:00[America/New_York], close price: 286.570000, open price: 286.570000, low price: 286.555900, high price: 286.650000, volume: 42977.000000}
{end time: 2019-12-26T10:27-05:00[America/New_York], close price: 286.633100, open price: 286.581400, low price: 286.581400, high price: 286.660000, volume: 18303.000000}
{end time: 2019-12-26T10:28-05:00[America/New_York], close price: 286.580000, open price: 286.620000, low price: 286.550000, high price: 286.640000, volume: 25811.000000}
{end time: 2019-12-26T10:29-05:00[America/New_York], close price: 286.529500, open price: 286.589000, low price: 286.500000, high price: 286.599900, volume: 63238.000000}
{end time: 2019-12-26T10:30-05:00[America/New_York], close price: 286.570000, open price: 286.530000, low price: 286.490000, high price: 286.580000, volume: 40728.000000}
{end time: 2019-12-26T10:31-05:00[America/New_York], close price: 286.585000, open price: 286.560000, low price: 286.520000, high price: 286.630000, volume: 27215.000000}
{end time: 2019-12-26T10:32-05:00[America/New_York], close price: 286.792000, open price: 286.580000, low price: 286.570000, high price: 286.800000, volume: 64580.000000}
{end time: 2019-12-26T10:33-05:00[America/New_York], close price: 286.810000, open price: 286.800000, low price: 286.730000, high price: 286.890000, volume: 67885.000000}
{end time: 2019-12-26T10:34-05:00[America/New_York], close price: 286.687500, open price: 286.800000, low price: 286.679900, high price: 286.820000, volume: 39380.000000}
{end time: 2019-12-26T10:35-05:00[America/New_York], close price: 286.780000, open price: 286.690000, low price: 286.690000, high price: 286.790000, volume: 37498.000000}
{end time: 2019-12-26T10:36-05:00[America/New_York], close price: 286.830000, open price: 286.760000, low price: 286.690600, high price: 286.830000, volume: 31428.000000}
{end time: 2019-12-26T10:37-05:00[America/New_York], close price: 286.915300, open price: 286.832000, low price: 286.820800, high price: 286.980000, volume: 93056.000000}
{end time: 2019-12-26T10:38-05:00[America/New_York], close price: 286.910100, open price: 286.919900, low price: 286.900000, high price: 286.965000, volume: 52001.000000}
{end time: 2019-12-26T10:39-05:00[America/New_York], close price: 286.874100, open price: 286.920000, low price: 286.850000, high price: 286.940000, volume: 36482.000000}
{end time: 2019-12-26T10:40-05:00[America/New_York], close price: 286.900100, open price: 286.860000, low price: 286.830000, high price: 286.920000, volume: 37542.000000}
{end time: 2019-12-26T10:41-05:00[America/New_York], close price: 286.970000, open price: 286.900000, low price: 286.900000, high price: 286.982000, volume: 40765.000000}
{end time: 2019-12-26T10:42-05:00[America/New_York], close price: 286.880000, open price: 286.969400, low price: 286.860000, high price: 286.969400, volume: 24095.000000}
{end time: 2019-12-26T10:43-05:00[America/New_York], close price: 286.813600, open price: 286.870000, low price: 286.771000, high price: 286.890000, volume: 40860.000000}
{end time: 2019-12-26T10:44-05:00[America/New_York], close price: 286.777700, open price: 286.813000, low price: 286.767400, high price: 286.840000, volume: 23453.000000}
{end time: 2019-12-26T10:45-05:00[America/New_York], close price: 286.909900, open price: 286.790000, low price: 286.786900, high price: 286.920000, volume: 32142.000000}
{end time: 2019-12-26T10:46-05:00[America/New_York], close price: 286.985000, open price: 286.902800, low price: 286.900000, high price: 287.050000, volume: 85867.000000}
{end time: 2019-12-26T10:47-05:00[America/New_York], close price: 287.000000, open price: 286.985000, low price: 286.890000, high price: 287.015400, volume: 81570.000000}
{end time: 2019-12-26T10:48-05:00[America/New_York], close price: 287.051200, open price: 287.005400, low price: 286.999000, high price: 287.060000, volume: 41632.000000}
{end time: 2019-12-26T10:49-05:00[America/New_York], close price: 287.030000, open price: 287.050100, low price: 287.010000, high price: 287.079100, volume: 55121.000000}
{end time: 2019-12-26T10:50-05:00[America/New_York], close price: 287.022200, open price: 287.060000, low price: 286.970000, high price: 287.070000, volume: 39629.000000}
{end time: 2019-12-26T10:51-05:00[America/New_York], close price: 287.070000, open price: 287.020000, low price: 287.010000, high price: 287.100000, volume: 44600.000000}
{end time: 2019-12-26T10:52-05:00[America/New_York], close price: 287.258200, open price: 287.070000, low price: 287.070000, high price: 287.260000, volume: 76849.000000}
{end time: 2019-12-26T10:53-05:00[America/New_York], close price: 287.253800, open price: 287.255000, low price: 287.200000, high price: 287.290000, volume: 75307.000000}
{end time: 2019-12-26T10:54-05:00[America/New_York], close price: 287.340000, open price: 287.250000, low price: 287.230000, high price: 287.350000, volume: 51528.000000}
{end time: 2019-12-26T10:55-05:00[America/New_York], close price: 287.371400, open price: 287.330000, low price: 287.262000, high price: 287.410000, volume: 71417.000000}
{end time: 2019-12-26T10:56-05:00[America/New_York], close price: 287.369700, open price: 287.400000, low price: 287.330000, high price: 287.420000, volume: 102557.000000}
{end time: 2019-12-26T10:57-05:00[America/New_York], close price: 287.300000, open price: 287.370000, low price: 287.240000, high price: 287.430900, volume: 106630.000000}
{end time: 2019-12-26T10:58-05:00[America/New_York], close price: 287.400000, open price: 287.290000, low price: 287.280000, high price: 287.404000, volume: 69272.000000}
{end time: 2019-12-26T10:59-05:00[America/New_York], close price: 287.416100, open price: 287.406400, low price: 287.400000, high price: 287.430000, volume: 159203.000000}
{end time: 2019-12-26T11:00-05:00[America/New_York], close price: 287.489400, open price: 287.415000, low price: 287.415000, high price: 287.540000, volume: 88051.000000}
{end time: 2019-12-26T11:01-05:00[America/New_York], close price: 287.590000, open price: 287.490000, low price: 287.450000, high price: 287.650000, volume: 127920.000000}
{end time: 2019-12-26T11:02-05:00[America/New_York], close price: 287.670000, open price: 287.590000, low price: 287.580000, high price: 287.670000, volume: 65859.000000}
{end time: 2019-12-26T11:03-05:00[America/New_York], close price: 287.630100, open price: 287.664700, low price: 287.610000, high price: 287.750000, volume: 117895.000000}
{end time: 2019-12-26T11:04-05:00[America/New_York], close price: 287.559900, open price: 287.630000, low price: 287.520000, high price: 287.649900, volume: 66768.000000}
{end time: 2019-12-26T11:05-05:00[America/New_York], close price: 287.695400, open price: 287.550000, low price: 287.545000, high price: 287.740000, volume: 73514.000000}
{end time: 2019-12-26T11:06-05:00[America/New_York], close price: 287.677900, open price: 287.700000, low price: 287.630000, high price: 287.750000, volume: 62578.000000}
{end time: 2019-12-26T11:07-05:00[America/New_York], close price: 287.670000, open price: 287.670000, low price: 287.610000, high price: 287.681800, volume: 38375.000000}
{end time: 2019-12-26T11:08-05:00[America/New_York], close price: 287.730000, open price: 287.674000, low price: 287.670000, high price: 287.730000, volume: 33689.000000}
{end time: 2019-12-26T11:09-05:00[America/New_York], close price: 287.680000, open price: 287.720000, low price: 287.670000, high price: 287.730000, volume: 41198.000000}
{end time: 2019-12-26T11:10-05:00[America/New_York], close price: 287.590000, open price: 287.679900, low price: 287.588100, high price: 287.700000, volume: 37630.000000}
{end time: 2019-12-26T11:11-05:00[America/New_York], close price: 287.610000, open price: 287.596500, low price: 287.595500, high price: 287.630000, volume: 33394.000000}
{end time: 2019-12-26T11:12-05:00[America/New_York], close price: 287.640000, open price: 287.610000, low price: 287.600000, high price: 287.685000, volume: 36201.000000}
{end time: 2019-12-26T11:13-05:00[America/New_York], close price: 287.690000, open price: 287.652500, low price: 287.640000, high price: 287.750000, volume: 60800.000000}
{end time: 2019-12-26T11:14-05:00[America/New_York], close price: 287.726300, open price: 287.690000, low price: 287.610000, high price: 287.730000, volume: 56020.000000}
{end time: 2019-12-26T11:15-05:00[America/New_York], close price: 287.850000, open price: 287.729000, low price: 287.729000, high price: 287.870000, volume: 82429.000000}
{end time: 2019-12-26T11:16-05:00[America/New_York], close price: 288.005800, open price: 287.840100, low price: 287.830000, high price: 288.050000, volume: 107637.000000}
{end time: 2019-12-26T11:17-05:00[America/New_York], close price: 288.070000, open price: 288.005000, low price: 287.960000, high price: 288.080000, volume: 83571.000000}
{end time: 2019-12-26T11:18-05:00[America/New_York], close price: 288.090200, open price: 288.076300, low price: 288.025000, high price: 288.130000, volume: 77414.000000}
{end time: 2019-12-26T11:19-05:00[America/New_York], close price: 288.140000, open price: 288.099900, low price: 288.090000, high price: 288.200000, volume: 109908.000000}
{end time: 2019-12-26T11:20-05:00[America/New_York], close price: 288.344100, open price: 288.120000, low price: 288.120000, high price: 288.370000, volume: 166808.000000}
{end time: 2019-12-26T11:21-05:00[America/New_York], close price: 288.318900, open price: 288.349800, low price: 288.290000, high price: 288.370100, volume: 67167.000000}
{end time: 2019-12-26T11:22-05:00[America/New_York], close price: 288.290000, open price: 288.310000, low price: 288.240000, high price: 288.350000, volume: 68349.000000}
{end time: 2019-12-26T11:23-05:00[America/New_York], close price: 288.340000, open price: 288.293000, low price: 288.285400, high price: 288.390000, volume: 47275.000000}
{end time: 2019-12-26T11:24-05:00[America/New_York], close price: 288.265000, open price: 288.340000, low price: 288.250000, high price: 288.370000, volume: 75823.000000}
{end time: 2019-12-26T11:25-05:00[America/New_York], close price: 288.355000, open price: 288.260000, low price: 288.195000, high price: 288.380000, volume: 107568.000000}
{end time: 2019-12-26T11:26-05:00[America/New_York], close price: 288.390000, open price: 288.369500, low price: 288.320000, high price: 288.460000, volume: 113543.000000}
{end time: 2019-12-26T11:27-05:00[America/New_York], close price: 288.335300, open price: 288.390000, low price: 288.280000, high price: 288.474600, volume: 76373.000000}
{end time: 2019-12-26T11:28-05:00[America/New_York], close price: 288.249300, open price: 288.340000, low price: 288.150000, high price: 288.340000, volume: 93512.000000}
{end time: 2019-12-26T11:29-05:00[America/New_York], close price: 288.090100, open price: 288.240100, low price: 288.060100, high price: 288.272700, volume: 113889.000000}
{end time: 2019-12-26T11:30-05:00[America/New_York], close price: 288.085000, open price: 288.100000, low price: 288.010000, high price: 288.120000, volume: 92472.000000}
{end time: 2019-12-26T11:31-05:00[America/New_York], close price: 288.060000, open price: 288.091600, low price: 288.010100, high price: 288.110000, volume: 51761.000000}
{end time: 2019-12-26T11:32-05:00[America/New_York], close price: 288.192000, open price: 288.053300, low price: 288.050900, high price: 288.217900, volume: 79216.000000}
{end time: 2019-12-26T11:33-05:00[America/New_York], close price: 288.030000, open price: 288.196700, low price: 288.030000, high price: 288.200000, volume: 52289.000000}
{end time: 2019-12-26T11:34-05:00[America/New_York], close price: 287.962400, open price: 288.035600, low price: 287.922600, high price: 288.039500, volume: 106061.000000}
{end time: 2019-12-26T11:35-05:00[America/New_York], close price: 288.045900, open price: 287.960000, low price: 287.920000, high price: 288.060000, volume: 68185.000000}
{end time: 2019-12-26T11:36-05:00[America/New_York], close price: 288.030000, open price: 288.040100, low price: 288.000000, high price: 288.080000, volume: 53682.000000}
{end time: 2019-12-26T11:37-05:00[America/New_York], close price: 288.110000, open price: 288.030000, low price: 287.960000, high price: 288.110000, volume: 113444.000000}
{end time: 2019-12-26T11:38-05:00[America/New_York], close price: 288.161000, open price: 288.112600, low price: 288.106800, high price: 288.170000, volume: 45458.000000}
{end time: 2019-12-26T11:39-05:00[America/New_York], close price: 288.270000, open price: 288.170000, low price: 288.160200, high price: 288.310000, volume: 71677.000000}
{end time: 2019-12-26T11:40-05:00[America/New_York], close price: 288.420000, open price: 288.287800, low price: 288.250000, high price: 288.435900, volume: 91088.000000}
{end time: 2019-12-26T11:41-05:00[America/New_York], close price: 288.440000, open price: 288.420600, low price: 288.420000, high price: 288.570000, volume: 139623.000000}
{end time: 2019-12-26T11:42-05:00[America/New_York], close price: 288.420000, open price: 288.444400, low price: 288.360000, high price: 288.450000, volume: 44774.000000}
{end time: 2019-12-26T11:43-05:00[America/New_York], close price: 288.420000, open price: 288.430000, low price: 288.330000, high price: 288.440000, volume: 50243.000000}
{end time: 2019-12-26T11:44-05:00[America/New_York], close price: 288.280000, open price: 288.420000, low price: 288.280000, high price: 288.458400, volume: 57405.000000}
{end time: 2019-12-26T11:45-05:00[America/New_York], close price: 288.202100, open price: 288.285700, low price: 288.170000, high price: 288.285700, volume: 61416.000000}
{end time: 2019-12-26T11:46-05:00[America/New_York], close price: 288.290000, open price: 288.190000, low price: 288.184000, high price: 288.307000, volume: 52742.000000}
{end time: 2019-12-26T11:47-05:00[America/New_York], close price: 288.285300, open price: 288.300000, low price: 288.250000, high price: 288.307100, volume: 26249.000000}
{end time: 2019-12-26T11:48-05:00[America/New_York], close price: 288.330000, open price: 288.284900, low price: 288.284900, high price: 288.355000, volume: 34450.000000}
{end time: 2019-12-26T11:49-05:00[America/New_York], close price: 288.315000, open price: 288.331100, low price: 288.250000, high price: 288.350000, volume: 36650.000000}
{end time: 2019-12-26T11:50-05:00[America/New_York], close price: 288.480000, open price: 288.340000, low price: 288.330000, high price: 288.485000, volume: 55326.000000}
{end time: 2019-12-26T11:51-05:00[America/New_York], close price: 288.380000, open price: 288.470000, low price: 288.360000, high price: 288.510000, volume: 81815.000000}
{end time: 2019-12-26T11:52-05:00[America/New_York], close price: 288.570000, open price: 288.360100, low price: 288.320000, high price: 288.570000, volume: 77124.000000}
{end time: 2019-12-26T11:53-05:00[America/New_York], close price: 288.590000, open price: 288.561100, low price: 288.500000, high price: 288.600000, volume: 76790.000000}
{end time: 2019-12-26T11:54-05:00[America/New_York], close price: 288.583700, open price: 288.590000, low price: 288.530000, high price: 288.660000, volume: 85021.000000}
{end time: 2019-12-26T11:55-05:00[America/New_York], close price: 288.560000, open price: 288.584000, low price: 288.490000, high price: 288.589000, volume: 45342.000000}
{end time: 2019-12-26T11:56-05:00[America/New_York], close price: 288.646300, open price: 288.565000, low price: 288.530000, high price: 288.730000, volume: 86254.000000}
{end time: 2019-12-26T11:57-05:00[America/New_York], close price: 288.532000, open price: 288.649400, low price: 288.502000, high price: 288.649400, volume: 46239.000000}
{end time: 2019-12-26T11:58-05:00[America/New_York], close price: 288.580000, open price: 288.540000, low price: 288.520000, high price: 288.619900, volume: 32671.000000}
{end time: 2019-12-26T11:59-05:00[America/New_York], close price: 288.616500, open price: 288.575000, low price: 288.520000, high price: 288.616500, volume: 36670.000000}
{end time: 2019-12-26T12:00-05:00[America/New_York], close price: 288.620000, open price: 288.620000, low price: 288.560000, high price: 288.660000, volume: 27479.000000}
{end time: 2019-12-26T12:01-05:00[America/New_York], close price: 288.640000, open price: 288.621500, low price: 288.610000, high price: 288.650000, volume: 17442.000000}
{end time: 2019-12-26T12:02-05:00[America/New_York], close price: 288.660400, open price: 288.630100, low price: 288.630000, high price: 288.680000, volume: 30877.000000}
{end time: 2019-12-26T12:03-05:00[America/New_York], close price: 288.629900, open price: 288.662000, low price: 288.559900, high price: 288.680000, volume: 43055.000000}
{end time: 2019-12-26T12:04-05:00[America/New_York], close price: 288.600000, open price: 288.630000, low price: 288.490100, high price: 288.630000, volume: 270983.000000}
{end time: 2019-12-26T12:05-05:00[America/New_York], close price: 288.630000, open price: 288.600000, low price: 288.590000, high price: 288.651200, volume: 19795.000000}
{end time: 2019-12-26T12:06-05:00[America/New_York], close price: 288.620100, open price: 288.635000, low price: 288.550100, high price: 288.650000, volume: 23981.000000}
{end time: 2019-12-26T12:07-05:00[America/New_York], close price: 288.613100, open price: 288.620600, low price: 288.550000, high price: 288.650000, volume: 28351.000000}
{end time: 2019-12-26T12:08-05:00[America/New_York], close price: 288.600000, open price: 288.610000, low price: 288.580000, high price: 288.630000, volume: 22828.000000}
{end time: 2019-12-26T12:09-05:00[America/New_York], close price: 288.550000, open price: 288.600000, low price: 288.528400, high price: 288.640000, volume: 32147.000000}
{end time: 2019-12-26T12:10-05:00[America/New_York], close price: 288.474800, open price: 288.550000, low price: 288.465000, high price: 288.550000, volume: 41911.000000}
{end time: 2019-12-26T12:11-05:00[America/New_York], close price: 288.544100, open price: 288.470800, low price: 288.440000, high price: 288.544100, volume: 40323.000000}
{end time: 2019-12-26T12:12-05:00[America/New_York], close price: 288.399900, open price: 288.540000, low price: 288.380000, high price: 288.540000, volume: 56861.000000}
{end time: 2019-12-26T12:13-05:00[America/New_York], close price: 288.209600, open price: 288.390000, low price: 288.200000, high price: 288.460000, volume: 105881.000000}
{end time: 2019-12-26T12:14-05:00[America/New_York], close price: 288.225000, open price: 288.210000, low price: 288.200000, high price: 288.270000, volume: 64392.000000}
{end time: 2019-12-26T12:15-05:00[America/New_York], close price: 288.292800, open price: 288.225000, low price: 288.220000, high price: 288.350000, volume: 55636.000000}
{end time: 2019-12-26T12:16-05:00[America/New_York], close price: 288.200300, open price: 288.295900, low price: 288.200000, high price: 288.300000, volume: 42145.000000}
{end time: 2019-12-26T12:17-05:00[America/New_York], close price: 288.260000, open price: 288.218000, low price: 288.200000, high price: 288.290000, volume: 54068.000000}
{end time: 2019-12-26T12:18-05:00[America/New_York], close price: 288.100000, open price: 288.257000, low price: 288.080000, high price: 288.270000, volume: 80977.000000}
{end time: 2019-12-26T12:19-05:00[America/New_York], close price: 288.100000, open price: 288.098200, low price: 288.060000, high price: 288.150000, volume: 54279.000000}
{end time: 2019-12-26T12:20-05:00[America/New_York], close price: 288.174000, open price: 288.100000, low price: 288.093600, high price: 288.180000, volume: 49591.000000}
{end time: 2019-12-26T12:21-05:00[America/New_York], close price: 288.230000, open price: 288.160100, low price: 288.130000, high price: 288.250000, volume: 47515.000000}
{end time: 2019-12-26T12:22-05:00[America/New_York], close price: 288.220000, open price: 288.237300, low price: 288.180000, high price: 288.250000, volume: 52205.000000}
{end time: 2019-12-26T12:23-05:00[America/New_York], close price: 288.170000, open price: 288.220400, low price: 288.170000, high price: 288.230000, volume: 19596.000000}
{end time: 2019-12-26T12:24-05:00[America/New_York], close price: 288.120000, open price: 288.179900, low price: 288.120000, high price: 288.180000, volume: 29696.000000}
{end time: 2019-12-26T12:25-05:00[America/New_York], close price: 288.090000, open price: 288.120000, low price: 288.050000, high price: 288.120000, volume: 38095.000000}
{end time: 2019-12-26T12:26-05:00[America/New_York], close price: 288.130000, open price: 288.090000, low price: 288.090000, high price: 288.205400, volume: 40729.000000}
{end time: 2019-12-26T12:27-05:00[America/New_York], close price: 288.160000, open price: 288.150000, low price: 288.140000, high price: 288.200000, volume: 17100.000000}
{end time: 2019-12-26T12:28-05:00[America/New_York], close price: 288.165000, open price: 288.159100, low price: 288.150000, high price: 288.180000, volume: 26316.000000}
{end time: 2019-12-26T12:29-05:00[America/New_York], close price: 288.139000, open price: 288.185000, low price: 288.130000, high price: 288.200000, volume: 25962.000000}
{end time: 2019-12-26T12:30-05:00[America/New_York], close price: 288.121800, open price: 288.130000, low price: 288.060000, high price: 288.160000, volume: 39534.000000}
{end time: 2019-12-26T12:31-05:00[America/New_York], close price: 288.104700, open price: 288.125000, low price: 288.050000, high price: 288.132500, volume: 18763.000000}
{end time: 2019-12-26T12:32-05:00[America/New_York], close price: 288.010000, open price: 288.100000, low price: 288.010000, high price: 288.119900, volume: 41835.000000}
{end time: 2019-12-26T12:33-05:00[America/New_York], close price: 288.133900, open price: 288.010000, low price: 288.010000, high price: 288.138000, volume: 33938.000000}
{end time: 2019-12-26T12:34-05:00[America/New_York], close price: 288.173500, open price: 288.127000, low price: 288.100100, high price: 288.250000, volume: 61817.000000}
{end time: 2019-12-26T12:35-05:00[America/New_York], close price: 288.205000, open price: 288.160000, low price: 288.120000, high price: 288.220000, volume: 30097.000000}
{end time: 2019-12-26T12:36-05:00[America/New_York], close price: 288.233700, open price: 288.208000, low price: 288.208000, high price: 288.290000, volume: 41852.000000}
{end time: 2019-12-26T12:37-05:00[America/New_York], close price: 288.259600, open price: 288.235000, low price: 288.220000, high price: 288.320000, volume: 30616.000000}
{end time: 2019-12-26T12:38-05:00[America/New_York], close price: 288.230100, open price: 288.260000, low price: 288.220000, high price: 288.290000, volume: 23708.000000}
{end time: 2019-12-26T12:39-05:00[America/New_York], close price: 288.180000, open price: 288.235000, low price: 288.180000, high price: 288.240000, volume: 23126.000000}
{end time: 2019-12-26T12:40-05:00[America/New_York], close price: 288.200000, open price: 288.183200, low price: 288.130000, high price: 288.200000, volume: 49607.000000}
{end time: 2019-12-26T12:41-05:00[America/New_York], close price: 288.290000, open price: 288.200000, low price: 288.190000, high price: 288.330000, volume: 21360.000000}
{end time: 2019-12-26T12:42-05:00[America/New_York], close price: 288.249700, open price: 288.285000, low price: 288.240000, high price: 288.285000, volume: 22386.000000}
{end time: 2019-12-26T12:43-05:00[America/New_York], close price: 288.219100, open price: 288.230000, low price: 288.200000, high price: 288.270000, volume: 12344.000000}
{end time: 2019-12-26T12:44-05:00[America/New_York], close price: 288.190000, open price: 288.210000, low price: 288.170000, high price: 288.219900, volume: 14859.000000}
{end time: 2019-12-26T12:45-05:00[America/New_York], close price: 288.110000, open price: 288.185000, low price: 288.100000, high price: 288.185000, volume: 48245.000000}
{end time: 2019-12-26T12:46-05:00[America/New_York], close price: 288.192500, open price: 288.115300, low price: 288.115300, high price: 288.270000, volume: 28333.000000}
{end time: 2019-12-26T12:47-05:00[America/New_York], close price: 288.190000, open price: 288.181500, low price: 288.142600, high price: 288.200000, volume: 18366.000000}
{end time: 2019-12-26T12:48-05:00[America/New_York], close price: 288.230000, open price: 288.200000, low price: 288.195000, high price: 288.235000, volume: 13785.000000}
{end time: 2019-12-26T12:49-05:00[America/New_York], close price: 288.210000, open price: 288.231600, low price: 288.180000, high price: 288.250000, volume: 18560.000000}
{end time: 2019-12-26T12:50-05:00[America/New_York], close price: 288.130100, open price: 288.201000, low price: 288.110000, high price: 288.204500, volume: 14769.000000}
{end time: 2019-12-26T12:51-05:00[America/New_York], close price: 288.150000, open price: 288.140000, low price: 288.105000, high price: 288.180000, volume: 19705.000000}
{end time: 2019-12-26T12:52-05:00[America/New_York], close price: 288.140000, open price: 288.149200, low price: 288.020000, high price: 288.160000, volume: 58258.000000}
{end time: 2019-12-26T12:53-05:00[America/New_York], close price: 288.020000, open price: 288.141000, low price: 288.010000, high price: 288.160000, volume: 32739.000000}
{end time: 2019-12-26T12:54-05:00[America/New_York], close price: 287.980000, open price: 288.028700, low price: 287.960000, high price: 288.045000, volume: 110711.000000}
{end time: 2019-12-26T12:55-05:00[America/New_York], close price: 287.979000, open price: 287.965900, low price: 287.954000, high price: 288.040000, volume: 69048.000000}
{end time: 2019-12-26T12:56-05:00[America/New_York], close price: 288.000000, open price: 287.979100, low price: 287.950000, high price: 288.010000, volume: 41214.000000}
{end time: 2019-12-26T12:57-05:00[America/New_York], close price: 288.040000, open price: 287.995000, low price: 287.950000, high price: 288.070000, volume: 85217.000000}
{end time: 2019-12-26T12:58-05:00[America/New_York], close price: 288.085800, open price: 288.030000, low price: 288.030000, high price: 288.100000, volume: 41179.000000}
{end time: 2019-12-26T12:59-05:00[America/New_York], close price: 288.180000, open price: 288.080000, low price: 288.073700, high price: 288.190000, volume: 74555.000000}
{end time: 2019-12-26T13:00-05:00[America/New_York], close price: 288.190000, open price: 288.170000, low price: 288.111700, high price: 288.209900, volume: 27597.000000}
{end time: 2019-12-26T13:01-05:00[America/New_York], close price: 288.134900, open price: 288.187500, low price: 288.070000, high price: 288.190000, volume: 27642.000000}
{end time: 2019-12-26T13:02-05:00[America/New_York], close price: 288.140000, open price: 288.130000, low price: 288.080000, high price: 288.140000, volume: 16151.000000}
{end time: 2019-12-26T13:03-05:00[America/New_York], close price: 288.144000, open price: 288.140000, low price: 288.140000, high price: 288.230000, volume: 42376.000000}
{end time: 2019-12-26T13:04-05:00[America/New_York], close price: 288.220000, open price: 288.169900, low price: 288.130100, high price: 288.220000, volume: 16314.000000}
{end time: 2019-12-26T13:05-05:00[America/New_York], close price: 288.185900, open price: 288.218000, low price: 288.150000, high price: 288.235000, volume: 21872.000000}
{end time: 2019-12-26T13:06-05:00[America/New_York], close price: 288.210000, open price: 288.180000, low price: 288.160000, high price: 288.220000, volume: 22571.000000}
{end time: 2019-12-26T13:07-05:00[America/New_York], close price: 288.189000, open price: 288.215000, low price: 288.170000, high price: 288.225000, volume: 16015.000000}
{end time: 2019-12-26T13:08-05:00[America/New_York], close price: 288.260000, open price: 288.185000, low price: 288.180000, high price: 288.279900, volume: 27015.000000}
{end time: 2019-12-26T13:09-05:00[America/New_York], close price: 288.260500, open price: 288.279900, low price: 288.220100, high price: 288.292200, volume: 20836.000000}
{end time: 2019-12-26T13:10-05:00[America/New_York], close price: 288.290800, open price: 288.259100, low price: 288.251000, high price: 288.350100, volume: 40410.000000}
{end time: 2019-12-26T13:11-05:00[America/New_York], close price: 288.280000, open price: 288.297600, low price: 288.230400, high price: 288.300000, volume: 18401.000000}
{end time: 2019-12-26T13:12-05:00[America/New_York], close price: 288.240000, open price: 288.280000, low price: 288.230000, high price: 288.280000, volume: 10855.000000}
{end time: 2019-12-26T13:13-05:00[America/New_York], close price: 288.280000, open price: 288.250000, low price: 288.241500, high price: 288.291800, volume: 13726.000000}
{end time: 2019-12-26T13:14-05:00[America/New_York], close price: 288.360000, open price: 288.281000, low price: 288.280000, high price: 288.390000, volume: 31759.000000}
{end time: 2019-12-26T13:15-05:00[America/New_York], close price: 288.350000, open price: 288.362000, low price: 288.310000, high price: 288.370000, volume: 27808.000000}
{end time: 2019-12-26T13:16-05:00[America/New_York], close price: 288.290000, open price: 288.340000, low price: 288.280000, high price: 288.350000, volume: 21853.000000}
{end time: 2019-12-26T13:17-05:00[America/New_York], close price: 288.335100, open price: 288.300000, low price: 288.299900, high price: 288.370000, volume: 18926.000000}
{end time: 2019-12-26T13:18-05:00[America/New_York], close price: 288.310000, open price: 288.340000, low price: 288.290000, high price: 288.349600, volume: 14745.000000}
{end time: 2019-12-26T13:19-05:00[America/New_York], close price: 288.382300, open price: 288.325000, low price: 288.311900, high price: 288.400000, volume: 26131.000000}
{end time: 2019-12-26T13:20-05:00[America/New_York], close price: 288.409900, open price: 288.380000, low price: 288.380000, high price: 288.460000, volume: 30273.000000}
{end time: 2019-12-26T13:21-05:00[America/New_York], close price: 288.360000, open price: 288.400000, low price: 288.360000, high price: 288.420000, volume: 23696.000000}
{end time: 2019-12-26T13:22-05:00[America/New_York], close price: 288.335000, open price: 288.365000, low price: 288.330000, high price: 288.370000, volume: 14405.000000}
{end time: 2019-12-26T13:23-05:00[America/New_York], close price: 288.360000, open price: 288.330000, low price: 288.295000, high price: 288.369900, volume: 25266.000000}
{end time: 2019-12-26T13:24-05:00[America/New_York], close price: 288.360000, open price: 288.362900, low price: 288.350000, high price: 288.390000, volume: 22773.000000}
{end time: 2019-12-26T13:25-05:00[America/New_York], close price: 288.330000, open price: 288.360000, low price: 288.310000, high price: 288.370000, volume: 16211.000000}
{end time: 2019-12-26T13:26-05:00[America/New_York], close price: 288.340000, open price: 288.320000, low price: 288.320000, high price: 288.340000, volume: 8896.000000}
{end time: 2019-12-26T13:27-05:00[America/New_York], close price: 288.378800, open price: 288.335000, low price: 288.330000, high price: 288.400000, volume: 13742.000000}
{end time: 2019-12-26T13:28-05:00[America/New_York], close price: 288.402600, open price: 288.380300, low price: 288.370000, high price: 288.405000, volume: 17012.000000}
{end time: 2019-12-26T13:29-05:00[America/New_York], close price: 288.403400, open price: 288.410000, low price: 288.400000, high price: 288.440000, volume: 27238.000000}
{end time: 2019-12-26T13:30-05:00[America/New_York], close price: 288.370000, open price: 288.410000, low price: 288.320000, high price: 288.430000, volume: 45575.000000}
{end time: 2019-12-26T13:31-05:00[America/New_York], close price: 288.350000, open price: 288.370000, low price: 288.350000, high price: 288.400000, volume: 12305.000000}
{end time: 2019-12-26T13:32-05:00[America/New_York], close price: 288.342400, open price: 288.340000, low price: 288.320000, high price: 288.349600, volume: 6263.000000}
{end time: 2019-12-26T13:33-05:00[America/New_York], close price: 288.360200, open price: 288.347700, low price: 288.335000, high price: 288.381900, volume: 20033.000000}
{end time: 2019-12-26T13:34-05:00[America/New_York], close price: 288.454200, open price: 288.361400, low price: 288.361400, high price: 288.459900, volume: 22440.000000}
{end time: 2019-12-26T13:35-05:00[America/New_York], close price: 288.560000, open price: 288.455300, low price: 288.455000, high price: 288.590000, volume: 110161.000000}
{end time: 2019-12-26T13:36-05:00[America/New_York], close price: 288.600000, open price: 288.570000, low price: 288.560000, high price: 288.605000, volume: 34846.000000}
{end time: 2019-12-26T13:37-05:00[America/New_York], close price: 288.559900, open price: 288.599800, low price: 288.549100, high price: 288.615000, volume: 47313.000000}
{end time: 2019-12-26T13:38-05:00[America/New_York], close price: 288.520000, open price: 288.555000, low price: 288.502800, high price: 288.566600, volume: 20460.000000}
{end time: 2019-12-26T13:39-05:00[America/New_York], close price: 288.535000, open price: 288.529400, low price: 288.510000, high price: 288.550000, volume: 16804.000000}
{end time: 2019-12-26T13:40-05:00[America/New_York], close price: 288.575000, open price: 288.530000, low price: 288.530000, high price: 288.585900, volume: 20271.000000}
{end time: 2019-12-26T13:41-05:00[America/New_York], close price: 288.587500, open price: 288.570100, low price: 288.570000, high price: 288.590000, volume: 22043.000000}
{end time: 2019-12-26T13:42-05:00[America/New_York], close price: 288.578500, open price: 288.580100, low price: 288.570000, high price: 288.600000, volume: 17518.000000}
{end time: 2019-12-26T13:43-05:00[America/New_York], close price: 288.490100, open price: 288.578900, low price: 288.490000, high price: 288.578900, volume: 21061.000000}
{end time: 2019-12-26T13:44-05:00[America/New_York], close price: 288.490000, open price: 288.490200, low price: 288.440000, high price: 288.499700, volume: 21583.000000}
{end time: 2019-12-26T13:45-05:00[America/New_York], close price: 288.440000, open price: 288.495000, low price: 288.410000, high price: 288.495000, volume: 20778.000000}
{end time: 2019-12-26T13:46-05:00[America/New_York], close price: 288.350000, open price: 288.448800, low price: 288.350000, high price: 288.448800, volume: 33714.000000}
{end time: 2019-12-26T13:47-05:00[America/New_York], close price: 288.309400, open price: 288.350000, low price: 288.289900, high price: 288.355300, volume: 31097.000000}
{end time: 2019-12-26T13:48-05:00[America/New_York], close price: 288.260000, open price: 288.329900, low price: 288.250000, high price: 288.330000, volume: 20716.000000}
{end time: 2019-12-26T13:49-05:00[America/New_York], close price: 288.290100, open price: 288.252400, low price: 288.230000, high price: 288.340000, volume: 50635.000000}
{end time: 2019-12-26T13:50-05:00[America/New_York], close price: 288.300000, open price: 288.289400, low price: 288.250000, high price: 288.330000, volume: 24698.000000}
{end time: 2019-12-26T13:51-05:00[America/New_York], close price: 288.336000, open price: 288.297600, low price: 288.290000, high price: 288.360000, volume: 23787.000000}
{end time: 2019-12-26T13:52-05:00[America/New_York], close price: 288.359900, open price: 288.340000, low price: 288.330000, high price: 288.360000, volume: 29774.000000}
{end time: 2019-12-26T13:53-05:00[America/New_York], close price: 288.424700, open price: 288.360000, low price: 288.360000, high price: 288.460000, volume: 28456.000000}
{end time: 2019-12-26T13:54-05:00[America/New_York], close price: 288.450000, open price: 288.428600, low price: 288.410000, high price: 288.499900, volume: 96377.000000}
{end time: 2019-12-26T13:55-05:00[America/New_York], close price: 288.486000, open price: 288.461900, low price: 288.450000, high price: 288.504000, volume: 27211.000000}
{end time: 2019-12-26T13:56-05:00[America/New_York], close price: 288.520000, open price: 288.470000, low price: 288.450000, high price: 288.550000, volume: 23531.000000}
{end time: 2019-12-26T13:57-05:00[America/New_York], close price: 288.410000, open price: 288.510200, low price: 288.390000, high price: 288.520000, volume: 44888.000000}
{end time: 2019-12-26T13:58-05:00[America/New_York], close price: 288.490000, open price: 288.400000, low price: 288.330000, high price: 288.490000, volume: 52240.000000}
{end time: 2019-12-26T13:59-05:00[America/New_York], close price: 288.430000, open price: 288.490000, low price: 288.429000, high price: 288.500000, volume: 21908.000000}
{end time: 2019-12-26T14:00-05:00[America/New_York], close price: 288.450000, open price: 288.459700, low price: 288.440000, high price: 288.470000, volume: 18412.000000}
{end time: 2019-12-26T14:01-05:00[America/New_York], close price: 288.430000, open price: 288.461200, low price: 288.410000, high price: 288.470000, volume: 18291.000000}
{end time: 2019-12-26T14:02-05:00[America/New_York], close price: 288.477300, open price: 288.430000, low price: 288.415000, high price: 288.520000, volume: 46525.000000}
{end time: 2019-12-26T14:03-05:00[America/New_York], close price: 288.690000, open price: 288.490000, low price: 288.480000, high price: 288.690000, volume: 103057.000000}
{end time: 2019-12-26T14:04-05:00[America/New_York], close price: 288.799900, open price: 288.700000, low price: 288.670000, high price: 288.820000, volume: 76656.000000}
{end time: 2019-12-26T14:05-05:00[America/New_York], close price: 288.895200, open price: 288.789300, low price: 288.789300, high price: 288.920000, volume: 51091.000000}
{end time: 2019-12-26T14:06-05:00[America/New_York], close price: 288.820000, open price: 288.889100, low price: 288.760000, high price: 288.895300, volume: 51226.000000}
{end time: 2019-12-26T14:07-05:00[America/New_York], close price: 288.794100, open price: 288.820000, low price: 288.720000, high price: 288.820000, volume: 30645.000000}
{end time: 2019-12-26T14:08-05:00[America/New_York], close price: 288.810000, open price: 288.780000, low price: 288.780000, high price: 288.860000, volume: 38224.000000}
{end time: 2019-12-26T14:09-05:00[America/New_York], close price: 288.820000, open price: 288.820000, low price: 288.810000, high price: 288.848800, volume: 18858.000000}
{end time: 2019-12-26T14:10-05:00[America/New_York], close price: 288.844500, open price: 288.820000, low price: 288.800000, high price: 288.854700, volume: 16861.000000}
{end time: 2019-12-26T14:11-05:00[America/New_York], close price: 288.810000, open price: 288.860000, low price: 288.800000, high price: 288.870000, volume: 21221.000000}
{end time: 2019-12-26T14:12-05:00[America/New_York], close price: 288.874800, open price: 288.805700, low price: 288.805700, high price: 288.890500, volume: 34906.000000}
{end time: 2019-12-26T14:13-05:00[America/New_York], close price: 288.923700, open price: 288.870000, low price: 288.870000, high price: 288.940000, volume: 22674.000000}
{end time: 2019-12-26T14:14-05:00[America/New_York], close price: 289.100000, open price: 288.940000, low price: 288.940000, high price: 289.110000, volume: 133199.000000}
{end time: 2019-12-26T14:15-05:00[America/New_York], close price: 289.080100, open price: 289.090100, low price: 289.003000, high price: 289.110000, volume: 46631.000000}
{end time: 2019-12-26T14:16-05:00[America/New_York], close price: 288.990000, open price: 289.087500, low price: 288.960000, high price: 289.105300, volume: 35700.000000}
{end time: 2019-12-26T14:17-05:00[America/New_York], close price: 289.060000, open price: 288.990000, low price: 288.987000, high price: 289.080000, volume: 35413.000000}
{end time: 2019-12-26T14:18-05:00[America/New_York], close price: 289.003300, open price: 289.068700, low price: 288.950000, high price: 289.070000, volume: 46493.000000}
{end time: 2019-12-26T14:19-05:00[America/New_York], close price: 289.020000, open price: 288.990000, low price: 288.970000, high price: 289.035000, volume: 21693.000000}
{end time: 2019-12-26T14:20-05:00[America/New_York], close price: 288.963400, open price: 289.004800, low price: 288.960000, high price: 289.030000, volume: 26005.000000}
{end time: 2019-12-26T14:21-05:00[America/New_York], close price: 289.010000, open price: 288.960000, low price: 288.960000, high price: 289.040000, volume: 15767.000000}
{end time: 2019-12-26T14:22-05:00[America/New_York], close price: 288.980000, open price: 289.020000, low price: 288.980000, high price: 289.050000, volume: 20063.000000}
{end time: 2019-12-26T14:23-05:00[America/New_York], close price: 288.930000, open price: 288.995300, low price: 288.930000, high price: 288.999900, volume: 20903.000000}
{end time: 2019-12-26T14:24-05:00[America/New_York], close price: 288.920500, open price: 288.930000, low price: 288.880000, high price: 288.935000, volume: 37148.000000}
{end time: 2019-12-26T14:25-05:00[America/New_York], close price: 288.920000, open price: 288.910000, low price: 288.880000, high price: 288.960000, volume: 41699.000000}
{end time: 2019-12-26T14:26-05:00[America/New_York], close price: 288.915900, open price: 288.920000, low price: 288.900000, high price: 288.970000, volume: 37205.000000}
{end time: 2019-12-26T14:27-05:00[America/New_York], close price: 288.880000, open price: 288.904000, low price: 288.860000, high price: 288.940000, volume: 46346.000000}
{end time: 2019-12-26T14:28-05:00[America/New_York], close price: 288.883000, open price: 288.865000, low price: 288.865000, high price: 288.950000, volume: 43681.000000}
{end time: 2019-12-26T14:29-05:00[America/New_York], close price: 288.910000, open price: 288.899100, low price: 288.850000, high price: 288.934300, volume: 33673.000000}
{end time: 2019-12-26T14:30-05:00[America/New_York], close price: 288.870000, open price: 288.910000, low price: 288.840000, high price: 288.920000, volume: 23332.000000}
{end time: 2019-12-26T14:31-05:00[America/New_York], close price: 288.870000, open price: 288.870000, low price: 288.870000, high price: 288.920000, volume: 18740.000000}
{end time: 2019-12-26T14:32-05:00[America/New_York], close price: 288.800000, open price: 288.870000, low price: 288.720000, high price: 288.870000, volume: 39427.000000}
{end time: 2019-12-26T14:33-05:00[America/New_York], close price: 288.860000, open price: 288.773500, low price: 288.770000, high price: 288.889900, volume: 50529.000000}
{end time: 2019-12-26T14:34-05:00[America/New_York], close price: 288.840800, open price: 288.861000, low price: 288.830000, high price: 288.880000, volume: 31146.000000}
{end time: 2019-12-26T14:35-05:00[America/New_York], close price: 288.870000, open price: 288.860000, low price: 288.860000, high price: 288.880000, volume: 16158.000000}
{end time: 2019-12-26T14:36-05:00[America/New_York], close price: 288.800000, open price: 288.870000, low price: 288.780000, high price: 288.890000, volume: 14802.000000}
{end time: 2019-12-26T14:37-05:00[America/New_York], close price: 288.840000, open price: 288.810000, low price: 288.800000, high price: 288.855300, volume: 8269.000000}
{end time: 2019-12-26T14:38-05:00[America/New_York], close price: 288.850000, open price: 288.850000, low price: 288.840000, high price: 288.870000, volume: 10055.000000}
{end time: 2019-12-26T14:39-05:00[America/New_York], close price: 288.855000, open price: 288.860000, low price: 288.850000, high price: 288.860000, volume: 4436.000000}
{end time: 2019-12-26T14:40-05:00[America/New_York], close price: 288.890000, open price: 288.859900, low price: 288.840000, high price: 288.890500, volume: 17777.000000}
{end time: 2019-12-26T14:41-05:00[America/New_York], close price: 288.860000, open price: 288.894000, low price: 288.840000, high price: 288.910000, volume: 16126.000000}
{end time: 2019-12-26T14:42-05:00[America/New_York], close price: 288.834100, open price: 288.870000, low price: 288.830000, high price: 288.900000, volume: 17171.000000}
{end time: 2019-12-26T14:43-05:00[America/New_York], close price: 288.830000, open price: 288.830000, low price: 288.800000, high price: 288.839900, volume: 19919.000000}
{end time: 2019-12-26T14:44-05:00[America/New_York], close price: 288.856000, open price: 288.820500, low price: 288.820000, high price: 288.865000, volume: 10260.000000}
{end time: 2019-12-26T14:45-05:00[America/New_York], close price: 288.840000, open price: 288.860000, low price: 288.788000, high price: 288.865000, volume: 42828.000000}
{end time: 2019-12-26T14:46-05:00[America/New_York], close price: 288.830000, open price: 288.830300, low price: 288.820000, high price: 288.859900, volume: 11109.000000}
{end time: 2019-12-26T14:47-05:00[America/New_York], close price: 288.850000, open price: 288.820000, low price: 288.790000, high price: 288.850000, volume: 22192.000000}
{end time: 2019-12-26T14:48-05:00[America/New_York], close price: 288.830000, open price: 288.850000, low price: 288.820000, high price: 288.852500, volume: 7578.000000}
{end time: 2019-12-26T14:49-05:00[America/New_York], close price: 288.820000, open price: 288.827200, low price: 288.820000, high price: 288.860000, volume: 18713.000000}
{end time: 2019-12-26T14:50-05:00[America/New_York], close price: 288.800000, open price: 288.830000, low price: 288.750000, high price: 288.860000, volume: 31930.000000}
{end time: 2019-12-26T14:51-05:00[America/New_York], close price: 288.888400, open price: 288.800000, low price: 288.780100, high price: 288.890000, volume: 52914.000000}
{end time: 2019-12-26T14:52-05:00[America/New_York], close price: 289.030000, open price: 288.900000, low price: 288.880100, high price: 289.050000, volume: 68445.000000}
{end time: 2019-12-26T14:53-05:00[America/New_York], close price: 289.079900, open price: 289.039900, low price: 289.030000, high price: 289.080000, volume: 39984.000000}
{end time: 2019-12-26T14:54-05:00[America/New_York], close price: 289.100000, open price: 289.079700, low price: 289.050000, high price: 289.100000, volume: 25647.000000}
{end time: 2019-12-26T14:55-05:00[America/New_York], close price: 289.127600, open price: 289.100000, low price: 289.090000, high price: 289.150000, volume: 55411.000000}
{end time: 2019-12-26T14:56-05:00[America/New_York], close price: 289.115000, open price: 289.125000, low price: 289.080000, high price: 289.150000, volume: 58195.000000}
{end time: 2019-12-26T14:57-05:00[America/New_York], close price: 289.249600, open price: 289.118000, low price: 289.118000, high price: 289.250000, volume: 55178.000000}
{end time: 2019-12-26T14:58-05:00[America/New_York], close price: 289.191000, open price: 289.240000, low price: 289.160000, high price: 289.285000, volume: 54792.000000}
{end time: 2019-12-26T14:59-05:00[America/New_York], close price: 289.200000, open price: 289.198000, low price: 289.120000, high price: 289.230000, volume: 35828.000000}
{end time: 2019-12-26T15:00-05:00[America/New_York], close price: 289.054400, open price: 289.195000, low price: 288.970000, high price: 289.220000, volume: 78297.000000}
{end time: 2019-12-26T15:01-05:00[America/New_York], close price: 288.960000, open price: 289.037800, low price: 288.960000, high price: 289.100000, volume: 31267.000000}
{end time: 2019-12-26T15:02-05:00[America/New_York], close price: 288.869200, open price: 288.975000, low price: 288.840000, high price: 288.986000, volume: 43057.000000}
{end time: 2019-12-26T15:03-05:00[America/New_York], close price: 288.904800, open price: 288.860000, low price: 288.850000, high price: 288.910000, volume: 29851.000000}
{end time: 2019-12-26T15:04-05:00[America/New_York], close price: 288.930000, open price: 288.907800, low price: 288.880000, high price: 288.990000, volume: 62375.000000}
{end time: 2019-12-26T15:05-05:00[America/New_York], close price: 288.940000, open price: 288.920000, low price: 288.890000, high price: 288.951000, volume: 33798.000000}
{end time: 2019-12-26T15:06-05:00[America/New_York], close price: 288.930000, open price: 288.940000, low price: 288.930000, high price: 288.970000, volume: 28620.000000}
{end time: 2019-12-26T15:07-05:00[America/New_York], close price: 288.915000, open price: 288.930000, low price: 288.850000, high price: 288.930100, volume: 34440.000000}
{end time: 2019-12-26T15:08-05:00[America/New_York], close price: 288.910000, open price: 288.915000, low price: 288.851600, high price: 288.930000, volume: 24274.000000}
{end time: 2019-12-26T15:09-05:00[America/New_York], close price: 288.820000, open price: 288.900000, low price: 288.800000, high price: 288.910000, volume: 33679.000000}
{end time: 2019-12-26T15:10-05:00[America/New_York], close price: 288.867200, open price: 288.830000, low price: 288.812000, high price: 288.915700, volume: 30629.000000}
{end time: 2019-12-26T15:11-05:00[America/New_York], close price: 288.850000, open price: 288.850000, low price: 288.820000, high price: 288.880000, volume: 18884.000000}
{end time: 2019-12-26T15:12-05:00[America/New_York], close price: 288.826300, open price: 288.840000, low price: 288.810000, high price: 288.861000, volume: 34969.000000}
{end time: 2019-12-26T15:13-05:00[America/New_York], close price: 288.780000, open price: 288.830000, low price: 288.770000, high price: 288.830000, volume: 30755.000000}
{end time: 2019-12-26T15:14-05:00[America/New_York], close price: 288.693000, open price: 288.770000, low price: 288.693000, high price: 288.790000, volume: 61251.000000}
{end time: 2019-12-26T15:15-05:00[America/New_York], close price: 288.750000, open price: 288.700000, low price: 288.690000, high price: 288.760000, volume: 37538.000000}
{end time: 2019-12-26T15:16-05:00[America/New_York], close price: 288.780000, open price: 288.745000, low price: 288.745000, high price: 288.800000, volume: 32357.000000}
{end time: 2019-12-26T15:17-05:00[America/New_York], close price: 288.775000, open price: 288.780000, low price: 288.760000, high price: 288.870000, volume: 53323.000000}
{end time: 2019-12-26T15:18-05:00[America/New_York], close price: 288.723700, open price: 288.770000, low price: 288.720000, high price: 288.780000, volume: 25445.000000}
{end time: 2019-12-26T15:19-05:00[America/New_York], close price: 288.743000, open price: 288.720000, low price: 288.700000, high price: 288.802700, volume: 36956.000000}
{end time: 2019-12-26T15:20-05:00[America/New_York], close price: 288.763000, open price: 288.760000, low price: 288.730000, high price: 288.819900, volume: 26739.000000}
{end time: 2019-12-26T15:21-05:00[America/New_York], close price: 288.740000, open price: 288.760000, low price: 288.730000, high price: 288.790600, volume: 17650.000000}
{end time: 2019-12-26T15:22-05:00[America/New_York], close price: 288.780000, open price: 288.760000, low price: 288.760000, high price: 288.810000, volume: 17956.000000}
{end time: 2019-12-26T15:23-05:00[America/New_York], close price: 288.620000, open price: 288.770000, low price: 288.620000, high price: 288.770000, volume: 40087.000000}
{end time: 2019-12-26T15:24-05:00[America/New_York], close price: 288.629900, open price: 288.620000, low price: 288.600000, high price: 288.675000, volume: 48998.000000}
{end time: 2019-12-26T15:25-05:00[America/New_York], close price: 288.530000, open price: 288.610100, low price: 288.510000, high price: 288.629900, volume: 80506.000000}
{end time: 2019-12-26T15:26-05:00[America/New_York], close price: 288.530000, open price: 288.520000, low price: 288.510000, high price: 288.560000, volume: 35412.000000}
{end time: 2019-12-26T15:27-05:00[America/New_York], close price: 288.460000, open price: 288.538400, low price: 288.430000, high price: 288.550000, volume: 63813.000000}
{end time: 2019-12-26T15:28-05:00[America/New_York], close price: 288.450000, open price: 288.465000, low price: 288.450000, high price: 288.510000, volume: 42045.000000}
{end time: 2019-12-26T15:29-05:00[America/New_York], close price: 288.533200, open price: 288.455000, low price: 288.440000, high price: 288.570000, volume: 39148.000000}
{end time: 2019-12-26T15:30-05:00[America/New_York], close price: 288.644000, open price: 288.523000, low price: 288.520000, high price: 288.659900, volume: 46431.000000}
{end time: 2019-12-26T15:31-05:00[America/New_York], close price: 288.510000, open price: 288.650000, low price: 288.440000, high price: 288.660000, volume: 46192.000000}
{end time: 2019-12-26T15:32-05:00[America/New_York], close price: 288.480600, open price: 288.510000, low price: 288.460000, high price: 288.579100, volume: 158894.000000}
{end time: 2019-12-26T15:33-05:00[America/New_York], close price: 288.600000, open price: 288.490100, low price: 288.490100, high price: 288.620000, volume: 34418.000000}
{end time: 2019-12-26T15:34-05:00[America/New_York], close price: 288.623200, open price: 288.605000, low price: 288.550000, high price: 288.700000, volume: 35811.000000}
{end time: 2019-12-26T15:35-05:00[America/New_York], close price: 288.660100, open price: 288.620000, low price: 288.617600, high price: 288.677800, volume: 26394.000000}
{end time: 2019-12-26T15:36-05:00[America/New_York], close price: 288.625000, open price: 288.667000, low price: 288.600000, high price: 288.667000, volume: 19961.000000}
{end time: 2019-12-26T15:37-05:00[America/New_York], close price: 288.653300, open price: 288.620000, low price: 288.620000, high price: 288.680000, volume: 27688.000000}
{end time: 2019-12-26T15:38-05:00[America/New_York], close price: 288.750000, open price: 288.659900, low price: 288.654000, high price: 288.780000, volume: 48012.000000}
{end time: 2019-12-26T15:39-05:00[America/New_York], close price: 288.840100, open price: 288.756000, low price: 288.710000, high price: 288.850000, volume: 40852.000000}
{end time: 2019-12-26T15:40-05:00[America/New_York], close price: 288.855400, open price: 288.845000, low price: 288.830000, high price: 288.950000, volume: 67329.000000}
{end time: 2019-12-26T15:41-05:00[America/New_York], close price: 288.939800, open price: 288.851800, low price: 288.810000, high price: 288.950000, volume: 49434.000000}
{end time: 2019-12-26T15:42-05:00[America/New_York], close price: 288.968400, open price: 288.950000, low price: 288.880000, high price: 288.990000, volume: 60632.000000}
{end time: 2019-12-26T15:43-05:00[America/New_York], close price: 289.080000, open price: 288.964200, low price: 288.920000, high price: 289.090000, volume: 70721.000000}
{end time: 2019-12-26T15:44-05:00[America/New_York], close price: 289.205000, open price: 289.070000, low price: 289.028100, high price: 289.230000, volume: 135597.000000}
{end time: 2019-12-26T15:45-05:00[America/New_York], close price: 289.211100, open price: 289.200000, low price: 289.170000, high price: 289.250000, volume: 106153.000000}
{end time: 2019-12-26T15:46-05:00[America/New_York], close price: 289.320100, open price: 289.210000, low price: 289.200000, high price: 289.417800, volume: 142664.000000}
{end time: 2019-12-26T15:47-05:00[America/New_York], close price: 289.210000, open price: 289.332000, low price: 289.160000, high price: 289.377300, volume: 155946.000000}
{end time: 2019-12-26T15:48-05:00[America/New_York], close price: 289.180000, open price: 289.203900, low price: 289.130000, high price: 289.217000, volume: 53250.000000}
{end time: 2019-12-26T15:49-05:00[America/New_York], close price: 289.330000, open price: 289.170000, low price: 289.140000, high price: 289.350000, volume: 63047.000000}
{end time: 2019-12-26T15:50-05:00[America/New_York], close price: 289.260000, open price: 289.347300, low price: 289.230000, high price: 289.500000, volume: 98301.000000}
{end time: 2019-12-26T15:51-05:00[America/New_York], close price: 289.325000, open price: 289.255000, low price: 289.222100, high price: 289.330000, volume: 63228.000000}
{end time: 2019-12-26T15:52-05:00[America/New_York], close price: 289.369900, open price: 289.310000, low price: 289.230000, high price: 289.370000, volume: 69636.000000}
{end time: 2019-12-26T15:53-05:00[America/New_York], close price: 289.390000, open price: 289.370000, low price: 289.270000, high price: 289.440000, volume: 154096.000000}
{end time: 2019-12-26T15:54-05:00[America/New_York], close price: 289.610000, open price: 289.390000, low price: 289.380000, high price: 289.660000, volume: 256173.000000}
{end time: 2019-12-26T15:55-05:00[America/New_York], close price: 289.560000, open price: 289.660000, low price: 289.550000, high price: 289.680000, volume: 179413.000000}
{end time: 2019-12-26T15:56-05:00[America/New_York], close price: 289.770000, open price: 289.600000, low price: 289.580000, high price: 289.830000, volume: 166784.000000}
{end time: 2019-12-26T15:57-05:00[America/New_York], close price: 289.860000, open price: 289.760000, low price: 289.700000, high price: 289.870000, volume: 155049.000000}
{end time: 2019-12-26T15:58-05:00[America/New_York], close price: 289.870000, open price: 289.860000, low price: 289.810000, high price: 289.920000, volume: 208040.000000}
{end time: 2019-12-26T15:59-05:00[America/New_York], close price: 289.910000, open price: 289.880000, low price: 289.830000, high price: 289.980000, volume: 343213.000000}
{end time: 2019-12-26T16:00-05:00[America/New_York], close price: 289.930000, open price: 289.910000, low price: 289.840000, high price: 289.960000, volume: 285505.000000}
{end time: 2019-12-26T16:01-05:00[America/New_York], close price: 289.970000, open price: 289.900000, low price: 289.900000, high price: 289.970000, volume: 2200.000000}
{end time: 2019-12-26T16:02-05:00[America/New_York], close price: 290.000000, open price: 289.910000, low price: 289.910000, high price: 290.000000, volume: 13000.000000}
{end time: 2019-12-26T16:03-05:00[America/New_York], close price: 290.100000, open price: 290.000000, low price: 290.000000, high price: 290.160000, volume: 6034.000000}
{end time: 2019-12-26T16:04-05:00[America/New_York], close price: 290.180000, open price: 290.090000, low price: 290.090000, high price: 290.180000, volume: 6605.000000}
{end time: 2019-12-26T16:05-05:00[America/New_York], close price: 290.180000, open price: 290.180000, low price: 290.150000, high price: 290.190000, volume: 2750.000000}
{end time: 2019-12-26T16:06-05:00[America/New_York], close price: 290.140000, open price: 290.120000, low price: 290.110000, high price: 290.180000, volume: 5229.000000}
{end time: 2019-12-26T16:07-05:00[America/New_York], close price: 290.180000, open price: 290.150000, low price: 290.100000, high price: 290.190000, volume: 3307.000000}
{end time: 2019-12-26T16:08-05:00[America/New_York], close price: 290.100000, open price: 290.140000, low price: 290.100000, high price: 290.140000, volume: 9525.000000}
{end time: 2019-12-26T16:09-05:00[America/New_York], close price: 290.150000, open price: 290.150000, low price: 290.150000, high price: 290.170000, volume: 3078.000000}
{end time: 2019-12-26T16:10-05:00[America/New_York], close price: 290.260000, open price: 290.170000, low price: 290.100000, high price: 290.260000, volume: 8778.000000}
{end time: 2019-12-26T16:11-05:00[America/New_York], close price: 290.250000, open price: 290.250000, low price: 290.250000, high price: 290.250000, volume: 625.000000}
{end time: 2019-12-26T16:12-05:00[America/New_York], close price: 290.250000, open price: 290.270000, low price: 290.160000, high price: 290.270000, volume: 17427.000000}
{end time: 2019-12-26T16:13-05:00[America/New_York], close price: 290.180000, open price: 290.260000, low price: 290.180000, high price: 290.350000, volume: 5997.000000}
{end time: 2019-12-26T16:14-05:00[America/New_York], close price: 290.150000, open price: 290.250000, low price: 290.150000, high price: 290.250000, volume: 995.000000}
{end time: 2019-12-26T16:15-05:00[America/New_York], close price: 290.220000, open price: 290.250000, low price: 290.160100, high price: 290.250000, volume: 2691.000000}
{end time: 2019-12-26T16:16-05:00[America/New_York], close price: 290.200000, open price: 290.180100, low price: 290.180100, high price: 290.260000, volume: 1915.000000}
{end time: 2019-12-26T16:17-05:00[America/New_York], close price: 290.230100, open price: 290.250000, low price: 290.230000, high price: 290.250000, volume: 1311.000000}
{end time: 2019-12-26T16:18-05:00[America/New_York], close price: 290.250000, open price: 290.250000, low price: 289.910000, high price: 290.290000, volume: 6798.000000}
{end time: 2019-12-26T16:19-05:00[America/New_York], close price: 290.260000, open price: 290.270000, low price: 290.250200, high price: 290.340000, volume: 3840.000000}
{end time: 2019-12-26T16:20-05:00[America/New_York], close price: 290.260000, open price: 290.260000, low price: 290.240100, high price: 290.300000, volume: 3306.000000}
{end time: 2019-12-26T16:21-05:00[America/New_York], close price: 290.300000, open price: 290.300000, low price: 290.300000, high price: 290.300000, volume: 58632.000000}
{end time: 2019-12-26T16:22-05:00[America/New_York], close price: 290.270000, open price: 290.260100, low price: 290.260100, high price: 290.270000, volume: 571.000000}
{end time: 2019-12-26T16:23-05:00[America/New_York], close price: 290.250000, open price: 290.270000, low price: 290.250000, high price: 290.270000, volume: 437.000000}
{end time: 2019-12-26T16:24-05:00[America/New_York], close price: 290.279900, open price: 290.260000, low price: 290.260000, high price: 290.279900, volume: 1083.000000}
{end time: 2019-12-26T16:25-05:00[America/New_York], close price: 290.230000, open price: 290.230000, low price: 290.230000, high price: 290.230000, volume: 480.000000}
{end time: 2019-12-26T16:26-05:00[America/New_York], close price: 290.230000, open price: 290.250000, low price: 290.230000, high price: 290.250000, volume: 2009.000000}
{end time: 2019-12-26T16:27-05:00[America/New_York], close price: 290.310000, open price: 290.230000, low price: 290.230000, high price: 290.310000, volume: 9093.000000}
{end time: 2019-12-26T16:28-05:00[America/New_York], close price: 290.340000, open price: 290.340000, low price: 290.340000, high price: 290.340000, volume: 348.000000}
{end time: 2019-12-26T16:30-05:00[America/New_York], close price: 290.290000, open price: 290.330000, low price: 290.290000, high price: 290.330000, volume: 588.000000}
{end time: 2019-12-26T16:31-05:00[America/New_York], close price: 290.340000, open price: 290.330000, low price: 290.330000, high price: 290.350000, volume: 4158.000000}
{end time: 2019-12-26T16:32-05:00[America/New_York], close price: 290.310000, open price: 290.350000, low price: 290.310000, high price: 290.380000, volume: 2147.000000}
{end time: 2019-12-26T16:33-05:00[America/New_York], close price: 290.380000, open price: 290.320000, low price: 290.320000, high price: 290.380000, volume: 439.000000}
{end time: 2019-12-26T16:34-05:00[America/New_York], close price: 290.300200, open price: 290.300200, low price: 290.300200, high price: 290.300200, volume: 476.000000}
{end time: 2019-12-26T16:36-05:00[America/New_York], close price: 290.300000, open price: 290.300000, low price: 290.300000, high price: 290.300000, volume: 846.000000}
{end time: 2019-12-26T16:37-05:00[America/New_York], close price: 290.270000, open price: 290.270000, low price: 290.270000, high price: 290.270000, volume: 258.000000}
{end time: 2019-12-26T16:38-05:00[America/New_York], close price: 290.299900, open price: 290.300000, low price: 290.299900, high price: 290.300000, volume: 495.000000}
{end time: 2019-12-26T16:40-05:00[America/New_York], close price: 290.280000, open price: 290.260000, low price: 290.260000, high price: 290.280000, volume: 599.000000}
{end time: 2019-12-26T16:41-05:00[America/New_York], close price: 290.300000, open price: 290.300000, low price: 290.300000, high price: 290.300000, volume: 1532.000000}
{end time: 2019-12-26T16:42-05:00[America/New_York], close price: 290.280000, open price: 290.300100, low price: 290.280000, high price: 290.300100, volume: 712.000000}
{end time: 2019-12-26T16:43-05:00[America/New_York], close price: 290.200000, open price: 290.300000, low price: 290.200000, high price: 290.300000, volume: 3013.000000}
{end time: 2019-12-26T16:45-05:00[America/New_York], close price: 290.110000, open price: 290.150000, low price: 290.110000, high price: 290.150000, volume: 2360.000000}
{end time: 2019-12-26T16:46-05:00[America/New_York], close price: 290.120000, open price: 290.150000, low price: 290.120000, high price: 290.150000, volume: 572.000000}
{end time: 2019-12-26T16:47-05:00[America/New_York], close price: 290.200000, open price: 290.170000, low price: 290.170000, high price: 290.350000, volume: 5191.000000}
{end time: 2019-12-26T16:48-05:00[America/New_York], close price: 290.250000, open price: 290.240000, low price: 290.240000, high price: 290.250000, volume: 2009.000000}
{end time: 2019-12-26T16:49-05:00[America/New_York], close price: 290.250000, open price: 290.250000, low price: 290.250000, high price: 290.250000, volume: 356.000000}
{end time: 2019-12-26T16:51-05:00[America/New_York], close price: 290.270000, open price: 290.270000, low price: 290.270000, high price: 290.270000, volume: 565373.000000}
{end time: 2019-12-26T16:52-05:00[America/New_York], close price: 290.150000, open price: 290.150000, low price: 290.150000, high price: 290.150000, volume: 405.000000}
{end time: 2019-12-26T16:53-05:00[America/New_York], close price: 290.260000, open price: 290.260000, low price: 290.260000, high price: 290.260000, volume: 139.000000}
{end time: 2019-12-26T16:54-05:00[America/New_York], close price: 290.160000, open price: 290.160000, low price: 290.160000, high price: 290.160000, volume: 128.000000}
{end time: 2019-12-26T16:55-05:00[America/New_York], close price: 290.220000, open price: 290.260000, low price: 290.220000, high price: 290.260000, volume: 427.000000}
{end time: 2019-12-26T16:57-05:00[America/New_York], close price: 290.200000, open price: 290.210000, low price: 290.200000, high price: 290.210000, volume: 763.000000}
{end time: 2019-12-26T16:58-05:00[America/New_York], close price: 290.200000, open price: 290.220000, low price: 290.200000, high price: 290.220000, volume: 605.000000}
{end time: 2019-12-26T16:59-05:00[America/New_York], close price: 290.200000, open price: 290.200000, low price: 290.200000, high price: 290.200000, volume: 148.000000}
{end time: 2019-12-26T17:00-05:00[America/New_York], close price: 290.270000, open price: 290.250000, low price: 290.250000, high price: 290.270000, volume: 1522.000000}
{end time: 2019-12-26T17:02-05:00[America/New_York], close price: 290.220000, open price: 290.270000, low price: 290.220000, high price: 290.270000, volume: 1702.000000}
{end time: 2019-12-26T17:03-05:00[America/New_York], close price: 290.280000, open price: 290.250000, low price: 290.250000, high price: 290.280000, volume: 5256.000000}
{end time: 2019-12-26T17:04-05:00[America/New_York], close price: 290.200000, open price: 290.250000, low price: 290.200000, high price: 290.300000, volume: 4942.000000}
{end time: 2019-12-26T17:05-05:00[America/New_York], close price: 290.250000, open price: 289.910000, low price: 289.910000, high price: 290.370000, volume: 48813.000000}
{end time: 2019-12-26T17:08-05:00[America/New_York], close price: 290.380000, open price: 290.350000, low price: 290.350000, high price: 290.380000, volume: 236.000000}
{end time: 2019-12-26T17:09-05:00[America/New_York], close price: 290.500000, open price: 290.400000, low price: 290.400000, high price: 290.500000, volume: 2671.000000}
{end time: 2019-12-26T17:10-05:00[America/New_York], close price: 290.420000, open price: 290.420000, low price: 290.420000, high price: 290.420000, volume: 339.000000}
{end time: 2019-12-26T17:11-05:00[America/New_York], close price: 290.400000, open price: 290.490000, low price: 290.400000, high price: 290.490000, volume: 786.000000}
{end time: 2019-12-26T17:12-05:00[America/New_York], close price: 290.400000, open price: 290.400000, low price: 290.400000, high price: 290.400000, volume: 160.000000}
{end time: 2019-12-26T17:13-05:00[America/New_York], close price: 290.400000, open price: 290.400000, low price: 290.400000, high price: 290.400000, volume: 218.000000}
{end time: 2019-12-26T17:14-05:00[America/New_York], close price: 290.400000, open price: 290.440000, low price: 290.400000, high price: 290.440000, volume: 5160.000000}
{end time: 2019-12-26T17:19-05:00[America/New_York], close price: 290.300000, open price: 290.310000, low price: 290.290000, high price: 290.310000, volume: 4684.000000}
{end time: 2019-12-26T17:20-05:00[America/New_York], close price: 290.350000, open price: 290.350000, low price: 290.350000, high price: 290.350000, volume: 880.000000}
{end time: 2019-12-26T17:22-05:00[America/New_York], close price: 290.400000, open price: 290.400000, low price: 290.400000, high price: 290.400000, volume: 459.000000}
{end time: 2019-12-26T17:24-05:00[America/New_York], close price: 290.390000, open price: 290.390000, low price: 290.390000, high price: 290.390000, volume: 148.000000}
{end time: 2019-12-26T17:25-05:00[America/New_York], close price: 290.300000, open price: 290.300000, low price: 290.300000, high price: 290.300000, volume: 412.000000}
{end time: 2019-12-26T17:26-05:00[America/New_York], close price: 290.320000, open price: 290.320000, low price: 290.320000, high price: 290.320000, volume: 159.000000}
{end time: 2019-12-26T17:27-05:00[America/New_York], close price: 290.350000, open price: 290.350000, low price: 290.350000, high price: 290.350000, volume: 258.000000}
{end time: 2019-12-26T17:28-05:00[America/New_York], close price: 290.350000, open price: 290.350000, low price: 290.350000, high price: 290.350000, volume: 312.000000}
{end time: 2019-12-26T17:29-05:00[America/New_York], close price: 290.440000, open price: 290.420000, low price: 290.420000, high price: 290.440000, volume: 438.000000}
{end time: 2019-12-26T17:30-05:00[America/New_York], close price: 290.350000, open price: 290.380000, low price: 290.350000, high price: 290.380000, volume: 1207.000000}
{end time: 2019-12-26T17:32-05:00[America/New_York], close price: 290.380000, open price: 290.380000, low price: 290.380000, high price: 290.380000, volume: 135.000000}
{end time: 2019-12-26T17:33-05:00[America/New_York], close price: 290.380000, open price: 290.380000, low price: 290.380000, high price: 290.380000, volume: 342.000000}
{end time: 2019-12-26T17:34-05:00[America/New_York], close price: 290.380000, open price: 290.370000, low price: 290.370000, high price: 290.380000, volume: 1001.000000}
{end time: 2019-12-26T17:35-05:00[America/New_York], close price: 290.320000, open price: 290.320000, low price: 290.320000, high price: 290.320000, volume: 237.000000}
{end time: 2019-12-26T17:36-05:00[America/New_York], close price: 290.420000, open price: 290.400000, low price: 290.400000, high price: 290.420000, volume: 1854.000000}
{end time: 2019-12-26T17:40-05:00[America/New_York], close price: 290.300000, open price: 290.400000, low price: 290.300000, high price: 290.400000, volume: 1204.000000}
{end time: 2019-12-26T17:41-05:00[America/New_York], close price: 290.380000, open price: 290.380000, low price: 290.380000, high price: 290.380000, volume: 969.000000}
{end time: 2019-12-26T17:42-05:00[America/New_York], close price: 290.380000, open price: 290.380000, low price: 290.380000, high price: 290.380000, volume: 527.000000}
{end time: 2019-12-26T17:45-05:00[America/New_York], close price: 290.400000, open price: 290.400000, low price: 290.400000, high price: 290.400000, volume: 3021.000000}
{end time: 2019-12-26T17:47-05:00[America/New_York], close price: 290.370000, open price: 290.370000, low price: 290.370000, high price: 290.370000, volume: 318.000000}
{end time: 2019-12-26T17:48-05:00[America/New_York], close price: 290.330000, open price: 290.330000, low price: 290.330000, high price: 290.330000, volume: 368.000000}
{end time: 2019-12-26T17:49-05:00[America/New_York], close price: 290.360000, open price: 290.360000, low price: 290.360000, high price: 290.360000, volume: 201.000000}
{end time: 2019-12-26T17:51-05:00[America/New_York], close price: 290.360000, open price: 290.360000, low price: 290.360000, high price: 290.360000, volume: 337.000000}
{end time: 2019-12-26T17:52-05:00[America/New_York], close price: 290.360000, open price: 290.350000, low price: 290.350000, high price: 290.360000, volume: 388.000000}
{end time: 2019-12-26T17:53-05:00[America/New_York], close price: 290.360000, open price: 290.360000, low price: 290.360000, high price: 290.360000, volume: 920.000000}
{end time: 2019-12-26T17:54-05:00[America/New_York], close price: 290.390000, open price: 290.390000, low price: 290.390000, high price: 290.390000, volume: 282.000000}
{end time: 2019-12-26T18:00-05:00[America/New_York], close price: 290.400000, open price: 290.400000, low price: 290.400000, high price: 290.400000, volume: 626.000000}
{end time: 2019-12-26T18:09-05:00[America/New_York], close price: 290.430000, open price: 290.430000, low price: 290.430000, high price: 290.430000, volume: 672.000000}
{end time: 2019-12-26T18:11-05:00[America/New_York], close price: 290.430000, open price: 290.430000, low price: 290.430000, high price: 290.430000, volume: 575.000000}
{end time: 2019-12-26T18:12-05:00[America/New_York], close price: 290.450000, open price: 290.450000, low price: 290.440000, high price: 290.450000, volume: 764.000000}
{end time: 2019-12-26T18:13-05:00[America/New_York], close price: 290.450000, open price: 290.400000, low price: 290.400000, high price: 290.450000, volume: 482.000000}
{end time: 2019-12-26T18:14-05:00[America/New_York], close price: 290.450000, open price: 290.450000, low price: 290.450000, high price: 290.450000, volume: 125.000000}
{end time: 2019-12-26T18:18-05:00[America/New_York], close price: 290.480000, open price: 290.470000, low price: 290.470000, high price: 290.480000, volume: 300.000000}
{end time: 2019-12-26T18:21-05:00[America/New_York], close price: 290.450000, open price: 290.450000, low price: 290.450000, high price: 290.450000, volume: 271.000000}
{end time: 2019-12-26T18:22-05:00[America/New_York], close price: 290.400000, open price: 290.400000, low price: 290.400000, high price: 290.400000, volume: 705.000000}
{end time: 2019-12-26T18:23-05:00[America/New_York], close price: 290.400000, open price: 290.400000, low price: 290.400000, high price: 290.400000, volume: 439.000000}
{end time: 2019-12-26T18:24-05:00[America/New_York], close price: 290.450000, open price: 290.450000, low price: 290.450000, high price: 290.450000, volume: 285.000000}
{end time: 2019-12-26T18:28-05:00[America/New_York], close price: 290.410000, open price: 290.410000, low price: 290.410000, high price: 290.410000, volume: 157.000000}
{end time: 2019-12-26T18:29-05:00[America/New_York], close price: 290.440000, open price: 290.440000, low price: 290.440000, high price: 290.440000, volume: 290.000000}
{end time: 2019-12-26T18:30-05:00[America/New_York], close price: 290.410000, open price: 290.410000, low price: 290.410000, high price: 290.410000, volume: 100.000000}
{end time: 2019-12-26T18:31-05:00[America/New_York], close price: 290.430000, open price: 290.410000, low price: 290.410000, high price: 290.450000, volume: 990.000000}
{end time: 2019-12-26T18:32-05:00[America/New_York], close price: 290.490000, open price: 290.500000, low price: 290.490000, high price: 290.500000, volume: 1126.000000}
{end time: 2019-12-26T18:33-05:00[America/New_York], close price: 290.500000, open price: 290.500000, low price: 290.500000, high price: 290.500000, volume: 130.000000}
{end time: 2019-12-26T18:34-05:00[America/New_York], close price: 290.450000, open price: 290.500000, low price: 290.450000, high price: 290.500000, volume: 300.000000}
{end time: 2019-12-26T18:35-05:00[America/New_York], close price: 290.500000, open price: 290.500000, low price: 290.500000, high price: 290.500000, volume: 205.000000}
{end time: 2019-12-26T18:36-05:00[America/New_York], close price: 290.500000, open price: 290.420000, low price: 290.420000, high price: 290.500000, volume: 5202.000000}
{end time: 2019-12-26T18:38-05:00[America/New_York], close price: 290.600000, open price: 290.490000, low price: 290.490000, high price: 290.600000, volume: 767.000000}
{end time: 2019-12-26T18:39-05:00[America/New_York], close price: 290.620000, open price: 290.620000, low price: 290.620000, high price: 290.620000, volume: 1364.000000}
{end time: 2019-12-26T18:40-05:00[America/New_York], close price: 290.650000, open price: 290.630000, low price: 290.630000, high price: 290.690000, volume: 5196.000000}
{end time: 2019-12-26T18:44-05:00[America/New_York], close price: 290.500000, open price: 290.500000, low price: 290.500000, high price: 290.500000, volume: 621.000000}
{end time: 2019-12-26T18:47-05:00[America/New_York], close price: 290.590000, open price: 290.520000, low price: 290.520000, high price: 290.590000, volume: 1197.000000}
{end time: 2019-12-26T18:48-05:00[America/New_York], close price: 290.590000, open price: 290.560000, low price: 290.520000, high price: 290.590000, volume: 2380.000000}
{end time: 2019-12-26T18:50-05:00[America/New_York], close price: 290.590000, open price: 290.590000, low price: 290.590000, high price: 290.590000, volume: 323.000000}
{end time: 2019-12-26T18:51-05:00[America/New_York], close price: 290.530000, open price: 290.530000, low price: 290.530000, high price: 290.530000, volume: 209.000000}
{end time: 2019-12-26T18:52-05:00[America/New_York], close price: 290.550000, open price: 290.560000, low price: 290.550000, high price: 290.560000, volume: 900.000000}
{end time: 2019-12-26T18:59-05:00[America/New_York], close price: 290.530000, open price: 290.550000, low price: 290.530000, high price: 290.590000, volume: 2061.000000}
{end time: 2019-12-26T19:02-05:00[America/New_York], close price: 290.590000, open price: 290.590000, low price: 290.590000, high price: 290.590000, volume: 125.000000}
{end time: 2019-12-26T19:06-05:00[America/New_York], close price: 290.520000, open price: 290.520000, low price: 290.520000, high price: 290.520000, volume: 345.000000}
{end time: 2019-12-26T19:11-05:00[America/New_York], close price: 290.550000, open price: 290.550000, low price: 290.550000, high price: 290.550000, volume: 300.000000}
{end time: 2019-12-26T19:15-05:00[America/New_York], close price: 290.520000, open price: 290.520000, low price: 290.520000, high price: 290.520000, volume: 200.000000}
{end time: 2019-12-26T19:19-05:00[America/New_York], close price: 290.550000, open price: 290.520000, low price: 290.520000, high price: 290.550000, volume: 1594.000000}
{end time: 2019-12-26T19:20-05:00[America/New_York], close price: 290.590000, open price: 290.560000, low price: 290.560000, high price: 290.590000, volume: 1405.000000}
{end time: 2019-12-26T19:23-05:00[America/New_York], close price: 290.530000, open price: 290.530000, low price: 290.530000, high price: 290.530000, volume: 122.000000}
{end time: 2019-12-26T19:25-05:00[America/New_York], close price: 290.550000, open price: 290.550000, low price: 290.550000, high price: 290.550000, volume: 264.000000}
{end time: 2019-12-26T19:26-05:00[America/New_York], close price: 290.580000, open price: 290.580000, low price: 290.580000, high price: 290.580000, volume: 518.000000}
{end time: 2019-12-26T19:30-05:00[America/New_York], close price: 290.590000, open price: 290.580000, low price: 290.580000, high price: 290.590000, volume: 1843.000000}
{end time: 2019-12-26T19:31-05:00[America/New_York], close price: 290.660000, open price: 290.600000, low price: 290.600000, high price: 290.660000, volume: 1126.000000}
{end time: 2019-12-26T19:32-05:00[America/New_York], close price: 290.700000, open price: 290.700000, low price: 290.700000, high price: 290.700000, volume: 408.000000}
{end time: 2019-12-26T19:35-05:00[America/New_York], close price: 290.740000, open price: 290.700000, low price: 290.680000, high price: 290.740000, volume: 1650.000000}
{end time: 2019-12-26T19:36-05:00[America/New_York], close price: 290.720000, open price: 290.700000, low price: 290.700000, high price: 290.720000, volume: 625.000000}
{end time: 2019-12-26T19:37-05:00[America/New_York], close price: 290.720000, open price: 290.720000, low price: 290.720000, high price: 290.720000, volume: 781.000000}
{end time: 2019-12-26T19:38-05:00[America/New_York], close price: 290.740000, open price: 290.720000, low price: 290.680000, high price: 290.740000, volume: 620.000000}
{end time: 2019-12-26T19:39-05:00[America/New_York], close price: 290.740000, open price: 290.740000, low price: 290.740000, high price: 290.740000, volume: 556.000000}
{end time: 2019-12-26T19:40-05:00[America/New_York], close price: 290.850000, open price: 290.740000, low price: 290.740000, high price: 290.850000, volume: 2484.000000}
{end time: 2019-12-26T19:41-05:00[America/New_York], close price: 290.800000, open price: 290.850000, low price: 290.800000, high price: 290.850000, volume: 470.000000}
{end time: 2019-12-26T19:42-05:00[America/New_York], close price: 290.850000, open price: 290.880000, low price: 290.850000, high price: 290.880000, volume: 608.000000}
{end time: 2019-12-26T19:44-05:00[America/New_York], close price: 290.879900, open price: 290.879900, low price: 290.879900, high price: 290.879900, volume: 300.000000}
{end time: 2019-12-26T19:46-05:00[America/New_York], close price: 290.800000, open price: 290.810000, low price: 290.800000, high price: 290.810000, volume: 651.000000}
{end time: 2019-12-26T19:47-05:00[America/New_York], close price: 290.750000, open price: 290.790000, low price: 290.750000, high price: 290.790000, volume: 1146.000000}
{end time: 2019-12-26T19:48-05:00[America/New_York], close price: 290.770000, open price: 290.770000, low price: 290.770000, high price: 290.770000, volume: 207.000000}
{end time: 2019-12-26T19:49-05:00[America/New_York], close price: 290.820000, open price: 290.800000, low price: 290.800000, high price: 290.820000, volume: 903.000000}
{end time: 2019-12-26T19:50-05:00[America/New_York], close price: 290.800000, open price: 290.800000, low price: 290.800000, high price: 290.800000, volume: 100.000000}
{end time: 2019-12-26T19:51-05:00[America/New_York], close price: 290.810000, open price: 290.810000, low price: 290.810000, high price: 290.810000, volume: 253.000000}
{end time: 2019-12-26T19:55-05:00[America/New_York], close price: 290.850000, open price: 290.850000, low price: 290.850000, high price: 290.850000, volume: 233.000000}
{end time: 2019-12-26T19:56-05:00[America/New_York], close price: 290.800000, open price: 290.810000, low price: 290.800000, high price: 290.810000, volume: 2393.000000}
{end time: 2019-12-26T19:58-05:00[America/New_York], close price: 290.820000, open price: 290.849900, low price: 290.820000, high price: 290.850000, volume: 2367.000000}
{end time: 2019-12-26T19:59-05:00[America/New_York], close price: 290.820000, open price: 290.820000, low price: 290.820000, high price: 290.820000, volume: 625.000000}
{end time: 2019-12-27T04:02-05:00[America/New_York], close price: 290.800000, open price: 290.800000, low price: 290.610000, high price: 290.800000, volume: 3000.000000}
{end time: 2019-12-27T04:07-05:00[America/New_York], close price: 291.000000, open price: 291.000000, low price: 291.000000, high price: 291.000000, volume: 149.000000}
{end time: 2019-12-27T04:22-05:00[America/New_York], close price: 290.950000, open price: 291.000000, low price: 290.950000, high price: 291.000000, volume: 609.000000}
{end time: 2019-12-27T04:23-05:00[America/New_York], close price: 290.950000, open price: 290.950000, low price: 290.950000, high price: 290.950000, volume: 493.000000}
{end time: 2019-12-27T04:24-05:00[America/New_York], close price: 290.850000, open price: 290.850000, low price: 290.850000, high price: 290.850000, volume: 200.000000}
{end time: 2019-12-27T04:41-05:00[America/New_York], close price: 290.750000, open price: 290.750000, low price: 290.750000, high price: 290.750000, volume: 110.000000}
{end time: 2019-12-27T04:45-05:00[America/New_York], close price: 290.750000, open price: 290.750000, low price: 290.750000, high price: 290.750000, volume: 100.000000}
{end time: 2019-12-27T04:48-05:00[America/New_York], close price: 290.800000, open price: 290.800000, low price: 290.800000, high price: 290.800000, volume: 175.000000}
{end time: 2019-12-27T04:49-05:00[America/New_York], close price: 290.900000, open price: 290.900000, low price: 290.900000, high price: 290.900000, volume: 471.000000}
{end time: 2019-12-27T04:53-05:00[America/New_York], close price: 290.900000, open price: 290.900000, low price: 290.900000, high price: 290.900000, volume: 200.000000}
{end time: 2019-12-27T04:55-05:00[America/New_York], close price: 290.750000, open price: 290.750000, low price: 290.750000, high price: 290.750000, volume: 1000.000000}
{end time: 2019-12-27T04:58-05:00[America/New_York], close price: 290.900000, open price: 290.900000, low price: 290.900000, high price: 290.900000, volume: 142.000000}
{end time: 2019-12-27T04:59-05:00[America/New_York], close price: 290.700000, open price: 290.700000, low price: 290.700000, high price: 290.700000, volume: 1828.000000}
{end time: 2019-12-27T05:01-05:00[America/New_York], close price: 290.700000, open price: 290.700000, low price: 290.700000, high price: 290.700000, volume: 160.000000}
{end time: 2019-12-27T05:11-05:00[America/New_York], close price: 290.700000, open price: 290.700000, low price: 290.700000, high price: 290.700000, volume: 102.000000}
{end time: 2019-12-27T05:12-05:00[America/New_York], close price: 290.700000, open price: 290.700000, low price: 290.700000, high price: 290.700000, volume: 561.000000}
{end time: 2019-12-27T05:32-05:00[America/New_York], close price: 290.900000, open price: 290.900000, low price: 290.900000, high price: 290.900000, volume: 2002.000000}
{end time: 2019-12-27T05:34-05:00[America/New_York], close price: 290.950000, open price: 290.950000, low price: 290.950000, high price: 290.950000, volume: 200.000000}
{end time: 2019-12-27T05:37-05:00[America/New_York], close price: 290.950000, open price: 290.950000, low price: 290.950000, high price: 290.950000, volume: 200.000000}
{end time: 2019-12-27T05:41-05:00[America/New_York], close price: 290.950000, open price: 290.950000, low price: 290.950000, high price: 290.950000, volume: 256.000000}
{end time: 2019-12-27T05:45-05:00[America/New_York], close price: 290.950000, open price: 290.950000, low price: 290.950000, high price: 290.950000, volume: 410.000000}
{end time: 2019-12-27T05:47-05:00[America/New_York], close price: 291.270000, open price: 291.270000, low price: 291.270000, high price: 291.270000, volume: 300.000000}
{end time: 2019-12-27T05:48-05:00[America/New_York], close price: 291.250000, open price: 291.250000, low price: 291.250000, high price: 291.250000, volume: 800.000000}
{end time: 2019-12-27T06:10-05:00[America/New_York], close price: 291.050000, open price: 291.050000, low price: 291.050000, high price: 291.050000, volume: 523.000000}
{end time: 2019-12-27T06:18-05:00[America/New_York], close price: 291.200000, open price: 291.200000, low price: 291.200000, high price: 291.200000, volume: 102.000000}
{end time: 2019-12-27T06:21-05:00[America/New_York], close price: 291.040000, open price: 291.050000, low price: 291.040000, high price: 291.050000, volume: 548.000000}
{end time: 2019-12-27T06:30-05:00[America/New_York], close price: 291.010000, open price: 291.010000, low price: 291.010000, high price: 291.010000, volume: 542.000000}
{end time: 2019-12-27T06:32-05:00[America/New_York], close price: 290.950000, open price: 290.990000, low price: 290.950000, high price: 290.990000, volume: 1337.000000}
{end time: 2019-12-27T06:40-05:00[America/New_York], close price: 291.130000, open price: 291.130000, low price: 291.130000, high price: 291.130000, volume: 399.000000}
{end time: 2019-12-27T06:47-05:00[America/New_York], close price: 291.130000, open price: 291.130000, low price: 291.130000, high price: 291.130000, volume: 1005.000000}
{end time: 2019-12-27T06:54-05:00[America/New_York], close price: 291.170000, open price: 291.180000, low price: 291.170000, high price: 291.180000, volume: 554.000000}
{end time: 2019-12-27T06:55-05:00[America/New_York], close price: 291.150000, open price: 291.150000, low price: 291.150000, high price: 291.150000, volume: 100.000000}
{end time: 2019-12-27T06:57-05:00[America/New_York], close price: 291.180000, open price: 291.170000, low price: 291.170000, high price: 291.180000, volume: 552.000000}
{end time: 2019-12-27T06:58-05:00[America/New_York], close price: 291.180000, open price: 291.180000, low price: 291.180000, high price: 291.180000, volume: 150.000000}
{end time: 2019-12-27T07:00-05:00[America/New_York], close price: 291.400000, open price: 291.190000, low price: 291.180000, high price: 291.490000, volume: 14686.000000}
{end time: 2019-12-27T07:01-05:00[America/New_York], close price: 291.580000, open price: 291.400000, low price: 291.400000, high price: 291.580000, volume: 13053.000000}
{end time: 2019-12-27T07:02-05:00[America/New_York], close price: 291.540000, open price: 291.580000, low price: 291.500000, high price: 291.580000, volume: 5632.000000}
{end time: 2019-12-27T07:03-05:00[America/New_York], close price: 291.560000, open price: 291.530000, low price: 291.500000, high price: 291.570000, volume: 3746.000000}
{end time: 2019-12-27T07:04-05:00[America/New_York], close price: 291.600000, open price: 291.550000, low price: 291.550000, high price: 291.700000, volume: 7822.000000}
{end time: 2019-12-27T07:05-05:00[America/New_York], close price: 291.640000, open price: 291.640000, low price: 291.640000, high price: 291.640000, volume: 402.000000}
{end time: 2019-12-27T07:06-05:00[America/New_York], close price: 291.800000, open price: 291.690000, low price: 291.690000, high price: 291.900000, volume: 7977.000000}
{end time: 2019-12-27T07:07-05:00[America/New_York], close price: 291.720000, open price: 291.800000, low price: 291.720000, high price: 291.870000, volume: 1956.000000}
{end time: 2019-12-27T07:08-05:00[America/New_York], close price: 291.690000, open price: 291.720000, low price: 291.690000, high price: 291.720000, volume: 2831.000000}
{end time: 2019-12-27T07:09-05:00[America/New_York], close price: 291.750000, open price: 291.700000, low price: 291.620000, high price: 291.750000, volume: 3250.000000}
{end time: 2019-12-27T07:10-05:00[America/New_York], close price: 291.740000, open price: 291.740000, low price: 291.740000, high price: 291.740000, volume: 252.000000}
{end time: 2019-12-27T07:11-05:00[America/New_York], close price: 291.750000, open price: 291.710000, low price: 291.610000, high price: 291.750000, volume: 3194.000000}
{end time: 2019-12-27T07:12-05:00[America/New_York], close price: 291.860000, open price: 291.750000, low price: 291.750000, high price: 291.860000, volume: 3074.000000}
{end time: 2019-12-27T07:13-05:00[America/New_York], close price: 291.850000, open price: 291.840000, low price: 291.840000, high price: 291.880000, volume: 1174.000000}
{end time: 2019-12-27T07:14-05:00[America/New_York], close price: 291.880000, open price: 291.880000, low price: 291.800000, high price: 291.880000, volume: 1625.000000}
{end time: 2019-12-27T07:15-05:00[America/New_York], close price: 291.800000, open price: 291.900000, low price: 291.800000, high price: 291.910000, volume: 2338.000000}
{end time: 2019-12-27T07:16-05:00[America/New_York], close price: 291.760000, open price: 291.850000, low price: 291.760000, high price: 291.850000, volume: 1981.000000}
{end time: 2019-12-27T07:17-05:00[America/New_York], close price: 291.760000, open price: 291.760000, low price: 291.760000, high price: 291.760000, volume: 1210.000000}
{end time: 2019-12-27T07:18-05:00[America/New_York], close price: 291.820000, open price: 291.770000, low price: 291.760000, high price: 291.820000, volume: 1569.000000}
{end time: 2019-12-27T07:19-05:00[America/New_York], close price: 291.950000, open price: 291.810000, low price: 291.810000, high price: 291.950000, volume: 3584.000000}
{end time: 2019-12-27T07:20-05:00[America/New_York], close price: 291.850000, open price: 291.950000, low price: 291.750000, high price: 291.950000, volume: 5806.000000}
{end time: 2019-12-27T07:21-05:00[America/New_York], close price: 291.810000, open price: 291.800000, low price: 291.800000, high price: 291.840000, volume: 902.000000}
{end time: 2019-12-27T07:22-05:00[America/New_York], close price: 291.810000, open price: 291.810000, low price: 291.810000, high price: 291.810000, volume: 904.000000}
{end time: 2019-12-27T07:23-05:00[America/New_York], close price: 291.690000, open price: 291.770000, low price: 291.690000, high price: 291.770000, volume: 9078.000000}
{end time: 2019-12-27T07:24-05:00[America/New_York], close price: 291.790000, open price: 291.690000, low price: 291.690000, high price: 291.790000, volume: 3405.000000}
{end time: 2019-12-27T07:25-05:00[America/New_York], close price: 291.830000, open price: 291.830000, low price: 291.830000, high price: 291.830000, volume: 350.000000}
{end time: 2019-12-27T07:26-05:00[America/New_York], close price: 291.810000, open price: 291.810000, low price: 291.810000, high price: 291.810000, volume: 1167.000000}
{end time: 2019-12-27T07:27-05:00[America/New_York], close price: 291.900000, open price: 291.850000, low price: 291.850000, high price: 291.900000, volume: 1119.000000}
{end time: 2019-12-27T07:28-05:00[America/New_York], close price: 291.940000, open price: 291.930000, low price: 291.930000, high price: 291.980000, volume: 937.000000}
{end time: 2019-12-27T07:29-05:00[America/New_York], close price: 291.980000, open price: 291.950000, low price: 291.950000, high price: 291.980000, volume: 2398.000000}
{end time: 2019-12-27T07:30-05:00[America/New_York], close price: 291.960000, open price: 291.950000, low price: 291.950000, high price: 291.960000, volume: 867.000000}
{end time: 2019-12-27T07:31-05:00[America/New_York], close price: 291.910000, open price: 291.950000, low price: 291.910000, high price: 291.960000, volume: 1447.000000}
{end time: 2019-12-27T07:32-05:00[America/New_York], close price: 291.890000, open price: 291.890000, low price: 291.890000, high price: 291.890000, volume: 780.000000}
{end time: 2019-12-27T07:33-05:00[America/New_York], close price: 291.905000, open price: 291.930000, low price: 291.900000, high price: 291.930000, volume: 687.000000}
{end time: 2019-12-27T07:34-05:00[America/New_York], close price: 291.910000, open price: 291.910000, low price: 291.910000, high price: 291.910000, volume: 120.000000}
{end time: 2019-12-27T07:35-05:00[America/New_York], close price: 291.860000, open price: 291.880000, low price: 291.860000, high price: 291.880000, volume: 339.000000}
{end time: 2019-12-27T07:36-05:00[America/New_York], close price: 291.810000, open price: 291.810000, low price: 291.810000, high price: 291.810000, volume: 791.000000}
{end time: 2019-12-27T07:37-05:00[America/New_York], close price: 291.790000, open price: 291.800000, low price: 291.780000, high price: 291.830000, volume: 1812.000000}
{end time: 2019-12-27T07:38-05:00[America/New_York], close price: 291.760000, open price: 291.880000, low price: 291.750000, high price: 291.920000, volume: 5293.000000}
{end time: 2019-12-27T07:39-05:00[America/New_York], close price: 291.760000, open price: 291.800000, low price: 291.760000, high price: 291.820000, volume: 3309.000000}
{end time: 2019-12-27T07:40-05:00[America/New_York], close price: 291.800000, open price: 291.800000, low price: 291.770000, high price: 291.800000, volume: 859.000000}
{end time: 2019-12-27T07:41-05:00[America/New_York], close price: 291.800000, open price: 291.780000, low price: 291.780000, high price: 291.820000, volume: 1014.000000}
{end time: 2019-12-27T07:42-05:00[America/New_York], close price: 291.740000, open price: 291.760000, low price: 291.740000, high price: 291.760000, volume: 3326.000000}
{end time: 2019-12-27T07:43-05:00[America/New_York], close price: 291.750000, open price: 291.750000, low price: 291.750000, high price: 291.750000, volume: 202.000000}
{end time: 2019-12-27T07:44-05:00[America/New_York], close price: 291.740000, open price: 291.740000, low price: 291.740000, high price: 291.740000, volume: 607.000000}
{end time: 2019-12-27T07:45-05:00[America/New_York], close price: 291.670000, open price: 291.700000, low price: 291.670000, high price: 291.700000, volume: 1047.000000}
{end time: 2019-12-27T07:46-05:00[America/New_York], close price: 291.670000, open price: 291.700000, low price: 291.670000, high price: 291.700000, volume: 2120.000000}
{end time: 2019-12-27T07:47-05:00[America/New_York], close price: 291.600000, open price: 291.680000, low price: 291.600000, high price: 291.680000, volume: 1856.000000}
{end time: 2019-12-27T07:48-05:00[America/New_York], close price: 291.620000, open price: 291.620000, low price: 291.620000, high price: 291.620000, volume: 828.000000}
{end time: 2019-12-27T07:49-05:00[America/New_York], close price: 291.620000, open price: 291.600000, low price: 291.560000, high price: 291.620000, volume: 1242.000000}
{end time: 2019-12-27T07:51-05:00[America/New_York], close price: 291.580000, open price: 291.610000, low price: 291.580000, high price: 291.610000, volume: 1409.000000}
{end time: 2019-12-27T07:52-05:00[America/New_York], close price: 291.600000, open price: 291.600000, low price: 291.580000, high price: 291.650000, volume: 2908.000000}
{end time: 2019-12-27T07:53-05:00[America/New_York], close price: 291.600000, open price: 291.600000, low price: 291.600000, high price: 291.600000, volume: 823.000000}
{end time: 2019-12-27T07:54-05:00[America/New_York], close price: 291.600000, open price: 291.600000, low price: 291.600000, high price: 291.630000, volume: 1237.000000}
{end time: 2019-12-27T07:55-05:00[America/New_York], close price: 291.550000, open price: 291.580000, low price: 291.530000, high price: 291.600000, volume: 5394.000000}
{end time: 2019-12-27T07:56-05:00[America/New_York], close price: 291.550000, open price: 291.570000, low price: 291.500000, high price: 291.570000, volume: 2223.000000}
{end time: 2019-12-27T07:57-05:00[America/New_York], close price: 291.520000, open price: 291.580000, low price: 291.520000, high price: 291.580000, volume: 877.000000}
{end time: 2019-12-27T07:58-05:00[America/New_York], close price: 291.640000, open price: 291.590000, low price: 291.590000, high price: 291.640000, volume: 3195.000000}
{end time: 2019-12-27T07:59-05:00[America/New_York], close price: 291.700000, open price: 291.650000, low price: 291.640000, high price: 291.700000, volume: 2062.000000}
{end time: 2019-12-27T08:00-05:00[America/New_York], close price: 291.580000, open price: 291.700000, low price: 291.190000, high price: 291.990000, volume: 59990.000000}
{end time: 2019-12-27T08:01-05:00[America/New_York], close price: 291.589800, open price: 291.534700, low price: 291.450000, high price: 291.589800, volume: 12231.000000}
{end time: 2019-12-27T08:02-05:00[America/New_York], close price: 291.510000, open price: 291.500000, low price: 291.500000, high price: 291.580000, volume: 822.000000}
{end time: 2019-12-27T08:03-05:00[America/New_York], close price: 291.580000, open price: 291.580000, low price: 291.580000, high price: 291.590000, volume: 3683.000000}
{end time: 2019-12-27T08:04-05:00[America/New_York], close price: 291.640000, open price: 291.650000, low price: 291.640000, high price: 291.680000, volume: 977.000000}
{end time: 2019-12-27T08:05-05:00[America/New_York], close price: 291.690000, open price: 291.640100, low price: 291.640000, high price: 291.690000, volume: 4718.000000}
{end time: 2019-12-27T08:06-05:00[America/New_York], close price: 291.530000, open price: 291.640000, low price: 291.530000, high price: 291.640000, volume: 2193.000000}
{end time: 2019-12-27T08:07-05:00[America/New_York], close price: 291.590000, open price: 291.600000, low price: 291.590000, high price: 291.600000, volume: 1076.000000}
{end time: 2019-12-27T08:08-05:00[America/New_York], close price: 291.600000, open price: 291.600000, low price: 291.530000, high price: 291.600000, volume: 2653.000000}
{end time: 2019-12-27T08:09-05:00[America/New_York], close price: 291.650000, open price: 291.600000, low price: 291.560000, high price: 291.659900, volume: 1772.000000}
{end time: 2019-12-27T08:10-05:00[America/New_York], close price: 291.611800, open price: 291.660000, low price: 291.611800, high price: 291.660000, volume: 1137.000000}
{end time: 2019-12-27T08:11-05:00[America/New_York], close price: 291.690000, open price: 291.660000, low price: 291.660000, high price: 291.690000, volume: 2238.000000}
{end time: 2019-12-27T08:12-05:00[America/New_York], close price: 291.770000, open price: 291.680000, low price: 291.655400, high price: 291.770000, volume: 1613.000000}
{end time: 2019-12-27T08:13-05:00[America/New_York], close price: 291.750000, open price: 291.800000, low price: 291.750000, high price: 291.840000, volume: 3588.000000}
{end time: 2019-12-27T08:14-05:00[America/New_York], close price: 291.800000, open price: 291.770000, low price: 291.770000, high price: 291.800000, volume: 3756.000000}
{end time: 2019-12-27T08:15-05:00[America/New_York], close price: 291.750000, open price: 291.800000, low price: 291.750000, high price: 291.800000, volume: 5399.000000}
{end time: 2019-12-27T08:16-05:00[America/New_York], close price: 291.789800, open price: 291.800000, low price: 291.789800, high price: 291.800000, volume: 2650.000000}
{end time: 2019-12-27T08:17-05:00[America/New_York], close price: 291.800000, open price: 291.790000, low price: 291.780000, high price: 291.800000, volume: 1613.000000}
{end time: 2019-12-27T08:18-05:00[America/New_York], close price: 291.750000, open price: 291.790000, low price: 291.750000, high price: 291.800000, volume: 1390.000000}
{end time: 2019-12-27T08:19-05:00[America/New_York], close price: 291.790000, open price: 291.799900, low price: 291.790000, high price: 291.799900, volume: 1450.000000}
{end time: 2019-12-27T08:20-05:00[America/New_York], close price: 291.800000, open price: 291.850000, low price: 291.790000, high price: 291.850000, volume: 1066.000000}
{end time: 2019-12-27T08:21-05:00[America/New_York], close price: 291.790000, open price: 291.800000, low price: 291.700000, high price: 291.820000, volume: 18561.000000}
{end time: 2019-12-27T08:22-05:00[America/New_York], close price: 291.701200, open price: 291.750000, low price: 291.700000, high price: 291.780000, volume: 2902.000000}
{end time: 2019-12-27T08:23-05:00[America/New_York], close price: 291.750000, open price: 291.750000, low price: 291.750000, high price: 291.779900, volume: 4144.000000}
{end time: 2019-12-27T08:24-05:00[America/New_York], close price: 291.750000, open price: 291.770000, low price: 291.750000, high price: 291.780000, volume: 6099.000000}
{end time: 2019-12-27T08:25-05:00[America/New_York], close price: 291.750000, open price: 291.750000, low price: 291.740000, high price: 291.800000, volume: 6401.000000}
{end time: 2019-12-27T08:26-05:00[America/New_York], close price: 291.800000, open price: 291.800000, low price: 291.800000, high price: 291.820000, volume: 6271.000000}
{end time: 2019-12-27T08:27-05:00[America/New_York], close price: 291.870000, open price: 291.810000, low price: 291.810000, high price: 291.880000, volume: 7937.000000}
{end time: 2019-12-27T08:28-05:00[America/New_York], close price: 291.820000, open price: 291.870000, low price: 291.820000, high price: 291.870000, volume: 4319.000000}
{end time: 2019-12-27T08:29-05:00[America/New_York], close price: 291.870000, open price: 291.820100, low price: 291.820000, high price: 291.870000, volume: 9923.000000}
{end time: 2019-12-27T08:30-05:00[America/New_York], close price: 291.910000, open price: 291.850000, low price: 291.850000, high price: 291.910000, volume: 3948.000000}
{end time: 2019-12-27T08:31-05:00[America/New_York], close price: 291.900000, open price: 291.860100, low price: 291.860100, high price: 291.940000, volume: 3895.000000}
{end time: 2019-12-27T08:32-05:00[America/New_York], close price: 291.890000, open price: 291.939900, low price: 291.890000, high price: 291.940000, volume: 7327.000000}
{end time: 2019-12-27T08:33-05:00[America/New_York], close price: 291.930000, open price: 291.900000, low price: 291.860000, high price: 291.930000, volume: 4554.000000}
{end time: 2019-12-27T08:34-05:00[America/New_York], close price: 291.930000, open price: 291.930000, low price: 291.930000, high price: 291.930000, volume: 762.000000}
{end time: 2019-12-27T08:35-05:00[America/New_York], close price: 291.860000, open price: 291.930000, low price: 291.860000, high price: 291.930000, volume: 3934.000000}
{end time: 2019-12-27T08:36-05:00[America/New_York], close price: 291.830000, open price: 291.900000, low price: 291.830000, high price: 291.900000, volume: 2740.000000}
{end time: 2019-12-27T08:37-05:00[America/New_York], close price: 291.750000, open price: 291.830000, low price: 291.750000, high price: 291.830000, volume: 2448.000000}
{end time: 2019-12-27T08:39-05:00[America/New_York], close price: 291.790000, open price: 291.760000, low price: 291.700000, high price: 291.790000, volume: 5925.000000}
{end time: 2019-12-27T08:40-05:00[America/New_York], close price: 291.700000, open price: 291.790000, low price: 291.700000, high price: 291.790000, volume: 5135.000000}
{end time: 2019-12-27T08:42-05:00[America/New_York], close price: 291.740000, open price: 291.749900, low price: 291.720000, high price: 291.750000, volume: 2825.000000}
{end time: 2019-12-27T08:43-05:00[America/New_York], close price: 291.620000, open price: 291.720000, low price: 291.620000, high price: 291.720000, volume: 3514.000000}
{end time: 2019-12-27T08:44-05:00[America/New_York], close price: 291.600000, open price: 291.630000, low price: 291.600000, high price: 291.650000, volume: 5408.000000}
{end time: 2019-12-27T08:45-05:00[America/New_York], close price: 291.650000, open price: 291.600000, low price: 291.600000, high price: 291.650000, volume: 1551.000000}
{end time: 2019-12-27T08:46-05:00[America/New_York], close price: 291.640000, open price: 291.590700, low price: 291.570300, high price: 291.669900, volume: 2605.000000}
{end time: 2019-12-27T08:47-05:00[America/New_York], close price: 291.634400, open price: 291.620000, low price: 291.620000, high price: 291.650000, volume: 1262.000000}
{end time: 2019-12-27T08:48-05:00[America/New_York], close price: 291.580000, open price: 291.600000, low price: 291.580000, high price: 291.600000, volume: 695.000000}
{end time: 2019-12-27T08:49-05:00[America/New_York], close price: 291.600000, open price: 291.570000, low price: 291.550000, high price: 291.600000, volume: 2525.000000}
{end time: 2019-12-27T08:50-05:00[America/New_York], close price: 291.520000, open price: 291.590000, low price: 291.500000, high price: 291.590000, volume: 5972.000000}
{end time: 2019-12-27T08:51-05:00[America/New_York], close price: 291.580000, open price: 291.520000, low price: 291.500200, high price: 291.580000, volume: 4687.000000}
{end time: 2019-12-27T08:52-05:00[America/New_York], close price: 291.580000, open price: 291.500000, low price: 291.500000, high price: 291.580000, volume: 2842.000000}
{end time: 2019-12-27T08:53-05:00[America/New_York], close price: 291.500000, open price: 291.540000, low price: 291.500000, high price: 291.540000, volume: 2199.000000}
{end time: 2019-12-27T08:54-05:00[America/New_York], close price: 291.400000, open price: 291.550000, low price: 291.400000, high price: 291.550000, volume: 1844.000000}
{end time: 2019-12-27T08:55-05:00[America/New_York], close price: 291.420000, open price: 291.410700, low price: 291.410700, high price: 291.500000, volume: 1619.000000}
{end time: 2019-12-27T08:56-05:00[America/New_York], close price: 291.350000, open price: 291.500000, low price: 291.350000, high price: 291.500000, volume: 4470.000000}
{end time: 2019-12-27T08:57-05:00[America/New_York], close price: 291.320000, open price: 291.360000, low price: 291.140000, high price: 291.360000, volume: 15839.000000}
{end time: 2019-12-27T08:58-05:00[America/New_York], close price: 291.300000, open price: 291.250000, low price: 291.250000, high price: 291.300000, volume: 1896.000000}
{end time: 2019-12-27T08:59-05:00[America/New_York], close price: 291.300000, open price: 291.310000, low price: 291.300000, high price: 291.390000, volume: 9816.000000}
{end time: 2019-12-27T09:00-05:00[America/New_York], close price: 291.330000, open price: 291.310000, low price: 291.260100, high price: 291.370000, volume: 5181.000000}
{end time: 2019-12-27T09:01-05:00[America/New_York], close price: 291.320000, open price: 291.350000, low price: 291.320000, high price: 291.350000, volume: 2336.000000}
{end time: 2019-12-27T09:02-05:00[America/New_York], close price: 291.350000, open price: 291.369900, low price: 291.350000, high price: 291.370000, volume: 1547.000000}
{end time: 2019-12-27T09:03-05:00[America/New_York], close price: 291.310000, open price: 291.350000, low price: 291.300000, high price: 291.350000, volume: 4184.000000}
{end time: 2019-12-27T09:04-05:00[America/New_York], close price: 291.340000, open price: 291.340200, low price: 291.340000, high price: 291.340200, volume: 3181.000000}
{end time: 2019-12-27T09:05-05:00[America/New_York], close price: 291.460000, open price: 291.360000, low price: 291.360000, high price: 291.469900, volume: 2623.000000}
{end time: 2019-12-27T09:06-05:00[America/New_York], close price: 291.470000, open price: 291.470000, low price: 291.403300, high price: 291.490000, volume: 2165.000000}
{end time: 2019-12-27T09:07-05:00[America/New_York], close price: 291.450000, open price: 291.450000, low price: 291.450000, high price: 291.450000, volume: 1504.000000}
{end time: 2019-12-27T09:08-05:00[America/New_York], close price: 291.410000, open price: 291.490000, low price: 291.410000, high price: 291.520000, volume: 5494.000000}
{end time: 2019-12-27T09:09-05:00[America/New_York], close price: 291.350000, open price: 291.470000, low price: 291.350000, high price: 291.550000, volume: 2116.000000}
{end time: 2019-12-27T09:10-05:00[America/New_York], close price: 291.310200, open price: 291.350000, low price: 291.310000, high price: 291.350000, volume: 1078.000000}
{end time: 2019-12-27T09:11-05:00[America/New_York], close price: 291.260000, open price: 291.300000, low price: 291.250000, high price: 291.400000, volume: 3334.000000}
{end time: 2019-12-27T09:12-05:00[America/New_York], close price: 291.130000, open price: 291.300000, low price: 291.100000, high price: 291.300000, volume: 10308.000000}
{end time: 2019-12-27T09:13-05:00[America/New_York], close price: 291.120000, open price: 291.150000, low price: 291.100000, high price: 291.150000, volume: 4138.000000}
{end time: 2019-12-27T09:14-05:00[America/New_York], close price: 291.140000, open price: 291.140000, low price: 291.100000, high price: 291.140000, volume: 2804.000000}
{end time: 2019-12-27T09:15-05:00[America/New_York], close price: 291.120000, open price: 291.200000, low price: 291.120000, high price: 291.200000, volume: 2655.000000}
{end time: 2019-12-27T09:16-05:00[America/New_York], close price: 291.150000, open price: 291.200000, low price: 291.150000, high price: 291.200000, volume: 1022.000000}
{end time: 2019-12-27T09:17-05:00[America/New_York], close price: 291.180000, open price: 291.120000, low price: 291.100000, high price: 291.190000, volume: 2525.000000}
{end time: 2019-12-27T09:18-05:00[America/New_York], close price: 291.150000, open price: 291.120000, low price: 291.120000, high price: 291.150000, volume: 1261.000000}
{end time: 2019-12-27T09:19-05:00[America/New_York], close price: 291.300000, open price: 291.140000, low price: 289.910000, high price: 291.300000, volume: 3283.000000}
{end time: 2019-12-27T09:20-05:00[America/New_York], close price: 291.280000, open price: 291.270000, low price: 291.270000, high price: 291.280000, volume: 2554.000000}
{end time: 2019-12-27T09:21-05:00[America/New_York], close price: 291.300000, open price: 291.270000, low price: 291.270000, high price: 291.300000, volume: 1176.000000}
{end time: 2019-12-27T09:22-05:00[America/New_York], close price: 291.300000, open price: 291.300000, low price: 291.300000, high price: 291.300000, volume: 5167.000000}
{end time: 2019-12-27T09:23-05:00[America/New_York], close price: 291.320000, open price: 291.360000, low price: 291.320000, high price: 291.400000, volume: 1484.000000}
{end time: 2019-12-27T09:24-05:00[America/New_York], close price: 291.320000, open price: 291.340000, low price: 291.320000, high price: 291.390000, volume: 5532.000000}
{end time: 2019-12-27T09:25-05:00[America/New_York], close price: 291.390000, open price: 291.380000, low price: 291.380000, high price: 291.390000, volume: 5605.000000}
{end time: 2019-12-27T09:26-05:00[America/New_York], close price: 291.330000, open price: 291.380000, low price: 291.320000, high price: 291.380000, volume: 10374.000000}
{end time: 2019-12-27T09:27-05:00[America/New_York], close price: 291.380000, open price: 291.330000, low price: 291.330000, high price: 291.380000, volume: 2216.000000}
{end time: 2019-12-27T09:28-05:00[America/New_York], close price: 291.160000, open price: 291.390000, low price: 291.130000, high price: 291.390000, volume: 6068.000000}
{end time: 2019-12-27T09:29-05:00[America/New_York], close price: 291.110000, open price: 291.160000, low price: 291.020000, high price: 291.170000, volume: 5144.000000}
{end time: 2019-12-27T09:30-05:00[America/New_York], close price: 291.274000, open price: 291.120000, low price: 290.660000, high price: 291.300000, volume: 722770.000000}
{end time: 2019-12-27T09:31-05:00[America/New_York], close price: 291.697000, open price: 291.250000, low price: 291.200000, high price: 291.750000, volume: 327435.000000}
{end time: 2019-12-27T09:32-05:00[America/New_York], close price: 291.887100, open price: 291.690700, low price: 291.320000, high price: 291.930000, volume: 232437.000000}
{end time: 2019-12-27T09:33-05:00[America/New_York], close price: 292.143500, open price: 291.870000, low price: 291.780000, high price: 292.180000, volume: 250751.000000}
{end time: 2019-12-27T09:34-05:00[America/New_York], close price: 292.600000, open price: 292.150000, low price: 292.070000, high price: 292.610700, volume: 295903.000000}
{end time: 2019-12-27T09:35-05:00[America/New_York], close price: 292.170000, open price: 292.600000, low price: 292.010000, high price: 292.600000, volume: 316685.000000}
{end time: 2019-12-27T09:36-05:00[America/New_York], close price: 292.761900, open price: 292.170000, low price: 292.165000, high price: 292.790000, volume: 340432.000000}
{end time: 2019-12-27T09:37-05:00[America/New_York], close price: 292.657900, open price: 292.770000, low price: 292.470000, high price: 292.840000, volume: 257143.000000}
{end time: 2019-12-27T09:38-05:00[America/New_York], close price: 293.025000, open price: 292.660000, low price: 292.640000, high price: 293.170000, volume: 255542.000000}
{end time: 2019-12-27T09:39-05:00[America/New_York], close price: 292.750000, open price: 293.010000, low price: 292.600000, high price: 293.070000, volume: 257130.000000}
{end time: 2019-12-27T09:40-05:00[America/New_York], close price: 292.880000, open price: 292.760000, low price: 292.680000, high price: 293.070000, volume: 177751.000000}
{end time: 2019-12-27T09:41-05:00[America/New_York], close price: 293.270000, open price: 292.880000, low price: 292.870000, high price: 293.320000, volume: 221700.000000}
{end time: 2019-12-27T09:42-05:00[America/New_York], close price: 293.535000, open price: 293.270000, low price: 293.229000, high price: 293.550000, volume: 215512.000000}
{end time: 2019-12-27T09:43-05:00[America/New_York], close price: 293.445700, open price: 293.544000, low price: 293.350000, high price: 293.550000, volume: 269426.000000}
{end time: 2019-12-27T09:44-05:00[America/New_York], close price: 293.255000, open price: 293.460000, low price: 292.950000, high price: 293.500000, volume: 281906.000000}
{end time: 2019-12-27T09:45-05:00[America/New_York], close price: 293.580000, open price: 293.290000, low price: 293.190000, high price: 293.788400, volume: 278095.000000}
{end time: 2019-12-27T09:46-05:00[America/New_York], close price: 293.760000, open price: 293.597900, low price: 293.585000, high price: 293.790000, volume: 237780.000000}
{end time: 2019-12-27T09:47-05:00[America/New_York], close price: 293.650200, open price: 293.740000, low price: 293.580000, high price: 293.970000, volume: 274991.000000}
{end time: 2019-12-27T09:48-05:00[America/New_York], close price: 293.490000, open price: 293.690000, low price: 293.410000, high price: 293.830000, volume: 218031.000000}
{end time: 2019-12-27T09:49-05:00[America/New_York], close price: 293.560000, open price: 293.509900, low price: 293.500000, high price: 293.660000, volume: 148713.000000}
{end time: 2019-12-27T09:50-05:00[America/New_York], close price: 293.205000, open price: 293.570000, low price: 293.160000, high price: 293.570000, volume: 225246.000000}
{end time: 2019-12-27T09:51-05:00[America/New_York], close price: 292.975000, open price: 293.210000, low price: 292.800000, high price: 293.257500, volume: 287408.000000}
{end time: 2019-12-27T09:52-05:00[America/New_York], close price: 292.434800, open price: 292.990000, low price: 292.400000, high price: 293.010000, volume: 299764.000000}
{end time: 2019-12-27T09:53-05:00[America/New_York], close price: 292.535800, open price: 292.440000, low price: 292.410000, high price: 292.779900, volume: 239144.000000}
{end time: 2019-12-27T09:54-05:00[America/New_York], close price: 292.230000, open price: 292.521900, low price: 292.170000, high price: 292.600000, volume: 172190.000000}
{end time: 2019-12-27T09:55-05:00[America/New_York], close price: 292.000000, open price: 292.220000, low price: 291.950000, high price: 292.250000, volume: 234382.000000}
{end time: 2019-12-27T09:56-05:00[America/New_York], close price: 291.630000, open price: 291.980800, low price: 291.610000, high price: 292.008900, volume: 245141.000000}
{end time: 2019-12-27T09:57-05:00[America/New_York], close price: 291.010000, open price: 291.630000, low price: 291.010000, high price: 291.630000, volume: 313150.000000}
{end time: 2019-12-27T09:58-05:00[America/New_York], close price: 290.660000, open price: 291.030700, low price: 290.554300, high price: 291.070000, volume: 422673.000000}
{end time: 2019-12-27T09:59-05:00[America/New_York], close price: 290.247700, open price: 290.660000, low price: 290.100000, high price: 290.680000, volume: 261261.000000}
{end time: 2019-12-27T10:00-05:00[America/New_York], close price: 291.035000, open price: 290.240000, low price: 290.100000, high price: 291.080000, volume: 328834.000000}
{end time: 2019-12-27T10:01-05:00[America/New_York], close price: 291.250000, open price: 291.039200, low price: 290.937200, high price: 291.350000, volume: 273140.000000}
{end time: 2019-12-27T10:02-05:00[America/New_York], close price: 291.202800, open price: 291.220000, low price: 291.100000, high price: 291.370000, volume: 141978.000000}
{end time: 2019-12-27T10:03-05:00[America/New_York], close price: 290.920000, open price: 291.189500, low price: 290.850000, high price: 291.190000, volume: 173260.000000}
{end time: 2019-12-27T10:04-05:00[America/New_York], close price: 291.070000, open price: 290.920000, low price: 290.816000, high price: 291.140000, volume: 126827.000000}
{end time: 2019-12-27T10:05-05:00[America/New_York], close price: 290.669900, open price: 291.096000, low price: 290.650000, high price: 291.120000, volume: 124155.000000}
{end time: 2019-12-27T10:06-05:00[America/New_York], close price: 291.100000, open price: 290.670000, low price: 290.620000, high price: 291.170000, volume: 158697.000000}
{end time: 2019-12-27T10:07-05:00[America/New_York], close price: 291.620100, open price: 291.079300, low price: 291.030000, high price: 291.650000, volume: 194722.000000}
{end time: 2019-12-27T10:08-05:00[America/New_York], close price: 291.799300, open price: 291.640000, low price: 291.640000, high price: 291.850000, volume: 140653.000000}
{end time: 2019-12-27T10:09-05:00[America/New_York], close price: 291.690000, open price: 291.795000, low price: 291.525000, high price: 291.830000, volume: 159442.000000}
{end time: 2019-12-27T10:10-05:00[America/New_York], close price: 291.330000, open price: 291.699900, low price: 291.320000, high price: 291.780000, volume: 168868.000000}
{end time: 2019-12-27T10:11-05:00[America/New_York], close price: 291.644000, open price: 291.346800, low price: 291.340000, high price: 291.650000, volume: 94483.000000}
{end time: 2019-12-27T10:12-05:00[America/New_York], close price: 291.605500, open price: 291.640200, low price: 291.570000, high price: 291.750000, volume: 108636.000000}
{end time: 2019-12-27T10:13-05:00[America/New_York], close price: 291.680000, open price: 291.590100, low price: 291.590100, high price: 291.725000, volume: 52868.000000}
{end time: 2019-12-27T10:14-05:00[America/New_York], close price: 291.750000, open price: 291.680000, low price: 291.630000, high price: 291.750000, volume: 76386.000000}
{end time: 2019-12-27T10:15-05:00[America/New_York], close price: 291.711900, open price: 291.730000, low price: 291.600000, high price: 291.730000, volume: 63822.000000}
{end time: 2019-12-27T10:16-05:00[America/New_York], close price: 291.870000, open price: 291.707500, low price: 291.690000, high price: 291.948700, volume: 106103.000000}
{end time: 2019-12-27T10:17-05:00[America/New_York], close price: 292.190000, open price: 291.870000, low price: 291.830000, high price: 292.190000, volume: 180417.000000}
{end time: 2019-12-27T10:18-05:00[America/New_York], close price: 292.276200, open price: 292.172700, low price: 292.060000, high price: 292.280000, volume: 130626.000000}
{end time: 2019-12-27T10:19-05:00[America/New_York], close price: 292.190000, open price: 292.260300, low price: 292.160000, high price: 292.320000, volume: 109243.000000}
{end time: 2019-12-27T10:20-05:00[America/New_York], close price: 291.950000, open price: 292.190000, low price: 291.870000, high price: 292.210000, volume: 157701.000000}
{end time: 2019-12-27T10:21-05:00[America/New_York], close price: 291.755000, open price: 291.950000, low price: 291.700000, high price: 292.000000, volume: 128909.000000}
{end time: 2019-12-27T10:22-05:00[America/New_York], close price: 291.923100, open price: 291.740000, low price: 291.700000, high price: 291.980000, volume: 89184.000000}
{end time: 2019-12-27T10:23-05:00[America/New_York], close price: 291.870000, open price: 291.940000, low price: 291.860000, high price: 292.140000, volume: 74467.000000}
{end time: 2019-12-27T10:24-05:00[America/New_York], close price: 292.000000, open price: 291.880000, low price: 291.870000, high price: 292.033900, volume: 62477.000000}
{end time: 2019-12-27T10:25-05:00[America/New_York], close price: 291.880000, open price: 292.001900, low price: 291.840000, high price: 292.100000, volume: 58907.000000}
{end time: 2019-12-27T10:26-05:00[America/New_York], close price: 292.020000, open price: 291.873900, low price: 291.860000, high price: 292.050000, volume: 45719.000000}
{end time: 2019-12-27T10:27-05:00[America/New_York], close price: 291.960000, open price: 292.000000, low price: 291.860000, high price: 292.067400, volume: 64365.000000}
{end time: 2019-12-27T10:28-05:00[America/New_York], close price: 291.500000, open price: 291.950000, low price: 291.460000, high price: 291.987700, volume: 105734.000000}
{end time: 2019-12-27T10:29-05:00[America/New_York], close price: 291.550000, open price: 291.500100, low price: 291.311000, high price: 291.620000, volume: 180580.000000}
{end time: 2019-12-27T10:30-05:00[America/New_York], close price: 291.806000, open price: 291.560000, low price: 291.490000, high price: 291.820000, volume: 93946.000000}
{end time: 2019-12-27T10:31-05:00[America/New_York], close price: 292.240000, open price: 291.820000, low price: 291.820000, high price: 292.263200, volume: 136994.000000}
{end time: 2019-12-27T10:32-05:00[America/New_York], close price: 291.752000, open price: 292.255000, low price: 291.750000, high price: 292.280000, volume: 103528.000000}
{end time: 2019-12-27T10:33-05:00[America/New_York], close price: 291.777000, open price: 291.730000, low price: 291.710000, high price: 291.950000, volume: 84758.000000}
{end time: 2019-12-27T10:34-05:00[America/New_York], close price: 292.000000, open price: 291.810000, low price: 291.750000, high price: 292.069500, volume: 93102.000000}
{end time: 2019-12-27T10:35-05:00[America/New_York], close price: 292.030000, open price: 291.990000, low price: 291.990000, high price: 292.150000, volume: 87216.000000}
{end time: 2019-12-27T10:36-05:00[America/New_York], close price: 292.231900, open price: 292.060000, low price: 292.060000, high price: 292.300000, volume: 100204.000000}
{end time: 2019-12-27T10:37-05:00[America/New_York], close price: 292.000000, open price: 292.223400, low price: 292.000000, high price: 292.260000, volume: 53113.000000}
{end time: 2019-12-27T10:38-05:00[America/New_York], close price: 291.790000, open price: 292.010000, low price: 291.750000, high price: 292.010000, volume: 95426.000000}
{end time: 2019-12-27T10:39-05:00[America/New_York], close price: 292.050000, open price: 291.800000, low price: 291.790000, high price: 292.100000, volume: 60672.000000}
{end time: 2019-12-27T10:40-05:00[America/New_York], close price: 292.147300, open price: 292.012000, low price: 291.960000, high price: 292.162500, volume: 71116.000000}
{end time: 2019-12-27T10:41-05:00[America/New_York], close price: 291.950000, open price: 292.150000, low price: 291.880000, high price: 292.200000, volume: 74435.000000}
{end time: 2019-12-27T10:42-05:00[America/New_York], close price: 291.999600, open price: 291.940000, low price: 291.930200, high price: 292.090000, volume: 34660.000000}
{end time: 2019-12-27T10:43-05:00[America/New_York], close price: 292.040000, open price: 292.005200, low price: 291.900000, high price: 292.040000, volume: 31350.000000}
{end time: 2019-12-27T10:44-05:00[America/New_York], close price: 291.990000, open price: 292.050000, low price: 291.957200, high price: 292.050000, volume: 30625.000000}
{end time: 2019-12-27T10:45-05:00[America/New_York], close price: 292.107000, open price: 291.985000, low price: 291.980500, high price: 292.116800, volume: 48243.000000}
{end time: 2019-12-27T10:46-05:00[America/New_York], close price: 291.998600, open price: 292.105000, low price: 291.918300, high price: 292.110000, volume: 52152.000000}
{end time: 2019-12-27T10:47-05:00[America/New_York], close price: 291.750800, open price: 292.010000, low price: 291.734200, high price: 292.020000, volume: 65062.000000}
{end time: 2019-12-27T10:48-05:00[America/New_York], close price: 291.890100, open price: 291.760000, low price: 291.738900, high price: 291.900000, volume: 59751.000000}
{end time: 2019-12-27T10:49-05:00[America/New_York], close price: 291.939200, open price: 291.900000, low price: 291.780000, high price: 291.950000, volume: 75099.000000}
{end time: 2019-12-27T10:50-05:00[America/New_York], close price: 291.840000, open price: 291.940000, low price: 291.810000, high price: 291.960000, volume: 60843.000000}
{end time: 2019-12-27T10:51-05:00[America/New_York], close price: 291.872600, open price: 291.860000, low price: 291.760000, high price: 291.892000, volume: 38046.000000}
{end time: 2019-12-27T10:52-05:00[America/New_York], close price: 291.795000, open price: 291.876500, low price: 291.782000, high price: 291.890000, volume: 48857.000000}
{end time: 2019-12-27T10:53-05:00[America/New_York], close price: 291.710100, open price: 291.790000, low price: 291.670000, high price: 291.870000, volume: 73524.000000}
{end time: 2019-12-27T10:54-05:00[America/New_York], close price: 291.820000, open price: 291.716200, low price: 291.710000, high price: 291.900000, volume: 63944.000000}
{end time: 2019-12-27T10:55-05:00[America/New_York], close price: 291.734700, open price: 291.810000, low price: 291.665800, high price: 291.810000, volume: 55161.000000}
{end time: 2019-12-27T10:56-05:00[America/New_York], close price: 291.547200, open price: 291.750000, low price: 291.530000, high price: 291.750000, volume: 97572.000000}
{end time: 2019-12-27T10:57-05:00[America/New_York], close price: 291.370000, open price: 291.554300, low price: 291.350000, high price: 291.620000, volume: 184572.000000}
{end time: 2019-12-27T10:58-05:00[America/New_York], close price: 291.316300, open price: 291.360000, low price: 291.310000, high price: 291.490000, volume: 79208.000000}
{end time: 2019-12-27T10:59-05:00[America/New_York], close price: 291.220100, open price: 291.322200, low price: 291.180000, high price: 291.360000, volume: 76639.000000}
{end time: 2019-12-27T11:00-05:00[America/New_York], close price: 291.270000, open price: 291.250000, low price: 291.250000, high price: 291.463400, volume: 79090.000000}
{end time: 2019-12-27T11:01-05:00[America/New_York], close price: 291.441100, open price: 291.300000, low price: 291.220700, high price: 291.441100, volume: 64860.000000}
{end time: 2019-12-27T11:02-05:00[America/New_York], close price: 291.520000, open price: 291.432000, low price: 291.432000, high price: 291.600000, volume: 87574.000000}
{end time: 2019-12-27T11:03-05:00[America/New_York], close price: 291.640600, open price: 291.516600, low price: 291.499800, high price: 291.681100, volume: 55288.000000}
{end time: 2019-12-27T11:04-05:00[America/New_York], close price: 291.635000, open price: 291.650000, low price: 291.620000, high price: 291.759900, volume: 53111.000000}
{end time: 2019-12-27T11:05-05:00[America/New_York], close price: 291.772000, open price: 291.644200, low price: 291.520100, high price: 291.830000, volume: 72633.000000}
{end time: 2019-12-27T11:06-05:00[America/New_York], close price: 291.840000, open price: 291.780000, low price: 291.760200, high price: 291.950000, volume: 106454.000000}
{end time: 2019-12-27T11:07-05:00[America/New_York], close price: 291.950000, open price: 291.850000, low price: 291.840000, high price: 291.966600, volume: 38204.000000}
{end time: 2019-12-27T11:08-05:00[America/New_York], close price: 291.850000, open price: 291.950000, low price: 291.781400, high price: 291.956900, volume: 53175.000000}
{end time: 2019-12-27T11:09-05:00[America/New_York], close price: 291.760300, open price: 291.847200, low price: 291.720000, high price: 291.900000, volume: 46820.000000}
{end time: 2019-12-27T11:10-05:00[America/New_York], close price: 291.630000, open price: 291.780000, low price: 291.630000, high price: 291.830000, volume: 70671.000000}
{end time: 2019-12-27T11:11-05:00[America/New_York], close price: 291.630000, open price: 291.630000, low price: 291.520000, high price: 291.640000, volume: 50093.000000}
{end time: 2019-12-27T11:12-05:00[America/New_York], close price: 291.640000, open price: 291.640000, low price: 291.611100, high price: 291.770000, volume: 39579.000000}
{end time: 2019-12-27T11:13-05:00[America/New_York], close price: 291.411500, open price: 291.640000, low price: 291.400000, high price: 291.640000, volume: 45444.000000}
{end time: 2019-12-27T11:14-05:00[America/New_York], close price: 291.501000, open price: 291.420000, low price: 291.410000, high price: 291.521700, volume: 47125.000000}
{end time: 2019-12-27T11:15-05:00[America/New_York], close price: 291.480000, open price: 291.510000, low price: 291.466600, high price: 291.550000, volume: 24976.000000}
{end time: 2019-12-27T11:16-05:00[America/New_York], close price: 291.534300, open price: 291.474900, low price: 291.400000, high price: 291.550000, volume: 58139.000000}
{end time: 2019-12-27T11:17-05:00[America/New_York], close price: 291.360000, open price: 291.545000, low price: 291.320000, high price: 291.550000, volume: 49508.000000}
{end time: 2019-12-27T11:18-05:00[America/New_York], close price: 291.430000, open price: 291.351100, low price: 291.270000, high price: 291.430000, volume: 47628.000000}
{end time: 2019-12-27T11:19-05:00[America/New_York], close price: 291.400100, open price: 291.420000, low price: 291.380000, high price: 291.480000, volume: 34423.000000}
{end time: 2019-12-27T11:20-05:00[America/New_York], close price: 291.510000, open price: 291.429900, low price: 291.416700, high price: 291.550000, volume: 38304.000000}
{end time: 2019-12-27T11:21-05:00[America/New_York], close price: 291.619900, open price: 291.500000, low price: 291.450000, high price: 291.660000, volume: 47231.000000}
{end time: 2019-12-27T11:22-05:00[America/New_York], close price: 291.720000, open price: 291.620000, low price: 291.610000, high price: 291.739900, volume: 54119.000000}
{end time: 2019-12-27T11:23-05:00[America/New_York], close price: 291.615000, open price: 291.720000, low price: 291.581200, high price: 291.734100, volume: 42979.000000}
{end time: 2019-12-27T11:24-05:00[America/New_York], close price: 291.570000, open price: 291.611000, low price: 291.555100, high price: 291.680000, volume: 34013.000000}
{end time: 2019-12-27T11:25-05:00[America/New_York], close price: 291.492200, open price: 291.560000, low price: 291.440000, high price: 291.560000, volume: 51167.000000}
{end time: 2019-12-27T11:26-05:00[America/New_York], close price: 291.580000, open price: 291.500000, low price: 291.477700, high price: 291.620000, volume: 33100.000000}
{end time: 2019-12-27T11:27-05:00[America/New_York], close price: 291.480000, open price: 291.570000, low price: 291.470000, high price: 291.620000, volume: 31755.000000}
{end time: 2019-12-27T11:28-05:00[America/New_York], close price: 291.450000, open price: 291.460000, low price: 291.320000, high price: 291.460000, volume: 64840.000000}
{end time: 2019-12-27T11:29-05:00[America/New_York], close price: 291.530700, open price: 291.448500, low price: 291.440000, high price: 291.561000, volume: 40241.000000}
{end time: 2019-12-27T11:30-05:00[America/New_York], close price: 291.750000, open price: 291.541000, low price: 291.444500, high price: 291.780000, volume: 96031.000000}
{end time: 2019-12-27T11:31-05:00[America/New_York], close price: 291.650900, open price: 291.752100, low price: 291.600100, high price: 291.755000, volume: 33694.000000}
{end time: 2019-12-27T11:32-05:00[America/New_York], close price: 291.651000, open price: 291.650000, low price: 291.616100, high price: 291.730000, volume: 28684.000000}
{end time: 2019-12-27T11:33-05:00[America/New_York], close price: 291.589900, open price: 291.650000, low price: 291.570100, high price: 291.650000, volume: 35802.000000}
{end time: 2019-12-27T11:34-05:00[America/New_York], close price: 291.580000, open price: 291.580000, low price: 291.570000, high price: 291.670000, volume: 29630.000000}
{end time: 2019-12-27T11:35-05:00[America/New_York], close price: 291.645000, open price: 291.590000, low price: 291.550000, high price: 291.740100, volume: 33255.000000}
{end time: 2019-12-27T11:36-05:00[America/New_York], close price: 291.590000, open price: 291.655000, low price: 291.550000, high price: 291.690000, volume: 34775.000000}
{end time: 2019-12-27T11:37-05:00[America/New_York], close price: 291.610000, open price: 291.610000, low price: 291.530000, high price: 291.620000, volume: 29560.000000}
{end time: 2019-12-27T11:38-05:00[America/New_York], close price: 291.567300, open price: 291.620000, low price: 291.550000, high price: 291.650000, volume: 16115.000000}
{end time: 2019-12-27T11:39-05:00[America/New_York], close price: 291.440000, open price: 291.550000, low price: 291.410000, high price: 291.550000, volume: 37989.000000}
{end time: 2019-12-27T11:40-05:00[America/New_York], close price: 291.555000, open price: 291.430000, low price: 291.420000, high price: 291.578500, volume: 35172.000000}
{end time: 2019-12-27T11:41-05:00[America/New_York], close price: 291.553100, open price: 291.550000, low price: 291.496900, high price: 291.560000, volume: 22551.000000}
{end time: 2019-12-27T11:42-05:00[America/New_York], close price: 291.631000, open price: 291.540000, low price: 291.540000, high price: 291.640000, volume: 17132.000000}
{end time: 2019-12-27T11:43-05:00[America/New_York], close price: 291.610000, open price: 291.634700, low price: 291.588300, high price: 291.700000, volume: 26180.000000}
{end time: 2019-12-27T11:44-05:00[America/New_York], close price: 291.500000, open price: 291.619900, low price: 291.500000, high price: 291.620000, volume: 17956.000000}
{end time: 2019-12-27T11:45-05:00[America/New_York], close price: 291.440000, open price: 291.491000, low price: 291.360000, high price: 291.510000, volume: 45612.000000}
{end time: 2019-12-27T11:46-05:00[America/New_York], close price: 291.540000, open price: 291.450000, low price: 291.450000, high price: 291.570000, volume: 28668.000000}
{end time: 2019-12-27T11:47-05:00[America/New_York], close price: 291.415000, open price: 291.530000, low price: 291.400000, high price: 291.540000, volume: 29324.000000}
{end time: 2019-12-27T11:48-05:00[America/New_York], close price: 291.268600, open price: 291.415000, low price: 291.200000, high price: 291.434100, volume: 106692.000000}
{end time: 2019-12-27T11:49-05:00[America/New_York], close price: 291.120000, open price: 291.250000, low price: 291.060000, high price: 291.299900, volume: 63991.000000}
{end time: 2019-12-27T11:50-05:00[America/New_York], close price: 291.250000, open price: 291.129100, low price: 291.020000, high price: 291.259900, volume: 79602.000000}
{end time: 2019-12-27T11:51-05:00[America/New_York], close price: 291.193200, open price: 291.262500, low price: 291.190000, high price: 291.270000, volume: 39187.000000}
{end time: 2019-12-27T11:52-05:00[America/New_York], close price: 291.040400, open price: 291.190100, low price: 291.010000, high price: 291.200000, volume: 55143.000000}
{end time: 2019-12-27T11:53-05:00[America/New_York], close price: 291.010000, open price: 291.020000, low price: 291.000000, high price: 291.140000, volume: 101049.000000}
{end time: 2019-12-27T11:54-05:00[America/New_York], close price: 290.890000, open price: 291.000000, low price: 290.740000, high price: 291.000000, volume: 104171.000000}
{end time: 2019-12-27T11:55-05:00[America/New_York], close price: 290.896500, open price: 290.867400, low price: 290.865000, high price: 291.035000, volume: 70377.000000}
{end time: 2019-12-27T11:56-05:00[America/New_York], close price: 290.860100, open price: 290.890000, low price: 290.840000, high price: 290.929900, volume: 40139.000000}
{end time: 2019-12-27T11:57-05:00[America/New_York], close price: 290.755700, open price: 290.860000, low price: 290.730000, high price: 290.920000, volume: 62507.000000}
{end time: 2019-12-27T11:58-05:00[America/New_York], close price: 290.690000, open price: 290.768600, low price: 290.677300, high price: 290.849900, volume: 65247.000000}
{end time: 2019-12-27T11:59-05:00[America/New_York], close price: 290.690000, open price: 290.695000, low price: 290.650000, high price: 290.790000, volume: 80550.000000}
{end time: 2019-12-27T12:00-05:00[America/New_York], close price: 290.820000, open price: 290.681000, low price: 290.620000, high price: 290.890000, volume: 62305.000000}
{end time: 2019-12-27T12:01-05:00[America/New_York], close price: 290.800000, open price: 290.810000, low price: 290.680000, high price: 290.940000, volume: 96412.000000}
{end time: 2019-12-27T12:02-05:00[America/New_York], close price: 290.620000, open price: 290.800000, low price: 290.510000, high price: 290.809700, volume: 95392.000000}
{end time: 2019-12-27T12:03-05:00[America/New_York], close price: 290.650000, open price: 290.616400, low price: 290.616400, high price: 290.760200, volume: 85683.000000}
{end time: 2019-12-27T12:04-05:00[America/New_York], close price: 290.449700, open price: 290.650000, low price: 290.440000, high price: 290.698400, volume: 76100.000000}
{end time: 2019-12-27T12:05-05:00[America/New_York], close price: 290.415000, open price: 290.450000, low price: 290.390000, high price: 290.515100, volume: 58985.000000}
{end time: 2019-12-27T12:06-05:00[America/New_York], close price: 290.400000, open price: 290.416500, low price: 290.330000, high price: 290.490000, volume: 52547.000000}
{end time: 2019-12-27T12:07-05:00[America/New_York], close price: 290.270000, open price: 290.370000, low price: 290.240000, high price: 290.400000, volume: 73480.000000}
{end time: 2019-12-27T12:08-05:00[America/New_York], close price: 290.290000, open price: 290.270000, low price: 290.210000, high price: 290.315000, volume: 38749.000000}
{end time: 2019-12-27T12:09-05:00[America/New_York], close price: 290.380000, open price: 290.283200, low price: 290.250000, high price: 290.380000, volume: 47220.000000}
{end time: 2019-12-27T12:10-05:00[America/New_York], close price: 290.750000, open price: 290.370000, low price: 290.360000, high price: 290.770000, volume: 102668.000000}
{end time: 2019-12-27T12:11-05:00[America/New_York], close price: 290.765000, open price: 290.772700, low price: 290.670000, high price: 290.820000, volume: 61411.000000}
{end time: 2019-12-27T12:12-05:00[America/New_York], close price: 290.750000, open price: 290.765000, low price: 290.740000, high price: 290.810000, volume: 42224.000000}
{end time: 2019-12-27T12:13-05:00[America/New_York], close price: 290.775600, open price: 290.740000, low price: 290.700000, high price: 290.820000, volume: 27587.000000}
{end time: 2019-12-27T12:14-05:00[America/New_York], close price: 290.683100, open price: 290.769000, low price: 290.640000, high price: 290.772600, volume: 50079.000000}
{end time: 2019-12-27T12:15-05:00[America/New_York], close price: 290.660000, open price: 290.690000, low price: 290.620000, high price: 290.740000, volume: 33174.000000}
{end time: 2019-12-27T12:16-05:00[America/New_York], close price: 290.636500, open price: 290.653500, low price: 290.600000, high price: 290.670000, volume: 20596.000000}
{end time: 2019-12-27T12:17-05:00[America/New_York], close price: 290.573100, open price: 290.638900, low price: 290.520000, high price: 290.670000, volume: 33705.000000}
{end time: 2019-12-27T12:18-05:00[America/New_York], close price: 290.597000, open price: 290.580000, low price: 290.560000, high price: 290.615300, volume: 16170.000000}
{end time: 2019-12-27T12:19-05:00[America/New_York], close price: 290.600000, open price: 290.590000, low price: 290.590000, high price: 290.690000, volume: 46628.000000}
{end time: 2019-12-27T12:20-05:00[America/New_York], close price: 290.790000, open price: 290.610000, low price: 290.610000, high price: 290.800000, volume: 55464.000000}
{end time: 2019-12-27T12:21-05:00[America/New_York], close price: 290.570000, open price: 290.795000, low price: 290.544600, high price: 290.806000, volume: 52042.000000}
{end time: 2019-12-27T12:22-05:00[America/New_York], close price: 290.460000, open price: 290.525000, low price: 290.450000, high price: 290.575000, volume: 81776.000000}
{end time: 2019-12-27T12:23-05:00[America/New_York], close price: 290.495700, open price: 290.470000, low price: 290.460000, high price: 290.530000, volume: 24779.000000}
{end time: 2019-12-27T12:24-05:00[America/New_York], close price: 290.430000, open price: 290.510000, low price: 290.430000, high price: 290.549700, volume: 41483.000000}
{end time: 2019-12-27T12:25-05:00[America/New_York], close price: 290.380000, open price: 290.425900, low price: 290.360000, high price: 290.425900, volume: 27717.000000}
{end time: 2019-12-27T12:26-05:00[America/New_York], close price: 290.450000, open price: 290.380000, low price: 290.380000, high price: 290.500000, volume: 30696.000000}
{end time: 2019-12-27T12:27-05:00[America/New_York], close price: 290.545600, open price: 290.450000, low price: 290.420000, high price: 290.590000, volume: 26588.000000}
{end time: 2019-12-27T12:28-05:00[America/New_York], close price: 290.740100, open price: 290.549100, low price: 290.546100, high price: 290.790000, volume: 68168.000000}
{end time: 2019-12-27T12:29-05:00[America/New_York], close price: 290.643000, open price: 290.750000, low price: 290.560900, high price: 290.769900, volume: 61921.000000}
{end time: 2019-12-27T12:30-05:00[America/New_York], close price: 290.425900, open price: 290.660000, low price: 290.360000, high price: 290.750000, volume: 86544.000000}
{end time: 2019-12-27T12:31-05:00[America/New_York], close price: 290.471200, open price: 290.420000, low price: 290.420000, high price: 290.550000, volume: 35663.000000}
{end time: 2019-12-27T12:32-05:00[America/New_York], close price: 290.425600, open price: 290.482500, low price: 290.380000, high price: 290.482500, volume: 43865.000000}
{end time: 2019-12-27T12:33-05:00[America/New_York], close price: 290.470000, open price: 290.420000, low price: 290.416000, high price: 290.549700, volume: 46233.000000}
{end time: 2019-12-27T12:34-05:00[America/New_York], close price: 290.480000, open price: 290.470000, low price: 290.410100, high price: 290.490000, volume: 16811.000000}
{end time: 2019-12-27T12:35-05:00[America/New_York], close price: 290.530000, open price: 290.470000, low price: 290.430000, high price: 290.560000, volume: 27004.000000}
{end time: 2019-12-27T12:36-05:00[America/New_York], close price: 290.405000, open price: 290.540000, low price: 290.360000, high price: 290.550000, volume: 34959.000000}
{end time: 2019-12-27T12:37-05:00[America/New_York], close price: 290.288600, open price: 290.401200, low price: 290.270000, high price: 290.440000, volume: 44337.000000}
{end time: 2019-12-27T12:38-05:00[America/New_York], close price: 290.190000, open price: 290.300000, low price: 290.180000, high price: 290.330000, volume: 48867.000000}
{end time: 2019-12-27T12:39-05:00[America/New_York], close price: 290.100000, open price: 290.180000, low price: 290.060000, high price: 290.310000, volume: 80043.000000}
{end time: 2019-12-27T12:40-05:00[America/New_York], close price: 289.881000, open price: 290.090000, low price: 289.850000, high price: 290.135700, volume: 196765.000000}
{end time: 2019-12-27T12:41-05:00[America/New_York], close price: 289.950000, open price: 289.890000, low price: 289.810000, high price: 289.995000, volume: 79514.000000}
{end time: 2019-12-27T12:42-05:00[America/New_York], close price: 290.120100, open price: 289.987000, low price: 289.987000, high price: 290.145000, volume: 50077.000000}
{end time: 2019-12-27T12:43-05:00[America/New_York], close price: 290.245700, open price: 290.130000, low price: 290.130000, high price: 290.340000, volume: 52697.000000}
{end time: 2019-12-27T12:44-05:00[America/New_York], close price: 290.300000, open price: 290.245100, low price: 290.240000, high price: 290.420000, volume: 55768.000000}
{end time: 2019-12-27T12:45-05:00[America/New_York], close price: 290.310000, open price: 290.300000, low price: 290.220000, high price: 290.390000, volume: 32010.000000}
{end time: 2019-12-27T12:46-05:00[America/New_York], close price: 290.340000, open price: 290.310000, low price: 290.287500, high price: 290.340000, volume: 37622.000000}
{end time: 2019-12-27T12:47-05:00[America/New_York], close price: 290.368300, open price: 290.350000, low price: 290.341400, high price: 290.400000, volume: 51056.000000}
{end time: 2019-12-27T12:48-05:00[America/New_York], close price: 290.340000, open price: 290.380000, low price: 290.289900, high price: 290.510000, volume: 56227.000000}
{end time: 2019-12-27T12:49-05:00[America/New_York], close price: 290.261900, open price: 290.320000, low price: 290.240000, high price: 290.334600, volume: 20236.000000}
{end time: 2019-12-27T12:50-05:00[America/New_York], close price: 290.237700, open price: 290.290000, low price: 290.120000, high price: 290.319900, volume: 62027.000000}
{end time: 2019-12-27T12:51-05:00[America/New_York], close price: 290.210000, open price: 290.237700, low price: 290.190000, high price: 290.240300, volume: 34098.000000}
{end time: 2019-12-27T12:52-05:00[America/New_York], close price: 290.109900, open price: 290.220000, low price: 290.080000, high price: 290.230000, volume: 48905.000000}
{end time: 2019-12-27T12:53-05:00[America/New_York], close price: 290.081100, open price: 290.110000, low price: 290.050100, high price: 290.119900, volume: 36956.000000}
{end time: 2019-12-27T12:54-05:00[America/New_York], close price: 290.096100, open price: 290.089600, low price: 290.070000, high price: 290.140000, volume: 47035.000000}
{end time: 2019-12-27T12:55-05:00[America/New_York], close price: 290.013300, open price: 290.090000, low price: 289.970000, high price: 290.090000, volume: 63721.000000}
{end time: 2019-12-27T12:56-05:00[America/New_York], close price: 290.150000, open price: 290.030000, low price: 290.000000, high price: 290.169800, volume: 40865.000000}
{end time: 2019-12-27T12:57-05:00[America/New_York], close price: 290.030000, open price: 290.160000, low price: 290.020000, high price: 290.210000, volume: 53681.000000}
{end time: 2019-12-27T12:58-05:00[America/New_York], close price: 290.050000, open price: 290.040000, low price: 290.010000, high price: 290.059900, volume: 27892.000000}
{end time: 2019-12-27T12:59-05:00[America/New_York], close price: 290.100000, open price: 290.040000, low price: 290.020000, high price: 290.120000, volume: 23199.000000}
{end time: 2019-12-27T13:00-05:00[America/New_York], close price: 290.140000, open price: 290.110000, low price: 290.050000, high price: 290.180000, volume: 34372.000000}
{end time: 2019-12-27T13:01-05:00[America/New_York], close price: 290.020000, open price: 290.136000, low price: 290.000000, high price: 290.137200, volume: 36856.000000}
{end time: 2019-12-27T13:02-05:00[America/New_York], close price: 289.900000, open price: 290.019500, low price: 289.900000, high price: 290.019500, volume: 74594.000000}
{end time: 2019-12-27T13:03-05:00[America/New_York], close price: 289.976700, open price: 289.905000, low price: 289.900000, high price: 290.060000, volume: 35936.000000}
{end time: 2019-12-27T13:04-05:00[America/New_York], close price: 289.940000, open price: 289.960000, low price: 289.940000, high price: 289.990000, volume: 16789.000000}
{end time: 2019-12-27T13:05-05:00[America/New_York], close price: 289.933800, open price: 289.910000, low price: 289.900000, high price: 289.989900, volume: 27629.000000}
{end time: 2019-12-27T13:06-05:00[America/New_York], close price: 289.945000, open price: 289.930100, low price: 289.900000, high price: 290.010000, volume: 32726.000000}
{end time: 2019-12-27T13:07-05:00[America/New_York], close price: 290.008200, open price: 289.948300, low price: 289.920000, high price: 290.030000, volume: 22951.000000}
{end time: 2019-12-27T13:08-05:00[America/New_York], close price: 289.980000, open price: 290.010500, low price: 289.970000, high price: 290.030200, volume: 43971.000000}
{end time: 2019-12-27T13:09-05:00[America/New_York], close price: 290.020000, open price: 289.990000, low price: 289.960000, high price: 290.060000, volume: 33344.000000}
{end time: 2019-12-27T13:10-05:00[America/New_York], close price: 289.830000, open price: 290.009000, low price: 289.820000, high price: 290.030000, volume: 66438.000000}
{end time: 2019-12-27T13:11-05:00[America/New_York], close price: 289.590000, open price: 289.830000, low price: 289.580000, high price: 289.849900, volume: 71132.000000}
{end time: 2019-12-27T13:12-05:00[America/New_York], close price: 289.570000, open price: 289.600000, low price: 289.530000, high price: 289.640000, volume: 59711.000000}
{end time: 2019-12-27T13:13-05:00[America/New_York], close price: 289.539500, open price: 289.570100, low price: 289.500000, high price: 289.630000, volume: 70200.000000}
{end time: 2019-12-27T13:14-05:00[America/New_York], close price: 289.375000, open price: 289.529500, low price: 289.330000, high price: 289.569700, volume: 69454.000000}
{end time: 2019-12-27T13:15-05:00[America/New_York], close price: 289.170000, open price: 289.360000, low price: 289.070000, high price: 289.399900, volume: 99831.000000}
{end time: 2019-12-27T13:16-05:00[America/New_York], close price: 289.142500, open price: 289.160000, low price: 289.132600, high price: 289.260000, volume: 79630.000000}
{end time: 2019-12-27T13:17-05:00[America/New_York], close price: 288.920000, open price: 289.150000, low price: 288.820000, high price: 289.170000, volume: 155808.000000}
{end time: 2019-12-27T13:18-05:00[America/New_York], close price: 288.680000, open price: 288.932200, low price: 288.670000, high price: 288.955600, volume: 102466.000000}
{end time: 2019-12-27T13:19-05:00[America/New_York], close price: 288.490000, open price: 288.700000, low price: 288.420000, high price: 288.700000, volume: 142596.000000}
{end time: 2019-12-27T13:20-05:00[America/New_York], close price: 288.490000, open price: 288.474800, low price: 288.310000, high price: 288.510900, volume: 96867.000000}
{end time: 2019-12-27T13:21-05:00[America/New_York], close price: 288.760000, open price: 288.490000, low price: 288.465300, high price: 288.800000, volume: 96680.000000}
{end time: 2019-12-27T13:22-05:00[America/New_York], close price: 288.867600, open price: 288.760000, low price: 288.620100, high price: 288.890000, volume: 86330.000000}
{end time: 2019-12-27T13:23-05:00[America/New_York], close price: 288.737400, open price: 288.861600, low price: 288.610000, high price: 288.861600, volume: 58683.000000}
{end time: 2019-12-27T13:24-05:00[America/New_York], close price: 288.600000, open price: 288.740000, low price: 288.600000, high price: 288.740000, volume: 41652.000000}
{end time: 2019-12-27T13:25-05:00[America/New_York], close price: 288.590200, open price: 288.609900, low price: 288.520000, high price: 288.680400, volume: 62992.000000}
{end time: 2019-12-27T13:26-05:00[America/New_York], close price: 288.580000, open price: 288.614000, low price: 288.538900, high price: 288.630000, volume: 1352765.000000}
{end time: 2019-12-27T13:27-05:00[America/New_York], close price: 288.470000, open price: 288.550100, low price: 288.430000, high price: 288.620000, volume: 75336.000000}
{end time: 2019-12-27T13:28-05:00[America/New_York], close price: 288.260000, open price: 288.480000, low price: 288.210000, high price: 288.480000, volume: 96566.000000}
{end time: 2019-12-27T13:29-05:00[America/New_York], close price: 288.200000, open price: 288.274600, low price: 288.150000, high price: 288.340000, volume: 60597.000000}
{end time: 2019-12-27T13:30-05:00[America/New_York], close price: 288.240000, open price: 288.200000, low price: 288.120000, high price: 288.300000, volume: 55408.000000}
{end time: 2019-12-27T13:31-05:00[America/New_York], close price: 288.492400, open price: 288.250200, low price: 288.250200, high price: 288.570000, volume: 92435.000000}
{end time: 2019-12-27T13:32-05:00[America/New_York], close price: 288.630100, open price: 288.490200, low price: 288.480000, high price: 288.640000, volume: 50806.000000}
{end time: 2019-12-27T13:33-05:00[America/New_York], close price: 288.815800, open price: 288.640000, low price: 288.620000, high price: 288.860000, volume: 92604.000000}
{end time: 2019-12-27T13:34-05:00[America/New_York], close price: 288.760000, open price: 288.812300, low price: 288.760000, high price: 288.860000, volume: 56373.000000}
{end time: 2019-12-27T13:35-05:00[America/New_York], close price: 288.895100, open price: 288.770200, low price: 288.765100, high price: 288.980000, volume: 87937.000000}
{end time: 2019-12-27T13:36-05:00[America/New_York], close price: 289.229500, open price: 288.900000, low price: 288.900000, high price: 289.240000, volume: 116144.000000}
{end time: 2019-12-27T13:37-05:00[America/New_York], close price: 289.400000, open price: 289.220000, low price: 289.220000, high price: 289.455400, volume: 108124.000000}
{end time: 2019-12-27T13:38-05:00[America/New_York], close price: 289.326500, open price: 289.390000, low price: 289.280000, high price: 289.480000, volume: 86126.000000}
{end time: 2019-12-27T13:39-05:00[America/New_York], close price: 289.590000, open price: 289.330000, low price: 289.310000, high price: 289.590000, volume: 66429.000000}
{end time: 2019-12-27T13:40-05:00[America/New_York], close price: 289.543000, open price: 289.580000, low price: 289.510700, high price: 289.680000, volume: 73892.000000}
{end time: 2019-12-27T13:41-05:00[America/New_York], close price: 289.530000, open price: 289.534200, low price: 289.369000, high price: 289.560000, volume: 60887.000000}
{end time: 2019-12-27T13:42-05:00[America/New_York], close price: 289.505100, open price: 289.526500, low price: 289.421000, high price: 289.528000, volume: 36077.000000}
{end time: 2019-12-27T13:43-05:00[America/New_York], close price: 289.334500, open price: 289.501900, low price: 289.270000, high price: 289.540000, volume: 62354.000000}
{end time: 2019-12-27T13:44-05:00[America/New_York], close price: 289.440000, open price: 289.350000, low price: 289.340000, high price: 289.490000, volume: 37194.000000}
{end time: 2019-12-27T13:45-05:00[America/New_York], close price: 289.390000, open price: 289.440000, low price: 289.340000, high price: 289.450000, volume: 34902.000000}
{end time: 2019-12-27T13:46-05:00[America/New_York], close price: 289.440000, open price: 289.370000, low price: 289.270000, high price: 289.480000, volume: 55050.000000}
{end time: 2019-12-27T13:47-05:00[America/New_York], close price: 289.425000, open price: 289.430000, low price: 289.330000, high price: 289.510000, volume: 48716.000000}
{end time: 2019-12-27T13:48-05:00[America/New_York], close price: 289.400000, open price: 289.440000, low price: 289.340000, high price: 289.450000, volume: 19970.000000}
{end time: 2019-12-27T13:49-05:00[America/New_York], close price: 289.218700, open price: 289.390000, low price: 289.190000, high price: 289.400000, volume: 49082.000000}
{end time: 2019-12-27T13:50-05:00[America/New_York], close price: 289.130000, open price: 289.230000, low price: 289.068100, high price: 289.280000, volume: 55261.000000}
{end time: 2019-12-27T13:51-05:00[America/New_York], close price: 289.142500, open price: 289.136100, low price: 289.090000, high price: 289.222400, volume: 26508.000000}
{end time: 2019-12-27T13:52-05:00[America/New_York], close price: 289.230000, open price: 289.119000, low price: 289.110000, high price: 289.239900, volume: 30991.000000}
{end time: 2019-12-27T13:53-05:00[America/New_York], close price: 289.380000, open price: 289.220000, low price: 289.190000, high price: 289.405000, volume: 33052.000000}
{end time: 2019-12-27T13:54-05:00[America/New_York], close price: 289.642500, open price: 289.410000, low price: 289.371900, high price: 289.642700, volume: 49854.000000}
{end time: 2019-12-27T13:55-05:00[America/New_York], close price: 289.850000, open price: 289.641000, low price: 289.630000, high price: 289.929900, volume: 115107.000000}
{end time: 2019-12-27T13:56-05:00[America/New_York], close price: 289.810300, open price: 289.870600, low price: 289.760000, high price: 289.880000, volume: 39839.000000}
{end time: 2019-12-27T13:57-05:00[America/New_York], close price: 289.980000, open price: 289.800000, low price: 289.797500, high price: 290.070000, volume: 79252.000000}
{end time: 2019-12-27T13:58-05:00[America/New_York], close price: 289.905400, open price: 289.980000, low price: 289.870000, high price: 290.000000, volume: 62774.000000}
{end time: 2019-12-27T13:59-05:00[America/New_York], close price: 289.796100, open price: 289.900000, low price: 289.770000, high price: 289.904700, volume: 52288.000000}
{end time: 2019-12-27T14:00-05:00[America/New_York], close price: 289.907000, open price: 289.790000, low price: 289.774200, high price: 289.940000, volume: 46309.000000}
{end time: 2019-12-27T14:01-05:00[America/New_York], close price: 289.889500, open price: 289.900000, low price: 289.870000, high price: 290.049900, volume: 56830.000000}
{end time: 2019-12-27T14:02-05:00[America/New_York], close price: 289.900000, open price: 289.890000, low price: 289.870100, high price: 289.960000, volume: 37747.000000}
{end time: 2019-12-27T14:03-05:00[America/New_York], close price: 290.000000, open price: 289.881600, low price: 289.820000, high price: 290.000000, volume: 30455.000000}
{end time: 2019-12-27T14:04-05:00[America/New_York], close price: 289.939900, open price: 289.999900, low price: 289.910000, high price: 290.070000, volume: 44971.000000}
{end time: 2019-12-27T14:05-05:00[America/New_York], close price: 290.040000, open price: 289.920000, low price: 289.920000, high price: 290.110000, volume: 55106.000000}
{end time: 2019-12-27T14:06-05:00[America/New_York], close price: 290.030000, open price: 290.063400, low price: 290.010100, high price: 290.080000, volume: 32832.000000}
{end time: 2019-12-27T14:07-05:00[America/New_York], close price: 290.084700, open price: 290.040000, low price: 290.040000, high price: 290.180000, volume: 80527.000000}
{end time: 2019-12-27T14:08-05:00[America/New_York], close price: 290.010000, open price: 290.070000, low price: 289.930000, high price: 290.080000, volume: 66786.000000}
{end time: 2019-12-27T14:09-05:00[America/New_York], close price: 290.040000, open price: 290.010000, low price: 289.933000, high price: 290.102000, volume: 59150.000000}
{end time: 2019-12-27T14:10-05:00[America/New_York], close price: 290.040000, open price: 290.046500, low price: 289.995000, high price: 290.089900, volume: 23116.000000}
{end time: 2019-12-27T14:11-05:00[America/New_York], close price: 289.960000, open price: 290.040000, low price: 289.930000, high price: 290.050200, volume: 43356.000000}
{end time: 2019-12-27T14:12-05:00[America/New_York], close price: 289.820000, open price: 289.950000, low price: 289.710000, high price: 289.960000, volume: 82746.000000}
{end time: 2019-12-27T14:13-05:00[America/New_York], close price: 290.100000, open price: 289.830000, low price: 289.810000, high price: 290.103600, volume: 61273.000000}
{end time: 2019-12-27T14:14-05:00[America/New_York], close price: 290.040000, open price: 290.097400, low price: 290.030000, high price: 290.107500, volume: 32554.000000}
{end time: 2019-12-27T14:15-05:00[America/New_York], close price: 289.979900, open price: 290.020000, low price: 289.850000, high price: 290.040000, volume: 54305.000000}
{end time: 2019-12-27T14:16-05:00[America/New_York], close price: 289.990000, open price: 289.950300, low price: 289.940000, high price: 290.031000, volume: 23667.000000}
{end time: 2019-12-27T14:17-05:00[America/New_York], close price: 289.915900, open price: 290.000000, low price: 289.840000, high price: 290.010000, volume: 27810.000000}
{end time: 2019-12-27T14:18-05:00[America/New_York], close price: 289.942300, open price: 289.958700, low price: 289.910100, high price: 290.010000, volume: 68004.000000}
{end time: 2019-12-27T14:19-05:00[America/New_York], close price: 290.070000, open price: 289.938700, low price: 289.938700, high price: 290.099900, volume: 41356.000000}
{end time: 2019-12-27T14:20-05:00[America/New_York], close price: 290.273400, open price: 290.100000, low price: 290.090000, high price: 290.320000, volume: 90425.000000}
{end time: 2019-12-27T14:21-05:00[America/New_York], close price: 290.340000, open price: 290.280000, low price: 290.260000, high price: 290.390000, volume: 76384.000000}
{end time: 2019-12-27T14:22-05:00[America/New_York], close price: 290.425000, open price: 290.340000, low price: 290.340000, high price: 290.480000, volume: 86072.000000}
{end time: 2019-12-27T14:23-05:00[America/New_York], close price: 290.506300, open price: 290.430000, low price: 290.400000, high price: 290.580000, volume: 63119.000000}
{end time: 2019-12-27T14:24-05:00[America/New_York], close price: 290.270000, open price: 290.500000, low price: 290.210000, high price: 290.500000, volume: 72705.000000}
{end time: 2019-12-27T14:25-05:00[America/New_York], close price: 290.380000, open price: 290.279900, low price: 290.279900, high price: 290.440000, volume: 43616.000000}
{end time: 2019-12-27T14:26-05:00[America/New_York], close price: 290.320300, open price: 290.370000, low price: 290.320000, high price: 290.394100, volume: 21107.000000}
{end time: 2019-12-27T14:27-05:00[America/New_York], close price: 290.400000, open price: 290.334100, low price: 290.320000, high price: 290.410000, volume: 19643.000000}
{end time: 2019-12-27T14:28-05:00[America/New_York], close price: 290.390000, open price: 290.390000, low price: 290.330100, high price: 290.480000, volume: 39471.000000}
{end time: 2019-12-27T14:29-05:00[America/New_York], close price: 290.160100, open price: 290.390000, low price: 290.150000, high price: 290.399900, volume: 80681.000000}
{end time: 2019-12-27T14:30-05:00[America/New_York], close price: 290.259900, open price: 290.158400, low price: 290.158400, high price: 290.360000, volume: 47766.000000}
{end time: 2019-12-27T14:31-05:00[America/New_York], close price: 290.240000, open price: 290.260000, low price: 290.170000, high price: 290.330000, volume: 35976.000000}
{end time: 2019-12-27T14:32-05:00[America/New_York], close price: 290.260000, open price: 290.230000, low price: 290.225000, high price: 290.360000, volume: 41883.000000}
{end time: 2019-12-27T14:33-05:00[America/New_York], close price: 290.290700, open price: 290.260000, low price: 290.250000, high price: 290.350000, volume: 20836.000000}
{end time: 2019-12-27T14:34-05:00[America/New_York], close price: 290.126500, open price: 290.261000, low price: 290.110000, high price: 290.273400, volume: 25951.000000}
{end time: 2019-12-27T14:35-05:00[America/New_York], close price: 290.063600, open price: 290.130000, low price: 290.010000, high price: 290.188800, volume: 51103.000000}
{end time: 2019-12-27T14:36-05:00[America/New_York], close price: 290.139600, open price: 290.074800, low price: 290.050000, high price: 290.180000, volume: 35786.000000}
{end time: 2019-12-27T14:37-05:00[America/New_York], close price: 290.150000, open price: 290.145500, low price: 290.110000, high price: 290.160000, volume: 18517.000000}
{end time: 2019-12-27T14:38-05:00[America/New_York], close price: 290.210500, open price: 290.154000, low price: 290.131000, high price: 290.219900, volume: 29704.000000}
{end time: 2019-12-27T14:39-05:00[America/New_York], close price: 290.130000, open price: 290.208500, low price: 290.130000, high price: 290.210000, volume: 17184.000000}
{end time: 2019-12-27T14:40-05:00[America/New_York], close price: 290.209900, open price: 290.133800, low price: 290.086000, high price: 290.210000, volume: 26522.000000}
{end time: 2019-12-27T14:41-05:00[America/New_York], close price: 290.282200, open price: 290.190000, low price: 290.174700, high price: 290.320000, volume: 36182.000000}
{end time: 2019-12-27T14:42-05:00[America/New_York], close price: 290.350000, open price: 290.280000, low price: 290.227400, high price: 290.364000, volume: 25670.000000}
{end time: 2019-12-27T14:43-05:00[America/New_York], close price: 290.366000, open price: 290.350000, low price: 290.310000, high price: 290.375700, volume: 30821.000000}
{end time: 2019-12-27T14:44-05:00[America/New_York], close price: 290.325000, open price: 290.364000, low price: 290.300000, high price: 290.370400, volume: 22668.000000}
{end time: 2019-12-27T14:45-05:00[America/New_York], close price: 290.300000, open price: 290.320000, low price: 290.250000, high price: 290.370000, volume: 39948.000000}
{end time: 2019-12-27T14:46-05:00[America/New_York], close price: 290.225100, open price: 290.293800, low price: 290.170100, high price: 290.293800, volume: 41220.000000}
{end time: 2019-12-27T14:47-05:00[America/New_York], close price: 290.325000, open price: 290.190000, low price: 290.190000, high price: 290.400000, volume: 56579.000000}
{end time: 2019-12-27T14:48-05:00[America/New_York], close price: 290.295000, open price: 290.327200, low price: 290.240000, high price: 290.327200, volume: 17854.000000}
{end time: 2019-12-27T14:49-05:00[America/New_York], close price: 290.308400, open price: 290.315000, low price: 290.280600, high price: 290.400000, volume: 33058.000000}
{end time: 2019-12-27T14:50-05:00[America/New_York], close price: 290.301400, open price: 290.320000, low price: 290.271000, high price: 290.320000, volume: 12133.000000}
{end time: 2019-12-27T14:51-05:00[America/New_York], close price: 290.220000, open price: 290.320000, low price: 290.210000, high price: 290.320000, volume: 35541.000000}
{end time: 2019-12-27T14:52-05:00[America/New_York], close price: 290.250000, open price: 290.220000, low price: 290.210100, high price: 290.299700, volume: 20780.000000}
{end time: 2019-12-27T14:53-05:00[America/New_York], close price: 290.210000, open price: 290.230000, low price: 290.135000, high price: 290.310000, volume: 42363.000000}
{end time: 2019-12-27T14:54-05:00[America/New_York], close price: 290.280000, open price: 290.219700, low price: 290.210000, high price: 290.280000, volume: 19603.000000}
{end time: 2019-12-27T14:55-05:00[America/New_York], close price: 290.202900, open price: 290.270000, low price: 290.160000, high price: 290.280000, volume: 31449.000000}
{end time: 2019-12-27T14:56-05:00[America/New_York], close price: 290.235700, open price: 290.219600, low price: 290.206500, high price: 290.260000, volume: 13265.000000}
{end time: 2019-12-27T14:57-05:00[America/New_York], close price: 290.191500, open price: 290.230100, low price: 290.191500, high price: 290.260000, volume: 19668.000000}
{end time: 2019-12-27T14:58-05:00[America/New_York], close price: 290.160000, open price: 290.190000, low price: 290.140000, high price: 290.210000, volume: 26671.000000}
{end time: 2019-12-27T14:59-05:00[America/New_York], close price: 290.310000, open price: 290.170000, low price: 290.160000, high price: 290.310000, volume: 27268.000000}
{end time: 2019-12-27T15:00-05:00[America/New_York], close price: 290.250000, open price: 290.309300, low price: 290.190100, high price: 290.315000, volume: 22841.000000}
{end time: 2019-12-27T15:01-05:00[America/New_York], close price: 290.250000, open price: 290.220000, low price: 290.220000, high price: 290.306200, volume: 27036.000000}
{end time: 2019-12-27T15:02-05:00[America/New_York], close price: 290.179900, open price: 290.257000, low price: 290.160000, high price: 290.260000, volume: 32095.000000}
{end time: 2019-12-27T15:03-05:00[America/New_York], close price: 290.160200, open price: 290.180000, low price: 290.130000, high price: 290.215000, volume: 43269.000000}
{end time: 2019-12-27T15:04-05:00[America/New_York], close price: 290.200000, open price: 290.170000, low price: 290.160000, high price: 290.240000, volume: 29005.000000}
{end time: 2019-12-27T15:05-05:00[America/New_York], close price: 290.205500, open price: 290.200000, low price: 290.170000, high price: 290.220000, volume: 13985.000000}
{end time: 2019-12-27T15:06-05:00[America/New_York], close price: 290.140000, open price: 290.220000, low price: 290.130200, high price: 290.280000, volume: 32684.000000}
{end time: 2019-12-27T15:07-05:00[America/New_York], close price: 290.094700, open price: 290.159900, low price: 290.060000, high price: 290.179700, volume: 58965.000000}
{end time: 2019-12-27T15:08-05:00[America/New_York], close price: 290.150000, open price: 290.103500, low price: 290.100000, high price: 290.210000, volume: 32125.000000}
{end time: 2019-12-27T15:09-05:00[America/New_York], close price: 290.190000, open price: 290.155000, low price: 290.120000, high price: 290.200000, volume: 22511.000000}
{end time: 2019-12-27T15:10-05:00[America/New_York], close price: 290.180000, open price: 290.190000, low price: 290.176400, high price: 290.220000, volume: 16836.000000}
{end time: 2019-12-27T15:11-05:00[America/New_York], close price: 290.250000, open price: 290.185000, low price: 290.170000, high price: 290.250000, volume: 16405.000000}
{end time: 2019-12-27T15:12-05:00[America/New_York], close price: 290.397400, open price: 290.230100, low price: 290.230100, high price: 290.440000, volume: 92675.000000}
{end time: 2019-12-27T15:13-05:00[America/New_York], close price: 290.350000, open price: 290.409900, low price: 290.350000, high price: 290.410000, volume: 30464.000000}
{end time: 2019-12-27T15:14-05:00[America/New_York], close price: 290.375000, open price: 290.350000, low price: 290.350000, high price: 290.410000, volume: 13961.000000}
{end time: 2019-12-27T15:15-05:00[America/New_York], close price: 290.365000, open price: 290.370000, low price: 290.290000, high price: 290.420000, volume: 36186.000000}
{end time: 2019-12-27T15:16-05:00[America/New_York], close price: 290.350400, open price: 290.360200, low price: 290.304600, high price: 290.410000, volume: 31585.000000}
{end time: 2019-12-27T15:17-05:00[America/New_York], close price: 290.375000, open price: 290.346900, low price: 290.344900, high price: 290.440000, volume: 46680.000000}
{end time: 2019-12-27T15:18-05:00[America/New_York], close price: 290.320000, open price: 290.370000, low price: 290.320000, high price: 290.380000, volume: 18263.000000}
{end time: 2019-12-27T15:19-05:00[America/New_York], close price: 290.324400, open price: 290.310100, low price: 290.250000, high price: 290.330000, volume: 28108.000000}
{end time: 2019-12-27T15:20-05:00[America/New_York], close price: 290.240100, open price: 290.310100, low price: 290.200000, high price: 290.367000, volume: 52963.000000}
{end time: 2019-12-27T15:21-05:00[America/New_York], close price: 290.070000, open price: 290.231900, low price: 290.050000, high price: 290.249800, volume: 54704.000000}
{end time: 2019-12-27T15:22-05:00[America/New_York], close price: 289.910000, open price: 290.072100, low price: 289.910000, high price: 290.119900, volume: 76499.000000}
{end time: 2019-12-27T15:23-05:00[America/New_York], close price: 289.840000, open price: 289.929300, low price: 289.740000, high price: 289.929800, volume: 58861.000000}
{end time: 2019-12-27T15:24-05:00[America/New_York], close price: 289.690100, open price: 289.840000, low price: 289.690000, high price: 289.870000, volume: 51287.000000}
{end time: 2019-12-27T15:25-05:00[America/New_York], close price: 289.640000, open price: 289.696600, low price: 289.640000, high price: 289.804400, volume: 60009.000000}
{end time: 2019-12-27T15:26-05:00[America/New_York], close price: 289.595000, open price: 289.640000, low price: 289.510000, high price: 289.710000, volume: 65975.000000}
{end time: 2019-12-27T15:27-05:00[America/New_York], close price: 289.470000, open price: 289.595000, low price: 289.420000, high price: 289.630000, volume: 64487.000000}
{end time: 2019-12-27T15:28-05:00[America/New_York], close price: 289.510000, open price: 289.470500, low price: 289.380100, high price: 289.620000, volume: 78408.000000}
{end time: 2019-12-27T15:29-05:00[America/New_York], close price: 289.580200, open price: 289.520000, low price: 289.490100, high price: 289.630000, volume: 45431.000000}
{end time: 2019-12-27T15:30-05:00[America/New_York], close price: 289.380000, open price: 289.570000, low price: 289.370000, high price: 289.574100, volume: 49484.000000}
{end time: 2019-12-27T15:31-05:00[America/New_York], close price: 289.541000, open price: 289.390000, low price: 289.380000, high price: 289.650000, volume: 67781.000000}
{end time: 2019-12-27T15:32-05:00[America/New_York], close price: 289.530000, open price: 289.570000, low price: 289.430000, high price: 289.580000, volume: 33845.000000}
{end time: 2019-12-27T15:33-05:00[America/New_York], close price: 289.449800, open price: 289.540000, low price: 289.430000, high price: 289.565900, volume: 43439.000000}
{end time: 2019-12-27T15:34-05:00[America/New_York], close price: 289.247800, open price: 289.440000, low price: 289.230000, high price: 289.450000, volume: 78889.000000}
{end time: 2019-12-27T15:35-05:00[America/New_York], close price: 289.190000, open price: 289.240000, low price: 289.060000, high price: 289.250000, volume: 92551.000000}
{end time: 2019-12-27T15:36-05:00[America/New_York], close price: 289.205000, open price: 289.180000, low price: 289.150000, high price: 289.290000, volume: 63772.000000}
{end time: 2019-12-27T15:37-05:00[America/New_York], close price: 289.200000, open price: 289.210000, low price: 289.190000, high price: 289.289900, volume: 36818.000000}
{end time: 2019-12-27T15:38-05:00[America/New_York], close price: 289.180000, open price: 289.205000, low price: 289.170000, high price: 289.277000, volume: 45808.000000}
{end time: 2019-12-27T15:39-05:00[America/New_York], close price: 289.150000, open price: 289.180000, low price: 289.120000, high price: 289.220000, volume: 51963.000000}
{end time: 2019-12-27T15:40-05:00[America/New_York], close price: 289.090000, open price: 289.169900, low price: 289.030000, high price: 289.230000, volume: 52646.000000}
{end time: 2019-12-27T15:41-05:00[America/New_York], close price: 289.087300, open price: 289.090100, low price: 289.030000, high price: 289.155000, volume: 37754.000000}
{end time: 2019-12-27T15:42-05:00[America/New_York], close price: 289.011500, open price: 289.085000, low price: 289.000000, high price: 289.100000, volume: 45772.000000}
{end time: 2019-12-27T15:43-05:00[America/New_York], close price: 288.730000, open price: 289.020000, low price: 288.730000, high price: 289.020000, volume: 106124.000000}
{end time: 2019-12-27T15:44-05:00[America/New_York], close price: 288.534200, open price: 288.720400, low price: 288.520000, high price: 288.810000, volume: 123738.000000}
{end time: 2019-12-27T15:45-05:00[America/New_York], close price: 288.770000, open price: 288.540000, low price: 288.540000, high price: 288.859900, volume: 154486.000000}
{end time: 2019-12-27T15:46-05:00[America/New_York], close price: 288.809900, open price: 288.760000, low price: 288.720000, high price: 288.890000, volume: 76640.000000}
{end time: 2019-12-27T15:47-05:00[America/New_York], close price: 288.930400, open price: 288.790000, low price: 288.770100, high price: 288.970000, volume: 95214.000000}
{end time: 2019-12-27T15:48-05:00[America/New_York], close price: 288.622000, open price: 288.939900, low price: 288.620100, high price: 288.950000, volume: 112579.000000}
{end time: 2019-12-27T15:49-05:00[America/New_York], close price: 288.620000, open price: 288.620000, low price: 288.590000, high price: 288.760000, volume: 90343.000000}
{end time: 2019-12-27T15:50-05:00[America/New_York], close price: 288.879900, open price: 288.630000, low price: 288.500000, high price: 288.879900, volume: 188224.000000}
{end time: 2019-12-27T15:51-05:00[America/New_York], close price: 288.800000, open price: 288.880000, low price: 288.750000, high price: 288.890100, volume: 70606.000000}
{end time: 2019-12-27T15:52-05:00[America/New_York], close price: 288.790000, open price: 288.797200, low price: 288.720000, high price: 288.840000, volume: 97330.000000}
{end time: 2019-12-27T15:53-05:00[America/New_York], close price: 288.920000, open price: 288.760000, low price: 288.670000, high price: 288.920000, volume: 124829.000000}
{end time: 2019-12-27T15:54-05:00[America/New_York], close price: 289.289700, open price: 288.920000, low price: 288.890000, high price: 289.310000, volume: 153459.000000}
{end time: 2019-12-27T15:55-05:00[America/New_York], close price: 289.370000, open price: 289.300000, low price: 289.160000, high price: 289.420000, volume: 188585.000000}
{end time: 2019-12-27T15:56-05:00[America/New_York], close price: 289.889900, open price: 289.360000, low price: 289.300100, high price: 289.970000, volume: 243333.000000}
{end time: 2019-12-27T15:57-05:00[America/New_York], close price: 289.845000, open price: 289.860000, low price: 289.710000, high price: 289.910000, volume: 200319.000000}
{end time: 2019-12-27T15:58-05:00[America/New_York], close price: 289.700000, open price: 289.840000, low price: 289.640000, high price: 289.840000, volume: 143263.000000}
{end time: 2019-12-27T15:59-05:00[America/New_York], close price: 289.830000, open price: 289.680000, low price: 289.650000, high price: 289.830000, volume: 302486.000000}
{end time: 2019-12-27T16:00-05:00[America/New_York], close price: 289.770000, open price: 289.800000, low price: 289.740000, high price: 289.850000, volume: 94757.000000}
{end time: 2019-12-27T16:01-05:00[America/New_York], close price: 289.800000, open price: 289.800000, low price: 289.670000, high price: 289.800000, volume: 332026.000000}
{end time: 2019-12-27T16:02-05:00[America/New_York], close price: 289.790000, open price: 289.690000, low price: 289.690000, high price: 289.790000, volume: 3038.000000}
{end time: 2019-12-27T16:03-05:00[America/New_York], close price: 289.700000, open price: 289.750000, low price: 289.690000, high price: 289.750000, volume: 2782.000000}
{end time: 2019-12-27T16:04-05:00[America/New_York], close price: 289.700000, open price: 289.680000, low price: 289.680000, high price: 289.740000, volume: 2188.000000}
{end time: 2019-12-27T16:05-05:00[America/New_York], close price: 289.650000, open price: 289.670000, low price: 289.650000, high price: 289.686600, volume: 2454.000000}
{end time: 2019-12-27T16:06-05:00[America/New_York], close price: 289.720000, open price: 289.700000, low price: 289.700000, high price: 289.800000, volume: 337417.000000}
{end time: 2019-12-27T16:07-05:00[America/New_York], close price: 289.770000, open price: 289.730000, low price: 289.730000, high price: 289.790000, volume: 2089.000000}
{end time: 2019-12-27T16:08-05:00[America/New_York], close price: 289.790000, open price: 289.720000, low price: 289.720000, high price: 289.790000, volume: 1314.000000}
{end time: 2019-12-27T16:09-05:00[America/New_York], close price: 289.750000, open price: 289.770000, low price: 289.720000, high price: 289.770000, volume: 4251.000000}
{end time: 2019-12-27T16:10-05:00[America/New_York], close price: 289.770000, open price: 289.720000, low price: 289.720000, high price: 289.770000, volume: 6199.000000}
{end time: 2019-12-27T16:11-05:00[America/New_York], close price: 289.670000, open price: 289.660000, low price: 289.660000, high price: 289.800000, volume: 34633.000000}
{end time: 2019-12-27T16:12-05:00[America/New_York], close price: 289.740000, open price: 289.670100, low price: 289.670100, high price: 289.740000, volume: 7559.000000}
{end time: 2019-12-27T16:13-05:00[America/New_York], close price: 289.740000, open price: 289.750000, low price: 289.700000, high price: 289.760000, volume: 2502.000000}
{end time: 2019-12-27T16:14-05:00[America/New_York], close price: 289.670000, open price: 289.670000, low price: 289.670000, high price: 289.730000, volume: 710.000000}
{end time: 2019-12-27T16:15-05:00[America/New_York], close price: 289.630100, open price: 289.670000, low price: 289.630100, high price: 289.670000, volume: 6563.000000}
{end time: 2019-12-27T16:16-05:00[America/New_York], close price: 289.770000, open price: 289.750000, low price: 289.750000, high price: 289.800000, volume: 2320.000000}
{end time: 2019-12-27T16:17-05:00[America/New_York], close price: 289.750000, open price: 289.840000, low price: 289.750000, high price: 289.840000, volume: 2765.000000}
{end time: 2019-12-27T16:18-05:00[America/New_York], close price: 289.800000, open price: 289.800000, low price: 289.800000, high price: 289.810000, volume: 4971.000000}
{end time: 2019-12-27T16:19-05:00[America/New_York], close price: 289.810000, open price: 289.810000, low price: 289.810000, high price: 289.840000, volume: 761.000000}
{end time: 2019-12-27T16:20-05:00[America/New_York], close price: 289.830000, open price: 289.750200, low price: 289.750200, high price: 289.830000, volume: 1401.000000}
{end time: 2019-12-27T16:21-05:00[America/New_York], close price: 289.830000, open price: 289.830000, low price: 289.830000, high price: 289.830000, volume: 358.000000}
{end time: 2019-12-27T16:22-05:00[America/New_York], close price: 289.850000, open price: 289.900000, low price: 289.850000, high price: 289.900000, volume: 1524.000000}
{end time: 2019-12-27T16:23-05:00[America/New_York], close price: 289.830000, open price: 289.830000, low price: 289.830000, high price: 289.830000, volume: 533.000000}
{end time: 2019-12-27T16:24-05:00[America/New_York], close price: 289.830000, open price: 289.870000, low price: 289.830000, high price: 289.900000, volume: 1680.000000}
{end time: 2019-12-27T16:25-05:00[America/New_York], close price: 289.840000, open price: 289.840000, low price: 289.840000, high price: 289.840000, volume: 616.000000}
{end time: 2019-12-27T16:29-05:00[America/New_York], close price: 289.940000, open price: 289.920000, low price: 289.920000, high price: 289.940000, volume: 1239.000000}
{end time: 2019-12-27T16:30-05:00[America/New_York], close price: 289.810000, open price: 289.940000, low price: 289.810000, high price: 289.940000, volume: 1163.000000}
{end time: 2019-12-27T16:31-05:00[America/New_York], close price: 289.810000, open price: 289.810000, low price: 289.810000, high price: 289.930000, volume: 16931.000000}
{end time: 2019-12-27T16:32-05:00[America/New_York], close price: 289.810000, open price: 289.830000, low price: 289.810000, high price: 289.840000, volume: 2421.000000}
{end time: 2019-12-27T16:33-05:00[America/New_York], close price: 289.750000, open price: 289.800000, low price: 289.750000, high price: 289.800000, volume: 1064.000000}
{end time: 2019-12-27T16:34-05:00[America/New_York], close price: 289.660000, open price: 289.860000, low price: 289.660000, high price: 289.880000, volume: 4220.000000}
{end time: 2019-12-27T16:35-05:00[America/New_York], close price: 289.710000, open price: 289.710000, low price: 289.710000, high price: 289.710000, volume: 413.000000}
{end time: 2019-12-27T16:36-05:00[America/New_York], close price: 289.720000, open price: 289.720000, low price: 289.720000, high price: 289.720000, volume: 664.000000}
{end time: 2019-12-27T16:38-05:00[America/New_York], close price: 289.800000, open price: 289.740000, low price: 289.730000, high price: 289.800000, volume: 2912.000000}
{end time: 2019-12-27T16:40-05:00[America/New_York], close price: 289.700000, open price: 289.700000, low price: 289.700000, high price: 289.710000, volume: 1668.000000}
{end time: 2019-12-27T16:43-05:00[America/New_York], close price: 289.700200, open price: 289.740000, low price: 289.700200, high price: 289.750000, volume: 1942.000000}
{end time: 2019-12-27T16:44-05:00[America/New_York], close price: 289.670000, open price: 289.700000, low price: 289.670000, high price: 289.700000, volume: 431.000000}
{end time: 2019-12-27T16:45-05:00[America/New_York], close price: 289.620000, open price: 289.660000, low price: 289.620000, high price: 289.660000, volume: 1811.000000}
{end time: 2019-12-27T16:46-05:00[America/New_York], close price: 289.550000, open price: 289.550000, low price: 289.550000, high price: 289.550000, volume: 311.000000}
{end time: 2019-12-27T16:47-05:00[America/New_York], close price: 289.600000, open price: 289.600000, low price: 289.600000, high price: 289.600000, volume: 587.000000}
{end time: 2019-12-27T16:50-05:00[America/New_York], close price: 289.680000, open price: 289.690000, low price: 289.680000, high price: 289.690000, volume: 660.000000}
{end time: 2019-12-27T16:51-05:00[America/New_York], close price: 289.700000, open price: 289.680000, low price: 289.680000, high price: 289.700000, volume: 1113.000000}
{end time: 2019-12-27T16:53-05:00[America/New_York], close price: 289.750000, open price: 289.740000, low price: 289.740000, high price: 289.750000, volume: 1571.000000}
{end time: 2019-12-27T16:54-05:00[America/New_York], close price: 289.750000, open price: 289.750000, low price: 289.750000, high price: 289.750000, volume: 283.000000}
{end time: 2019-12-27T16:56-05:00[America/New_York], close price: 289.840000, open price: 289.840000, low price: 289.840000, high price: 289.840000, volume: 518.000000}
{end time: 2019-12-27T16:58-05:00[America/New_York], close price: 289.790000, open price: 289.690000, low price: 289.690000, high price: 289.790000, volume: 2200.000000}
{end time: 2019-12-27T16:59-05:00[America/New_York], close price: 289.800000, open price: 289.800000, low price: 289.800000, high price: 289.800000, volume: 115.000000}
{end time: 2019-12-27T17:00-05:00[America/New_York], close price: 289.720000, open price: 289.800000, low price: 289.720000, high price: 289.800000, volume: 58060.000000}
{end time: 2019-12-27T17:02-05:00[America/New_York], close price: 289.780000, open price: 289.780000, low price: 289.780000, high price: 289.780000, volume: 327.000000}
{end time: 2019-12-27T17:04-05:00[America/New_York], close price: 289.700000, open price: 289.700000, low price: 289.700000, high price: 289.700000, volume: 126.000000}
{end time: 2019-12-27T17:05-05:00[America/New_York], close price: 289.760000, open price: 289.730000, low price: 289.730000, high price: 289.760000, volume: 394.000000}
{end time: 2019-12-27T17:08-05:00[America/New_York], close price: 289.780000, open price: 289.780000, low price: 289.780000, high price: 289.780000, volume: 306.000000}
{end time: 2019-12-27T17:11-05:00[America/New_York], close price: 289.740000, open price: 289.730000, low price: 289.730000, high price: 289.740000, volume: 300.000000}
{end time: 2019-12-27T17:12-05:00[America/New_York], close price: 289.750000, open price: 289.760000, low price: 289.750000, high price: 289.760000, volume: 404.000000}
{end time: 2019-12-27T17:13-05:00[America/New_York], close price: 289.800000, open price: 289.800000, low price: 289.800000, high price: 289.800000, volume: 1086.000000}
{end time: 2019-12-27T17:14-05:00[America/New_York], close price: 289.800000, open price: 289.740000, low price: 289.740000, high price: 289.800000, volume: 670.000000}
{end time: 2019-12-27T17:17-05:00[America/New_York], close price: 289.800000, open price: 289.800000, low price: 289.800000, high price: 289.800000, volume: 378.000000}
{end time: 2019-12-27T17:19-05:00[America/New_York], close price: 289.740000, open price: 289.740000, low price: 289.740000, high price: 289.740000, volume: 333.000000}
{end time: 2019-12-27T17:20-05:00[America/New_York], close price: 289.740000, open price: 289.740000, low price: 289.740000, high price: 289.740000, volume: 208.000000}
{end time: 2019-12-27T17:22-05:00[America/New_York], close price: 289.750000, open price: 289.700100, low price: 289.700100, high price: 289.750000, volume: 1455.000000}
{end time: 2019-12-27T17:26-05:00[America/New_York], close price: 289.780000, open price: 289.780000, low price: 289.780000, high price: 289.780000, volume: 438.000000}
{end time: 2019-12-27T17:42-05:00[America/New_York], close price: 289.800000, open price: 289.790000, low price: 289.790000, high price: 289.800000, volume: 880.000000}
{end time: 2019-12-27T17:43-05:00[America/New_York], close price: 289.790000, open price: 289.790000, low price: 289.790000, high price: 289.790000, volume: 500.000000}
{end time: 2019-12-27T17:46-05:00[America/New_York], close price: 289.790000, open price: 289.790000, low price: 289.790000, high price: 289.790000, volume: 231.000000}
{end time: 2019-12-27T17:48-05:00[America/New_York], close price: 289.800000, open price: 289.800000, low price: 289.800000, high price: 289.800000, volume: 1265.000000}
{end time: 2019-12-27T17:51-05:00[America/New_York], close price: 289.850000, open price: 289.850000, low price: 289.850000, high price: 289.850000, volume: 180.000000}
{end time: 2019-12-27T17:52-05:00[America/New_York], close price: 289.800000, open price: 289.800000, low price: 289.800000, high price: 289.800000, volume: 802.000000}
{end time: 2019-12-27T17:55-05:00[America/New_York], close price: 289.820000, open price: 289.820000, low price: 289.820000, high price: 289.820000, volume: 806.000000}
{end time: 2019-12-27T17:57-05:00[America/New_York], close price: 289.820000, open price: 289.820000, low price: 289.820000, high price: 289.820000, volume: 529.000000}
{end time: 2019-12-27T17:58-05:00[America/New_York], close price: 289.820000, open price: 289.820000, low price: 289.820000, high price: 289.820000, volume: 423.000000}
{end time: 2019-12-27T18:03-05:00[America/New_York], close price: 289.800000, open price: 289.800000, low price: 289.800000, high price: 289.800000, volume: 1001.000000}
{end time: 2019-12-27T18:04-05:00[America/New_York], close price: 289.800000, open price: 289.800000, low price: 289.800000, high price: 289.800000, volume: 2001.000000}
{end time: 2019-12-27T18:12-05:00[America/New_York], close price: 289.800000, open price: 289.800000, low price: 289.800000, high price: 289.800000, volume: 953.000000}
{end time: 2019-12-27T18:21-05:00[America/New_York], close price: 289.800000, open price: 289.800000, low price: 289.800000, high price: 289.800000, volume: 1100.000000}
{end time: 2019-12-27T18:22-05:00[America/New_York], close price: 289.800000, open price: 289.800000, low price: 289.800000, high price: 289.800000, volume: 106.000000}
{end time: 2019-12-27T18:23-05:00[America/New_York], close price: 289.800000, open price: 289.800000, low price: 289.800000, high price: 289.800000, volume: 100.000000}
{end time: 2019-12-27T18:25-05:00[America/New_York], close price: 289.800000, open price: 289.800000, low price: 289.800000, high price: 289.800000, volume: 342.000000}
{end time: 2019-12-27T18:30-05:00[America/New_York], close price: 289.800000, open price: 289.800000, low price: 289.800000, high price: 289.800000, volume: 250.000000}
{end time: 2019-12-27T18:32-05:00[America/New_York], close price: 289.800000, open price: 289.800000, low price: 289.800000, high price: 289.800000, volume: 107.000000}
{end time: 2019-12-27T18:33-05:00[America/New_York], close price: 289.790000, open price: 289.790000, low price: 289.790000, high price: 289.790000, volume: 201.000000}
{end time: 2019-12-27T18:35-05:00[America/New_York], close price: 289.780000, open price: 289.790000, low price: 289.780000, high price: 289.790000, volume: 1410.000000}
{end time: 2019-12-27T18:37-05:00[America/New_York], close price: 289.750000, open price: 289.750000, low price: 289.750000, high price: 289.750000, volume: 214.000000}
{end time: 2019-12-27T18:38-05:00[America/New_York], close price: 289.790000, open price: 289.790000, low price: 289.790000, high price: 289.790000, volume: 200.000000}
{end time: 2019-12-27T18:39-05:00[America/New_York], close price: 289.800000, open price: 289.710000, low price: 289.710000, high price: 289.800000, volume: 1220.000000}
{end time: 2019-12-27T18:40-05:00[America/New_York], close price: 289.710000, open price: 289.710000, low price: 289.710000, high price: 289.710000, volume: 1353.000000}
{end time: 2019-12-27T18:50-05:00[America/New_York], close price: 289.750000, open price: 289.740000, low price: 289.740000, high price: 289.750000, volume: 393.000000}
{end time: 2019-12-27T18:51-05:00[America/New_York], close price: 289.740000, open price: 289.740000, low price: 289.740000, high price: 289.740000, volume: 108.000000}
{end time: 2019-12-27T18:52-05:00[America/New_York], close price: 289.750000, open price: 289.750000, low price: 289.750000, high price: 289.750000, volume: 201.000000}
{end time: 2019-12-27T18:53-05:00[America/New_York], close price: 289.800000, open price: 289.800000, low price: 289.800000, high price: 289.800000, volume: 210.000000}
{end time: 2019-12-27T18:59-05:00[America/New_York], close price: 289.800000, open price: 289.800000, low price: 289.800000, high price: 289.800000, volume: 228.000000}
{end time: 2019-12-27T19:00-05:00[America/New_York], close price: 289.800000, open price: 289.800000, low price: 289.800000, high price: 289.800000, volume: 181.000000}
{end time: 2019-12-27T19:03-05:00[America/New_York], close price: 289.800000, open price: 289.800000, low price: 289.800000, high price: 289.800000, volume: 200.000000}
{end time: 2019-12-27T19:06-05:00[America/New_York], close price: 289.830000, open price: 289.830000, low price: 289.830000, high price: 289.830000, volume: 110.000000}
{end time: 2019-12-27T19:07-05:00[America/New_York], close price: 289.860000, open price: 289.850000, low price: 289.850000, high price: 289.860000, volume: 937.000000}
{end time: 2019-12-27T19:12-05:00[America/New_York], close price: 289.900000, open price: 289.900000, low price: 289.900000, high price: 289.900000, volume: 266.000000}
{end time: 2019-12-27T19:14-05:00[America/New_York], close price: 289.900000, open price: 289.900000, low price: 289.900000, high price: 289.900000, volume: 180.000000}
{end time: 2019-12-27T19:16-05:00[America/New_York], close price: 289.920000, open price: 289.920000, low price: 289.920000, high price: 289.920000, volume: 108.000000}
{end time: 2019-12-27T19:21-05:00[America/New_York], close price: 289.860000, open price: 289.860000, low price: 289.860000, high price: 289.860000, volume: 242.000000}
{end time: 2019-12-27T19:27-05:00[America/New_York], close price: 289.819900, open price: 289.819900, low price: 289.819900, high price: 289.819900, volume: 996.000000}
{end time: 2019-12-27T19:31-05:00[America/New_York], close price: 289.840000, open price: 289.840000, low price: 289.840000, high price: 289.840000, volume: 732.000000}
{end time: 2019-12-27T19:35-05:00[America/New_York], close price: 289.820000, open price: 289.820000, low price: 289.820000, high price: 289.820000, volume: 385.000000}
{end time: 2019-12-27T19:37-05:00[America/New_York], close price: 289.810000, open price: 289.810000, low price: 289.810000, high price: 289.810000, volume: 200.000000}
{end time: 2019-12-27T19:38-05:00[America/New_York], close price: 289.810000, open price: 289.860000, low price: 289.810000, high price: 289.860000, volume: 330.000000}
{end time: 2019-12-27T19:39-05:00[America/New_York], close price: 289.880000, open price: 289.870000, low price: 289.860000, high price: 289.880000, volume: 690.000000}
{end time: 2019-12-27T19:40-05:00[America/New_York], close price: 289.900000, open price: 289.900000, low price: 289.900000, high price: 289.900000, volume: 310.000000}
{end time: 2019-12-27T19:44-05:00[America/New_York], close price: 289.850000, open price: 289.850000, low price: 289.850000, high price: 289.850000, volume: 168.000000}
{end time: 2019-12-27T19:45-05:00[America/New_York], close price: 289.910000, open price: 289.910000, low price: 289.910000, high price: 289.910000, volume: 215.000000}
{end time: 2019-12-27T19:46-05:00[America/New_York], close price: 289.920000, open price: 289.920000, low price: 289.920000, high price: 289.920000, volume: 1350.000000}
{end time: 2019-12-27T19:47-05:00[America/New_York], close price: 289.980000, open price: 289.950000, low price: 289.950000, high price: 289.990000, volume: 1205.000000}
{end time: 2019-12-27T19:48-05:00[America/New_York], close price: 289.950000, open price: 289.990000, low price: 289.950000, high price: 289.990000, volume: 1587.000000}
{end time: 2019-12-27T19:50-05:00[America/New_York], close price: 289.990000, open price: 289.950000, low price: 289.950000, high price: 289.990000, volume: 610.000000}
{end time: 2019-12-27T19:51-05:00[America/New_York], close price: 289.990000, open price: 289.990000, low price: 289.990000, high price: 289.990000, volume: 739.000000}
{end time: 2019-12-27T19:52-05:00[America/New_York], close price: 290.000000, open price: 290.000000, low price: 290.000000, high price: 290.000000, volume: 371.000000}
{end time: 2019-12-27T19:53-05:00[America/New_York], close price: 289.990000, open price: 290.000000, low price: 289.990000, high price: 290.000000, volume: 615.000000}
{end time: 2019-12-27T19:54-05:00[America/New_York], close price: 289.990000, open price: 289.970000, low price: 289.960000, high price: 289.990000, volume: 1545.000000}
{end time: 2019-12-27T19:55-05:00[America/New_York], close price: 289.960000, open price: 289.950000, low price: 289.950000, high price: 289.960000, volume: 327.000000}
{end time: 2019-12-27T19:56-05:00[America/New_York], close price: 289.950000, open price: 289.950000, low price: 289.950000, high price: 289.950000, volume: 528.000000}
{end time: 2019-12-27T19:57-05:00[America/New_York], close price: 289.950000, open price: 289.950000, low price: 289.950000, high price: 289.950000, volume: 253.000000}
{end time: 2019-12-27T19:58-05:00[America/New_York], close price: 289.990000, open price: 289.990000, low price: 289.990000, high price: 289.990000, volume: 354.000000}
{end time: 2019-12-27T19:59-05:00[America/New_York], close price: 290.000000, open price: 289.960000, low price: 289.960000, high price: 290.000000, volume: 1954.000000}
{end time: 2019-12-30T04:00-05:00[America/New_York], close price: 290.150000, open price: 290.150000, low price: 290.150000, high price: 290.150000, volume: 163.000000}
{end time: 2019-12-30T04:14-05:00[America/New_York], close price: 290.100000, open price: 290.120000, low price: 290.100000, high price: 290.120000, volume: 1591.000000}
{end time: 2019-12-30T04:57-05:00[America/New_York], close price: 289.780000, open price: 289.780000, low price: 289.780000, high price: 289.780000, volume: 566.000000}
{end time: 2019-12-30T05:14-05:00[America/New_York], close price: 289.500000, open price: 289.500000, low price: 289.500000, high price: 289.500000, volume: 870.000000}
{end time: 2019-12-30T05:17-05:00[America/New_York], close price: 289.500000, open price: 289.520000, low price: 289.500000, high price: 289.520000, volume: 513.000000}
{end time: 2019-12-30T05:54-05:00[America/New_York], close price: 289.400000, open price: 289.400000, low price: 289.400000, high price: 289.400000, volume: 202.000000}
{end time: 2019-12-30T06:13-05:00[America/New_York], close price: 289.400000, open price: 289.400000, low price: 289.400000, high price: 289.400000, volume: 428.000000}
{end time: 2019-12-30T06:20-05:00[America/New_York], close price: 289.150000, open price: 289.150000, low price: 289.150000, high price: 289.150000, volume: 100.000000}
{end time: 2019-12-30T06:22-05:00[America/New_York], close price: 289.100000, open price: 289.100000, low price: 289.100000, high price: 289.100000, volume: 1798.000000}
{end time: 2019-12-30T06:25-05:00[America/New_York], close price: 289.100000, open price: 289.100000, low price: 289.100000, high price: 289.100000, volume: 399.000000}
{end time: 2019-12-30T06:27-05:00[America/New_York], close price: 289.380000, open price: 289.380000, low price: 289.380000, high price: 289.380000, volume: 242.000000}
{end time: 2019-12-30T06:41-05:00[America/New_York], close price: 289.450000, open price: 289.450000, low price: 289.450000, high price: 289.450000, volume: 200.000000}
{end time: 2019-12-30T06:53-05:00[America/New_York], close price: 289.450000, open price: 289.450000, low price: 289.450000, high price: 289.450000, volume: 150.000000}
{end time: 2019-12-30T07:00-05:00[America/New_York], close price: 289.660000, open price: 289.550000, low price: 289.400000, high price: 289.700000, volume: 9694.000000}
{end time: 2019-12-30T07:01-05:00[America/New_York], close price: 289.700000, open price: 289.700000, low price: 289.700000, high price: 289.700000, volume: 200.000000}
{end time: 2019-12-30T07:02-05:00[America/New_York], close price: 289.740000, open price: 289.740000, low price: 289.740000, high price: 289.740000, volume: 116.000000}
{end time: 2019-12-30T07:03-05:00[America/New_York], close price: 289.740000, open price: 289.740000, low price: 289.740000, high price: 289.740000, volume: 253.000000}
{end time: 2019-12-30T07:04-05:00[America/New_York], close price: 289.610000, open price: 289.610000, low price: 289.610000, high price: 289.690000, volume: 395.000000}
{end time: 2019-12-30T07:06-05:00[America/New_York], close price: 289.500000, open price: 289.520000, low price: 289.500000, high price: 289.520000, volume: 3019.000000}
{end time: 2019-12-30T07:07-05:00[America/New_York], close price: 289.550000, open price: 289.510000, low price: 289.510000, high price: 289.550000, volume: 1180.000000}
{end time: 2019-12-30T07:08-05:00[America/New_York], close price: 289.550000, open price: 289.550000, low price: 289.550000, high price: 289.550000, volume: 245.000000}
{end time: 2019-12-30T07:09-05:00[America/New_York], close price: 289.460000, open price: 289.550000, low price: 289.460000, high price: 289.550000, volume: 1455.000000}
{end time: 2019-12-30T07:11-05:00[America/New_York], close price: 289.450000, open price: 289.520000, low price: 289.450000, high price: 289.550000, volume: 1807.000000}
{end time: 2019-12-30T07:12-05:00[America/New_York], close price: 289.550000, open price: 289.460000, low price: 289.460000, high price: 289.550000, volume: 1100.000000}
{end time: 2019-12-30T07:16-05:00[America/New_York], close price: 289.550000, open price: 289.550000, low price: 289.550000, high price: 289.550000, volume: 437.000000}
{end time: 2019-12-30T07:23-05:00[America/New_York], close price: 289.590000, open price: 289.590000, low price: 289.590000, high price: 289.590000, volume: 386.000000}
{end time: 2019-12-30T07:28-05:00[America/New_York], close price: 289.590000, open price: 289.590000, low price: 289.580000, high price: 289.590000, volume: 1364.000000}
{end time: 2019-12-30T07:29-05:00[America/New_York], close price: 289.600000, open price: 289.600000, low price: 289.560000, high price: 289.600000, volume: 1279.000000}
{end time: 2019-12-30T07:32-05:00[America/New_York], close price: 289.650000, open price: 289.640000, low price: 289.640000, high price: 289.650000, volume: 200.000000}
{end time: 2019-12-30T07:37-05:00[America/New_York], close price: 289.700000, open price: 289.700000, low price: 289.700000, high price: 289.700000, volume: 1593.000000}
{end time: 2019-12-30T07:38-05:00[America/New_York], close price: 289.750000, open price: 289.750000, low price: 289.750000, high price: 289.750000, volume: 500.000000}
{end time: 2019-12-30T07:40-05:00[America/New_York], close price: 289.750000, open price: 289.750000, low price: 289.750000, high price: 289.750000, volume: 1002.000000}
{end time: 2019-12-30T07:46-05:00[America/New_York], close price: 289.640000, open price: 289.640000, low price: 289.640000, high price: 289.640000, volume: 899.000000}
{end time: 2019-12-30T07:47-05:00[America/New_York], close price: 289.640000, open price: 289.650000, low price: 289.640000, high price: 289.650000, volume: 649.000000}
{end time: 2019-12-30T07:52-05:00[America/New_York], close price: 289.650000, open price: 289.650000, low price: 289.650000, high price: 289.650000, volume: 195.000000}
{end time: 2019-12-30T07:53-05:00[America/New_York], close price: 289.700000, open price: 289.700000, low price: 289.700000, high price: 289.700000, volume: 501.000000}
{end time: 2019-12-30T07:54-05:00[America/New_York], close price: 289.720000, open price: 289.700000, low price: 289.700000, high price: 289.720000, volume: 962.000000}
{end time: 2019-12-30T07:56-05:00[America/New_York], close price: 289.720000, open price: 289.720000, low price: 289.720000, high price: 289.720000, volume: 665.000000}
{end time: 2019-12-30T08:00-05:00[America/New_York], close price: 289.649500, open price: 289.599900, low price: 289.250000, high price: 289.799500, volume: 20250.000000}
{end time: 2019-12-30T08:01-05:00[America/New_York], close price: 289.650000, open price: 289.650000, low price: 289.650000, high price: 289.650000, volume: 492.000000}
{end time: 2019-12-30T08:03-05:00[America/New_York], close price: 289.600000, open price: 289.600000, low price: 289.600000, high price: 289.656500, volume: 1133.000000}
{end time: 2019-12-30T08:04-05:00[America/New_York], close price: 289.600000, open price: 289.650000, low price: 289.600000, high price: 289.650000, volume: 765.000000}
{end time: 2019-12-30T08:05-05:00[America/New_York], close price: 289.650000, open price: 289.650000, low price: 289.650000, high price: 289.650000, volume: 301.000000}
{end time: 2019-12-30T08:06-05:00[America/New_York], close price: 289.540000, open price: 289.540000, low price: 289.540000, high price: 289.540000, volume: 326.000000}
{end time: 2019-12-30T08:07-05:00[America/New_York], close price: 289.470000, open price: 289.500000, low price: 289.470000, high price: 289.500000, volume: 1283.000000}
{end time: 2019-12-30T08:08-05:00[America/New_York], close price: 289.300300, open price: 289.400000, low price: 289.300300, high price: 289.400000, volume: 902.000000}
{end time: 2019-12-30T08:09-05:00[America/New_York], close price: 289.595400, open price: 289.510000, low price: 289.490000, high price: 289.595400, volume: 1427.000000}
{end time: 2019-12-30T08:10-05:00[America/New_York], close price: 289.510100, open price: 289.620000, low price: 289.510100, high price: 289.620000, volume: 823.000000}
{end time: 2019-12-30T08:11-05:00[America/New_York], close price: 289.650000, open price: 289.510000, low price: 289.510000, high price: 289.650000, volume: 1006.000000}
{end time: 2019-12-30T08:17-05:00[America/New_York], close price: 289.727600, open price: 289.727600, low price: 289.727600, high price: 289.727600, volume: 200.000000}
{end time: 2019-12-30T08:18-05:00[America/New_York], close price: 289.610000, open price: 289.610000, low price: 289.610000, high price: 289.610000, volume: 163.000000}
{end time: 2019-12-30T08:19-05:00[America/New_York], close price: 289.560000, open price: 289.729000, low price: 289.560000, high price: 289.729000, volume: 702.000000}
{end time: 2019-12-30T08:22-05:00[America/New_York], close price: 289.740000, open price: 289.700000, low price: 289.700000, high price: 289.750000, volume: 2286.000000}
{end time: 2019-12-30T08:23-05:00[America/New_York], close price: 289.700000, open price: 289.700000, low price: 289.700000, high price: 289.700000, volume: 247.000000}
{end time: 2019-12-30T08:25-05:00[America/New_York], close price: 289.670000, open price: 289.680000, low price: 289.670000, high price: 289.680000, volume: 657.000000}
{end time: 2019-12-30T08:26-05:00[America/New_York], close price: 289.730000, open price: 289.730000, low price: 289.730000, high price: 289.730000, volume: 859.000000}
{end time: 2019-12-30T08:27-05:00[America/New_York], close price: 289.740000, open price: 289.730000, low price: 289.730000, high price: 289.740000, volume: 2028.000000}
{end time: 2019-12-30T08:28-05:00[America/New_York], close price: 289.760000, open price: 289.800000, low price: 289.760000, high price: 289.800000, volume: 1294.000000}
{end time: 2019-12-30T08:29-05:00[America/New_York], close price: 289.760000, open price: 289.750000, low price: 289.750000, high price: 289.800000, volume: 750.000000}
{end time: 2019-12-30T08:30-05:00[America/New_York], close price: 289.620000, open price: 289.720000, low price: 289.620000, high price: 289.720000, volume: 3379.000000}
{end time: 2019-12-30T08:31-05:00[America/New_York], close price: 289.740300, open price: 289.720000, low price: 289.720000, high price: 289.740300, volume: 588.000000}
{end time: 2019-12-30T08:33-05:00[America/New_York], close price: 289.799900, open price: 289.799900, low price: 289.799900, high price: 289.799900, volume: 225.000000}
{end time: 2019-12-30T08:34-05:00[America/New_York], close price: 289.665100, open price: 289.665100, low price: 289.665100, high price: 289.665100, volume: 511.000000}
{end time: 2019-12-30T08:35-05:00[America/New_York], close price: 289.660000, open price: 289.660000, low price: 289.660000, high price: 289.660000, volume: 498.000000}
{end time: 2019-12-30T08:37-05:00[America/New_York], close price: 289.800000, open price: 289.750000, low price: 289.750000, high price: 289.800000, volume: 909.000000}
{end time: 2019-12-30T08:38-05:00[America/New_York], close price: 289.750000, open price: 289.850000, low price: 289.750000, high price: 289.850000, volume: 1756.000000}
{end time: 2019-12-30T08:40-05:00[America/New_York], close price: 289.790000, open price: 289.750000, low price: 289.750000, high price: 289.790000, volume: 318.000000}
{end time: 2019-12-30T08:41-05:00[America/New_York], close price: 289.829900, open price: 289.829900, low price: 289.829900, high price: 289.829900, volume: 350848.000000}
{end time: 2019-12-30T08:43-05:00[America/New_York], close price: 289.750000, open price: 289.750000, low price: 289.750000, high price: 289.750000, volume: 452.000000}
{end time: 2019-12-30T08:44-05:00[America/New_York], close price: 289.750000, open price: 289.750000, low price: 289.750000, high price: 289.750000, volume: 666.000000}
{end time: 2019-12-30T08:45-05:00[America/New_York], close price: 289.750000, open price: 289.740000, low price: 289.740000, high price: 289.750000, volume: 2446.000000}
{end time: 2019-12-30T08:46-05:00[America/New_York], close price: 289.680000, open price: 289.740000, low price: 289.670000, high price: 289.740000, volume: 2375.000000}
{end time: 2019-12-30T08:48-05:00[America/New_York], close price: 289.700000, open price: 289.700000, low price: 289.700000, high price: 289.700000, volume: 500.000000}
{end time: 2019-12-30T08:51-05:00[America/New_York], close price: 289.790000, open price: 289.800000, low price: 289.790000, high price: 289.800000, volume: 262.000000}
{end time: 2019-12-30T08:52-05:00[America/New_York], close price: 289.810000, open price: 289.800000, low price: 289.800000, high price: 289.810000, volume: 752.000000}
{end time: 2019-12-30T08:53-05:00[America/New_York], close price: 289.800000, open price: 289.800000, low price: 289.800000, high price: 289.800000, volume: 8001.000000}
{end time: 2019-12-30T08:54-05:00[America/New_York], close price: 289.800000, open price: 289.800000, low price: 289.750000, high price: 289.800000, volume: 907.000000}
{end time: 2019-12-30T08:56-05:00[America/New_York], close price: 289.799900, open price: 289.799900, low price: 289.799900, high price: 289.799900, volume: 500.000000}
{end time: 2019-12-30T08:57-05:00[America/New_York], close price: 289.800000, open price: 289.800000, low price: 289.800000, high price: 289.800000, volume: 580.000000}
{end time: 2019-12-30T08:59-05:00[America/New_York], close price: 289.830000, open price: 289.829500, low price: 289.829500, high price: 289.830000, volume: 775.000000}
{end time: 2019-12-30T09:00-05:00[America/New_York], close price: 289.670000, open price: 289.750000, low price: 289.670000, high price: 289.750000, volume: 2542.000000}
{end time: 2019-12-30T09:02-05:00[America/New_York], close price: 289.666100, open price: 289.666100, low price: 289.666100, high price: 289.666100, volume: 289.000000}
{end time: 2019-12-30T09:03-05:00[America/New_York], close price: 289.670000, open price: 289.670000, low price: 289.670000, high price: 289.670000, volume: 152.000000}
{end time: 2019-12-30T09:04-05:00[America/New_York], close price: 289.675900, open price: 289.675000, low price: 289.670000, high price: 289.675900, volume: 648.000000}
{end time: 2019-12-30T09:05-05:00[America/New_York], close price: 289.750000, open price: 289.750000, low price: 289.750000, high price: 289.750000, volume: 584.000000}
{end time: 2019-12-30T09:06-05:00[America/New_York], close price: 289.760000, open price: 289.760000, low price: 289.760000, high price: 289.760000, volume: 161.000000}
{end time: 2019-12-30T09:08-05:00[America/New_York], close price: 289.750000, open price: 289.800000, low price: 289.750000, high price: 289.800000, volume: 1827.000000}
{end time: 2019-12-30T09:09-05:00[America/New_York], close price: 289.800000, open price: 289.800000, low price: 289.800000, high price: 289.800000, volume: 868.000000}
{end time: 2019-12-30T09:10-05:00[America/New_York], close price: 289.840000, open price: 289.800000, low price: 289.800000, high price: 289.840000, volume: 977.000000}
{end time: 2019-12-30T09:12-05:00[America/New_York], close price: 289.800000, open price: 289.770000, low price: 289.770000, high price: 289.830000, volume: 686.000000}
{end time: 2019-12-30T09:13-05:00[America/New_York], close price: 289.800000, open price: 289.750000, low price: 289.750000, high price: 289.830000, volume: 1323.000000}
{end time: 2019-12-30T09:14-05:00[America/New_York], close price: 289.760000, open price: 289.800000, low price: 289.760000, high price: 289.810000, volume: 2159.000000}
{end time: 2019-12-30T09:15-05:00[America/New_York], close price: 289.760000, open price: 289.760000, low price: 289.760000, high price: 289.760000, volume: 175.000000}
{end time: 2019-12-30T09:16-05:00[America/New_York], close price: 289.800000, open price: 289.760000, low price: 289.750000, high price: 289.800000, volume: 2208.000000}
{end time: 2019-12-30T09:17-05:00[America/New_York], close price: 289.760000, open price: 289.770000, low price: 289.760000, high price: 289.770000, volume: 1567.000000}
{end time: 2019-12-30T09:18-05:00[America/New_York], close price: 289.800000, open price: 289.800000, low price: 289.800000, high price: 289.800000, volume: 622.000000}
{end time: 2019-12-30T09:19-05:00[America/New_York], close price: 289.800000, open price: 289.799900, low price: 289.760000, high price: 289.800000, volume: 1344.000000}
{end time: 2019-12-30T09:20-05:00[America/New_York], close price: 289.590000, open price: 289.770000, low price: 289.590000, high price: 289.770000, volume: 6917.000000}
{end time: 2019-12-30T09:21-05:00[America/New_York], close price: 289.700000, open price: 289.700000, low price: 289.700000, high price: 289.700000, volume: 308.000000}
{end time: 2019-12-30T09:22-05:00[America/New_York], close price: 289.570000, open price: 289.570000, low price: 289.570000, high price: 289.570000, volume: 1167.000000}
{end time: 2019-12-30T09:23-05:00[America/New_York], close price: 289.570000, open price: 289.570000, low price: 289.570000, high price: 289.720000, volume: 790.000000}
{end time: 2019-12-30T09:24-05:00[America/New_York], close price: 289.649900, open price: 289.570000, low price: 289.570000, high price: 289.649900, volume: 934.000000}
{end time: 2019-12-30T09:25-05:00[America/New_York], close price: 289.790000, open price: 289.650000, low price: 289.650000, high price: 289.800000, volume: 1115.000000}
{end time: 2019-12-30T09:26-05:00[America/New_York], close price: 289.750000, open price: 289.750000, low price: 289.750000, high price: 289.790000, volume: 1468.000000}
{end time: 2019-12-30T09:27-05:00[America/New_York], close price: 289.500000, open price: 289.700000, low price: 289.500000, high price: 289.700000, volume: 2860.000000}
{end time: 2019-12-30T09:28-05:00[America/New_York], close price: 289.470000, open price: 289.470000, low price: 289.350000, high price: 289.470000, volume: 2749.000000}
{end time: 2019-12-30T09:29-05:00[America/New_York], close price: 289.570000, open price: 289.300000, low price: 289.290000, high price: 289.570000, volume: 2793.000000}
{end time: 2019-12-30T09:30-05:00[America/New_York], close price: 288.870000, open price: 289.460000, low price: 288.658400, high price: 289.540000, volume: 506554.000000}
{end time: 2019-12-30T09:31-05:00[America/New_York], close price: 289.348100, open price: 288.857800, low price: 288.663900, high price: 289.348100, volume: 166914.000000}
{end time: 2019-12-30T09:32-05:00[America/New_York], close price: 289.160000, open price: 289.330000, low price: 289.120000, high price: 289.470000, volume: 162692.000000}
{end time: 2019-12-30T09:33-05:00[America/New_York], close price: 288.935000, open price: 289.230000, low price: 288.600000, high price: 289.230000, volume: 148664.000000}
{end time: 2019-12-30T09:34-05:00[America/New_York], close price: 288.740000, open price: 288.930000, low price: 288.550000, high price: 289.060000, volume: 156545.000000}
{end time: 2019-12-30T09:35-05:00[America/New_York], close price: 288.310000, open price: 288.690000, low price: 288.220000, high price: 288.732900, volume: 142696.000000}
{end time: 2019-12-30T09:36-05:00[America/New_York], close price: 287.855000, open price: 288.260000, low price: 287.702400, high price: 288.290000, volume: 308422.000000}
{end time: 2019-12-30T09:37-05:00[America/New_York], close price: 287.470000, open price: 287.843900, low price: 287.245000, high price: 287.860000, volume: 241082.000000}
{end time: 2019-12-30T09:38-05:00[America/New_York], close price: 287.130000, open price: 287.415000, low price: 287.113000, high price: 287.630000, volume: 125849.000000}
{end time: 2019-12-30T09:39-05:00[America/New_York], close price: 286.686100, open price: 287.110000, low price: 286.430100, high price: 287.200000, volume: 289711.000000}
{end time: 2019-12-30T09:40-05:00[America/New_York], close price: 287.282000, open price: 286.710000, low price: 286.580000, high price: 287.400000, volume: 204496.000000}
{end time: 2019-12-30T09:41-05:00[America/New_York], close price: 287.380000, open price: 287.320000, low price: 287.270000, high price: 287.600000, volume: 173985.000000}
{end time: 2019-12-30T09:42-05:00[America/New_York], close price: 287.590000, open price: 287.399900, low price: 287.120000, high price: 287.620000, volume: 129664.000000}
{end time: 2019-12-30T09:43-05:00[America/New_York], close price: 287.130000, open price: 287.610000, low price: 287.100000, high price: 287.670000, volume: 110202.000000}
{end time: 2019-12-30T09:44-05:00[America/New_York], close price: 286.940100, open price: 287.150000, low price: 286.841000, high price: 287.200000, volume: 111004.000000}
{end time: 2019-12-30T09:45-05:00[America/New_York], close price: 287.250000, open price: 286.950000, low price: 286.770000, high price: 287.250000, volume: 121149.000000}
{end time: 2019-12-30T09:46-05:00[America/New_York], close price: 287.520000, open price: 287.260000, low price: 286.810000, high price: 287.610000, volume: 140147.000000}
{end time: 2019-12-30T09:47-05:00[America/New_York], close price: 287.257300, open price: 287.510000, low price: 287.150000, high price: 287.510000, volume: 129581.000000}
{end time: 2019-12-30T09:48-05:00[America/New_York], close price: 286.968600, open price: 287.240100, low price: 286.770000, high price: 287.259100, volume: 114562.000000}
{end time: 2019-12-30T09:49-05:00[America/New_York], close price: 286.509000, open price: 286.960000, low price: 286.360000, high price: 286.972000, volume: 152288.000000}
{end time: 2019-12-30T09:50-05:00[America/New_York], close price: 286.990000, open price: 286.530000, low price: 286.340000, high price: 287.060000, volume: 184278.000000}
{end time: 2019-12-30T09:51-05:00[America/New_York], close price: 287.149400, open price: 286.990000, low price: 286.841700, high price: 287.250000, volume: 146937.000000}
{end time: 2019-12-30T09:52-05:00[America/New_York], close price: 286.920000, open price: 287.150000, low price: 286.830000, high price: 287.250000, volume: 78047.000000}
{end time: 2019-12-30T09:53-05:00[America/New_York], close price: 287.170000, open price: 286.910100, low price: 286.890000, high price: 287.210000, volume: 111916.000000}
{end time: 2019-12-30T09:54-05:00[America/New_York], close price: 287.280000, open price: 287.170000, low price: 287.080000, high price: 287.290000, volume: 69857.000000}
{end time: 2019-12-30T09:55-05:00[America/New_York], close price: 287.250000, open price: 287.280000, low price: 287.170000, high price: 287.379900, volume: 90474.000000}
{end time: 2019-12-30T09:56-05:00[America/New_York], close price: 286.750000, open price: 287.246800, low price: 286.610000, high price: 287.246800, volume: 135977.000000}
{end time: 2019-12-30T09:57-05:00[America/New_York], close price: 286.860000, open price: 286.750000, low price: 286.740000, high price: 287.080000, volume: 90212.000000}
{end time: 2019-12-30T09:58-05:00[America/New_York], close price: 287.120000, open price: 286.808800, low price: 286.803100, high price: 287.130000, volume: 61578.000000}
{end time: 2019-12-30T09:59-05:00[America/New_York], close price: 286.770900, open price: 287.080000, low price: 286.630000, high price: 287.080000, volume: 111651.000000}
{end time: 2019-12-30T10:00-05:00[America/New_York], close price: 286.960000, open price: 286.835000, low price: 286.835000, high price: 287.150000, volume: 98920.000000}
{end time: 2019-12-30T10:01-05:00[America/New_York], close price: 286.608200, open price: 286.955000, low price: 286.560000, high price: 287.024000, volume: 90817.000000}
{end time: 2019-12-30T10:02-05:00[America/New_York], close price: 286.940000, open price: 286.650000, low price: 286.632000, high price: 286.950000, volume: 66929.000000}
{end time: 2019-12-30T10:03-05:00[America/New_York], close price: 286.701400, open price: 286.940500, low price: 286.630000, high price: 287.005000, volume: 82065.000000}
{end time: 2019-12-30T10:04-05:00[America/New_York], close price: 286.354100, open price: 286.710000, low price: 286.340000, high price: 286.760000, volume: 102633.000000}
{end time: 2019-12-30T10:05-05:00[America/New_York], close price: 286.450000, open price: 286.380000, low price: 286.170000, high price: 286.564000, volume: 123949.000000}
{end time: 2019-12-30T10:06-05:00[America/New_York], close price: 286.650000, open price: 286.439500, low price: 286.420100, high price: 286.870000, volume: 98042.000000}
{end time: 2019-12-30T10:07-05:00[America/New_York], close price: 286.530000, open price: 286.650000, low price: 286.500100, high price: 286.730000, volume: 53132.000000}
{end time: 2019-12-30T10:08-05:00[America/New_York], close price: 286.681400, open price: 286.510000, low price: 286.490000, high price: 286.716100, volume: 59774.000000}
{end time: 2019-12-30T10:09-05:00[America/New_York], close price: 286.750000, open price: 286.660000, low price: 286.510000, high price: 286.750000, volume: 48355.000000}
{end time: 2019-12-30T10:10-05:00[America/New_York], close price: 286.403000, open price: 286.740600, low price: 286.403000, high price: 286.900900, volume: 86742.000000}
{end time: 2019-12-30T10:11-05:00[America/New_York], close price: 286.190000, open price: 286.390000, low price: 286.190000, high price: 286.440000, volume: 146061.000000}
{end time: 2019-12-30T10:12-05:00[America/New_York], close price: 285.860000, open price: 286.200000, low price: 285.830000, high price: 286.410000, volume: 199342.000000}
{end time: 2019-12-30T10:13-05:00[America/New_York], close price: 285.780100, open price: 285.884900, low price: 285.470000, high price: 285.910000, volume: 162742.000000}
{end time: 2019-12-30T10:14-05:00[America/New_York], close price: 285.416800, open price: 285.790000, low price: 285.410000, high price: 285.890000, volume: 119468.000000}
{end time: 2019-12-30T10:15-05:00[America/New_York], close price: 285.389900, open price: 285.425000, low price: 285.220000, high price: 285.550000, volume: 184632.000000}
{end time: 2019-12-30T10:16-05:00[America/New_York], close price: 285.800000, open price: 285.400000, low price: 285.360000, high price: 286.000000, volume: 167431.000000}
{end time: 2019-12-30T10:17-05:00[America/New_York], close price: 285.930000, open price: 285.790000, low price: 285.750000, high price: 286.080000, volume: 96016.000000}
{end time: 2019-12-30T10:18-05:00[America/New_York], close price: 285.832900, open price: 285.920000, low price: 285.550000, high price: 285.960000, volume: 95252.000000}
{end time: 2019-12-30T10:19-05:00[America/New_York], close price: 286.100000, open price: 285.860000, low price: 285.820000, high price: 286.100000, volume: 94918.000000}
{end time: 2019-12-30T10:20-05:00[America/New_York], close price: 286.440000, open price: 286.102300, low price: 285.985000, high price: 286.450000, volume: 122621.000000}
{end time: 2019-12-30T10:21-05:00[America/New_York], close price: 286.175000, open price: 286.432900, low price: 286.140000, high price: 286.460000, volume: 97528.000000}
{end time: 2019-12-30T10:22-05:00[America/New_York], close price: 286.120000, open price: 286.156300, low price: 286.090000, high price: 286.380000, volume: 72012.000000}
{end time: 2019-12-30T10:23-05:00[America/New_York], close price: 285.980000, open price: 286.120000, low price: 285.800000, high price: 286.182200, volume: 158543.000000}
{end time: 2019-12-30T10:24-05:00[America/New_York], close price: 286.066600, open price: 285.970000, low price: 285.860000, high price: 286.066600, volume: 52196.000000}
{end time: 2019-12-30T10:25-05:00[America/New_York], close price: 285.890000, open price: 286.050000, low price: 285.880000, high price: 286.229000, volume: 49830.000000}
{end time: 2019-12-30T10:26-05:00[America/New_York], close price: 285.790100, open price: 285.900000, low price: 285.750000, high price: 285.960000, volume: 64768.000000}
{end time: 2019-12-30T10:27-05:00[America/New_York], close price: 285.930600, open price: 285.800000, low price: 285.800000, high price: 286.000000, volume: 63448.000000}
{end time: 2019-12-30T10:28-05:00[America/New_York], close price: 286.130000, open price: 285.930000, low price: 285.835000, high price: 286.170000, volume: 65615.000000}
{end time: 2019-12-30T10:29-05:00[America/New_York], close price: 286.400000, open price: 286.130000, low price: 285.960100, high price: 286.400000, volume: 94623.000000}
{end time: 2019-12-30T10:30-05:00[America/New_York], close price: 286.190300, open price: 286.400000, low price: 286.119400, high price: 286.400000, volume: 71688.000000}
{end time: 2019-12-30T10:31-05:00[America/New_York], close price: 286.370000, open price: 286.215000, low price: 286.160000, high price: 286.400000, volume: 42076.000000}
{end time: 2019-12-30T10:32-05:00[America/New_York], close price: 286.370000, open price: 286.370000, low price: 286.230100, high price: 286.460000, volume: 104753.000000}
{end time: 2019-12-30T10:33-05:00[America/New_York], close price: 286.440000, open price: 286.362600, low price: 286.300100, high price: 286.460000, volume: 44010.000000}
{end time: 2019-12-30T10:34-05:00[America/New_York], close price: 286.382700, open price: 286.430000, low price: 286.280000, high price: 286.640000, volume: 96401.000000}
{end time: 2019-12-30T10:35-05:00[America/New_York], close price: 286.540000, open price: 286.380000, low price: 286.240000, high price: 286.650000, volume: 89300.000000}
{end time: 2019-12-30T10:36-05:00[America/New_York], close price: 286.680000, open price: 286.530000, low price: 286.510000, high price: 286.766700, volume: 98106.000000}
{end time: 2019-12-30T10:37-05:00[America/New_York], close price: 286.730400, open price: 286.686400, low price: 286.570100, high price: 286.770000, volume: 70893.000000}
{end time: 2019-12-30T10:38-05:00[America/New_York], close price: 286.780000, open price: 286.740000, low price: 286.730000, high price: 286.870000, volume: 83630.000000}
{end time: 2019-12-30T10:39-05:00[America/New_York], close price: 287.054000, open price: 286.805000, low price: 286.800000, high price: 287.054800, volume: 138835.000000}
{end time: 2019-12-30T10:40-05:00[America/New_York], close price: 287.221400, open price: 287.040200, low price: 286.980100, high price: 287.230000, volume: 101657.000000}
{end time: 2019-12-30T10:41-05:00[America/New_York], close price: 287.430000, open price: 287.225000, low price: 287.180000, high price: 287.430000, volume: 104347.000000}
{end time: 2019-12-30T10:42-05:00[America/New_York], close price: 287.676700, open price: 287.430000, low price: 287.430000, high price: 287.700000, volume: 152903.000000}
{end time: 2019-12-30T10:43-05:00[America/New_York], close price: 287.580000, open price: 287.695900, low price: 287.460000, high price: 287.695900, volume: 91842.000000}
{end time: 2019-12-30T10:44-05:00[America/New_York], close price: 287.600000, open price: 287.561100, low price: 287.500000, high price: 287.660000, volume: 53471.000000}
{end time: 2019-12-30T10:45-05:00[America/New_York], close price: 287.419200, open price: 287.600000, low price: 287.410000, high price: 287.690000, volume: 85232.000000}
{end time: 2019-12-30T10:46-05:00[America/New_York], close price: 287.527800, open price: 287.430000, low price: 287.330000, high price: 287.540600, volume: 84076.000000}
{end time: 2019-12-30T10:47-05:00[America/New_York], close price: 287.380000, open price: 287.520000, low price: 287.350000, high price: 287.600100, volume: 72774.000000}
{end time: 2019-12-30T10:48-05:00[America/New_York], close price: 287.275000, open price: 287.380000, low price: 287.210000, high price: 287.450000, volume: 75847.000000}
{end time: 2019-12-30T10:49-05:00[America/New_York], close price: 287.270000, open price: 287.294200, low price: 287.260000, high price: 287.380000, volume: 43757.000000}
{end time: 2019-12-30T10:50-05:00[America/New_York], close price: 287.300000, open price: 287.270000, low price: 287.260000, high price: 287.360000, volume: 45821.000000}
{end time: 2019-12-30T10:51-05:00[America/New_York], close price: 287.316000, open price: 287.270100, low price: 287.180000, high price: 287.316000, volume: 57439.000000}
{end time: 2019-12-30T10:52-05:00[America/New_York], close price: 287.426600, open price: 287.315000, low price: 287.280000, high price: 287.500000, volume: 70032.000000}
{end time: 2019-12-30T10:53-05:00[America/New_York], close price: 287.490000, open price: 287.439100, low price: 287.370100, high price: 287.550000, volume: 52184.000000}
{end time: 2019-12-30T10:54-05:00[America/New_York], close price: 287.690000, open price: 287.470000, low price: 287.430000, high price: 287.700000, volume: 69378.000000}
{end time: 2019-12-30T10:55-05:00[America/New_York], close price: 287.660800, open price: 287.690000, low price: 287.520000, high price: 287.694000, volume: 43262.000000}
{end time: 2019-12-30T10:56-05:00[America/New_York], close price: 287.560000, open price: 287.670000, low price: 287.482600, high price: 287.790400, volume: 67760.000000}
{end time: 2019-12-30T10:57-05:00[America/New_York], close price: 287.390000, open price: 287.530000, low price: 287.350000, high price: 287.530000, volume: 71700.000000}
{end time: 2019-12-30T10:58-05:00[America/New_York], close price: 287.620000, open price: 287.386800, low price: 287.386800, high price: 287.750000, volume: 71087.000000}
{end time: 2019-12-30T10:59-05:00[America/New_York], close price: 287.615000, open price: 287.623800, low price: 287.440000, high price: 287.720000, volume: 66824.000000}
{end time: 2019-12-30T11:00-05:00[America/New_York], close price: 287.560000, open price: 287.616200, low price: 287.540000, high price: 287.790000, volume: 48334.000000}
{end time: 2019-12-30T11:01-05:00[America/New_York], close price: 287.510000, open price: 287.590000, low price: 287.466000, high price: 287.650100, volume: 42224.000000}
{end time: 2019-12-30T11:02-05:00[America/New_York], close price: 287.410000, open price: 287.527600, low price: 287.330000, high price: 287.573500, volume: 68631.000000}
{end time: 2019-12-30T11:03-05:00[America/New_York], close price: 287.326400, open price: 287.400000, low price: 287.180000, high price: 287.470000, volume: 66655.000000}
{end time: 2019-12-30T11:04-05:00[America/New_York], close price: 287.679600, open price: 287.301000, low price: 287.301000, high price: 287.680000, volume: 50535.000000}
{end time: 2019-12-30T11:05-05:00[America/New_York], close price: 288.019700, open price: 287.677900, low price: 287.640000, high price: 288.080000, volume: 141855.000000}
{end time: 2019-12-30T11:06-05:00[America/New_York], close price: 287.980000, open price: 288.020000, low price: 287.930000, high price: 288.090000, volume: 103522.000000}
{end time: 2019-12-30T11:07-05:00[America/New_York], close price: 287.935000, open price: 287.970000, low price: 287.740000, high price: 287.970000, volume: 95740.000000}
{end time: 2019-12-30T11:08-05:00[America/New_York], close price: 287.788000, open price: 287.930000, low price: 287.730100, high price: 287.990000, volume: 50248.000000}
{end time: 2019-12-30T11:09-05:00[America/New_York], close price: 287.920000, open price: 287.820000, low price: 287.770000, high price: 287.970000, volume: 50097.000000}
{end time: 2019-12-30T11:10-05:00[America/New_York], close price: 287.940000, open price: 287.910000, low price: 287.800000, high price: 288.050000, volume: 68475.000000}
{end time: 2019-12-30T11:11-05:00[America/New_York], close price: 288.060000, open price: 287.960000, low price: 287.940000, high price: 288.250000, volume: 109291.000000}
{end time: 2019-12-30T11:12-05:00[America/New_York], close price: 288.372200, open price: 288.057900, low price: 288.057900, high price: 288.390000, volume: 96918.000000}
{end time: 2019-12-30T11:13-05:00[America/New_York], close price: 288.349800, open price: 288.381100, low price: 288.260000, high price: 288.500000, volume: 122824.000000}
{end time: 2019-12-30T11:14-05:00[America/New_York], close price: 288.580000, open price: 288.348800, low price: 288.340000, high price: 288.750000, volume: 137598.000000}
{end time: 2019-12-30T11:15-05:00[America/New_York], close price: 288.700000, open price: 288.570000, low price: 288.470200, high price: 288.700000, volume: 96906.000000}
{end time: 2019-12-30T11:16-05:00[America/New_York], close price: 288.857700, open price: 288.700000, low price: 288.686000, high price: 288.867300, volume: 101918.000000}
{end time: 2019-12-30T11:17-05:00[America/New_York], close price: 288.950500, open price: 288.860000, low price: 288.830600, high price: 289.000000, volume: 97448.000000}
{end time: 2019-12-30T11:18-05:00[America/New_York], close price: 288.932500, open price: 288.960000, low price: 288.910000, high price: 289.090000, volume: 118601.000000}
{end time: 2019-12-30T11:19-05:00[America/New_York], close price: 289.198300, open price: 288.930000, low price: 288.780000, high price: 289.200000, volume: 585635.000000}
{end time: 2019-12-30T11:20-05:00[America/New_York], close price: 289.065000, open price: 289.190300, low price: 289.020000, high price: 289.279900, volume: 132191.000000}
{end time: 2019-12-30T11:21-05:00[America/New_York], close price: 289.310900, open price: 289.060000, low price: 289.047100, high price: 289.440000, volume: 130060.000000}
{end time: 2019-12-30T11:22-05:00[America/New_York], close price: 289.440000, open price: 289.318300, low price: 289.260100, high price: 289.630000, volume: 142756.000000}
{end time: 2019-12-30T11:23-05:00[America/New_York], close price: 289.509900, open price: 289.460000, low price: 289.400000, high price: 289.600000, volume: 113659.000000}
{end time: 2019-12-30T11:24-05:00[America/New_York], close price: 289.490000, open price: 289.511000, low price: 289.380000, high price: 289.660000, volume: 111700.000000}
{end time: 2019-12-30T11:25-05:00[America/New_York], close price: 289.190000, open price: 289.490000, low price: 289.170000, high price: 289.520000, volume: 134198.000000}
{end time: 2019-12-30T11:26-05:00[America/New_York], close price: 289.337400, open price: 289.189900, low price: 289.170000, high price: 289.339900, volume: 70568.000000}
{end time: 2019-12-30T11:27-05:00[America/New_York], close price: 289.230000, open price: 289.331000, low price: 289.200000, high price: 289.370000, volume: 94258.000000}
{end time: 2019-12-30T11:28-05:00[America/New_York], close price: 289.162700, open price: 289.250000, low price: 289.090000, high price: 289.270000, volume: 82612.000000}
{end time: 2019-12-30T11:29-05:00[America/New_York], close price: 289.230000, open price: 289.190000, low price: 289.130000, high price: 289.370000, volume: 78098.000000}
{end time: 2019-12-30T11:30-05:00[America/New_York], close price: 289.360000, open price: 289.240000, low price: 289.160000, high price: 289.390000, volume: 389380.000000}
{end time: 2019-12-30T11:31-05:00[America/New_York], close price: 289.396300, open price: 289.365000, low price: 289.210000, high price: 289.440000, volume: 78517.000000}
{end time: 2019-12-30T11:32-05:00[America/New_York], close price: 289.334100, open price: 289.410000, low price: 289.310000, high price: 289.480000, volume: 59493.000000}
{end time: 2019-12-30T11:33-05:00[America/New_York], close price: 289.670000, open price: 289.330100, low price: 289.330100, high price: 289.730000, volume: 125387.000000}
{end time: 2019-12-30T11:34-05:00[America/New_York], close price: 289.720000, open price: 289.680000, low price: 289.640000, high price: 289.790000, volume: 124920.000000}
{end time: 2019-12-30T11:35-05:00[America/New_York], close price: 289.900000, open price: 289.730000, low price: 289.730000, high price: 289.970000, volume: 165317.000000}
{end time: 2019-12-30T11:36-05:00[America/New_York], close price: 289.960000, open price: 289.900000, low price: 289.894500, high price: 290.070000, volume: 136635.000000}
{end time: 2019-12-30T11:37-05:00[America/New_York], close price: 289.710000, open price: 289.970000, low price: 289.630000, high price: 289.970000, volume: 113287.000000}
{end time: 2019-12-30T11:38-05:00[America/New_York], close price: 289.636300, open price: 289.730000, low price: 289.550000, high price: 289.770000, volume: 76380.000000}
{end time: 2019-12-30T11:39-05:00[America/New_York], close price: 289.505000, open price: 289.590100, low price: 289.410000, high price: 289.690000, volume: 94904.000000}
{end time: 2019-12-30T11:40-05:00[America/New_York], close price: 289.379900, open price: 289.505000, low price: 289.346700, high price: 289.559900, volume: 72508.000000}
{end time: 2019-12-30T11:41-05:00[America/New_York], close price: 289.336700, open price: 289.380000, low price: 289.250000, high price: 289.533300, volume: 70627.000000}
{end time: 2019-12-30T11:42-05:00[America/New_York], close price: 289.250000, open price: 289.310000, low price: 289.250000, high price: 289.379900, volume: 58913.000000}
{end time: 2019-12-30T11:43-05:00[America/New_York], close price: 289.485000, open price: 289.250000, low price: 289.250000, high price: 289.580000, volume: 107963.000000}
{end time: 2019-12-30T11:44-05:00[America/New_York], close price: 289.659800, open price: 289.480000, low price: 289.480000, high price: 289.761400, volume: 102559.000000}
{end time: 2019-12-30T11:45-05:00[America/New_York], close price: 290.020000, open price: 289.670000, low price: 289.669800, high price: 290.080000, volume: 185455.000000}
{end time: 2019-12-30T11:46-05:00[America/New_York], close price: 289.970000, open price: 290.030000, low price: 289.970000, high price: 290.200000, volume: 128077.000000}
{end time: 2019-12-30T11:47-05:00[America/New_York], close price: 290.041000, open price: 289.980000, low price: 289.920000, high price: 290.110000, volume: 92768.000000}
{end time: 2019-12-30T11:48-05:00[America/New_York], close price: 290.222400, open price: 290.050000, low price: 290.030000, high price: 290.222400, volume: 87566.000000}
{end time: 2019-12-30T11:49-05:00[America/New_York], close price: 290.330000, open price: 290.220000, low price: 290.150000, high price: 290.350000, volume: 129555.000000}
{end time: 2019-12-30T11:50-05:00[America/New_York], close price: 290.250000, open price: 290.340000, low price: 290.130000, high price: 290.354700, volume: 86606.000000}
{end time: 2019-12-30T11:51-05:00[America/New_York], close price: 290.374100, open price: 290.269800, low price: 290.234700, high price: 290.400000, volume: 91935.000000}
{end time: 2019-12-30T11:52-05:00[America/New_York], close price: 290.440000, open price: 290.362100, low price: 290.355000, high price: 290.530000, volume: 79747.000000}
{end time: 2019-12-30T11:53-05:00[America/New_York], close price: 290.460000, open price: 290.450000, low price: 290.340000, high price: 290.530000, volume: 106746.000000}
{end time: 2019-12-30T11:54-05:00[America/New_York], close price: 290.670000, open price: 290.472100, low price: 290.450000, high price: 290.680000, volume: 122494.000000}
{end time: 2019-12-30T11:55-05:00[America/New_York], close price: 290.481500, open price: 290.670000, low price: 290.385000, high price: 290.679900, volume: 130782.000000}
{end time: 2019-12-30T11:56-05:00[America/New_York], close price: 290.570000, open price: 290.490000, low price: 290.430000, high price: 290.610000, volume: 59581.000000}
{end time: 2019-12-30T11:57-05:00[America/New_York], close price: 290.660000, open price: 290.570000, low price: 290.560000, high price: 290.860000, volume: 132690.000000}
{end time: 2019-12-30T11:58-05:00[America/New_York], close price: 290.510100, open price: 290.660000, low price: 290.510000, high price: 290.760000, volume: 96790.000000}
{end time: 2019-12-30T11:59-05:00[America/New_York], close price: 290.465800, open price: 290.511600, low price: 290.310700, high price: 290.520000, volume: 118429.000000}
{end time: 2019-12-30T12:00-05:00[America/New_York], close price: 290.410000, open price: 290.450000, low price: 290.249300, high price: 290.450000, volume: 75600.000000}
{end time: 2019-12-30T12:01-05:00[America/New_York], close price: 290.490300, open price: 290.420000, low price: 290.407800, high price: 290.590000, volume: 119743.000000}
{end time: 2019-12-30T12:02-05:00[America/New_York], close price: 290.720000, open price: 290.504300, low price: 290.480000, high price: 290.820000, volume: 100456.000000}
{end time: 2019-12-30T12:03-05:00[America/New_York], close price: 291.200000, open price: 290.750000, low price: 290.743700, high price: 291.200000, volume: 180746.000000}
{end time: 2019-12-30T12:04-05:00[America/New_York], close price: 291.326300, open price: 291.199900, low price: 291.199900, high price: 291.450000, volume: 189414.000000}
{end time: 2019-12-30T12:05-05:00[America/New_York], close price: 291.220000, open price: 291.326900, low price: 291.060000, high price: 291.380000, volume: 116058.000000}
{end time: 2019-12-30T12:06-05:00[America/New_York], close price: 291.401700, open price: 291.204100, low price: 291.180000, high price: 291.500000, volume: 189749.000000}
{end time: 2019-12-30T12:07-05:00[America/New_York], close price: 291.640000, open price: 291.420000, low price: 291.330000, high price: 291.640000, volume: 152495.000000}
{end time: 2019-12-30T12:08-05:00[America/New_York], close price: 291.575000, open price: 291.620000, low price: 291.554500, high price: 291.790000, volume: 121835.000000}
{end time: 2019-12-30T12:09-05:00[America/New_York], close price: 291.480000, open price: 291.575400, low price: 291.376000, high price: 291.600000, volume: 142466.000000}
{end time: 2019-12-30T12:10-05:00[America/New_York], close price: 291.410000, open price: 291.485000, low price: 291.400000, high price: 291.500000, volume: 66909.000000}
{end time: 2019-12-30T12:11-05:00[America/New_York], close price: 291.590100, open price: 291.425100, low price: 291.420000, high price: 291.610000, volume: 72177.000000}
{end time: 2019-12-30T12:12-05:00[America/New_York], close price: 291.452400, open price: 291.610000, low price: 291.360000, high price: 291.610000, volume: 85508.000000}
{end time: 2019-12-30T12:13-05:00[America/New_York], close price: 291.260000, open price: 291.457600, low price: 291.260000, high price: 291.490000, volume: 89230.000000}
{end time: 2019-12-30T12:14-05:00[America/New_York], close price: 291.439900, open price: 291.264500, low price: 291.220000, high price: 291.440000, volume: 60719.000000}
{end time: 2019-12-30T12:15-05:00[America/New_York], close price: 291.746900, open price: 291.440000, low price: 291.350100, high price: 291.860000, volume: 176794.000000}
{end time: 2019-12-30T12:16-05:00[America/New_York], close price: 291.570000, open price: 291.749000, low price: 291.560000, high price: 291.750000, volume: 128479.000000}
{end time: 2019-12-30T12:17-05:00[America/New_York], close price: 291.450000, open price: 291.540000, low price: 291.420100, high price: 291.570000, volume: 87749.000000}
{end time: 2019-12-30T12:18-05:00[America/New_York], close price: 291.180000, open price: 291.450000, low price: 291.147100, high price: 291.460000, volume: 117791.000000}
{end time: 2019-12-30T12:19-05:00[America/New_York], close price: 291.040000, open price: 291.180000, low price: 291.030000, high price: 291.289900, volume: 79541.000000}
{end time: 2019-12-30T12:20-05:00[America/New_York], close price: 290.956700, open price: 291.047300, low price: 290.930000, high price: 291.090000, volume: 115651.000000}
{end time: 2019-12-30T12:21-05:00[America/New_York], close price: 291.029900, open price: 290.980000, low price: 290.900000, high price: 291.050000, volume: 77531.000000}
{end time: 2019-12-30T12:22-05:00[America/New_York], close price: 291.040000, open price: 291.015000, low price: 290.950000, high price: 291.170000, volume: 68239.000000}
{end time: 2019-12-30T12:23-05:00[America/New_York], close price: 291.100000, open price: 291.031600, low price: 291.031600, high price: 291.130000, volume: 55007.000000}
{end time: 2019-12-30T12:24-05:00[America/New_York], close price: 291.209200, open price: 291.110000, low price: 291.072200, high price: 291.210000, volume: 42921.000000}
{end time: 2019-12-30T12:25-05:00[America/New_York], close price: 291.290000, open price: 291.220000, low price: 291.200000, high price: 291.370000, volume: 65849.000000}
{end time: 2019-12-30T12:26-05:00[America/New_York], close price: 291.396800, open price: 291.270000, low price: 291.270000, high price: 291.496800, volume: 85159.000000}
{end time: 2019-12-30T12:27-05:00[America/New_York], close price: 291.210000, open price: 291.410000, low price: 291.170700, high price: 291.420000, volume: 55041.000000}
{end time: 2019-12-30T12:28-05:00[America/New_York], close price: 291.120000, open price: 291.218300, low price: 291.080000, high price: 291.296000, volume: 72594.000000}
{end time: 2019-12-30T12:29-05:00[America/New_York], close price: 291.125400, open price: 291.133500, low price: 291.100100, high price: 291.219900, volume: 37568.000000}
{end time: 2019-12-30T12:30-05:00[America/New_York], close price: 291.350000, open price: 291.123600, low price: 291.123600, high price: 291.370000, volume: 54308.000000}
{end time: 2019-12-30T12:31-05:00[America/New_York], close price: 291.400100, open price: 291.330000, low price: 291.320200, high price: 291.500000, volume: 69946.000000}
{end time: 2019-12-30T12:32-05:00[America/New_York], close price: 291.596000, open price: 291.430000, low price: 291.381100, high price: 291.619900, volume: 80797.000000}
{end time: 2019-12-30T12:33-05:00[America/New_York], close price: 291.390000, open price: 291.615100, low price: 291.360000, high price: 291.640000, volume: 57171.000000}
{end time: 2019-12-30T12:34-05:00[America/New_York], close price: 291.470000, open price: 291.380000, low price: 291.350000, high price: 291.470000, volume: 31504.000000}
{end time: 2019-12-30T12:35-05:00[America/New_York], close price: 291.440000, open price: 291.472500, low price: 291.420000, high price: 291.530000, volume: 38081.000000}
{end time: 2019-12-30T12:36-05:00[America/New_York], close price: 291.629900, open price: 291.448900, low price: 291.448900, high price: 291.644000, volume: 42344.000000}
{end time: 2019-12-30T12:37-05:00[America/New_York], close price: 291.500000, open price: 291.645700, low price: 291.499700, high price: 291.710000, volume: 69847.000000}
{end time: 2019-12-30T12:38-05:00[America/New_York], close price: 291.470000, open price: 291.510000, low price: 291.320000, high price: 291.530000, volume: 57421.000000}
{end time: 2019-12-30T12:39-05:00[America/New_York], close price: 291.480000, open price: 291.467600, low price: 291.467600, high price: 291.559900, volume: 34965.000000}
{end time: 2019-12-30T12:40-05:00[America/New_York], close price: 291.420000, open price: 291.485000, low price: 291.350000, high price: 291.560000, volume: 48114.000000}
{end time: 2019-12-30T12:41-05:00[America/New_York], close price: 291.370000, open price: 291.424100, low price: 291.300000, high price: 291.490000, volume: 42848.000000}
{end time: 2019-12-30T12:42-05:00[America/New_York], close price: 291.430000, open price: 291.330000, low price: 291.330000, high price: 291.477000, volume: 42214.000000}
{end time: 2019-12-30T12:43-05:00[America/New_York], close price: 291.622500, open price: 291.450000, low price: 291.441300, high price: 291.700000, volume: 61232.000000}
{end time: 2019-12-30T12:44-05:00[America/New_York], close price: 291.530000, open price: 291.630100, low price: 291.450000, high price: 291.650000, volume: 42413.000000}
{end time: 2019-12-30T12:45-05:00[America/New_York], close price: 291.725900, open price: 291.540000, low price: 291.540000, high price: 291.750000, volume: 59619.000000}
{end time: 2019-12-30T12:46-05:00[America/New_York], close price: 291.794600, open price: 291.711900, low price: 291.707900, high price: 291.850000, volume: 82644.000000}
{end time: 2019-12-30T12:47-05:00[America/New_York], close price: 291.680100, open price: 291.800000, low price: 291.640000, high price: 291.820000, volume: 43937.000000}
{end time: 2019-12-30T12:48-05:00[America/New_York], close price: 291.392200, open price: 291.685000, low price: 291.388500, high price: 291.690000, volume: 82064.000000}
{end time: 2019-12-30T12:49-05:00[America/New_York], close price: 291.439300, open price: 291.400000, low price: 291.289500, high price: 291.560900, volume: 66866.000000}
{end time: 2019-12-30T12:50-05:00[America/New_York], close price: 291.599800, open price: 291.450000, low price: 291.441000, high price: 291.644300, volume: 69601.000000}
{end time: 2019-12-30T12:51-05:00[America/New_York], close price: 291.604700, open price: 291.610000, low price: 291.510000, high price: 291.675000, volume: 71844.000000}
{end time: 2019-12-30T12:52-05:00[America/New_York], close price: 291.660000, open price: 291.603500, low price: 291.540000, high price: 291.700000, volume: 50523.000000}
{end time: 2019-12-30T12:53-05:00[America/New_York], close price: 291.653100, open price: 291.661500, low price: 291.574000, high price: 291.740000, volume: 41596.000000}
{end time: 2019-12-30T12:54-05:00[America/New_York], close price: 291.681900, open price: 291.690000, low price: 291.570000, high price: 291.780000, volume: 59139.000000}
{end time: 2019-12-30T12:55-05:00[America/New_York], close price: 291.800000, open price: 291.710000, low price: 291.710000, high price: 291.890000, volume: 101322.000000}
{end time: 2019-12-30T12:56-05:00[America/New_York], close price: 291.390000, open price: 291.794000, low price: 291.360000, high price: 291.800000, volume: 92228.000000}
{end time: 2019-12-30T12:57-05:00[America/New_York], close price: 291.519200, open price: 291.370100, low price: 291.360000, high price: 291.560000, volume: 52631.000000}
{end time: 2019-12-30T12:58-05:00[America/New_York], close price: 291.584800, open price: 291.510000, low price: 291.510000, high price: 291.675000, volume: 63214.000000}
{end time: 2019-12-30T12:59-05:00[America/New_York], close price: 291.480100, open price: 291.570100, low price: 291.480100, high price: 291.640000, volume: 33296.000000}
{end time: 2019-12-30T13:00-05:00[America/New_York], close price: 291.620000, open price: 291.480000, low price: 291.462300, high price: 291.680000, volume: 39453.000000}
{end time: 2019-12-30T13:01-05:00[America/New_York], close price: 291.670000, open price: 291.606600, low price: 291.570000, high price: 291.750000, volume: 48175.000000}
{end time: 2019-12-30T13:02-05:00[America/New_York], close price: 291.652000, open price: 291.662600, low price: 291.600000, high price: 291.740000, volume: 40655.000000}
{end time: 2019-12-30T13:03-05:00[America/New_York], close price: 291.550000, open price: 291.660000, low price: 291.530000, high price: 291.690000, volume: 31658.000000}
{end time: 2019-12-30T13:04-05:00[America/New_York], close price: 291.314200, open price: 291.550700, low price: 291.300000, high price: 291.559900, volume: 54759.000000}
{end time: 2019-12-30T13:05-05:00[America/New_York], close price: 291.490000, open price: 291.340000, low price: 291.340000, high price: 291.495000, volume: 32922.000000}
{end time: 2019-12-30T13:06-05:00[America/New_York], close price: 291.358600, open price: 291.500000, low price: 291.230000, high price: 291.562400, volume: 63749.000000}
{end time: 2019-12-30T13:07-05:00[America/New_York], close price: 291.237800, open price: 291.350000, low price: 291.216100, high price: 291.370000, volume: 42077.000000}
{end time: 2019-12-30T13:08-05:00[America/New_York], close price: 291.155000, open price: 291.230000, low price: 291.150000, high price: 291.288700, volume: 54103.000000}
{end time: 2019-12-30T13:09-05:00[America/New_York], close price: 291.030000, open price: 291.150000, low price: 291.000000, high price: 291.190000, volume: 106838.000000}
{end time: 2019-12-30T13:10-05:00[America/New_York], close price: 291.160000, open price: 291.050000, low price: 290.960000, high price: 291.160000, volume: 51645.000000}
{end time: 2019-12-30T13:11-05:00[America/New_York], close price: 291.248000, open price: 291.160000, low price: 291.130000, high price: 291.270000, volume: 44010.000000}
{end time: 2019-12-30T13:12-05:00[America/New_York], close price: 291.260000, open price: 291.230000, low price: 291.186000, high price: 291.300000, volume: 37828.000000}
{end time: 2019-12-30T13:13-05:00[America/New_York], close price: 291.315000, open price: 291.280000, low price: 291.240000, high price: 291.327800, volume: 34299.000000}
{end time: 2019-12-30T13:14-05:00[America/New_York], close price: 291.280000, open price: 291.300000, low price: 291.190000, high price: 291.319900, volume: 37639.000000}
{end time: 2019-12-30T13:15-05:00[America/New_York], close price: 291.420000, open price: 291.270000, low price: 291.260000, high price: 291.480000, volume: 47515.000000}
{end time: 2019-12-30T13:16-05:00[America/New_York], close price: 291.580000, open price: 291.409700, low price: 291.406000, high price: 291.580000, volume: 41122.000000}
{end time: 2019-12-30T13:17-05:00[America/New_York], close price: 291.500000, open price: 291.574500, low price: 291.450000, high price: 291.579100, volume: 33567.000000}
{end time: 2019-12-30T13:18-05:00[America/New_York], close price: 291.370000, open price: 291.497000, low price: 291.331500, high price: 291.520000, volume: 39878.000000}
{end time: 2019-12-30T13:19-05:00[America/New_York], close price: 291.327500, open price: 291.360100, low price: 291.277500, high price: 291.427900, volume: 22553.000000}
{end time: 2019-12-30T13:20-05:00[America/New_York], close price: 291.255100, open price: 291.310100, low price: 291.255100, high price: 291.369900, volume: 25281.000000}
{end time: 2019-12-30T13:21-05:00[America/New_York], close price: 291.330000, open price: 291.263600, low price: 291.260000, high price: 291.400000, volume: 22306.000000}
{end time: 2019-12-30T13:22-05:00[America/New_York], close price: 291.430000, open price: 291.339200, low price: 291.310000, high price: 291.473300, volume: 35355.000000}
{end time: 2019-12-30T13:23-05:00[America/New_York], close price: 291.441600, open price: 291.450900, low price: 291.430800, high price: 291.610000, volume: 48275.000000}
{end time: 2019-12-30T13:24-05:00[America/New_York], close price: 291.450000, open price: 291.454000, low price: 291.390000, high price: 291.530000, volume: 25395.000000}
{end time: 2019-12-30T13:25-05:00[America/New_York], close price: 291.530000, open price: 291.485700, low price: 291.450800, high price: 291.580000, volume: 45547.000000}
{end time: 2019-12-30T13:26-05:00[America/New_York], close price: 291.710100, open price: 291.533500, low price: 291.533500, high price: 291.740000, volume: 104878.000000}
{end time: 2019-12-30T13:27-05:00[America/New_York], close price: 291.781800, open price: 291.710000, low price: 291.697000, high price: 291.870000, volume: 71808.000000}
{end time: 2019-12-30T13:28-05:00[America/New_York], close price: 291.660000, open price: 291.798000, low price: 291.610000, high price: 291.800000, volume: 45227.000000}
{end time: 2019-12-30T13:29-05:00[America/New_York], close price: 291.617000, open price: 291.680000, low price: 291.570000, high price: 291.800000, volume: 47778.000000}
{end time: 2019-12-30T13:30-05:00[America/New_York], close price: 291.640000, open price: 291.640000, low price: 291.490000, high price: 291.710000, volume: 48112.000000}
{end time: 2019-12-30T13:31-05:00[America/New_York], close price: 291.750000, open price: 291.640000, low price: 291.630000, high price: 291.840000, volume: 57262.000000}
{end time: 2019-12-30T13:32-05:00[America/New_York], close price: 291.748300, open price: 291.765000, low price: 291.690000, high price: 291.799900, volume: 47794.000000}
{end time: 2019-12-30T13:33-05:00[America/New_York], close price: 291.690600, open price: 291.750000, low price: 291.666000, high price: 291.775300, volume: 39886.000000}
{end time: 2019-12-30T13:34-05:00[America/New_York], close price: 291.690000, open price: 291.686000, low price: 291.660000, high price: 291.760000, volume: 32211.000000}
{end time: 2019-12-30T13:35-05:00[America/New_York], close price: 291.755000, open price: 291.695000, low price: 291.680000, high price: 291.790000, volume: 38419.000000}
{end time: 2019-12-30T13:36-05:00[America/New_York], close price: 291.927000, open price: 291.762300, low price: 291.740000, high price: 291.960000, volume: 90382.000000}
{end time: 2019-12-30T13:37-05:00[America/New_York], close price: 292.100000, open price: 291.940000, low price: 291.937500, high price: 292.140000, volume: 186332.000000}
{end time: 2019-12-30T13:38-05:00[America/New_York], close price: 292.170000, open price: 292.096300, low price: 292.060000, high price: 292.300000, volume: 137629.000000}
{end time: 2019-12-30T13:39-05:00[America/New_York], close price: 292.330000, open price: 292.170000, low price: 292.130000, high price: 292.380000, volume: 107262.000000}
{end time: 2019-12-30T13:40-05:00[America/New_York], close price: 292.213900, open price: 292.330000, low price: 292.203300, high price: 292.420000, volume: 119243.000000}
{end time: 2019-12-30T13:41-05:00[America/New_York], close price: 292.230000, open price: 292.203000, low price: 292.140000, high price: 292.360000, volume: 74337.000000}
{end time: 2019-12-30T13:42-05:00[America/New_York], close price: 292.215000, open price: 292.249800, low price: 292.200000, high price: 292.320000, volume: 41823.000000}
{end time: 2019-12-30T13:43-05:00[America/New_York], close price: 292.330000, open price: 292.221000, low price: 292.180000, high price: 292.339900, volume: 47867.000000}
{end time: 2019-12-30T13:44-05:00[America/New_York], close price: 292.453300, open price: 292.339900, low price: 292.330100, high price: 292.490000, volume: 106172.000000}
{end time: 2019-12-30T13:45-05:00[America/New_York], close price: 292.454500, open price: 292.440000, low price: 292.413300, high price: 292.490000, volume: 53794.000000}
{end time: 2019-12-30T13:46-05:00[America/New_York], close price: 292.340000, open price: 292.460000, low price: 292.310000, high price: 292.520000, volume: 89846.000000}
{end time: 2019-12-30T13:47-05:00[America/New_York], close price: 292.267500, open price: 292.370000, low price: 292.160000, high price: 292.370000, volume: 69033.000000}
{end time: 2019-12-30T13:48-05:00[America/New_York], close price: 292.090000, open price: 292.259200, low price: 292.060000, high price: 292.269700, volume: 59295.000000}
{end time: 2019-12-30T13:49-05:00[America/New_York], close price: 292.120000, open price: 292.097500, low price: 292.060000, high price: 292.230000, volume: 72367.000000}
{end time: 2019-12-30T13:50-05:00[America/New_York], close price: 292.315000, open price: 292.139800, low price: 292.139800, high price: 292.370000, volume: 61729.000000}
{end time: 2019-12-30T13:51-05:00[America/New_York], close price: 292.373000, open price: 292.339900, low price: 292.300000, high price: 292.490000, volume: 57876.000000}
{end time: 2019-12-30T13:52-05:00[America/New_York], close price: 292.440000, open price: 292.381700, low price: 292.360000, high price: 292.490000, volume: 34618.000000}
{end time: 2019-12-30T13:53-05:00[America/New_York], close price: 292.210000, open price: 292.455000, low price: 292.190000, high price: 292.458900, volume: 49414.000000}
{end time: 2019-12-30T13:54-05:00[America/New_York], close price: 292.290000, open price: 292.200000, low price: 292.160000, high price: 292.290000, volume: 46517.000000}
{end time: 2019-12-30T13:55-05:00[America/New_York], close price: 292.410000, open price: 292.284000, low price: 292.284000, high price: 292.470000, volume: 62981.000000}
{end time: 2019-12-30T13:56-05:00[America/New_York], close price: 292.449900, open price: 292.380000, low price: 292.370000, high price: 292.600000, volume: 89594.000000}
{end time: 2019-12-30T13:57-05:00[America/New_York], close price: 292.616000, open price: 292.450000, low price: 292.450000, high price: 292.650000, volume: 88517.000000}
{end time: 2019-12-30T13:58-05:00[America/New_York], close price: 292.610000, open price: 292.600100, low price: 292.530100, high price: 292.690000, volume: 59288.000000}
{end time: 2019-12-30T13:59-05:00[America/New_York], close price: 292.625000, open price: 292.595000, low price: 292.510100, high price: 292.639900, volume: 42658.000000}
{end time: 2019-12-30T14:00-05:00[America/New_York], close price: 292.553200, open price: 292.600000, low price: 292.470000, high price: 292.616200, volume: 54960.000000}
{end time: 2019-12-30T14:01-05:00[America/New_York], close price: 292.360000, open price: 292.550000, low price: 292.310000, high price: 292.550000, volume: 77468.000000}
{end time: 2019-12-30T14:02-05:00[America/New_York], close price: 291.940200, open price: 292.360000, low price: 291.890000, high price: 292.378000, volume: 139958.000000}
{end time: 2019-12-30T14:03-05:00[America/New_York], close price: 292.078600, open price: 291.950000, low price: 291.920000, high price: 292.116200, volume: 93277.000000}
{end time: 2019-12-30T14:04-05:00[America/New_York], close price: 292.030500, open price: 292.096600, low price: 292.020300, high price: 292.250000, volume: 72376.000000}
{end time: 2019-12-30T14:05-05:00[America/New_York], close price: 291.900000, open price: 292.040000, low price: 291.840000, high price: 292.056800, volume: 100326.000000}
{end time: 2019-12-30T14:06-05:00[America/New_York], close price: 291.905200, open price: 291.895000, low price: 291.811200, high price: 291.965000, volume: 51527.000000}
{end time: 2019-12-30T14:07-05:00[America/New_York], close price: 292.055100, open price: 291.914900, low price: 291.880100, high price: 292.110000, volume: 68153.000000}
{end time: 2019-12-30T14:08-05:00[America/New_York], close price: 292.228800, open price: 292.049000, low price: 292.048500, high price: 292.390000, volume: 92693.000000}
{end time: 2019-12-30T14:09-05:00[America/New_York], close price: 292.142000, open price: 292.230000, low price: 292.090000, high price: 292.256000, volume: 62604.000000}
{end time: 2019-12-30T14:10-05:00[America/New_York], close price: 292.007900, open price: 292.160000, low price: 291.930000, high price: 292.200000, volume: 78063.000000}
{end time: 2019-12-30T14:11-05:00[America/New_York], close price: 292.010000, open price: 291.980000, low price: 291.894000, high price: 292.020000, volume: 35394.000000}
{end time: 2019-12-30T14:12-05:00[America/New_York], close price: 291.960000, open price: 291.989000, low price: 291.872700, high price: 292.000000, volume: 40124.000000}
{end time: 2019-12-30T14:13-05:00[America/New_York], close price: 291.959900, open price: 291.973800, low price: 291.860000, high price: 292.000000, volume: 39597.000000}
{end time: 2019-12-30T14:14-05:00[America/New_York], close price: 291.950000, open price: 291.960000, low price: 291.890000, high price: 291.969900, volume: 33348.000000}
{end time: 2019-12-30T14:15-05:00[America/New_York], close price: 291.950100, open price: 291.950000, low price: 291.940000, high price: 292.150000, volume: 51468.000000}
{end time: 2019-12-30T14:16-05:00[America/New_York], close price: 291.900000, open price: 291.955000, low price: 291.780000, high price: 291.980000, volume: 54831.000000}
{end time: 2019-12-30T14:17-05:00[America/New_York], close price: 291.940000, open price: 291.890000, low price: 291.890000, high price: 291.960000, volume: 31063.000000}
{end time: 2019-12-30T14:18-05:00[America/New_York], close price: 292.040000, open price: 291.940000, low price: 291.856000, high price: 292.040000, volume: 31576.000000}
{end time: 2019-12-30T14:19-05:00[America/New_York], close price: 292.140000, open price: 292.050000, low price: 292.010000, high price: 292.160000, volume: 59639.000000}
{end time: 2019-12-30T14:20-05:00[America/New_York], close price: 292.074500, open price: 292.139900, low price: 292.020000, high price: 292.140700, volume: 46153.000000}
{end time: 2019-12-30T14:21-05:00[America/New_York], close price: 291.970000, open price: 292.076500, low price: 291.945000, high price: 292.087400, volume: 35791.000000}
{end time: 2019-12-30T14:22-05:00[America/New_York], close price: 292.061100, open price: 291.965000, low price: 291.905000, high price: 292.090000, volume: 64063.000000}
{end time: 2019-12-30T14:23-05:00[America/New_York], close price: 292.091000, open price: 292.075000, low price: 292.060000, high price: 292.130000, volume: 45158.000000}
{end time: 2019-12-30T14:24-05:00[America/New_York], close price: 291.950100, open price: 292.100000, low price: 291.940000, high price: 292.100000, volume: 47484.000000}
{end time: 2019-12-30T14:25-05:00[America/New_York], close price: 291.980000, open price: 291.950000, low price: 291.850000, high price: 292.100000, volume: 62812.000000}
{end time: 2019-12-30T14:26-05:00[America/New_York], close price: 291.880000, open price: 291.981200, low price: 291.850000, high price: 292.000000, volume: 30449.000000}
{end time: 2019-12-30T14:27-05:00[America/New_York], close price: 291.700000, open price: 291.880100, low price: 291.640000, high price: 291.912700, volume: 98903.000000}
{end time: 2019-12-30T14:28-05:00[America/New_York], close price: 291.670000, open price: 291.710000, low price: 291.556000, high price: 291.735400, volume: 76931.000000}
{end time: 2019-12-30T14:29-05:00[America/New_York], close price: 291.709600, open price: 291.675000, low price: 291.590000, high price: 291.750000, volume: 57708.000000}
{end time: 2019-12-30T14:30-05:00[America/New_York], close price: 291.400000, open price: 291.690000, low price: 291.370200, high price: 291.690000, volume: 91824.000000}
{end time: 2019-12-30T14:31-05:00[America/New_York], close price: 291.320000, open price: 291.419700, low price: 291.310000, high price: 291.420000, volume: 62117.000000}
{end time: 2019-12-30T14:32-05:00[America/New_York], close price: 291.335000, open price: 291.310100, low price: 291.210000, high price: 291.350000, volume: 59166.000000}
{end time: 2019-12-30T14:33-05:00[America/New_York], close price: 291.430000, open price: 291.330000, low price: 291.260000, high price: 291.440000, volume: 56902.000000}
{end time: 2019-12-30T14:34-05:00[America/New_York], close price: 291.360000, open price: 291.410000, low price: 291.240000, high price: 291.430000, volume: 59661.000000}
{end time: 2019-12-30T14:35-05:00[America/New_York], close price: 291.470000, open price: 291.340000, low price: 291.330100, high price: 291.480000, volume: 58304.000000}
{end time: 2019-12-30T14:36-05:00[America/New_York], close price: 291.513900, open price: 291.477900, low price: 291.460000, high price: 291.580000, volume: 60005.000000}
{end time: 2019-12-30T14:37-05:00[America/New_York], close price: 291.090000, open price: 291.515000, low price: 291.090000, high price: 291.520000, volume: 89845.000000}
{end time: 2019-12-30T14:38-05:00[America/New_York], close price: 291.320000, open price: 291.110000, low price: 291.080000, high price: 291.360000, volume: 71381.000000}
{end time: 2019-12-30T14:39-05:00[America/New_York], close price: 291.430000, open price: 291.329900, low price: 291.303500, high price: 291.490000, volume: 47482.000000}
{end time: 2019-12-30T14:40-05:00[America/New_York], close price: 291.460000, open price: 291.430800, low price: 291.328500, high price: 291.470000, volume: 28711.000000}
{end time: 2019-12-30T14:41-05:00[America/New_York], close price: 291.578600, open price: 291.464000, low price: 291.460000, high price: 291.635600, volume: 57538.000000}
{end time: 2019-12-30T14:42-05:00[America/New_York], close price: 291.710000, open price: 291.586800, low price: 291.540000, high price: 291.715000, volume: 52923.000000}
{end time: 2019-12-30T14:43-05:00[America/New_York], close price: 291.730000, open price: 291.719900, low price: 291.670000, high price: 291.837000, volume: 59520.000000}
{end time: 2019-12-30T14:44-05:00[America/New_York], close price: 291.630000, open price: 291.728900, low price: 291.630000, high price: 291.737200, volume: 24269.000000}
{end time: 2019-12-30T14:45-05:00[America/New_York], close price: 291.455000, open price: 291.644200, low price: 291.450000, high price: 291.644200, volume: 41373.000000}
{end time: 2019-12-30T14:46-05:00[America/New_York], close price: 291.480800, open price: 291.460000, low price: 291.370000, high price: 291.480800, volume: 27157.000000}
{end time: 2019-12-30T14:47-05:00[America/New_York], close price: 291.530000, open price: 291.470000, low price: 291.430000, high price: 291.595800, volume: 46494.000000}
{end time: 2019-12-30T14:48-05:00[America/New_York], close price: 291.632100, open price: 291.533600, low price: 291.498400, high price: 291.660000, volume: 38235.000000}
{end time: 2019-12-30T14:49-05:00[America/New_York], close price: 291.680000, open price: 291.639900, low price: 291.639900, high price: 291.750000, volume: 32362.000000}
{end time: 2019-12-30T14:50-05:00[America/New_York], close price: 291.760000, open price: 291.660000, low price: 291.630200, high price: 291.780000, volume: 42284.000000}
{end time: 2019-12-30T14:51-05:00[America/New_York], close price: 291.685000, open price: 291.760800, low price: 291.660100, high price: 291.770000, volume: 22372.000000}
{end time: 2019-12-30T14:52-05:00[America/New_York], close price: 291.650000, open price: 291.700000, low price: 291.610000, high price: 291.720000, volume: 32011.000000}
{end time: 2019-12-30T14:53-05:00[America/New_York], close price: 291.430000, open price: 291.640000, low price: 291.380000, high price: 291.640000, volume: 40040.000000}
{end time: 2019-12-30T14:54-05:00[America/New_York], close price: 291.450000, open price: 291.458500, low price: 291.430000, high price: 291.560000, volume: 27580.000000}
{end time: 2019-12-30T14:55-05:00[America/New_York], close price: 291.590000, open price: 291.440000, low price: 291.420000, high price: 291.640000, volume: 43207.000000}
{end time: 2019-12-30T14:56-05:00[America/New_York], close price: 291.590200, open price: 291.580000, low price: 291.530000, high price: 291.590200, volume: 15887.000000}
{end time: 2019-12-30T14:57-05:00[America/New_York], close price: 291.583200, open price: 291.595000, low price: 291.580000, high price: 291.650000, volume: 120193.000000}
{end time: 2019-12-30T14:58-05:00[America/New_York], close price: 291.480000, open price: 291.590000, low price: 291.420100, high price: 291.590000, volume: 42698.000000}
{end time: 2019-12-30T14:59-05:00[America/New_York], close price: 291.290400, open price: 291.470000, low price: 291.260100, high price: 291.473000, volume: 59748.000000}
{end time: 2019-12-30T15:00-05:00[America/New_York], close price: 291.327200, open price: 291.290000, low price: 291.250100, high price: 291.401300, volume: 35660.000000}
{end time: 2019-12-30T15:01-05:00[America/New_York], close price: 291.316000, open price: 291.360000, low price: 291.260000, high price: 291.360000, volume: 30911.000000}
{end time: 2019-12-30T15:02-05:00[America/New_York], close price: 291.122000, open price: 291.329900, low price: 291.090000, high price: 291.330000, volume: 71744.000000}
{end time: 2019-12-30T15:03-05:00[America/New_York], close price: 291.220000, open price: 291.130000, low price: 291.123200, high price: 291.300000, volume: 47944.000000}
{end time: 2019-12-30T15:04-05:00[America/New_York], close price: 291.380000, open price: 291.220000, low price: 291.140000, high price: 291.390000, volume: 81012.000000}
{end time: 2019-12-30T15:05-05:00[America/New_York], close price: 291.490000, open price: 291.370000, low price: 291.290000, high price: 291.490000, volume: 49158.000000}
{end time: 2019-12-30T15:06-05:00[America/New_York], close price: 291.396800, open price: 291.480000, low price: 291.350100, high price: 291.500000, volume: 28592.000000}
{end time: 2019-12-30T15:07-05:00[America/New_York], close price: 291.400000, open price: 291.380000, low price: 291.300000, high price: 291.420000, volume: 35717.000000}
{end time: 2019-12-30T15:08-05:00[America/New_York], close price: 291.324000, open price: 291.400000, low price: 291.275000, high price: 291.400000, volume: 24368.000000}
{end time: 2019-12-30T15:09-05:00[America/New_York], close price: 291.180000, open price: 291.315000, low price: 291.160100, high price: 291.319400, volume: 44555.000000}
{end time: 2019-12-30T15:10-05:00[America/New_York], close price: 291.253300, open price: 291.170100, low price: 291.100000, high price: 291.319900, volume: 68449.000000}
{end time: 2019-12-30T15:11-05:00[America/New_York], close price: 291.280000, open price: 291.260000, low price: 291.190000, high price: 291.290000, volume: 49911.000000}
{end time: 2019-12-30T15:12-05:00[America/New_York], close price: 291.310000, open price: 291.258800, low price: 291.214000, high price: 291.360000, volume: 45937.000000}
{end time: 2019-12-30T15:13-05:00[America/New_York], close price: 291.290000, open price: 291.310000, low price: 291.260000, high price: 291.350000, volume: 23890.000000}
{end time: 2019-12-30T15:14-05:00[America/New_York], close price: 291.249900, open price: 291.280000, low price: 291.220000, high price: 291.320000, volume: 38488.000000}
{end time: 2019-12-30T15:15-05:00[America/New_York], close price: 291.360000, open price: 291.235000, low price: 291.210000, high price: 291.379300, volume: 38210.000000}
{end time: 2019-12-30T15:16-05:00[America/New_York], close price: 291.480000, open price: 291.377400, low price: 291.350000, high price: 291.539900, volume: 74019.000000}
{end time: 2019-12-30T15:17-05:00[America/New_York], close price: 291.480000, open price: 291.480000, low price: 291.370000, high price: 291.511300, volume: 45066.000000}
{end time: 2019-12-30T15:18-05:00[America/New_York], close price: 291.563200, open price: 291.472400, low price: 291.450000, high price: 291.600000, volume: 42526.000000}
{end time: 2019-12-30T15:19-05:00[America/New_York], close price: 291.525000, open price: 291.540000, low price: 291.470000, high price: 291.540000, volume: 38540.000000}
{end time: 2019-12-30T15:20-05:00[America/New_York], close price: 291.590000, open price: 291.510000, low price: 291.450100, high price: 291.690000, volume: 76935.000000}
{end time: 2019-12-30T15:21-05:00[America/New_York], close price: 291.844300, open price: 291.600000, low price: 291.590000, high price: 291.850000, volume: 70128.000000}
{end time: 2019-12-30T15:22-05:00[America/New_York], close price: 291.930000, open price: 291.839300, low price: 291.760300, high price: 291.950000, volume: 86069.000000}
{end time: 2019-12-30T15:23-05:00[America/New_York], close price: 291.790000, open price: 291.938400, low price: 291.680000, high price: 291.980000, volume: 100760.000000}
{end time: 2019-12-30T15:24-05:00[America/New_York], close price: 291.810000, open price: 291.781200, low price: 291.730000, high price: 291.890000, volume: 58959.000000}
{end time: 2019-12-30T15:25-05:00[America/New_York], close price: 291.861500, open price: 291.810000, low price: 291.780000, high price: 291.890000, volume: 32360.000000}
{end time: 2019-12-30T15:26-05:00[America/New_York], close price: 291.830000, open price: 291.862400, low price: 291.821000, high price: 291.960000, volume: 53749.000000}
{end time: 2019-12-30T15:27-05:00[America/New_York], close price: 291.920100, open price: 291.850000, low price: 291.798700, high price: 291.960000, volume: 35016.000000}
{end time: 2019-12-30T15:28-05:00[America/New_York], close price: 292.245000, open price: 291.935600, low price: 291.895000, high price: 292.270000, volume: 122515.000000}
{end time: 2019-12-30T15:29-05:00[America/New_York], close price: 292.270000, open price: 292.240000, low price: 292.070100, high price: 292.300000, volume: 122784.000000}
{end time: 2019-12-30T15:30-05:00[America/New_York], close price: 292.358800, open price: 292.260000, low price: 292.206800, high price: 292.390000, volume: 95636.000000}
{end time: 2019-12-30T15:31-05:00[America/New_York], close price: 292.378300, open price: 292.350000, low price: 292.310000, high price: 292.500000, volume: 101309.000000}
{end time: 2019-12-30T15:32-05:00[America/New_York], close price: 292.400000, open price: 292.370000, low price: 292.350000, high price: 292.450000, volume: 81054.000000}
{end time: 2019-12-30T15:33-05:00[America/New_York], close price: 292.240000, open price: 292.400000, low price: 292.240000, high price: 292.410000, volume: 100673.000000}
{end time: 2019-12-30T15:34-05:00[America/New_York], close price: 292.140000, open price: 292.230000, low price: 292.059000, high price: 292.230000, volume: 97461.000000}
{end time: 2019-12-30T15:35-05:00[America/New_York], close price: 292.390000, open price: 292.170000, low price: 292.161000, high price: 292.480000, volume: 120754.000000}
{end time: 2019-12-30T15:36-05:00[America/New_York], close price: 292.453400, open price: 292.380000, low price: 292.350000, high price: 292.490000, volume: 72156.000000}
{end time: 2019-12-30T15:37-05:00[America/New_York], close price: 292.378700, open price: 292.444500, low price: 292.363800, high price: 292.460000, volume: 50963.000000}
{end time: 2019-12-30T15:38-05:00[America/New_York], close price: 292.299900, open price: 292.379000, low price: 292.260000, high price: 292.380000, volume: 59182.000000}
{end time: 2019-12-30T15:39-05:00[America/New_York], close price: 292.370000, open price: 292.290000, low price: 292.220000, high price: 292.370000, volume: 58660.000000}
{end time: 2019-12-30T15:40-05:00[America/New_York], close price: 292.180000, open price: 292.361900, low price: 292.180000, high price: 292.394000, volume: 61578.000000}
{end time: 2019-12-30T15:41-05:00[America/New_York], close price: 292.190000, open price: 292.180100, low price: 292.140100, high price: 292.265700, volume: 58842.000000}
{end time: 2019-12-30T15:42-05:00[America/New_York], close price: 292.150000, open price: 292.220000, low price: 292.110000, high price: 292.246500, volume: 76978.000000}
{end time: 2019-12-30T15:43-05:00[America/New_York], close price: 292.051700, open price: 292.157800, low price: 292.000000, high price: 292.181900, volume: 63064.000000}
{end time: 2019-12-30T15:44-05:00[America/New_York], close price: 292.050000, open price: 292.052400, low price: 291.900000, high price: 292.111700, volume: 96142.000000}
{end time: 2019-12-30T15:45-05:00[America/New_York], close price: 292.051300, open price: 292.049500, low price: 292.010000, high price: 292.170000, volume: 82238.000000}
{end time: 2019-12-30T15:46-05:00[America/New_York], close price: 292.020000, open price: 292.040000, low price: 291.910000, high price: 292.050000, volume: 62335.000000}
{end time: 2019-12-30T15:47-05:00[America/New_York], close price: 291.940000, open price: 292.000000, low price: 291.840000, high price: 292.022400, volume: 62356.000000}
{end time: 2019-12-30T15:48-05:00[America/New_York], close price: 291.980000, open price: 291.959900, low price: 291.891700, high price: 292.010000, volume: 129108.000000}
{end time: 2019-12-30T15:49-05:00[America/New_York], close price: 292.089800, open price: 291.999900, low price: 291.970000, high price: 292.166000, volume: 97598.000000}
{end time: 2019-12-30T15:50-05:00[America/New_York], close price: 291.770000, open price: 292.070000, low price: 291.710000, high price: 292.070000, volume: 183969.000000}
{end time: 2019-12-30T15:51-05:00[America/New_York], close price: 291.665800, open price: 291.760000, low price: 291.640000, high price: 291.840000, volume: 116811.000000}
{end time: 2019-12-30T15:52-05:00[America/New_York], close price: 291.630000, open price: 291.680000, low price: 291.610000, high price: 291.788900, volume: 120200.000000}
{end time: 2019-12-30T15:53-05:00[America/New_York], close price: 291.680000, open price: 291.610000, low price: 291.570000, high price: 291.750000, volume: 76920.000000}
{end time: 2019-12-30T15:54-05:00[America/New_York], close price: 291.619900, open price: 291.680000, low price: 291.600000, high price: 291.830000, volume: 138539.000000}
{end time: 2019-12-30T15:55-05:00[America/New_York], close price: 291.440000, open price: 291.600000, low price: 291.420000, high price: 291.600000, volume: 146707.000000}
{end time: 2019-12-30T15:56-05:00[America/New_York], close price: 291.470000, open price: 291.430000, low price: 291.320000, high price: 291.628900, volume: 138117.000000}
{end time: 2019-12-30T15:57-05:00[America/New_York], close price: 291.447700, open price: 291.470000, low price: 291.430000, high price: 291.580000, volume: 97920.000000}
{end time: 2019-12-30T15:58-05:00[America/New_York], close price: 291.380000, open price: 291.450000, low price: 291.372700, high price: 291.570000, volume: 168005.000000}
{end time: 2019-12-30T15:59-05:00[America/New_York], close price: 291.647000, open price: 291.370000, low price: 291.260000, high price: 291.800000, volume: 338886.000000}
{end time: 2019-12-30T16:00-05:00[America/New_York], close price: 291.610000, open price: 291.520000, low price: 291.520000, high price: 291.700000, volume: 285833.000000}
{end time: 2019-12-30T16:01-05:00[America/New_York], close price: 291.570000, open price: 291.690000, low price: 291.570000, high price: 291.690000, volume: 5775.000000}
{end time: 2019-12-30T16:02-05:00[America/New_York], close price: 291.600000, open price: 291.560000, low price: 291.560000, high price: 291.600000, volume: 2130.000000}
{end time: 2019-12-30T16:03-05:00[America/New_York], close price: 291.600000, open price: 291.500000, low price: 291.500000, high price: 291.600000, volume: 11466.000000}
{end time: 2019-12-30T16:04-05:00[America/New_York], close price: 291.550000, open price: 291.550000, low price: 291.550000, high price: 291.550000, volume: 225.000000}
{end time: 2019-12-30T16:05-05:00[America/New_York], close price: 291.520000, open price: 291.500000, low price: 291.500000, high price: 291.520000, volume: 1665.000000}
{end time: 2019-12-30T16:06-05:00[America/New_York], close price: 291.550000, open price: 291.540000, low price: 291.540000, high price: 291.550000, volume: 1608.000000}
{end time: 2019-12-30T16:07-05:00[America/New_York], close price: 291.520000, open price: 291.520000, low price: 291.520000, high price: 291.520000, volume: 2987.000000}
{end time: 2019-12-30T16:08-05:00[America/New_York], close price: 291.520000, open price: 291.520000, low price: 291.500000, high price: 291.520000, volume: 17224.000000}
{end time: 2019-12-30T16:09-05:00[America/New_York], close price: 291.510000, open price: 291.520000, low price: 291.510000, high price: 291.520000, volume: 1406.000000}
{end time: 2019-12-30T16:10-05:00[America/New_York], close price: 291.500000, open price: 291.520000, low price: 291.500000, high price: 291.520000, volume: 2380.000000}
{end time: 2019-12-30T16:11-05:00[America/New_York], close price: 291.520000, open price: 291.520000, low price: 291.500000, high price: 291.520000, volume: 1995.000000}
{end time: 2019-12-30T16:13-05:00[America/New_York], close price: 291.520000, open price: 291.520000, low price: 291.520000, high price: 291.520000, volume: 763.000000}
{end time: 2019-12-30T16:14-05:00[America/New_York], close price: 291.500000, open price: 291.520000, low price: 291.500000, high price: 291.520000, volume: 1448.000000}
{end time: 2019-12-30T16:15-05:00[America/New_York], close price: 291.520000, open price: 291.500000, low price: 291.450000, high price: 291.520000, volume: 2956.000000}
{end time: 2019-12-30T16:16-05:00[America/New_York], close price: 291.450000, open price: 291.462300, low price: 291.450000, high price: 291.500000, volume: 902.000000}
{end time: 2019-12-30T16:17-05:00[America/New_York], close price: 291.450000, open price: 291.420000, low price: 291.420000, high price: 291.450000, volume: 834.000000}
{end time: 2019-12-30T16:18-05:00[America/New_York], close price: 291.500000, open price: 291.499900, low price: 291.499900, high price: 291.500000, volume: 281.000000}
{end time: 2019-12-30T16:19-05:00[America/New_York], close price: 291.410000, open price: 291.490000, low price: 291.410000, high price: 291.520000, volume: 4071.000000}
{end time: 2019-12-30T16:23-05:00[America/New_York], close price: 291.390000, open price: 291.330000, low price: 291.090000, high price: 291.400000, volume: 4155.000000}
{end time: 2019-12-30T16:24-05:00[America/New_York], close price: 291.460000, open price: 291.460000, low price: 291.460000, high price: 291.460000, volume: 213.000000}
{end time: 2019-12-30T16:25-05:00[America/New_York], close price: 291.400000, open price: 291.150000, low price: 291.150000, high price: 291.450000, volume: 1514.000000}
{end time: 2019-12-30T16:27-05:00[America/New_York], close price: 291.410200, open price: 291.420000, low price: 291.410000, high price: 291.420000, volume: 1219.000000}
{end time: 2019-12-30T16:29-05:00[America/New_York], close price: 291.460000, open price: 291.460000, low price: 291.460000, high price: 291.460000, volume: 140.000000}
{end time: 2019-12-30T16:30-05:00[America/New_York], close price: 291.450000, open price: 291.450000, low price: 291.450000, high price: 291.450000, volume: 2051.000000}
{end time: 2019-12-30T16:33-05:00[America/New_York], close price: 291.320000, open price: 291.320000, low price: 291.320000, high price: 291.520000, volume: 183339.000000}
{end time: 2019-12-30T16:34-05:00[America/New_York], close price: 291.450000, open price: 291.450000, low price: 291.450000, high price: 291.450000, volume: 526.000000}
{end time: 2019-12-30T16:35-05:00[America/New_York], close price: 291.270000, open price: 291.270000, low price: 291.270000, high price: 291.270000, volume: 276.000000}
{end time: 2019-12-30T16:36-05:00[America/New_York], close price: 291.400000, open price: 291.400000, low price: 291.400000, high price: 291.400000, volume: 662.000000}
{end time: 2019-12-30T16:39-05:00[America/New_York], close price: 291.440000, open price: 291.440000, low price: 291.440000, high price: 291.440000, volume: 301.000000}
{end time: 2019-12-30T16:40-05:00[America/New_York], close price: 291.420000, open price: 291.440000, low price: 291.420000, high price: 291.450000, volume: 1402.000000}
{end time: 2019-12-30T16:43-05:00[America/New_York], close price: 291.400000, open price: 291.400000, low price: 291.400000, high price: 291.400000, volume: 161.000000}
{end time: 2019-12-30T16:44-05:00[America/New_York], close price: 291.420000, open price: 291.420000, low price: 291.420000, high price: 291.420000, volume: 959.000000}
{end time: 2019-12-30T16:47-05:00[America/New_York], close price: 291.440000, open price: 291.440000, low price: 291.440000, high price: 291.440000, volume: 1481.000000}
{end time: 2019-12-30T16:48-05:00[America/New_York], close price: 291.470000, open price: 291.520000, low price: 291.470000, high price: 291.520000, volume: 3952.000000}
{end time: 2019-12-30T16:52-05:00[America/New_York], close price: 291.420200, open price: 291.420200, low price: 291.420200, high price: 291.420200, volume: 177.000000}
{end time: 2019-12-30T16:53-05:00[America/New_York], close price: 291.420200, open price: 291.440000, low price: 291.420200, high price: 291.440000, volume: 587.000000}
{end time: 2019-12-30T16:54-05:00[America/New_York], close price: 291.370000, open price: 291.420000, low price: 291.370000, high price: 291.420000, volume: 483.000000}
{end time: 2019-12-30T16:58-05:00[America/New_York], close price: 291.330000, open price: 291.330000, low price: 291.330000, high price: 291.330000, volume: 247.000000}
{end time: 2019-12-30T17:00-05:00[America/New_York], close price: 291.420000, open price: 291.420000, low price: 291.420000, high price: 291.420000, volume: 122.000000}
{end time: 2019-12-30T17:03-05:00[America/New_York], close price: 291.400000, open price: 291.400000, low price: 291.400000, high price: 291.400000, volume: 360.000000}
{end time: 2019-12-30T17:05-05:00[America/New_York], close price: 291.370000, open price: 291.370000, low price: 291.370000, high price: 291.370000, volume: 275.000000}
{end time: 2019-12-30T17:06-05:00[America/New_York], close price: 291.420000, open price: 291.420000, low price: 291.420000, high price: 291.420000, volume: 802.000000}
{end time: 2019-12-30T17:07-05:00[America/New_York], close price: 291.370000, open price: 291.400000, low price: 291.370000, high price: 291.400000, volume: 661.000000}
{end time: 2019-12-30T17:08-05:00[America/New_York], close price: 291.370000, open price: 291.370000, low price: 291.370000, high price: 291.370000, volume: 452.000000}
{end time: 2019-12-30T17:11-05:00[America/New_York], close price: 291.370000, open price: 291.440000, low price: 291.370000, high price: 291.440000, volume: 275.000000}
{end time: 2019-12-30T17:19-05:00[America/New_York], close price: 291.350000, open price: 291.370000, low price: 291.350000, high price: 291.370000, volume: 792.000000}
{end time: 2019-12-30T17:21-05:00[America/New_York], close price: 291.370000, open price: 291.340000, low price: 291.340000, high price: 291.370000, volume: 2217.000000}
{end time: 2019-12-30T17:22-05:00[America/New_York], close price: 291.350000, open price: 291.350000, low price: 291.350000, high price: 291.350000, volume: 431.000000}
{end time: 2019-12-30T17:27-05:00[America/New_York], close price: 291.440000, open price: 291.440000, low price: 291.440000, high price: 291.440000, volume: 511.000000}
{end time: 2019-12-30T17:32-05:00[America/New_York], close price: 291.450000, open price: 291.450000, low price: 291.450000, high price: 291.450000, volume: 167.000000}
{end time: 2019-12-30T17:33-05:00[America/New_York], close price: 291.450000, open price: 291.450000, low price: 291.450000, high price: 291.450000, volume: 1150.000000}
{end time: 2019-12-30T17:36-05:00[America/New_York], close price: 291.400000, open price: 291.400000, low price: 291.400000, high price: 291.400000, volume: 1012.000000}
{end time: 2019-12-30T17:38-05:00[America/New_York], close price: 291.400000, open price: 291.400000, low price: 291.400000, high price: 291.400000, volume: 501.000000}
{end time: 2019-12-30T17:45-05:00[America/New_York], close price: 291.460000, open price: 291.460000, low price: 291.460000, high price: 291.460000, volume: 238.000000}
{end time: 2019-12-30T17:49-05:00[America/New_York], close price: 291.460000, open price: 291.460000, low price: 291.460000, high price: 291.460000, volume: 705.000000}
{end time: 2019-12-30T17:52-05:00[America/New_York], close price: 291.430000, open price: 291.430000, low price: 291.430000, high price: 291.430000, volume: 150.000000}
{end time: 2019-12-30T18:00-05:00[America/New_York], close price: 291.420000, open price: 291.420000, low price: 291.420000, high price: 291.420000, volume: 100.000000}
{end time: 2019-12-30T18:05-05:00[America/New_York], close price: 291.430000, open price: 291.430000, low price: 291.430000, high price: 291.430000, volume: 302.000000}
{end time: 2019-12-30T18:07-05:00[America/New_York], close price: 291.490000, open price: 291.470000, low price: 291.470000, high price: 291.490000, volume: 2785.000000}
{end time: 2019-12-30T18:09-05:00[America/New_York], close price: 291.500000, open price: 291.500000, low price: 291.500000, high price: 291.500000, volume: 250.000000}
{end time: 2019-12-30T18:18-05:00[America/New_York], close price: 291.430000, open price: 291.430000, low price: 291.430000, high price: 291.430000, volume: 100.000000}
{end time: 2019-12-30T18:20-05:00[America/New_York], close price: 291.410000, open price: 291.410000, low price: 291.410000, high price: 291.410000, volume: 198.000000}
{end time: 2019-12-30T18:22-05:00[America/New_York], close price: 291.490000, open price: 291.490000, low price: 291.490000, high price: 291.490000, volume: 345.000000}
{end time: 2019-12-30T18:23-05:00[America/New_York], close price: 291.490000, open price: 291.490000, low price: 291.490000, high price: 291.490000, volume: 310.000000}
{end time: 2019-12-30T18:24-05:00[America/New_York], close price: 291.480000, open price: 291.450000, low price: 291.450000, high price: 291.480000, volume: 325.000000}
{end time: 2019-12-30T18:27-05:00[America/New_York], close price: 291.480000, open price: 291.480000, low price: 291.480000, high price: 291.480000, volume: 100.000000}
{end time: 2019-12-30T18:28-05:00[America/New_York], close price: 291.480000, open price: 291.480000, low price: 291.480000, high price: 291.480000, volume: 100.000000}
{end time: 2019-12-30T18:29-05:00[America/New_York], close price: 291.480000, open price: 291.480000, low price: 291.480000, high price: 291.480000, volume: 225.000000}
{end time: 2019-12-30T18:33-05:00[America/New_York], close price: 291.420000, open price: 291.420000, low price: 291.420000, high price: 291.420000, volume: 100.000000}
{end time: 2019-12-30T18:34-05:00[America/New_York], close price: 291.430000, open price: 291.430000, low price: 291.430000, high price: 291.430000, volume: 200.000000}
{end time: 2019-12-30T18:35-05:00[America/New_York], close price: 291.450000, open price: 291.450000, low price: 291.450000, high price: 291.450000, volume: 100.000000}
{end time: 2019-12-30T18:36-05:00[America/New_York], close price: 291.440000, open price: 291.440000, low price: 291.440000, high price: 291.440000, volume: 125.000000}
{end time: 2019-12-30T18:37-05:00[America/New_York], close price: 291.440000, open price: 291.440000, low price: 291.440000, high price: 291.440000, volume: 170.000000}
{end time: 2019-12-30T18:52-05:00[America/New_York], close price: 291.480000, open price: 291.480000, low price: 291.480000, high price: 291.480000, volume: 201.000000}
{end time: 2019-12-30T18:53-05:00[America/New_York], close price: 291.460000, open price: 291.460000, low price: 291.460000, high price: 291.460000, volume: 158.000000}
{end time: 2019-12-30T18:54-05:00[America/New_York], close price: 291.420000, open price: 291.450000, low price: 291.420000, high price: 291.450000, volume: 288.000000}
{end time: 2019-12-30T18:55-05:00[America/New_York], close price: 291.420000, open price: 291.420000, low price: 291.420000, high price: 291.420000, volume: 192.000000}
{end time: 2019-12-30T18:58-05:00[America/New_York], close price: 291.460000, open price: 291.450000, low price: 291.450000, high price: 291.460000, volume: 1500.000000}
{end time: 2019-12-30T18:59-05:00[America/New_York], close price: 291.500000, open price: 291.460000, low price: 291.420000, high price: 291.500000, volume: 1635.000000}
{end time: 2019-12-30T19:00-05:00[America/New_York], close price: 291.420000, open price: 291.420000, low price: 291.420000, high price: 291.420000, volume: 150.000000}
{end time: 2019-12-30T19:03-05:00[America/New_York], close price: 291.500000, open price: 291.500000, low price: 291.500000, high price: 291.500000, volume: 100.000000}
{end time: 2019-12-30T19:05-05:00[America/New_York], close price: 291.420000, open price: 291.420000, low price: 291.420000, high price: 291.420000, volume: 102.000000}
{end time: 2019-12-30T19:07-05:00[America/New_York], close price: 291.500000, open price: 291.500000, low price: 291.500000, high price: 291.500000, volume: 1700.000000}
{end time: 2019-12-30T19:08-05:00[America/New_York], close price: 291.500000, open price: 291.500000, low price: 291.500000, high price: 291.500000, volume: 1240.000000}
{end time: 2019-12-30T19:10-05:00[America/New_York], close price: 291.500000, open price: 291.500000, low price: 291.500000, high price: 291.500000, volume: 486.000000}
{end time: 2019-12-30T19:15-05:00[America/New_York], close price: 291.530000, open price: 291.530000, low price: 291.530000, high price: 291.530000, volume: 200.000000}
{end time: 2019-12-30T19:16-05:00[America/New_York], close price: 291.510100, open price: 291.510100, low price: 291.510100, high price: 291.510100, volume: 591.000000}
{end time: 2019-12-30T19:17-05:00[America/New_York], close price: 291.550000, open price: 291.550000, low price: 291.550000, high price: 291.550000, volume: 501.000000}
{end time: 2019-12-30T19:18-05:00[America/New_York], close price: 291.520000, open price: 291.520000, low price: 291.520000, high price: 291.520000, volume: 1001.000000}
{end time: 2019-12-30T19:19-05:00[America/New_York], close price: 291.550000, open price: 291.550000, low price: 291.550000, high price: 291.550000, volume: 107.000000}
{end time: 2019-12-30T19:20-05:00[America/New_York], close price: 291.420000, open price: 291.520000, low price: 291.420000, high price: 291.520000, volume: 1000.000000}
{end time: 2019-12-30T19:23-05:00[America/New_York], close price: 291.500000, open price: 291.500000, low price: 291.500000, high price: 291.520000, volume: 1530.000000}
{end time: 2019-12-30T19:26-05:00[America/New_York], close price: 291.510000, open price: 291.500000, low price: 291.500000, high price: 291.510000, volume: 1000.000000}
{end time: 2019-12-30T19:28-05:00[America/New_York], close price: 291.510000, open price: 291.510000, low price: 291.510000, high price: 291.510000, volume: 200.000000}
{end time: 2019-12-30T19:30-05:00[America/New_York], close price: 291.450000, open price: 291.450000, low price: 291.450000, high price: 291.450000, volume: 1810.000000}
{end time: 2019-12-30T19:31-05:00[America/New_York], close price: 291.510000, open price: 291.510000, low price: 291.510000, high price: 291.510000, volume: 300.000000}
{end time: 2019-12-30T19:34-05:00[America/New_York], close price: 291.550000, open price: 291.550000, low price: 291.550000, high price: 291.550000, volume: 150.000000}
{end time: 2019-12-30T19:35-05:00[America/New_York], close price: 291.550000, open price: 291.550000, low price: 291.550000, high price: 291.550000, volume: 480.000000}
{end time: 2019-12-30T19:38-05:00[America/New_York], close price: 291.520000, open price: 291.520000, low price: 291.520000, high price: 291.520000, volume: 150.000000}
{end time: 2019-12-30T19:39-05:00[America/New_York], close price: 291.550000, open price: 291.520000, low price: 291.520000, high price: 291.550000, volume: 1099.000000}
{end time: 2019-12-30T19:46-05:00[America/New_York], close price: 291.750000, open price: 291.750000, low price: 291.750000, high price: 291.750000, volume: 593.000000}
{end time: 2019-12-30T19:47-05:00[America/New_York], close price: 291.750000, open price: 291.720000, low price: 291.720000, high price: 291.750000, volume: 2575.000000}
{end time: 2019-12-30T19:49-05:00[America/New_York], close price: 291.640000, open price: 291.640000, low price: 291.640000, high price: 291.640000, volume: 100.000000}
{end time: 2019-12-30T19:53-05:00[America/New_York], close price: 291.700000, open price: 291.749900, low price: 291.700000, high price: 291.749900, volume: 1103.000000}
{end time: 2019-12-30T19:55-05:00[America/New_York], close price: 291.750000, open price: 291.750000, low price: 291.750000, high price: 291.750000, volume: 389.000000}
{end time: 2019-12-30T19:56-05:00[America/New_York], close price: 291.700000, open price: 291.750000, low price: 291.700000, high price: 291.750000, volume: 1737.000000}
{end time: 2019-12-30T19:57-05:00[America/New_York], close price: 291.700000, open price: 291.700000, low price: 291.700000, high price: 291.700000, volume: 209.000000}
{end time: 2019-12-30T19:58-05:00[America/New_York], close price: 291.550000, open price: 291.650000, low price: 291.550000, high price: 291.690000, volume: 1591.000000}
{end time: 2019-12-30T19:59-05:00[America/New_York], close price: 291.700000, open price: 291.600000, low price: 291.600000, high price: 291.700000, volume: 1385.000000}
{end time: 2019-12-31T04:09-05:00[America/New_York], close price: 291.400000, open price: 291.400000, low price: 291.400000, high price: 291.400000, volume: 200.000000}
{end time: 2019-12-31T04:49-05:00[America/New_York], close price: 291.000000, open price: 291.000000, low price: 291.000000, high price: 291.000000, volume: 150.000000}
{end time: 2019-12-31T05:27-05:00[America/New_York], close price: 291.290000, open price: 291.290000, low price: 291.290000, high price: 291.290000, volume: 653.000000}
{end time: 2019-12-31T05:35-05:00[America/New_York], close price: 291.290000, open price: 291.290000, low price: 291.290000, high price: 291.290000, volume: 100.000000}
{end time: 2019-12-31T05:38-05:00[America/New_York], close price: 291.400000, open price: 291.290000, low price: 291.290000, high price: 291.400000, volume: 642.000000}
{end time: 2019-12-31T06:18-05:00[America/New_York], close price: 291.300000, open price: 291.300000, low price: 291.300000, high price: 291.300000, volume: 211.000000}
{end time: 2019-12-31T06:55-05:00[America/New_York], close price: 291.000000, open price: 291.000000, low price: 291.000000, high price: 291.000000, volume: 100.000000}
{end time: 2019-12-31T06:56-05:00[America/New_York], close price: 291.000000, open price: 291.000000, low price: 291.000000, high price: 291.000000, volume: 150.000000}
{end time: 2019-12-31T07:00-05:00[America/New_York], close price: 291.150000, open price: 291.250000, low price: 291.150000, high price: 291.250000, volume: 1888.000000}
{end time: 2019-12-31T07:01-05:00[America/New_York], close price: 291.200000, open price: 291.200000, low price: 291.200000, high price: 291.200000, volume: 251.000000}
{end time: 2019-12-31T07:02-05:00[America/New_York], close price: 291.300000, open price: 291.300000, low price: 291.300000, high price: 291.300000, volume: 734.000000}
{end time: 2019-12-31T07:05-05:00[America/New_York], close price: 291.200000, open price: 291.200000, low price: 291.200000, high price: 291.200000, volume: 800.000000}
{end time: 2019-12-31T07:06-05:00[America/New_York], close price: 291.090000, open price: 291.200000, low price: 291.090000, high price: 291.200000, volume: 880.000000}
{end time: 2019-12-31T07:07-05:00[America/New_York], close price: 290.850000, open price: 291.100000, low price: 290.850000, high price: 291.100000, volume: 3777.000000}
{end time: 2019-12-31T07:08-05:00[America/New_York], close price: 290.850000, open price: 290.850000, low price: 290.850000, high price: 290.850000, volume: 110.000000}
{end time: 2019-12-31T07:09-05:00[America/New_York], close price: 290.850000, open price: 290.860000, low price: 290.850000, high price: 290.860000, volume: 1390.000000}
{end time: 2019-12-31T07:10-05:00[America/New_York], close price: 290.850000, open price: 290.850000, low price: 290.850000, high price: 290.850000, volume: 1715.000000}
{end time: 2019-12-31T07:11-05:00[America/New_York], close price: 290.900000, open price: 290.860000, low price: 290.860000, high price: 290.900000, volume: 552.000000}
{end time: 2019-12-31T07:13-05:00[America/New_York], close price: 290.850000, open price: 290.920000, low price: 290.850000, high price: 290.920000, volume: 375.000000}
{end time: 2019-12-31T07:18-05:00[America/New_York], close price: 290.500000, open price: 290.710000, low price: 290.500000, high price: 290.710000, volume: 1536.000000}
{end time: 2019-12-31T07:20-05:00[America/New_York], close price: 290.800000, open price: 290.820000, low price: 290.800000, high price: 290.820000, volume: 465.000000}
{end time: 2019-12-31T07:21-05:00[America/New_York], close price: 290.820000, open price: 290.820000, low price: 290.820000, high price: 290.820000, volume: 199.000000}
{end time: 2019-12-31T07:22-05:00[America/New_York], close price: 290.650000, open price: 290.650000, low price: 290.650000, high price: 290.650000, volume: 450.000000}
{end time: 2019-12-31T07:24-05:00[America/New_York], close price: 290.630000, open price: 290.650000, low price: 290.630000, high price: 290.650000, volume: 2305.000000}
{end time: 2019-12-31T07:25-05:00[America/New_York], close price: 290.800000, open price: 290.800000, low price: 290.800000, high price: 290.800000, volume: 325.000000}
{end time: 2019-12-31T07:27-05:00[America/New_York], close price: 290.710000, open price: 290.680000, low price: 290.680000, high price: 290.710000, volume: 595.000000}
{end time: 2019-12-31T07:30-05:00[America/New_York], close price: 290.980000, open price: 290.800000, low price: 290.800000, high price: 290.980000, volume: 700.000000}
{end time: 2019-12-31T07:31-05:00[America/New_York], close price: 290.850000, open price: 290.850000, low price: 290.850000, high price: 290.850000, volume: 160.000000}
{end time: 2019-12-31T07:34-05:00[America/New_York], close price: 290.760000, open price: 290.760000, low price: 290.760000, high price: 290.760000, volume: 101.000000}
{end time: 2019-12-31T07:35-05:00[America/New_York], close price: 290.850000, open price: 290.850000, low price: 290.850000, high price: 290.850000, volume: 100.000000}
{end time: 2019-12-31T07:36-05:00[America/New_York], close price: 290.900000, open price: 290.870000, low price: 290.870000, high price: 290.900000, volume: 320.000000}
{end time: 2019-12-31T07:38-05:00[America/New_York], close price: 290.890000, open price: 290.890000, low price: 290.890000, high price: 290.890000, volume: 205.000000}
{end time: 2019-12-31T07:39-05:00[America/New_York], close price: 290.800000, open price: 290.810000, low price: 290.800000, high price: 290.810000, volume: 1780.000000}
{end time: 2019-12-31T07:40-05:00[America/New_York], close price: 290.850000, open price: 290.850000, low price: 290.850000, high price: 290.850000, volume: 150.000000}
{end time: 2019-12-31T07:42-05:00[America/New_York], close price: 290.800000, open price: 290.810000, low price: 290.800000, high price: 290.810000, volume: 1033.000000}
{end time: 2019-12-31T07:43-05:00[America/New_York], close price: 290.760000, open price: 290.760000, low price: 290.760000, high price: 290.760000, volume: 1394.000000}
{end time: 2019-12-31T07:46-05:00[America/New_York], close price: 290.760000, open price: 290.760000, low price: 290.760000, high price: 290.760000, volume: 220.000000}
{end time: 2019-12-31T07:48-05:00[America/New_York], close price: 290.800000, open price: 290.800000, low price: 290.800000, high price: 290.800000, volume: 100.000000}
{end time: 2019-12-31T07:49-05:00[America/New_York], close price: 290.600000, open price: 290.770000, low price: 290.600000, high price: 290.780000, volume: 7198.000000}
{end time: 2019-12-31T07:50-05:00[America/New_York], close price: 290.580000, open price: 290.600000, low price: 290.580000, high price: 290.600000, volume: 938.000000}
{end time: 2019-12-31T07:52-05:00[America/New_York], close price: 290.580000, open price: 290.550000, low price: 290.550000, high price: 290.600000, volume: 951.000000}
{end time: 2019-12-31T07:56-05:00[America/New_York], close price: 290.700000, open price: 290.700000, low price: 290.700000, high price: 290.700000, volume: 1035.000000}
{end time: 2019-12-31T08:00-05:00[America/New_York], close price: 290.510000, open price: 291.200000, low price: 290.510000, high price: 291.250000, volume: 22140.000000}
{end time: 2019-12-31T08:01-05:00[America/New_York], close price: 290.800000, open price: 290.700000, low price: 290.700000, high price: 290.800000, volume: 1099.000000}
{end time: 2019-12-31T08:02-05:00[America/New_York], close price: 290.840000, open price: 290.840000, low price: 290.840000, high price: 290.840000, volume: 349.000000}
{end time: 2019-12-31T08:03-05:00[America/New_York], close price: 290.850000, open price: 290.850000, low price: 290.850000, high price: 290.850000, volume: 1470.000000}
{end time: 2019-12-31T08:04-05:00[America/New_York], close price: 290.850000, open price: 290.850000, low price: 290.850000, high price: 290.850000, volume: 270.000000}
{end time: 2019-12-31T08:05-05:00[America/New_York], close price: 290.760000, open price: 290.770000, low price: 290.760000, high price: 290.770000, volume: 489.000000}
{end time: 2019-12-31T08:06-05:00[America/New_York], close price: 290.800000, open price: 290.799900, low price: 290.799900, high price: 290.800000, volume: 1501.000000}
{end time: 2019-12-31T08:09-05:00[America/New_York], close price: 290.900000, open price: 290.900000, low price: 290.900000, high price: 290.900000, volume: 289.000000}
{end time: 2019-12-31T08:10-05:00[America/New_York], close price: 290.990000, open price: 290.980000, low price: 290.980000, high price: 290.990000, volume: 835.000000}
{end time: 2019-12-31T08:12-05:00[America/New_York], close price: 290.990000, open price: 290.970000, low price: 290.970000, high price: 290.990000, volume: 300.000000}
{end time: 2019-12-31T08:13-05:00[America/New_York], close price: 290.900000, open price: 290.900000, low price: 290.900000, high price: 290.900000, volume: 260.000000}
{end time: 2019-12-31T08:15-05:00[America/New_York], close price: 290.850000, open price: 290.900000, low price: 290.850000, high price: 290.900000, volume: 503.000000}
{end time: 2019-12-31T08:16-05:00[America/New_York], close price: 290.800000, open price: 290.810000, low price: 290.800000, high price: 290.810000, volume: 1130.000000}
{end time: 2019-12-31T08:17-05:00[America/New_York], close price: 290.710000, open price: 290.710000, low price: 290.700000, high price: 290.710100, volume: 1423.000000}
{end time: 2019-12-31T08:18-05:00[America/New_York], close price: 290.670000, open price: 290.660000, low price: 290.660000, high price: 290.680000, volume: 610.000000}
{end time: 2019-12-31T08:20-05:00[America/New_York], close price: 290.800000, open price: 290.800000, low price: 290.660000, high price: 290.800000, volume: 578.000000}
{end time: 2019-12-31T08:22-05:00[America/New_York], close price: 290.750000, open price: 290.750000, low price: 290.750000, high price: 290.750000, volume: 285.000000}
{end time: 2019-12-31T08:23-05:00[America/New_York], close price: 290.900000, open price: 290.800000, low price: 290.800000, high price: 290.900000, volume: 261.000000}
{end time: 2019-12-31T08:24-05:00[America/New_York], close price: 290.710100, open price: 290.710100, low price: 290.710100, high price: 290.710100, volume: 315.000000}
{end time: 2019-12-31T08:25-05:00[America/New_York], close price: 290.800000, open price: 290.800000, low price: 290.800000, high price: 290.800000, volume: 267.000000}
{end time: 2019-12-31T08:26-05:00[America/New_York], close price: 290.850000, open price: 290.850000, low price: 290.850000, high price: 290.850000, volume: 100.000000}
{end time: 2019-12-31T08:28-05:00[America/New_York], close price: 290.850000, open price: 290.850000, low price: 290.850000, high price: 290.850000, volume: 2009.000000}
{end time: 2019-12-31T08:29-05:00[America/New_York], close price: 290.790000, open price: 290.790000, low price: 290.790000, high price: 290.790000, volume: 215.000000}
{end time: 2019-12-31T08:30-05:00[America/New_York], close price: 290.797100, open price: 290.850000, low price: 290.797100, high price: 290.850000, volume: 790.000000}
{end time: 2019-12-31T08:31-05:00[America/New_York], close price: 290.870000, open price: 290.750100, low price: 290.750100, high price: 290.870000, volume: 330.000000}
{end time: 2019-12-31T08:32-05:00[America/New_York], close price: 290.830000, open price: 290.750000, low price: 290.710000, high price: 290.830000, volume: 1545.000000}
{end time: 2019-12-31T08:34-05:00[America/New_York], close price: 290.650000, open price: 290.750100, low price: 290.650000, high price: 290.750100, volume: 3177.000000}
{end time: 2019-12-31T08:38-05:00[America/New_York], close price: 290.550000, open price: 290.650000, low price: 290.530000, high price: 290.650000, volume: 2287.000000}
{end time: 2019-12-31T08:39-05:00[America/New_York], close price: 290.720000, open price: 290.720000, low price: 290.720000, high price: 290.720000, volume: 242.000000}
{end time: 2019-12-31T08:41-05:00[America/New_York], close price: 290.650000, open price: 290.650000, low price: 290.650000, high price: 290.650000, volume: 221.000000}
{end time: 2019-12-31T08:42-05:00[America/New_York], close price: 290.650000, open price: 290.650000, low price: 290.650000, high price: 290.650000, volume: 211.000000}
{end time: 2019-12-31T08:43-05:00[America/New_York], close price: 290.700000, open price: 290.600100, low price: 290.600100, high price: 290.700000, volume: 1004.000000}
{end time: 2019-12-31T08:45-05:00[America/New_York], close price: 290.500000, open price: 290.580000, low price: 290.500000, high price: 290.580000, volume: 3306.000000}
{end time: 2019-12-31T08:46-05:00[America/New_York], close price: 290.520000, open price: 290.580000, low price: 290.500700, high price: 290.590000, volume: 1582.000000}
{end time: 2019-12-31T08:47-05:00[America/New_York], close price: 290.400000, open price: 290.530000, low price: 290.400000, high price: 290.530000, volume: 1401.000000}
{end time: 2019-12-31T08:48-05:00[America/New_York], close price: 290.250000, open price: 290.390000, low price: 290.250000, high price: 290.390000, volume: 2158.000000}
{end time: 2019-12-31T08:49-05:00[America/New_York], close price: 290.390000, open price: 290.260000, low price: 290.260000, high price: 290.390000, volume: 1060.000000}
{end time: 2019-12-31T08:50-05:00[America/New_York], close price: 290.390000, open price: 290.390000, low price: 290.390000, high price: 290.390000, volume: 476.000000}
{end time: 2019-12-31T08:51-05:00[America/New_York], close price: 290.090000, open price: 290.450000, low price: 290.080000, high price: 290.450000, volume: 4706.000000}
{end time: 2019-12-31T08:52-05:00[America/New_York], close price: 290.240000, open price: 290.150000, low price: 290.150000, high price: 290.240000, volume: 1450.000000}
{end time: 2019-12-31T08:53-05:00[America/New_York], close price: 290.150000, open price: 290.240000, low price: 290.150000, high price: 290.300000, volume: 1257.000000}
{end time: 2019-12-31T08:54-05:00[America/New_York], close price: 290.230000, open price: 290.210000, low price: 290.150000, high price: 290.300000, volume: 5692.000000}
{end time: 2019-12-31T08:56-05:00[America/New_York], close price: 290.400000, open price: 290.250000, low price: 290.250000, high price: 290.400000, volume: 824.000000}
{end time: 2019-12-31T08:57-05:00[America/New_York], close price: 290.130000, open price: 290.390000, low price: 290.119000, high price: 290.390000, volume: 1966.000000}
{end time: 2019-12-31T08:58-05:00[America/New_York], close price: 290.300000, open price: 290.230000, low price: 290.230000, high price: 290.300000, volume: 1765.000000}
{end time: 2019-12-31T08:59-05:00[America/New_York], close price: 290.300000, open price: 290.300000, low price: 290.260000, high price: 290.330000, volume: 2561.000000}
{end time: 2019-12-31T09:00-05:00[America/New_York], close price: 290.390000, open price: 290.300000, low price: 290.300000, high price: 290.390000, volume: 1868.000000}
{end time: 2019-12-31T09:01-05:00[America/New_York], close price: 290.250000, open price: 290.340000, low price: 290.250000, high price: 290.340000, volume: 4089.000000}
{end time: 2019-12-31T09:02-05:00[America/New_York], close price: 290.250000, open price: 290.320000, low price: 290.130000, high price: 290.320000, volume: 2548.000000}
{end time: 2019-12-31T09:03-05:00[America/New_York], close price: 290.230000, open price: 290.160000, low price: 290.138100, high price: 290.230000, volume: 1514.000000}
{end time: 2019-12-31T09:04-05:00[America/New_York], close price: 290.230000, open price: 290.240000, low price: 290.180000, high price: 290.240000, volume: 1899.000000}
{end time: 2019-12-31T09:05-05:00[America/New_York], close price: 290.180000, open price: 290.230000, low price: 290.180000, high price: 290.290000, volume: 1726.000000}
{end time: 2019-12-31T09:06-05:00[America/New_York], close price: 290.200000, open price: 290.200000, low price: 290.150000, high price: 290.200000, volume: 3455.000000}
{end time: 2019-12-31T09:07-05:00[America/New_York], close price: 290.120000, open price: 290.140000, low price: 290.106600, high price: 290.140000, volume: 2745.000000}
{end time: 2019-12-31T09:08-05:00[America/New_York], close price: 290.140000, open price: 290.106900, low price: 290.106900, high price: 290.150000, volume: 480.000000}
{end time: 2019-12-31T09:09-05:00[America/New_York], close price: 290.200000, open price: 290.190000, low price: 290.190000, high price: 290.200000, volume: 5336.000000}
{end time: 2019-12-31T09:10-05:00[America/New_York], close price: 290.280000, open price: 290.210000, low price: 290.210000, high price: 290.290000, volume: 706.000000}
{end time: 2019-12-31T09:11-05:00[America/New_York], close price: 290.280000, open price: 290.350000, low price: 290.280000, high price: 290.450000, volume: 2705.000000}
{end time: 2019-12-31T09:12-05:00[America/New_York], close price: 290.300000, open price: 290.380000, low price: 290.300000, high price: 290.380000, volume: 1039.000000}
{end time: 2019-12-31T09:14-05:00[America/New_York], close price: 290.270000, open price: 290.250000, low price: 290.250000, high price: 290.270000, volume: 602.000000}
{end time: 2019-12-31T09:15-05:00[America/New_York], close price: 290.300000, open price: 290.250000, low price: 290.240000, high price: 290.300000, volume: 3705.000000}
{end time: 2019-12-31T09:16-05:00[America/New_York], close price: 290.290000, open price: 290.300000, low price: 290.290000, high price: 290.310000, volume: 2323.000000}
{end time: 2019-12-31T09:17-05:00[America/New_York], close price: 290.180000, open price: 290.240000, low price: 290.130000, high price: 290.240000, volume: 2399.000000}
{end time: 2019-12-31T09:18-05:00[America/New_York], close price: 290.299900, open price: 290.230000, low price: 290.230000, high price: 290.299900, volume: 685.000000}
{end time: 2019-12-31T09:19-05:00[America/New_York], close price: 290.250000, open price: 290.250000, low price: 290.250000, high price: 290.250000, volume: 777.000000}
{end time: 2019-12-31T09:20-05:00[America/New_York], close price: 290.370000, open price: 290.380000, low price: 290.350000, high price: 290.440200, volume: 11764.000000}
{end time: 2019-12-31T09:21-05:00[America/New_York], close price: 290.440000, open price: 290.370000, low price: 290.330000, high price: 290.440000, volume: 896.000000}
{end time: 2019-12-31T09:22-05:00[America/New_York], close price: 290.360000, open price: 290.400000, low price: 290.250000, high price: 290.400000, volume: 3747.000000}
{end time: 2019-12-31T09:23-05:00[America/New_York], close price: 290.350000, open price: 290.420000, low price: 290.350000, high price: 290.420000, volume: 817.000000}
{end time: 2019-12-31T09:24-05:00[America/New_York], close price: 290.350000, open price: 290.340000, low price: 290.340000, high price: 290.440000, volume: 1427.000000}
{end time: 2019-12-31T09:25-05:00[America/New_York], close price: 290.400000, open price: 290.330000, low price: 290.330000, high price: 290.420000, volume: 1030.000000}
{end time: 2019-12-31T09:26-05:00[America/New_York], close price: 290.400000, open price: 290.400000, low price: 290.400000, high price: 290.439900, volume: 3094.000000}
{end time: 2019-12-31T09:27-05:00[America/New_York], close price: 290.430000, open price: 290.400000, low price: 290.330000, high price: 290.430000, volume: 2163.000000}
{end time: 2019-12-31T09:28-05:00[America/New_York], close price: 289.820000, open price: 290.210000, low price: 289.650000, high price: 290.430000, volume: 24755.000000}
{end time: 2019-12-31T09:29-05:00[America/New_York], close price: 289.940000, open price: 289.940000, low price: 289.800000, high price: 289.940000, volume: 9758.000000}
{end time: 2019-12-31T09:30-05:00[America/New_York], close price: 289.907000, open price: 289.930000, low price: 289.596600, high price: 290.280000, volume: 497275.000000}
{end time: 2019-12-31T09:31-05:00[America/New_York], close price: 289.910000, open price: 289.870000, low price: 289.520000, high price: 290.200000, volume: 118181.000000}
{end time: 2019-12-31T09:32-05:00[America/New_York], close price: 291.115000, open price: 289.950000, low price: 289.950000, high price: 291.173200, volume: 204505.000000}
{end time: 2019-12-31T09:33-05:00[America/New_York], close price: 291.374900, open price: 291.105000, low price: 290.870000, high price: 291.398400, volume: 164022.000000}
{end time: 2019-12-31T09:34-05:00[America/New_York], close price: 291.255900, open price: 291.370000, low price: 291.050000, high price: 291.500000, volume: 143183.000000}
{end time: 2019-12-31T09:35-05:00[America/New_York], close price: 292.220000, open price: 291.250000, low price: 291.250000, high price: 292.220000, volume: 209697.000000}
{end time: 2019-12-31T09:36-05:00[America/New_York], close price: 292.670000, open price: 292.259500, low price: 292.220000, high price: 292.690000, volume: 172994.000000}
{end time: 2019-12-31T09:37-05:00[America/New_York], close price: 292.250000, open price: 292.700000, low price: 292.250000, high price: 292.880000, volume: 171748.000000}
{end time: 2019-12-31T09:38-05:00[America/New_York], close price: 292.559100, open price: 292.250000, low price: 292.230000, high price: 292.640000, volume: 185426.000000}
{end time: 2019-12-31T09:39-05:00[America/New_York], close price: 292.140000, open price: 292.536500, low price: 292.140000, high price: 292.690000, volume: 120584.000000}
{end time: 2019-12-31T09:40-05:00[America/New_York], close price: 291.759900, open price: 292.130000, low price: 291.680000, high price: 292.210000, volume: 135138.000000}
{end time: 2019-12-31T09:41-05:00[America/New_York], close price: 291.940000, open price: 291.760000, low price: 291.680000, high price: 292.070000, volume: 129953.000000}
{end time: 2019-12-31T09:42-05:00[America/New_York], close price: 292.395100, open price: 291.940000, low price: 291.880000, high price: 292.450000, volume: 124107.000000}
{end time: 2019-12-31T09:43-05:00[America/New_York], close price: 292.000000, open price: 292.390000, low price: 291.850000, high price: 292.440000, volume: 100038.000000}
{end time: 2019-12-31T09:44-05:00[America/New_York], close price: 292.130000, open price: 292.000000, low price: 291.880000, high price: 292.280000, volume: 67616.000000}
{end time: 2019-12-31T09:45-05:00[America/New_York], close price: 291.920000, open price: 292.150000, low price: 291.910000, high price: 292.220000, volume: 94185.000000}
{end time: 2019-12-31T09:46-05:00[America/New_York], close price: 291.910000, open price: 291.926900, low price: 291.900000, high price: 292.130000, volume: 72027.000000}
{end time: 2019-12-31T09:47-05:00[America/New_York], close price: 292.325000, open price: 291.920000, low price: 291.920000, high price: 292.330000, volume: 80957.000000}
{end time: 2019-12-31T09:48-05:00[America/New_York], close price: 292.264900, open price: 292.250000, low price: 292.220000, high price: 292.400000, volume: 87159.000000}
{end time: 2019-12-31T09:49-05:00[America/New_York], close price: 292.316200, open price: 292.255000, low price: 292.210000, high price: 292.470000, volume: 128114.000000}
{end time: 2019-12-31T09:50-05:00[America/New_York], close price: 292.160000, open price: 292.300000, low price: 291.970000, high price: 292.325000, volume: 95759.000000}
{end time: 2019-12-31T09:51-05:00[America/New_York], close price: 292.020000, open price: 292.140000, low price: 291.960000, high price: 292.140000, volume: 70586.000000}
{end time: 2019-12-31T09:52-05:00[America/New_York], close price: 292.130000, open price: 292.021100, low price: 291.960000, high price: 292.270000, volume: 89685.000000}
{end time: 2019-12-31T09:53-05:00[America/New_York], close price: 292.060000, open price: 292.131000, low price: 291.970100, high price: 292.142800, volume: 54673.000000}
{end time: 2019-12-31T09:54-05:00[America/New_York], close price: 292.005000, open price: 292.070000, low price: 292.000000, high price: 292.144300, volume: 49909.000000}
{end time: 2019-12-31T09:55-05:00[America/New_York], close price: 292.095000, open price: 292.000000, low price: 291.870000, high price: 292.100000, volume: 89881.000000}
{end time: 2019-12-31T09:56-05:00[America/New_York], close price: 292.178400, open price: 292.090000, low price: 292.040000, high price: 292.210000, volume: 96891.000000}
{end time: 2019-12-31T09:57-05:00[America/New_York], close price: 292.180000, open price: 292.200000, low price: 292.030000, high price: 292.210000, volume: 73345.000000}
{end time: 2019-12-31T09:58-05:00[America/New_York], close price: 292.130000, open price: 292.145000, low price: 292.080000, high price: 292.200000, volume: 61949.000000}
{end time: 2019-12-31T09:59-05:00[America/New_York], close price: 292.160000, open price: 292.110000, low price: 292.110000, high price: 292.210000, volume: 44918.000000}
{end time: 2019-12-31T10:00-05:00[America/New_York], close price: 292.036600, open price: 292.180000, low price: 291.790000, high price: 292.300000, volume: 125524.000000}
{end time: 2019-12-31T10:01-05:00[America/New_York], close price: 292.120000, open price: 292.016900, low price: 292.016300, high price: 292.189900, volume: 74220.000000}
{end time: 2019-12-31T10:02-05:00[America/New_York], close price: 291.940000, open price: 292.110000, low price: 291.890000, high price: 292.110000, volume: 79357.000000}
{end time: 2019-12-31T10:03-05:00[America/New_York], close price: 291.580000, open price: 291.920000, low price: 291.560000, high price: 291.980000, volume: 99543.000000}
{end time: 2019-12-31T10:04-05:00[America/New_York], close price: 291.160000, open price: 291.580000, low price: 291.080100, high price: 291.630000, volume: 139536.000000}
{end time: 2019-12-31T10:05-05:00[America/New_York], close price: 291.010000, open price: 291.160000, low price: 290.840000, high price: 291.239100, volume: 145820.000000}
{end time: 2019-12-31T10:06-05:00[America/New_York], close price: 290.879400, open price: 290.970000, low price: 290.680000, high price: 290.970000, volume: 86008.000000}
{end time: 2019-12-31T10:07-05:00[America/New_York], close price: 291.182900, open price: 290.899800, low price: 290.880000, high price: 291.200000, volume: 108976.000000}
{end time: 2019-12-31T10:08-05:00[America/New_York], close price: 291.424400, open price: 291.185500, low price: 291.145000, high price: 291.480000, volume: 90700.000000}
{end time: 2019-12-31T10:09-05:00[America/New_York], close price: 291.400000, open price: 291.420000, low price: 291.251000, high price: 291.479100, volume: 52163.000000}
{end time: 2019-12-31T10:10-05:00[America/New_York], close price: 291.440000, open price: 291.390000, low price: 291.270000, high price: 291.469900, volume: 52436.000000}
{end time: 2019-12-31T10:11-05:00[America/New_York], close price: 291.595000, open price: 291.432800, low price: 291.280000, high price: 291.630000, volume: 67967.000000}
{end time: 2019-12-31T10:12-05:00[America/New_York], close price: 291.653400, open price: 291.580000, low price: 291.572600, high price: 291.770000, volume: 100153.000000}
{end time: 2019-12-31T10:13-05:00[America/New_York], close price: 291.580000, open price: 291.660000, low price: 291.550000, high price: 291.780000, volume: 59303.000000}
{end time: 2019-12-31T10:14-05:00[America/New_York], close price: 291.830000, open price: 291.580000, low price: 291.460000, high price: 291.830000, volume: 90778.000000}
{end time: 2019-12-31T10:15-05:00[America/New_York], close price: 291.780000, open price: 291.850000, low price: 291.740000, high price: 291.887000, volume: 80194.000000}
{end time: 2019-12-31T10:16-05:00[America/New_York], close price: 291.800000, open price: 291.800000, low price: 291.780000, high price: 291.890000, volume: 64411.000000}
{end time: 2019-12-31T10:17-05:00[America/New_York], close price: 291.840000, open price: 291.801100, low price: 291.791500, high price: 292.000000, volume: 135364.000000}
{end time: 2019-12-31T10:18-05:00[America/New_York], close price: 291.930000, open price: 291.842200, low price: 291.840000, high price: 291.995800, volume: 44658.000000}
{end time: 2019-12-31T10:19-05:00[America/New_York], close price: 292.060000, open price: 291.944900, low price: 291.944900, high price: 292.140000, volume: 75472.000000}
{end time: 2019-12-31T10:20-05:00[America/New_York], close price: 291.630100, open price: 292.060000, low price: 291.520000, high price: 292.060000, volume: 102287.000000}
{end time: 2019-12-31T10:21-05:00[America/New_York], close price: 291.780000, open price: 291.624800, low price: 291.608100, high price: 291.867300, volume: 44836.000000}
{end time: 2019-12-31T10:22-05:00[America/New_York], close price: 291.990000, open price: 291.798400, low price: 291.725000, high price: 292.050000, volume: 50449.000000}
{end time: 2019-12-31T10:23-05:00[America/New_York], close price: 291.919500, open price: 291.960000, low price: 291.756000, high price: 291.970000, volume: 59608.000000}
{end time: 2019-12-31T10:24-05:00[America/New_York], close price: 291.886900, open price: 291.910000, low price: 291.810000, high price: 291.970000, volume: 29984.000000}
{end time: 2019-12-31T10:25-05:00[America/New_York], close price: 291.830000, open price: 291.899900, low price: 291.750000, high price: 291.899900, volume: 33658.000000}
{end time: 2019-12-31T10:26-05:00[America/New_York], close price: 291.785000, open price: 291.830000, low price: 291.680000, high price: 291.848800, volume: 33008.000000}
{end time: 2019-12-31T10:27-05:00[America/New_York], close price: 291.653500, open price: 291.790000, low price: 291.650000, high price: 291.859900, volume: 48793.000000}
{end time: 2019-12-31T10:28-05:00[America/New_York], close price: 291.439900, open price: 291.640000, low price: 291.390000, high price: 291.659900, volume: 75457.000000}
{end time: 2019-12-31T10:29-05:00[America/New_York], close price: 291.190000, open price: 291.430000, low price: 291.140100, high price: 291.450000, volume: 61354.000000}
{end time: 2019-12-31T10:30-05:00[America/New_York], close price: 291.250000, open price: 291.219900, low price: 291.151200, high price: 291.350000, volume: 60314.000000}
{end time: 2019-12-31T10:31-05:00[America/New_York], close price: 291.335000, open price: 291.270000, low price: 291.190000, high price: 291.379100, volume: 44731.000000}
{end time: 2019-12-31T10:32-05:00[America/New_York], close price: 291.540000, open price: 291.341700, low price: 291.270000, high price: 291.550000, volume: 67837.000000}
{end time: 2019-12-31T10:33-05:00[America/New_York], close price: 291.590000, open price: 291.550000, low price: 291.430000, high price: 291.619900, volume: 52168.000000}
{end time: 2019-12-31T10:34-05:00[America/New_York], close price: 291.420000, open price: 291.590000, low price: 291.400000, high price: 291.590000, volume: 56012.000000}
{end time: 2019-12-31T10:35-05:00[America/New_York], close price: 291.520000, open price: 291.420000, low price: 291.330000, high price: 291.600000, volume: 50956.000000}
{end time: 2019-12-31T10:36-05:00[America/New_York], close price: 291.569500, open price: 291.540000, low price: 291.509800, high price: 291.593400, volume: 39167.000000}
{end time: 2019-12-31T10:37-05:00[America/New_York], close price: 291.630100, open price: 291.560000, low price: 291.560000, high price: 291.760000, volume: 67102.000000}
{end time: 2019-12-31T10:38-05:00[America/New_York], close price: 291.625000, open price: 291.640000, low price: 291.570000, high price: 291.700000, volume: 30744.000000}
{end time: 2019-12-31T10:39-05:00[America/New_York], close price: 291.455000, open price: 291.637100, low price: 291.430400, high price: 291.695500, volume: 50049.000000}
{end time: 2019-12-31T10:40-05:00[America/New_York], close price: 291.410000, open price: 291.420000, low price: 291.340000, high price: 291.456200, volume: 47393.000000}
{end time: 2019-12-31T10:41-05:00[America/New_York], close price: 291.250000, open price: 291.400000, low price: 291.250000, high price: 291.425500, volume: 42573.000000}
{end time: 2019-12-31T10:42-05:00[America/New_York], close price: 291.490000, open price: 291.250000, low price: 291.230000, high price: 291.490000, volume: 46246.000000}
{end time: 2019-12-31T10:43-05:00[America/New_York], close price: 291.255000, open price: 291.473300, low price: 291.150000, high price: 291.473700, volume: 62893.000000}
{end time: 2019-12-31T10:44-05:00[America/New_York], close price: 291.240000, open price: 291.250100, low price: 291.180100, high price: 291.350000, volume: 29993.000000}
{end time: 2019-12-31T10:45-05:00[America/New_York], close price: 291.045000, open price: 291.220000, low price: 290.900000, high price: 291.230000, volume: 99439.000000}
{end time: 2019-12-31T10:46-05:00[America/New_York], close price: 291.160000, open price: 291.040000, low price: 291.040000, high price: 291.280000, volume: 54637.000000}
{end time: 2019-12-31T10:47-05:00[America/New_York], close price: 291.086400, open price: 291.140100, low price: 290.940000, high price: 291.190000, volume: 61984.000000}
{end time: 2019-12-31T10:48-05:00[America/New_York], close price: 290.873900, open price: 291.050000, low price: 290.780000, high price: 291.050000, volume: 95662.000000}
{end time: 2019-12-31T10:49-05:00[America/New_York], close price: 290.970000, open price: 290.889900, low price: 290.800000, high price: 291.030000, volume: 48960.000000}
{end time: 2019-12-31T10:50-05:00[America/New_York], close price: 290.960000, open price: 290.960000, low price: 290.920000, high price: 291.030000, volume: 39075.000000}
{end time: 2019-12-31T10:51-05:00[America/New_York], close price: 291.000000, open price: 290.960000, low price: 290.950100, high price: 291.090000, volume: 41183.000000}
{end time: 2019-12-31T10:52-05:00[America/New_York], close price: 290.940000, open price: 291.000000, low price: 290.870000, high price: 291.130000, volume: 56163.000000}
{end time: 2019-12-31T10:53-05:00[America/New_York], close price: 291.120000, open price: 290.980000, low price: 290.970000, high price: 291.150000, volume: 32347.000000}
{end time: 2019-12-31T10:54-05:00[America/New_York], close price: 291.185000, open price: 291.100000, low price: 291.040000, high price: 291.230000, volume: 34748.000000}
{end time: 2019-12-31T10:55-05:00[America/New_York], close price: 291.130000, open price: 291.149000, low price: 291.080000, high price: 291.300000, volume: 58475.000000}
{end time: 2019-12-31T10:56-05:00[America/New_York], close price: 291.150000, open price: 291.140900, low price: 291.100000, high price: 291.170000, volume: 29057.000000}
{end time: 2019-12-31T10:57-05:00[America/New_York], close price: 291.200000, open price: 291.130000, low price: 291.130000, high price: 291.290000, volume: 35618.000000}
{end time: 2019-12-31T10:58-05:00[America/New_York], close price: 291.220000, open price: 291.200000, low price: 291.140000, high price: 291.230000, volume: 25552.000000}
{end time: 2019-12-31T10:59-05:00[America/New_York], close price: 291.070000, open price: 291.220000, low price: 291.030000, high price: 291.220000, volume: 41012.000000}
{end time: 2019-12-31T11:00-05:00[America/New_York], close price: 291.244000, open price: 291.065100, low price: 290.980000, high price: 291.250000, volume: 56688.000000}
{end time: 2019-12-31T11:01-05:00[America/New_York], close price: 291.413400, open price: 291.240000, low price: 291.240000, high price: 291.440000, volume: 69427.000000}
{end time: 2019-12-31T11:02-05:00[America/New_York], close price: 291.390000, open price: 291.420000, low price: 291.270000, high price: 291.420000, volume: 49915.000000}
{end time: 2019-12-31T11:03-05:00[America/New_York], close price: 291.530000, open price: 291.390000, low price: 291.310000, high price: 291.540000, volume: 59643.000000}
{end time: 2019-12-31T11:04-05:00[America/New_York], close price: 291.710000, open price: 291.512200, low price: 291.510000, high price: 291.729900, volume: 90701.000000}
{end time: 2019-12-31T11:05-05:00[America/New_York], close price: 291.865600, open price: 291.718300, low price: 291.590000, high price: 291.900000, volume: 88523.000000}
{end time: 2019-12-31T11:06-05:00[America/New_York], close price: 291.964500, open price: 291.873600, low price: 291.840000, high price: 291.970000, volume: 81412.000000}
{end time: 2019-12-31T11:07-05:00[America/New_York], close price: 291.940000, open price: 291.960000, low price: 291.890100, high price: 292.050000, volume: 88402.000000}
{end time: 2019-12-31T11:08-05:00[America/New_York], close price: 291.873400, open price: 291.955000, low price: 291.830000, high price: 291.980000, volume: 45179.000000}
{end time: 2019-12-31T11:09-05:00[America/New_York], close price: 292.069600, open price: 291.860000, low price: 291.860000, high price: 292.080000, volume: 51726.000000}
{end time: 2019-12-31T11:10-05:00[America/New_York], close price: 292.080000, open price: 292.055000, low price: 291.960000, high price: 292.090000, volume: 45088.000000}
{end time: 2019-12-31T11:11-05:00[America/New_York], close price: 292.200000, open price: 292.073500, low price: 292.073500, high price: 292.260000, volume: 101049.000000}
{end time: 2019-12-31T11:12-05:00[America/New_York], close price: 292.096600, open price: 292.200000, low price: 292.020100, high price: 292.220000, volume: 66894.000000}
{end time: 2019-12-31T11:13-05:00[America/New_York], close price: 291.940000, open price: 292.125600, low price: 291.860000, high price: 292.150000, volume: 101410.000000}
{end time: 2019-12-31T11:14-05:00[America/New_York], close price: 291.935000, open price: 291.960000, low price: 291.870000, high price: 292.110000, volume: 43037.000000}
{end time: 2019-12-31T11:15-05:00[America/New_York], close price: 291.848400, open price: 291.920000, low price: 291.790000, high price: 291.990600, volume: 47601.000000}
{end time: 2019-12-31T11:16-05:00[America/New_York], close price: 291.595800, open price: 291.850000, low price: 291.590000, high price: 291.855000, volume: 56505.000000}
{end time: 2019-12-31T11:17-05:00[America/New_York], close price: 291.660800, open price: 291.580000, low price: 291.490000, high price: 291.710000, volume: 96858.000000}
{end time: 2019-12-31T11:18-05:00[America/New_York], close price: 291.690000, open price: 291.653900, low price: 291.653900, high price: 291.749500, volume: 44251.000000}
{end time: 2019-12-31T11:19-05:00[America/New_York], close price: 291.869100, open price: 291.732400, low price: 291.680000, high price: 291.869100, volume: 65099.000000}
{end time: 2019-12-31T11:20-05:00[America/New_York], close price: 291.980000, open price: 291.864200, low price: 291.800000, high price: 292.000000, volume: 41467.000000}
{end time: 2019-12-31T11:21-05:00[America/New_York], close price: 291.867200, open price: 291.990000, low price: 291.818100, high price: 292.030000, volume: 29413.000000}
{end time: 2019-12-31T11:22-05:00[America/New_York], close price: 291.855000, open price: 291.860000, low price: 291.728000, high price: 291.879900, volume: 45057.000000}
{end time: 2019-12-31T11:23-05:00[America/New_York], close price: 291.930100, open price: 291.852200, low price: 291.830000, high price: 291.940000, volume: 18423.000000}
{end time: 2019-12-31T11:24-05:00[America/New_York], close price: 291.880000, open price: 291.950000, low price: 291.850000, high price: 291.950000, volume: 18312.000000}
{end time: 2019-12-31T11:25-05:00[America/New_York], close price: 291.820000, open price: 291.900000, low price: 291.801800, high price: 291.960000, volume: 25457.000000}
{end time: 2019-12-31T11:26-05:00[America/New_York], close price: 291.830000, open price: 291.810000, low price: 291.740100, high price: 291.850000, volume: 33331.000000}
{end time: 2019-12-31T11:27-05:00[America/New_York], close price: 291.820000, open price: 291.839000, low price: 291.800000, high price: 291.870000, volume: 23163.000000}
{end time: 2019-12-31T11:28-05:00[America/New_York], close price: 291.890000, open price: 291.817000, low price: 291.800000, high price: 291.895000, volume: 22450.000000}
{end time: 2019-12-31T11:29-05:00[America/New_York], close price: 291.850000, open price: 291.900000, low price: 291.830000, high price: 291.910000, volume: 24422.000000}
{end time: 2019-12-31T11:30-05:00[America/New_York], close price: 291.757100, open price: 291.850000, low price: 291.610000, high price: 291.860000, volume: 77464.000000}
{end time: 2019-12-31T11:31-05:00[America/New_York], close price: 291.615000, open price: 291.750000, low price: 291.560000, high price: 291.760000, volume: 39076.000000}
{end time: 2019-12-31T11:32-05:00[America/New_York], close price: 291.570000, open price: 291.600200, low price: 291.550000, high price: 291.660000, volume: 41721.000000}
{end time: 2019-12-31T11:33-05:00[America/New_York], close price: 291.425300, open price: 291.570000, low price: 291.400000, high price: 291.650000, volume: 48989.000000}
{end time: 2019-12-31T11:34-05:00[America/New_York], close price: 291.620000, open price: 291.425800, low price: 291.410100, high price: 291.630000, volume: 43745.000000}
{end time: 2019-12-31T11:35-05:00[America/New_York], close price: 291.800000, open price: 291.630000, low price: 291.610000, high price: 291.800000, volume: 34309.000000}
{end time: 2019-12-31T11:36-05:00[America/New_York], close price: 291.810100, open price: 291.790000, low price: 291.720000, high price: 291.880000, volume: 56036.000000}
{end time: 2019-12-31T11:37-05:00[America/New_York], close price: 291.750000, open price: 291.810000, low price: 291.690000, high price: 291.840000, volume: 30394.000000}
{end time: 2019-12-31T11:38-05:00[America/New_York], close price: 291.890000, open price: 291.760000, low price: 291.759400, high price: 291.895000, volume: 33007.000000}
{end time: 2019-12-31T11:39-05:00[America/New_York], close price: 291.974500, open price: 291.900000, low price: 291.890000, high price: 292.000000, volume: 72853.000000}
{end time: 2019-12-31T11:40-05:00[America/New_York], close price: 291.920000, open price: 291.960000, low price: 291.798400, high price: 291.970000, volume: 32059.000000}
{end time: 2019-12-31T11:41-05:00[America/New_York], close price: 291.940000, open price: 291.910000, low price: 291.870000, high price: 291.960000, volume: 15493.000000}
{end time: 2019-12-31T11:42-05:00[America/New_York], close price: 291.960000, open price: 291.930000, low price: 291.880000, high price: 292.000000, volume: 44076.000000}
{end time: 2019-12-31T11:43-05:00[America/New_York], close price: 292.033000, open price: 291.951700, low price: 291.930000, high price: 292.050000, volume: 47086.000000}
{end time: 2019-12-31T11:44-05:00[America/New_York], close price: 292.050000, open price: 292.050000, low price: 291.970000, high price: 292.050000, volume: 26578.000000}
{end time: 2019-12-31T11:45-05:00[America/New_York], close price: 292.085000, open price: 292.040000, low price: 291.940000, high price: 292.100000, volume: 41870.000000}
{end time: 2019-12-31T11:46-05:00[America/New_York], close price: 292.107700, open price: 292.090000, low price: 292.066700, high price: 292.210000, volume: 62053.000000}
{end time: 2019-12-31T11:47-05:00[America/New_York], close price: 292.130000, open price: 292.110000, low price: 292.100000, high price: 292.200000, volume: 40927.000000}
{end time: 2019-12-31T11:48-05:00[America/New_York], close price: 292.150000, open price: 292.142500, low price: 292.070000, high price: 292.180000, volume: 36753.000000}
{end time: 2019-12-31T11:49-05:00[America/New_York], close price: 292.162200, open price: 292.150000, low price: 292.140000, high price: 292.230000, volume: 35763.000000}
{end time: 2019-12-31T11:50-05:00[America/New_York], close price: 292.191400, open price: 292.160000, low price: 292.150000, high price: 292.220000, volume: 34137.000000}
{end time: 2019-12-31T11:51-05:00[America/New_York], close price: 292.040000, open price: 292.201000, low price: 292.010000, high price: 292.210000, volume: 41208.000000}
{end time: 2019-12-31T11:52-05:00[America/New_York], close price: 292.010000, open price: 292.050000, low price: 292.010000, high price: 292.118100, volume: 31625.000000}
{end time: 2019-12-31T11:53-05:00[America/New_York], close price: 291.952000, open price: 292.010000, low price: 291.952000, high price: 292.060000, volume: 25025.000000}
{end time: 2019-12-31T11:54-05:00[America/New_York], close price: 292.003500, open price: 291.960000, low price: 291.920000, high price: 292.050000, volume: 25534.000000}
{end time: 2019-12-31T11:55-05:00[America/New_York], close price: 292.030000, open price: 291.999400, low price: 291.980000, high price: 292.060000, volume: 27915.000000}
{end time: 2019-12-31T11:56-05:00[America/New_York], close price: 292.005500, open price: 292.030000, low price: 292.000000, high price: 292.120000, volume: 33755.000000}
{end time: 2019-12-31T11:57-05:00[America/New_York], close price: 292.040000, open price: 292.011000, low price: 291.960000, high price: 292.045700, volume: 34828.000000}
{end time: 2019-12-31T11:58-05:00[America/New_York], close price: 291.960000, open price: 292.050000, low price: 291.960000, high price: 292.060000, volume: 22114.000000}
{end time: 2019-12-31T11:59-05:00[America/New_York], close price: 292.040000, open price: 291.980000, low price: 291.970000, high price: 292.070000, volume: 20352.000000}
{end time: 2019-12-31T12:00-05:00[America/New_York], close price: 292.060000, open price: 292.050000, low price: 291.980000, high price: 292.100000, volume: 25352.000000}
{end time: 2019-12-31T12:01-05:00[America/New_York], close price: 291.992700, open price: 292.060000, low price: 291.983900, high price: 292.065600, volume: 13728.000000}
{end time: 2019-12-31T12:02-05:00[America/New_York], close price: 291.810000, open price: 291.990000, low price: 291.792800, high price: 291.990000, volume: 40556.000000}
{end time: 2019-12-31T12:03-05:00[America/New_York], close price: 291.940000, open price: 291.830000, low price: 291.800000, high price: 291.940000, volume: 30635.000000}
{end time: 2019-12-31T12:04-05:00[America/New_York], close price: 291.920000, open price: 291.930000, low price: 291.900000, high price: 291.980000, volume: 40295.000000}
{end time: 2019-12-31T12:05-05:00[America/New_York], close price: 291.977100, open price: 291.940100, low price: 291.925000, high price: 292.040000, volume: 48442.000000}
{end time: 2019-12-31T12:06-05:00[America/New_York], close price: 291.828700, open price: 291.960000, low price: 291.800000, high price: 291.960000, volume: 35080.000000}
{end time: 2019-12-31T12:07-05:00[America/New_York], close price: 291.922600, open price: 291.820000, low price: 291.730000, high price: 291.940000, volume: 59215.000000}
{end time: 2019-12-31T12:08-05:00[America/New_York], close price: 291.920000, open price: 291.930000, low price: 291.875000, high price: 291.940000, volume: 26258.000000}
{end time: 2019-12-31T12:09-05:00[America/New_York], close price: 291.970000, open price: 291.910000, low price: 291.900000, high price: 291.970000, volume: 17745.000000}
{end time: 2019-12-31T12:10-05:00[America/New_York], close price: 291.870000, open price: 291.960000, low price: 291.870000, high price: 291.990000, volume: 17044.000000}
{end time: 2019-12-31T12:11-05:00[America/New_York], close price: 291.859900, open price: 291.880000, low price: 291.810100, high price: 291.890000, volume: 36475.000000}
{end time: 2019-12-31T12:12-05:00[America/New_York], close price: 291.950500, open price: 291.870000, low price: 291.870000, high price: 291.980000, volume: 20420.000000}
{end time: 2019-12-31T12:13-05:00[America/New_York], close price: 291.910100, open price: 291.960000, low price: 291.840000, high price: 291.960000, volume: 44857.000000}
{end time: 2019-12-31T12:14-05:00[America/New_York], close price: 291.920000, open price: 291.900000, low price: 291.890000, high price: 291.940000, volume: 74884.000000}
{end time: 2019-12-31T12:15-05:00[America/New_York], close price: 291.943900, open price: 291.910000, low price: 291.889900, high price: 291.959900, volume: 20163.000000}
{end time: 2019-12-31T12:16-05:00[America/New_York], close price: 291.965000, open price: 291.945000, low price: 291.932300, high price: 292.000000, volume: 25807.000000}
{end time: 2019-12-31T12:17-05:00[America/New_York], close price: 292.063800, open price: 291.984800, low price: 291.975000, high price: 292.100000, volume: 24686.000000}
{end time: 2019-12-31T12:18-05:00[America/New_York], close price: 292.023700, open price: 292.065000, low price: 292.000000, high price: 292.070000, volume: 17990.000000}
{end time: 2019-12-31T12:19-05:00[America/New_York], close price: 292.088300, open price: 292.036400, low price: 292.010000, high price: 292.098900, volume: 25594.000000}
{end time: 2019-12-31T12:20-05:00[America/New_York], close price: 292.100000, open price: 292.088500, low price: 292.030000, high price: 292.139900, volume: 31472.000000}
{end time: 2019-12-31T12:21-05:00[America/New_York], close price: 292.080000, open price: 292.110000, low price: 292.022700, high price: 292.140000, volume: 19099.000000}
{end time: 2019-12-31T12:22-05:00[America/New_York], close price: 292.070000, open price: 292.087200, low price: 291.960000, high price: 292.087200, volume: 18920.000000}
{end time: 2019-12-31T12:23-05:00[America/New_York], close price: 292.100000, open price: 292.070000, low price: 292.070000, high price: 292.170000, volume: 30991.000000}
{end time: 2019-12-31T12:24-05:00[America/New_York], close price: 292.120000, open price: 292.100000, low price: 292.050000, high price: 292.120000, volume: 17263.000000}
{end time: 2019-12-31T12:25-05:00[America/New_York], close price: 292.159000, open price: 292.114000, low price: 292.070000, high price: 292.160000, volume: 26608.000000}
{end time: 2019-12-31T12:26-05:00[America/New_York], close price: 292.150000, open price: 292.150000, low price: 292.130000, high price: 292.210000, volume: 34252.000000}
{end time: 2019-12-31T12:27-05:00[America/New_York], close price: 292.127000, open price: 292.160000, low price: 292.090000, high price: 292.160000, volume: 26485.000000}
{end time: 2019-12-31T12:28-05:00[America/New_York], close price: 292.173000, open price: 292.120000, low price: 292.090000, high price: 292.200000, volume: 28452.000000}
{end time: 2019-12-31T12:29-05:00[America/New_York], close price: 292.260000, open price: 292.170000, low price: 292.140000, high price: 292.270000, volume: 46599.000000}
{end time: 2019-12-31T12:30-05:00[America/New_York], close price: 292.210600, open price: 292.280000, low price: 292.180000, high price: 292.280000, volume: 38832.000000}
{end time: 2019-12-31T12:31-05:00[America/New_York], close price: 292.280000, open price: 292.200000, low price: 292.200000, high price: 292.300000, volume: 32780.000000}
{end time: 2019-12-31T12:32-05:00[America/New_York], close price: 292.430100, open price: 292.290000, low price: 292.290000, high price: 292.460000, volume: 83689.000000}
{end time: 2019-12-31T12:33-05:00[America/New_York], close price: 292.396000, open price: 292.450000, low price: 292.380100, high price: 292.470000, volume: 53800.000000}
{end time: 2019-12-31T12:34-05:00[America/New_York], close price: 292.375000, open price: 292.390000, low price: 292.320000, high price: 292.455000, volume: 51168.000000}
{end time: 2019-12-31T12:35-05:00[America/New_York], close price: 292.432000, open price: 292.360000, low price: 292.360000, high price: 292.432000, volume: 33507.000000}
{end time: 2019-12-31T12:36-05:00[America/New_York], close price: 292.300000, open price: 292.430000, low price: 292.260000, high price: 292.430000, volume: 35442.000000}
{end time: 2019-12-31T12:37-05:00[America/New_York], close price: 292.300100, open price: 292.319900, low price: 292.276000, high price: 292.359900, volume: 25867.000000}
{end time: 2019-12-31T12:38-05:00[America/New_York], close price: 292.300000, open price: 292.282000, low price: 292.280200, high price: 292.330000, volume: 10688.000000}
{end time: 2019-12-31T12:39-05:00[America/New_York], close price: 292.310000, open price: 292.290000, low price: 292.250000, high price: 292.325500, volume: 17081.000000}
{end time: 2019-12-31T12:40-05:00[America/New_York], close price: 292.361700, open price: 292.310000, low price: 292.310000, high price: 292.380000, volume: 23846.000000}
{end time: 2019-12-31T12:41-05:00[America/New_York], close price: 292.350000, open price: 292.373900, low price: 292.320000, high price: 292.410000, volume: 30023.000000}
{end time: 2019-12-31T12:42-05:00[America/New_York], close price: 292.345000, open price: 292.345000, low price: 292.320000, high price: 292.380000, volume: 15829.000000}
{end time: 2019-12-31T12:43-05:00[America/New_York], close price: 292.380000, open price: 292.340100, low price: 292.325000, high price: 292.400000, volume: 19183.000000}
{end time: 2019-12-31T12:44-05:00[America/New_York], close price: 292.365000, open price: 292.377800, low price: 292.348600, high price: 292.390000, volume: 15562.000000}
{end time: 2019-12-31T12:45-05:00[America/New_York], close price: 292.340000, open price: 292.369300, low price: 292.340000, high price: 292.391700, volume: 19145.000000}
{end time: 2019-12-31T12:46-05:00[America/New_York], close price: 292.230000, open price: 292.340000, low price: 292.180000, high price: 292.350000, volume: 44445.000000}
{end time: 2019-12-31T12:47-05:00[America/New_York], close price: 292.216000, open price: 292.220000, low price: 292.190000, high price: 292.270000, volume: 24548.000000}
{end time: 2019-12-31T12:48-05:00[America/New_York], close price: 292.240300, open price: 292.215000, low price: 292.210000, high price: 292.270000, volume: 23452.000000}
{end time: 2019-12-31T12:49-05:00[America/New_York], close price: 292.370000, open price: 292.260000, low price: 292.260000, high price: 292.380000, volume: 27002.000000}
{end time: 2019-12-31T12:50-05:00[America/New_York], close price: 292.299400, open price: 292.375000, low price: 292.286600, high price: 292.380000, volume: 39742.000000}
{end time: 2019-12-31T12:51-05:00[America/New_York], close price: 292.353500, open price: 292.300000, low price: 292.280000, high price: 292.360000, volume: 16416.000000}
{end time: 2019-12-31T12:52-05:00[America/New_York], close price: 292.307400, open price: 292.370000, low price: 292.280000, high price: 292.370000, volume: 17610.000000}
{end time: 2019-12-31T12:53-05:00[America/New_York], close price: 292.305500, open price: 292.300000, low price: 292.284800, high price: 292.390000, volume: 31330.000000}
{end time: 2019-12-31T12:54-05:00[America/New_York], close price: 292.328300, open price: 292.300000, low price: 292.290000, high price: 292.354200, volume: 22304.000000}
{end time: 2019-12-31T12:55-05:00[America/New_York], close price: 292.315000, open price: 292.320000, low price: 292.284000, high price: 292.350000, volume: 22715.000000}
{end time: 2019-12-31T12:56-05:00[America/New_York], close price: 292.324000, open price: 292.315000, low price: 292.295000, high price: 292.344900, volume: 25131.000000}
{end time: 2019-12-31T12:57-05:00[America/New_York], close price: 292.290000, open price: 292.320000, low price: 292.220200, high price: 292.330000, volume: 38053.000000}
{end time: 2019-12-31T12:58-05:00[America/New_York], close price: 292.149900, open price: 292.290000, low price: 292.110000, high price: 292.291700, volume: 48378.000000}
{end time: 2019-12-31T12:59-05:00[America/New_York], close price: 292.060000, open price: 292.130000, low price: 292.050000, high price: 292.146600, volume: 36925.000000}
{end time: 2019-12-31T13:00-05:00[America/New_York], close price: 292.150000, open price: 292.040000, low price: 292.020000, high price: 292.160000, volume: 35617.000000}
{end time: 2019-12-31T13:01-05:00[America/New_York], close price: 292.150600, open price: 292.150000, low price: 292.100000, high price: 292.180000, volume: 34120.000000}
{end time: 2019-12-31T13:02-05:00[America/New_York], close price: 292.050000, open price: 292.140000, low price: 292.050000, high price: 292.140000, volume: 18456.000000}
{end time: 2019-12-31T13:03-05:00[America/New_York], close price: 291.920200, open price: 292.030000, low price: 291.880000, high price: 292.100000, volume: 59519.000000}
{end time: 2019-12-31T13:04-05:00[America/New_York], close price: 291.950100, open price: 291.953300, low price: 291.920000, high price: 291.970000, volume: 15243.000000}
{end time: 2019-12-31T13:05-05:00[America/New_York], close price: 292.030000, open price: 291.956400, low price: 291.930000, high price: 292.031700, volume: 30478.000000}
{end time: 2019-12-31T13:06-05:00[America/New_York], close price: 292.080000, open price: 292.020100, low price: 291.980000, high price: 292.080000, volume: 19042.000000}
{end time: 2019-12-31T13:07-05:00[America/New_York], close price: 292.187100, open price: 292.074500, low price: 292.060000, high price: 292.198000, volume: 39342.000000}
{end time: 2019-12-31T13:08-05:00[America/New_York], close price: 292.160000, open price: 292.200000, low price: 292.120000, high price: 292.210000, volume: 20341.000000}
{end time: 2019-12-31T13:09-05:00[America/New_York], close price: 292.200000, open price: 292.150000, low price: 292.140000, high price: 292.215000, volume: 23744.000000}
{end time: 2019-12-31T13:10-05:00[America/New_York], close price: 292.190000, open price: 292.200000, low price: 292.160000, high price: 292.230000, volume: 30587.000000}
{end time: 2019-12-31T13:11-05:00[America/New_York], close price: 292.200000, open price: 292.185600, low price: 292.170100, high price: 292.229900, volume: 13232.000000}
{end time: 2019-12-31T13:12-05:00[America/New_York], close price: 292.235400, open price: 292.209500, low price: 292.170000, high price: 292.235400, volume: 13661.000000}
{end time: 2019-12-31T13:13-05:00[America/New_York], close price: 292.265000, open price: 292.230000, low price: 292.220000, high price: 292.280000, volume: 26045.000000}
{end time: 2019-12-31T13:14-05:00[America/New_York], close price: 292.274900, open price: 292.260000, low price: 292.250000, high price: 292.275500, volume: 16967.000000}
{end time: 2019-12-31T13:15-05:00[America/New_York], close price: 292.221700, open price: 292.270000, low price: 292.150000, high price: 292.300000, volume: 35489.000000}
{end time: 2019-12-31T13:16-05:00[America/New_York], close price: 292.110000, open price: 292.220000, low price: 292.110000, high price: 292.275000, volume: 24172.000000}
{end time: 2019-12-31T13:17-05:00[America/New_York], close price: 292.055000, open price: 292.122100, low price: 292.030000, high price: 292.150000, volume: 30053.000000}
{end time: 2019-12-31T13:18-05:00[America/New_York], close price: 292.030000, open price: 292.054100, low price: 292.000000, high price: 292.088900, volume: 42171.000000}
{end time: 2019-12-31T13:19-05:00[America/New_York], close price: 292.085000, open price: 292.058800, low price: 292.010000, high price: 292.120000, volume: 23145.000000}
{end time: 2019-12-31T13:20-05:00[America/New_York], close price: 292.190000, open price: 292.088100, low price: 292.085800, high price: 292.220000, volume: 40157.000000}
{end time: 2019-12-31T13:21-05:00[America/New_York], close price: 292.170000, open price: 292.210000, low price: 292.110000, high price: 292.210000, volume: 23415.000000}
{end time: 2019-12-31T13:22-05:00[America/New_York], close price: 292.210000, open price: 292.168400, low price: 292.135200, high price: 292.240000, volume: 32675.000000}
{end time: 2019-12-31T13:23-05:00[America/New_York], close price: 292.240000, open price: 292.210000, low price: 292.190000, high price: 292.250000, volume: 18481.000000}
{end time: 2019-12-31T13:24-05:00[America/New_York], close price: 292.203600, open price: 292.231000, low price: 292.170000, high price: 292.239000, volume: 20300.000000}
{end time: 2019-12-31T13:25-05:00[America/New_York], close price: 292.100000, open price: 292.220000, low price: 292.084000, high price: 292.220000, volume: 31200.000000}
{end time: 2019-12-31T13:26-05:00[America/New_York], close price: 292.141500, open price: 292.110000, low price: 292.067700, high price: 292.190000, volume: 34492.000000}
{end time: 2019-12-31T13:27-05:00[America/New_York], close price: 292.170000, open price: 292.176500, low price: 292.100000, high price: 292.176500, volume: 10266.000000}
{end time: 2019-12-31T13:28-05:00[America/New_York], close price: 292.110000, open price: 292.161700, low price: 292.080000, high price: 292.190000, volume: 22747.000000}
{end time: 2019-12-31T13:29-05:00[America/New_York], close price: 292.090000, open price: 292.120000, low price: 292.070000, high price: 292.122100, volume: 16015.000000}
{end time: 2019-12-31T13:30-05:00[America/New_York], close price: 292.060000, open price: 292.090000, low price: 292.060000, high price: 292.130000, volume: 27645.000000}
{end time: 2019-12-31T13:31-05:00[America/New_York], close price: 292.074300, open price: 292.060000, low price: 292.020000, high price: 292.080000, volume: 30466.000000}
{end time: 2019-12-31T13:32-05:00[America/New_York], close price: 292.037800, open price: 292.075000, low price: 292.020400, high price: 292.110000, volume: 20719.000000}
{end time: 2019-12-31T13:33-05:00[America/New_York], close price: 292.030000, open price: 292.030000, low price: 291.990000, high price: 292.044200, volume: 36364.000000}
{end time: 2019-12-31T13:34-05:00[America/New_York], close price: 292.120000, open price: 292.040000, low price: 292.040000, high price: 292.140000, volume: 18570.000000}
{end time: 2019-12-31T13:35-05:00[America/New_York], close price: 292.140000, open price: 292.131000, low price: 292.131000, high price: 292.190000, volume: 24087.000000}
{end time: 2019-12-31T13:36-05:00[America/New_York], close price: 292.140000, open price: 292.141300, low price: 292.130000, high price: 292.165200, volume: 17537.000000}
{end time: 2019-12-31T13:37-05:00[America/New_York], close price: 292.135000, open price: 292.144700, low price: 292.100000, high price: 292.144700, volume: 12752.000000}
{end time: 2019-12-31T13:38-05:00[America/New_York], close price: 292.130000, open price: 292.133600, low price: 292.115000, high price: 292.150000, volume: 15284.000000}
{end time: 2019-12-31T13:39-05:00[America/New_York], close price: 292.112700, open price: 292.130000, low price: 292.110000, high price: 292.180000, volume: 22229.000000}
{end time: 2019-12-31T13:40-05:00[America/New_York], close price: 292.170000, open price: 292.123600, low price: 292.123600, high price: 292.200000, volume: 35688.000000}
{end time: 2019-12-31T13:41-05:00[America/New_York], close price: 292.192100, open price: 292.170000, low price: 292.135600, high price: 292.192100, volume: 14409.000000}
{end time: 2019-12-31T13:42-05:00[America/New_York], close price: 292.120000, open price: 292.190000, low price: 292.083300, high price: 292.190000, volume: 27465.000000}
{end time: 2019-12-31T13:43-05:00[America/New_York], close price: 292.160000, open price: 292.140000, low price: 292.100000, high price: 292.170000, volume: 19175.000000}
{end time: 2019-12-31T13:44-05:00[America/New_York], close price: 292.180000, open price: 292.170000, low price: 292.156300, high price: 292.200000, volume: 29575.000000}
{end time: 2019-12-31T13:45-05:00[America/New_York], close price: 292.180000, open price: 292.199900, low price: 292.140000, high price: 292.210000, volume: 23723.000000}
{end time: 2019-12-31T13:46-05:00[America/New_York], close price: 292.200900, open price: 292.180000, low price: 292.145000, high price: 292.270000, volume: 41813.000000}
{end time: 2019-12-31T13:47-05:00[America/New_York], close price: 292.195000, open price: 292.209900, low price: 292.184000, high price: 292.232600, volume: 20436.000000}
{end time: 2019-12-31T13:48-05:00[America/New_York], close price: 292.240000, open price: 292.200000, low price: 292.190000, high price: 292.250000, volume: 17629.000000}
{end time: 2019-12-31T13:49-05:00[America/New_York], close price: 292.222000, open price: 292.230000, low price: 292.200000, high price: 292.250000, volume: 34357.000000}
{end time: 2019-12-31T13:50-05:00[America/New_York], close price: 292.110000, open price: 292.220000, low price: 292.110000, high price: 292.240000, volume: 20941.000000}
{end time: 2019-12-31T13:51-05:00[America/New_York], close price: 292.100000, open price: 292.120000, low price: 292.084300, high price: 292.130000, volume: 12928.000000}
{end time: 2019-12-31T13:52-05:00[America/New_York], close price: 292.147400, open price: 292.090000, low price: 292.080000, high price: 292.155000, volume: 9117.000000}
{end time: 2019-12-31T13:53-05:00[America/New_York], close price: 292.140000, open price: 292.140100, low price: 292.110000, high price: 292.159000, volume: 16417.000000}
{end time: 2019-12-31T13:54-05:00[America/New_York], close price: 292.133100, open price: 292.140500, low price: 292.110000, high price: 292.140500, volume: 9456.000000}
{end time: 2019-12-31T13:55-05:00[America/New_York], close price: 292.140000, open price: 292.140000, low price: 292.119400, high price: 292.160000, volume: 15611.000000}
{end time: 2019-12-31T13:56-05:00[America/New_York], close price: 292.160000, open price: 292.150000, low price: 292.150000, high price: 292.200000, volume: 16658.000000}
{end time: 2019-12-31T13:57-05:00[America/New_York], close price: 292.170000, open price: 292.178300, low price: 292.160000, high price: 292.185000, volume: 8868.000000}
{end time: 2019-12-31T13:58-05:00[America/New_York], close price: 292.185000, open price: 292.170000, low price: 292.160100, high price: 292.205000, volume: 19936.000000}
{end time: 2019-12-31T13:59-05:00[America/New_York], close price: 292.205700, open price: 292.180000, low price: 292.170000, high price: 292.220000, volume: 20723.000000}
{end time: 2019-12-31T14:00-05:00[America/New_York], close price: 292.200000, open price: 292.210000, low price: 292.170000, high price: 292.230000, volume: 16114.000000}
{end time: 2019-12-31T14:01-05:00[America/New_York], close price: 292.180000, open price: 292.180000, low price: 292.170000, high price: 292.220000, volume: 14961.000000}
{end time: 2019-12-31T14:02-05:00[America/New_York], close price: 292.150000, open price: 292.180000, low price: 292.110000, high price: 292.190000, volume: 20071.000000}
{end time: 2019-12-31T14:03-05:00[America/New_York], close price: 292.180000, open price: 292.160000, low price: 292.120000, high price: 292.200000, volume: 19937.000000}
{end time: 2019-12-31T14:04-05:00[America/New_York], close price: 292.170000, open price: 292.170000, low price: 292.130000, high price: 292.200000, volume: 16248.000000}
{end time: 2019-12-31T14:05-05:00[America/New_York], close price: 292.160000, open price: 292.163000, low price: 292.100000, high price: 292.180000, volume: 31011.000000}
{end time: 2019-12-31T14:06-05:00[America/New_York], close price: 292.150000, open price: 292.160000, low price: 292.140000, high price: 292.169900, volume: 16671.000000}
{end time: 2019-12-31T14:07-05:00[America/New_York], close price: 292.130200, open price: 292.140000, low price: 292.100100, high price: 292.150000, volume: 17287.000000}
{end time: 2019-12-31T14:08-05:00[America/New_York], close price: 292.110000, open price: 292.130000, low price: 292.105000, high price: 292.133400, volume: 24615.000000}
{end time: 2019-12-31T14:09-05:00[America/New_York], close price: 292.160000, open price: 292.115400, low price: 292.100000, high price: 292.160000, volume: 19744.000000}
{end time: 2019-12-31T14:10-05:00[America/New_York], close price: 292.134500, open price: 292.160000, low price: 292.130000, high price: 292.190000, volume: 17561.000000}
{end time: 2019-12-31T14:11-05:00[America/New_York], close price: 292.175300, open price: 292.134800, low price: 292.130000, high price: 292.177900, volume: 20774.000000}
{end time: 2019-12-31T14:12-05:00[America/New_York], close price: 292.175000, open price: 292.175000, low price: 292.154000, high price: 292.180000, volume: 10304.000000}
{end time: 2019-12-31T14:13-05:00[America/New_York], close price: 292.160000, open price: 292.175000, low price: 292.145000, high price: 292.195000, volume: 13181.000000}
{end time: 2019-12-31T14:14-05:00[America/New_York], close price: 292.080000, open price: 292.155000, low price: 292.040000, high price: 292.155000, volume: 55150.000000}
{end time: 2019-12-31T14:15-05:00[America/New_York], close price: 292.051300, open price: 292.070000, low price: 292.000000, high price: 292.070000, volume: 27465.000000}
{end time: 2019-12-31T14:16-05:00[America/New_York], close price: 292.040000, open price: 292.050000, low price: 292.034200, high price: 292.100000, volume: 22478.000000}
{end time: 2019-12-31T14:17-05:00[America/New_York], close price: 292.090000, open price: 292.034800, low price: 292.030000, high price: 292.130000, volume: 28997.000000}
{end time: 2019-12-31T14:18-05:00[America/New_York], close price: 292.105000, open price: 292.090000, low price: 291.990000, high price: 292.120000, volume: 47590.000000}
{end time: 2019-12-31T14:19-05:00[America/New_York], close price: 292.160000, open price: 292.100000, low price: 292.100000, high price: 292.190000, volume: 30056.000000}
{end time: 2019-12-31T14:20-05:00[America/New_York], close price: 292.171000, open price: 292.160000, low price: 292.150000, high price: 292.200000, volume: 32723.000000}
{end time: 2019-12-31T14:21-05:00[America/New_York], close price: 292.185000, open price: 292.170000, low price: 292.130000, high price: 292.200000, volume: 25410.000000}
{end time: 2019-12-31T14:22-05:00[America/New_York], close price: 292.255700, open price: 292.185500, low price: 292.173700, high price: 292.267100, volume: 51281.000000}
{end time: 2019-12-31T14:23-05:00[America/New_York], close price: 292.160000, open price: 292.255000, low price: 292.110500, high price: 292.280000, volume: 46143.000000}
{end time: 2019-12-31T14:24-05:00[America/New_York], close price: 292.170000, open price: 292.155000, low price: 292.120600, high price: 292.180400, volume: 21746.000000}
{end time: 2019-12-31T14:25-05:00[America/New_York], close price: 292.230600, open price: 292.180000, low price: 292.170000, high price: 292.280000, volume: 25410.000000}
{end time: 2019-12-31T14:26-05:00[America/New_York], close price: 292.270000, open price: 292.230000, low price: 292.207300, high price: 292.280000, volume: 19453.000000}
{end time: 2019-12-31T14:27-05:00[America/New_York], close price: 292.300000, open price: 292.268000, low price: 292.240000, high price: 292.300000, volume: 28134.000000}
{end time: 2019-12-31T14:28-05:00[America/New_York], close price: 292.269900, open price: 292.280000, low price: 292.240000, high price: 292.290000, volume: 17567.000000}
{end time: 2019-12-31T14:29-05:00[America/New_York], close price: 292.270000, open price: 292.270000, low price: 292.230000, high price: 292.290000, volume: 24466.000000}
{end time: 2019-12-31T14:30-05:00[America/New_York], close price: 292.255000, open price: 292.266200, low price: 292.240000, high price: 292.290000, volume: 13537.000000}
{end time: 2019-12-31T14:31-05:00[America/New_York], close price: 292.236200, open price: 292.250000, low price: 292.210000, high price: 292.270000, volume: 25791.000000}
{end time: 2019-12-31T14:32-05:00[America/New_York], close price: 292.286300, open price: 292.231000, low price: 292.210000, high price: 292.300000, volume: 21461.000000}
{end time: 2019-12-31T14:33-05:00[America/New_York], close price: 292.270000, open price: 292.270000, low price: 292.269100, high price: 292.290000, volume: 12116.000000}
{end time: 2019-12-31T14:34-05:00[America/New_York], close price: 292.330000, open price: 292.270000, low price: 292.260000, high price: 292.330000, volume: 45129.000000}
{end time: 2019-12-31T14:35-05:00[America/New_York], close price: 292.260000, open price: 292.330000, low price: 292.200000, high price: 292.350000, volume: 53835.000000}
{end time: 2019-12-31T14:36-05:00[America/New_York], close price: 292.255000, open price: 292.251400, low price: 292.210200, high price: 292.290000, volume: 22075.000000}
{end time: 2019-12-31T14:37-05:00[America/New_York], close price: 292.210000, open price: 292.250000, low price: 292.150000, high price: 292.250000, volume: 35884.000000}
{end time: 2019-12-31T14:38-05:00[America/New_York], close price: 292.145300, open price: 292.213900, low price: 292.130000, high price: 292.220000, volume: 24410.000000}
{end time: 2019-12-31T14:39-05:00[America/New_York], close price: 292.180000, open price: 292.145000, low price: 292.140000, high price: 292.190000, volume: 27677.000000}
{end time: 2019-12-31T14:40-05:00[America/New_York], close price: 292.191400, open price: 292.185500, low price: 292.180000, high price: 292.220000, volume: 16633.000000}
{end time: 2019-12-31T14:41-05:00[America/New_York], close price: 292.260000, open price: 292.190000, low price: 292.190000, high price: 292.270000, volume: 35225.000000}
{end time: 2019-12-31T14:42-05:00[America/New_York], close price: 292.230000, open price: 292.266800, low price: 292.220200, high price: 292.305000, volume: 33519.000000}
{end time: 2019-12-31T14:43-05:00[America/New_York], close price: 292.245000, open price: 292.240000, low price: 292.230200, high price: 292.270000, volume: 14123.000000}
{end time: 2019-12-31T14:44-05:00[America/New_York], close price: 292.260000, open price: 292.240000, low price: 292.230000, high price: 292.279900, volume: 15096.000000}
{end time: 2019-12-31T14:45-05:00[America/New_York], close price: 292.275000, open price: 292.260000, low price: 292.260000, high price: 292.325000, volume: 65495.000000}
{end time: 2019-12-31T14:46-05:00[America/New_York], close price: 292.319900, open price: 292.275700, low price: 292.273900, high price: 292.320000, volume: 14619.000000}
{end time: 2019-12-31T14:47-05:00[America/New_York], close price: 292.410000, open price: 292.315000, low price: 292.290000, high price: 292.414100, volume: 64453.000000}
{end time: 2019-12-31T14:48-05:00[America/New_York], close price: 292.413800, open price: 292.429900, low price: 292.360000, high price: 292.470000, volume: 49586.000000}
{end time: 2019-12-31T14:49-05:00[America/New_York], close price: 292.407400, open price: 292.415800, low price: 292.387800, high price: 292.430000, volume: 20573.000000}
{end time: 2019-12-31T14:50-05:00[America/New_York], close price: 292.400000, open price: 292.420000, low price: 292.380000, high price: 292.420000, volume: 32392.000000}
{end time: 2019-12-31T14:51-05:00[America/New_York], close price: 292.330000, open price: 292.390000, low price: 292.310000, high price: 292.390000, volume: 30459.000000}
{end time: 2019-12-31T14:52-05:00[America/New_York], close price: 292.322900, open price: 292.349800, low price: 292.310000, high price: 292.349800, volume: 23165.000000}
{end time: 2019-12-31T14:53-05:00[America/New_York], close price: 292.340000, open price: 292.320000, low price: 292.300000, high price: 292.360000, volume: 23825.000000}
{end time: 2019-12-31T14:54-05:00[America/New_York], close price: 292.330000, open price: 292.340000, low price: 292.290000, high price: 292.340000, volume: 33571.000000}
{end time: 2019-12-31T14:55-05:00[America/New_York], close price: 292.354300, open price: 292.340000, low price: 292.320000, high price: 292.360000, volume: 29818.000000}
{end time: 2019-12-31T14:56-05:00[America/New_York], close price: 292.322500, open price: 292.354300, low price: 292.320400, high price: 292.369900, volume: 20836.000000}
{end time: 2019-12-31T14:57-05:00[America/New_York], close price: 292.285100, open price: 292.324000, low price: 292.260000, high price: 292.325600, volume: 77320.000000}
{end time: 2019-12-31T14:58-05:00[America/New_York], close price: 292.270000, open price: 292.290000, low price: 292.270000, high price: 292.300000, volume: 27520.000000}
{end time: 2019-12-31T14:59-05:00[America/New_York], close price: 292.360000, open price: 292.280000, low price: 292.270000, high price: 292.360500, volume: 31384.000000}
{end time: 2019-12-31T15:00-05:00[America/New_York], close price: 292.300900, open price: 292.350000, low price: 292.260000, high price: 292.360000, volume: 26898.000000}
{end time: 2019-12-31T15:01-05:00[America/New_York], close price: 292.384300, open price: 292.310000, low price: 292.310000, high price: 292.400000, volume: 35188.000000}
{end time: 2019-12-31T15:02-05:00[America/New_York], close price: 292.389000, open price: 292.385000, low price: 292.360000, high price: 292.431300, volume: 37264.000000}
{end time: 2019-12-31T15:03-05:00[America/New_York], close price: 292.446100, open price: 292.409200, low price: 292.388500, high price: 292.490000, volume: 43437.000000}
{end time: 2019-12-31T15:04-05:00[America/New_York], close price: 292.790000, open price: 292.444200, low price: 292.444200, high price: 292.800000, volume: 163535.000000}
{end time: 2019-12-31T15:05-05:00[America/New_York], close price: 292.719900, open price: 292.780000, low price: 292.644700, high price: 292.798900, volume: 85461.000000}
{end time: 2019-12-31T15:06-05:00[America/New_York], close price: 292.900000, open price: 292.705300, low price: 292.690000, high price: 292.940000, volume: 118770.000000}
{end time: 2019-12-31T15:07-05:00[America/New_York], close price: 292.785500, open price: 292.901300, low price: 292.740000, high price: 292.930100, volume: 95976.000000}
{end time: 2019-12-31T15:08-05:00[America/New_York], close price: 292.759900, open price: 292.790000, low price: 292.700000, high price: 292.830000, volume: 60926.000000}
{end time: 2019-12-31T15:09-05:00[America/New_York], close price: 292.855500, open price: 292.750000, low price: 292.690000, high price: 292.880000, volume: 84263.000000}
{end time: 2019-12-31T15:10-05:00[America/New_York], close price: 292.748000, open price: 292.850000, low price: 292.740000, high price: 292.861000, volume: 39122.000000}
{end time: 2019-12-31T15:11-05:00[America/New_York], close price: 292.829900, open price: 292.744700, low price: 292.710000, high price: 292.850000, volume: 53592.000000}
{end time: 2019-12-31T15:12-05:00[America/New_York], close price: 292.921400, open price: 292.830000, low price: 292.780100, high price: 292.940000, volume: 82583.000000}
{end time: 2019-12-31T15:13-05:00[America/New_York], close price: 292.980000, open price: 292.940000, low price: 292.920000, high price: 293.020000, volume: 160873.000000}
{end time: 2019-12-31T15:14-05:00[America/New_York], close price: 292.802600, open price: 292.980500, low price: 292.760000, high price: 292.990000, volume: 49950.000000}
{end time: 2019-12-31T15:15-05:00[America/New_York], close price: 292.890000, open price: 292.794600, low price: 292.780000, high price: 292.990000, volume: 63383.000000}
{end time: 2019-12-31T15:16-05:00[America/New_York], close price: 292.900000, open price: 292.900000, low price: 292.890000, high price: 293.000000, volume: 55961.000000}
{end time: 2019-12-31T15:17-05:00[America/New_York], close price: 292.892200, open price: 292.908900, low price: 292.820000, high price: 292.960000, volume: 43814.000000}
{end time: 2019-12-31T15:18-05:00[America/New_York], close price: 293.080000, open price: 292.930000, low price: 292.910000, high price: 293.170000, volume: 121179.000000}
{end time: 2019-12-31T15:19-05:00[America/New_York], close price: 293.105500, open price: 293.077100, low price: 293.040000, high price: 293.150000, volume: 78113.000000}
{end time: 2019-12-31T15:20-05:00[America/New_York], close price: 293.170000, open price: 293.090000, low price: 293.090000, high price: 293.180000, volume: 63606.000000}
{end time: 2019-12-31T15:21-05:00[America/New_York], close price: 293.175000, open price: 293.166800, low price: 293.120000, high price: 293.180000, volume: 44773.000000}
{end time: 2019-12-31T15:22-05:00[America/New_York], close price: 293.190000, open price: 293.175000, low price: 293.130100, high price: 293.240000, volume: 85504.000000}
{end time: 2019-12-31T15:23-05:00[America/New_York], close price: 293.094100, open price: 293.194500, low price: 293.060000, high price: 293.240000, volume: 75696.000000}
{end time: 2019-12-31T15:24-05:00[America/New_York], close price: 293.060000, open price: 293.090000, low price: 292.980000, high price: 293.099900, volume: 88237.000000}
{end time: 2019-12-31T15:25-05:00[America/New_York], close price: 293.120800, open price: 293.065000, low price: 293.065000, high price: 293.140000, volume: 44524.000000}
{end time: 2019-12-31T15:26-05:00[America/New_York], close price: 293.179900, open price: 293.120000, low price: 293.010000, high price: 293.200000, volume: 53262.000000}
{end time: 2019-12-31T15:27-05:00[America/New_York], close price: 293.217700, open price: 293.175000, low price: 293.140100, high price: 293.240000, volume: 68527.000000}
{end time: 2019-12-31T15:28-05:00[America/New_York], close price: 293.190000, open price: 293.215000, low price: 293.158700, high price: 293.260000, volume: 68822.000000}
{end time: 2019-12-31T15:29-05:00[America/New_York], close price: 293.170000, open price: 293.210000, low price: 293.150000, high price: 293.260000, volume: 55218.000000}
{end time: 2019-12-31T15:30-05:00[America/New_York], close price: 293.189900, open price: 293.180100, low price: 293.140000, high price: 293.240000, volume: 61368.000000}
{end time: 2019-12-31T15:31-05:00[America/New_York], close price: 293.140000, open price: 293.170000, low price: 293.090000, high price: 293.180000, volume: 48507.000000}
{end time: 2019-12-31T15:32-05:00[America/New_York], close price: 293.020000, open price: 293.136800, low price: 292.920000, high price: 293.136800, volume: 104874.000000}
{end time: 2019-12-31T15:33-05:00[America/New_York], close price: 293.017300, open price: 293.026700, low price: 292.930000, high price: 293.080000, volume: 73735.000000}
{end time: 2019-12-31T15:34-05:00[America/New_York], close price: 293.020000, open price: 293.020000, low price: 292.940000, high price: 293.100000, volume: 50462.000000}
{end time: 2019-12-31T15:35-05:00[America/New_York], close price: 292.945000, open price: 293.013400, low price: 292.930000, high price: 293.015500, volume: 43565.000000}
{end time: 2019-12-31T15:36-05:00[America/New_York], close price: 293.040000, open price: 292.942100, low price: 292.942100, high price: 293.060000, volume: 66652.000000}
{end time: 2019-12-31T15:37-05:00[America/New_York], close price: 293.140000, open price: 293.040000, low price: 293.010000, high price: 293.160000, volume: 88946.000000}
{end time: 2019-12-31T15:38-05:00[America/New_York], close price: 293.080000, open price: 293.144200, low price: 293.060000, high price: 293.150000, volume: 58628.000000}
{end time: 2019-12-31T15:39-05:00[America/New_York], close price: 293.084600, open price: 293.080100, low price: 293.050000, high price: 293.129900, volume: 66203.000000}
{end time: 2019-12-31T15:40-05:00[America/New_York], close price: 293.177800, open price: 293.085000, low price: 293.080000, high price: 293.177800, volume: 59515.000000}
{end time: 2019-12-31T15:41-05:00[America/New_York], close price: 293.200000, open price: 293.175000, low price: 293.160000, high price: 293.200000, volume: 69995.000000}
{end time: 2019-12-31T15:42-05:00[America/New_York], close price: 293.270000, open price: 293.200000, low price: 293.190000, high price: 293.270000, volume: 99294.000000}
{end time: 2019-12-31T15:43-05:00[America/New_York], close price: 293.360000, open price: 293.270000, low price: 293.260000, high price: 293.400000, volume: 109870.000000}
{end time: 2019-12-31T15:44-05:00[America/New_York], close price: 293.500000, open price: 293.360000, low price: 293.350000, high price: 293.540000, volume: 147515.000000}
{end time: 2019-12-31T15:45-05:00[America/New_York], close price: 293.430000, open price: 293.498300, low price: 293.410000, high price: 293.550000, volume: 137737.000000}
{end time: 2019-12-31T15:46-05:00[America/New_York], close price: 293.410000, open price: 293.450000, low price: 293.370100, high price: 293.480000, volume: 116069.000000}
{end time: 2019-12-31T15:47-05:00[America/New_York], close price: 293.335000, open price: 293.425000, low price: 293.330000, high price: 293.480000, volume: 64676.000000}
{end time: 2019-12-31T15:48-05:00[America/New_York], close price: 293.270000, open price: 293.335000, low price: 293.250000, high price: 293.370000, volume: 86385.000000}
{end time: 2019-12-31T15:49-05:00[America/New_York], close price: 293.310000, open price: 293.280000, low price: 293.200000, high price: 293.340000, volume: 93697.000000}
{end time: 2019-12-31T15:50-05:00[America/New_York], close price: 293.150000, open price: 293.300000, low price: 293.150000, high price: 293.580000, volume: 151823.000000}
{end time: 2019-12-31T15:51-05:00[America/New_York], close price: 293.090000, open price: 293.150000, low price: 292.960000, high price: 293.180000, volume: 113030.000000}
{end time: 2019-12-31T15:52-05:00[America/New_York], close price: 293.049900, open price: 293.090000, low price: 293.000000, high price: 293.180000, volume: 97787.000000}
{end time: 2019-12-31T15:53-05:00[America/New_York], close price: 293.070000, open price: 293.030000, low price: 292.970000, high price: 293.150000, volume: 117356.000000}
{end time: 2019-12-31T15:54-05:00[America/New_York], close price: 293.452200, open price: 293.070000, low price: 293.060000, high price: 293.490000, volume: 216173.000000}
{end time: 2019-12-31T15:55-05:00[America/New_York], close price: 293.580000, open price: 293.470000, low price: 293.420000, high price: 293.680000, volume: 315474.000000}
{end time: 2019-12-31T15:56-05:00[America/New_York], close price: 293.440000, open price: 293.580000, low price: 293.380000, high price: 293.620000, volume: 165506.000000}
{end time: 2019-12-31T15:57-05:00[America/New_York], close price: 293.390000, open price: 293.440000, low price: 293.300000, high price: 293.560000, volume: 171688.000000}
{end time: 2019-12-31T15:58-05:00[America/New_York], close price: 293.509900, open price: 293.400000, low price: 293.400000, high price: 293.550000, volume: 216076.000000}
{end time: 2019-12-31T15:59-05:00[America/New_York], close price: 293.370000, open price: 293.510000, low price: 293.350000, high price: 293.660000, volume: 471967.000000}
{end time: 2019-12-31T16:00-05:00[America/New_York], close price: 293.540000, open price: 293.590000, low price: 293.240000, high price: 293.650000, volume: 824376.000000}
{end time: 2019-12-31T16:01-05:00[America/New_York], close price: 293.650000, open price: 293.650000, low price: 293.540000, high price: 293.660100, volume: 11096.000000}
{end time: 2019-12-31T16:02-05:00[America/New_York], close price: 293.660000, open price: 293.650000, low price: 293.650000, high price: 293.680000, volume: 3747.000000}
{end time: 2019-12-31T16:03-05:00[America/New_York], close price: 293.610000, open price: 293.660000, low price: 293.610000, high price: 293.680000, volume: 21434.000000}
{end time: 2019-12-31T16:04-05:00[America/New_York], close price: 293.650000, open price: 293.630000, low price: 293.560000, high price: 293.660000, volume: 4267.000000}
{end time: 2019-12-31T16:05-05:00[America/New_York], close price: 293.600000, open price: 293.650000, low price: 293.600000, high price: 293.690000, volume: 8601.000000}
{end time: 2019-12-31T16:06-05:00[America/New_York], close price: 293.600000, open price: 293.600000, low price: 293.580000, high price: 293.600000, volume: 6127.000000}
{end time: 2019-12-31T16:07-05:00[America/New_York], close price: 293.600000, open price: 293.600000, low price: 293.560000, high price: 293.600000, volume: 236273.000000}
{end time: 2019-12-31T16:08-05:00[America/New_York], close price: 293.580000, open price: 293.600000, low price: 293.580000, high price: 293.600000, volume: 1781.000000}
{end time: 2019-12-31T16:09-05:00[America/New_York], close price: 293.650000, open price: 293.580000, low price: 293.580000, high price: 293.650000, volume: 3266.000000}
{end time: 2019-12-31T16:10-05:00[America/New_York], close price: 293.650100, open price: 293.650000, low price: 293.650000, high price: 293.650200, volume: 33101.000000}
{end time: 2019-12-31T16:11-05:00[America/New_York], close price: 293.650000, open price: 293.670200, low price: 293.650000, high price: 293.670200, volume: 2647.000000}
{end time: 2019-12-31T16:12-05:00[America/New_York], close price: 293.690000, open price: 293.650200, low price: 293.650200, high price: 293.690000, volume: 81065.000000}
{end time: 2019-12-31T16:13-05:00[America/New_York], close price: 293.630000, open price: 293.690000, low price: 293.630000, high price: 293.700000, volume: 8393.000000}
{end time: 2019-12-31T16:14-05:00[America/New_York], close price: 293.610000, open price: 293.630000, low price: 293.600000, high price: 293.630000, volume: 8849.000000}
{end time: 2019-12-31T16:15-05:00[America/New_York], close price: 293.620000, open price: 293.620000, low price: 293.620000, high price: 293.620000, volume: 428.000000}
{end time: 2019-12-31T16:16-05:00[America/New_York], close price: 293.600000, open price: 293.580000, low price: 293.580000, high price: 293.600000, volume: 1294.000000}
{end time: 2019-12-31T16:17-05:00[America/New_York], close price: 293.650000, open price: 293.650000, low price: 293.650000, high price: 293.650000, volume: 664.000000}
{end time: 2019-12-31T16:18-05:00[America/New_York], close price: 293.680000, open price: 293.690000, low price: 293.680000, high price: 293.700000, volume: 6328.000000}
{end time: 2019-12-31T16:19-05:00[America/New_York], close price: 293.720000, open price: 293.690000, low price: 293.680000, high price: 293.720000, volume: 10503.000000}
{end time: 2019-12-31T16:20-05:00[America/New_York], close price: 293.680000, open price: 293.710000, low price: 293.680000, high price: 293.710000, volume: 598.000000}
{end time: 2019-12-31T16:21-05:00[America/New_York], close price: 293.750000, open price: 293.880000, low price: 293.750000, high price: 293.880000, volume: 737.000000}
{end time: 2019-12-31T16:22-05:00[America/New_York], close price: 293.750000, open price: 293.690000, low price: 293.690000, high price: 293.750000, volume: 660.000000}
{end time: 2019-12-31T16:23-05:00[America/New_York], close price: 293.770000, open price: 293.770000, low price: 293.770000, high price: 293.770000, volume: 630.000000}
{end time: 2019-12-31T16:24-05:00[America/New_York], close price: 293.700000, open price: 293.780000, low price: 293.700000, high price: 293.780000, volume: 7890.000000}
{end time: 2019-12-31T16:25-05:00[America/New_York], close price: 293.700200, open price: 293.700000, low price: 293.680000, high price: 293.700200, volume: 2075.000000}
{end time: 2019-12-31T16:27-05:00[America/New_York], close price: 293.800000, open price: 293.890000, low price: 293.780000, high price: 293.890000, volume: 1377.000000}
{end time: 2019-12-31T16:28-05:00[America/New_York], close price: 293.800000, open price: 293.800000, low price: 293.800000, high price: 293.800000, volume: 512.000000}
{end time: 2019-12-31T16:29-05:00[America/New_York], close price: 293.819800, open price: 293.800000, low price: 293.770000, high price: 293.820000, volume: 959.000000}
{end time: 2019-12-31T16:31-05:00[America/New_York], close price: 293.790000, open price: 293.790000, low price: 293.790000, high price: 293.790000, volume: 289.000000}
{end time: 2019-12-31T16:32-05:00[America/New_York], close price: 293.800000, open price: 293.800000, low price: 293.800000, high price: 293.800000, volume: 652.000000}
{end time: 2019-12-31T16:33-05:00[America/New_York], close price: 293.800000, open price: 293.800000, low price: 293.800000, high price: 293.800000, volume: 132669.000000}
{end time: 2019-12-31T16:34-05:00[America/New_York], close price: 293.760000, open price: 293.770000, low price: 293.760000, high price: 293.770000, volume: 2008.000000}
{end time: 2019-12-31T16:35-05:00[America/New_York], close price: 293.840000, open price: 293.780000, low price: 293.780000, high price: 293.840000, volume: 2049.000000}
{end time: 2019-12-31T16:36-05:00[America/New_York], close price: 293.760000, open price: 293.780000, low price: 293.760000, high price: 293.800000, volume: 1836.000000}
{end time: 2019-12-31T16:37-05:00[America/New_York], close price: 293.760000, open price: 293.750000, low price: 293.750000, high price: 293.760000, volume: 1356.000000}
{end time: 2019-12-31T16:39-05:00[America/New_York], close price: 293.700000, open price: 293.700000, low price: 293.700000, high price: 293.700000, volume: 9389.000000}
{end time: 2019-12-31T16:40-05:00[America/New_York], close price: 293.750000, open price: 293.750000, low price: 293.750000, high price: 293.760000, volume: 1907.000000}
{end time: 2019-12-31T16:41-05:00[America/New_York], close price: 293.710000, open price: 293.750000, low price: 293.710000, high price: 293.750000, volume: 930.000000}
{end time: 2019-12-31T16:42-05:00[America/New_York], close price: 293.760000, open price: 293.750000, low price: 293.750000, high price: 293.760000, volume: 1622.000000}
{end time: 2019-12-31T16:44-05:00[America/New_York], close price: 293.800000, open price: 293.800000, low price: 293.800000, high price: 293.800000, volume: 1609.000000}
{end time: 2019-12-31T16:46-05:00[America/New_York], close price: 293.800000, open price: 293.820000, low price: 293.800000, high price: 293.820000, volume: 10932.000000}
{end time: 2019-12-31T16:47-05:00[America/New_York], close price: 293.800200, open price: 293.800000, low price: 293.800000, high price: 293.800200, volume: 400.000000}
{end time: 2019-12-31T16:49-05:00[America/New_York], close price: 293.810000, open price: 293.810000, low price: 293.810000, high price: 293.810000, volume: 439.000000}
{end time: 2019-12-31T16:50-05:00[America/New_York], close price: 293.800000, open price: 293.810000, low price: 293.800000, high price: 293.810000, volume: 4532.000000}
{end time: 2019-12-31T16:51-05:00[America/New_York], close price: 293.820000, open price: 293.810000, low price: 293.810000, high price: 293.820000, volume: 1907.000000}
{end time: 2019-12-31T16:52-05:00[America/New_York], close price: 293.820000, open price: 293.820000, low price: 293.820000, high price: 293.820000, volume: 466.000000}
{end time: 2019-12-31T16:53-05:00[America/New_York], close price: 293.820000, open price: 293.820000, low price: 293.800000, high price: 293.820000, volume: 4398.000000}
{end time: 2019-12-31T16:55-05:00[America/New_York], close price: 293.820000, open price: 293.840000, low price: 293.820000, high price: 293.840000, volume: 302.000000}
{end time: 2019-12-31T16:56-05:00[America/New_York], close price: 293.840000, open price: 293.840000, low price: 293.840000, high price: 293.840000, volume: 1862.000000}
{end time: 2019-12-31T16:57-05:00[America/New_York], close price: 293.820000, open price: 293.820000, low price: 293.820000, high price: 293.820000, volume: 588.000000}
{end time: 2019-12-31T16:58-05:00[America/New_York], close price: 293.820000, open price: 293.820000, low price: 293.820000, high price: 293.820000, volume: 1052.000000}
{end time: 2019-12-31T16:59-05:00[America/New_York], close price: 293.820000, open price: 293.820000, low price: 293.820000, high price: 293.820000, volume: 2418.000000}
{end time: 2019-12-31T17:02-05:00[America/New_York], close price: 293.790000, open price: 293.770000, low price: 293.770000, high price: 293.790000, volume: 207.000000}
{end time: 2019-12-31T17:06-05:00[America/New_York], close price: 293.800000, open price: 293.790000, low price: 293.790000, high price: 293.800000, volume: 954.000000}
{end time: 2019-12-31T17:08-05:00[America/New_York], close price: 293.820000, open price: 293.820000, low price: 293.820000, high price: 293.820000, volume: 114.000000}
{end time: 2019-12-31T17:09-05:00[America/New_York], close price: 293.820000, open price: 293.820000, low price: 293.820000, high price: 293.820000, volume: 901.000000}
{end time: 2019-12-31T17:14-05:00[America/New_York], close price: 293.840000, open price: 293.840000, low price: 293.840000, high price: 293.840000, volume: 262.000000}
{end time: 2019-12-31T17:21-05:00[America/New_York], close price: 293.760000, open price: 293.800000, low price: 293.760000, high price: 293.800000, volume: 2334.000000}
{end time: 2019-12-31T17:22-05:00[America/New_York], close price: 293.760000, open price: 293.760000, low price: 293.760000, high price: 293.800000, volume: 3770.000000}
{end time: 2019-12-31T17:26-05:00[America/New_York], close price: 293.800000, open price: 293.800000, low price: 293.800000, high price: 293.800000, volume: 264.000000}
{end time: 2019-12-31T17:27-05:00[America/New_York], close price: 293.780000, open price: 293.780000, low price: 293.780000, high price: 293.780000, volume: 231.000000}
{end time: 2019-12-31T17:28-05:00[America/New_York], close price: 293.760000, open price: 293.770000, low price: 293.760000, high price: 293.770000, volume: 2529.000000}
{end time: 2019-12-31T17:30-05:00[America/New_York], close price: 293.760000, open price: 293.760000, low price: 293.760000, high price: 293.760000, volume: 445.000000}
{end time: 2019-12-31T17:33-05:00[America/New_York], close price: 293.780000, open price: 293.780000, low price: 293.780000, high price: 293.780000, volume: 250.000000}
{end time: 2019-12-31T17:34-05:00[America/New_York], close price: 293.760000, open price: 293.760000, low price: 293.760000, high price: 293.760000, volume: 358.000000}
{end time: 2019-12-31T17:35-05:00[America/New_York], close price: 293.750000, open price: 293.750000, low price: 293.750000, high price: 293.750000, volume: 365.000000}
{end time: 2019-12-31T17:37-05:00[America/New_York], close price: 293.750000, open price: 293.750000, low price: 293.750000, high price: 293.750000, volume: 181.000000}
{end time: 2019-12-31T17:38-05:00[America/New_York], close price: 293.750000, open price: 293.750000, low price: 293.750000, high price: 293.750000, volume: 4179.000000}
{end time: 2019-12-31T17:39-05:00[America/New_York], close price: 293.750000, open price: 293.750000, low price: 293.750000, high price: 293.750000, volume: 110.000000}
{end time: 2019-12-31T17:40-05:00[America/New_York], close price: 293.750000, open price: 293.770000, low price: 293.750000, high price: 293.770000, volume: 703.000000}
{end time: 2019-12-31T17:41-05:00[America/New_York], close price: 293.780000, open price: 293.780000, low price: 293.780000, high price: 293.780000, volume: 2615.000000}
{end time: 2019-12-31T17:43-05:00[America/New_York], close price: 293.760000, open price: 293.770000, low price: 293.760000, high price: 293.770000, volume: 1145.000000}
{end time: 2019-12-31T17:44-05:00[America/New_York], close price: 293.760000, open price: 293.760000, low price: 293.760000, high price: 293.760000, volume: 258.000000}
{end time: 2019-12-31T17:45-05:00[America/New_York], close price: 293.760000, open price: 293.770000, low price: 293.760000, high price: 293.770000, volume: 576.000000}
{end time: 2019-12-31T17:46-05:00[America/New_York], close price: 293.760000, open price: 293.760000, low price: 293.760000, high price: 293.760000, volume: 100.000000}
{end time: 2019-12-31T17:49-05:00[America/New_York], close price: 293.750000, open price: 293.750000, low price: 293.750000, high price: 293.750000, volume: 1001.000000}
{end time: 2019-12-31T17:50-05:00[America/New_York], close price: 293.750000, open price: 293.760000, low price: 293.750000, high price: 293.760000, volume: 336.000000}
{end time: 2019-12-31T17:51-05:00[America/New_York], close price: 293.750000, open price: 293.750000, low price: 293.750000, high price: 293.750000, volume: 2298.000000}
{end time: 2019-12-31T17:52-05:00[America/New_York], close price: 293.710000, open price: 293.710000, low price: 293.710000, high price: 293.710000, volume: 1047.000000}
{end time: 2019-12-31T17:53-05:00[America/New_York], close price: 293.710000, open price: 293.710000, low price: 293.710000, high price: 293.710000, volume: 413.000000}
{end time: 2019-12-31T17:54-05:00[America/New_York], close price: 293.710000, open price: 293.710000, low price: 293.710000, high price: 293.710000, volume: 340.000000}
{end time: 2019-12-31T17:55-05:00[America/New_York], close price: 293.709900, open price: 293.709900, low price: 293.709900, high price: 293.709900, volume: 2002.000000}
{end time: 2019-12-31T17:56-05:00[America/New_York], close price: 293.710000, open price: 293.710000, low price: 293.710000, high price: 293.710000, volume: 644.000000}
{end time: 2019-12-31T17:58-05:00[America/New_York], close price: 293.700000, open price: 293.700000, low price: 293.700000, high price: 293.700000, volume: 1098.000000}
{end time: 2019-12-31T18:01-05:00[America/New_York], close price: 293.740000, open price: 293.700000, low price: 293.700000, high price: 293.740000, volume: 1000.000000}
{end time: 2019-12-31T18:02-05:00[America/New_York], close price: 293.740000, open price: 293.750000, low price: 293.740000, high price: 293.750000, volume: 2224.000000}
{end time: 2019-12-31T18:05-05:00[America/New_York], close price: 293.780000, open price: 293.780000, low price: 293.780000, high price: 293.780000, volume: 215.000000}
{end time: 2019-12-31T18:06-05:00[America/New_York], close price: 293.750000, open price: 293.750000, low price: 293.750000, high price: 293.750000, volume: 1000.000000}
{end time: 2019-12-31T18:09-05:00[America/New_York], close price: 293.750000, open price: 293.750000, low price: 293.750000, high price: 293.750000, volume: 103.000000}
{end time: 2019-12-31T18:11-05:00[America/New_York], close price: 293.750000, open price: 293.750000, low price: 293.750000, high price: 293.750000, volume: 347.000000}
{end time: 2019-12-31T18:12-05:00[America/New_York], close price: 293.790000, open price: 293.780000, low price: 293.780000, high price: 293.790000, volume: 320.000000}
{end time: 2019-12-31T18:13-05:00[America/New_York], close price: 293.750000, open price: 293.770000, low price: 293.750000, high price: 293.770000, volume: 200.000000}
{end time: 2019-12-31T18:16-05:00[America/New_York], close price: 293.750000, open price: 293.750000, low price: 293.750000, high price: 293.750000, volume: 311.000000}
{end time: 2019-12-31T18:26-05:00[America/New_York], close price: 293.800000, open price: 293.800000, low price: 293.800000, high price: 293.800000, volume: 200.000000}
{end time: 2019-12-31T18:28-05:00[America/New_York], close price: 293.800000, open price: 293.760000, low price: 293.760000, high price: 293.800000, volume: 825.000000}
{end time: 2019-12-31T18:30-05:00[America/New_York], close price: 293.800000, open price: 293.800000, low price: 293.800000, high price: 293.800000, volume: 300.000000}
{end time: 2019-12-31T18:31-05:00[America/New_York], close price: 293.840000, open price: 293.800000, low price: 293.800000, high price: 293.840000, volume: 2505.000000}
{end time: 2019-12-31T18:33-05:00[America/New_York], close price: 293.840000, open price: 293.830000, low price: 293.830000, high price: 293.840000, volume: 1805.000000}
{end time: 2019-12-31T18:35-05:00[America/New_York], close price: 293.840000, open price: 293.840000, low price: 293.830000, high price: 293.840000, volume: 1000.000000}
{end time: 2019-12-31T18:37-05:00[America/New_York], close price: 293.800000, open price: 293.800000, low price: 293.800000, high price: 293.800000, volume: 180.000000}
{end time: 2019-12-31T18:43-05:00[America/New_York], close price: 293.840000, open price: 293.830000, low price: 293.830000, high price: 293.840000, volume: 1000.000000}
{end time: 2019-12-31T18:48-05:00[America/New_York], close price: 293.800000, open price: 293.800000, low price: 293.800000, high price: 293.800000, volume: 500.000000}
{end time: 2019-12-31T18:50-05:00[America/New_York], close price: 293.800000, open price: 293.830000, low price: 293.800000, high price: 293.830000, volume: 758.000000}
{end time: 2019-12-31T18:53-05:00[America/New_York], close price: 293.820000, open price: 293.820000, low price: 293.820000, high price: 293.820000, volume: 555.000000}
{end time: 2019-12-31T18:55-05:00[America/New_York], close price: 293.810000, open price: 293.810000, low price: 293.810000, high price: 293.810000, volume: 141.000000}
{end time: 2019-12-31T18:56-05:00[America/New_York], close price: 293.810000, open price: 293.810000, low price: 293.810000, high price: 293.810000, volume: 100.000000}
{end time: 2019-12-31T19:00-05:00[America/New_York], close price: 293.830000, open price: 293.760000, low price: 293.100000, high price: 293.830000, volume: 14875.000000}
{end time: 2019-12-31T19:01-05:00[America/New_York], close price: 293.750000, open price: 293.750000, low price: 293.750000, high price: 293.750000, volume: 230.000000}
{end time: 2019-12-31T19:03-05:00[America/New_York], close price: 293.660000, open price: 293.660000, low price: 293.660000, high price: 293.660000, volume: 500.000000}
{end time: 2019-12-31T19:12-05:00[America/New_York], close price: 293.800000, open price: 293.800000, low price: 293.800000, high price: 293.800000, volume: 100.000000}
{end time: 2019-12-31T19:14-05:00[America/New_York], close price: 293.700000, open price: 293.790000, low price: 293.700000, high price: 293.790000, volume: 2600.000000}
{end time: 2019-12-31T19:19-05:00[America/New_York], close price: 293.750000, open price: 293.750000, low price: 293.750000, high price: 293.750000, volume: 100.000000}
{end time: 2019-12-31T19:20-05:00[America/New_York], close price: 293.750000, open price: 293.750000, low price: 293.750000, high price: 293.750000, volume: 123.000000}
{end time: 2019-12-31T19:21-05:00[America/New_York], close price: 293.750000, open price: 293.750000, low price: 293.750000, high price: 293.750000, volume: 200.000000}
{end time: 2019-12-31T19:30-05:00[America/New_York], close price: 293.710000, open price: 293.710000, low price: 293.710000, high price: 293.710000, volume: 103.000000}
{end time: 2019-12-31T19:31-05:00[America/New_York], close price: 293.710000, open price: 293.710000, low price: 293.710000, high price: 293.710000, volume: 115.000000}
{end time: 2019-12-31T19:32-05:00[America/New_York], close price: 293.700000, open price: 293.710000, low price: 293.700000, high price: 293.710000, volume: 3100.000000}
{end time: 2019-12-31T19:37-05:00[America/New_York], close price: 293.700000, open price: 293.700000, low price: 293.700000, high price: 293.700000, volume: 446.000000}
{end time: 2019-12-31T19:40-05:00[America/New_York], close price: 293.710000, open price: 293.790000, low price: 293.710000, high price: 293.790000, volume: 3610.000000}
{end time: 2019-12-31T19:42-05:00[America/New_York], close price: 293.699900, open price: 293.699900, low price: 293.699900, high price: 293.699900, volume: 232.000000}
{end time: 2019-12-31T19:44-05:00[America/New_York], close price: 293.690000, open price: 293.690000, low price: 293.690000, high price: 293.690000, volume: 270.000000}
{end time: 2019-12-31T19:45-05:00[America/New_York], close price: 293.690000, open price: 293.690000, low price: 293.690000, high price: 293.690000, volume: 261.000000}
{end time: 2019-12-31T19:48-05:00[America/New_York], close price: 293.690000, open price: 293.690000, low price: 293.690000, high price: 293.690000, volume: 133.000000}
{end time: 2019-12-31T19:51-05:00[America/New_York], close price: 293.660000, open price: 293.680000, low price: 293.660000, high price: 293.680000, volume: 2355.000000}
{end time: 2019-12-31T19:55-05:00[America/New_York], close price: 293.700000, open price: 293.700000, low price: 293.700000, high price: 293.700000, volume: 3000.000000}
{end time: 2019-12-31T19:56-05:00[America/New_York], close price: 293.700000, open price: 293.700000, low price: 293.700000, high price: 293.700000, volume: 556.000000}
{end time: 2019-12-31T19:58-05:00[America/New_York], close price: 293.650000, open price: 293.660000, low price: 293.650000, high price: 293.660000, volume: 752.000000}
{end time: 2019-12-31T19:59-05:00[America/New_York], close price: 293.680000, open price: 293.640000, low price: 293.640000, high price: 293.680000, volume: 372.000000}
{end time: 2020-01-02T04:00-05:00[America/New_York], close price: 295.080000, open price: 295.050000, low price: 295.050000, high price: 295.080000, volume: 8910.000000}
{end time: 2020-01-02T04:06-05:00[America/New_York], close price: 295.590000, open price: 295.350000, low price: 295.350000, high price: 295.590000, volume: 719.000000}
{end time: 2020-01-02T04:08-05:00[America/New_York], close price: 295.550000, open price: 295.550000, low price: 295.550000, high price: 295.550000, volume: 266.000000}
{end time: 2020-01-02T04:09-05:00[America/New_York], close price: 295.750000, open price: 295.740000, low price: 295.740000, high price: 295.750000, volume: 1410.000000}
{end time: 2020-01-02T04:10-05:00[America/New_York], close price: 295.600000, open price: 295.600000, low price: 295.600000, high price: 295.600000, volume: 1000.000000}
{end time: 2020-01-02T04:14-05:00[America/New_York], close price: 295.690000, open price: 295.690000, low price: 295.690000, high price: 295.690000, volume: 507.000000}
{end time: 2020-01-02T04:15-05:00[America/New_York], close price: 295.680000, open price: 295.680000, low price: 295.680000, high price: 295.680000, volume: 164.000000}
{end time: 2020-01-02T04:17-05:00[America/New_York], close price: 295.740000, open price: 295.680000, low price: 295.680000, high price: 295.740000, volume: 443.000000}
{end time: 2020-01-02T04:20-05:00[America/New_York], close price: 295.650000, open price: 295.600000, low price: 295.600000, high price: 295.650000, volume: 1000.000000}
{end time: 2020-01-02T04:21-05:00[America/New_York], close price: 295.700000, open price: 295.700000, low price: 295.700000, high price: 295.700000, volume: 556.000000}
{end time: 2020-01-02T04:24-05:00[America/New_York], close price: 295.740000, open price: 295.740000, low price: 295.740000, high price: 295.740000, volume: 927.000000}
{end time: 2020-01-02T04:25-05:00[America/New_York], close price: 295.740000, open price: 295.740000, low price: 295.740000, high price: 295.740000, volume: 676.000000}
{end time: 2020-01-02T04:30-05:00[America/New_York], close price: 295.670000, open price: 295.700000, low price: 295.670000, high price: 295.700000, volume: 638.000000}
{end time: 2020-01-02T04:32-05:00[America/New_York], close price: 295.560000, open price: 295.580000, low price: 295.560000, high price: 295.580000, volume: 3303.000000}
{end time: 2020-01-02T04:33-05:00[America/New_York], close price: 295.560000, open price: 295.500000, low price: 295.500000, high price: 295.560000, volume: 1119.000000}
{end time: 2020-01-02T04:34-05:00[America/New_York], close price: 295.560000, open price: 295.560000, low price: 295.560000, high price: 295.560000, volume: 1403.000000}
{end time: 2020-01-02T04:35-05:00[America/New_York], close price: 295.560000, open price: 295.560000, low price: 295.560000, high price: 295.560000, volume: 700.000000}
{end time: 2020-01-02T04:36-05:00[America/New_York], close price: 295.560000, open price: 295.560000, low price: 295.560000, high price: 295.560000, volume: 609.000000}
{end time: 2020-01-02T04:50-05:00[America/New_York], close price: 295.630000, open price: 295.630000, low price: 295.630000, high price: 295.630000, volume: 289.000000}
{end time: 2020-01-02T04:51-05:00[America/New_York], close price: 295.740000, open price: 295.670000, low price: 295.670000, high price: 295.740000, volume: 1210.000000}
{end time: 2020-01-02T04:52-05:00[America/New_York], close price: 295.730000, open price: 295.730000, low price: 295.730000, high price: 295.730000, volume: 289.000000}
{end time: 2020-01-02T05:01-05:00[America/New_York], close price: 295.880000, open price: 295.750000, low price: 295.750000, high price: 295.880000, volume: 1579.000000}
{end time: 2020-01-02T05:13-05:00[America/New_York], close price: 295.990000, open price: 295.900000, low price: 295.900000, high price: 295.990000, volume: 765.000000}
{end time: 2020-01-02T05:14-05:00[America/New_York], close price: 296.000000, open price: 296.000000, low price: 296.000000, high price: 296.000000, volume: 317.000000}
{end time: 2020-01-02T05:16-05:00[America/New_York], close price: 295.940000, open price: 295.940000, low price: 295.940000, high price: 295.940000, volume: 100.000000}
{end time: 2020-01-02T05:19-05:00[America/New_York], close price: 295.910000, open price: 295.910000, low price: 295.910000, high price: 295.910000, volume: 396.000000}
{end time: 2020-01-02T05:27-05:00[America/New_York], close price: 295.990000, open price: 296.000000, low price: 295.990000, high price: 296.000000, volume: 1650.000000}
{end time: 2020-01-02T05:29-05:00[America/New_York], close price: 295.920000, open price: 295.990000, low price: 295.920000, high price: 295.990000, volume: 611.000000}
{end time: 2020-01-02T05:30-05:00[America/New_York], close price: 295.900000, open price: 295.990000, low price: 295.900000, high price: 295.990000, volume: 492.000000}
{end time: 2020-01-02T05:35-05:00[America/New_York], close price: 295.980000, open price: 295.970000, low price: 295.970000, high price: 295.980000, volume: 1131.000000}
{end time: 2020-01-02T05:37-05:00[America/New_York], close price: 295.980000, open price: 295.930000, low price: 295.930000, high price: 295.980000, volume: 432.000000}
{end time: 2020-01-02T05:39-05:00[America/New_York], close price: 295.850000, open price: 295.850000, low price: 295.850000, high price: 295.850000, volume: 290.000000}
{end time: 2020-01-02T05:43-05:00[America/New_York], close price: 295.900000, open price: 295.890000, low price: 295.890000, high price: 295.900000, volume: 700.000000}
{end time: 2020-01-02T05:46-05:00[America/New_York], close price: 295.900000, open price: 295.900000, low price: 295.900000, high price: 295.900000, volume: 507.000000}
{end time: 2020-01-02T05:48-05:00[America/New_York], close price: 295.900000, open price: 295.900000, low price: 295.900000, high price: 295.900000, volume: 465.000000}
{end time: 2020-01-02T05:49-05:00[America/New_York], close price: 296.000000, open price: 295.960000, low price: 295.960000, high price: 296.000000, volume: 1171.000000}
{end time: 2020-01-02T05:51-05:00[America/New_York], close price: 295.800000, open price: 295.800000, low price: 295.800000, high price: 295.800000, volume: 252.000000}
{end time: 2020-01-02T05:53-05:00[America/New_York], close price: 295.950000, open price: 295.930000, low price: 295.930000, high price: 295.950000, volume: 300.000000}
{end time: 2020-01-02T05:54-05:00[America/New_York], close price: 296.000000, open price: 295.950000, low price: 295.950000, high price: 296.000000, volume: 286.000000}
{end time: 2020-01-02T05:55-05:00[America/New_York], close price: 296.000000, open price: 296.000000, low price: 296.000000, high price: 296.000000, volume: 1436.000000}
{end time: 2020-01-02T05:56-05:00[America/New_York], close price: 296.000000, open price: 296.000000, low price: 296.000000, high price: 296.000000, volume: 300.000000}
{end time: 2020-01-02T05:57-05:00[America/New_York], close price: 296.050000, open price: 296.050000, low price: 296.050000, high price: 296.050000, volume: 290.000000}
{end time: 2020-01-02T05:58-05:00[America/New_York], close price: 296.000000, open price: 296.000000, low price: 296.000000, high price: 296.000000, volume: 2073.000000}
{end time: 2020-01-02T06:00-05:00[America/New_York], close price: 295.750000, open price: 295.750000, low price: 295.750000, high price: 295.770000, volume: 1050.000000}
{end time: 2020-01-02T06:01-05:00[America/New_York], close price: 295.760000, open price: 295.760000, low price: 295.760000, high price: 295.760000, volume: 100.000000}
{end time: 2020-01-02T06:04-05:00[America/New_York], close price: 295.560000, open price: 295.700000, low price: 295.550000, high price: 295.700000, volume: 1075.000000}
{end time: 2020-01-02T06:05-05:00[America/New_York], close price: 295.560000, open price: 295.560000, low price: 295.560000, high price: 295.560000, volume: 250.000000}
{end time: 2020-01-02T06:12-05:00[America/New_York], close price: 295.840000, open price: 295.800000, low price: 295.790000, high price: 295.840000, volume: 1206.000000}
{end time: 2020-01-02T06:13-05:00[America/New_York], close price: 295.720000, open price: 295.720000, low price: 295.720000, high price: 295.720000, volume: 156.000000}
{end time: 2020-01-02T06:15-05:00[America/New_York], close price: 295.850000, open price: 295.600000, low price: 295.600000, high price: 295.850000, volume: 1480.000000}
{end time: 2020-01-02T06:18-05:00[America/New_York], close price: 295.550000, open price: 295.630000, low price: 295.550000, high price: 295.630000, volume: 579.000000}
{end time: 2020-01-02T06:19-05:00[America/New_York], close price: 295.600000, open price: 295.600000, low price: 295.600000, high price: 295.600000, volume: 275.000000}
{end time: 2020-01-02T06:21-05:00[America/New_York], close price: 295.550000, open price: 295.570000, low price: 295.550000, high price: 295.570000, volume: 480.000000}
{end time: 2020-01-02T06:22-05:00[America/New_York], close price: 295.520000, open price: 295.520000, low price: 295.520000, high price: 295.520000, volume: 255.000000}
{end time: 2020-01-02T06:23-05:00[America/New_York], close price: 295.500000, open price: 295.520000, low price: 295.500000, high price: 295.520000, volume: 637.000000}
{end time: 2020-01-02T06:33-05:00[America/New_York], close price: 295.500000, open price: 295.510000, low price: 295.500000, high price: 295.510000, volume: 326.000000}
{end time: 2020-01-02T06:34-05:00[America/New_York], close price: 295.510000, open price: 295.500000, low price: 295.500000, high price: 295.510000, volume: 1412.000000}
{end time: 2020-01-02T06:35-05:00[America/New_York], close price: 295.460000, open price: 295.460000, low price: 295.460000, high price: 295.460000, volume: 500.000000}
{end time: 2020-01-02T06:40-05:00[America/New_York], close price: 295.510000, open price: 295.510000, low price: 295.510000, high price: 295.510000, volume: 150.000000}
{end time: 2020-01-02T06:43-05:00[America/New_York], close price: 295.520000, open price: 295.520000, low price: 295.520000, high price: 295.520000, volume: 100.000000}
{end time: 2020-01-02T06:45-05:00[America/New_York], close price: 295.500000, open price: 295.500000, low price: 295.500000, high price: 295.500000, volume: 300.000000}
{end time: 2020-01-02T06:46-05:00[America/New_York], close price: 295.590000, open price: 295.590000, low price: 295.590000, high price: 295.590000, volume: 139.000000}
{end time: 2020-01-02T06:48-05:00[America/New_York], close price: 295.500000, open price: 295.500000, low price: 295.500000, high price: 295.500000, volume: 170.000000}
{end time: 2020-01-02T06:50-05:00[America/New_York], close price: 295.470000, open price: 295.300000, low price: 295.300000, high price: 295.470000, volume: 250.000000}
{end time: 2020-01-02T06:54-05:00[America/New_York], close price: 295.450000, open price: 295.460000, low price: 295.450000, high price: 295.460000, volume: 1724.000000}
{end time: 2020-01-02T06:55-05:00[America/New_York], close price: 295.450000, open price: 295.450000, low price: 295.450000, high price: 295.450000, volume: 2047.000000}
{end time: 2020-01-02T06:56-05:00[America/New_York], close price: 295.510000, open price: 295.510000, low price: 295.510000, high price: 295.510000, volume: 229.000000}
{end time: 2020-01-02T07:00-05:00[America/New_York], close price: 295.690000, open price: 295.500000, low price: 295.130000, high price: 295.740000, volume: 19460.000000}
{end time: 2020-01-02T07:01-05:00[America/New_York], close price: 295.630000, open price: 295.660000, low price: 295.630000, high price: 295.670000, volume: 1905.000000}
{end time: 2020-01-02T07:02-05:00[America/New_York], close price: 295.700000, open price: 295.650000, low price: 295.650000, high price: 295.700000, volume: 3462.000000}
{end time: 2020-01-02T07:03-05:00[America/New_York], close price: 295.750000, open price: 295.700000, low price: 295.700000, high price: 295.780000, volume: 4224.000000}
{end time: 2020-01-02T07:04-05:00[America/New_York], close price: 295.760000, open price: 295.900000, low price: 295.760000, high price: 295.900000, volume: 2079.000000}
{end time: 2020-01-02T07:05-05:00[America/New_York], close price: 295.830000, open price: 295.750000, low price: 295.700000, high price: 295.830000, volume: 976.000000}
{end time: 2020-01-02T07:06-05:00[America/New_York], close price: 295.760000, open price: 295.790000, low price: 295.760000, high price: 295.800000, volume: 546.000000}
{end time: 2020-01-02T07:07-05:00[America/New_York], close price: 295.780000, open price: 295.780000, low price: 295.780000, high price: 295.780000, volume: 731.000000}
{end time: 2020-01-02T07:08-05:00[America/New_York], close price: 295.840000, open price: 295.840000, low price: 295.840000, high price: 295.840000, volume: 267.000000}
{end time: 2020-01-02T07:09-05:00[America/New_York], close price: 295.700000, open price: 295.800000, low price: 295.700000, high price: 295.800000, volume: 2675.000000}
{end time: 2020-01-02T07:10-05:00[America/New_York], close price: 295.750000, open price: 295.750000, low price: 295.740000, high price: 295.750000, volume: 870.000000}
{end time: 2020-01-02T07:11-05:00[America/New_York], close price: 295.800000, open price: 295.830000, low price: 295.800000, high price: 295.840000, volume: 361.000000}
{end time: 2020-01-02T07:12-05:00[America/New_York], close price: 295.850000, open price: 295.850000, low price: 295.850000, high price: 295.850000, volume: 1960.000000}
{end time: 2020-01-02T07:13-05:00[America/New_York], close price: 295.790000, open price: 295.830000, low price: 295.790000, high price: 295.900000, volume: 6915.000000}
{end time: 2020-01-02T07:14-05:00[America/New_York], close price: 295.700000, open price: 295.760000, low price: 295.700000, high price: 295.800000, volume: 4729.000000}
{end time: 2020-01-02T07:15-05:00[America/New_York], close price: 295.700000, open price: 295.700000, low price: 295.690000, high price: 295.700000, volume: 1373.000000}
{end time: 2020-01-02T07:16-05:00[America/New_York], close price: 295.740000, open price: 295.790000, low price: 295.740000, high price: 295.790000, volume: 502.000000}
{end time: 2020-01-02T07:17-05:00[America/New_York], close price: 295.690000, open price: 295.700000, low price: 295.690000, high price: 295.700000, volume: 1315.000000}
{end time: 2020-01-02T07:18-05:00[America/New_York], close price: 295.690000, open price: 295.690000, low price: 295.680000, high price: 295.690000, volume: 1835.000000}
{end time: 2020-01-02T07:19-05:00[America/New_York], close price: 295.650000, open price: 295.690000, low price: 295.600000, high price: 295.690000, volume: 3138.000000}
{end time: 2020-01-02T07:20-05:00[America/New_York], close price: 295.700000, open price: 295.650000, low price: 295.560000, high price: 295.700000, volume: 4062.000000}
{end time: 2020-01-02T07:21-05:00[America/New_York], close price: 295.800000, open price: 295.750000, low price: 295.750000, high price: 295.800000, volume: 2129.000000}
{end time: 2020-01-02T07:22-05:00[America/New_York], close price: 295.720000, open price: 295.800000, low price: 295.720000, high price: 295.800000, volume: 682.000000}
{end time: 2020-01-02T07:23-05:00[America/New_York], close price: 295.860000, open price: 295.800000, low price: 295.790000, high price: 295.860000, volume: 2575.000000}
{end time: 2020-01-02T07:24-05:00[America/New_York], close price: 295.940000, open price: 295.930000, low price: 295.900000, high price: 295.950000, volume: 9680.000000}
{end time: 2020-01-02T07:25-05:00[America/New_York], close price: 296.010000, open price: 295.980000, low price: 295.930000, high price: 296.080000, volume: 2897.000000}
{end time: 2020-01-02T07:26-05:00[America/New_York], close price: 296.070000, open price: 296.050000, low price: 296.010000, high price: 296.080000, volume: 2522.000000}
{end time: 2020-01-02T07:27-05:00[America/New_York], close price: 296.000000, open price: 296.040000, low price: 295.910000, high price: 296.040000, volume: 3831.000000}
{end time: 2020-01-02T07:28-05:00[America/New_York], close price: 295.950000, open price: 295.970000, low price: 295.950000, high price: 295.970000, volume: 715.000000}
{end time: 2020-01-02T07:29-05:00[America/New_York], close price: 295.950000, open price: 295.920000, low price: 295.840000, high price: 295.950000, volume: 2182.000000}
{end time: 2020-01-02T07:30-05:00[America/New_York], close price: 295.900000, open price: 295.900000, low price: 295.900000, high price: 295.900000, volume: 519.000000}
{end time: 2020-01-02T07:31-05:00[America/New_York], close price: 296.050000, open price: 295.930000, low price: 295.910000, high price: 296.050000, volume: 3098.000000}
{end time: 2020-01-02T07:32-05:00[America/New_York], close price: 296.000000, open price: 296.000000, low price: 296.000000, high price: 296.050000, volume: 1978.000000}
{end time: 2020-01-02T07:33-05:00[America/New_York], close price: 295.810000, open price: 296.000000, low price: 295.810000, high price: 296.050000, volume: 7333.000000}
{end time: 2020-01-02T07:34-05:00[America/New_York], close price: 296.050000, open price: 295.990000, low price: 295.990000, high price: 296.100000, volume: 1503.000000}
{end time: 2020-01-02T07:35-05:00[America/New_York], close price: 296.050000, open price: 296.030000, low price: 296.030000, high price: 296.100000, volume: 467.000000}
{end time: 2020-01-02T07:36-05:00[America/New_York], close price: 295.950000, open price: 296.010000, low price: 295.950000, high price: 296.100000, volume: 2398.000000}
{end time: 2020-01-02T07:38-05:00[America/New_York], close price: 296.000000, open price: 296.000000, low price: 296.000000, high price: 296.000000, volume: 535.000000}
{end time: 2020-01-02T07:39-05:00[America/New_York], close price: 296.050000, open price: 296.040000, low price: 296.040000, high price: 296.050000, volume: 1242.000000}
{end time: 2020-01-02T07:40-05:00[America/New_York], close price: 295.990000, open price: 296.050000, low price: 295.990000, high price: 296.100000, volume: 5482.000000}
{end time: 2020-01-02T07:42-05:00[America/New_York], close price: 296.080000, open price: 296.080000, low price: 296.080000, high price: 296.080000, volume: 610.000000}
{end time: 2020-01-02T07:43-05:00[America/New_York], close price: 295.980000, open price: 295.980000, low price: 295.980000, high price: 295.980000, volume: 431.000000}
{end time: 2020-01-02T07:44-05:00[America/New_York], close price: 295.920000, open price: 295.940000, low price: 295.920000, high price: 295.940000, volume: 552.000000}
{end time: 2020-01-02T07:45-05:00[America/New_York], close price: 296.000000, open price: 295.990000, low price: 295.990000, high price: 296.000000, volume: 996.000000}
{end time: 2020-01-02T07:46-05:00[America/New_York], close price: 296.050000, open price: 296.050000, low price: 296.050000, high price: 296.070000, volume: 1147.000000}
{end time: 2020-01-02T07:47-05:00[America/New_York], close price: 296.050000, open price: 296.050000, low price: 296.050000, high price: 296.050000, volume: 100.000000}
{end time: 2020-01-02T07:48-05:00[America/New_York], close price: 296.050000, open price: 296.040000, low price: 296.040000, high price: 296.050000, volume: 3214.000000}
{end time: 2020-01-02T07:49-05:00[America/New_York], close price: 296.050000, open price: 296.050000, low price: 296.050000, high price: 296.050000, volume: 232.000000}
{end time: 2020-01-02T07:50-05:00[America/New_York], close price: 296.050000, open price: 296.050000, low price: 296.050000, high price: 296.050000, volume: 1919.000000}
{end time: 2020-01-02T07:51-05:00[America/New_York], close price: 296.070000, open price: 296.070000, low price: 296.070000, high price: 296.100000, volume: 2504.000000}
{end time: 2020-01-02T07:52-05:00[America/New_York], close price: 296.110000, open price: 296.110000, low price: 296.110000, high price: 296.110000, volume: 345.000000}
{end time: 2020-01-02T07:53-05:00[America/New_York], close price: 296.140000, open price: 296.090000, low price: 296.090000, high price: 296.180000, volume: 2721.000000}
{end time: 2020-01-02T07:54-05:00[America/New_York], close price: 296.110000, open price: 296.120000, low price: 296.110000, high price: 296.120000, volume: 749.000000}
{end time: 2020-01-02T07:55-05:00[America/New_York], close price: 296.140000, open price: 296.110000, low price: 296.110000, high price: 296.140000, volume: 781.000000}
{end time: 2020-01-02T07:56-05:00[America/New_York], close price: 296.080000, open price: 296.080000, low price: 296.080000, high price: 296.080000, volume: 665.000000}
{end time: 2020-01-02T07:57-05:00[America/New_York], close price: 296.080000, open price: 296.080000, low price: 296.080000, high price: 296.080000, volume: 241.000000}
{end time: 2020-01-02T07:58-05:00[America/New_York], close price: 296.150000, open price: 296.080000, low price: 296.080000, high price: 296.150000, volume: 1198.000000}
{end time: 2020-01-02T07:59-05:00[America/New_York], close price: 296.100000, open price: 296.140000, low price: 296.100000, high price: 296.150000, volume: 743.000000}
{end time: 2020-01-02T08:00-05:00[America/New_York], close price: 296.097700, open price: 295.889800, low price: 295.435000, high price: 296.190000, volume: 28515.000000}
{end time: 2020-01-02T08:01-05:00[America/New_York], close price: 296.150000, open price: 296.144500, low price: 296.090000, high price: 296.150000, volume: 2831.000000}
{end time: 2020-01-02T08:02-05:00[America/New_York], close price: 296.030000, open price: 296.160000, low price: 296.030000, high price: 296.180000, volume: 7792.000000}
{end time: 2020-01-02T08:03-05:00[America/New_York], close price: 295.930000, open price: 296.149900, low price: 295.930000, high price: 296.150000, volume: 10633.000000}
{end time: 2020-01-02T08:04-05:00[America/New_York], close price: 296.030000, open price: 295.970000, low price: 295.900000, high price: 296.030000, volume: 1601.000000}
{end time: 2020-01-02T08:05-05:00[America/New_York], close price: 295.950000, open price: 296.010000, low price: 295.930000, high price: 296.010000, volume: 1643.000000}
{end time: 2020-01-02T08:06-05:00[America/New_York], close price: 295.980000, open price: 296.000000, low price: 295.980000, high price: 296.000000, volume: 2215.000000}
{end time: 2020-01-02T08:07-05:00[America/New_York], close price: 296.000000, open price: 296.010000, low price: 295.980000, high price: 296.010000, volume: 669.000000}
{end time: 2020-01-02T08:08-05:00[America/New_York], close price: 296.100000, open price: 296.000000, low price: 296.000000, high price: 296.150000, volume: 3610.000000}
{end time: 2020-01-02T08:09-05:00[America/New_York], close price: 296.100000, open price: 296.069900, low price: 296.069900, high price: 296.100000, volume: 1404.000000}
{end time: 2020-01-02T08:10-05:00[America/New_York], close price: 296.080000, open price: 296.100000, low price: 296.080000, high price: 296.100000, volume: 425.000000}
{end time: 2020-01-02T08:11-05:00[America/New_York], close price: 296.250000, open price: 296.070000, low price: 296.050000, high price: 296.250000, volume: 12522.000000}
{end time: 2020-01-02T08:12-05:00[America/New_York], close price: 296.120000, open price: 296.250000, low price: 296.120000, high price: 296.250000, volume: 1576.000000}
{end time: 2020-01-02T08:13-05:00[America/New_York], close price: 296.150000, open price: 296.050000, low price: 296.050000, high price: 296.150000, volume: 7729.000000}
{end time: 2020-01-02T08:14-05:00[America/New_York], close price: 296.150000, open price: 296.120000, low price: 296.030000, high price: 296.150000, volume: 2443.000000}
{end time: 2020-01-02T08:15-05:00[America/New_York], close price: 296.100000, open price: 296.150000, low price: 296.030000, high price: 296.200000, volume: 16302.000000}
{end time: 2020-01-02T08:16-05:00[America/New_York], close price: 296.100000, open price: 296.100000, low price: 296.100000, high price: 296.170000, volume: 1600.000000}
{end time: 2020-01-02T08:17-05:00[America/New_York], close price: 296.130000, open price: 296.100000, low price: 296.060000, high price: 296.130000, volume: 2681.000000}
{end time: 2020-01-02T08:19-05:00[America/New_York], close price: 296.130000, open price: 296.120000, low price: 296.120000, high price: 296.130000, volume: 900.000000}
{end time: 2020-01-02T08:20-05:00[America/New_York], close price: 296.080000, open price: 296.130000, low price: 296.050000, high price: 296.130000, volume: 888.000000}
{end time: 2020-01-02T08:21-05:00[America/New_York], close price: 296.110000, open price: 296.110000, low price: 296.110000, high price: 296.110000, volume: 301.000000}
{end time: 2020-01-02T08:22-05:00[America/New_York], close price: 296.170000, open price: 296.160000, low price: 296.160000, high price: 296.170000, volume: 1149.000000}
{end time: 2020-01-02T08:23-05:00[America/New_York], close price: 296.190000, open price: 296.190000, low price: 296.170000, high price: 296.200000, volume: 2748.000000}
{end time: 2020-01-02T08:24-05:00[America/New_York], close price: 296.200000, open price: 296.112500, low price: 296.112500, high price: 296.200000, volume: 1319.000000}
{end time: 2020-01-02T08:25-05:00[America/New_York], close price: 296.250000, open price: 296.230000, low price: 296.220000, high price: 296.250000, volume: 1817.000000}
{end time: 2020-01-02T08:26-05:00[America/New_York], close price: 296.260000, open price: 296.300000, low price: 296.240000, high price: 296.370000, volume: 3753.000000}
{end time: 2020-01-02T08:27-05:00[America/New_York], close price: 296.300000, open price: 296.280000, low price: 296.280000, high price: 296.310000, volume: 2755.000000}
{end time: 2020-01-02T08:28-05:00[America/New_York], close price: 296.310000, open price: 296.370000, low price: 296.310000, high price: 296.370000, volume: 1162.000000}
{end time: 2020-01-02T08:29-05:00[America/New_York], close price: 296.210000, open price: 296.300000, low price: 296.190000, high price: 296.300000, volume: 2622.000000}
{end time: 2020-01-02T08:30-05:00[America/New_York], close price: 296.250000, open price: 296.193600, low price: 296.193600, high price: 296.290000, volume: 969.000000}
{end time: 2020-01-02T08:31-05:00[America/New_York], close price: 296.263800, open price: 296.250000, low price: 296.190000, high price: 296.263800, volume: 2422.000000}
{end time: 2020-01-02T08:32-05:00[America/New_York], close price: 296.340000, open price: 296.250000, low price: 296.250000, high price: 296.340000, volume: 626.000000}
{end time: 2020-01-02T08:33-05:00[America/New_York], close price: 296.330000, open price: 296.250000, low price: 296.250000, high price: 296.330000, volume: 1054.000000}
{end time: 2020-01-02T08:34-05:00[America/New_York], close price: 296.350000, open price: 296.300000, low price: 296.250000, high price: 296.350000, volume: 3655.000000}
{end time: 2020-01-02T08:35-05:00[America/New_York], close price: 296.240000, open price: 296.349900, low price: 296.240000, high price: 296.349900, volume: 1460.000000}
{end time: 2020-01-02T08:36-05:00[America/New_York], close price: 296.250000, open price: 296.230100, low price: 296.230000, high price: 296.250000, volume: 1048.000000}
{end time: 2020-01-02T08:37-05:00[America/New_York], close price: 296.150000, open price: 296.250000, low price: 296.150000, high price: 296.300000, volume: 2391.000000}
{end time: 2020-01-02T08:38-05:00[America/New_York], close price: 296.120000, open price: 296.230000, low price: 296.120000, high price: 296.230000, volume: 1132.000000}
{end time: 2020-01-02T08:39-05:00[America/New_York], close price: 296.150000, open price: 296.110000, low price: 296.110000, high price: 296.200000, volume: 2443.000000}
{end time: 2020-01-02T08:40-05:00[America/New_York], close price: 296.200000, open price: 296.220000, low price: 296.200000, high price: 296.250000, volume: 1067.000000}
{end time: 2020-01-02T08:41-05:00[America/New_York], close price: 296.250000, open price: 296.250000, low price: 296.250000, high price: 296.250000, volume: 1195.000000}
{end time: 2020-01-02T08:42-05:00[America/New_York], close price: 296.440000, open price: 296.290000, low price: 296.290000, high price: 296.440000, volume: 4962.000000}
{end time: 2020-01-02T08:43-05:00[America/New_York], close price: 296.350000, open price: 296.390000, low price: 296.350000, high price: 296.400000, volume: 854.000000}
{end time: 2020-01-02T08:44-05:00[America/New_York], close price: 296.400000, open price: 296.350000, low price: 296.350000, high price: 296.450000, volume: 3133.000000}
{end time: 2020-01-02T08:45-05:00[America/New_York], close price: 296.390000, open price: 296.350000, low price: 296.350000, high price: 296.390000, volume: 1417.000000}
{end time: 2020-01-02T08:46-05:00[America/New_York], close price: 296.350000, open price: 296.390000, low price: 296.350000, high price: 296.390000, volume: 3045.000000}
{end time: 2020-01-02T08:47-05:00[America/New_York], close price: 296.400000, open price: 296.350000, low price: 296.350000, high price: 296.400000, volume: 2044.000000}
{end time: 2020-01-02T08:48-05:00[America/New_York], close price: 296.450000, open price: 296.380000, low price: 296.370000, high price: 296.450000, volume: 3525.000000}
{end time: 2020-01-02T08:49-05:00[America/New_York], close price: 296.450000, open price: 296.450000, low price: 296.400000, high price: 296.500000, volume: 5352.000000}
{end time: 2020-01-02T08:50-05:00[America/New_York], close price: 296.570000, open price: 296.430000, low price: 296.430000, high price: 296.570000, volume: 7158.000000}
{end time: 2020-01-02T08:51-05:00[America/New_York], close price: 296.630000, open price: 296.570000, low price: 296.530000, high price: 296.630000, volume: 5774.000000}
{end time: 2020-01-02T08:52-05:00[America/New_York], close price: 296.610200, open price: 296.630000, low price: 296.610000, high price: 296.640000, volume: 2421.000000}
{end time: 2020-01-02T08:53-05:00[America/New_York], close price: 296.650000, open price: 296.640000, low price: 296.610000, high price: 296.650000, volume: 5131.000000}
{end time: 2020-01-02T08:54-05:00[America/New_York], close price: 296.670000, open price: 296.640000, low price: 296.640000, high price: 296.670000, volume: 1609.000000}
{end time: 2020-01-02T08:55-05:00[America/New_York], close price: 296.640000, open price: 296.640000, low price: 296.640000, high price: 296.640000, volume: 1456.000000}
{end time: 2020-01-02T08:56-05:00[America/New_York], close price: 296.680000, open price: 296.599800, low price: 296.599800, high price: 296.680000, volume: 3617.000000}
{end time: 2020-01-02T08:57-05:00[America/New_York], close price: 296.750000, open price: 296.600000, low price: 296.600000, high price: 296.750000, volume: 5340.000000}
{end time: 2020-01-02T08:58-05:00[America/New_York], close price: 296.700000, open price: 296.630000, low price: 296.620000, high price: 296.710000, volume: 9606.000000}
{end time: 2020-01-02T08:59-05:00[America/New_York], close price: 296.680300, open price: 296.650000, low price: 296.500000, high price: 296.680300, volume: 4355.000000}
{end time: 2020-01-02T09:00-05:00[America/New_York], close price: 296.650000, open price: 296.690000, low price: 296.520000, high price: 296.690000, volume: 2413.000000}
{end time: 2020-01-02T09:01-05:00[America/New_York], close price: 296.530100, open price: 296.530000, low price: 296.430000, high price: 296.639800, volume: 8034.000000}
{end time: 2020-01-02T09:02-05:00[America/New_York], close price: 296.350000, open price: 296.540000, low price: 296.300000, high price: 296.600000, volume: 14243.000000}
{end time: 2020-01-02T09:03-05:00[America/New_York], close price: 296.400000, open price: 296.300000, low price: 296.300000, high price: 296.400000, volume: 6024.000000}
{end time: 2020-01-02T09:04-05:00[America/New_York], close price: 296.500000, open price: 296.400000, low price: 296.380000, high price: 296.520000, volume: 6621.000000}
{end time: 2020-01-02T09:05-05:00[America/New_York], close price: 296.500000, open price: 296.400000, low price: 296.400000, high price: 296.500000, volume: 1879.000000}
{end time: 2020-01-02T09:06-05:00[America/New_York], close price: 296.300000, open price: 296.500000, low price: 296.300000, high price: 296.500000, volume: 6040.000000}
{end time: 2020-01-02T09:07-05:00[America/New_York], close price: 296.400000, open price: 296.310100, low price: 296.290000, high price: 296.400000, volume: 15066.000000}
{end time: 2020-01-02T09:08-05:00[America/New_York], close price: 296.400000, open price: 296.350000, low price: 296.300000, high price: 296.400000, volume: 6543.000000}
{end time: 2020-01-02T09:09-05:00[America/New_York], close price: 296.100000, open price: 296.300000, low price: 296.100000, high price: 296.390000, volume: 16103.000000}
{end time: 2020-01-02T09:10-05:00[America/New_York], close price: 296.260000, open price: 296.250000, low price: 296.170000, high price: 296.280000, volume: 3014.000000}
{end time: 2020-01-02T09:11-05:00[America/New_York], close price: 296.320000, open price: 296.300000, low price: 296.250200, high price: 296.380000, volume: 2186.000000}
{end time: 2020-01-02T09:12-05:00[America/New_York], close price: 296.300000, open price: 296.410000, low price: 296.300000, high price: 296.410000, volume: 2290.000000}
{end time: 2020-01-02T09:13-05:00[America/New_York], close price: 296.330000, open price: 296.300000, low price: 296.280000, high price: 296.330000, volume: 1605.000000}
{end time: 2020-01-02T09:14-05:00[America/New_York], close price: 296.130000, open price: 296.280000, low price: 296.130000, high price: 296.300000, volume: 2808.000000}
{end time: 2020-01-02T09:15-05:00[America/New_York], close price: 296.300000, open price: 296.150000, low price: 296.110000, high price: 296.300000, volume: 2220.000000}
{end time: 2020-01-02T09:16-05:00[America/New_York], close price: 296.300000, open price: 296.290000, low price: 296.289800, high price: 296.300000, volume: 2290.000000}
{end time: 2020-01-02T09:17-05:00[America/New_York], close price: 296.380000, open price: 296.330000, low price: 296.300200, high price: 296.380000, volume: 1684.000000}
{end time: 2020-01-02T09:18-05:00[America/New_York], close price: 296.350000, open price: 296.380000, low price: 296.300000, high price: 296.380000, volume: 2843.000000}
{end time: 2020-01-02T09:19-05:00[America/New_York], close price: 296.380000, open price: 296.380000, low price: 296.350000, high price: 296.380000, volume: 1609.000000}
{end time: 2020-01-02T09:20-05:00[America/New_York], close price: 296.190000, open price: 296.320200, low price: 296.080000, high price: 296.320200, volume: 9501.000000}
{end time: 2020-01-02T09:21-05:00[America/New_York], close price: 296.150200, open price: 296.200000, low price: 296.100000, high price: 296.300000, volume: 5172.000000}
{end time: 2020-01-02T09:22-05:00[America/New_York], close price: 296.290000, open price: 296.230000, low price: 296.190000, high price: 296.290000, volume: 1984.000000}
{end time: 2020-01-02T09:23-05:00[America/New_York], close price: 296.200000, open price: 296.240000, low price: 296.190000, high price: 296.250000, volume: 2048.000000}
{end time: 2020-01-02T09:24-05:00[America/New_York], close price: 296.100000, open price: 296.220000, low price: 296.100000, high price: 296.220000, volume: 3799.000000}
{end time: 2020-01-02T09:25-05:00[America/New_York], close price: 296.080000, open price: 296.150000, low price: 296.000000, high price: 296.150000, volume: 9035.000000}
{end time: 2020-01-02T09:26-05:00[America/New_York], close price: 296.180000, open price: 296.080000, low price: 296.070000, high price: 296.180000, volume: 3162.000000}
{end time: 2020-01-02T09:27-05:00[America/New_York], close price: 296.010000, open price: 296.120000, low price: 296.000000, high price: 296.120000, volume: 2582.000000}
{end time: 2020-01-02T09:28-05:00[America/New_York], close price: 296.250000, open price: 296.190000, low price: 296.190000, high price: 296.290000, volume: 3015.000000}
{end time: 2020-01-02T09:29-05:00[America/New_York], close price: 296.300000, open price: 296.290000, low price: 296.210000, high price: 296.390000, volume: 4630.000000}
{end time: 2020-01-02T09:30-05:00[America/New_York], close price: 295.754800, open price: 296.240000, low price: 295.390000, high price: 296.300000, volume: 851971.000000}
{end time: 2020-01-02T09:31-05:00[America/New_York], close price: 295.530000, open price: 295.700000, low price: 295.303700, high price: 295.910000, volume: 230285.000000}
{end time: 2020-01-02T09:32-05:00[America/New_York], close price: 295.705000, open price: 295.490000, low price: 295.190000, high price: 295.810000, volume: 200695.000000}
{end time: 2020-01-02T09:33-05:00[America/New_York], close price: 296.550000, open price: 295.710000, low price: 295.700000, high price: 296.800000, volume: 331069.000000}
{end time: 2020-01-02T09:34-05:00[America/New_York], close price: 296.870000, open price: 296.530000, low price: 296.120000, high price: 296.926000, volume: 227982.000000}
{end time: 2020-01-02T09:35-05:00[America/New_York], close price: 297.278700, open price: 296.930000, low price: 296.900000, high price: 297.440000, volume: 340736.000000}
{end time: 2020-01-02T09:36-05:00[America/New_York], close price: 297.840000, open price: 297.300000, low price: 297.240000, high price: 297.840000, volume: 243100.000000}
{end time: 2020-01-02T09:37-05:00[America/New_York], close price: 297.680000, open price: 297.825000, low price: 297.610000, high price: 297.950000, volume: 253729.000000}
{end time: 2020-01-02T09:38-05:00[America/New_York], close price: 297.610000, open price: 297.663900, low price: 297.399700, high price: 297.729900, volume: 196252.000000}
{end time: 2020-01-02T09:39-05:00[America/New_York], close price: 297.270000, open price: 297.624900, low price: 297.240000, high price: 297.929900, volume: 205667.000000}
{end time: 2020-01-02T09:40-05:00[America/New_York], close price: 297.660000, open price: 297.270000, low price: 297.270000, high price: 297.710000, volume: 189127.000000}
{end time: 2020-01-02T09:41-05:00[America/New_York], close price: 297.270000, open price: 297.660100, low price: 297.230000, high price: 297.700000, volume: 145118.000000}
{end time: 2020-01-02T09:42-05:00[America/New_York], close price: 296.880000, open price: 297.260700, low price: 296.870000, high price: 297.268200, volume: 212282.000000}
{end time: 2020-01-02T09:43-05:00[America/New_York], close price: 297.370000, open price: 296.900000, low price: 296.890000, high price: 297.410000, volume: 136801.000000}
{end time: 2020-01-02T09:44-05:00[America/New_York], close price: 297.120000, open price: 297.370000, low price: 297.090000, high price: 297.430000, volume: 95913.000000}
{end time: 2020-01-02T09:45-05:00[America/New_York], close price: 297.313800, open price: 297.130000, low price: 297.125000, high price: 297.420000, volume: 139386.000000}
{end time: 2020-01-02T09:46-05:00[America/New_York], close price: 297.260000, open price: 297.315400, low price: 297.240000, high price: 297.409900, volume: 103519.000000}
{end time: 2020-01-02T09:47-05:00[America/New_York], close price: 297.229300, open price: 297.250000, low price: 297.030000, high price: 297.250000, volume: 113028.000000}
{end time: 2020-01-02T09:48-05:00[America/New_York], close price: 297.180000, open price: 297.240000, low price: 297.150000, high price: 297.400000, volume: 117543.000000}
{end time: 2020-01-02T09:49-05:00[America/New_York], close price: 296.830000, open price: 297.165000, low price: 296.800000, high price: 297.220000, volume: 149691.000000}
{end time: 2020-01-02T09:50-05:00[America/New_York], close price: 296.910000, open price: 296.800000, low price: 296.700000, high price: 297.135000, volume: 125450.000000}
{end time: 2020-01-02T09:51-05:00[America/New_York], close price: 297.107000, open price: 296.948400, low price: 296.929900, high price: 297.110000, volume: 75454.000000}
{end time: 2020-01-02T09:52-05:00[America/New_York], close price: 297.095000, open price: 297.110000, low price: 296.965000, high price: 297.185400, volume: 105108.000000}
{end time: 2020-01-02T09:53-05:00[America/New_York], close price: 296.979900, open price: 297.095000, low price: 296.900000, high price: 297.139900, volume: 82903.000000}
{end time: 2020-01-02T09:54-05:00[America/New_York], close price: 297.280000, open price: 296.973600, low price: 296.864400, high price: 297.300000, volume: 139396.000000}
{end time: 2020-01-02T09:55-05:00[America/New_York], close price: 297.450000, open price: 297.300000, low price: 297.250000, high price: 297.490000, volume: 117032.000000}
{end time: 2020-01-02T09:56-05:00[America/New_York], close price: 297.750000, open price: 297.447500, low price: 297.440000, high price: 297.780000, volume: 161967.000000}
{end time: 2020-01-02T09:57-05:00[America/New_York], close price: 297.929900, open price: 297.770000, low price: 297.660000, high price: 297.930000, volume: 125383.000000}
{end time: 2020-01-02T09:58-05:00[America/New_York], close price: 297.700000, open price: 297.930000, low price: 297.650100, high price: 297.940000, volume: 120404.000000}
{end time: 2020-01-02T09:59-05:00[America/New_York], close price: 297.970000, open price: 297.690000, low price: 297.680000, high price: 298.150000, volume: 297293.000000}
{end time: 2020-01-02T10:00-05:00[America/New_York], close price: 297.930000, open price: 297.990000, low price: 297.690000, high price: 298.005000, volume: 161433.000000}
{end time: 2020-01-02T10:01-05:00[America/New_York], close price: 297.920000, open price: 297.950000, low price: 297.910000, high price: 298.080000, volume: 136699.000000}
{end time: 2020-01-02T10:02-05:00[America/New_York], close price: 297.659200, open price: 297.919400, low price: 297.510000, high price: 297.920000, volume: 147723.000000}
{end time: 2020-01-02T10:03-05:00[America/New_York], close price: 297.785300, open price: 297.670000, low price: 297.600000, high price: 297.830000, volume: 89176.000000}
{end time: 2020-01-02T10:04-05:00[America/New_York], close price: 297.800000, open price: 297.784700, low price: 297.690000, high price: 297.940000, volume: 68397.000000}
{end time: 2020-01-02T10:05-05:00[America/New_York], close price: 298.170000, open price: 297.800000, low price: 297.800000, high price: 298.210000, volume: 165421.000000}
{end time: 2020-01-02T10:06-05:00[America/New_York], close price: 298.350000, open price: 298.130000, low price: 298.130000, high price: 298.360000, volume: 158161.000000}
{end time: 2020-01-02T10:07-05:00[America/New_York], close price: 298.189900, open price: 298.350000, low price: 298.098500, high price: 298.410000, volume: 117497.000000}
{end time: 2020-01-02T10:08-05:00[America/New_York], close price: 298.260000, open price: 298.190000, low price: 298.120000, high price: 298.280600, volume: 116725.000000}
{end time: 2020-01-02T10:09-05:00[America/New_York], close price: 298.260000, open price: 298.280000, low price: 298.120000, high price: 298.350000, volume: 102519.000000}
{end time: 2020-01-02T10:10-05:00[America/New_York], close price: 298.188600, open price: 298.269300, low price: 298.090100, high price: 298.310000, volume: 114794.000000}
{end time: 2020-01-02T10:11-05:00[America/New_York], close price: 297.750000, open price: 298.170000, low price: 297.630000, high price: 298.203600, volume: 167183.000000}
{end time: 2020-01-02T10:12-05:00[America/New_York], close price: 297.639900, open price: 297.770000, low price: 297.460000, high price: 297.784700, volume: 115892.000000}
{end time: 2020-01-02T10:13-05:00[America/New_York], close price: 297.560000, open price: 297.650000, low price: 297.490000, high price: 297.700000, volume: 110822.000000}
{end time: 2020-01-02T10:14-05:00[America/New_York], close price: 297.390000, open price: 297.560000, low price: 297.310100, high price: 297.750000, volume: 127077.000000}
{end time: 2020-01-02T10:15-05:00[America/New_York], close price: 297.090000, open price: 297.370100, low price: 296.930000, high price: 297.385700, volume: 171031.000000}
{end time: 2020-01-02T10:16-05:00[America/New_York], close price: 297.027400, open price: 297.105500, low price: 296.970000, high price: 297.350000, volume: 115111.000000}
{end time: 2020-01-02T10:17-05:00[America/New_York], close price: 297.477600, open price: 297.026200, low price: 296.950000, high price: 297.510000, volume: 93270.000000}
{end time: 2020-01-02T10:18-05:00[America/New_York], close price: 297.597100, open price: 297.466300, low price: 297.200000, high price: 297.610000, volume: 95768.000000}
{end time: 2020-01-02T10:19-05:00[America/New_York], close price: 297.220000, open price: 297.590000, low price: 297.110000, high price: 297.600500, volume: 136922.000000}
{end time: 2020-01-02T10:20-05:00[America/New_York], close price: 297.220000, open price: 297.190000, low price: 297.000000, high price: 297.242500, volume: 78125.000000}
{end time: 2020-01-02T10:21-05:00[America/New_York], close price: 297.179100, open price: 297.245900, low price: 297.070000, high price: 297.430000, volume: 77294.000000}
{end time: 2020-01-02T10:22-05:00[America/New_York], close price: 297.060000, open price: 297.160000, low price: 296.950100, high price: 297.260000, volume: 112988.000000}
{end time: 2020-01-02T10:23-05:00[America/New_York], close price: 296.870000, open price: 297.040000, low price: 296.595000, high price: 297.040000, volume: 217838.000000}
{end time: 2020-01-02T10:24-05:00[America/New_York], close price: 297.167300, open price: 296.890000, low price: 296.740000, high price: 297.167300, volume: 92860.000000}
{end time: 2020-01-02T10:25-05:00[America/New_York], close price: 297.005000, open price: 297.155600, low price: 296.840000, high price: 297.155600, volume: 81439.000000}
{end time: 2020-01-02T10:26-05:00[America/New_York], close price: 297.192200, open price: 296.990000, low price: 296.990000, high price: 297.290000, volume: 79026.000000}
{end time: 2020-01-02T10:27-05:00[America/New_York], close price: 297.250000, open price: 297.190000, low price: 297.120000, high price: 297.400000, volume: 106702.000000}
{end time: 2020-01-02T10:28-05:00[America/New_York], close price: 297.410000, open price: 297.250000, low price: 297.220000, high price: 297.440000, volume: 64350.000000}
{end time: 2020-01-02T10:29-05:00[America/New_York], close price: 297.540000, open price: 297.429900, low price: 297.410000, high price: 297.590000, volume: 124671.000000}
{end time: 2020-01-02T10:30-05:00[America/New_York], close price: 297.494900, open price: 297.540000, low price: 297.400000, high price: 297.600000, volume: 78462.000000}
{end time: 2020-01-02T10:31-05:00[America/New_York], close price: 297.319900, open price: 297.499900, low price: 297.270000, high price: 297.499900, volume: 97436.000000}
{end time: 2020-01-02T10:32-05:00[America/New_York], close price: 297.340000, open price: 297.300000, low price: 297.240000, high price: 297.435000, volume: 55454.000000}
{end time: 2020-01-02T10:33-05:00[America/New_York], close price: 297.555600, open price: 297.310000, low price: 297.210000, high price: 297.600000, volume: 77236.000000}
{end time: 2020-01-02T10:34-05:00[America/New_York], close price: 297.460000, open price: 297.550000, low price: 297.330000, high price: 297.570100, volume: 56833.000000}
{end time: 2020-01-02T10:35-05:00[America/New_York], close price: 297.360000, open price: 297.458400, low price: 297.340000, high price: 297.485500, volume: 74824.000000}
{end time: 2020-01-02T10:36-05:00[America/New_York], close price: 297.510000, open price: 297.370000, low price: 297.360100, high price: 297.570000, volume: 58149.000000}
{end time: 2020-01-02T10:37-05:00[America/New_York], close price: 297.460000, open price: 297.528600, low price: 297.380000, high price: 297.580000, volume: 68448.000000}
{end time: 2020-01-02T10:38-05:00[America/New_York], close price: 297.245000, open price: 297.459900, low price: 297.110000, high price: 297.489900, volume: 92471.000000}
{end time: 2020-01-02T10:39-05:00[America/New_York], close price: 297.300000, open price: 297.240200, low price: 297.110000, high price: 297.350000, volume: 58511.000000}
{end time: 2020-01-02T10:40-05:00[America/New_York], close price: 297.253700, open price: 297.280000, low price: 297.150000, high price: 297.280000, volume: 43819.000000}
{end time: 2020-01-02T10:41-05:00[America/New_York], close price: 297.380100, open price: 297.260000, low price: 297.150000, high price: 297.390000, volume: 56440.000000}
{end time: 2020-01-02T10:42-05:00[America/New_York], close price: 297.700000, open price: 297.390000, low price: 297.380000, high price: 297.730000, volume: 103480.000000}
{end time: 2020-01-02T10:43-05:00[America/New_York], close price: 297.610000, open price: 297.710000, low price: 297.540000, high price: 297.750000, volume: 85090.000000}
{end time: 2020-01-02T10:44-05:00[America/New_York], close price: 297.560000, open price: 297.610000, low price: 297.530100, high price: 297.660000, volume: 67249.000000}
{end time: 2020-01-02T10:45-05:00[America/New_York], close price: 297.670000, open price: 297.550000, low price: 297.540100, high price: 297.750000, volume: 87754.000000}
{end time: 2020-01-02T10:46-05:00[America/New_York], close price: 297.714400, open price: 297.705200, low price: 297.600000, high price: 297.750000, volume: 66599.000000}
{end time: 2020-01-02T10:47-05:00[America/New_York], close price: 297.700000, open price: 297.715000, low price: 297.640100, high price: 297.790000, volume: 76952.000000}
{end time: 2020-01-02T10:48-05:00[America/New_York], close price: 297.530000, open price: 297.709800, low price: 297.370000, high price: 297.750000, volume: 90885.000000}
{end time: 2020-01-02T10:49-05:00[America/New_York], close price: 297.889700, open price: 297.540000, low price: 297.540000, high price: 297.900000, volume: 109481.000000}
{end time: 2020-01-02T10:50-05:00[America/New_York], close price: 297.940000, open price: 297.880000, low price: 297.859400, high price: 298.050000, volume: 128687.000000}
{end time: 2020-01-02T10:51-05:00[America/New_York], close price: 297.782600, open price: 297.955000, low price: 297.770100, high price: 297.955000, volume: 68870.000000}
{end time: 2020-01-02T10:52-05:00[America/New_York], close price: 297.898500, open price: 297.780000, low price: 297.770000, high price: 298.000000, volume: 85174.000000}
{end time: 2020-01-02T10:53-05:00[America/New_York], close price: 297.930000, open price: 297.880000, low price: 297.820000, high price: 298.000000, volume: 82011.000000}
{end time: 2020-01-02T10:54-05:00[America/New_York], close price: 297.869500, open price: 297.922000, low price: 297.760000, high price: 297.950000, volume: 74852.000000}
{end time: 2020-01-02T10:55-05:00[America/New_York], close price: 298.020000, open price: 297.865000, low price: 297.851000, high price: 298.020000, volume: 90573.000000}
{end time: 2020-01-02T10:56-05:00[America/New_York], close price: 298.024000, open price: 298.020000, low price: 297.980000, high price: 298.100000, volume: 100601.000000}
{end time: 2020-01-02T10:57-05:00[America/New_York], close price: 298.150000, open price: 298.028800, low price: 298.028800, high price: 298.300000, volume: 135422.000000}
{end time: 2020-01-02T10:58-05:00[America/New_York], close price: 298.278800, open price: 298.159900, low price: 298.141600, high price: 298.290000, volume: 56830.000000}
{end time: 2020-01-02T10:59-05:00[America/New_York], close price: 298.110000, open price: 298.285500, low price: 298.078900, high price: 298.360000, volume: 83040.000000}
{end time: 2020-01-02T11:00-05:00[America/New_York], close price: 298.155000, open price: 298.130000, low price: 297.961700, high price: 298.170000, volume: 93365.000000}
{end time: 2020-01-02T11:01-05:00[America/New_York], close price: 297.935100, open price: 298.160000, low price: 297.780000, high price: 298.180000, volume: 95970.000000}
{end time: 2020-01-02T11:02-05:00[America/New_York], close price: 297.905000, open price: 297.930000, low price: 297.810000, high price: 297.930000, volume: 52592.000000}
{end time: 2020-01-02T11:03-05:00[America/New_York], close price: 297.860000, open price: 297.909900, low price: 297.860000, high price: 297.990000, volume: 60048.000000}
{end time: 2020-01-02T11:04-05:00[America/New_York], close price: 297.960000, open price: 297.856400, low price: 297.856400, high price: 297.960000, volume: 87037.000000}
{end time: 2020-01-02T11:05-05:00[America/New_York], close price: 297.899100, open price: 297.960500, low price: 297.810000, high price: 297.970000, volume: 61423.000000}
{end time: 2020-01-02T11:06-05:00[America/New_York], close price: 298.130000, open price: 297.910000, low price: 297.860000, high price: 298.160000, volume: 117523.000000}
{end time: 2020-01-02T11:07-05:00[America/New_York], close price: 298.130000, open price: 298.120000, low price: 298.050000, high price: 298.180000, volume: 84602.000000}
{end time: 2020-01-02T11:08-05:00[America/New_York], close price: 298.220000, open price: 298.140000, low price: 298.080000, high price: 298.240000, volume: 77630.000000}
{end time: 2020-01-02T11:09-05:00[America/New_York], close price: 298.280000, open price: 298.217600, low price: 298.211600, high price: 298.300000, volume: 60312.000000}
{end time: 2020-01-02T11:10-05:00[America/New_York], close price: 298.272000, open price: 298.285300, low price: 298.160000, high price: 298.290000, volume: 52982.000000}
{end time: 2020-01-02T11:11-05:00[America/New_York], close price: 298.365200, open price: 298.280000, low price: 298.270000, high price: 298.410000, volume: 104329.000000}
{end time: 2020-01-02T11:12-05:00[America/New_York], close price: 298.557000, open price: 298.373100, low price: 298.370000, high price: 298.583400, volume: 138996.000000}
{end time: 2020-01-02T11:13-05:00[America/New_York], close price: 298.470000, open price: 298.560000, low price: 298.400000, high price: 298.600000, volume: 79008.000000}
{end time: 2020-01-02T11:14-05:00[America/New_York], close price: 298.729800, open price: 298.475400, low price: 298.470000, high price: 298.739800, volume: 112428.000000}
]]></system-out>
  <system-err><![CDATA[SLF4J: Failed to load class "org.slf4j.impl.StaticLoggerBinder".
SLF4J: Defaulting to no-operation (NOP) logger implementation
SLF4J: See http://www.slf4j.org/codes.html#StaticLoggerBinder for further details.
]]></system-err>
</testsuite>
